%-----%hostname% HonokanoMacBook-Pro.local
%-----%TIME_START% 2025/05/19 13:59:52
%-----%palyer_name% default default default default default
%-----%WINDOW_TYPE% ALICE
%-----%GRAPH_WINDOW% YES
%-----%RAND_TYPE% 1
%-----%RULE_KAKUMEI% YES
%-----%RULE_SHIBARI% YES
%-----%RULE_KINSOKU% NO
%-----%RULE_KAIDAN% YES
%-----%RULE_CHANGE% YES
%-----%RULE_5TOBI% NO
%-----%RULE_6REVERS% NO
%-----%RULE_8GIRI% YES
%-----%RULE_11BACK% NO
%-----%RULE_SEKIGAE% YES
%-----%RULE_SEKIGAE_NUM% 3
%-----%GAME_NUMBER% 100
%-----%FLASH_MIBUN_NUMBER% 100
%-----%GAME_PORT% 53166
%-----%RANDOM_SEED% 1747630781
%00000%mibun% 22222
%00000%seat% 03214
%00000%palyer_cards% S2H5H8HJHAD7DTC3C8C9CK S3S7S8SJSQH6HTD5CQC2 S5STH7HKD3D9C7CTCJCA S4S6S9H3H9HQD8DJDQDAC4 SKSAH4H2D4D6DKD2C5C6J3 
%00000%change_cards% NULL
%00000%play%  2H7C7EE 1SQCQEE 4SKDKEE 0EE 3EE 2EE 1EE 4H2D2EE 4EE 4D4M5D6EE 0EE 3EE 2EE 1EE 4EE 4H4EE 0H5EE 3EE 2HKEE 1EE 4EE 0HAEE 2EE 0EE 0H8C8EE 0C3EE 3S6EE 2D9EE 1HTEE 4SAEE 0S2EE 3EE 2EE 1EE 4EE 0EE 0D7EE 3D8EE 3S4C4EE 2STCTEE 1EE 4EE 0EE 3EE 2EE 2D3EE 1D5EE 4EE 0DTEE 3DJEE 2EE 1EE 0EE 3DAEE 3EE 3S9H9EE 2EE 1EE 4EE 0EE 3HQDQEE 3EE 3H3EE 2S5EE 1H6EE 4EE 0C9EE 2CJEE 1C2EE 0EE 2EE 1EE 1S3EE 4C5EE 0HJEE 2CAEE 1EE 4EE 0EE 1S7EE 4EE 0CKEE 1EE 1S8EE 1SJEE
%00000%result% 32014
%00000%points% 3 2 4 5 1
%00001%mibun% 23104
%00001%seat% 03214
%00001%palyer_cards% S6SJH3H6HKD5DTC4C7C2 S3S5SQS2H4H7H8H9D6D7C9 S7S9HTHJHADKD2C5C8CQJ3 SAH5HQH2D4D8DJC3CTCJCK S4S8STSKD3D9DQDAC6CA 
%00001%change_cards%  43DACAEE 12S2EE 34D4C3EE 21C5EE
%00001%play%  4D3C3EE 0S6H6EE 3DJCJEE 2S2D2EE 1EE 4EE 0EE 3EE 2EE 2S7K8S9EE 2C8EE 2HTEE 1SQEE 4SKEE 0EE 3EE 2EE 1EE 4EE 4S4D4EE 0EE 3EE 2EE 1S5C5EE 4EE 1H7D7EE 1H9C9EE 1EE 1S3EE 4C6EE 0C7EE 3CTEE 2CQEE 1EE 4EE 0C2EE 3EE 2EE 0EE 0H3EE 3H5EE 2HJEE 1EE 4EE 0HKEE 3H2EE 2EE 0EE 3EE 3SADACAEE 2EE 1EE 4EE 0EE 3EE 3D8EE 3HQEE 2DKEE 1EE 4EE 0EE 3EE 2HAEE 1H4EE 4S8EE 4D9EE 0DTEE 3EE 1EE 4DQEE 0EE 4EE 4STEE 0SJEE 3EE 1EE 0EE 0C4EE 3CKEE 1EE 0EE 1D6EE 0EE 1H8EE
%00001%result% 24310
%00001%points% 4 4 9 8 5
%00002%mibun% 43021
%00002%seat% 03214
%00002%palyer_cards% S6S7SAS2H3H6H7HTD7C3 S3HQDTDJD2C4C5C6C9CKCA S4S5S8S9H8D3D9DAC8CTCJ STSJSKH4H5H9D4D5C7J3 SQHJHKHAH2D6D8DQDKCQC2 
%00002%change_cards%  02SAS2EE 14D2EE 20S4D3EE 41D6EE
%00002%play%  0H3D3C3EE 3K4H4D4EE 2S8H8C8EE 2S9D9EE 1EE 4HKDKEE 0EE 3EE 2SADAEE 4EE 2EE 2S5EE 1C9EE 4HJEE 0EE 3SKEE 2S2EE 1EE 4EE 3EE 2EE 2CTEE 1DJEE 4HAEE 0EE 3EE 2EE 1EE 4EE 4SQDQCQEE 0EE 3EE 2EE 1EE 4H2D2C2EE 4EE 4D8EE 0S7H7D7EE 3EE 2EE 1EE 0EE 0S6H6EE 3EE 2EE 1EE 0EE 0S4EE 3C7EE 2CJEE 1CKEE 0EE 3EE 1CAEE 1EE 1C4C5C6EE 0EE 3EE 1EE 1S3EE 0HTEE 3SJEE 1HQEE 3EE 1EE 1D6EE 3H9EE 1DTEE
%00002%result% 42013
%00002%points% 7 6 13 9 10
%00003%mibun% 23140
%00003%seat% 21403
%00003%palyer_cards% S5SQHJHQD9DKDAC5C9CKC2 S4S8SJSAH3H6HKD3D5CQ S6SKH4H9HTD4C3C8CJCA S3S9S2H5H7HAD6DTDQC7CT S7STH8H2D7D8DJD2C4C6J3 
%00003%change_cards%  34S2HAEE 12SAEE 43C4C6EE 21C3EE
%00003%play%  1H3D3C3EE 4S2H2D2EE 0EE 3EE 2EE 1EE 4EE 4M6D7D8EE 4S7EE 0HJEE 3DQEE 2SKEE 1EE 4HAEE 0C2EE 3EE 2EE 4EE 0EE 0S5C5EE 3D6C6EE 2SACAEE 1EE 4EE 0EE 3EE 2EE 2H4D4EE 1EE 4EE 0D9C9EE 3DTCTEE 2EE 0DKCKEE 3EE 0EE 0SQHQEE 3EE 2EE 1EE 4EE 0EE 0DAEE 3EE 2EE 1EE 4EE 3H7C7EE 2EE 1EE 4EE 3EE 3S3EE 2S6EE 1S8EE 1S4EE 4H8EE 4STEE 3EE 2CJEE 1CQEE 4EE 2EE 1EE 1D5EE 4DJEE 3EE 2EE 1EE 3C4EE 2C8EE 2H9EE 1SJEE 3EE 2EE 1HKEE 1EE 1H6EE 3S9EE 2HTEE
%00003%result% 04123
%00003%points% 12 9 15 10 14
%00004%mibun% 02341
%00004%seat% 21403
%00004%palyer_cards% SKSAH5H7H9HKD7DQC3CJJ3 S6H6H8HAH2D3DKC7CTCQ S3SJH4HTD4D9D2C6C8C9CA S7S2H3D5D6D8DJC4C5CKC2 S4S5S8S9STSQHJHQDTDA 
%00004%change_cards%  30S2C2EE 24D2EE 03H5C3EE 42S4EE
%00004%play%  1S6H6EE 4STDTEE 0SKHKEE 3EE 2EE 1EE 4EE 0S2C2EE 0EE 0H7L8H9EE 0D7EE 3D8EE 3C3C4C5EE 2EE 1EE 4EE 0EE 3EE 3H5D5EE 2D9C9EE 1EE 4SQHQEE 0EE 3EE 2EE 4EE 4S5EE 0CJEE 3CKEE 2CAEE 1EE 4EE 0EE 3EE 2EE 2S4H4D4EE 1EE 4EE 0EE 3EE 2EE 2S3EE 1C7EE 4S8EE 4S9EE 0DQEE 3EE 2EE 1DKEE 4DAEE 0EE 1EE 4D2EE 4EE 4HJEE 0SAEE 3EE 2EE 1H2EE 1EE 1D3EE 3D6EE 2EE 1EE 3DJEE 3EE 3H3EE 2C6EE 1H8EE 1CTEE 3EE 2SJEE 1CQEE 2EE 1HAEE 3S7EE
%00004%result% 40132
%00004%points% 16 12 16 12 19
%00005%mibun% 12430
%00005%seat% 21403
%00005%palyer_cards% SJSQS2HTD3D6D8D9DAC6CQ S5H3H4H6H8D5C4C7C8CA S3S4S7S9SKD2C3CKC2J3 STH7H9HAH2DTDJDQDKC5CT S6S8SAH5HJHQHKD4D7C9CJ 
%00005%change_cards%  24D2J3EE 30H2EE 42H5D4EE 03D3EE
%00005%play%  3DTDJDQDKEE 2EE 1EE 4EE 0EE 3EE 3STCTEE 2SKCKEE 1EE 4SANAEE 0EE 3EE 2EE 4EE 4HJHQHKEE 0EE 3EE 2EE 1EE 4EE 4S6EE 0D8EE 0D6C6EE 3EE 2EE 1H8C8EE 1H4C4EE 4EE 0SQCQEE 3EE 2EE 1EE 0S2H2EE 0EE 0D9EE 3HAEE 2C2EE 1EE 4EE 0EE 3EE 2EE 2S3C3EE 1S5D5EE 4EE 0EE 3EE 2EE 1EE 1H3EE 4D7EE 0HTEE 3EE 2EE 1CAEE 4D2EE 0EE 1EE 4EE 4S8EE 4C9EE 0SJEE 3EE 2EE 1EE 4EE 0DAEE 3D3EE 2H5EE 1H6EE 4EE 3H7EE 2EE 1EE 3H9EE 3EE 3C5EE 2S7EE 1EE 4CJEE 2EE 2S4D4EE 1EE 2EE 2S9EE
%00005%result% 03421
%00005%points% 21 13 18 16 22
%00006%mibun% 04312
%00006%seat% 03214
%00006%palyer_cards% S4S8SKD4D7DAC3C8C9CQC2 SQS2H5HJDJDQD2C6CAJ3 S9H8H9HKD3D5D6D8C7CTCK S5H3H4H6HTHQH2DTDKC4CJ S3S6S7STSJSAH7HAD9C5 
%00006%change_cards%  10S2J3EE 23HKEE 01S4C3EE 32H3EE
%00006%play%  2H3D3EE 1HJDJEE 4EE 0LADAEE 3EE 2EE 1EE 0EE 0S8C8EE 0S2C2EE 3EE 2EE 1EE 4EE 0EE 0D4EE 3S5EE 2D6EE 1CAEE 4EE 0EE 3H2EE 2EE 1EE 3EE 3H4C4EE 2H8D8EE 2S9H9EE 1SQDQEE 4SAHAEE 0EE 3EE 2EE 1EE 4EE 4S7H7EE 0EE 3HTDTEE 2EE 1EE 4EE 3HKDKEE 3EE 3H6EE 2C7EE 1D2EE 4EE 0EE 3EE 2EE 1EE 1C3EE 4C5EE 0C9EE 3CJEE 2CKEE 1EE 4EE 0EE 3EE 2EE 2D5EE 1C6EE 4D9EE 0CQEE 3EE 2EE 1EE 4EE 0SKEE 0EE 0D7EE 3HQEE 2EE 1EE 4EE 2CTEE 1EE 4SJEE 4EE 4S3EE 1S4EE 4S6EE 1EE 4STEE
%00006%result% 03241
%00006%points% 26 14 21 20 24
%00007%mibun% 04213
%00007%seat% 03214
%00007%palyer_cards% S4S7SAS2H6HQD8D9DJCQCK STH3H8HJH2DTD2C4C7CA S8SJH4HKHAD3D4D5D6DQC8 S5SKH7H9HTD7DKDAC6C9CT S3S6S9SQH5C3C5CJC2J3 
%00007%change_cards%  10H2D2EE 43J3EE 01S4H6EE 34S5EE
%00007%play%  2D3D4D5D6EE 1EE 4EE 0EE 3H7L8H9HTEE 3SKDKEE 2EE 1EE 4EE 0EE 3EE 3C6EE 2SJEE 1CAEE 4C2EE 0EE 3EE 2EE 1EE 4EE 4S5H5C5EE 0S2H2D2EE 3EE 2EE 1EE 4EE 0EE 0HQCQEE 3EE 2EE 1EE 4EE 0EE 0S7EE 3C9EE 2DQEE 1EE 4EE 0CKEE 3DAEE 2EE 0EE 3EE 3D7EE 2HKEE 1EE 4EE 0SAEE 3EE 2EE 0EE 0D8EE 0D9EE 3CTEE 2HAEE 1EE 4EE 0EE 2EE 2S8C8EE 2H4EE 1H6EE 4EE 0EE 1H8EE 1S4C4EE 4EE 0EE 1STDTEE 1EE 1H3EE 4S6EE 0DJEE 1EE 4SQEE 4EE 4S3C3EE 1EE 4EE 4S9EE 1HJEE 4EE 1EE 1C7EE
%00007%result% 32014
%00007%points% 29 16 25 25 25
%00008%mibun% 23104
%00008%seat% 03214
%00008%palyer_cards% SJSAH4H5HKD3D9C5C6CQ S5S7H7HTHJHQD8DJC3C9CA S3S6S9STSQSKH2D4D6D7DA S4H3HAD5DTDKD2C4C7C8CK S8S2H6H8H9DQCTCJC2J3 
%00008%change_cards%  43S2J3EE 12CAEE 34S4H3EE 21S3EE
%00008%play%  0H5C5EE 3DKCKEE 2DACAEE 1EE 4EE 0EE 3D2N2EE 2EE 3EE 3C4EE 2D7EE 1D8EE 1HTHJHQEE 4EE 0EE 3EE 2EE 1EE 1S3C3EE 4S8H8EE 4H3EE 0H4EE 3HAEE 2H2EE 1EE 4EE 0EE 3EE 2EE 2S6D6EE 1S7H7EE 4EE 0EE 3EE 2EE 1EE 1S5EE 4H6EE 0D9EE 3DTEE 2EE 1DJEE 4DQEE 0EE 3EE 1EE 4EE 4S4EE 0C6EE 3C7EE 2EE 1C9EE 4CTEE 0CQEE 3EE 4C2EE 0EE 4EE 4H9EE 0SJEE 3S2EE 2EE 4EE 0EE 3EE 3D5EE 2S9EE 4CJEE 0HKEE 3EE 2EE 0SAEE 0EE 0D3EE 3C8EE
%00008%result% 14032
%00008%points% 32 21 26 27 29
%00009%mibun% 20431
%00009%seat% 30412
%00009%palyer_cards% S4S5S9SAH7HJD9C7C8CQ S7SJSKH9HAH2D3D2C3C9J3 S2H3H6HTHKD8DQDKC6CTCK S3S6SQH8HQD4D7DTC4CJCA S8STH4H5D5D6DJDAC5C2 
%00009%change_cards%  21S2HKEE 34CAEE 12D3C3EE 43H4EE
%00009%play%  2H3D3C3EE 3H4D4C4EE 0EE 4H5D5C5EE 1H9M9C9EE 2EE 3EE 4EE 1EE 1HKHAH2EE 2EE 3EE 0EE 4EE 1EE 1S2D2EE 2EE 3EE 0EE 4EE 1EE 1S7EE 2D8EE 2H6C6EE 3SQHQEE 0EE 4DACAEE 1EE 2EE 3EE 4EE 4D6EE 1SJEE 2DQEE 3EE 0SAEE 4C2EE 1EE 2EE 0EE 4EE 4S8EE 4STEE 1SKEE 2EE 3EE 0EE 4EE 2HTCTEE 3EE 0EE 4EE 2DKCKEE 3S3EE 0S4EE 4EE 3S6EE 0EE 3EE 3D7EE 0C8EE 0H7C7EE 4EE 3EE 0S9D9EE 0EE 0S5EE 4DJEE 3EE 0CQEE 0EE 0HJEE
%00009%result% 12403
%00009%points% 34 26 30 28 32
%00010%mibun% 30142
%00010%seat% 30412
%00010%palyer_cards% S9H8HQHAH2D9D2C4CKJ3 SQSAH6HTD7DTDJDKC5C8CQ STS2H3H4H5H7HKD6DQC7CT S3S6SJSKHJD3D4D5D8C9CA S4S5S7S8H9DAC3C6CJC2 
%00010%change_cards%  31SKCAEE 02J3EE 13H6C5EE 20H3EE
%00010%play%  3D3D4D5EE 0EE 4EE 1SQSKSAEE 2EE 3EE 1EE 1HTDTEE 2KQDQEE 3EE 0H2D2EE 4EE 1EE 2EE 0EE 0S9D9EE 4EE 1EE 2STCTEE 3SJHJEE 0EE 2EE 3EE 3S6H6EE 0EE 4EE 1EE 2H7C7EE 3EE 2EE 2H4EE 3C5EE 0H8EE 0H3EE 4S4EE 1D7EE 2HKEE 3EE 0HAEE 4EE 1EE 2EE 0EE 0C4EE 4S5EE 1C8EE 1DJEE 2S2EE 3EE 0EE 4EE 1EE 2EE 2H5EE 3D8EE 3S3EE 0HQEE 4DAEE 1EE 2EE 3EE 0EE 4C2EE 4EE 4C3EE 1CQEE 2EE 3EE 0CKEE 4EE 1CAEE 1EE 1DKEE 2EE 3EE 4EE 2D6EE 3C9EE
%00010%result% 01234
%00010%points% 39 30 33 30 33
%00011%mibun% 01234
%00011%seat% 30412
%00011%palyer_cards% SQSKSAH3H6H7H2D3D4DJDK S6S8S2H4HKD8C4C8C9CQCA S3S4S9H8HJHQDAD2C6CK S5STSJHAD6D9DQC7CTCJ S7H5H9HTD5D7DTC3C5C2J3 
%00011%change_cards%  40C2J3EE 31HAEE 04H3D3EE 13H4EE
%00011%play%  4H3D3C3EE 1S8D8C8EE 1HACAEE 2EE 3EE 0H2C2EE 4EE 1EE 0EE 0KJSQSKSAEE 4EE 1EE 2EE 3EE 0EE 0D4EE 4H9EE 1CQEE 2CKEE 3EE 0EE 4EE 1EE 2EE 2S3EE 3H4EE 0H6EE 4EE 1HKEE 2EE 3EE 0EE 1EE 1C4EE 2C6EE 3C7EE 0EE 4EE 1C9EE 2EE 3EE 1EE 1S6EE 2H8EE 2S4EE 3S5EE 0EE 4EE 1S2EE 2EE 3EE 2S9EE 3DQEE 0DKEE 4EE 2DAEE 3EE 0EE 2D2EE 2EE 2HJEE 3EE 0EE 4EE 2HQEE 3STCTEE 0EE 4EE 3SJCJEE 3EE 3D6EE 0H7EE 4EE 3D9EE 0DJEE
%00011%result% 12304
%00011%points% 41 35 37 33 34
%00012%mibun% 30124
%00012%seat% 23410
%00012%palyer_cards% S3S8S9SQH7HJHKDJCJCAC2 S4SKH3HADTDKC3C4C6C7CK S6STSAS2H4H5H8D5DQC5CQ S5SJH9H2D3D6D7DAC8J3 S7H6HTHQD4D8D9D2C9CT 
%00012%change_cards%  41HQD2EE 02C2EE 14H3C3EE 20H4EE
%00012%play%  3M5D6D7EE 4EE 1EE 0EE 2EE 3EE 3D3EE 4D4EE 1DTEE 0EE 2EE 3DAEE 4EE 1D2EE 3EE 1EE 1SKDKCKEE 0EE 2EE 3EE 4EE 1EE 1S4C4EE 0EE 2DQCQEE 3EE 4EE 1EE 2S2C2EE 2EE 2H5D5C5EE 3EE 4EE 1EE 0HJDJCJEE 2EE 0EE 0S3EE 2S6EE 3SJEE 4EE 1EE 0SQEE 2SAEE 3EE 0EE 2EE 2H8EE 2STEE 3H2EE 4EE 1EE 0EE 3EE 3S5EE 4H6EE 1C7EE 0S8EE 0H4EE 3C8EE 3H9EE 4EE 1HQEE 0HKEE 1HAEE 0EE 1EE 1C6EE 0H7EE 4D8EE 4H3C3EE 0EE 4D9C9EE 4HTCTEE 4EE 4S7EE
%00012%result% 23140
%00012%points% 42 38 42 37 36
%00013%mibun% 42013
%00013%seat% 23410
%00013%palyer_cards% S3S7S8SJSAHTHAD3D6D9 S5S9SKH7H8HJH2DQD2CK S4S6STH4H5H6HKC5C7C9J3 S2H3H9HQD5D7DTDKC4C6C8 SQD4D8DJDAC3CTCJCQCAC2 
%00013%change_cards%  02SAHAEE 43C2EE 20S4H4EE 34H3EE
%00013%play%  0S3D3EE 2H5C5EE 3S2C2EE 4EE 1EE 0EE 2EE 3EE 3C4EE 4D8EE 4CTCJCQEE 1EE 0EE 2LQHKHAEE 3EE 4EE 4H3C3EE 1SKCKEE 0EE 2SAHAEE 3EE 4EE 1H2D2EE 2EE 1EE 1S5EE 0D6EE 2C7EE 3C8EE 3D5EE 4DJEE 1DQEE 0EE 2KxEE 3EE 4EE 1EE 2EE 2S6H6EE 3EE 4DACAEE 1EE 0EE 2EE 4EE 4D4EE 1H7EE 0S8EE 0S4H4EE 2EE 3EE 4EE 1EE 0EE 0S7EE 2C9EE 3DTEE 4SQEE 1EE 0EE 2HKEE 3EE 2EE 2STEE 3HQEE 1EE 0EE 3DKEE 3EE 3C6EE 1H8EE 1S9EE 0HTEE 3EE 1HJEE 0EE 0D9EE 3EE 0SJEE
%00013%result% 42103
%00013%points% 44 41 46 38 41
%00014%mibun% 32140
%00014%seat% 23410
%00014%palyer_cards% S9S2H3H8HQHAD5D6DKC4C8 S3S7SJH4HJD8DQC6CJCKJ3 S8SKSAH5H6HKH2D3C3C2 S4S6STD7D9DTC5C9CQCA S5SQH7H9HTD4DJDAD2C7CT 
%00014%change_cards%  34CQCAEE 02S2EE 43S5D4EE 20D3EE
%00014%play%  0H3D3EE 2SKHKEE 3EE 4DACAEE 1EE 0EE 2EE 4EE 4H7C7EE 1K8D8EE 1SJHJCJEE 0EE 2S2H2C2EE 3EE 4EE 1EE 2EE 2C3EE 3D7EE 4H9EE 1DQEE 0DKEE 2EE 3EE 4D2EE 1EE 0EE 4EE 4HTCTEE 1EE 0EE 2EE 3EE 4SQCQEE 4EE 4DJEE 1CKEE 0HAEE 2EE 3EE 1EE 0EE 0H8C8EE 0C4EE 2H5EE 3EE 1C6EE 0S9EE 2SAEE 1EE 0EE 2EE 2H6EE 3EE 1S7EE 0HQEE 2EE 1EE 0EE 0D5EE 2S8EE 3S4S5S6EE 1EE 0EE 3EE 3D9C9EE 1EE 0EE 3STDTEE 3EE 3D4EE 1EE 0D6EE 3EE 3C5EE
%00014%result% 42031
%00014%points% 47 42 50 40 46
%00015%mibun% 24130
%00015%seat% 10423
%00015%palyer_cards% S3S4H3H4HAD3D5DJCKC2 S9SJSQH5H8HTHQDTCTCJ S8STSKD4D8DQC3C4C5C6CA S5S6S2H6HJHKD6D7DKDAD2 S7SAH7H9H2D9C7C8C9CQJ3 
%00015%change_cards%  14SQHQEE 32S2EE 41S7H7EE 23C3EE
%00015%play%  0S3H3D3EE 4H9D9C9EE 2EE 3EE 1HTDTCTEE 0EE 4HQMQCQEE 1EE 4EE 4C7EE 2STEE 3HJEE 1EE 0CKEE 4SAEE 2S2EE 3EE 0EE 4EE 2EE 2C4C5C6EE 3DKDAD2EE 1EE 0EE 4EE 2EE 3EE 3S6H6D6EE 1EE 0EE 4EE 2EE 3EE 3C3EE 1H5EE 0DJEE 4SQEE 2SKEE 3EE 1EE 0EE 4EE 2EE 2S8D8EE 2D4EE 3S5EE 1H8EE 1S7H7EE 0EE 4EE 2EE 3EE 1SJCJEE 1EE 1S9EE 0HAEE 4H2EE 2EE 3EE 0EE 4EE 4C8EE 2DQEE 3HKEE 0C2EE 2EE 3EE 0EE 0S4H4EE 2EE 3EE 0EE 0D5EE 2CAEE
%00015%result% 14023
%00015%points% 50 47 52 41 50
%00016%mibun% 20341
%00016%seat% 10423
%00016%palyer_cards% SQH8D6D8D9DAC3C5C8C2J3 S8SKSAHAD3DTDJDQC6C7C9 S5SJH3H5HQHKD7D2CJCQ S3S6S7STH4H6H7HJDKCA S4S9S2H9HTH2D4D5C4CTCK 
%00016%change_cards%  31DKCAEE 24D2EE 13D3C6EE 42S4EE
%00016%play%  3S6H6C6EE 1SAHACAEE 0EE 4EE 2EE 3EE 1EE 1DTDJDQDKEE 0EE 4EE 2EE 3EE 1EE 1C7EE 0D9EE 4CKEE 2EE 3EE 1EE 0DAEE 4EE 0C2EE 0KxEE 0EE 0H8D8C8EE 0C3EE 4D5EE 2D7EE 3EE 1EE 0EE 4EE 2EE 2S5H5EE 3S7H7EE 1EE 0EE 4S9H9EE 2EE 3EE 4S2H2EE 4EE 4D4C4EE 2SJCJEE 3EE 1EE 0EE 4EE 2HQCQEE 2EE 2H3EE 3H4EE 1EE 0EE 4EE 2HKEE 3EE 2EE 2S4EE 3STEE 1SKEE 0EE 4EE 3EE 1EE 1S8EE 1C9EE 0SQEE 4D2EE 3EE 0EE 4EE 4HTCTEE 3EE 0EE 3S3D3EE 0EE 3EE 3HJEE
%00016%result% 21430
%00016%points% 51 51 57 43 53
%00017%mibun% 41032
%00017%seat% 10423
%00017%palyer_cards% S5S6SKH5HJHKDKC3C4C7 S3S7S8SQSAH3H4HTDJD2J3 S9S2H9HQD6D7DAC8C9CQC2 SJH6H7H8H2D3D5D9DTDQCK S4STHAD4D8C5C6CTCJCA 
%00017%change_cards%  02SKHKEE 31H2EE 20D6D7EE 13S3EE
%00017%play%  3H6H7H8EE 3S3D3EE 1H2D2EE 0EE 4EE 2EE 3EE 1EE 1LxH3H4EE 0EE 4EE 2EE 3EE 1EE 1S7EE 0HJEE 4EE 2DAEE 3EE 1EE 0EE 2EE 2S9H9C9EE 3EE 1EE 0EE 4EE 2EE 2HQCQEE 3EE 1EE 0EE 4HACAEE 2EE 4EE 4S4D4EE 2SKHKEE 3EE 1EE 0EE 4EE 2S2C2EE 2EE 2C8EE 3D5EE 1S8EE 1HTEE 0DKEE 4EE 3EE 1SAEE 0EE 1EE 1DJEE 0EE 4EE 3DQEE 1EE 3EE 3D9EE 1SQEE 0EE 4EE 3CKEE 3EE 3DTEE 0EE 4CJEE 3EE 4EE 4STCTEE 3EE 0EE 4EE 4C5EE 3SJEE 0EE 4EE 0S5H5EE 4EE 0S6D6EE 0D7C7EE 0EE 0C3EE 4C6EE 0EE 4EE 4D8EE
%00017%result% 21340
%00017%points% 52 55 62 46 55
%00018%mibun% 41023
%00018%seat% 34201
%00018%palyer_cards% S3S6SKS2H5D3DTDQC8C9C2 SQH4HTHAH2D5D7DJDKC4CJ S8SAH6H7H8HKD4D6D8DAC7 S4S9SJH3D2C3C6CTCQCA S5S7STH9HJHQD9C5CKJ3 
%00018%change_cards%  02S2C2EE 41J3EE 20H6D4EE 14H4EE
%00018%play%  0S3D3EE 1DJCJEE 3EE 4EE 2SADAEE 0EE 1K2H2EE 2EE 1EE 1C4EE 3C6EE 4CKEE 2EE 0EE 1EE 3CAEE 4EE 3EE 3H3C3EE 4S5C5EE 2H7C7EE 0EE 1EE 3EE 4H9D9EE 2S2C2EE 4EE 2EE 2S8H8D8EE 2D6EE 0C8EE 0S6H6EE 1EE 3EE 4EE 2EE 0EE 0D4EE 1D5EE 3D2EE 4EE 2EE 0EE 1EE 3EE 3S4EE 4S7EE 2EE 0SKEE 1EE 3EE 4EE 0EE 0H5EE 1D7EE 3S9EE 4STEE 2EE 0EE 1SQEE 3EE 4EE 1EE 1HTEE 3SJEE 4HQEE 2HKEE 0EE 1HAEE 3EE 4EE 1EE 1DKEE 3EE 4EE 0EE 3CTEE 4HJEE 0DQEE 3EE 4EE 0EE 0C9EE 3CQEE 4EE 0EE 4H4EE
%00018%result% 21340
%00018%points% 53 59 67 49 57
%00019%mibun% 41023
%00019%seat% 34201
%00019%palyer_cards% S5S2H3H7HAD5DQC9CTCJCA SJH4H6H8D4D7C3C7C8CQCK S3S7S8S9SQHKH2D3D6DJC4 SAHTHJD8DTD2C5C6C2J3 S4S6STSKH5H9HQD9DKDA 
%00019%change_cards%  02S2HAEE 41DAEE 20S3D3EE 14C3EE
%00019%play%  0C9CTCJEE 1EE 3EE 4EE 2HKHAH2EE 0EE 2EE 2S7S8S9EE 2C4EE 0H7EE 1SJEE 3SAEE 4EE 2S2EE 0EE 1EE 3KxEE 2EE 3EE 3HTDTEE 4SKDKEE 2EE 0EE 1EE 3D2C2EE 4EE 3EE 3C5EE 4S6EE 2DJEE 0DQEE 1DAEE 3EE 4EE 2EE 0EE 1EE 1H4D4EE 3EE 4H9D9EE 2EE 0EE 1EE 4EE 4C3EE 2D6EE 0CAEE 1EE 3EE 4EE 2EE 0EE 0S3H3D3EE 1EE 3EE 4EE 2EE 0EE 0S5D5EE 1D7C7EE 3EE 4EE 2EE 1H8C8EE 1H6EE 3D8EE 3C6EE 4STEE 2SQEE 1EE 3EE 4EE 1CQEE 3EE 4EE 1CKEE 3HJEE
%00019%result% 02134
%00019%points% 58 62 71 51 58
%00020%mibun% 02134
%00020%seat% 34201
%00020%palyer_cards% S3S5SJH5HJHKH2D7D8D2CA S8H3H4H7HAD3D5D6DTC3CT S4S9H8H9HQD9C4C6CKC2 STSQSKHTDJDQDKDAC5C8C9 S6S7SAS2H6D4C7CJCQJ3 
%00020%change_cards%  40S2J3EE 32DAEE 04S3S5EE 23S4EE
%00020%play%  1H3D3C3EE 3EE 4EE 2S9H9D9EE 0S2H2D2EE 1EE 2EE 0EE 0M6D7D8EE 0SJHJEE 1EE 3SQDQEE 4EE 2EE 0EE 3SKDKEE 3EE 3STHTEE 4EE 2EE 0EE 1EE 3EE 3S4EE 4CJEE 2HQEE 0HKEE 1HAEE 3EE 4EE 2EE 0EE 1EE 1DTCTEE 3EE 4EE 2EE 0EE 1EE 1H4EE 3C5EE 4CQEE 2CKEE 0CAEE 1EE 3EE 4EE 2C2EE 0EE 2EE 2C4EE 0H5EE 1D6EE 3C8EE 3C9EE 4SAEE 2EE 1EE 3EE 4EE 4S5S6S7EE 2EE 1EE 3EE 4EE 4S3EE 2C6EE 1H7EE 3DJEE 4EE 2DAEE 1EE 2EE 2H8EE 1D5EE 4H6EE 1S8EE
%00020%result% 03214
%00020%points% 63 64 74 55 59
%00021%mibun% 03214
%00021%seat% 10243
%00021%palyer_cards% S3SJH4H9D7DQDKDACJCKCA S8HTHQHKHAD6DJC5CQJ3 S5STSAS2H8HJH2D2C3C6C9 S6S9SKH6H7D3D4D5C4C8 S4S7SQH3H5D8D9DTC7CTC2 
%00021%change_cards%  40SQC2EE 13J3EE 04S3H4EE 31D3EE
%00021%play%  1HQHKHAEE 0EE 2EE 4EE 3EE 1EE 1D3EE 0D7EE 2EE 4EE 3KxEE 1EE 0EE 3EE 3D4C4EE 1EE 0SJCJEE 2EE 4EE 3EE 0SQDQEE 0DKCKEE 0DACAEE 0EE 0H9EE 2STEE 4EE 3SKEE 1EE 0EE 2SAEE 3EE 2EE 2S2H2D2EE 4EE 3EE 1EE 0EE 2EE 2C3EE 4EE 3D5EE 1D6EE 0EE 2EE 3EE 1DJEE 1EE 1C5EE 0C2EE 2EE 4EE 3EE 1EE 2S5EE 4EE 3H7EE 1S8EE 1HTEE 2HJEE 4EE 3EE 1EE 2EE 2C6EE 4EE 3C8EE 3S6H6EE 1EE 2EE 4S7C7EE 3EE 4DTCTEE 4EE 4H3H4H5EE 3EE 1EE 2EE 4EE 4S3EE 3S9EE 1EE 2EE 4EE 1CQEE 2EE 4EE 2H8EE 2C9EE
%00021%result% 03124
%00021%points% 68 67 76 59 60
%00022%mibun% 02314
%00022%seat% 10243
%00022%palyer_cards% S7S8H7HQD9DQDKC3C6CJJ3 S5STSKSAH8D6D2C9CQC2 S6SJSQS2H3H4HKH2D3DTCT H5H6H9D7D8DAC4C7C8CK S3S4S9HTHJHAD4D5DJC5CA 
%00022%change_cards%  40HACAEE 23S2EE 04C3C6EE 32C4EE
%00022%play%  2H3D3EE 4S4D4EE 3D7C7EE 1D2C2EE 0EE 2EE 4EE 3EE 1EE 1S5EE 0S8EE 0MJDQDKEE 2EE 4EE 3EE 1EE 0EE 0S7H7EE 2DTCTEE 4HJDJEE 3EE 1EE 0HACAEE 2EE 4EE 0EE 0D9EE 2SJEE 4EE 3CKEE 1SAEE 0EE 2H2EE 3EE 1EE 2EE 2H4C4EE 4D5C5EE 3D8C8EE 3H5EE 1D6EE 0CJEE 2SQEE 4EE 3DAEE 1EE 0EE 2EE 3S2EE 3EE 3H6EE 1H8EE 1C9EE 0HQEE 2HKEE 4EE 3EE 1EE 2EE 2S6EE 4S9EE 3EE 1STEE 4EE 1SKEE 1EE 1CQEE 4EE 3EE 4S3C3EE 3EE 4EE 4C6EE 3H9EE
%00022%result% 02134
%00022%points% 73 70 80 61 61
%00023%mibun% 02134
%00023%seat% 10243
%00023%palyer_cards% S3S7STH3H4H7HJHQHADKC9 SJSKH8D3D5D7D2C3CAJ3 S6H9H2D4D9DTDJC6C8CTC2 SQSAS2H5H6HKD6DAC5CK S4S5S8S9HTD8DQC4C7CJCQ 
%00023%change_cards%  40DQCQEE 32S2EE 04S3H3EE 23D4EE
%00023%play%  1D3M4D5EE 0EE 2D9DTDJEE 4EE 3EE 1EE 2EE 2S2H2C2EE 4EE 3EE 1EE 0EE 2EE 2S6C6EE 4S8D8EE 4S3S4S5EE 3EE 1EE 0EE 2EE 4EE 4H3EE 3D4EE 1D7EE 0DKEE 2EE 4EE 3EE 1D2EE 0EE 1EE 1C3EE 0H4EE 2C8EE 2H9EE 4HTEE 3EE 1EE 0HJEE 2EE 4EE 0HAEE 0EE 0HQDQCQEE 2EE 4EE 3EE 1EE 0EE 0S7H7EE 2EE 4EE 3HKCKEE 1EE 0EE 3SADAEE 3EE 3H5C5EE 1EE 0EE 2EE 4EE 3H6D6EE 3EE 3SQEE 1SKEE 0EE 2EE 4EE 1EE 1H8EE 1SJEE 0EE 2EE 4EE 1CAEE 0C9EE 2CTEE 4CJEE 0EE 4EE 4C4EE 0STEE
%00023%result% 31204
%00023%points% 75 74 83 66 62
%00024%mibun% 31204
%00024%seat% 10432
%00024%palyer_cards% STSAH6H9HJD5D6C4CQCA S4S9H7HTHKD7DTDKDAD2C5 S8SQSKH3H4H8HAH2D9C9CJ S3S5S6S2H5D4DJC3C6C7CK S7SJHQD3D8DQC8CTC2J3 
%00024%change_cards%  43C2J3EE 01SAEE 34S3C3EE 10S4EE
%00024%play%  4S3D3C3EE 3S5H5M5EE 2EE 1EE 0EE 4EE 3EE 3S6C6EE 2S8H8EE 2D9C9EE 1HTDTEE 0EE 4HQDQEE 3EE 2EE 1HKDKEE 4EE 1EE 1H7D7EE 0EE 4D8C8EE 4S7EE 3DJEE 2SQEE 1D2EE 0EE 4EE 3EE 2EE 1EE 1SADAEE 0EE 4EE 3S2C2EE 2EE 1EE 3EE 3D4EE 2CJEE 1EE 0CQEE 4EE 3CKEE 2EE 0CAEE 3EE 0EE 0S4C4EE 4EE 3EE 2EE 1EE 0H6D6EE 0EE 0D5EE 4CTEE 3EE 2SKEE 1EE 0EE 4EE 2HAEE 2H2EE 2EE 2H3EE 1C5EE 0H9EE 4SJEE 3EE 2EE 1EE 0EE 3C7EE 2EE 1S9EE 0STEE 0EE 0HJEE
%00024%result% 43102
%00024%points% 77 77 84 70 67
%00025%mibun% 32410
%00025%seat% 10432
%00025%palyer_cards% S4SJH7H8D3C5CJCQCKCA H5H6HTHKD4D5DQC3CTC2 S5S8SQH3HJHQHAD6D9C4C7 S6SKH4D7D8DAD2C6C8C9J3 S3S7S9STSAS2H9H2DTDJDK 
%00025%change_cards%  24SQHAEE 03CAEE 42S3S7EE 30H4EE
%00025%play%  0CJCQCKEE 4EE 3MKDAD2EE 2EE 1EE 0EE 0S4H4EE 4S9H9EE 3SKLKEE 2EE 1EE 0EE 4SAHAEE 3EE 4S2H2EE 4EE 4STDTEE 3DACAEE 2EE 1EE 0EE 4EE 3EE 3S6C6EE 2S7C7EE 1EE 0EE 4EE 3EE 2EE 2S3H3EE 1H5D5EE 0EE 4EE 3D8C8EE 3D7EE 2S8EE 2C4EE 1H6EE 0H7EE 4EE 3EE 2HJEE 1HKEE 0EE 2EE 1EE 1HTCTEE 0EE 4EE 3EE 2EE 1EE 1C3EE 0C5EE 4EE 3C9EE 2EE 1C2EE 0EE 3EE 1EE 1D4EE 0H8EE 0D3EE 4DJEE 3D2EE 2EE 1EE 0EE 4EE 2S5EE 1DQEE 0EE 4DKEE 2EE 4EE 4SQEE 2EE 0EE 2D6EE 0SJEE
%00025%result% 31402
%00025%points% 79 81 85 75 70
%00026%mibun% 31402
%00026%seat% 10432
%00026%palyer_cards% S3S5STH4H5D5DQC8C9CQ S8SQSAS2H8H9HKD6D7CTCA SJHAH2D4D8DTD2C3C4C5C2 S6S7S9SKH7HTHJD3DJDKCK S4H3H6HQD9DAC6C7CJJ3 
%00026%change_cards%  23H2D2EE 01DQEE 32S6D3EE 10D6EE
%00026%play%  2C3C4C5EE 1EE 0EE 4N5C6C7EE 3EE 2EE 2D3EE 1D7EE 0EE 4D9EE 3EE 2DTEE 1EE 4DAEE 2EE 4KxEE 4EE 4H6C6EE 3S7H7EE 2EE 1S8H8EE 1SQDQEE 0EE 4EE 3H2D2EE 2EE 1EE 3EE 3SKDKCKEE 2EE 1EE 0EE 4EE 3EE 3HJDJEE 2EE 1SACAEE 0EE 4EE 3EE 1EE 1H9EE 0STEE 4CJEE 3EE 2HAEE 1S2EE 0EE 4EE 2EE 1EE 1CTEE 0CQEE 4EE 3EE 2C2EE 1EE 0EE 2EE 2D4EE 1HKEE 0EE 4EE 3EE 2EE 0S5H5D5EE 4EE 3EE 2EE 0EE 0S3EE 4S4EE 3S9EE 2SJEE 0EE 4EE 3EE 2EE 2S6EE 0C8EE 0H4EE 4C7EE 3HTEE 2EE 0EE 4HQEE 4EE 4H3EE 2D8EE
%00026%result% 13420
%00026%points% 80 86 87 79 73
%00027%mibun% 40312
%00027%seat% 03241
%00027%palyer_cards% SQSKH3H4H7H9HAH2D4C7CK S3S6STH8HTD5DTC4C6CJJ3 S8SJH5H6HJD3D7C8C9CA S7S9SAS2HQHKD6D8DQD2C5 S4S5D9DJDKDAC3CTCQC2 
%00027%change_cards%  01HAH2EE 23CAEE 10S3C4EE 32C5EE
%00027%play%  2H5C5EE 4EE 1S6C6EE 0H7C7EE 3HQDQEE 2EE 1KAHAEE 0EE 3S2D2EE 1EE 3EE 3SACAEE 2EE 4EE 1EE 0EE 3EE 3D6EE 2D7EE 4D9EE 1EE 0EE 3EE 2EE 4DJEE 4DKEE 4DAEE 4EE 4C3EE 1D5EE 0H9EE 3HKEE 2EE 4EE 1H2EE 0EE 3EE 1EE 1STHTDTEE 0EE 3EE 2EE 4EE 1EE 1H8EE 1CJEE 0SQEE 3EE 2EE 4C2EE 0EE 4EE 4S4EE 0EE 3S7EE 2EE 4EE 3S9EE 3EE 3D8EE 2S8C8EE 2SJHJEE 4EE 0SKCKEE 2EE 0EE 0H4D4C4EE 2EE 4EE 0EE 0S3H3EE 2EE 4EE 2D3EE 4S5EE 2H6EE 4CTEE 2EE 4CQEE
%00027%result% 13042
%00027%points% 83 91 88 83 75
%00028%mibun% 20413
%00028%seat% 03241
%00028%palyer_cards% S7STH5HTHQD3D5D9DQC7CJ S3S4SQSKSAH4H9HJD6C5CT H3H7H8D7DKC3C4CQCKC2 S5S8S2H6HAD4DJDAC6C8CA S6S9SJHKH2D8DTD2C9J3 
%00028%change_cards%  21DKC2EE 43J3EE 12S3S4EE 34D4EE
%00028%play%  0H5D5EE 3H6C6EE 2H7D7EE 4S9C9EE 1SKDKEE 0EE 3S2L2EE 2EE 4EE 1EE 3EE 3HADACAEE 2EE 4EE 1EE 0EE 3EE 3S8C8EE 3S5EE 2H8EE 2S3H3C3EE 4EE 1EE 0EE 3EE 2EE 2S4C4EE 4H2D2EE 1EE 0EE 3EE 2EE 4EE 4D4EE 1C5EE 0D9EE 3DJEE 2EE 4EE 1EE 0EE 2CQEE 4HKEE 1SAEE 0EE 2EE 4EE 1C2EE 1EE 1H4EE 0CJEE 2CKEE 4EE 1EE 0EE 4S6EE 1H9EE 0EE 4DTEE 1HJEE 4EE 1SQEE 1EE 1D6EE 0EE 4D8EE 4SJEE 1EE 0EE 1CTEE
%00028%result% 32410
%00028%points% 84 93 92 88 78
%00029%mibun% 43102
%00029%seat% 03241
%00029%palyer_cards% S8STH9HJHAD6D9DAC9CK S7SJHQD3D4DTC4C8CJJ3 S6SQSKSAH5H6HKD5D8C5CQ S3S5S9S2H3H2DQDKC7CAC2 S4H4H7H8HTD7DJD2C3C6CT 
%00029%change_cards%  03HADAEE 12J3EE 30S3H3EE 21H5EE
%00029%play%  1D4C4EE 0EE 3EE 2D5C5EE 4EE 1EE 2D8N8EE 2SQSKSAEE 4EE 1EE 0EE 3EE 2EE 2S6H6EE 4H7D7EE 1SJCJEE 0EE 3EE 2EE 4EE 1EE 1D3EE 0D6EE 3EE 2EE 4DJEE 1EE 0EE 4D2EE 4EE 4S4H4EE 1EE 0EE 3EE 2EE 4HTCTEE 4EE 4C3EE 1H5EE 0S8EE 0H9D9C9EE 3HADACAEE 2EE 4EE 1EE 0EE 3EE 3S2H2C2EE 2EE 4EE 1EE 0EE 3EE 3S5EE 2CQEE 4EE 1EE 0CKEE 3EE 2EE 0EE 0S3H3EE 3EE 2EE 4EE 1EE 0EE 0STEE 3DQEE 2HKEE 4EE 1EE 0EE 3EE 4C6EE 1S7EE 0HJEE 3DKEE 4EE 1EE 3EE 3C7EE 4H8EE 1C8EE 1DTEE 3EE 1HQEE
%00029%result% 20413
%00029%points% 88 95 97 89 81
%00030%mibun% 13042
%00030%seat% 20143
%00030%palyer_cards% S7S9SKSAH8D3D6D8DAC3C7 S4H6HQHAD5D7D9C4C6CTCQ STSJH7HTHJDJD2C9CJCKC2 S3S5SQH4H9DTDKC5C8CA S6S8S2H3H5HKH2D4DQJ3 
%00030%change_cards%  32DKCAEE 10HAEE 23H7C9EE 01D3EE
%00030%play%  1S4C4EE 4S2H2EE 3EE 2EE 0EE 1EE 4EE 4H3L4H5EE 3EE 2CKCAC2EE 0EE 1EE 4EE 2EE 2SJHJDJCJEE 0EE 1EE 4EE 3EE 2EE 2STHTEE 0H8D8EE 0SAHADAEE 1EE 4EE 3EE 2EE 0EE 0S7C7EE 1H6C6EE 4EE 3S5C5EE 2EE 0EE 1EE 3EE 3H9C9EE 2EE 0EE 1EE 4EE 3EE 3SQEE 2EE 0S9EE 1EE 4S8EE 4HKEE 3DTEE 2EE 0D6EE 1D5EE 4D4EE 3EE 0EE 1D3EE 4EE 1EE 1HQCQEE 4EE 3EE 2EE 0EE 1EE 1CTEE 4S6EE 3H4EE 2EE 0C3EE 1EE 4EE 3EE 0EE 0SKEE 1D9EE 4EE 3C8EE 3H7EE 2EE 1EE 4EE 3S3EE 2D2EE 1D7EE 4EE 2EE 4DQEE
%00030%result% 03142
%00030%points% 93 98 98 93 83
%00031%mibun% 02413
%00031%seat% 20143
%00031%palyer_cards% S7SKSAS2H7HKD3D6D9C7CJ S9H5H6HTHQDKDAD2C8CTCA S4S6SQH4HAD5D7C4C6CQ S5S8STH8H2D4DJDQC3C5 S3SJH3H9HJD8DTC9CKC2J3 
%00031%change_cards%  20SQHAEE 43J3EE 02D3D6EE 34C3EE
%00031%play%  2D5D6D7EE 0SKSAS2EE 1EE 4EE 3EE 2EE 0EE 0S7H7C7EE 1EE 4EE 3S8H8M8EE 3S5C5EE 2S6C6EE 0EE 1EE 4EE 3EE 2EE 2S4H4C4EE 0EE 1EE 4EE 3EE 2EE 2D3EE 0D9EE 1EE 4DTEE 3DJEE 2EE 0EE 4EE 3DQEE 3EE 3D4EE 2CQEE 0HKEE 1EE 4C2EE 3EE 0EE 4EE 4S3H3C3EE 3EE 0EE 1EE 4EE 4H9C9EE 3EE 0EE 1HTCTEE 4EE 1EE 1DKDAD2EE 4EE 3EE 0EE 1EE 1H5EE 4D8EE 4SJHJEE 3EE 0EE 1EE 4EE 4CKEE 3H2EE 0EE 1EE 3EE 3STEE 0CJEE 1HQEE 0HAEE 1EE 0EE 0SQEE
%00031%result% 24301
%00031%points% 95 99 103 96 87
%00032%mibun% 34021
%00032%seat% 20143
%00032%palyer_cards% SJH4HJHQD6C3C5C6CTCJCQ S4S5S7SQH6H7HKH2C7C9C2 STSKH8HAD5DTDKDAD2C4CA S9H3H5H9HTD3D4DJDQJ3 S3S6S8SAS2D7D8D9C8CK 
%00032%change_cards%  12H2C2EE 04HQEE 21D5C4EE 40S3EE
%00032%play%  3MxD3D4EE 2DKDAD2EE 0EE 1EE 4EE 3EE 2EE 2STDTEE 0EE 1EE 4EE 3EE 2HACAEE 2H2C2EE 2EE 2H8EE 2SKEE 0EE 1EE 4SAEE 3EE 4S2EE 4EE 4D7D8D9EE 4S8C8EE 4S6EE 3HTEE 0EE 1SQEE 4CKEE 3EE 1EE 4EE 4HQEE 3EE 0EE 1HKEE 1EE 1S7H7C7EE 3EE 0SJHJCJEE 1EE 0EE 0S3C3EE 1S4C4EE 3EE 0EE 1EE 1S5D5EE 3S9H9EE 0EE 1EE 3EE 3H3EE 0H4EE 1H6EE 3EE 0EE 1EE 1C9EE 3DJEE 0CQEE 3EE 0EE 0D6C6EE 3EE 0EE 0C5EE 3DQEE 0EE 3EE 3H5EE
%00032%result% 24130
%00032%points% 96 102 108 98 91
%00033%mibun% 42031
%00033%seat% 04132
%00033%palyer_cards% S3S9STS2H3HKD9DTD2C3J3 S8SJSQH4H5H9D6D7CTCA S6S7SKH6HJD3C6C7C8C9CQ S5H8HQH2D4DJDKDAC5CK S4SAH7HTHAD5D8DQC4CJC2 
%00033%change_cards%  02S2J3EE 34H2EE 20S6D3EE 43S4EE
%00033%play%  0S3H3D3C3EE 4EE 1EE 3EE 2EE 0EE 0STDTEE 4EE 1EE 3S5C5EE 2EE 0EE 3S4D4EE 3EE 3DKCKEE 2S7C7EE 0EE 4EE 1EE 3EE 2H6C6EE 2EE 2SKKAS2EE 0EE 4EE 1EE 3EE 2EE 2CQEE 0S6EE 4D5EE 1H4EE 3EE 2EE 0EE 4EE 1EE 1CAEE 3HQEE 2HJEE 0EE 4HTEE 1H9EE 3H8EE 3DAEE 2C9EE 0EE 4D8EE 4H2C2EE 1EE 3EE 2EE 0S9D9EE 4EE 0EE 0D2EE 4DQEE 1D7EE 3EE 2EE 0EE 4EE 1D6EE 1EE 1SQEE 3DJEE 2C8EE 0HKEE 4CJEE 1CTEE 4C4EE 1EE 4EE 4SAHAEE 1EE 4EE 4H7EE
%00033%result% 32041
%00033%points% 99 103 112 103 93
%00034%mibun% 24103
%00034%seat% 04132
%00034%palyer_cards% SQS2H5H8H2D4D8D9DQD2CJ S8H6HJHQHKD5D6C4C9CK S3S4S7S9H3H7HTD7C3CTCA S6STSJSKH9D3DKC5C6C8CQ S5SAH4HADTDJDAC7C2J3 
%00034%change_cards%  13HKCKEE 42J3EE 31D3C5EE 24S3EE
%00034%play%  1D5C5EE 3S6C6EE 2HTCTEE 0SQDQEE 4EE 1EE 3EE 2KACAEE 0EE 2EE 2S7H7D7EE 0S2H2D2EE 4EE 1EE 3EE 2EE 0EE 0H8D8EE 0D4EE 4S5EE 1S8EE 1H6D6EE 3EE 2EE 0EE 4EE 1EE 1D3EE 3C8EE 3SKHKDKCKEE 2EE 0EE 4EE 1EE 3EE 3CQEE 2S9EE 0H5EE 4H4EE 1EE 3EE 2EE 0EE 4EE 4SAHADAEE 1EE 3EE 2EE 0EE 4EE 4C2EE 1HQEE 3SJEE 2S4EE 0EE 4S3EE 1EE 3EE 2EE 4EE 4DJEE 1C9EE 3EE 2EE 0EE 4C7EE 1C4EE 4EE 1EE 1HJEE 3STEE 2EE 0D9EE 4EE 3EE 0EE 0CJEE 4DTEE 3H9EE
%00034%result% 10432
%00034%points% 103 108 113 105 96
%00035%mibun% 10432
%00035%seat% 04132
%00035%palyer_cards% S4S5H8HTD4DKC3C5CQCA S9STSJH3H4H9D6D2C6CKJ3 S3S6HQHKH2D9DTDQC8C9CT S8SKSAS2HJD5D8DJC4CJC2 S7SQH5H6H7HAD3D7DAC7 
%00035%change_cards%  21HKH2EE 30S2EE 12H3H4EE 03C3EE
%00035%play%  4H5H6H7EE 1S9STSJEE 3EE 2EE 0EE 4EE 1HKLAH2EE 1EE 1D6C6EE 3S8D8EE 3HJDJCJEE 2EE 0EE 4EE 1EE 3EE 3C3EE 2H4EE 0H8EE 0S4D4EE 4HADAEE 1EE 3EE 2EE 0EE 4EE 4S7D7C7EE 1EE 3EE 2EE 0EE 4EE 4D3EE 1H9EE 3SKEE 2EE 0CAEE 4EE 1D2EE 3EE 0EE 1EE 1CKEE 3SAEE 2EE 0S2EE 4EE 3EE 0EE 0S5C5EE 4EE 3EE 2D9C9EE 0EE 2DTCTEE 2EE 2S3H3EE 0EE 4EE 3EE 2HQDQEE 2EE 2S6EE 0HTEE 4SQEE 3C2EE 2EE 0EE 3EE 3C4EE 2C8EE 0CQEE 3EE 0DKEE
%00035%result% 14203
%00035%points% 105 113 116 106 100
%00036%mibun% 30241
%00036%seat% 14230
%00036%palyer_cards% SQH4H8HTDQDKC6CTCQC2 S5S7S9S2H9D6D7D8D2C3J3 S4STHJH2D3D9DTDJDAC9CK S3SJH3H5HQHAD4C4C7CA S6S8SKSAH6H7HKD5C5C8CJ 
%00036%change_cards%  31HACAEE 04C2EE 13S5C3EE 40D5EE
%00036%play%  2D9DTDJEE 3EE 0EE 1EE 4EE 2EE 2D3EE 3C7EE 0H8EE 0SQDQCQEE 1KAHACAEE 4EE 2EE 3EE 0EE 1EE 1D6D7D8EE 1S9H9EE 4SKHKEE 2EE 3EE 0EE 1EE 4EE 4S6H6EE 2EE 3EE 0HTCTEE 1S2D2EE 4EE 0EE 1EE 1S7EE 4CJEE 2CKEE 3EE 0EE 4C2EE 2EE 4EE 4S8C8EE 4C5EE 2C9EE 3EE 0EE 4EE 2EE 2S4EE 3SJEE 0EE 4SAEE 2EE 3EE 4EE 4H7EE 2STEE 3HQEE 0DKEE 2DAEE 3EE 0EE 2EE 2HJEE 3EE 0EE 2H2EE 3S3H3C3EE 0EE 3EE 3D4C4EE 0EE 3S5H5EE
%00036%result% 14230
%00036%points% 106 118 119 108 104
%00037%mibun% 40231
%00037%seat% 14230
%00037%palyer_cards% H3H9HQD5D7DTDQC9CJCQ S3S4SJH6HJH2D3D9DJC5C2 S8S9SAH8HTD4D6DKC3C4CK S6S7SKH4H5HADAC8CTJ3 S5STSQS2H7HKD8D2C6C7CA 
%00037%change_cards%  01HQDQEE 34J3EE 10S3D3EE 43S5EE
%00037%play%  0S3H3D3EE 1SJHJDJEE 4S2L2D2EE 2EE 3EE 0EE 1EE 4EE 4H7C7EE 2S8H8EE 2D4C4EE 3S5H5EE 0H9C9EE 1HQDQEE 4EE 2DKCKEE 3HADAEE 0EE 1H2C2EE 2EE 3EE 1EE 1S4EE 4C6EE 2S9EE 3CTEE 0CJEE 1EE 4CAEE 2EE 3EE 0EE 4EE 4D8EE 4STEE 2SAEE 3EE 0EE 1EE 4EE 2EE 2C3EE 3H4EE 0D5EE 1H6EE 4SQEE 2EE 3SKEE 0EE 1EE 4EE 3EE 3S6EE 0D7EE 1D9EE 4EE 2EE 3EE 0DTEE 1EE 0EE 0CQEE 1EE 4HKEE 2EE 3EE 2D6EE 3S7EE 1EE 2HTEE 3EE 3C8EE
%00037%result% 04231
%00037%points% 111 119 122 110 108
%00038%mibun% 04231
%00038%seat% 14230
%00038%palyer_cards% S3SAHTHAD3D4C4C7CJCAJ3 S4S5STSQS2H6HQC8CTCKC2 S8SJSKH3H9HKD5DJD2C5 S6S7H4H2D6D9DTDQC9CQ S9H5H7H8HJD7D8DKDAC3C6 
%00038%change_cards%  10S2C2EE 34H2EE 01S3D3EE 43C3EE
%00038%play%  1S3S4S5EE 4EE 2EE 3EE 0KKSAS2EE 1EE 0EE 0D4C4EE 1STCTEE 4EE 2SJDJEE 3DQCQEE 0HACAEE 1EE 2EE 3EE 0EE 0C7EE 1C8EE 1SQHQEE 4EE 2SKHKEE 3EE 0EE 1EE 2EE 2D5C5EE 3S6D6EE 0EE 1EE 4H7D7EE 2EE 3D9C9EE 4EE 3EE 3C3EE 0HTEE 1CKEE 4DAEE 2D2EE 3EE 0EE 1EE 4EE 2EE 2H3EE 3H4EE 0EE 1H6EE 4HJEE 2EE 3EE 1EE 4H2EE 4EE 4H8D8EE 4H5EE 2S8EE 2H9EE 3DTEE 0CJEE 1EE 4DKEE 3EE 0C2EE 4EE 1D3EE 4C6EE 3S7EE
%00038%result% 20134
%00038%points% 115 122 127 112 109
%00039%mibun% 12034
%00039%seat% 02314
%00039%palyer_cards% S3S4S7H6H9HQDTDJDACQ S5STH5H8HJHKD8D9C3CKCA S8S9SJSQH3H7HTD5D6D7C8 S2H4HAD3D2C5C6CTCJC2J3 S6SKSAH2D4DQDKC4C7C9 
%00039%change_cards%  42SAH2EE 30J3EE 24H3D5EE 03S3EE
%00039%play%  3S2D2C2EE 1EE 4EE 0EE 2EE 3EE 3S3D3EE 1S5H5EE 4SKDKEE 0KADAEE 2EE 3EE 1EE 4EE 0EE 0HQCQEE 2EE 3EE 1HKCKEE 4EE 0EE 1EE 1H8D8EE 1C3EE 4D5EE 0H6EE 2S9EE 3CTEE 1HJEE 4DQEE 0EE 2SAEE 3EE 1EE 4EE 2H2EE 2EE 2H7D7EE 3EE 1EE 4EE 0EE 2S8C8EE 2D6EE 3CJEE 1CAEE 4EE 0EE 2EE 3EE 1EE 1D9EE 4EE 0DTEE 2EE 3EE 1EE 0DJEE 0EE 0S4EE 2HTEE 3HAEE 1EE 4EE 0EE 2EE 3EE 3H4EE 1STEE 4EE 0EE 2SJEE 3EE 2SQEE 3C5EE 4S6EE 0S7EE 3EE 4EE 0EE 0H9EE 3EE 4EE 3C6EE
%00039%result% 12034
%00039%points% 118 127 131 114 110
%00040%mibun% 20134
%00040%seat% 02314
%00040%palyer_cards% S2H3H8HAD3D6D7DTC5CKCA S3SQH6HTHJD4D9DQC3C6CQ S4S6SJSAH4HQDJCTCJC2 S5S8S9STSKDAC4C7C8C9 S7H5H7H9HKH2D5D8DKD2J3 
%00040%change_cards%  41H2J3EE 32DAEE 14S3C3EE 23S4EE
%00040%play%  0H3D3EE 2SADAEE 3EE 1K2H2EE 4EE 0EE 2EE 1EE 1SQDQCQEE 4EE 0EE 2EE 3EE 1EE 1H6C6EE 4S7H7EE 0HACAEE 2EE 3EE 1EE 4EE 0EE 0C5EE 2S6EE 3SKEE 1EE 4EE 0S2EE 2EE 3EE 0EE 0D6EE 2CTEE 3EE 1HJEE 4D2EE 0EE 2EE 1EE 4EE 4S3C3EE 0EE 2EE 3S4C4EE 1EE 4EE 3S8C8EE 3S9C9EE 1EE 4HKDKEE 0EE 2EE 3EE 4EE 4H5D5EE 0EE 2EE 3EE 1EE 4EE 4D8EE 4H9EE 0DTEE 2HQEE 3EE 1EE 0CKEE 2C2EE 0EE 2EE 2SJDJCJEE 3EE 1EE 0EE 2EE 2H4EE 3S5EE 1D9EE 0EE 3STEE 1EE 3EE 3C7EE 1HTEE 0EE 1EE 1D4EE
%00040%result% 42310
%00040%points% 119 129 135 117 115
%00041%mibun% 43120
%00041%seat% 02314
%00041%palyer_cards% SJSKH3HAD3D4DQD2C8CJC2 S4S5S7H6HTHJD7DJC6CQ SQS2H4H5H8HKD8DAC3C7CK S3S6STH9HQD5D6D9C4C5 S8S9SAH7H2DTDKC9CTCAJ3 
%00041%change_cards%  04D2C2EE 12CQEE 40S8H7EE 21C3EE
%00041%play%  0H3D3EE 2H8D8EE 2SQCQEE 3EE 1EE 4SACAEE 0EE 2EE 4K2C2EE 4EE 4S9C9EE 0SJCJEE 2EE 3EE 1EE 4EE 0EE 0S8C8EE 0D4EE 2H5EE 3STEE 1EE 4DKEE 0HAEE 2S2EE 3EE 4EE 0EE 2EE 2HKCKEE 3EE 1EE 4H2D2EE 0EE 2EE 4EE 4DTCTEE 0EE 2EE 3EE 1HJDJEE 1EE 1H6C6EE 0EE 2EE 3H9D9EE 1EE 3EE 3D5C5EE 1S7D7EE 0EE 2EE 3EE 1EE 1C3EE 0H7EE 2DAEE 3EE 1EE 0EE 2EE 2H4EE 3HQEE 1EE 0EE 2EE 3EE 3S6D6EE 1EE 0EE 2EE 3EE 3S3EE 1S4EE 0SKEE 2EE 3EE 1EE 0EE 0DQEE 2EE 3EE 1EE 2C7EE 3EE 1HTEE 1EE 1S5EE
%00041%result% 40213
%00041%points% 123 131 138 118 120
%00042%mibun% 13240
%00042%seat% 41023
%00042%palyer_cards% STSQH7H9HAD8D9DAC3CQC2 S3S5S8SKH3H4H6HKH2DJCA S4H5HTHQD3DTC7C8C9J3 S7SJS2HJD4D5D2C4CJCK S6S9SAH8D6D7DQDKC5C6CT 
%00042%change_cards%  34S2D2EE 10H2EE 43S6C5EE 01C3EE
%00042%play%  2N6C7C8C9EE 2HTDTEE 3EE 4S2D2EE 1EE 0EE 2EE 4EE 4D6C6EE 1SKHKEE 0HADAEE 2EE 3EE 4EE 1EE 0H2C2EE 0EE 0H9D9EE 2EE 3EE 4EE 1EE 0SQCQEE 0EE 0H7EE 2HQEE 3EE 4EE 1EE 0EE 2EE 2D3EE 3S6EE 4D7EE 1S8EE 1S3H3C3EE 0EE 2EE 3SJHJCJEE 4EE 1EE 3EE 3D4C4EE 4EE 1EE 0EE 2EE 3D5C5EE 3EE 3S7EE 4H8EE 4S9EE 1DJEE 0EE 2EE 3CKEE 4SAEE 1EE 4EE 4CTEE 1CAEE 0EE 2EE 4EE 1EE 1H4EE 0D8EE 0STEE 2EE 4DQEE 1EE 4DKEE 1S5EE 2EE 1H6EE
%00042%result% 30412
%00042%points% 127 133 139 123 123
%00043%mibun% 13402
%00043%seat% 41023
%00043%palyer_cards% S4SJSKH4H5H7HAH2D5DJ S3S6STSAS2D6D7DAC9CJJ3 S8SQH6HTHQD9DTDQD2C3 S5S7S9HJD3D8DKC4C5C6C7 H3H8H9HKD4C8CTCQCKCAC2 
%00043%change_cards%  23SQD2EE 10J3EE 32D3C4EE 01S4EE
%00043%play%  2D3C3EE 3S5C5EE 4H8C8EE 4CQCKCAC2EE 1EE 0EE 2EE 3EE 4EE 4H3EE 1S4EE 0H7EE 2S8EE 2HTDTEE 3EE 4EE 1SADAEE 0K2H2EE 2EE 1EE 0EE 0H5D5EE 2HQDQEE 3EE 4EE 1EE 0EE 2EE 2C4EE 3C6EE 4CTEE 1CJEE 0EE 2EE 3EE 4EE 1EE 1S6D6EE 0SJDJEE 2EE 3EE 4EE 1EE 0EE 0H4EE 2H6EE 3HJEE 4HKEE 1EE 0HAEE 2EE 3EE 4EE 0EE 0SKEE 2EE 3D2EE 4EE 1EE 3EE 3S7C7EE 4EE 1EE 2EE 3EE 3D8EE 3S9EE 4EE 1STEE 2EE 3SQEE 1S2EE 3EE 1EE 1S3EE 2D9EE 3DKEE 4EE 1EE 4D4EE 1D7EE 4EE 1EE 1C9EE
%00043%result% 02314
%00043%points% 132 135 143 126 124
%00044%mibun% 03124
%00044%seat% 41023
%00044%palyer_cards% S8SJH3HKD6D7D8DKC7CJCK S3S4S5S9SQH9HJD5CTCA S7SKH6HTHAD9DTC4C5C6C2 S6STSAH4H2D3DQC3C8C9CQ S2H5H7H8HQD4DJDAD2J3 
%00044%change_cards%  40S2J3EE 12CAEE 04H3D6EE 21C4EE
%00044%play%  3D3C3EE 4EE 1S4C4EE 0D7C7EE 2HTDTEE 3DQCQEE 1EE 0S2L2EE 2EE 3EE 0EE 0HKDKCKEE 2EE 3EE 4EE 1EE 0EE 0S8D8EE 0SJCJEE 2HACAEE 3EE 4EE 1EE 2EE 2H6C6EE 3EE 4EE 1S9H9EE 2EE 1EE 1S5D5EE 2EE 3EE 4EE 1EE 1S3EE 2C5EE 3S6EE 4H7EE 1CTEE 2SKEE 3SAEE 4EE 1EE 2EE 3EE 3H4EE 4H5EE 1HJEE 2EE 3H2EE 4EE 1EE 3EE 3C8EE 3C9EE 4DJEE 1SQEE 2C2EE 3EE 4EE 2EE 2S7EE 3STEE 4EE 2EE 4H3EE 2D9EE
%00044%result% 01324
%00044%points% 137 139 145 129 125
%00045%mibun% 01324
%00045%seat% 12034
%00045%palyer_cards% S4S5S7SAH5HQHKD6DJDAC6 S8SKH6H2D9D2C3C4CAJ3 S9SQH8HJD4D8DTDQC9CK S3S6STSJS2D5DKC5C7C8CQ H3H4H7H9HTHAD3D7CTCJC2 
%00045%change_cards%  40HAC2EE 21CKEE 04S4S5EE 12C3EE
%00045%play%  4H3D3EE 1SKCKEE 2EE 0EE 3EE 4EE 1H2D2EE 1EE 1K4C4EE 2H8D8EE 2S9C9EE 0EE 3EE 4HTCTEE 1EE 2SQDQEE 4EE 2EE 2C3EE 0H5EE 3S6EE 4H9EE 1CAEE 2EE 0C2EE 3EE 4EE 1EE 0EE 0HQHKHAEE 3EE 4EE 1EE 2EE 0EE 0D6C6EE 3EE 4H7D7EE 1EE 2EE 0SADAEE 4EE 0EE 0S7EE 3C8EE 3D5C5EE 4EE 1EE 2EE 0EE 3EE 3S3EE 4S5EE 1S8EE 1H6EE 2DTEE 0DJEE 3DKEE 4EE 1EE 2EE 3EE 3C7EE 4CJEE 1EE 2EE 3CQEE 4EE 3EE 3STEE 4EE 1EE 2HJEE 3S2EE 2EE 3EE 3SJEE 4EE 1EE 2EE 4S4H4EE 1EE 2EE 1D9EE
%00045%result% 03412
%00045%points% 142 141 146 133 128
%00046%mibun% 03412
%00046%seat% 12034
%00046%palyer_cards% H3H6H9HAH2D4D6D9DTCTCA S5S9STSQHQD3C4CJCQCK SJH5D7D8DKD2C5C6C9C2 S6S7SAS2H4H7H8D5DJDQC7 S3S4S8SKHTHJHKDAC3C8J3 
%00046%change_cards%  20D2C2EE 13CKEE 02H3D4EE 31H4EE
%00046%play%  1SQHQCQEE 2EE 0H2D2C2EE 3EE 4EE 1EE 0EE 0H6D6EE 3EE 4S8C8EE 4HTHJLQHKEE 1EE 2EE 0EE 3EE 4EE 4S3C3EE 1H4C4EE 2H5C5EE 0HACAEE 3EE 4EE 1EE 2EE 0EE 0H9D9EE 3EE 4EE 1EE 2EE 0DTCTEE 3S7H7C7EE 4EE 1EE 2EE 3EE 3D5EE 4SKEE 1EE 2EE 3SAEE 4EE 3S2EE 3EE 3S6EE 4DAEE 1EE 2EE 3EE 4EE 4S4EE 1S5EE 2SJEE 3EE 1EE 2EE 2H3EE 3H8EE 3DJEE 1EE 2DKEE 3EE 2EE 2D4EE 3DQEE 1EE 2EE 3EE 3CKEE 1EE 2EE 1D3EE 2C6EE 1S9EE 2EE 1STEE 1EE 1CJEE
%00046%result% 04312
%00046%points% 147 143 147 136 132
%00047%mibun% 03421
%00047%seat% 12034
%00047%palyer_cards% SJSQSAS2H7H9D9D2C7C9CJ S7S8H3H8HTHKH2D3D6C2 SKHJD5D7DTDKC4C6C8CQ S5S9STH6HQHAD4D8DACTCA S3S4S6H4H5DJDQC3C5CKJ3 
%00047%change_cards%  20SKDKEE 14H2EE 02H7C7EE 41S3EE
%00047%play%  1S3H3D3EE 2H7D7C7EE 0H9D9C9EE 3HADACAEE 4EE 1EE 2EE 0EE 3EE 3STCTEE 4KJDJEE 1EE 2EE 0SKDKEE 3EE 4EE 0S2D2EE 0EE 0SJCJEE 3EE 4EE 1EE 2EE 0EE 0SQEE 3EE 4CKEE 1C2EE 2EE 0EE 4EE 1EE 1S8H8EE 1D6EE 2C8EE 2C4EE 0SAEE 3EE 4H2EE 1EE 2EE 4EE 4S4H4EE 1EE 2EE 3EE 4H5C5EE 4EE 4C3EE 1S7EE 2DTEE 3HQEE 4EE 1HKEE 2EE 3EE 1EE 1HTEE 2HJEE 3EE 4EE 2EE 2D5EE 3H6EE 4DQEE 2EE 3EE 4EE 4S6EE 2CQEE 3EE 2EE 2C6EE
%00047%result% 01423
%00047%points% 152 147 149 137 135
%00048%mibun% 01342
%00048%seat% 42103
%00048%palyer_cards% S3SKS2H4H5HTHQHAD4D6CK S8SQH3H9D3D7DAC3C5C7 S4SJSAH6HJHKDJD2C6CJ S6S7H7D5DTDQDKC4C9CQJ3 S5S9STH8H2D8D9C8CTCAC2 
%00048%change_cards%  30DKJ3EE 21D2EE 03S3H4EE 12H3EE
%00048%play%  1D3C3EE 0K4D4EE 3S7H7EE 4S9D9EE 2EE 1EE 0EE 3DQCQEE 4H2C2EE 3EE 4EE 4H8D8C8EE 4STCTEE 2EE 1EE 0EE 3EE 4EE 4S5EE 2HKEE 1DAEE 0S2EE 3EE 4EE 2EE 1EE 0EE 0SKDKCKEE 3EE 4EE 2EE 1EE 0EE 0H5EE 3S6EE 4CAEE 2EE 1D2EE 0EE 3EE 1EE 1D7C7EE 0EE 3EE 2EE 1EE 1C5EE 0D6EE 3C9EE 2SAEE 1EE 0EE 3EE 2EE 2SJHJDJCJEE 1EE 0EE 3EE 2EE 2H6C6EE 1EE 0EE 3H4C4EE 2EE 3EE 3DTEE 2S4EE 1EE 0EE 3S3EE 2EE 3EE 3D5EE 2H3EE 1EE 0EE 1SQEE 0HTEE 1H9EE 0EE 1EE 1S8EE
%00048%result% 43210
%00048%points% 153 149 152 141 140
%00049%mibun% 43210
%00049%seat% 42103
%00049%palyer_cards% S3STSKS2HJD3DAC5C7CJ S6S7SJH6HQD6D7DJD2C6C2 S4S5S8S9H9DQC3C9CTCQJ3 SAH4H7H8HTD4DKC8CKCA SQH3H5HKHAH2D5D8D9DTC4 
%00049%change_cards%  04S2DAEE 13D2EE 40H3C4EE 31H4EE
%00049%play%  0S3H3D3EE 3EE 4EE 2S9H9C9EE 1EE 0EE 2KQDQCQEE 2EE 2C3EE 1H4EE 0C5EE 3H7EE 4SQEE 2EE 1C2EE 0EE 3EE 4EE 1EE 1S6H6D6C6EE 0EE 3EE 4EE 2EE 1EE 1SJDJEE 0EE 3H8C8EE 3SACAEE 4H5D5EE 2EE 1EE 0EE 3EE 4EE 4HKHAH2EE 2EE 1EE 0EE 3EE 4D8D9DTEE 4S2EE 2CTEE 1EE 0C7EE 3EE 4EE 2EE 0C4EE 0EE 0HJCJEE 3EE 4EE 2EE 1S7D7EE 0EE 1EE 1HQEE 0STEE 3D4EE 4EE 2EE 0EE 3EE 3DKCKEE 4EE 2EE 0EE 3EE 3D2EE 4DAEE 2EE 0EE 3EE 2S8EE 2S5EE 0EE 3EE 2S4EE 0SKEE
%00049%result% 14203
%00049%points% 155 154 155 142 144
%00050%mibun% 30241
%00050%seat% 42103
%00050%palyer_cards% S4S6S8SQH2D7D2C3C6CKCA S3S5SJS2H6H9HKD8DKC7C9 STSKSAH3HJHQD3DQC8J3 H7D4D6D9DTDJDAC4C5CTCQ S7S9H4H5H8HTHAD5CJC2 
%00050%change_cards%  31DACQEE 04H2EE 13S3S5EE 40H4EE
%00050%play%  2LTHJHQEE 1EE 0EE 3EE 4EE 2EE 2H3D3EE 1H9C9EE 0EE 3DTCTEE 4H2C2EE 2EE 1EE 3EE 4EE 4H5D5EE 2EE 1HKDKEE 0EE 3EE 4EE 1EE 1H6EE 0D7EE 3D9EE 4EE 2DQEE 1DAEE 0D2EE 3EE 2EE 1EE 0EE 0S4H4EE 3S5C5EE 4EE 2EE 1EE 0S6C6EE 3EE 0EE 0C3EE 3D6EE 4S7EE 2C8EE 2STEE 1SJEE 0SQEE 3EE 4EE 2SKEE 1S2EE 0EE 2EE 1EE 1C7EE 0S8EE 0CKEE 3EE 4HAEE 2EE 1EE 0EE 4EE 4H8EE 4S9EE 2SAEE 1EE 0EE 3EE 4EE 1D8EE 1CQEE 0CAEE 3EE 4EE 3D4C4EE 4EE 3EE 3S3EE 4HTEE 3DJEE 4EE 3EE 3H7EE
%00050%result% 21034
%00050%points% 158 158 160 144 145
%00051%mibun% 21034
%00051%seat% 23401
%00051%palyer_cards% STH4H6H2DJDQD2C5C6CQ S3S8S9HQHKD6DTC7CJC2 S5SJH5H7H9HTD5C3C4C8CA S4S6S7SQH8HJHAD3D7DKCT SKSAS2H3D4D8D9DAC9CKJ3 
%00051%change_cards%  42S2J3EE 31HAEE 24C3C4EE 13S3EE
%00051%play%  3S3D3EE 4D4C4EE 0H6C6EE 1EE 2K7H7EE 3EE 4D9C9EE 0DQCQEE 2EE 4EE 0EE 0H2D2EE 1EE 2EE 3EE 4EE 0EE 0H4EE 1D6EE 2C8EE 2S5H5D5EE 3EE 4EE 0EE 1EE 2EE 2H9EE 3CTEE 4EE 0DJEE 1C2EE 2EE 3EE 0EE 1EE 1HQHKHAEE 2EE 3EE 4EE 0EE 1EE 1C7EE 2HTEE 3HJEE 4EE 0EE 1EE 2EE 3EE 3S7D7EE 4SKCKEE 0EE 1EE 2EE 3EE 4SADAEE 4EE 4H3C3EE 0EE 1EE 2EE 3EE 4EE 4D8EE 0C5EE 1S8EE 1S9EE 2SJEE 3SQEE 0EE 1EE 2S2EE 3EE 2EE 2CAEE 3EE 0EE 1EE 3S4EE 0STEE 1EE 3EE 1DTEE 3DKEE 1EE 3EE 3S6EE 1CJEE
%00051%result% 42013
%00051%points% 161 160 164 145 150
%00052%mibun% 23140
%00052%seat% 23401
%00052%palyer_cards% SAH3HAD5D9C7C8CQCKCAJ3 S8SKH5H7HTD8DTDKD2C3C5 S3S7STSJH6HKD3DQDAC4 S4S5S9SQH9H2D6D7DJCT S6S2H4H8HJHQD4C6C9CJC2 
%00052%change_cards%  34SQH2EE 12D2EE 43H4D4EE 21S3EE
%00052%play%  2D3EE 3S5EE 4H8EE 4S2H2C2EE 0EE 1EE 2EE 3EE 4EE 4S6C6EE 0K7C7EE 1EE 2EE 3EE 4EE 0SACAEE 0EE 0H3EE 1H7EE 2HKEE 3EE 4EE 0HAEE 1EE 2EE 0EE 0D5EE 1EE 2H6EE 3D7EE 4C9EE 0CQEE 2EE 3EE 4EE 0CKEE 0EE 0C8EE 0D9EE 1EE 2STEE 3DJEE 4EE 2DQEE 3EE 2DAEE 2D2EE 2EE 2C4EE 3D6EE 4EE 1EE 2S7EE 3CTEE 2SJEE 3EE 3S4H4D4EE 4EE 1EE 3EE 3S9H9EE 4HJCJEE 1SKDKEE 4EE 1EE 1S3C3EE 4SQHQEE
%00052%result% 02341
%00052%points% 166 161 168 148 152
%00053%mibun% 04123
%00053%seat% 23401
%00053%palyer_cards% S4S7SJSQH4H5HTHKD9C6C2 S5H7HJD5D6D8DJDKC3C4C7 STSKHAD7DQC8CTCJCQCKJ3 S8S9SAS2H6H8HQH2DTD2 S3S6H3H9D3D4DAC5C9CA 
%00053%change_cards%  10HJDKEE 42DAEE 01S4H4EE 24D7EE
%00053%play%  4S3H3D3EE 0EE 1S4H4C4EE 2STLTCTEE 3EE 4EE 1EE 2EE 2CJCQCKEE 3EE 4EE 0EE 1EE 2EE 2HADAEE 3EE 4EE 0EE 1EE 2EE 2C8EE 2DQEE 3SAEE 4EE 0C2EE 1EE 2EE 3EE 0EE 0SJHJEE 1EE 2EE 3EE 4EE 0HKDKEE 0EE 0H5EE 1D6EE 2SKEE 3EE 4CAEE 0EE 1EE 4EE 4H9C9EE 0EE 1EE 3EE 4EE 4D4EE 0C6EE 1D8EE 1S5D5EE 3S8H8EE 3S2H2D2EE 4EE 0EE 1EE 3EE 3H6EE 4D7EE 0D9EE 1DJEE 3EE 4EE 0EE 1EE 1H7C7EE 3EE 4EE 0EE 1EE 1C3EE 3S9EE 4EE 0HTEE 3HQEE 0EE 3EE 3DTEE 4EE 0SQEE 0EE 0S7EE
%00053%result% 21304
%00053%points% 168 165 173 151 153
%00054%mibun% 31024
%00054%seat% 20341
%00054%palyer_cards% S5SQSKHJHKD3C3C7CJCAJ3 S3S6S9H4H9D4D5DQDKCK S8STSAS2H3H6HAD2CTCQC2 H5H2D6D7D8D9DTC4C5C8C9 S4S7SJH7H8HTHQDJDAC6 
%00054%change_cards%  42HQDAEE 01J3EE 24H3H6EE 10S3EE
%00054%play%  0S3D3C3EE 3EE 4EE 1K4H4D4EE 2SAHADAEE 0EE 1EE 2EE 2S2D2C2EE 0EE 3EE 4EE 1EE 2EE 2STCTEE 0HJCJEE 3EE 4EE 1DKCKEE 2EE 0EE 1EE 1S9H9EE 2HQCQEE 0SKHKEE 3EE 4EE 1EE 2EE 0EE 0S5EE 3H2EE 4EE 1EE 2EE 0EE 3EE 3D6D7D8D9DTEE 3H5C5EE 4EE 1EE 2EE 0EE 3EE 3C9EE 4S4EE 1EE 2EE 0EE 3EE 4H3EE 4EE 4H6H7H8EE 4SJDJEE 1EE 2EE 0EE 3EE 4EE 4HTEE 1S6EE 2EE 0EE 3C4EE 4EE 1EE 3EE 3C8EE 4S7EE 1D5EE 2EE 0EE 4EE 1EE 1DQEE 2S8EE 0CAEE 4C6EE
%00054%result% 31240
%00054%points% 169 169 176 156 155
%00055%mibun% 41203
%00055%seat% 20341
%00055%palyer_cards% S6S8S9HAD7D8DKC3CQCK S7SQSAH3HJD3DJDQDAC9CJ S3S5S2H5H8H9D2C6C7CA S4SJSKH4HQHKD4D6C5C8CT STH6H7HTH2D5D9DTC4C2J3 
%00055%change_cards%  03HADKEE 41J3EE 30S4H4EE 14H3EE
%00055%play%  1DJDQMKDAEE 2EE 0EE 3EE 4EE 1EE 1HJCJEE 2S2D2EE 0EE 3EE 4EE 1EE 2EE 2S5H5EE 0S8D8EE 0S4H4EE 3EE 4H2C2EE 1EE 2EE 0EE 4EE 4STHTDTEE 1EE 2EE 0EE 3SKHKDKEE 4EE 3EE 3D4EE 4D5EE 1EE 2EE 0D7EE 3EE 4D9EE 0EE 4EE 4H3EE 1S7EE 2H8EE 2S3EE 0S6EE 3SJEE 4EE 1SQEE 2EE 0EE 3EE 1SAEE 1EE 1D3EE 2C6EE 0S9EE 3CTEE 4EE 1EE 2CAEE 0EE 3EE 2EE 2C7EE 0CQEE 3EE 4EE 1EE 2EE 0CKEE 0EE 0C3EE 3C5EE 4EE 1C9EE 2EE 3EE 2H9EE 3HQEE 4EE 3HAEE 3EE 3D6EE 4H7EE 3C8EE
%00055%result% 01234
%00055%points% 174 173 179 158 156
%00056%mibun% 01234
%00056%seat% 20341
%00056%palyer_cards% S3S6SJS2H5HQD3D6DQD2CQ S8STH4HTD4DTC4C5C6CJ SAH3H7H9H2D5D8DKC9J3 S5S7S9SQSKH8D9C3C8CAC2 S4H6HJHKHAD7DJDAC7CTCK 
%00056%change_cards%  40HADAEE 31C2EE 04S3D3EE 13H4EE
%00056%play%  4S3D3EE 1D4C4EE 2H9C9EE 0HADAEE 3EE 4EE 1EE 2K2H2EE 0EE 2EE 2H3EE 0H5EE 3EE 4H6EE 1EE 2H7EE 0EE 4EE 2EE 2D5EE 0SJEE 3SQEE 4EE 1EE 2SAEE 0EE 3EE 2EE 2D8EE 2DKEE 0EE 3CAEE 4EE 1C2EE 3EE 1EE 1STHTDTEE 0HQDQCQEE 3EE 4EE 1EE 0EE 0S6D6EE 3H8C8EE 3S9D9EE 4HJDJEE 1EE 0S2D2EE 3EE 4EE 3C3EE 4S4EE 1C5EE 3S7EE 4CTEE 1CJEE 3EE 4EE 1EE 1C6EE 3SKEE 4EE 1EE 3EE 3H4EE 4EE 1S8EE 3S5EE
%00056%result% 20134
%00056%points% 178 176 184 160 157
%00057%mibun% 12034
%00057%seat% 30241
%00057%palyer_cards% S3SQH9HTD4D5DJDQCJJ3 S6S7S9SJH8HJD9C3C4C9CA S4STSKH7HQHAD7D8C8CTCK S5SAH3H4H5HKD6DTD2C6 S8S2H6H2D3DKDAC5C7CQC2 
%00057%change_cards%  42S2H2EE 30D2EE 24S4H7EE 03S3EE
%00057%play%  4H7C7EE 1SJHJEE 3EE 0SQDQEE 2SKCKEE 4EE 1EE 0K2D2EE 2EE 0EE 0DJCJEE 2S2H2EE 4EE 1EE 3EE 0EE 2EE 2D8C8EE 2STCTEE 4EE 1EE 3EE 0EE 2EE 2D7EE 4S8EE 4D3EE 1C4EE 3DTEE 0EE 2HQEE 4DKEE 1CAEE 3EE 2EE 4C2EE 1EE 4EE 4S4EE 1S6EE 3SAEE 0EE 2EE 4EE 1EE 3EE 3H3H4H5EE 0EE 2EE 4EE 1EE 3EE 3D6C6EE 0EE 2EE 4EE 1EE 3EE 3S3EE 0D4EE 2HAEE 4EE 1EE 3EE 0EE 4C5EE 1S7EE 3HKEE 0EE 4DAEE 1EE 3EE 4EE 4H6EE 1H8EE 1S9D9C9EE 3EE 0EE 4EE 1EE 1C3EE 3S5EE 0H9EE 4CQEE
%00057%result% 21340
%00057%points% 179 180 189 163 159
%00058%mibun% 41023
%00058%seat% 30241
%00058%palyer_cards% H5H7HJHKH2D4D6D2C3CA S6SAH3H6HQD7DJDAC7C9CQ S7S8S9H8HAD3D5DTDKCTC2 S3SKH4H9HTDQC4C5C6C8 S4S5STSJSQS2D8D9CJCKJ3 
%00058%change_cards%  02H2D2EE 41J3EE 20D3D5EE 14H3EE
%00058%play%  0D3D4D5D6EE 2EE 4EE 1EE 3EE 0EE 0C3EE 2DKEE 4S2EE 1KxEE 3EE 0EE 2EE 4EE 1EE 1S6H6EE 3EE 0EE 2S8H8EE 2H2D2C2EE 4EE 1EE 3EE 0EE 2EE 2DTCTEE 4SJCJEE 1HQCQEE 3EE 0EE 2EE 4EE 1SADAEE 1EE 1D7C7EE 3EE 0EE 2EE 4EE 1EE 1C9EE 3HTEE 0HJEE 2HAEE 4EE 1EE 3EE 0EE 2EE 2S7EE 4D8EE 4H3EE 1DJEE 3DQEE 0EE 2EE 4EE 3EE 3C4C5C6EE 0EE 2EE 4EE 3EE 3S3EE 0H5EE 2S9EE 4STEE 3SKEE 0EE 4EE 3EE 3H4EE 0H7EE 4EE 3H9EE 0HKEE 3EE 0EE 0CAEE 4EE 3EE 4S4EE 3C8EE
%00058%result% 12034
%00058%points% 182 185 193 165 160
%00059%mibun% 20134
%00059%seat% 30241
%00059%palyer_cards% S4S5SKH6HTHAD3DKD2C3CK S3SQH5H7H8D5DTC4C6C9CJ S6S9SJS2H4HJD8DAC8CQ S7STH2D4D9DJDQC5CTCAC2 S8SAH3H9HQHKD6D7C7J3 
%00059%change_cards%  41SAJ3EE 32H2EE 14S3C4EE 23H4EE
%00059%play%  0SKDKCKEE 2EE 4EE 1EE 3EE 0EE 0D3C3EE 2D8C8EE 2SJHJEE 4EE 1SQLQEE 3EE 0EE 2S2H2EE 1EE 2EE 2S6EE 4S8EE 4S3H3EE 1H5D5EE 3STCTEE 0EE 2EE 4EE 1EE 3EE 3H4D4EE 0EE 2EE 4D7C7EE 1EE 3EE 4EE 4C4EE 1C6EE 3CAEE 0EE 2EE 4EE 1EE 3C2EE 3EE 3C5EE 0H6EE 2S9EE 4HQEE 1SAEE 3EE 0D2EE 2EE 4EE 1EE 0EE 0S4EE 2CQEE 4HKEE 1EE 3EE 0HAEE 2EE 4EE 0EE 0S5EE 2DAEE 4EE 1EE 3EE 0EE 4D6EE 1H7EE 3D9EE 0HTEE 4EE 1CJEE 3DQEE 1EE 3EE 3S7EE 4H9EE 1DTEE 3DJEE
%00059%result% 20431
%00059%points% 186 186 198 167 163
%00060%mibun% 14032
%00060%seat% 34201
%00060%palyer_cards% SQH9HAD5DJDKD2C6C7C9J3 S4STS2H8HTHQD3D4C5CJC2 S3S7S9SJSKH5DQDAC4CQCA S5S6H4H6HKH2D6D7D8C3 S8SAH3H7HJD9DTC8CTCK 
%00060%change_cards%  12S2C2EE 30H2EE 21S3C4EE 03D5EE
%00060%play%  1S4D4C4EE 3S6H6D6EE 4EE 2EE 0K9H9C9EE 1EE 3EE 0EE 0H2D2EE 1EE 3EE 4EE 2EE 0EE 0C6EE 1H8EE 1S3D3EE 3S5D5EE 4EE 2EE 0EE 1EE 3EE 3C3EE 4H7EE 2S9EE 0DJEE 1HQEE 3HKEE 4EE 2EE 0HAEE 1EE 3EE 0EE 0C7EE 1CJEE 3EE 4CKEE 2EE 0EE 1EE 4EE 4S8C8EE 4DTCTEE 2DQCQEE 0EE 1EE 3EE 4EE 2DACAEE 2EE 2S2C2EE 0EE 1EE 3EE 4EE 2EE 2H5EE 0SQEE 1EE 3EE 4SAEE 2EE 0EE 4EE 4H3EE 2S7EE 0DKEE 1EE 3EE 4EE 2EE 1STHTEE 3EE 4EE 2EE 1EE 1C5EE 3D7EE 4D9EE 2EE 3EE 4EE 4HJEE 2SKEE 3EE 2EE 2SJEE
%00060%result% 01423
%00060%points% 191 190 200 168 166
%00061%mibun% 01342
%00061%seat% 34201
%00061%palyer_cards% S4SJSKH4HJHKHAD9C4C5C8 S3S5S7S9H7H8D6D8C9CQJ3 SQSAS2HTDKC3CTCJCKCA S6S8STH5H9HQH2D7DTDQDA H3H6D3D4D5DJD2C6C7C2 
%00061%change_cards%  30H2DAEE 21S2EE 03S4H4EE 12S3EE
%00061%play%  4D3D4D5EE 2EE 0HKHAH2EE 1EE 3EE 4EE 0EE 0SJHJEE 1KQCQEE 3EE 4D2C2EE 2EE 0EE 1EE 4EE 4H6C6EE 2HTCTEE 0EE 1EE 3EE 4EE 2EE 2S3C3EE 0EE 1S7H7EE 3STDTEE 4EE 2DKCKEE 1EE 3EE 2SACAEE 2EE 2CJEE 0SKEE 1S2EE 3EE 4EE 2EE 0EE 1EE 1H8D8EE 1S9C9EE 3HQDQEE 4EE 2EE 0EE 1EE 3EE 3S4H4EE 4EE 2EE 0EE 1EE 3EE 3H5EE 4C7EE 2SQEE 0DAEE 1EE 3EE 4EE 0EE 0C4EE 1S5EE 3S6EE 4EE 0EE 1EE 3S8EE 3D7EE 4DJEE 0EE 1EE 3EE 4EE 4H3EE 0C5EE 1D6EE 3H9EE
%00061%result% 24130
%00061%points% 192 193 205 170 170
%00062%mibun% 42031
%00062%seat% 34201
%00062%palyer_cards% SQSKSAH7HTHKD3D4D9DAC7 S5S8STSJS2HJHAD7C4C5C9 S6H9D6D8DJD2C8CTCQCKC2 H4H5D5DTDQDKC3C6CAJ3 S3S4S7S9H3H6H8HQH2CJ 
%00062%change_cards%  02SADAEE 34J3EE 20S6D6EE 43S3EE
%00062%play%  0S6D6EE 1SJHJEE 3EE 4KQHQEE 2EE 0SKHKEE 1EE 4EE 0EE 0H7C7EE 1EE 3EE 4EE 2D8C8EE 2SADAEE 0EE 1EE 3EE 4EE 2D2C2EE 2EE 2H9EE 0HTEE 1HAEE 3EE 4H2EE 2EE 0EE 1EE 4EE 4H3EE 2CTEE 0SQEE 1S2EE 3EE 4EE 2EE 0EE 1EE 1S5C5EE 3EE 4EE 2EE 0EE 1EE 1C4EE 3C6EE 4CJEE 2CQEE 0EE 1EE 3CAEE 4EE 2EE 3EE 3S3C3EE 4EE 2EE 0EE 1EE 3H5D5EE 3EE 3H4EE 4H6EE 2EE 0EE 1EE 3EE 4H8EE 4S4EE 2DJEE 0EE 1EE 3DQEE 4EE 2EE 3DKEE 3EE 3DTEE 4EE 2CKEE 0EE 1EE 0D3EE 1D7EE 4EE 0D9EE 1EE 0EE 0D4EE 1S8EE 1C9EE 4EE 1STEE
%00062%result% 32014
%00062%points% 195 195 209 175 171
%00063%mibun% 23104
%00063%seat% 12304
%00063%palyer_cards% H5H7H2D7DQD2C3CTCQCKC2 S4S5S8STSJSQHJD8C4CA S6S7S9SKH3D5D6DTDAC5 SAH4H6HQHKD3D4D9DJDKC9 S3S2H8H9HTHAC6C7C8CJJ3 
%00063%change_cards%  43S2J3EE 12CAEE 34H4D3EE 21H3EE
%00063%play%  4C6C7C8EE 4H8H9HTEE 4S3D3EE 1S4C4EE 2D5C5EE 3D9C9EE 0DQCQEE 4EE 1EE 2DACAEE 3EE 0D2C2EE 2EE 0EE 0H7D7EE 4EE 1S8D8EE 1STSJSQEE 2EE 3KKSAS2EE 0EE 4EE 1EE 3EE 3HKDKEE 0EE 4EE 1EE 2EE 3EE 3D4EE 0H5EE 4CJEE 1EE 2SKEE 3EE 0H2EE 4EE 2EE 0EE 0C3EE 4H4EE 1S5EE 2S7EE 3EE 0EE 4EE 1EE 2S9EE 2EE 2S6D6EE 3EE 0EE 4EE 1EE 2EE 2DTEE 3DJEE 0EE 4EE 1EE 3EE 3H6EE 0CTEE 4HAEE 1EE 3EE 0EE 1H3EE 3HQEE 0EE 1EE 0CKEE
%00063%result% 24301
%00063%points% 197 196 214 178 175
%00064%mibun% 34021
%00064%seat% 12304
%00064%palyer_cards% S4S5S7SQH4H8HKDTDAC5CA S8SJH6HQD3D6C3C4C8CK S6S9S2H3H7HTD5D7D2CJJ3 S3STSAH5HJH2D4DQC9CQC2 SKH9HAD8D9DJDKC6C7CT 
%00064%change_cards%  12HQCKEE 04DAEE 21H3D5EE 40C6EE
%00064%play%  1H3D3C3EE 2K7H7D7EE 3EE 0EE 4EE 1EE 2EE 2S2D2EE 3EE 0EE 4EE 1EE 2EE 2S6EE 3C9EE 0DTEE 4DJEE 1EE 2EE 3EE 0EE 4EE 4H9D9EE 1EE 2EE 3DQCQEE 0EE 4SKDKEE 3H2C2EE 4EE 3EE 3S3EE 0C6EE 4C7EE 1EE 2CJEE 3EE 0CAEE 4EE 2EE 0EE 0S4H4EE 4HADAEE 1EE 2EE 3EE 0EE 4EE 4D8EE 4CTEE 1SJEE 2HQEE 3SAEE 0EE 1EE 2EE 3EE 3D4EE 0S7EE 1EE 2S9EE 3STEE 0SQEE 2EE 3EE 0EE 0S5C5EE 1H6D6EE 2EE 3EE 0EE 1S8C8EE 1C4EE 2HTEE 3HJEE 0HKEE 1EE 2EE 3EE 0EE 0H8EE 1D5EE 2CKEE
%00064%result% 40123
%00064%points% 201 199 216 179 180
%00065%mibun% 12340
%00065%seat% 12304
%00065%palyer_cards% S9H8H9HTD5D9DKC3C6J3 S3S8STH4H5D6DJDAC5CTCK S6SJSAHKH2D3D4D8DTC4C2 S5S7SQH6H7HQHAD7C9CQ S4SKS2H3HJDQD2C7C8CJCA 
%00065%change_cards%  34SQHAEE 20H2EE 43S4H3EE 02C3EE
%00065%play%  2D3C3EE 3HQCQEE 0KKDKEE 4HACAEE 1EE 2EE 3EE 0EE 4S2D2EE 4EE 4HJCJEE 1EE 2EE 3EE 0EE 4SQDQEE 4EE 4C7EE 1S8EE 1H5C5EE 2EE 3EE 0EE 4EE 1STCTEE 1EE 1S3EE 2S6EE 3EE 0EE 4SKEE 1EE 2SAEE 4EE 2EE 2D4C4EE 3EE 0EE 4EE 1EE 2EE 2D8EE 2DTEE 3EE 0H2EE 4EE 1EE 2EE 0EE 0H8H9HTEE 0S9D9EE 4EE 1EE 2EE 3EE 0EE 0D5EE 4C8EE 1H4EE 2SJEE 3EE 0EE 1CKEE 2C2EE 1EE 2EE 2HKEE 3EE 0EE 1DAEE 1EE 1D6EE 3C9EE 0EE 1DJEE 3EE 3S7H7D7EE 0EE 3EE 3H3EE 0C6EE
%00065%result% 42103
%00065%points% 203 202 220 180 185
%00066%mibun% 32140
%00066%seat% 04123
%00066%palyer_cards% S9SKS2H9HQHAC3C5CQJ3 S4H8HKD6D9DAD2C9CJCKCA S7SQH3H5HTH2D3D4D5DKC7 S3S5SJH4HJDTDJC4CTC2 S6S8STSAH6H7D7D8DQC6C8 
%00066%change_cards%  34SJC2EE 02J3EE 43S6H6EE 20H3EE
%00066%play%  2MxD3D4D5EE 3EE 0EE 4EE 1EE 2EE 2S7C7EE 3DTCTEE 0HQCQEE 4EE 1HKCKEE 2EE 3EE 0EE 1EE 1D9C9EE 2EE 3HJDJEE 0EE 4EE 1DACAEE 3EE 1EE 1S4EE 2H5EE 3EE 0SKEE 4SAEE 1EE 2EE 0S2EE 4EE 0EE 0H3C3EE 4H7D7EE 1EE 2EE 3EE 0S9H9EE 4EE 0EE 0C5EE 4C6EE 1CJEE 2EE 3EE 0EE 4C2EE 1EE 4EE 4S8D8C8EE 4STEE 1D2EE 2EE 3EE 0EE 4EE 1EE 1D6EE 2HTEE 3EE 0HAEE 4EE 1EE 2H2EE 2EE 2SQEE 3EE 4EE 1EE 2DKEE 3H4C4EE 4EE 1EE 3S6H6EE 3EE 3S3EE 4SJEE 1EE 3EE 4EE 4DQEE 1EE 3EE 1H8EE
%00066%result% 02413
%00066%points% 208 204 224 181 188
%00067%mibun% 03142
%00067%seat% 04123
%00067%palyer_cards% S3S6H6H8HJHQD4D8DTC4C5 S8STSQSKH3H7D7C3C7C8C9 S7H9HTHAD3D5C6CKCAJ3 S4S5SADJDQDKDAD2CJC2 S9SJS2H4H5HKH2D6D9CTCQ 
%00067%change_cards%  30D2C2EE 12SKEE 03S3D4EE 21D3EE
%00067%play%  1C7C8C9EE 1H3D3C3EE 2SKLKCKEE 3EE 0EE 4EE 1EE 2EE 2HACAEE 3EE 0D2C2EE 4EE 1EE 2EE 0EE 0S6H6EE 4S9D9EE 1EE 2EE 3DJCJEE 0EE 4S2H2EE 3EE 4EE 4H4EE 1S8EE 1H7D7EE 2EE 3SADAEE 0EE 4EE 1EE 3EE 3S3S4S5EE 0EE 4EE 1EE 2EE 3EE 3D4EE 0C5EE 4D6EE 1STEE 2EE 3DQEE 0EE 4HKEE 1EE 3EE 4EE 4H5EE 1SQEE 2EE 3DKEE 0EE 4EE 0H8D8EE 0C4EE 4CTEE 2EE 0EE 4CQEE 4EE 4SJEE 2EE 0HQEE 0EE 0DTEE 2EE 0HJEE
%00067%result% 13402
%00067%points% 210 209 225 185 191
%00068%mibun% 30412
%00068%seat% 04123
%00068%palyer_cards% STSQH4H5H9HKD5DQCJC2 S3S4S7S8H3HTD7D8D9C3C9 SJH7HJHQD3D6DTDAD2CQCK S5S9SKH6H8HAD4DKC5C6C7 S6SAS2H2DJC4C8CTCAJ3 
%00068%change_cards%  21DAD2EE 03C2EE 12S3H3EE 30D4EE
%00068%play%  2S3H3D3EE 3EE 0EE 4SALACAEE 1EE 2EE 4EE 4S2H2EE 1EE 2EE 3EE 0EE 4EE 4C4EE 1HTEE 2CKEE 3HAEE 0EE 4EE 1D2EE 2EE 3EE 1EE 1D7D8D9EE 1C3EE 2D6EE 3H8EE 3C5C6C7EE 0EE 4EE 1EE 2EE 3EE 3SKDKEE 0EE 4EE 1EE 2EE 3EE 3S5EE 0H9EE 4CTEE 1DAEE 2EE 3C2EE 0EE 4EE 1EE 3EE 3H6EE 0STEE 4DJEE 1EE 2EE 3EE 0HKEE 4EE 0EE 0H4D4EE 4EE 1EE 2SJHJEE 3EE 0SQDQEE 2EE 0EE 0H5D5EE 4EE 1EE 2HQCQEE 3EE 0EE 2EE 2H7EE 3S9EE 0CJEE 4EE 1EE 2EE 4S6EE 1S7EE 2EE 4EE 1S8EE 1S4EE 2DTEE 4EE 1EE 4C8EE
%00068%result% 30241
%00068%points% 214 210 228 190 193
%00069%mibun% 14203
%00069%seat% 24130
%00069%palyer_cards% S4SKH5HQH2D4D5D6DTDKC3 S6S9S2HAD2C5C8C9CKCA S3S5S8H8D8D9C4C7CTCQJ3 SAH3H6H7HTHJHKD3D7DAC2 S7STSJSQH4H9DJDQC6CJ 
%00069%change_cards%  13S2D2EE 40SQEE 31H3D3EE 04C3EE
%00069%play%  1H3D3EE 3H7D7EE 0EE 2H8D8EE 2S3K4S5EE 4EE 1EE 3EE 0EE 2EE 2C4EE 4C6EE 1C8EE 1S9C9EE 3SADAEE 0EE 2EE 4EE 1EE 3EE 3S2D2C2EE 0EE 2EE 4EE 1EE 3EE 3H6EE 0DTEE 2CQEE 4EE 1CKEE 3EE 0EE 2EE 1EE 1HACAEE 3EE 0EE 2EE 4EE 1EE 1C5EE 3HTEE 0H2EE 2EE 4EE 1EE 3EE 0EE 0D4D5D6EE 2EE 4EE 1EE 3EE 0EE 0SQHQEE 2EE 4EE 1EE 3EE 0SKDKEE 0EE 0S4EE 2C7EE 4H9EE 1EE 3HJEE 0EE 2EE 4EE 3HKEE 0H5EE 2S8EE 2D9EE 4STEE 1EE 2EE 4DQEE 4EE 4SJDJCJEE 1EE 2EE 4EE 4C3EE 1S6EE 2CTEE
%00069%result% 30124
%00069%points% 218 213 230 195 194
%00070%mibun% 12304
%00070%seat% 24130
%00070%palyer_cards% S5SJH4D4DTDJDKD2C5CQCK SQH5H8HTD5D7D9DAC3J3 S4S7S8SAS2H9HJHKHACAC2 S3STH6HQD3D6D8C4C7CTCJ S6S9SKH3H7H2DQC6C8C9 
%00070%change_cards%  43SKH2EE 20S2EE 34S3D3EE 02H4EE
%00070%play%  4S3H3D3EE 1K5H5D5EE 3EE 0EE 2EE 4EE 1EE 1C3EE 3C4EE 0CQEE 2C2EE 4EE 1EE 3EE 0EE 2EE 2SAHACAEE 4EE 1EE 3EE 0EE 2EE 2S4H4EE 4S6C6EE 1EE 3STCTEE 0EE 2EE 4EE 3EE 3H6D6EE 0SJDJEE 2EE 4EE 1EE 3EE 0DKCKEE 0S2D2EE 0EE 0S5C5EE 2EE 4S9C9EE 1EE 3EE 0EE 4EE 4H7EE 1H8EE 1D7EE 3D8EE 3C7EE 0DTEE 2HJEE 4DQEE 1DAEE 3EE 0EE 2EE 4EE 1EE 1D9EE 3CJEE 0EE 2HKEE 4EE 1EE 3H2EE 2EE 3EE 3HQEE 0EE 2EE 4EE 1EE 3SKEE 0D4EE 2S7EE 4C8EE 1HTEE 2EE 1SQEE
%00070%result% 30412
%00070%points% 222 215 231 200 197
%00071%mibun% 13402
%00071%seat% 24130
%00071%palyer_cards% SAS2H6H8HTHAH2D3DKC9CQ S3H3H7H9HQD6D7CTCJJ3 S4S6S8SQHJDAD2C3C8CAC2 S5S7S9H4D5D9DTDQC4C7CK STSJSKH5HKD4D8DJC5C6 
%00071%change_cards%  23D2C2EE 10J3EE 32H4C4EE 01D3EE
%00071%play%  1S3H3D3EE 3EE 0SAHAMAEE 2EE 4EE 1EE 0EE 0S2H2EE 2EE 4EE 1EE 3EE 0EE 0H6EE 2HJEE 4EE 1HQEE 3EE 0EE 2EE 1EE 1H7D7EE 3S9D9EE 0EE 2DACAEE 4EE 1EE 3D2C2EE 2EE 3EE 3S5D5EE 0EE 2S8C8EE 2S4H4C4EE 4EE 1EE 3EE 0EE 2EE 2C3EE 4D4EE 1D6EE 3DTEE 0DKEE 2EE 4EE 1EE 3EE 0EE 0H8EE 0C9EE 2SQEE 4EE 1EE 3CKEE 0EE 2EE 3EE 3S7C7EE 0EE 2EE 4SJDJEE 1EE 3EE 4SKHKEE 4EE 4H5C5EE 1EE 3EE 0EE 2EE 4EE 4C6EE 1H9EE 3DQEE 0EE 2EE 4EE 1EE 0HTEE 2EE 4EE 1CJEE 0CQEE 1EE 2S6EE 4D8EE 4STEE
%00071%result% 30241
%00071%points% 226 216 234 205 199
%00072%mibun% 14203
%00072%seat% 41023
%00072%palyer_cards% S4S5SJS2H6H8H9DQDAD2 S3S8SKSAH7HAD5D7DKC3C4 STSQH3HJD4D6C5CQC2J3 S7S9HTHQHKD8DJC6C7C8CK S6H4H5H2D3D9DTC9CTCJCA 
%00072%change_cards%  13SAHAEE 40H2EE 31S7C6EE 04S4EE
%00072%play%  4C9CTCJEE 1EE 0EE 2EE 3HQHKHAEE 4EE 3EE 3D8C8EE 3C7EE 4D9EE 1EE 0SJEE 2C2EE 3EE 4EE 0EE 2KxEE 2EE 2SQCQEE 3EE 4EE 1SKDKEE 0EE 2EE 1EE 1S7H7D7EE 0S2H2D2EE 2EE 3EE 4EE 1EE 0EE 0S5EE 2D6EE 3S9EE 4DTEE 1EE 0DQEE 2EE 3EE 4EE 0DAEE 0EE 0H6EE 2STEE 3DJEE 4CAEE 1EE 0EE 2EE 3EE 4EE 4S4H4EE 1EE 0EE 2EE 3EE 4EE 4D3EE 1C4EE 0H8EE 0H9EE 2HJEE 3EE 4EE 1EE 2EE 2H3EE 3HTEE 4EE 1EE 2EE 3EE 3CKEE 4EE 1EE 2EE 3SAEE 4H5EE 1C6EE 2EE 4EE 1S8EE 1S3C3EE 2EE 4EE 1EE 1D5EE 2EE 4S6EE
%00072%result% 03142
%00072%points% 231 219 235 209 201
%00073%mibun% 02413
%00073%seat% 41023
%00073%palyer_cards% S7H3H5D4D5D7DJD2CTCQCA S5SKH6HJHQHKD8D9C4CK S4SQH4H9HTD6DKDAC3C5C7 S6S8STSJSAH2DQC8C9CJC2 S3S9S2H7H8HAD3DTC6J3 
%00073%change_cards%  20DKDAEE 43J3EE 02H3D4EE 34S6EE
%00073%play%  4S3D3EE 1EE 0H5D5EE 2EE 3S8C8EE 3K9STSJEE 4EE 1EE 0DKDAD2EE 2EE 3EE 0EE 0S7D7EE 2EE 3H2C2EE 4EE 1EE 0EE 3EE 3C9EE 4DTEE 1EE 0DJEE 2EE 3DQEE 4EE 0EE 3EE 3CJEE 4HAEE 1EE 0EE 2EE 3EE 4S2EE 4EE 4S6C6EE 1EE 0EE 2EE 3EE 4EE 4H7EE 1D8EE 1HJHQHKEE 0EE 2EE 3EE 4EE 1EE 1SKCKEE 0EE 2EE 3EE 4EE 1EE 1C4EE 0CTEE 2EE 3EE 4EE 1EE 0CQEE 0CAEE 2S4H4D4EE 3EE 4EE 1EE 2EE 2H3C3EE 3EE 4EE 1EE 2EE 2C5EE 3SAEE 4EE 1EE 2EE 4H8EE 4S9EE 1EE 2HTEE 2SQEE 2EE 2D6EE 1D9EE 2EE 1EE 1S5EE 2C7EE 1EE 2H9EE
%00073%result% 03421
%00073%points% 236 220 237 213 204
%00074%mibun% 04312
%00074%seat% 41023
%00074%palyer_cards% S4S6STSJSAH3H7HQDACKC2 H5HAD4D5D6DQDKD2C5CT S8S9SKH8H2DTDJC4C7C9CA S3S5SQS2H6D3D7D9C6C8CQ S7H4H9HTHJHKD8C3CJJ3 
%00074%change_cards%  10HAD2EE 23H2EE 01S4H3EE 32S3EE
%00074%play%  3H6C6EE 4HJCJEE 1EE 0EE 2EE 3EE 4HKNKEE 4EE 4C3EE 1CTEE 0CKEE 2CAEE 3EE 4EE 1EE 0EE 2EE 2S8H8EE 2S9C9EE 3SQCQEE 4EE 1EE 0EE 2EE 3EE 3S2H2EE 4EE 1EE 0EE 2EE 3EE 3D3EE 4H4EE 1DQEE 0EE 2SKEE 3EE 4EE 1EE 2EE 2S3EE 3S5EE 4S7EE 1EE 0STEE 2EE 3EE 4EE 0SJEE 0EE 0SAHADAEE 2EE 3EE 4EE 1EE 0EE 0D2C2EE 2EE 3EE 4EE 1EE 0EE 0S6EE 2C7EE 3C8EE 3D7EE 4D8EE 4H9EE 1DKEE 0EE 2EE 3EE 4EE 1EE 1D4D5D6EE 0EE 2EE 3EE 4EE 1EE 1H5C5EE 0EE 2EE 3EE 4EE 1EE 1H3EE 0H7EE 2EE 3EE 4HTEE 1EE 0HQEE 2C4EE 3D9EE 1EE 2DTEE 2DJEE
%00074%result% 40321
%00074%points% 240 221 239 216 209
%00075%mibun% 14320
%00075%seat% 24310
%00075%palyer_cards% S6S7H4D8C3C4C5C6CKJ3 STHTHKH2D3D5D6DTDJC7CT S8SQSKSAH9D9DKDACQCA S3S4S5SJHQHAD4D2C8C9CJ S9S2H3H5H6H7H8HJD7DQC2 
%00075%change_cards%  14HKH2EE 20SAEE 41H3H5EE 02C3EE
%00075%play%  1STHTDTCTEE 0EE 2EE 4EE 3EE 1EE 1H5D5EE 0H4C4EE 2EE 4EE 3EE 1H3D3EE 0EE 1EE 1DJEE 0D8EE 0K5S6S7EE 2EE 4EE 3EE 1EE 0EE 0SAEE 2S8EE 2DACAEE 4H7D7EE 3S4D4EE 1EE 0EE 2EE 4EE 3EE 3SJCJEE 1EE 0EE 2H9D9EE 4EE 3EE 2EE 2SKDKEE 4EE 3EE 1EE 0EE 2SQCQEE 2EE 2C3EE 4EE 3EE 1EE 0EE 4S2H2C2EE 3EE 1EE 0EE 4EE 4HKEE 3HQEE 1EE 0EE 4HJEE 3EE 4H8EE 4DQEE 3C9EE 1C7EE 0C6EE 4EE 3EE 1EE 0C5EE 0EE 0CKEE 4S9EE 3C8EE 3D2EE 1D6EE 4EE 3EE 4H6EE
%00075%result% 20143
%00075%points% 244 224 244 217 211
%00076%mibun% 12043
%00076%seat% 24310
%00076%palyer_cards% S8SKH4HQHAD4D7DKC4CK S3S2H6D8DJDAC8C9CQCA S6SJSQHTHJD6D9DTC5C7CJ S4S5STH3H5H7H8HKD3D2C6 S7S9SAH9H2D5DQC3CTC2J3 
%00076%change_cards%  32HKD2EE 40J3EE 23S6C5EE 04H4EE
%00076%play%  3S4S5S6EE 1EE 0HQLKHAEE 2EE 4EE 3EE 0EE 0SKDKCKEE 2EE 4EE 3EE 1EE 0EE 0D4C4EE 2HTDTEE 4H2C2EE 3EE 1EE 0EE 2EE 4EE 4S9H9EE 3EE 1DACAEE 0EE 2EE 4EE 1EE 1D8C8EE 1S3EE 0D7EE 2D9EE 4DQEE 3EE 1EE 0EE 2D2EE 4EE 2EE 2SJHJCJEE 4EE 3EE 1EE 0EE 2EE 2D6EE 4S7EE 3H8EE 3H3D3EE 1EE 0EE 2EE 4EE 3H5C5EE 3EE 3C6EE 1C9EE 0EE 2EE 4CTEE 3EE 1CQEE 4EE 1EE 1H6EE 0S8EE 2C7EE 4SAEE 3EE 1S2EE 2EE 4EE 1EE 1DJEE 2SQEE 4EE 3EE 2HKEE 4C3EE 3H7EE 4EE 3STEE
%00076%result% 01234
%00076%points% 249 228 247 219 212
%00077%mibun% 01234
%00077%seat% 24310
%00077%palyer_cards% SJH4H2D5DTC3C4C9CQCAJ3 S7S9H5H8H9HTDJDQC7C2 S3S5S6S8SQH6D8DKD2CTCJ S4STS2HJHKD3D6D9DAC6 SKSAH3H7HQHAD4D7C5C8CK 
%00077%change_cards%  40SAHAEE 31S2EE 04H4C3EE 13H5EE
%00077%play%  3D6C6EE 1S7C7EE 0K9C9EE 2EE 4SKCKEE 3EE 1S2C2EE 0EE 4EE 1EE 1H8H9HTEE 1S9EE 0DTEE 2CJEE 4HQEE 3HKEE 1EE 0H2EE 2EE 4EE 3EE 0EE 0SAHACAEE 2EE 4EE 3EE 1EE 0EE 0C4EE 2S5EE 4C8EE 4H3C3EE 3EE 1EE 0EE 2S6H6EE 4H7D7EE 2S8D8EE 2S3EE 4C5EE 3D9EE 1DJEE 0EE 2DKEE 4EE 3DAEE 1EE 2D2EE 3EE 2EE 2CTEE 4EE 3HJEE 1DQEE 0EE 2EE 3EE 0D5EE 2SQEE 4EE 3EE 0EE 4H4D4EE 3EE 0EE 3D3EE 0SJEE 3EE 0CQEE
%00077%result% 12403
%00077%points% 251 233 251 220 215
%00078%mibun% 30142
%00078%seat% 20413
%00078%palyer_cards% S5S7S8H4H5H8HQD9C3CT S3SKH3H7H9D8DJC4C5C6CA S4S6SAD3D4D7DQDKC9CQC2 S9SJH6HTHKH2D5DAC7C8CJ STSQS2HJHAD6DTD2CKJ3 
%00078%change_cards%  31H2DAEE 02HQEE 13S3H3EE 20D3EE
%00078%play%  0D3C3EE 4STDTEE 1DACAEE 3EE 2EE 0EE 4S2D2EE 1EE 4EE 4K6D6EE 1EE 3SJCJEE 2EE 0EE 4EE 3EE 3S3H3EE 2S4D4EE 0S5H5EE 4EE 1EE 3EE 2EE 0S8H8EE 0H4EE 4HJEE 1H2EE 3EE 2EE 0EE 4EE 1EE 1C4C5C6EE 3EE 2EE 0EE 4EE 1EE 1H7EE 3C8EE 3D5EE 2S6EE 0S7EE 4SQEE 1SKEE 3EE 2SAEE 0EE 4EE 1EE 2EE 2HQDQCQEE 0EE 4EE 1EE 3EE 2EE 2D7EE 0D9EE 4EE 1DJEE 3EE 2DKEE 0EE 1EE 2EE 2C9EE 0CTEE 4CKEE 1EE 3EE 2C2EE 4EE 4HAEE 1EE 3EE 1D8EE 1H9EE
%00078%result% 02413
%00078%points% 256 235 255 221 218
%00079%mibun% 03142
%00079%seat% 20413
%00079%palyer_cards% S3S7STH2D9DQDAC3C5CQCA S4S6S8SAH7HJD3D4DJC6C8 SJH4HTHQD8D2C7CJCKC2 SQSKS2H5H6H8D6DTDKC4 S5S9H3H9HKHAD5D7C9CTJ3 
%00079%change_cards%  30SKS2EE 12SAEE 03S3C3EE 21H4EE
%00079%play%  1S4H4D4EE 3EE 2EE 0EE 4S9H9C9EE 1EE 4EE 4D5M6D7EE 1EE 3EE 2EE 0EE 4EE 4H3EE 1H7EE 3H8EE 3S3C3EE 2SJCJEE 0EE 4EE 1EE 3EE 2EE 2D2C2EE 0EE 4EE 1EE 3EE 2EE 2C7EE 0D9EE 4CTEE 1EE 3SQEE 2CKEE 0EE 4HAEE 3EE 2EE 4EE 4S5EE 1EE 3DTEE 2HQEE 0SKEE 4EE 3EE 2SAEE 0EE 2EE 2D8EE 2HTEE 0EE 4HKEE 1EE 3EE 1S6C6EE 3EE 0DQCQEE 1EE 0DACAEE 0EE 0S2H2EE 1EE 3EE 0EE 0C5EE 1EE 3DKEE 0EE 3EE 3H6D6EE 0EE 1S8C8EE 1HJDJEE 3EE 0EE 1EE 1D3EE 3C4EE 0S7EE 3EE 0STEE
%00079%result% 24103
%00079%points% 258 238 260 222 222
%00080%mibun% 32041
%00080%seat% 20413
%00080%palyer_cards% SJS2H3H6HJHKDJDQD2C9CQ S3S9SAHQD7DTDKC4C5CA S6S8H7HTD4D5D9DAC7C8CK S5S7H4H5H9H2D6C6CTJ3 S4STSQSKH8HAD3D8C3CJC2 
%00080%change_cards%  32H2J3EE 04S2EE 23D4D5EE 40D3EE
%00080%play%  0SJHJDJEE 4EE 1EE 3EE 2EE 0EE 0H3D3EE 4H8D8EE 4S2C2EE 1EE 3EE 2EE 0EE 4EE 4C3EE 1C4EE 3CTEE 2CKEE 0EE 4EE 1EE 3EE 2KxEE 2EE 2H7C7EE 0DQCQEE 4EE 1SACAEE 3EE 2EE 0EE 1EE 1S3EE 3S7EE 2EE 0EE 4STEE 1EE 3EE 4SQEE 4SKEE 4EE 4S4EE 1C5EE 3H9EE 2HTEE 0HKEE 4HAEE 1EE 3EE 2H2EE 0EE 4EE 2EE 2S8C8EE 2S6EE 0C9EE 4CJEE 1EE 3EE 2EE 0EE 1D7EE 3EE 2D9EE 0D2EE 1EE 2EE 0EE 0H6EE 1S9EE 3EE 2DAEE 1EE 1DTEE 3EE 1HQEE 1DKEE
%00080%result% 40213
%00080%points% 262 240 263 223 227
%00081%mibun% 13240
%00081%seat% 01324
%00081%palyer_cards% S3SKSAS2H4H6D7DQC4CKC2 S4S6H5H8H9HJH2D8DTD2C6 S5S8S9H3HKD3DKC3C8CA SQHTD4D6DAC5C7C9CTCJ S7STSJH7HQHAD5D9DJCQJ3 
%00081%change_cards%  34SQDAEE 10H2EE 43S7D5EE 01S3EE
%00081%play%  2H3D3C3EE 4SQHQCQEE 0S2H2C2EE 1EE 3EE 2EE 4EE 0EE 0H4C4EE 1S6C6EE 3S7C7EE 2S8C8EE 2HKDKEE 4HADAEE 0EE 1EE 3EE 2EE 4EE 4K9STSJEE 0EE 1EE 3EE 2EE 4EE 4H7EE 0DQEE 1D2EE 3EE 2EE 4EE 0EE 1EE 1H8D8EE 1S3EE 3EE 2S5EE 4EE 0SAEE 1EE 2EE 0EE 0SKCKEE 1EE 3EE 2EE 4EE 0EE 0H6EE 1H9EE 3EE 2EE 4EE 0EE 1HJEE 1EE 1S4EE 3EE 2S9EE 4EE 0EE 1EE 2EE 2CAEE 4EE 0EE 1EE 3EE 4D9EE 0EE 1DTEE 3EE 4DJEE 1EE 0D7EE 1EE 3EE 1H5EE
%00081%result% 24013
%00081%points% 265 242 268 224 231
%00082%mibun% 23041
%00082%seat% 01324
%00082%palyer_cards% S3S5STH3H6H9H2D4D6DACT S4SJSQSAD8DTC6CKCAJ3 S7S8SKH4H8HQHADQDKC9CQ S6S9S2H5HTHJD3C3C4CJ H7HKD5D7D9DJD2C5C7C8C2 
%00082%change_cards%  32S2HJEE 14J3EE 23S7H4EE 41D5EE
%00082%play%  3D3C3EE 2S8H8EE 2HQDQCQEE 4K2D2C2EE 0EE 1EE 3EE 2EE 4EE 4H7D7C7EE 0EE 1EE 3EE 2EE 4EE 4C5EE 0H9EE 1DTEE 3CJEE 2HAEE 4EE 0H2EE 1EE 3EE 2EE 0EE 0S3H3EE 1SACAEE 3EE 2EE 4EE 0EE 1EE 1S4EE 3H5EE 2C9EE 4DJEE 0DAEE 1EE 3EE 2EE 4EE 0EE 0H6D6EE 1EE 3EE 2SKDKEE 4EE 0EE 2EE 2HJEE 4HKEE 0EE 1EE 3EE 2EE 4EE 4C8EE 4D9EE 0EE 1SJEE 3EE 2S2EE 1EE 0STCTEE 1EE 3EE 0EE 0D4EE 1D5EE 3EE 0EE 1D8EE 1C6EE 3S7EE 0EE 1SQEE 3EE 1EE 1CKEE 3EE 0EE 3H4C4EE 0EE 3EE 3S6EE 0EE 3S9EE 3EE 3HTEE
%00082%result% 42130
%00082%points% 266 245 272 226 236
%00083%mibun% 42130
%00083%seat% 01324
%00083%palyer_cards% S6S9STSAS2H5HAH2D4DKC3 S5H7HQDTDQC4C5C6C7C8C9 S4SKH6D5D9DJDACJCAC2 S7S8SJH4H9HTHJD7D8CK S3SQH3H8HKD3D6D2CTCQJ3 
%00083%change_cards%  04S2H2EE 32CKEE 40S3H3EE 23S4EE
%00083%play%  4CTNJCQEE 0EE 1EE 3EE 2CKCAC2EE 4EE 2EE 2DJCJEE 4EE 0SAHAEE 1EE 3EE 2EE 0EE 0S3H3C3EE 1EE 3EE 2EE 4S2H2D2EE 0EE 4EE 4D3EE 0D4EE 1DTEE 3EE 2DAEE 4EE 0EE 1EE 2EE 2D5EE 4D6EE 0DKEE 1EE 3EE 2EE 4EE 0EE 0H5EE 1EE 3EE 2H6EE 4H8EE 4SQEE 0EE 1EE 3EE 2SKEE 4EE 2EE 2D9EE 4HKEE 0EE 1EE 3EE 0S6EE 1EE 3EE 0S9EE 0STEE 1C4C5C6C7C8C9EE 1HQDQEE 3SJHJEE 1EE 3S8D8EE 3S7D7EE 1EE 3S4H4EE 3EE 3HTEE 1H7EE 3EE 1EE 1S5EE
%00083%result% 24013
%00083%points% 269 247 277 227 240
%00084%mibun% 23041
%00084%seat% 40132
%00084%palyer_cards% S2H8HQD8DTD2C3C4CJCAJ3 S4S5SJH7HKD4DJC5C6CK S3S7S8STH5HTHAD6DAC7C9 S9SQSKHJH2D3D5D7D9C8 S6SAH3H4H6H9DQDKCTCQC2 
%00084%change_cards%  32SKH2EE 14HKEE 23S3H5EE 41H3EE
%00084%play%  3S3D3EE 2S7C7EE 4DQCQEE 0S2D2EE 1EE 3EE 2EE 4EE 0EE 0NxC3C4EE 1EE 3EE 2EE 4EE 0EE 0H8D8EE 0DTEE 1CKEE 3EE 2H2EE 4EE 0EE 1EE 2EE 2STHTEE 4HKDKEE 0EE 1EE 3EE 2HADAEE 4EE 2EE 2D6EE 4H9EE 0CJEE 1EE 3SQEE 2SKEE 4SAEE 0EE 3EE 2EE 4EE 4S6H6EE 0EE 1SJDJEE 3EE 2EE 4EE 1EE 1S4D4EE 3H5D5EE 2EE 4EE 0EE 1EE 3S9D9EE 3EE 3D7EE 2S8EE 2C9EE 4CTEE 0CAEE 1EE 3EE 4C2EE 0EE 4EE 4H4EE 0HQEE 1EE 3EE 1S5C5EE 3EE 1EE 1H3EE 3C8EE 3HJEE
%00084%result% 24031
%00084%points% 272 248 282 229 244
%00085%mibun% 24031
%00085%seat% 40132
%00085%palyer_cards% SJH3H8HKD5D7D8DTDAC7CQ S6S7S9H7D2C4C6C8CTCA STSQSAHQHAD6DJCJCKC2J3 S3S4S8SKH4H6HTHJD4C9 S5S2H5H9H2D3D9DQDKC3C5 
%00085%change_cards%  12D2CAEE 34SKEE 21STD6EE 43D3EE
%00085%play%  3S4H4D4EE 2SAHACAEE 4EE 0EE 1EE 3EE 2K2D2C2EE 2EE 2DJCJEE 4SKDKEE 0EE 1EE 3EE 2EE 4S2H2EE 4EE 4S5H5C5EE 0EE 1S6D6C6EE 3EE 2EE 4EE 1EE 1S7H7EE 3EE 2SQHQEE 4EE 0EE 1EE 2EE 2CKEE 4EE 0DAEE 1EE 3EE 0EE 0D7C7EE 1STCTEE 3EE 4EE 0EE 1EE 1C4EE 3H6EE 4DQEE 0HKEE 1EE 3EE 4EE 0EE 0H8D8EE 0H3EE 1C8EE 1S9EE 3HTEE 4EE 0SJEE 3EE 0CQEE 0EE 0D5EE 3S8EE 3S3D3EE 4H9D9EE 0EE 3EE 4EE 4C3EE 0DTEE
%00085%result% 21403
%00085%points% 274 252 287 230 247
%00086%mibun% 31042
%00086%seat% 40132
%00086%palyer_cards% S3H3HQD4DTDQDKC3C9CJJ3 SJS2H5H6H8H9HTD2CTCQ STSAHJD3D7D8DJDAC5C6CA S8S9SQSKHAH2D5D9C4CK S4S5S6S7H4H7HKD6C7C8C2 
%00086%change_cards%  32HAH2EE 01J3EE 23D3C5EE 10H5EE
%00086%play%  3D5C5EE 2HJDJEE 4EE 0HQDQEE 1L2D2EE 3EE 2EE 0EE 1EE 1H8H9HTEE 1H6EE 3S8EE 3S9D9EE 2EE 4EE 0EE 1EE 3SKCKEE 3EE 3D3EE 2C6EE 4C8EE 4S4S5S6S7EE 0EE 1EE 3EE 2EE 4EE 4H7C7EE 0EE 1EE 3EE 2EE 4EE 4H4EE 0H5EE 1EE 3EE 2H2EE 4EE 0EE 2EE 2SAHADACAEE 4EE 0EE 1EE 3EE 2EE 2STEE 4D6EE 0D4EE 1EE 3EE 2EE 4EE 0EE 0S3H3C3EE 1EE 3EE 2EE 4EE 0EE 0DKEE 1CQEE 3C4EE 2EE 4EE 0EE 1EE 3EE 3SQEE 2D8EE 2D7EE 4EE 0EE 1EE 4C2EE 0CJEE 1CTEE 4EE 0C9EE 1EE 0EE 0DTEE 1EE 4EE 1S2EE 4HKEE
%00086%result% 32041
%00086%points% 277 253 291 235 249
%00087%mibun% 24103
%00087%seat% 23104
%00087%palyer_cards% S4S5S9SJSKH5D4D8DJDKC2 S6S7SQH4H7H8HTHADQCAJ3 S3H3D3D6D7C5C6C7C8CT STSAH9HJHKH2D5DTC3CJCK S8S2H6HQD9DAD2C4C9CQ 
%00087%change_cards%  13HAJ3EE 42S2EE 31D5C3EE 24S3EE
%00087%play%  2C5C6C7C8EE 2H3D3EE 3STDTEE 1SQDQEE 0SKDKEE 4EE 2EE 3SAMAEE 1EE 0EE 3EE 3HKHAH2EE 1EE 0EE 4EE 2EE 3EE 3HJCJEE 1EE 0EE 4HQCQEE 2EE 3EE 4EE 4D9C9EE 2EE 3EE 1EE 0SJDJEE 4EE 0EE 0S4D4EE 4EE 2EE 3EE 1S7H7EE 0EE 1EE 1C3EE 0D8EE 0S5H5EE 4EE 2EE 3EE 1EE 0EE 0S9EE 4DAEE 2S2EE 3EE 1EE 0EE 4EE 2EE 2D6EE 3H9EE 1HTEE 0EE 4EE 2EE 3EE 1EE 1H4EE 0C2EE 4EE 2EE 3EE 1EE 4S3EE 2D7EE 3CKEE 1CAEE 4EE 2EE 1EE 1D5EE 4H6EE 2CTEE 1EE 4D2EE 4EE 4C4EE 1S6EE 4S8EE
%00087%result% 03241
%00087%points% 282 254 294 239 251
%00088%mibun% 04213
%00088%seat% 23104
%00088%palyer_cards% S8SJH3HQHAD5DTDKCTCQCA S3S4S6S7HJDJD2C3C8CK S9SQH6H2D6D8C4C7C9CJJ3 SKSAS2H4HTHKD7D9DAC6 S5STH5H7H8H9D3D4DQC5C2 
%00088%change_cards%  10D2CKEE 43C2EE 01H3D5EE 34H4EE
%00088%play%  4H7H8H9EE 4S5H5C5EE 2K6H6D6EE 3EE 1EE 0EE 4EE 2EE 2S9C9EE 3SKHKEE 1EE 0HACAEE 4EE 2EE 3S2C2EE 0EE 3EE 3SADAEE 1EE 0EE 4EE 2EE 3EE 3C6EE 1S7EE 0S8EE 0DTCTEE 4EE 2EE 3EE 1HJDJEE 0HQCQEE 1EE 0DKCKEE 0EE 0SJEE 4DQEE 2H2EE 3EE 1EE 0EE 4EE 2EE 2C4EE 3D7EE 1C8EE 1S3H3C3EE 0EE 4EE 2EE 3EE 1EE 1S4EE 0D2EE 4EE 2EE 3EE 1EE 4H4D4EE 2EE 3EE 1EE 4EE 4D3EE 2C7EE 3D9EE 1EE 4STEE 2CJEE 3EE 2SQEE 2EE 2D8EE 3HTEE
%00088%result% 04231
%00088%points% 287 255 297 241 255
%00089%mibun% 04231
%00089%seat% 23104
%00089%palyer_cards% S3S4S6S9SJH4D3D5DKDAC9 S5S7H3HAD8DTDQC3CQC2 H6H7HQH2D7D9DJC8CJCKCA STSQS2H9HTD6C5C6C7CT S8SKSAH5H8HJHKD4D2C4J3 
%00089%change_cards%  10HAC2EE 34S2EE 01S3D3EE 43D4EE
%00089%play%  1S3H3D3C3EE 0EE 4EE 2EE 3EE 1EE 1DQCQEE 0S9C9EE 4S8H8EE 4KQSKSAS2EE 2EE 3EE 1EE 0EE 4EE 4D2EE 2CAEE 3SQEE 1DTEE 0S6EE 4H5EE 2EE 3D4EE 1EE 0EE 4EE 3EE 3C5C6C7EE 1EE 0EE 4EE 2EE 3EE 3STHTCTEE 1EE 0EE 4EE 2EE 3EE 3H9EE 1D8EE 1S7EE 0D5EE 4C4EE 2EE 3EE 1EE 0EE 4EE 4HKEE 2HQEE 3EE 1EE 0EE 4HJEE 2H6EE 2EE 2DJCJEE 3EE 1EE 0S4H4EE 2EE 0EE 0HADAEE 2H7D7EE 3EE 1EE 0EE 2EE 2H2EE 3D6EE 1S5EE 0EE 2EE 0C2EE 2CKEE 0EE 2C8EE 2D9EE
%00089%result% 43120
%00089%points% 288 258 299 245 260
%00090%mibun% 42310
%00090%seat% 20431
%00090%palyer_cards% STH7H8D3D6D7D8DTDAC2 S4S5SAS2H4D4D9D2C5C7CJ SJSKH3HQD5DJDQC8CQJ3 S6S8SQH5H6HTHKHAH2C9CA S3S7S9H9HJDKC3C4C6CTCK 
%00090%change_cards%  04DAC2EE 23J3EE 40S3C3EE 32H5EE
%00090%play%  0D6D7D8EE 0S3D3C3EE 4EE 3S6H6M6EE 1EE 2HQDQCQEE 0EE 3EE 2EE 2H5D5EE 0STDTEE 4DKCKEE 3HACAEE 1S2D2EE 2EE 0EE 4EE 3EE 1EE 1S4H4D4EE 2EE 0EE 4EE 3EE 1EE 1S5C5EE 2SJDJEE 0EE 4EE 3EE 1EE 2EE 2H3EE 0H7EE 4HJEE 3HKEE 1EE 2EE 0EE 4EE 3H2EE 3EE 3S8EE 3C9EE 1CJEE 2EE 0EE 4C2EE 3EE 1EE 4EE 4S9H9EE 3EE 1EE 2EE 0EE 4EE 4C4EE 3HTEE 1SAEE 2EE 0EE 4EE 3EE 1EE 1C7EE 2C8EE 2SKEE 0EE 4DAEE 3EE 1EE 4EE 4C6EE 3SQEE 1EE 0EE 4EE 1D9EE 0EE 4CTEE 4EE 4S7EE
%00090%result% 23140
%00090%points% 289 261 304 249 262
%00091%mibun% 42013
%00091%seat% 20431
%00091%palyer_cards% S5S8S9SKH3H6HAD8DKDACT S6SQH8H9H2D3C4CQCKC2 S4S2H4H5HJHKD9C3C5C7J3 S7SJSAH7HTD5D7DTDJC6 S3STHQD4D6DQD2C8C9CJCA 
%00091%change_cards%  02HADAEE 43D2EE 20S4C3EE 34D5EE
%00091%play%  1SQCQEE 2HADAEE 0EE 4EE 3EE 1H2C2EE 2EE 1EE 1D3EE 2H4EE 0S5EE 4C8EE 4D4D5D6EE 3EE 1EE 2HJLQHKEE 0EE 4EE 2EE 2H5C5EE 0S8D8EE 0H3C3EE 4HQDQEE 3EE 1EE 2EE 0SKDKEE 4EE 0EE 0S4EE 4C9EE 3SAEE 1EE 2S2EE 0EE 4EE 3EE 2EE 2C7EE 0S9EE 4STEE 3EE 1EE 2EE 0EE 4EE 4S3EE 3C6EE 1H8EE 1C4EE 2D9EE 0CTEE 4CJEE 3EE 1CKEE 0EE 4CAEE 1EE 3S7H7D7EE 1EE 0EE 3EE 3HTDTEE 1EE 0EE 3SJDJEE 3EE 3D2EE 1EE 0EE 1S6EE 0EE 1H9EE
%00091%result% 24310
%00091%points% 290 263 309 252 266
%00092%mibun% 43021
%00092%seat% 20431
%00092%palyer_cards% S3STS2H2D7D8D9DTCJCQJ3 S5SQSAH5H7HJD5D2C4C6 S9SJSKH3H6HKD4D6C3C7C8 S7S8H4H8HTD3DKC5CAC2 S4S6H9HQHADJDQDAC9CTCK 
%00092%change_cards%  02S2J3EE 14D2EE 20H3C3EE 41S4EE
%00092%play%  3S8H8EE 3D3EE 1C6EE 2C7EE 0CJEE 4CKEE 3CAEE 1EE 2KxEE 0EE 4EE 3EE 2EE 2H6D6EE 0STDTEE 4HQDQEE 3EE 1EE 2SKHKEE 0EE 4HADAEE 2EE 4EE 4H9C9EE 3EE 1EE 2EE 0EE 4EE 4S6EE 3S7EE 1SQEE 2S2EE 0EE 4EE 3EE 1EE 2EE 2D4EE 0CQEE 4D2EE 3EE 1EE 2EE 0EE 4EE 4CTEE 3DKEE 1SAEE 2EE 0H2EE 4EE 3EE 1EE 0EE 0D7D8D9EE 0S3H3C3EE 4EE 3EE 1S5H5D5EE 2EE 1EE 1S4C4EE 2EE 4EE 3EE 1EE 1H7EE 2C8EE 2S9EE 4DJEE 3C2EE 1EE 2EE 3EE 3H4EE 1HJEE 2EE 3EE 2SJEE
%00092%result% 04123
%00092%points% 295 266 311 253 270
%00093%mibun% 02341
%00093%seat% 42310
%00093%palyer_cards% S5S8SJS2H4H5H8HTC4C8C9 S3S7SQSKH3H6HKD8D9CA HJHQD3D5D7C5C6CTCQCKJ3 S9HAD4D6DTDAD2C3C7CJ S4S6STSAH7H9H2DJDQDKC2 
%00093%change_cards%  30HAD2EE 24J3EE 03H4C4EE 42S4EE
%00093%play%  2D5C5EE 3EE 1SKHKEE 0S2D2EE 4EE 2EE 1EE 0EE 0S8H8C8EE 0S5H5EE 4H2C2EE 2EE 3EE 1EE 0EE 4EE 4MTDJDQDKEE 2EE 3EE 1EE 0EE 4EE 4S6EE 2D7EE 3S9EE 1SQEE 0EE 4SAEE 2EE 3EE 1EE 4EE 4H7EE 2CTEE 3CJEE 1CAEE 0EE 4EE 2EE 3EE 1EE 1S3H3EE 0EE 4EE 2HQCQEE 3EE 1EE 2EE 2D3EE 3D6EE 1D8EE 1H6EE 0C9EE 4STEE 2HJEE 3DAEE 1EE 0EE 4EE 2EE 3EE 3H4D4C4EE 1EE 0EE 4EE 2EE 3EE 3C3EE 1S7EE 0HTEE 4EE 2CKEE 3EE 1EE 0HAEE 2EE 0EE 0SJEE 4EE 2EE 3EE 1EE 4H9EE 2EE 3DTEE 1EE 3EE 3C7EE 1D9EE
%00093%result% 04312
%00093%points% 300 268 312 256 274
%00094%mibun% 03421
%00094%seat% 42310
%00094%palyer_cards% S3S5S9STS2H9HKD3DAC8CT S4SJSKH6HJHQD2C3C4J3 S7S8H8H2D5D7DTC5C6CQCA S6SQH4HTD9DQDKC7CJCK SAH3H5H7HAD4D6D8DJC9C2 
%00094%change_cards%  20H2CAEE 14J3EE 02S3D3EE 41H3EE
%00094%play%  2S3D3EE 3SQDQEE 1EE 0EE 4SAMAEE 2EE 3EE 4EE 4D4EE 2C6EE 3C7EE 1EE 0C8EE 0S9H9EE 4EE 2EE 3DKCKEE 1EE 0DACAEE 3EE 0EE 0STCTEE 4EE 2EE 3EE 1SJHJEE 0S2H2EE 1EE 0EE 0S5EE 4D6EE 2DTEE 3EE 1D2EE 0EE 4EE 2EE 1EE 1H3C3EE 0EE 4EE 2D5C5EE 3EE 1EE 2S7D7EE 2S8H8EE 2CQEE 3EE 1SKEE 0EE 4HAEE 1EE 4C2EE 4EE 4H5EE 3S6EE 1HQEE 0HKEE 4EE 3EE 1EE 4H7EE 3D9EE 1EE 4DJEE 3EE 4EE 4D8EE 4C9EE 3HTEE 1EE 3CJEE 3EE 3H4EE
%00094%result% 20431
%00094%points% 304 269 317 258 277
%00095%mibun% 14032
%00095%seat% 42310
%00095%palyer_cards% SQHKD7D8DTC4C5C6C9C2 S6S7S8H6HTHQD6DKC7CJJ3 S4S9STH4H9D4D9C3CTCQCK S3S5SJSKS2H7HAH2D5DJCA SAH3H5H8HJD3DQDAD2C8 
%00095%change_cards%  12DKJ3EE 30S2EE 21S4C3EE 03C4EE
%00095%play%  4H3D3EE 2H4D4EE 3EE 1H6D6EE 0EE 4EE 2H9D9EE 1EE 2LKDKEE 2EE 2STCTEE 3SJDJEE 1EE 0S2C2EE 4EE 2EE 3EE 0EE 0C5EE 4HJEE 2CQEE 3SKEE 1EE 0EE 4D2EE 2EE 3EE 4EE 4H8C8EE 4SADAEE 2EE 3EE 1EE 0EE 4EE 4H5EE 2S9EE 3H2EE 1EE 0EE 4EE 2EE 3EE 3S5D5EE 1S7C7EE 0EE 4EE 2EE 3HACAEE 1EE 3EE 3S3EE 1S4EE 0SQEE 4EE 2EE 3EE 1EE 0EE 0C6EE 4DQEE 2CKEE 3EE 1EE 0EE 3C4EE 1S6EE 0D7EE 3EE 1S8EE 1C3EE 0D8EE 0C9EE 3EE 1HTEE 0HKEE 1EE 0EE 0DTEE 3EE 1CJEE 1HQEE
%00095%result% 42013
%00095%points% 307 271 321 259 282
%00096%mibun% 23140
%00096%seat% 32401
%00096%palyer_cards% S6STSAH3H5C3C4C7CJCKCA S3S4SJS2H8H9HQDJDQCTC2 S5S8H7HTHJD5D9DTC8CQ S7SQSKH4HKH2D8DKD2C5 S9H6HAD3D4D6D7DAC6C9J3 
%00096%change_cards%  34H2D2EE 12S2EE 43D3D4EE 21S5EE
%00096%play%  3SKHKDKEE 2EE 4KAHADAEE 0EE 1EE 3EE 4EE 4H