%-----%hostname% HonokanoMacBook-Pro.local
%-----%TIME_START% 2025/05/19 13:59:09
%-----%palyer_name% default default default default default
%-----%WINDOW_TYPE% ALICE
%-----%GRAPH_WINDOW% YES
%-----%RAND_TYPE% 1
%-----%RULE_KAKUMEI% YES
%-----%RULE_SHIBARI% YES
%-----%RULE_KINSOKU% NO
%-----%RULE_KAIDAN% YES
%-----%RULE_CHANGE% YES
%-----%RULE_5TOBI% NO
%-----%RULE_6REVERS% NO
%-----%RULE_8GIRI% YES
%-----%RULE_11BACK% NO
%-----%RULE_SEKIGAE% YES
%-----%RULE_SEKIGAE_NUM% 3
%-----%GAME_NUMBER% 100
%-----%FLASH_MIBUN_NUMBER% 100
%-----%GAME_PORT% 53166
%-----%RANDOM_SEED% 1747630673
%00000%mibun% 22222
%00000%seat% 32401
%00000%palyer_cards% S4S8H4H8HTHQHAD8DKC9J3 S5SJSQSKSAD3D7D9DJDQCK S6STS2H3H5H6DAD2C5CT S3S7H2D6DTC6C7C8CJCQ S9H7H9HJHKD4D5C3C4CAC2 
%00000%change_cards% NULL
%00000%play%  1SJSQSKSAEE 3EE 2EE 4EE 0EE 1EE 1D3EE 3DTEE 2DAEE 4EE 0KxEE 1EE 3EE 2EE 0EE 0S8H8D8EE 0S4H4EE 1EE 3D6C6EE 2STCTEE 4EE 0EE 3EE 2S2D2EE 2EE 2H5C5EE 4S9H9EE 0EE 1EE 3EE 2EE 4EE 4D4C4EE 0EE 1EE 3S7C7EE 2EE 4EE 3EE 3S3EE 2EE 4D5EE 0C9EE 1DJEE 3CQEE 4HKEE 0HAEE 1EE 3H2EE 4EE 0EE 3EE 3C8EE 3CJEE 2EE 4CAEE 0EE 1EE 4C2EE 4EE 4C3EE 0HTEE 1DQEE 2EE 4EE 0DKEE 1EE 0EE 0HQEE 1CKEE 2EE 4EE 1EE 1S5EE 2EE 4H7EE 1D9EE 4HJEE 1EE 1D7EE
%00000%result% 30412
%00000%points% 4 2 1 5 3
%00001%mibun% 13402
%00001%seat% 32401
%00001%palyer_cards% S4S6S9H4D4D9DTC3CTCA SKSAH3HKH2D6D8DACJC2 S5S8STH6HQHAD3DJDKC7J3 S3SQH7HTD5DQC4C5C8CQCK S7SJS2H5H8H9HJD7D2C6C9 
%00001%change_cards%  23HAJ3EE 10H2EE 32S3C4EE 01C3EE
%00001%play%  2S3D3EE 4S7D7EE 0S9D9EE 1SADAEE 3EE 2EE 4S2D2EE 0EE 1EE 4EE 4H9C9EE 0DTCTEE 1SKHKEE 3KAHAEE 2EE 4EE 0EE 1EE 3EE 3SQDQCQEE 2EE 4EE 0EE 1EE 3EE 3D5C5EE 2EE 4SJHJEE 0EE 1EE 3EE 4EE 4H5EE 0S6EE 1D8EE 1H3C3EE 3EE 2EE 4EE 0EE 1EE 1D6EE 3H7EE 2S8EE 2C4EE 4C6EE 0CAEE 1C2EE 3EE 2EE 4EE 0EE 1EE 1CJEE 3CKEE 2EE 4EE 0EE 3EE 3C8EE 3HTEE 2DJEE 4EE 0H2EE 2EE 0EE 0S4H4D4EE 2EE 4EE 2S5EE 4H8EE
%00001%result% 13042
%00001%points% 7 7 2 9 5
%00002%mibun% 20413
%00002%seat% 32401
%00002%palyer_cards% SKH3H7HJH2D4D9DQC7CK S3STH6H9D6DTC5C8CJCAJ3 S5S8SQSAH4H8DJC6CTCQC2 S6S7S9SJH5DKDAD2C3C4C9 S4S2HTHQHKHAD3D5D7D8 
%00002%change_cards%  21SAC2EE 43S2EE 12S3C5EE 34C3EE
%00002%play%  4HQHKHAEE 0EE 1EE 3EE 2EE 4EE 4D3C3EE 0H7C7EE 1STDTEE 3S2D2EE 2EE 4EE 0EE 1EE 3EE 3S9C9EE 2SQCQEE 4EE 0SKCKEE 1SACAEE 3EE 2EE 0EE 1K2C2EE 1EE 1H6D6EE 3EE 2S8H8EE 2S5C5EE 4EE 0EE 1EE 3EE 2EE 2S3EE 4S4EE 0EE 1EE 3S6EE 2EE 4EE 3S7EE 3SJEE 3EE 3C4EE 2C6EE 4EE 0EE 1C8EE 1H9EE 3DKEE 2EE 4EE 0H2EE 1EE 3EE 0EE 0H3EE 1CJEE 3DAEE 2EE 4EE 0EE 3EE 3H5EE 2CTEE 4EE 0HJEE 2EE 0DQEE 0EE 0D4EE 2DJEE 4EE 0EE 2EE 2H4EE 4D5EE 0D9EE
%00002%result% 13204
%00002%points% 9 12 5 13 6
%00003%mibun% 30214
%00003%seat% 30412
%00003%palyer_cards% S4S5SQS2H5D5D7DAC5C7 S7S8SKH4H7H8HTD3DQC4CQ S6S9H9D9DJD2C3C6C8CTC2 S3STSJHQHKHAD4D6C9CJCA SAH3H6HJH2D8DTDKCKJ3 
%00003%change_cards%  41H2J3EE 03S2EE 14H4D3EE 30S3EE
%00003%play%  4H3D3EE 1S7H7EE 2D2C2EE 3EE 0EE 4EE 1EE 2EE 2S9H9D9EE 3EE 0EE 4EE 1KQDQCQEE 2EE 1EE 1S8H8EE 1C4EE 2C8EE 2S6C6EE 3SJCJEE 0EE 4EE 1EE 2EE 3EE 3HQHKHAEE 0EE 4EE 1EE 2EE 3EE 3D4EE 0SQEE 4SAEE 1EE 2EE 3S2EE 0EE 4EE 3EE 3D6EE 0DAEE 4EE 1EE 2EE 3EE 0EE 0S3S4S5EE 4EE 1EE 2EE 3EE 0EE 0H5D5C5EE 4EE 1EE 2EE 3EE 0EE 0D7C7EE 4DKCKEE 1EE 2EE 3EE 4EE 4H4EE 1HTEE 2EE 3EE 4HJEE 1H2EE 4EE 1EE 1SKEE 2EE 3CAEE 4EE 3EE 3C9EE 4DTEE 2DJEE 3EE 4EE 2EE 2C3EE 3STEE 4EE 2EE 4H6EE 2CTEE
%00003%result% 01324
%00003%points% 14 16 7 16 7
%00004%mibun% 01324
%00004%seat% 30412
%00004%palyer_cards% S9STSJSAHTD6DTDAC5CAC2 S3H3H5H7HKD3D4D8CQCKJ3 S4S5SQSKH4H6HJDKD2C4 S6S7S2HAH2D5C3C6C7CJ S8H8H9HQD7D9DJDQC8C9CT 
%00004%change_cards%  40HQDQEE 21D2EE 04D6C5EE 12S3EE
%00004%play%  1MxD3D4EE 2EE 3EE 0S9STSJEE 4EE 1EE 0EE 0SADACAEE 4EE 1EE 2EE 3EE 0EE 0HTDTEE 4EE 1HKCKEE 2EE 3S2H2EE 0EE 1EE 3EE 3S6C6EE 0HQDQEE 4EE 1EE 2SKDKEE 3EE 0EE 2EE 2S3S4S5EE 3EE 0EE 4C8C9CTEE 4S8H8EE 4H9D9EE 1EE 2EE 3EE 0EE 4EE 4C5EE 1H7EE 2HJEE 3HAEE 0EE 4EE 1EE 2EE 3EE 3S7C7EE 0EE 4EE 1EE 2EE 3EE 3C3EE 0C2EE 4EE 1EE 2EE 3EE 4D6EE 1D8EE 1H3EE 2H6EE 3EE 4EE 1EE 2EE 2H4C4EE 3EE 4EE 1EE 2EE 2SQEE 3EE 4EE 1D2EE 1EE 1H5EE 3CJEE 4EE 1CQEE 3EE 3D5EE
%00004%result% 02134
%00004%points% 19 19 11 18 8
%00005%mibun% 02134
%00005%seat% 30412
%00005%palyer_cards% S5S9SJSQH6H2D9DKC3CAC2 S4S6STH4H7HTHQHAD6DJCK S8SKS2H8D3D4D5DQC8CT S7D7D8DTDAC4C5C7C9J3 S3SAH3H5H9HJHKD2C6CJCQ 
%00005%change_cards%  40SAD2EE 32J3EE 04S5C3EE 23D3EE
%00005%play%  3S7D7C7EE 0H2D2C2EE 4EE 1EE 2EE 3EE 0EE 0S9D9EE 4HJCJEE 1EE 2KQDQEE 3EE 0SACAEE 4EE 2EE 0EE 0H6EE 4H9EE 1HQEE 2EE 3EE 0EE 4HKEE 1HAEE 4EE 1EE 1S4H4EE 2EE 3EE 0EE 4S5H5EE 1STHTEE 4EE 1EE 1S6D6EE 2EE 3EE 0EE 4EE 1EE 1H7EE 2CTEE 3DAEE 0EE 4EE 1EE 2S2EE 3EE 2EE 2S8H8C8EE 2D4EE 3C5EE 0SJEE 4CQEE 1CKEE 2EE 3EE 0EE 4EE 1EE 1DJEE 2SKEE 3EE 0EE 4EE 2EE 2D5EE 3D8EE 3D3EE 0SQEE 4EE 3EE 0DKEE 4S3H3C3EE 3EE 4EE 4C6EE
%00005%result% 12043
%00005%points% 22 24 15 19 10
%00006%mibun% 20143
%00006%seat% 02413
%00006%palyer_cards% S4S8S9SJHAD3D7D8C7C2J3 S6S7STSKH8H2D9DQD2CQCA S3S5H3H7D5DTDJDKC6CK SQSAS2H4H5H6H9HTHJC9CT HQHKD4D6DAC3C4C5C8CJ 
%00006%change_cards%  31SAS2EE 42DAEE 13S6S7EE 24S3EE
%00006%play%  0S8S9KTSJEE 0D7C7EE 2DKCKEE 4EE 1EE 3EE 0EE 2EE 2S5D5EE 4EE 1DQCQEE 3EE 0EE 2EE 1SACAEE 1EE 1S2H2D2EE 3EE 0EE 2EE 4EE 1EE 1H8EE 1D9EE 3SQEE 0HAEE 2EE 4EE 1EE 3EE 0C2EE 0EE 0D3EE 2C6EE 4C8EE 4C3C4C5EE 1EE 3H9HTHJEE 0EE 2EE 4EE 3EE 3H4H5H6EE 0EE 2EE 4EE 1EE 3EE 3S6EE 0D8EE 0S4EE 2H7EE 4CJEE 1SKEE 3EE 2DAEE 4EE 1EE 2EE 2H3EE 4D4EE 1STEE 3EE 2DJEE 4HQEE 2EE 4HKEE 4EE 4S3EE 3S7EE 2EE 4EE 3EE 3C9EE 2DTEE 4EE 3EE 4D6EE
%00006%result% 01243
%00006%points% 27 28 18 20 12
%00007%mibun% 01243
%00007%seat% 02413
%00007%palyer_cards% S4S6S9S2HAD4DTDQC8CJJ3 H5H9HTHKD5D6DKD2C5C9 S3STSQSAH3H6HJHQD7DJDA S7SJSKD9C3CTCQCKCAC2 S5S8H4H7H8H2D3D8C4C6C7 
%00007%change_cards%  30CAC2EE 41H2EE 03S4D4EE 14H5EE
%00007%play%  4S8H8D8EE 4H4C4EE 1D5C5EE 3SKCKEE 0HACAEE 2EE 4EE 1H2D2EE 3EE 0EE 1EE 1H9C9EE 3EE 0S2C2EE 2EE 4EE 1EE 0EE 0DTMJDQEE 2EE 4EE 1EE 3EE 0EE 0S6EE 2D7EE 4EE 1HTEE 3SJEE 0EE 2EE 1EE 3CQEE 3EE 3S4D4EE 0EE 2HJDJEE 4EE 1HKDKEE 3EE 2EE 1EE 1D6EE 3S7EE 0C8EE 0S9EE 2STEE 4EE 3EE 0EE 2EE 2S3H3EE 4S5H5EE 3EE 0EE 2SQHQEE 4EE 2EE 2SADAEE 4EE 3EE 0EE 2EE 2H6EE 4EE 3D9EE 0CJEE 3EE 4H7C7EE 3EE 4EE 4D3EE 3CTEE 4EE 3EE 3C3EE
%00007%result% 12034
%00007%points% 30 33 22 22 13
%00008%mibun% 20134
%00008%seat% 02413
%00008%palyer_cards% S3S8SKSAS2H4HQD6D7D8DQ S5H5HJHKD5DKC7C9CQCAJ3 H6H9HTHAD9DTC6C8CTCJ S6STSJH7H2D3D4DJDAD2C4 S4S7S9SQH3H8C3C5CKC2 
%00008%change_cards%  41CKC2EE 32H2EE 14S5H5EE 23H6EE
%00008%play%  3D4C4EE 0S8D8EE 0SKSAS2EE 2EE 4EE 1EE 3EE 0EE 0HQDQEE 2EE 4EE 1KACAEE 3EE 0EE 1EE 1HKDKCKEE 3EE 0EE 2EE 4EE 1EE 1D5EE 3H7EE 0EE 2C8EE 2HTDTCTEE 4EE 1EE 3EE 0EE 2EE 2H9D9EE 4EE 1EE 3SJDJEE 0EE 2EE 3EE 3S6H6EE 0EE 2EE 4EE 1EE 3EE 3D3EE 0H4EE 2C6EE 4S7EE 1C9EE 3STEE 0EE 2CJEE 4SQEE 1C2EE 3EE 2EE 4EE 1EE 1C7EE 3DAEE 0EE 2H2EE 4EE 1EE 3EE 2EE 2HAEE 4EE 1EE 3D2EE 0EE 0S3EE 4S4EE 1EE 0EE 4S9EE 4EE 4S5H5C5EE 1EE 0EE 4EE 4H3C3EE 1EE 0EE 4EE 4H8EE 1HJEE 0EE 1CQEE
%00008%result% 23410
%00008%points% 31 35 27 26 16
%00009%mibun% 43012
%00009%seat% 03412
%00009%palyer_cards% S4S8SAH3H5HTH2D5D6DKC4 S7S9SKS2H7H9DTDQC6CQ SJH8HJHAD3D8C5C8CTCJCA S3S5S6H6D4D7C3C9CKC2J3 STSQH4HQHKD9DJDAD2C7 
%00009%change_cards%  02SAH2EE 13S2EE 20D3C5EE 31S3EE
%00009%play%  0H5D5C5EE 3S6H6M6EE 4EE 1EE 2H8D8C8EE 2SJHJCJEE 0EE 3EE 4EE 1EE 2SAHACAEE 2EE 2CTEE 0DKEE 3EE 4DAEE 1EE 2EE 0EE 4D2EE 4EE 4SQHQEE 1EE 2EE 0EE 3S2C2EE 4EE 3EE 3C3EE 4H4EE 1C6EE 2H2EE 0EE 3EE 4EE 1EE 0H3D3EE 3EE 4EE 1S7H7EE 0EE 1S9H9EE 1EE 1DQCQEE 0EE 3EE 4EE 1EE 1S3EE 0D6EE 3D7EE 4D9EE 1DTEE 0EE 3EE 4DJEE 1EE 4EE 4C7EE 1SKEE 0EE 3EE 4EE 0S4C4EE 3EE 4EE 0EE 0S8EE 0HTEE 3CKEE 4EE 3EE 3D4EE 4STEE 3EE 4HKEE
%00009%result% 21043
%00009%points% 34 39 32 27 18
%00010%mibun% 21043
%00010%seat% 03412
%00010%palyer_cards% S3S4STSKHKD6D7D9C5C7CK S7S9H8HAD4DTD2C3C2J3 SJSAS2H6HTHQD8CTCJCQCA S5S6H5H2D3DJDKC4C6C8C9 S8SQH3H4H7H9HJD5DQDA 
%00010%change_cards%  32H2DKEE 41DAEE 23H6D8EE 14C3EE
%00010%play%  3S6H6C6EE 4EE 1KAHADAEE 2EE 0EE 3EE 1EE 1D2C2EE 2EE 0EE 3EE 4EE 1EE 1D4EE 2DKEE 0EE 3EE 4EE 1EE 2EE 2CTCJCQEE 0EE 3EE 4EE 1EE 2EE 2SACAEE 0EE 3EE 4EE 1EE 2S2H2EE 2EE 2HTEE 0EE 3DJEE 4EE 1EE 2HQEE 3EE 2EE 2SJEE 0EE 3EE 4EE 1EE 0SKHKCKEE 3EE 4EE 1EE 0EE 0D7C7EE 3D8C8EE 3S5H5EE 4SQDQEE 1EE 0EE 3EE 4EE 4H3C3EE 1EE 0EE 3EE 4EE 4H4EE 1S7EE 0D9EE 3EE 4HJEE 1EE 0EE 4EE 4D5EE 1H8EE 1S9EE 0STEE 3EE 4EE 1EE 0EE 0S3EE 3C4EE 4H7EE 1DTEE 0EE 3EE 4EE 0S4EE 3C9EE 4EE 0EE 3EE 3D3EE 4S8EE 4H9EE
%00010%result% 21340
%00010%points% 35 43 37 30 20
%00011%mibun% 41023
%00011%seat% 03412
%00011%palyer_cards% S8STSJSQH8D3D7DKDACTJ3 S3S7S9H9HJDQD2C4C6C8 S5S6SKH3H6HTHQHKC7CQCK S4H7H2D8D9DTDJC3C9CJC2 SAS2H4H5HAD4D5D6C5CA 
%00011%change_cards%  02DAJ3EE 41S2EE 20S5H3EE 14S3EE
%00011%play%  0STSJSQEE 3EE 4EE 1EE 2EE 0EE 0H3D3EE 3D9C9EE 4EE 1S2D2EE 2EE 0EE 3EE 1EE 1S9H9EE 2HQCQEE 0EE 3H2C2EE 4EE 1EE 2EE 3EE 3DJCJEE 4EE 1EE 2KADAEE 0EE 3EE 2EE 2SKHKCKEE 0EE 3EE 4SAHACAEE 1EE 2EE 4EE 4D4D5D6EE 1EE 2EE 0EE 3EE 4EE 4H5C5EE 1EE 2S6H6EE 0S8H8EE 0S5EE 3H7EE 4EE 1C8EE 1C4EE 2C7EE 0CTEE 3EE 4EE 1EE 2EE 0EE 0D7EE 3D8EE 3C3EE 4H4EE 1C6EE 2HTEE 0DKEE 3EE 4EE 1EE 3S4EE 4EE 1S7EE 3EE 1EE 1HJEE 3EE 4EE 1DQEE 3DTEE
%00011%result% 20134
%00011%points% 39 46 42 32 21
%00012%mibun% 12034
%00012%seat% 31024
%00012%palyer_cards% S4S6S8SJSAD5C3C8CTCA S9STH5HTHQD6DJDAC2J3 SQSKS2H4H8H9D7DTDQDKC7 S3S5S7HKD9C4C5C6CJCQCK H3H6H7HJHAH2D3D4D8D2C9 
%00012%change_cards%  42H2D2EE 30HKEE 24H4D7EE 03C3EE
%00012%play%  4H3D3EE 3S5C5EE 1STHTEE 0SACAEE 2EE 4EE 3EE 1K2C2EE 0EE 1EE 1H5EE 0S6EE 2C7EE 4D8EE 4H4D4EE 3EE 1EE 0S8C8EE 0S4EE 2H8EE 2S2H2D2EE 4EE 3EE 1EE 0EE 2EE 2SQDQEE 4EE 3EE 1EE 0EE 2SKDKEE 2EE 2H9EE 4HJEE 3EE 1HQEE 0HKEE 2EE 4HAEE 1EE 0EE 4EE 4H7D7EE 3EE 1EE 0EE 2EE 4EE 4H6EE 3S7EE 1S9EE 0SJEE 2EE 4EE 3EE 1EE 0EE 0D5EE 2DTEE 4EE 3EE 1DJEE 0EE 1DAEE 1EE 1D6EE 0CTEE 4EE 3EE 4C9EE
%00012%result% 21043
%00012%points% 42 50 47 33 23
%00013%mibun% 21043
%00013%seat% 31024
%00013%palyer_cards% S7S9SAH4HQH2D7C7CJCQ S3S5SJH5H6H7HTD8C3C8 S8S2H9HJHKD3D4D6DTDJDK SKH3H8HAD5D9DAC5C6CKC2 S4S6STSQDQD2C4C9CTCAJ3 
%00013%change_cards%  32HAC2EE 41J3EE 23D3D4EE 14S3EE
%00013%play%  3D3D4D5EE 1H5H6H7EE 0EE 2EE 4EE 3EE 3SKCKEE 1EE 0EE 2S2C2EE 4EE 3EE 2EE 2HJDJEE 4SQDQEE 3EE 1EE 0EE 2HKDKEE 4EE 2EE 2D6EE 4C9EE 3DAEE 1KxEE 0EE 2EE 4EE 3EE 1EE 1H5H6H7EE 0EE 2EE 4EE 3EE 1EE 1D8C8EE 1C3EE 0H4EE 2S8EE 2H9EE 4CAEE 3EE 1EE 0H2EE 2EE 4EE 0EE 0S7D7C7EE 2EE 4EE 3EE 1EE 0EE 0HQCQEE 2EE 4EE 3EE 1EE 0EE 0S9EE 2DTEE 4D2EE 3EE 1EE 0EE 2EE 4EE 4S4C4EE 3EE 1EE 0EE 2EE 4STCTEE 4EE 4S3EE 3C5EE 1HTEE 0CJEE 2HAEE 4EE 3EE 1EE 0EE 4S6EE 3H8EE 3H3EE 1S5EE 0SAEE 3EE 1EE 3C6EE 1SJEE
%00013%result% 24013
%00013%points% 45 52 52 34 27
%00014%mibun% 23041
%00014%seat% 31024
%00014%palyer_cards% S3S9SKSAS2H3H8C6C2J3 S6S8H7HTHJH2D5D7DQCJ S7STSJSQH4H5H9D3D6D9C3 S5HKHADKD2C4C5C7C8CTCA S4H6HQD4D8DTDJDAC9CQCK 
%00014%change_cards%  32HAD2EE 14H2EE 23D3C3EE 41S4EE
%00014%play%  3C3C4C5EE 1EE 0SKSAS2EE 2EE 4EE 3EE 0EE 0S3H3M3EE 2EE 4EE 3EE 1EE 0EE 0C6EE 2S7EE 4D8EE 4HQCQEE 3HKDKEE 1EE 0EE 2EE 4EE 3EE 3D3EE 1S4EE 0H8EE 0S9EE 2HAEE 4H2EE 3EE 1EE 0EE 2EE 4EE 4D4EE 3S5EE 1S6EE 0EE 2EE 4EE 3EE 1S8EE 1H7D7EE 0EE 2H9D9EE 4EE 3EE 1EE 2EE 2STSJSQEE 4EE 3EE 1EE 0EE 2EE 2H4EE 4H6EE 3EE 1HTEE 0EE 2EE 4EE 1EE 1HJCJEE 0EE 2EE 4EE 3EE 1EE 1D5EE 0C2EE 2EE 4EE 3EE 1EE 2H5EE 4C9EE 3CTEE 1EE 2EE 4CKEE 3CAEE 4EE 3EE 3C7EE 1DQEE 2D2EE 4EE 3EE 2EE 2D6EE 4DTEE 3EE 4DJEE 4DAEE
%00014%result% 01243
%00014%points% 50 56 55 35 29
%00015%mibun% 01243
%00015%seat% 30241
%00015%palyer_cards% S5SAH7HKHAD3D6D9DTD2CJ S3S7S9STSJH6D4DJC5C8 S4SQH8HQH2D8DQDAC3CKJ3 S8SKS2H3H4HJD7C4CQC2 S6H5H9HTD5DKC6C7C9CTCA 
%00015%change_cards%  30S2C2EE 41CAEE 03S5D3EE 14S3EE
%00015%play%  3H3D3EE 0SAHAEE 2K2H2EE 4EE 1EE 3EE 0EE 2EE 2SQHQDQEE 4EE 1EE 3EE 0S2D2C2EE 2EE 0EE 0D6EE 2CKEE 4EE 1CAEE 3EE 0EE 2EE 1EE 1S9STSJEE 3EE 0EE 2EE 4EE 1EE 1D4EE 3S5EE 0H7EE 2DAEE 4EE 1EE 3EE 0EE 2EE 2H8D8EE 2C3EE 4C7EE 1C8EE 1C5EE 3D7EE 0D9EE 2EE 4DKEE 1EE 3EE 0EE 4EE 4H5D5EE 1EE 3EE 0EE 2EE 4S6C6EE 4H9C9EE 4HTCTEE 4EE 4S3EE 1H6EE 3S8EE 3H4C4EE 0EE 2EE 1EE 3EE 3HJEE 0HKEE 2EE 1EE 3EE 0EE 0DTEE 2EE 1DJEE 3EE 0EE 1EE 1S7EE 3CQEE 0EE 2EE 3SKEE 0CJEE
%00015%result% 41302
%00015%points% 52 60 56 38 34
%00016%mibun% 31420
%00016%seat% 30241
%00016%palyer_cards% SKH3H4H6HJD5DAC4C8C2 S8S9SJS2HAD4DTDKC5C6J3 S3S4S7SAH8HQDJD2C3CA S6STH5H9HTH2D6D9DQCJCK S5SQH7HKD3D7D8C7C9CTCQ 
%00016%change_cards%  24SAD2EE 01C2EE 42S5D3EE 10D4EE
%00016%play%  2S3S4S5EE 4EE 1K7S8S9EE 1S2C2EE 3EE 0EE 2EE 4EE 1EE 1C5EE 3CJEE 0EE 2CAEE 4EE 1EE 3EE 2EE 2D3C3EE 4SQCQEE 1EE 3EE 0EE 2EE 4EE 4H7D7C7EE 1EE 3EE 0EE 2EE 4EE 4D8EE 4C9EE 1DTEE 3DQEE 0DAEE 2EE 4D2EE 1EE 3EE 0EE 4EE 4CTEE 1SJEE 3CKEE 0EE 2EE 4SAEE 1EE 3H2EE 4EE 3EE 3S6D6EE 0EE 2EE 4EE 1EE 3H9D9EE 3STHTEE 3EE 3H5EE 0H6EE 2H8EE 2S7EE 4HKEE 1HAEE 0EE 2EE 1EE 1C6EE 0C8EE 0H4D4C4EE 2EE 1EE 0EE 0H3EE 2DJEE 1DKEE 0EE 2EE 0D5EE 2HQEE
%00016%result% 34120
%00016%points% 53 63 58 43 38
%00017%mibun% 42301
%00017%seat% 30241
%00017%palyer_cards% S4H3H6HJD6D7D9C4C8CJJ3 S8S9STSQSKSAH5HAD8DT S3S5SJS2H8HTHKD4DKC3CK S6S7H4D3DQDAC5C6C7CAC2 H7H9HQH2D5DJD2C9CTCQ 
%00017%change_cards%  03HJJ3EE 24S2EE 30H4D3EE 42D5EE
%00017%play%  0S4H4C4EE 2HKDKCKEE 4S2H2D2EE 1EE 3EE 0EE 2EE 4EE 4H9C9EE 1STDTEE 3DACAEE 0EE 2EE 4EE 1EE 3K2C2EE 3EE 3C5C6C7EE 0EE 2EE 4EE 1SQSKSAEE 3EE 1EE 1S8D8EE 1H5EE 3S6EE 0D7EE 2H8EE 2S3C3EE 4HQCQEE 1EE 3EE 0EE 2EE 4EE 4H7EE 1S9EE 3HJEE 0EE 2EE 4EE 1HAEE 3EE 3S7EE 0C8EE 0H3D3EE 2S5D5EE 4EE 3EE 0H6D6EE 2EE 0EE 0D9EE 2HTEE 4DJEE 3DQEE 0EE 2EE 4EE 0CJEE 2EE 4EE 2D4EE 4CTEE
%00017%result% 13042
%00017%points% 56 68 59 47 40
%00018%mibun% 20413
%00018%seat% 01432
%00018%palyer_cards% S7S8SQH6H7D3D6DTDJDA SJS2H4H8H9D8C5C7C9CAJ3 S4STH3H5HJHQHKH2DKCK S5S6S9SKSAHAD9DQC3C4CQ S3HTD4D5D7D2C6C8CTCJC2 
%00018%change_cards%  21HKH2EE 43D2EE 12H4C5EE 34C3EE
%00018%play%  0H6D6EE 1H8D8EE 1C7N8C9EE 1S2H2EE 4EE 3EE 2EE 0EE 1EE 1H9EE 4CJEE 3SKEE 2EE 0DAEE 1EE 4C2EE 3EE 0EE 4EE 4S3C3EE 3S9D9EE 2DKCKEE 0EE 1EE 4EE 3SAHAEE 2EE 3EE 3DQCQEE 2EE 0EE 1EE 4EE 3EE 3C4EE 2STEE 0DJEE 1HKEE 4EE 3D2EE 2EE 0EE 1EE 3EE 3S5EE 2HJEE 0SQEE 1CAEE 4EE 3EE 2EE 0EE 1EE 1SJEE 4EE 3EE 2HQEE 0EE 2EE 2H3H4H5EE 0EE 4EE 3EE 2EE 2S4EE 0S8EE 0S7H7EE 4HTCTEE 3EE 2EE 0EE 4EE 4D4EE 3S6EE 2EE 0DTEE 4EE 0EE 0D3EE 4D5EE 2EE 4D7EE 4EE 4C6EE 2EE 4C8EE
%00018%result% 13042
%00018%points% 59 73 60 51 42
%00019%mibun% 20413
%00019%seat% 01432
%00019%palyer_cards% S4STSAH5H8HJDTC4C6J3 S6S9SJH7HAD5DQDKC3C5C2 S3SKH6HKH2D6DACJCQCK S8SQH3H4H9HQD7C7C9CTCA S5S7S2HTD3D4D8D9DJD2C8 
%00019%change_cards%  21H2DAEE 43S2EE 12D5C3EE 34H3EE
%00019%play%  4H3D3EE 3D7C7EE 2EE 0STDTEE 1HADAEE 4EE 3EE 0EE 1H2C2EE 1EE 1C5EE 4S7EE 3S8EE 3H9C9EE 2EE 0KJHJEE 1EE 4EE 3SQHQEE 0EE 3EE 3H4EE 2D5EE 0C6EE 1H7EE 4D9EE 3CTEE 2EE 0SAEE 1EE 4D2EE 3EE 0EE 4EE 4D8C8EE 4D4EE 3CAEE 2EE 0EE 1EE 4EE 3S2EE 2CJCQCKEE 0EE 1EE 4EE 2EE 2S3C3EE 0S4C4EE 1EE 4EE 2EE 0EE 0H5EE 1S6EE 4HTEE 2EE 0EE 1SJEE 4EE 1DQEE 1DKEE 1EE 1S9EE 4DJEE 2EE 0EE 4EE 4S5EE 2EE 0H8EE
%00019%result% 31402
%00019%points% 61 77 61 56 45
%00020%mibun% 31402
%00020%seat% 01432
%00020%palyer_cards% S7STH8HTHJHAD3D6DACQCK S9SJH3HQHKD5DQD2C3C5 S8SQH5H9D7D8D9DKC6CTCJ S3S5S6SKS2H6DTC7C8C9J3 S4SAH4H7H2D4DJC4CAC2 
%00020%change_cards%  23SQDKEE 01HAEE 32S3S5EE 10H3EE
%00020%play%  0H3D3EE 1D5C5EE 4SACAEE 3S2L2EE 2EE 0EE 1EE 4EE 3EE 3C7C8C9EE 3S6H6EE 2S8D8EE 2S5H5EE 0STHTEE 1EE 4EE 3EE 2EE 0EE 0D6EE 1S9EE 4DJEE 3SQEE 2EE 0CKEE 1D2EE 4EE 3EE 0EE 1EE 1HQHKHAEE 4EE 3EE 2EE 0EE 1EE 1C3EE 4H7EE 3DTEE 2CJEE 0CQEE 1EE 4EE 3EE 2EE 0EE 0S7EE 1SJEE 4EE 3EE 2EE 0EE 1EE 1DQEE 4EE 3EE 2EE 0DAEE 0EE 0H8EE 0HJEE 4EE 3EE 2EE 4S4H4D4C4EE 3EE 2EE 4EE 4H2C2EE 3SKDKEE
%00020%result% 10432
%00020%points% 65 82 62 58 48
%00021%mibun% 10432
%00021%seat% 30412
%00021%palyer_cards% S6STH4H9D5D9C7CJCQCK S7S8SAH3H7HQD3D6DKDAC6 S4SJH5HTHKHAD4DQC5C2J3 S9SKS2H6HJH2D7DJD2C3CA S3S5SQH8D8DTC4C8C9CT 
%00021%change_cards%  21C2J3EE 30S2EE 12H3D3EE 03H4EE
%00021%play%  2H3D3EE 3HJDJEE 0EE 4EE 1HQMQEE 2EE 3H2D2EE 1EE 3EE 3C3EE 0D5EE 4SQEE 1DKEE 2HAEE 3EE 0S2EE 4EE 1EE 2EE 0EE 0CJCQCKEE 4EE 1EE 2EE 3EE 0EE 0H9D9EE 4DTCTEE 1SADAEE 2EE 3EE 0EE 4EE 1EE 1D6C6EE 2EE 3EE 0EE 4EE 1S7H7EE 1EE 1S8EE 1C2EE 2EE 3EE 0EE 4EE 2S4D4EE 3EE 0EE 4EE 2H5C5EE 2EE 2HTEE 3SKEE 0EE 4EE 2EE 3CAEE 3EE 3H4EE 0S6EE 4C9EE 2SJEE 3EE 0EE 4EE 2DQEE 2HKEE 3H6EE 0C7EE 4EE 3S9EE 0STEE 3EE 4H8D8C8EE 4S3EE 3D7EE
%00021%result% 12034
%00021%points% 68 87 66 60 49
%00022%mibun% 20134
%00022%seat% 30412
%00022%palyer_cards% S3S8H5H8HAC6C7C8C9CT STSAS2H7H9D9DTD2C3CJCA S5S9SQH4H6HJHKD3D8DJCK S4S7SKH3HTHQH2D4DAC5J3 S6SJD5D6D7DQDKC4CQC2 
%00022%change_cards%  41DKC2EE 32J3EE 14H7C3EE 23D3EE
%00022%play%  3H3D3EE 0EE 4S6D6EE 1H9D9EE 2HJDJEE 3EE 4EE 1EE 2HKMKEE 2EE 2H4EE 3C5EE 0HAEE 4EE 1EE 2EE 3H2EE 0EE 3EE 3S4D4EE 0EE 4H7D7EE 1STDTEE 2EE 3EE 4DQCQEE 1SACAEE 4EE 1EE 1S2D2C2EE 2EE 3EE 0EE 4EE 1EE 1CJEE 2SQEE 3SKEE 0EE 4EE 1EE 2EE 3EE 3S7EE 0EE 4SJEE 1EE 2EE 3EE 4EE 4C3EE 1DKEE 2EE 3DAEE 0EE 4EE 3EE 3HTEE 0EE 4EE 2CKEE 3EE 2EE 2S5EE 3HQEE 0EE 4EE 2EE 0C6C7C8C9CTEE 0S8H8EE 0H5EE 4C4EE 2EE 0S3EE 4EE 4D5EE
%00022%result% 13042
%00022%points% 71 92 67 64 51
%00023%mibun% 20413
%00023%seat% 30412
%00023%palyer_cards% SAH5H9HTHKHADTC4CJCK S3S5S8STSKD4DJC6C8CTC2 S6S7S2H4H8H2C3C7C9CAJ3 S4H6H7HQD7D8D9DKD2C5CQ S9SJSQH3HJD3D5D6DQDA 
%00023%change_cards%  21S2J3EE 43DAEE 12S3D4EE 34S4EE
%00023%play%  4H3D3EE 1S8C8EE 1SKKAS2EE 2EE 3EE 0EE 4EE 1EE 1STCTEE 2EE 3HQCQEE 0HKCKEE 4EE 1EE 3EE 0EE 0HTDTEE 4SJHJEE 1EE 2EE 3EE 0SAHAEE 4EE 0EE 0C4EE 4D5EE 1C6EE 2H8EE 2S3C3EE 3H7D7EE 0EE 4SQDQEE 1EE 2EE 3EE 4EE 4S4EE 1S5EE 2S6EE 3EE 0EE 4S9EE 1EE 2EE 4EE 4D6EE 1DJEE 2EE 3EE 0EE 1EE 1C2EE 2EE 3EE 0EE 2H4D4EE 3EE 0EE 2S7C7EE 2EE 2C9EE 3EE 0CJEE 2CAEE 0EE 2EE 2H2EE 3EE 0EE 3DKDAD2EE 0EE 3EE 3C5EE 0H9EE 3EE 0EE 0H5EE
%00023%result% 41203
%00023%points% 73 96 70 65 56
%00024%mibun% 31240
%00024%seat% 20341
%00024%palyer_cards% SAS2HTHQD3D4DJDQC5CJ S7S8S9STSKH3H7H8D6C8CQ SQH9HJH2D5D8D9DTDAC6J3 S6SJH4H5H6D7DKD2C4CA S3S4S5HKHAC3C7C9CTCKC2 
%00024%change_cards%  34D2CAEE 01S2EE 43S3C3EE 10H3EE
%00024%play%  0H3D3EE 3H4C4EE 4HKCKEE 1EE 2H2N2EE 0EE 3EE 4EE 2EE 2D8D9DTEE 2D5EE 0HTEE 3SJEE 4EE 1CQEE 2DAEE 0EE 3EE 1S2EE 2EE 1EE 1S7S8S9STEE 1H8C8EE 1D6EE 2H9EE 0SAEE 3EE 4EE 1EE 2EE 0EE 0DJCJEE 3EE 4HACAEE 1EE 2EE 0EE 4D2C2EE 4EE 4S4EE 1H7EE 2HJEE 0EE 3EE 4EE 1EE 2EE 2C6EE 0EE 3D7EE 4C9EE 1SKEE 2EE 3EE 4EE 2SQEE 0EE 3DKEE 4EE 3EE 3S3C3EE 4EE 0HQDQEE 3EE 0EE 0D4EE 3H5EE 4C7EE 0EE 3EE 4CTEE 4EE 4S5EE 0EE 3EE 0C5EE
%00024%result% 12403
%00024%points% 75 101 74 66 59
%00025%mibun% 30142
%00025%seat% 20341
%00025%palyer_cards% S5S7SJSKD6DTDJDAC4CKC2 S4S8H5H9HKD5D7DQD2C5CT STSQH3H2D4D8D9C7C8C9J3 S6S9SAS2H8HTD3DKC6CJ S3H4H6H7HJHQHAC3CQCA 
%00025%change_cards%  31SAS2EE 02C2EE 13S4H5EE 20H3EE
%00025%play%  3S6C6EE 4HQCQEE 1S2D2EE 2EE 0EE 3EE 4EE 1EE 1D5C5EE 2D8C8EE 2C7N8C9EE 2H2C2EE 0EE 3EE 4EE 1EE 2EE 2D4EE 0S5EE 3H8EE 3D3EE 4H4EE 1D7EE 2D9EE 0DTEE 3DKEE 4EE 1EE 2EE 0DAEE 3EE 0EE 0SJDJEE 3EE 4HACAEE 1EE 2EE 0EE 4EE 4S3C3EE 1EE 2EE 0SKCKEE 3EE 4EE 0EE 0H3EE 3S4EE 4H6EE 1S8EE 1H9EE 2STEE 0EE 3CJEE 4EE 1DQEE 2EE 3EE 1HKEE 1SAEE 1EE 1CTEE 2SQEE 0EE 3EE 4EE 0C4EE 3H5EE 4H7EE 0EE 3HTEE 4HJEE 3EE 0D6EE 3S9EE
%00025%result% 12430
%00025%points% 76 106 78 68 62
%00026%mibun% 40132
%00026%seat% 20341
%00026%palyer_cards% S3S5STSJSQD4DAD2C3C7C9 S4S6SAH9HAD3D8D9DJC4C2 S9H6H7HTHKH2D6D7C6CJJ3 SKS2H8HJDQDKC5C8CTCA S7S8H3H4H5HQD5DTCQCK 
%00026%change_cards%  01DAD2EE 32S2EE 10S4D3EE 23H6EE
%00026%play%  0S3S4S5EE 3EE 4EE 1EE 2M5D6D7EE 0STSJSQEE 0EE 0D3C3EE 3H8C8EE 3SKDKEE 4EE 1D2C2EE 2EE 0EE 3EE 1EE 1SAHADAEE 2S2H2M2EE 0EE 3EE 4EE 1EE 2EE 2D6C6EE 0EE 3EE 4HQCQEE 1EE 2EE 4EE 4H3H4H5EE 1EE 2EE 0EE 3EE 4EE 4D5EE 1S6EE 2S9EE 0EE 3EE 4EE 1EE 2EE 2H7D7EE 0EE 3EE 4EE 1H9D9EE 2EE 1EE 1C4EE 2HTEE 0EE 3HJEE 4EE 1EE 2HKEE 3EE 2EE 2CJEE 0EE 3DQEE 4CKEE 1EE 3CAEE 4EE 3EE 3C5EE 4S7EE 1D8EE 1DJEE 0EE 3EE 4EE 0D4EE 3H6EE 4S8EE 4DTEE 0EE 3EE 0C7EE 3CTEE
%00026%result% 21430
%00026%points% 77 110 83 70 65
%00027%mibun% 41032
%00027%seat% 10423
%00027%palyer_cards% S6S8STH3H6H9H2C5C8C2 S7S2H7H8HAD5D6C3C6C7CQ H4HQHKD8DQDKDAD2CTCJCK S3S9SQSKH5HJD3D9DTCAJ3 S4S5SJSAHTD4D7DJC4C9 
%00027%change_cards%  02H2C2EE 31J3EE 20H4D8EE 13C3EE
%00027%play%  3S3D3C3EE 1S7H7C7EE 0S8D8C8EE 0S6H6EE 4SJDJEE 2HQDQEE 3EE 1KAHAEE 0EE 4EE 2EE 1EE 1D6C6EE 0EE 4EE 2EE 3S9D9EE 1EE 3EE 3H5EE 1H8EE 1D5EE 0H9EE 4HTEE 2EE 3HJEE 1EE 0EE 4EE 3EE 3DTEE 1CQEE 0EE 4SAEE 2EE 3EE 1S2EE 4EE 0H3EE 4S5EE 2CTEE 3SQEE 0EE 4EE 2EE 3SKEE 3EE 3CAEE 0EE 4EE 2EE 0H4EE 4D7EE 2CJEE 0EE 4EE 2EE 2DKDAD2EE 0EE 4EE 2EE 2HKCKEE 0EE 4EE 2H2C2EE 0C5EE 4C9EE 0EE 4EE 4S4D4C4EE
%00027%result% 13240
%00027%points% 78 115 86 74 67
%00028%mibun% 40213
%00028%seat% 10423
%00028%palyer_cards% S2H6HQHKD7D9DTC4C6CTCJ S5SJSAH4H5HTH2D6C5C8C9 S4S8STH9HJDJD2C7CAC2 S3S6S9SQSKH7HAD5DACQ S7H3H8D3D4D8DQDKC3CKJ3 
%00028%change_cards%  01S2HKEE 43J3EE 10S5H4EE 34S3EE
%00028%play%  4S3H3D3C3EE 2EE 3EE 1EE 0EE 4EE 4DKCKEE 2HJDJEE 3S9L9EE 1H5C5EE 0H4C4EE 4EE 2EE 3EE 1EE 0EE 0DTCTEE 4H8D8EE 4DQEE 2STEE 3H7EE 1D6EE 0S5EE 4D4EE 2EE 3EE 1EE 0EE 4EE 4S7EE 2S4EE 3EE 1EE 0EE 2EE 2D2C2EE 3HADAEE 1EE 0H6C6EE 2EE 3EE 0EE 0HQEE 2H9EE 3EE 1EE 0EE 2EE 2CAEE 3SKEE 1SJEE 0EE 2S8EE 2C7EE 3S6EE 1EE 0EE 3D5EE 3EE 3SQCQEE 1EE 0EE 1S2H2EE 0EE 1EE 1SAEE 0CJEE 1HTEE 0D9EE 1C8EE 1HKEE 0D7EE
%00028%result% 42301
%00028%points% 80 116 90 77 72
%00029%mibun% 34120
%00029%seat% 10423
%00029%palyer_cards% S7S8SQS2H4HKD8DJC6CQ S5S6STSJH3H7H2D6DQC9 S4SAH5HQDKDAC5C8CTCJCK S3H6HTHJHAD5D9D2C3C4CA S9SKH8H9D3D4D7DTC7C2J3 
%00029%change_cards%  14H2DQEE 02S2EE 41D3D4EE 20S4EE
%00029%play%  1H3D3EE 0S4H4EE 4D7C7EE 2DKCKEE 3EE 1EE 0EE 4M2C2EE 2EE 4EE 4S9H9EE 2SADAEE 3EE 1EE 0EE 4EE 2EE 2H5C5EE 3HACAEE 1EE 0EE 4EE 2EE 3EE 3S3C3EE 1S6D6EE 0S8D8EE 0SQCQEE 4EE 2EE 3EE 1EE 0EE 0C6EE 4H8EE 4DTEE 2CJEE 3D2EE 1EE 0EE 4EE 2EE 3EE 3C4EE 1S5EE 0S7EE 4SKEE 2S2EE 3EE 1EE 0EE 4EE 2EE 2C8EE 2CTEE 3HJEE 1EE 0HKEE 4H2EE 2EE 3EE 0EE 4EE 4DQEE 2EE 3EE 1EE 0EE 2HQEE 3EE 1EE 0EE 3D5EE 1H7EE 0DJEE 3EE 1EE 3H6EE 1C9EE 3HTEE 1SJEE 3EE 1EE 1D4EE 3D9EE
%00029%result% 42031
%00029%points% 83 117 94 79 77
%00030%mibun% 24130
%00030%seat% 42130
%00030%palyer_cards% S3S8SJH5H7D7D8C3CTC2 S4S7STSQS2H3HJD3C4C8CJ S5SAH4H8HQD4D5D6DTCQCK SKH6H9HTHADQDAC5C9J3 S6S9HKH2D9DJDKD2C6C7CA 
%00030%change_cards%  14SQS2EE 32J3EE 41S6C6EE 23H4EE
%00030%play%  1H3D3EE 3H9C9EE 0EE 4HKDKEE 2SALAEE 1EE 3EE 4EE 2EE 2D4D5D6EE 1EE 3EE 0EE 4EE 2EE 2HQCQEE 1EE 3HADAEE 0EE 4EE 2EE 3EE 3H4EE 0H5EE 4EE 2H8EE 2S5EE 1S7EE 3SKEE 0EE 4EE 2EE 1EE 3EE 3C5EE 0CTEE 4CAEE 2EE 1EE 3EE 0C2EE 4EE 0EE 0S3C3EE 4S9D9EE 2EE 1HJCJEE 3EE 0EE 4EE 1EE 1S4C4EE 3EE 0H7D7EE 4EE 2EE 1EE 0S8D8EE 0SJEE 4SQEE 2EE 1EE 3EE 4EE 4S2H2D2EE 2EE 1EE 3EE 4EE 4C7EE 2DTEE 1EE 3DQEE 4EE 2EE 3EE 3H6EE 4DJEE 2CKEE 1EE 3EE 1S6C6EE 3EE 1EE 1C8EE 1STEE
%00030%result% 04213
%00030%points% 88 119 97 80 81
%00031%mibun% 03241
%00031%seat% 42130
%00031%palyer_cards% S4S6SQSAH9HJH2DQC7CTCA S7S8S9S2H3H5D4C3C4C2 S3H7HKD3D5D9DJD2C5C6CJ STH4HTHQHAD8DTDKC8CK S5SJSKH6H8D6D7DAC9CQJ3 
%00031%change_cards%  30HADKEE 14S2EE 03S4S6EE 41S5EE
%00031%play%  2S3D3EE 1D4C4EE 3D8C8EE 3STHTDTEE 0SAHACAEE 4EE 2EE 1EE 3EE 0EE 0SQDQEE 4SKLKEE 2EE 1EE 3EE 0EE 4EE 4H6D6EE 2DJCJEE 1EE 3EE 0EE 4EE 2EE 2D5C5EE 1EE 3EE 0EE 4EE 2EE 2C6EE 1C2EE 3EE 0EE 4EE 2EE 1EE 1S7S8S9EE 1H3C3EE 3S4H4EE 0EE 4EE 2EE 1S5H5EE 3EE 3S6EE 0C7EE 4H8EE 4D7EE 2D9EE 3EE 0DKEE 4DAEE 2D2EE 0EE 4EE 2EE 2H7EE 3HQEE 0H2EE 4EE 2EE 3EE 0EE 0H9EE 4SJEE 2HKEE 3EE 0EE 4S2EE 4EE 4C9EE 3CKEE 0EE 4EE 0CTEE 4CQEE
%00031%result% 12340
%00031%points% 89 124 101 83 83
%00032%mibun% 40123
%00032%seat% 42130
%00032%palyer_cards% S4S9SJH9HQHKD7DJDQCQJ3 S8S2H3H7HJD6D9C3C5C6CT S3SAH6D8DTDKDAC9CJC2 S5S7SQSKH5H8H2D3D5C4C7 S6STH4HTHAD4D2C8CKCA 
%00032%change_cards%  01HKJ3EE 42D2EE 10H3C3EE 24S3EE
%00032%play%  3S5H5D5EE 0HQDQCQEE 4EE 2EE 1EE 3EE 0EE 0H3C3EE 4H4D4EE 2SADAEE 1S2L2EE 3EE 0EE 4EE 2EE 1EE 1D6C6EE 3S7C7EE 0S9H9EE 4STHTEE 2EE 1EE 3EE 0EE 4EE 4HACAEE 2D2C2EE 1EE 3EE 0EE 4EE 2EE 2H6EE 1H7EE 3H8EE 3D3EE 0S4EE 4S6EE 2EE 1S8EE 1C5EE 3SQEE 0EE 4CKEE 2EE 1EE 3H2EE 4EE 3EE 3C4EE 0D7EE 4C8EE 4S3EE 2D8EE 2C9EE 1CTEE 3EE 0EE 2CJEE 1EE 2EE 2DTEE 1HJEE 3SKEE 0EE 2EE 1EE 0SJDJEE 2EE 1EE 2DKEE
%00032%result% 43021
%00032%points% 92 125 103 87 88
%00033%mibun% 24310
%00033%seat% 12034
%00033%palyer_cards% S2H3HAH2C3C9CTCQCKJ3 S3STHTHJHKD9DTDKD2C5CJ S8SJSKH4H6H7H8DJDQDAC4 S6S7S9H5D3D5D6D7C8CA S4S5SQSAH9HQD4D8C6C7C2 
%00033%change_cards%  14HKD2EE 23DAEE 41S4D4EE 32D3EE
%00033%play%  2H6H7H8EE 2H4C4EE 0S2H2EE 3EE 4EE 1EE 2EE 0EE 0C9CTNJCQCKEE 3EE 4EE 1EE 2EE 0EE 0H3C3EE 3EE 4EE 1EE 2EE 0EE 0HAEE 3S9EE 4D8EE 4D2C2EE 1HJCJEE 2EE 3S7D7EE 4EE 1S4D4EE 3EE 1EE 1STHTDTEE 2EE 3EE 4EE 1EE 1DKEE 2DQEE 3EE 4EE 1D9EE 2D3EE 1EE 2EE 2SJDJEE 3S6D6EE 4EE 1EE 2EE 3EE 3DACAEE 4SQHQEE 1EE 2EE 3H5D5EE 4EE 3EE 3C8EE 4SAEE 1C5EE 2EE 4EE 1S3EE 2SKEE 4H9EE 2S8EE
%00033%result% 03124
%00033%points% 97 128 105 91 89
%00034%mibun% 02314
%00034%seat% 12034
%00034%palyer_cards% SQS2H3H7H9HTHADKC3C5CT H8HQHKD3D5D8C6C7C9J3 S3S4S5S6S8SKSADJDACJ S7STH4H5HJD4D7D2C8CQCK S9SJH6H2D6D9DTDQC4CAC2 
%00034%change_cards%  40H2C2EE 23SAEE 04H3C3EE 32H4EE
%00034%play%  1C6C7N8C9EE 1H8D8EE 1D3EE 2S8EE 2S3S4S5S6EE 0EE 3EE 4EE 1EE 2EE 2DJCJEE 0EE 3EE 4EE 1EE 2EE 2H4EE 0C5EE 3C8EE 3S7D7EE 4S9D9EE 1EE 2EE 0EE 3EE 4EE 4H3C3EE 1EE 2EE 0HTCTEE 3EE 4EE 0H2C2EE 0EE 0H7EE 3STEE 4SJEE 1EE 2SKEE 0S2EE 3EE 4EE 2EE 0EE 0H9EE 3HJEE 4EE 1HQEE 2EE 0HAEE 3EE 1EE 0EE 0SQEE 3CKEE 4CAEE 1EE 2EE 0EE 3EE 4EE 4H6D6EE 1EE 2EE 0EE 3EE 4EE 4C4EE 1D5EE 2DAEE 0EE 3D2EE 4EE 1EE 3EE 3D4EE 4DTEE 1EE 0DKEE 3EE 4EE 3H5EE 4DQEE 1HKEE
%00034%result% 20413
%00034%points% 101 130 110 92 92
%00035%mibun% 13042
%00035%seat% 12034
%00035%palyer_cards% SAS2H5HAD3D9DTC7C8C9J3 STH3H4H8HQHKH2D4DJCK S6S7S8S9H6HJD5D6D7DQC6 S3S5SKH9HTDAD2C3CJCQCA S4SJSQH7D8DKC4C5CTC2 
%00035%change_cards%  32DAD2EE 10H2EE 23S6D5EE 01D3EE
%00035%play%  1H3D3EE 2S7D7EE 0D9C9EE 3EE 4EE 1HKCKEE 2EE 0SAHAEE 1EE 0S2H2EE 0EE 0N6C7C8EE 0H5EE 3S6EE 4H7EE 1H8EE 1H4D4EE 2EE 0EE 3S5D5EE 4EE 1EE 3EE 3S3C3EE 4S4C4EE 1EE 2EE 0EE 3EE 4EE 4C5EE 1STEE 2HJEE 0EE 3CQEE 4DKEE 1EE 2DAEE 3EE 4EE 2D2EE 2EE 2H6D6C6EE 0EE 3EE 4EE 1EE 2EE 2S8EE 2S9EE 0DTEE 3CJEE 4SQEE 1EE 2EE 3SKEE 4EE 3EE 3H9EE 4CTEE 1DJEE 2DQEE 3EE 4EE 1EE 3HTEE 4SJEE 1HQEE 3CAEE
%00035%result% 02134
%00035%points% 106 133 114 94 93
%00036%mibun% 02134
%00036%seat% 23401
%00036%palyer_cards% S9SKH3H5H9HKD7C3C6CJCQ S6S7SAH4D9DJDAD2C5C8C9 S3S2H7HTHQD5D6DQC7CAC2 S4S8STH6HJH2D3CTCKJ3 S5SJSQH8HAD4D8DTDKC4 
%00036%change_cards%  40HADKEE 32J3EE 04H3C3EE 23S3EE
%00036%play%  3S3D3EE 4D4C4EE 0S9H9EE 1SADAEE 2S2C2EE 3EE 4EE 0EE 1EE 2EE 2M4D5D6EE 3EE 4EE 0EE 1EE 2EE 2H7C7EE 3STCTEE 4EE 0EE 1EE 2HQDQEE 3EE 2EE 2HTEE 3HJEE 4EE 0HAEE 1EE 2EE 3H2EE 0EE 3EE 3S4EE 4S5EE 0EE 1S6EE 2EE 3S8EE 3H6EE 4DTEE 0CJEE 1D2EE 2EE 3EE 4EE 0EE 1EE 1D9C9EE 2EE 3EE 4EE 0EE 1EE 1H4EE 2CAEE 3EE 4EE 0EE 1EE 3CKEE 4EE 0EE 1EE 4H3C3EE 0EE 1EE 4H8D8EE 4SJEE 0CQEE 1EE 4EE 0EE 0SKHKDKEE 1EE 4EE 0EE 0H5EE 1S7EE 4SQEE 0EE 1EE 0C6EE 1C8EE 1C5EE 0D7EE
%00036%result% 23401
%00036%points% 108 134 119 98 96
%00037%mibun% 34012
%00037%seat% 23401
%00037%palyer_cards% S5H9HJD3DQDAD2C3C5C8 S3S9SJSAD8DKC6C7CTCQ STSKH8HQHAD5D9C9CJCKCA S7H4H5H6HKD6DTDJC4C2J3 S4S6S8SQS2H3H7HTH2D4D7 
%00037%change_cards%  12SADKEE 03D2EE 21H8D5EE 30H4EE
%00037%play%  0D3C3EE 1H8D8EE 1S3EE 2STEE 3KxEE 4EE 0EE 1EE 2EE 3EE 3H6D6EE 4H7D7EE 0EE 1EE 2EE 3EE 4EE 4S4D4EE 0S5C5EE 1EE 2D9C9EE 3D2C2EE 4EE 0EE 2EE 3EE 3C4EE 4S6EE 0C8EE 0H4EE 1D5EE 2CJEE 3HKEE 4EE 0DAEE 1EE 2EE 3EE 0EE 0H9EE 1CTEE 2HQEE 3EE 4EE 0EE 1EE 2EE 2SKDKCKEE 3EE 4EE 0EE 1EE 2SAHACAEE 3H5EE 4S8EE 4S2H2EE 0EE 1EE 3EE 4EE 4H3EE 0HJEE 1EE 3EE 4EE 0EE 0DQEE 1EE 3EE 4EE 1C6EE 3S7EE 4HTEE 1SJEE 3EE 4SQEE 1EE 1C7EE 3DTEE 1CQEE 3EE 1EE 1S9EE
%00037%result% 20413
%00037%points% 112 136 124 99 99
%00038%mibun% 13042
%00038%seat% 23401
%00038%palyer_cards% S9SJSKHQHKH2DKDAC9CQ S3S5S2H4H5H8DJC6CJCK S4S7S8HTHAD6D7DQC7C8C2 SAH6H7D3D4D5D8D9C3CAJ3 S6STSQH3H9HJDTD2C4C5CT 
%00038%change_cards%  32SAJ3EE 10S2EE 23S4D6EE 01S9EE
%00038%play%  3D3D4D5D6EE 4EE 0EE 1EE 2EE 3EE 3C3EE 4C4EE 0C9EE 1CKEE 2C2EE 3EE 4EE 0EE 1EE 2KxEE 2EE 2S7D7C7EE 3EE 4STDTCTEE 0EE 1EE 2EE 4EE 4H3EE 0SJEE 1EE 2DQEE 3CAEE 4D2EE 0EE 2EE 3EE 4EE 4C5EE 0DAEE 1EE 2EE 3EE 4EE 0EE 0SKHKDKEE 1EE 2EE 3EE 4EE 0EE 0HQCQEE 1EE 2SAHAEE 3EE 4EE 0S2H2EE 2EE 1S5H5EE 2S8C8EE 2HTEE 3EE 4HJEE 1EE 4EE 4S6EE 1H8EE 1DJCJEE 3EE 4EE 1EE 1S3EE 3S4EE 4SQEE 1EE 3EE 4EE 4H9EE 1EE 3EE 1H4EE 3H6EE 1EE 3H7EE 3EE 3D8EE 3D9EE
%00038%result% 02431
%00038%points% 117 137 128 101 102
%00039%mibun% 04132
%00039%seat% 40132
%00039%palyer_cards% S6S8SQSKD3D6D7DQC8CTJ3 S7STH6HAD4D5D2C7C9CJCQ S5SAH3H7HQDTDJDAC6C2 S3SJH4H5H8HTHKH2C3CKCA S4S9S2H9HJD8D9DKC4C5 
%00039%change_cards%  10HAD2EE 32H2EE 01S6D3EE 23H3EE
%00039%play%  1D3D4D5EE 3EE 2EE 4EE 0M5D6D7EE 1EE 1S6H6EE 3HKCKEE 2SADAEE 4EE 0K2D2EE 1EE 3EE 2EE 0EE 0S8C8EE 0SQDQEE 1EE 3EE 2H2C2EE 4EE 0EE 2EE 2S5EE 4D8EE 4S9H9D9EE 0EE 1EE 3EE 2EE 4EE 4S4C4EE 0EE 1S7C7EE 3EE 2EE 4EE 1EE 1C9EE 3HTEE 2DJEE 4DKEE 0EE 1EE 3EE 2EE 4EE 4C5EE 0D6EE 1STEE 3SJEE 2EE 4S2EE 0EE 1EE 3EE 4EE 4HJEE 0SKEE 1EE 3CAEE 2EE 0EE 3EE 3H3H4H5EE 2EE 0EE 1EE 3EE 3S3C3EE 2EE 0EE 1EE 3EE 3H8EE 2C6EE 0D7EE 1CJEE 2HQEE 0HAEE 1EE 2EE 0EE 0CTEE 1CQEE
%00039%result% 43012
%00039%points% 120 139 129 105 107
%00040%mibun% 23410
%00040%seat% 40132
%00040%palyer_cards% S8S9SQH6HTHAD5D8DKC7CJ S3S6S7STSAH8HJDTC3C5C9 S4SKD4D6D9DAC4CAC2J3 S5H3H9HQH2D3D7C6CTCK SJS2H4H5H7HKDJDQD2C8CQ 
%00040%change_cards%  24C2J3EE 13SAEE 42H4H5EE 31H3EE
%00040%play%  3D3EE 2H5EE 4H7EE 0HTEE 1HJEE 3HQEE 2EE 4HKEE 0HAEE 1EE 3H2EE 4KxEE 0EE 3EE 4EE 4S2D2C2EE 0EE 1EE 3EE 2EE 4EE 4SJDJEE 0EE 1EE 3EE 2DACAEE 4EE 2EE 2S4H4D4C4EE 4EE 0EE 1EE 3EE 2EE 2SKEE 4C8EE 4DQCQEE 0S8D8EE 0DKEE 1C9EE 3D7EE 2D6EE 0D5EE 1EE 3EE 2EE 0EE 0SQEE 1H8EE 1S3H3C3EE 3EE 2EE 0EE 1EE 1STDTEE 3EE 2EE 0EE 1EE 1S7EE 3C6EE 2EE 0EE 1C5EE 3EE 1EE 1S6EE 3S5EE 2EE 0EE 3EE 3SAEE 2D9EE 0C7EE 3EE 0H6EE 0EE 0CJEE 3CTEE 0EE 3EE 3CKEE 0S9EE
%00040%result% 41203
%00040%points% 122 143 132 106 112
%00041%mibun% 31240
%00041%seat% 40132
%00041%palyer_cards% S2H3H9HJD3DTDJDQC4C7CT S4SJSAH7HKHAD4D5D9CQJ3 S3S5H5H8H2D6C6CJCKC2 S6S8SQH4HQD8DAC3C9CA S7S9STSKH6HTD7DKD2C5C8 
%00041%change_cards%  34DACAEE 01S2EE 43H6C5EE 10S4EE
%00041%play%  0DTDJDQEE 1LQHKHAEE 3EE 2EE 4DKDAD2EE 0EE 4EE 4S7D7EE 0EE 1SAHAEE 3EE 2H2C2EE 4EE 1EE 2EE 2S5H5EE 4STHTEE 0EE 1SJLJEE 3SQHQEE 2EE 4EE 1EE 3EE 3S6H6EE 2EE 4EE 0EE 1EE 3S8D8EE 3C3EE 2H8EE 2D6C6EE 4EE 0EE 1EE 3EE 2EE 2S3EE 4C8EE 4S9EE 0CTEE 1CQEE 3EE 2CKEE 4CAEE 0EE 1EE 2EE 4EE 4SKEE 0EE 1S2EE 3EE 2EE 1EE 1D4EE 3C5EE 2CJEE 0EE 1EE 3EE 0H3D3EE 1EE 3EE 0S4C4EE 0EE 0C7EE 1D9EE 3EE 0HJEE 1HKEE 0EE 1EE 1D5EE 3C9EE 0EE 1EE 3EE 3H4EE 0H9EE
%00041%result% 42301
%00041%points% 124 144 136 109 117
%00042%mibun% 34120
%00042%seat% 42103
%00042%palyer_cards% STSJHKD9DJDKC3C5C9C2 S6SKSAH3HJHAH2D7DQC7J3 S5S7H5H6H8HQD5DAD2C4CK S3H7H9D3D6C6C8CTCJCA S4S8S9SQS2H4HTD4D8DTCQ 
%00042%change_cards%  14H2J3EE 02C2EE 41S4H4EE 20C4EE
%00042%play%  3S3D3EE 4S8D8EE 4KTHTDTEE 2EE 1EE 0EE 3EE 4EE 4SQCQEE 2D2C2EE 1EE 0EE 3EE 4EE 2EE 2S5H5D5EE 1EE 0EE 3EE 4EE 2EE 2H6EE 1HJEE 0EE 3EE 4EE 2HQEE 1EE 2EE 2S7EE 1DQEE 0EE 3CAEE 4EE 2EE 1EE 3EE 3D6C6EE 4S2H2EE 2EE 1EE 0EE 3EE 4EE 4D4EE 2H8EE 2CKEE 1EE 0EE 3EE 4EE 2DAEE 1S4H4EE 0D9C9EE 3EE 4EE 1SAHAEE 0EE 1EE 1D7C7EE 0SJDJEE 3EE 4EE 1EE 0HKDKEE 0EE 0C3C4C5EE 3EE 4EE 1EE 0EE 0STEE 3CJEE 4EE 1SKEE 3EE 1EE 1H3EE 3H7EE 4EE 1EE 3H9EE 3EE 3C8EE 3CTEE 4EE 1EE 4S9EE
%00042%result% 20341
%00042%points% 128 145 141 112 119
%00043%mibun% 14023
%00043%seat% 42103
%00043%palyer_cards% S3H9DTDJDAC3C7C8CJCQCA S4S5S7H4HJHQHAH2D6C4CK S8STSJSAH5H7HTHKD4DKC9 S9S2H3D3D5D7D2C5C6C2 S6SQSKH6H8D8D9DQCTJ3 
%00043%change_cards%  12HAH2EE 40J3EE 21H5D4EE 04S3EE
%00043%play%  3S2D2C2EE 4EE 2EE 1EE 0EE 3EE 3H3D3EE 4S6H6EE 2STHTEE 1EE 0EE 3EE 4EE 2SAHAEE 2EE 2HKDKEE 1EE 0DACAEE 3EE 4EE 2EE 0EE 0N6C7C8EE 0DJCJEE 3EE 4SQDQEE 2EE 1EE 0EE 4EE 4H8D8EE 4S3EE 2H7EE 1HJEE 0EE 3EE 4EE 2H2EE 1EE 2EE 2S8EE 2C9EE 1HQEE 0EE 3EE 4SKEE 2EE 1EE 4EE 4D9EE 2SJEE 1CKEE 0EE 3EE 4EE 1EE 1S4H4D4C4EE 0EE 3EE 4EE 1EE 1S5H5EE 0EE 3EE 4EE 1EE 1S7EE 0C3EE 3EE 4EE 1EE 0EE 0CQEE 3S9EE 4EE 1D6EE 0EE 3EE 0DTEE 3D7EE 4EE 0EE 3EE 3D5C5EE 4EE 0EE 3EE 3C6EE 4EE 0EE 4CTEE
%00043%result% 21340
%00043%points% 129 149 146 115 121
%00044%mibun% 41023
%00044%seat% 42103
%00044%palyer_cards% S8STSQSKH7HQHAD4D7D8D2 S3S7SJSAH4HJHKD9DQCQCK S6H6HTD5C4C5C7C8C9C2J3 S4S5S9H3H5DAC3C6CTCJ S2H8H9H2D3D6DTDJDKCA 
%00044%change_cards%  02HAD2EE 41S2EE 20D5C4EE 14S3EE
%00044%play%  4S3D3EE 2S6H6EE 1SJHJEE 0SQHQEE 3EE 4EE 2KAHAEE 1EE 0EE 2EE 2C7C8C9EE 2D2C2EE 1EE 0EE 3EE 4EE 2EE 2C5EE 1S7EE 0STEE 3EE 4EE 2EE 1SAEE 0EE 1S2EE 1EE 1DQCQEE 0EE 3EE 4EE 2EE 1HKCKEE 1EE 1H4EE 0D5EE 3C6EE 4H8EE 4D6EE 2HTEE 1EE 0SKEE 3DAEE 4H2EE 0EE 3EE 4EE 4H9EE 1EE 0EE 3CTEE 4DJEE 3EE 4DKEE 4EE 4DTEE 1EE 0EE 3CJEE 4CAEE 3EE 1D9EE 0EE 3EE 0D4C4EE 3S5H5EE 0H7D7EE 3EE 0S8D8EE
%00044%result% 24103
%00044%points% 131 152 151 116 125
%00045%mibun% 32041
%00045%seat% 43102
%00045%palyer_cards% S3H5H7D6DJC4C9CKC2J3 S9SQSAS2H3H2D4DAC6C8 S5S7SKH8H9HQHAD3D5D8D9 S6H4H6HTHKDTD2C3CJCQCA S4S8STSJHJD7DQDKC5C7CT 
%00045%change_cards%  32D2CAEE 04J3EE 23S5D3EE 40S4EE
%00045%play%  3D3C3EE 1SADAEE 0EE 2EE 4EE 3EE 1S2H2EE 1EE 1H3EE 0H5EE 2HQEE 4KxEE 3EE 1EE 0EE 2EE 4EE 4D7C7EE 3HTDTEE 1EE 0EE 2HACAEE 4EE 3EE 2EE 2H8D8EE 2H9D9EE 4STCTEE 3EE 1EE 0EE 2EE 4SJHJEE 4EE 4C5EE 3CJEE 1EE 0CKEE 2EE 4EE 3EE 0C2EE 0EE 0S4C4EE 2EE 4EE 3S6H6EE 1EE 0EE 3EE 3H4EE 1C6EE 0H7EE 2SKEE 4EE 3EE 1EE 0EE 2D2EE 2EE 2D5EE 4S8EE 4DQEE 3HKEE 1EE 0EE 2EE 4EE 3EE 3S5EE 1C8EE 1D4EE 0D6EE 2EE 4DKEE 3EE 1EE 0EE 3CQEE 1EE 0EE 2EE 1S9EE 0DJEE 2EE 1SQEE 0EE 0S3EE 2S7EE
%00045%result% 43120
%00045%points% 132 155 153 120 130
%00046%mibun% 42310
%00046%seat% 43102
%00046%palyer_cards% SKH4H2D3D7DTDKDACTCJ S3S7S9S2H8HQD2C3C8CKJ3 S4S5S6S8H6D8DJDQC7C9 STSJSQSAH3HTD4D5C5C6CQ H5H7H9HJHKHAD6D9C4CAC2 
%00046%change_cards%  04H2DAEE 23DQEE 40H5C4EE 32H3EE
%00046%play%  0H4C4EE 2S6H6EE 4H9D9EE 3STHTEE 1S2D2EE 0EE 2EE 4EE 3EE 1EE 1S7K8S9EE 1S3C3EE 0DTCTEE 2EE 4H2C2EE 3EE 1EE 0EE 4EE 4HADACAEE 3EE 1EE 0EE 2EE 4EE 4D6EE 3SJEE 1HQEE 0EE 2EE 4HKEE 3EE 1EE 4EE 4H7EE 3SAEE 1EE 0EE 2EE 4EE 3EE 3SQDQCQEE 1EE 0EE 2EE 4EE 3EE 3D5C5EE 1H8C8EE 1CKEE 0EE 2EE 4EE 3EE 0SKDKEE 2EE 4EE 3EE 0EE 0D3EE 2S4EE 4HJEE 3EE 0EE 2EE 3D4EE 0H5EE 2C7EE 3EE 0CJEE 2EE 0EE 0D7EE 2C9EE 3EE 2DJEE 2EE 2S8D8EE 2H3EE 3C6EE
%00046%result% 14032
%00046%points% 135 160 154 122 134
%00047%mibun% 20431
%00047%seat% 43102
%00047%palyer_cards% S3S5STHAH2D3D7DJC3C4CQ S8SJSKHJHKDQC5C6C7CJCK S7SAH5HTHQD5DTDKD2CAJ3 S4S6SQS2H3D8D9C8C9CT S9H4H6H7H8H9D4D6DAC2 
%00047%change_cards%  21D2J3EE 34S2EE 12C5C6EE 43H4EE
%00047%play%  0S3D3C3EE 2H5D5C5EE 4EE 3EE 1SJHJCJEE 0EE 2EE 1SKHKCKEE 1EE 1K7C7EE 0EE 2HTDTEE 4S2C2EE 3EE 1EE 2EE 4EE 4H6H7H8H9EE 4D4EE 3S6EE 1S8EE 1DQEE 0HAEE 2EE 4EE 3EE 1D2EE 0EE 0C4EE 2C6EE 4EE 3EE 0CQEE 2EE 0EE 0S5EE 2S7EE 4S9EE 3SQEE 0EE 2EE 4EE 3EE 3C8C9CTEE 3S4H4EE 0EE 2SACAEE 4EE 3EE 2EE 2HQEE 4DAEE 3EE 0H2EE 2EE 4EE 0EE 0D7EE 2DKEE 4EE 3EE 0EE 4D6EE 3D8EE 3H3EE 0STEE 3EE 0DJEE
%00047%result% 12403
%00047%points% 137 165 158 123 137
%00048%mibun% 30142
%00048%seat% 24103
%00048%palyer_cards% S5S8SQS2HQHAD6DKC4C6CT S6S7STSJD9DAD2C7C8CQC2 S4S9H7HKD3D5D7DTC3CK S3SKSAH5H8HJD4DQC5CAJ3 H3H4H6H9HTH2D8DJC9CJ 
%00048%change_cards%  31SAJ3EE 02S2EE 13S6S7EE 20D3EE
%00048%play%  0D6C6EE 3EE 2H7D7EE 4H9C9EE 1SADAEE 0EE 2EE 4EE 1D2C2EE 1EE 1N6C7C8EE 1D9EE 0CTEE 3HJEE 2S2EE 4EE 1EE 0EE 3EE 2EE 2HKCKEE 4EE 1EE 0EE 3EE 2EE 2C3EE 4H4EE 1STEE 0DKEE 3CAEE 2EE 4H2EE 1EE 0EE 3EE 4EE 4DJCJEE 1EE 0SQHQEE 3EE 2EE 4EE 0EE 0D3EE 3D4EE 2D5EE 4D8EE 4H3EE 1SJEE 0HAEE 3EE 2EE 4EE 1EE 0EE 0C4EE 3S6EE 2S9EE 4EE 1EE 0EE 3SKEE 2EE 3EE 3H5C5EE 2EE 4EE 1EE 0EE 3EE 3S3EE 2S4EE 4EE 1EE 0S5EE 3S7EE 2EE 0S8EE 3H8EE 3DQEE 2EE 4EE 1EE 2DTEE 4EE 1CQEE
%00048%result% 03214
%00048%points% 142 167 161 127 138
%00049%mibun% 03214
%00049%seat% 24103
%00049%palyer_cards% S6SJSAH4H6H9D6D7DKC7CQ S3S9STH5HKH2D4C9CAC2 S4S7SKH8HJHADTC6C8CTCK S5S8H3HTHQD3DJDQDAD2CJ SQS2H7D5D8D9C3C4C5J3 
%00049%change_cards%  40S2J3EE 13H2EE 04S6H4EE 31H3EE
%00049%play%  3DJCJEE 2SKCKEE 4EE 1EE 0SALAEE 3H2D2EE 2EE 0EE 3EE 3HQDQEE 2EE 4EE 1EE 0EE 3EE 3D3EE 2S4EE 4S6EE 1STEE 0SJEE 3EE 2EE 4SQEE 1EE 0S2EE 4EE 0EE 0H6D6EE 3EE 2H8C8EE 2DTCTEE 4EE 1EE 0EE 3EE 2EE 2C6EE 4H7EE 1HKEE 0EE 3EE 2HAEE 4EE 1EE 2EE 2S7EE 4D8EE 4C3C4C5EE 1EE 0EE 3EE 2EE 4EE 4H4EE 1H5EE 0H9EE 3HTEE 2HJEE 4EE 1EE 0EE 3EE 4D5EE 1CAEE 0EE 3EE 4EE 1C2EE 1EE 1S3H3EE 0D7C7EE 3EE 4EE 1S9C9EE 0EE 1EE 1D4EE 0CQEE 3DAEE 4EE 0EE 3EE 3S5EE 4D9EE 0DKEE
%00049%result% 21403
%00049%points% 144 171 166 128 141
%00050%mibun% 31042
%00050%seat% 24103
%00050%palyer_cards% S8H6H8HQD7D8C4CTCKCA S3S7SQH3HTHJH2DTDKC5C8 S6S9STSJS2H4D6DQD2C3CQ S4S5SAH5H9HKD9DJDAJ3 SKH7HAD3D4D5C6C7C9CJC2 
%00050%change_cards%  32SAJ3EE 01CAEE 23H4C3EE 10S3EE
%00050%play%  4D3D4D5EE 1EE 0EE 3EE 2S9STSJEE 4EE 2KKSAS2EE 2EE 2S6D6EE 4H7C7EE 1HTDTEE 0EE 3EE 2DQCQEE 4EE 1EE 2EE 2D2EE 4EE 1EE 0EE 3EE 4C6EE 1S7EE 0CTEE 3DJEE 4SKEE 1CAEE 0EE 3EE 4C2EE 1EE 4EE 4C9EE 1HJEE 0HQEE 3HKEE 4HAEE 1H2EE 0EE 3EE 4EE 1EE 1H3EE 0C4EE 3DAEE 4EE 1EE 0EE 3EE 3S4H4EE 4EE 1EE 0EE 3S5H5EE 3EE 3H9D9EE 4EE 1EE 0EE 3EE 3C3EE 4CJEE 1EE 0CKEE 0EE 0S8H8D8EE 0S3EE 1C5EE 0H6EE 1C8EE 1SQEE 0EE 1DKEE
%00050%result% 23410
%00050%points% 145 173 171 132 144
%00051%mibun% 43012
%00051%seat% 32014
%00051%palyer_cards% S4S8H6HQD3D4C3C9CQCKJ3 STH4H5HTHJHKH2D9DAC6CT S5S7S9SQSAH3D7DTDQDKC7 S3S6SJH9DJD2C4C5CJC2 SKS2H7H8HAD5D6D8C8CA 
%00051%change_cards%  02CKJ3EE 13H2EE 20S5H3EE 31S3EE
%00051%play%  0H3D3C3EE 1STHTCTEE 4EE 3SJDJCJEE 2SQLQDQEE 0EE 1EE 3H2D2C2EE 2EE 3EE 3C4EE 2S9EE 0EE 1HJEE 4SKEE 3EE 2SAEE 1EE 4S2EE 2EE 4EE 4H8D8C8EE 4HACAEE 3EE 2EE 0EE 1EE 4EE 4D5EE 3S6EE 2DTEE 0EE 1HKEE 4EE 3EE 2EE 1DAEE 1EE 1S3EE 4D6EE 3H9EE 2EE 0EE 1EE 4EE 3EE 3C5EE 2EE 0H6EE 1D9EE 4EE 0EE 1EE 1H4EE 4H7EE 2EE 0EE 1EE 2S7D7C7EE 0EE 1EE 2EE 2DKCKEE 0EE 1EE 0S4D4EE 1EE 0HQCQEE 0EE 0S5EE 1C6EE 0S8EE 0C9EE
%00051%result% 34201
%00051%points% 147 174 174 137 148
%00052%mibun% 34201
%00052%seat% 32014
%00052%palyer_cards% S6STSQH4HJHKD6DAC4C5C8 S7SAH5H7D7DTDQDKCTCA S5SKHTHQHAD3D4D8DJC7CJ S3S4S8S9S2H6D9D2C3C9J3 SJH3H8H9H2D5C6CQCKC2 
%00052%change_cards%  13SACAEE 04DAEE 31S3C3EE 40H3EE
%00052%play%  2DJCJEE 0EE 1EE 4H2C2EE 3EE 2EE 4EE 4D5EE 3H6EE 2C7EE 0C8EE 0H4C4EE 1DTCTEE 4EE 3SACAEE 2EE 0EE 1EE 3S2D2EE 3EE 3K7S8S9EE 3D9C9EE 2EE 0EE 1EE 4EE 3EE 3S4EE 2S5EE 0STEE 1EE 4SJEE 2SKEE 0EE 4EE 2EE 2D3EE 0C5EE 1DQEE 4CKEE 2HAEE 0EE 1EE 4EE 2EE 2D4EE 0HJEE 1DKEE 4DAEE 2EE 0EE 1EE 4EE 4C6EE 2D8EE 2HTEE 0SQEE 1EE 4EE 2EE 0HKEE 0EE 0S6D6EE 1EE 4EE 2EE 0EE 0H3EE 1H5EE 4H8EE 4H9EE 2HQEE 1EE 4EE 1S7H7D7EE 4EE 1EE 1S3C3EE
%00052%result% 30214
%00052%points% 151 176 177 142 149
%00053%mibun% 13204
%00053%seat% 32014
%00053%palyer_cards% S8H4H8HKHAD4D5D2C3C9CA S3S5S7H9D6D8DKC4C7C8 SQS2H2D9DTDJDAC5CKC2J3 S6STSKH6HJHQD3D7DQC6CJ S4S9SJSAH3H5H7HTCTCQ 
%00053%change_cards%  43SACQEE 10DKEE 34S6D3EE 01C3EE
%00053%play%  4H3D3EE 3H6C6EE 2K9D9EE 0HKDKEE 1EE 4EE 3EE 2EE 0HACAEE 0EE 0H4D4EE 1S7C7EE 4HTCTEE 3HJCJEE 2H2C2EE 0EE 1EE 4EE 3EE 2EE 2C5EE 0C9EE 1EE 4EE 3EE 2CKEE 0EE 2EE 2DTEE 0D2EE 1EE 4EE 3EE 2EE 0EE 0S8H8EE 0D5EE 1D6EE 4EE 3D7EE 2DJEE 1EE 3EE 2DAEE 2EE 2SQEE 1EE 4EE 3SKEE 2S2EE 3EE 1S3C3EE 4EE 3EE 1D8C8EE 1C4EE 4H5EE 3STEE 1EE 4SJEE 3SAEE 4EE 3EE 3HQDQCQEE 1EE 4EE 1S5EE 4S6EE 1EE 4S9EE 4EE 4S4EE 1H9EE
%00053%result% 02314
%00053%points% 156 178 181 145 150
%00054%mibun% 03124
%00054%seat% 42031
%00054%palyer_cards% SJH7H8HKH2D5D7C3C6C8CJ S4S5STSQH4H6HTD8D9DJJ3 S7S8S2H3HADTD2C7C9CA S3S9SAHQD3D4C4C5CTCKC2 S6SKH5H9HJD6DQDKDACQ 
%00054%change_cards%  40SKDAEE 12J3EE 04D5C3EE 21H3EE
%00054%play%  3S3D3EE 1S4H4EE 4H5D5EE 2S7C7EE 0H8C8EE 0H7D7EE 3EE 1STHTEE 4DQCQEE 2HACAEE 0EE 1EE 4EE 2S2D2EE 2EE 2S8L8EE 2C9EE 0DAEE 3C2EE 1EE 4EE 2EE 0EE 3EE 3D4C4EE 1EE 4S6D6EE 2EE 0SJCJEE 3EE 4EE 0SKHKEE 0EE 0C6EE 3S9EE 1DJEE 4DKEE 2EE 0EE 3EE 1EE 4EE 4C3EE 2DTEE 0H2EE 3EE 1EE 4EE 3C5EE 1H6EE 4H9EE 3HQEE 1EE 4EE 3EE 3CTEE 1SQEE 4EE 3CKEE 1EE 3SAEE 1H3EE 4HJEE
%00054%result% 20341
%00054%points% 160 179 186 148 152
%00055%mibun% 14023
%00055%seat% 42031
%00055%palyer_cards% S5S6SJH3H6H8HQDAD2CTCJ STSKH4H9HAH2D4D8C6J3 S3SAH5D3D5D6D9DTDQDKC8 S8S9H7HTHKDJC5C7C9CQCK S4S7SQS2HJD7C3C4CAC2 
%00055%change_cards%  12H2J3EE 40S2EE 21S3D3EE 04H3EE
%00055%play%  1S3D3EE 4S4C4EE 2H5D5EE 0S6H6EE 3H7C7EE 1EE 4EE 2K8C8EE 2D6EE 0H8EE 0SJCJEE 3HKCKEE 1EE 4EE 2EE 0S2D2EE 3EE 0EE 0S5EE 3S8EE 3S9C9EE 1EE 4EE 2EE 0EE 3EE 3C5EE 1C6EE 4CAEE 2EE 0EE 3EE 1EE 4C2EE 4EE 4H3C3EE 2EE 0EE 3EE 1H4D4EE 4S7D7EE 1EE 4EE 4HJEE 2DQEE 0DAEE 3EE 1EE 4EE 2EE 0EE 0CTEE 3DJEE 1SKEE 4EE 2SAEE 0EE 3EE 1EE 2EE 2D9EE 0HQEE 3EE 1HAEE 4EE 2H2EE 1EE 2EE 2DTEE 3CQEE 1EE 4EE 2DKEE 3EE 3HTEE 1EE 4SQEE
%00055%result% 02341
%00055%points% 165 180 190 151 154
%00056%mibun% 04123
%00056%seat% 42031
%00056%palyer_cards% S3S6S8SKH4HQD8C4C7CTCJ S5S7SQH6H8HTC5C8C9CKCA SJS2HJH2D3D9DAC6CQJ3 S4STH5H7HKHAD5D6D7DTDK S9SAH3H9D4DJDQD2C3C2 
%00056%change_cards%  10CKCAEE 42D2EE 01S3H4EE 24D3EE
%00056%play%  4H3D3C3EE 2S2H2D2EE 0EE 3EE 1EE 4EE 2EE 2SJHJMJEE 0EE 3EE 1EE 4EE 2EE 2C6EE 0C7EE 3EE 1C9EE 4C2EE 2EE 0EE 1EE 4EE 4S9H9EE 2EE 0SKCKEE 3EE 1EE 4EE 0EE 0S8D8EE 0C4EE 3HAEE 1EE 4EE 2EE 0EE 3EE 3D5D6D7EE 1EE 4EE 2EE 0EE 3EE 3STDTEE 1EE 4EE 2EE 0EE 3HKDKEE 3EE 3S4EE 1H6EE 4DJEE 2CQEE 0CAEE 3EE 1EE 4EE 2EE 0EE 0S6EE 3H7EE 1HTEE 4EE 2EE 0HQEE 3EE 1EE 0EE 0CTEE 3EE 1SQEE 4SAEE 2EE 0EE 1EE 4EE 4D4EE 2D9EE 0EE 3EE 1EE 4DQEE 2DAEE 0CJEE 3EE 1EE 3H5EE
%00056%result% 42031
%00056%points% 168 181 194 153 159
%00057%mibun% 24130
%00057%seat% 01432
%00057%palyer_cards% S7STSQSAHJD5DQC3C4CQ S3H4H8HKD3D6D7DKCKJ3 S4S6S9H6HTD8DTDJC9CTCA S5S2H5H9H2D4D2C6C7C8CJ S8SJSKH3H7HQHAD9DAC5C2 
%00057%change_cards%  14HKJ3EE 32S2EE 41H3C5EE 23S4EE
%00057%play%  1S3H3D3EE 4SKHKMKEE 3EE 2EE 0EE 1EE 4EE 4HADAEE 3H2D2EE 2EE 0EE 1EE 4EE 3EE 3C6C7C8EE 3S4D4EE 2S6H6EE 0EE 1DKCKEE 4EE 3EE 2EE 1EE 1H4EE 4H7EE 3H9EE 2EE 0HJEE 1EE 4HQEE 3EE 0EE 4EE 4S8EE 4D9EE 3CJEE 2CAEE 0EE 1EE 4C2EE 3EE 2EE 4EE 4SJEE 3EE 2S2EE 0EE 1EE 2EE 2HTDTCTEE 0SQDQCQEE 1EE 3EE 2EE 0EE 0C3EE 1C5EE 3EE 2EE 0EE 1EE 1D6EE 3EE 2D8EE 2S9C9EE 0EE 1EE 3EE 2EE 2DJEE 0SAEE 1EE 3EE 0EE 0C4EE 1D7EE 3EE 0STEE 1EE 0EE 0D5EE 1H8EE 3S5H5EE
%00057%result% 42130
%00057%points% 169 184 198 155 164
%00058%mibun% 42130
%00058%seat% 01432
%00058%palyer_cards% S5S2HQD6D8D9D2C7C9CJ S4H4H7HKHADTDAC3C6J3 S3S6S7STSKSAH9HTD5DQCK S8SJH5H6HJD4DKC4CTCQCA S9SQH3H8H2D3D7DJC5C8C2 
%00058%change_cards%  04S2D2EE 32CAEE 40H3D3EE 23S3EE
%00058%play%  0H3D3EE 1S4H4EE 4H8C8EE 4S2H2D2C2EE 3EE 2EE 0EE 1EE 4EE 4SQEE 3CTEE 2H9EE 0D8EE 0D9C9EE 1K7H7EE 4EE 3D4C4EE 2EE 0EE 1EE 3EE 3SJHJEE 2STHTEE 0EE 1EE 4EE 3EE 2EE 2SACAEE 0EE 1EE 4EE 3EE 2SKCKEE 2EE 2DQEE 0CJEE 1DTEE 4S9EE 3S8EE 3DKEE 2S7EE 0D6EE 1C3EE 4EE 3EE 2EE 0EE 1EE 1HADAEE 4EE 3EE 2EE 0EE 1EE 1HKEE 4DJEE 3H6EE 2D5EE 0EE 1EE 4EE 3S3EE 2EE 3EE 3CQEE 2S6EE 0S5EE 1EE 4EE 3EE 0EE 0HQEE 1C6EE 4C5EE 3EE 0EE 4EE 4D7EE 3H5EE
%00058%result% 21430
%00058%points% 170 188 203 157 167
%00059%mibun% 41032
%00059%seat% 01432
%00059%palyer_cards% S3S5S9HTHKDTC8C9CTCJCA S2H4H5H8D3D6D9C5CKC2J3 S6S7S8SQH7HJHQD5DJC4C7 STSJSKSAH3D4D8DQDKDA S4H6H9HAH2D7D2C3C6CQ 
%00059%change_cards%  02HKCAEE 31SAEE 20D5C4EE 13D3EE
%00059%play%  3DQDKDAEE 2EE 0EE 1EE 4EE 3EE 3H3D3EE 2HJDJEE 0EE 1EE 4H2D2EE 3EE 2EE 4EE 4H6C6EE 3EE 2SQHQEE 0EE 1S2C2EE 4EE 2EE 1EE 1L3H4H5EE 4EE 3EE 2S6S7S8EE 2H7C7EE 0S9C9EE 1EE 4EE 3EE 2EE 0EE 0HTDTCTEE 1EE 4EE 3EE 2EE 0EE 0S5D5EE 1EE 4EE 3EE 2EE 0EE 0S3EE 1C5EE 4D7EE 3D8EE 3D4EE 2HKEE 0EE 1SAEE 4EE 3EE 2EE 1EE 1D6EE 4H9EE 3STEE 2CAEE 0EE 1EE 4EE 3EE 0C4EE 1H8EE 1D9EE 4CQEE 3SKEE 0EE 1EE 4HAEE 3EE 4EE 4C3EE 3SJEE 0EE 1CKEE 4EE 4S4EE
%00059%result% 23140
%00059%points% 171 191 208 161 169
%00060%mibun% 42013
%00060%seat% 04132
%00060%palyer_cards% S5S8SQSKH7HTHJD9DKDACA STSAH3HAH2D3D2C8CJCQ S4S7H4H6H9D6D8C4C6C9J3 S6SJH5H8HKDJC3C7CKC2 S3S9S2HQD4D5D7DTDQC5CT 
%00060%change_cards%  02DACAEE 43S2EE 20S4H4EE 34C3EE
%00060%play%  1H3D3EE 3SJDJEE 2DACAEE 0EE 4EE 1H2D2EE 3EE 2EE 1EE 1SAHAEE 3S2C2EE 2EE 0EE 4EE 1EE 3EE 3HKCKEE 2EE 0EE 4EE 1EE 3EE 3H5EE 2S7EE 0S8EE 0S4H4EE 4D5C5EE 1EE 3EE 2H9C9EE 0SKDKEE 4EE 2EE 0EE 0S5EE 4D7EE 1C8EE 1STEE 3EE 2KxEE 0EE 4EE 1EE 2EE 2H6D6C6EE 0EE 4EE 1EE 3EE 2EE 2C4EE 0H7EE 4S9EE 1CJEE 3EE 2EE 0SQEE 4EE 1EE 0EE 0D9EE 4EE 1CQEE 3EE 2EE 0EE 3S6EE 2D8EE 0HTEE 4EE 3EE 0HJEE 4S3C3EE 3EE 4DTCTEE 4HQDQEE 4EE 4D4EE
%00060%result% 12043
%00060%points% 174 196 212 162 171
%00061%mibun% 20143
%00061%seat% 04132
%00061%palyer_cards% S5S8STS2H4H8HJDJC6CT S3S9HAH2DTDKDAC3C8C2J3 S4SQH3H7D3D4D6D7C4C5CQ S6S7SKH5H6HTD9C7C9CKCA SJSAH9HQHKD5D8DQD2CJ 
%00061%change_cards%  31SKCAEE 42D2EE 13S3C3EE 24H3EE
%00061%play%  2S4D4C4EE 0EE 4EE 1HADACAEE 3EE 2EE 1K2H2C2EE 1EE 1SKDKEE 3EE 2EE 0EE 4EE 1EE 1C8EE 1S9EE 3HTEE 2D2EE 0EE 4EE 1EE 3EE 2EE 2H7D7EE 0S8H8EE 0STCTEE 4SJCJEE 1EE 3EE 2SQCQEE 0EE 4EE 2EE 2D3EE 0H4EE 4D5EE 1DTEE 3EE 2EE 0EE 4EE 3S3C3EE 2EE 0HJDJEE 4HQDQEE 3EE 0EE 4EE 4H3EE 3H5EE 2EE 0EE 4H9EE 3EE 4HKEE 4EE 4D8EE 4SAEE 3EE 2EE 0S2EE 0EE 0S5EE 3CKEE 2EE 0EE 3EE 3S6H6EE 2EE 0EE 3S7C7EE 3D9C9EE 2C5EE 0C6EE
%00061%result% 14302
%00061%points% 176 201 213 165 175
%00062%mibun% 30421
%00062%seat% 04132
%00062%palyer_cards% S6S2H4H7HJD6D2C6CJJ3 S4S7S9H6H9HQDTDJDQC7C9 S3S5SJSQHKHAC5C8CTCQCK S8SKSAH5H8D4D5DKC3C4C2 STH3HTH2D3D7D8D9DACA 
%00062%change_cards%  21HKHAEE 04J3EE 12S4H6EE 40H3EE
%00062%play%  4M6D7D8D9EE 4STHTEE 1HQDQEE 3SKDKEE 2EE 0S2D2EE 4EE 1EE 3EE 0EE 0S6D6C6EE 4EE 1S9H9C9EE 3EE 2EE 0EE 1EE 1S7C7EE 3S8H8EE 3D4C4EE 2S5C5EE 0HJCJEE 4DACAEE 1EE 3EE 2EE 0EE 4EE 4D3EE 1DTEE 3EE 2EE 0EE 4EE 1DJEE 1EE 1HKEE 3SAEE 2EE 0EE 4H2EE 1EE 3EE 1HAEE 3C2EE 2EE 0EE 3EE 3H5D5EE 2SQCQEE 0EE 3EE 2EE 2S3EE 0H4EE 3EE 2H6EE 0H7EE 2EE 0EE 0H3EE 3EE 2S4EE 2C8EE 2CTEE 3EE 2SJEE 2CKEE
%00062%result% 41023
%00062%points% 179 205 215 166 180
%00063%mibun% 21340
%00063%seat% 14023
%00063%palyer_cards% SAHTHAD4D5D9DAD2C8CJCA S5STSKH2DJDQC5C7C9CQ S4S8H4H7H8HQD3DTDKC3CK S3S7S9S2H6D6D8C6CTC2 S6SJSQH3H5H9HJHKD7C4J3 
%00063%change_cards%  34S2C2EE 21DKEE 43H3C4EE 12S5EE
%00063%play%  2D3C3EE 3EE 1DQCQEE 4M2C2EE 0EE 2EE 1EE 4EE 4SJHJEE 0EE 2EE 3EE 1SKDKEE 4EE 1EE 1C5EE 4S6EE 0C8EE 0SAHADACAEE 2EE 3EE 1EE 4EE 0EE 0D2EE 2CKEE 3CTEE 1C9EE 4EE 0EE 2EE 3C4EE 1EE 3EE 3H6D6C6EE 1EE 4EE 0EE 2EE 3EE 3S3H3EE 1EE 4EE 0EE 2EE 3EE 3S9EE 1C7EE 4H5EE 0D4EE 2EE 3EE 1EE 4EE 0EE 0CJEE 2DTEE 3D8EE 3S7EE 1EE 4EE 0D5EE 2EE 0EE 0HTEE 2H7EE 1EE 4EE 0EE 2EE 2S8H8EE 2S4H4EE 1EE 4EE 0EE 2EE 2HQEE 1DJEE 4H9EE 0EE 2S5EE 1EE 4EE 1H2EE 4HKEE 0EE 1EE 4EE 4S2EE 0D9EE 1EE 4D7EE 4EE 4SQEE
%00063%result% 32041
%00063%points% 182 206 219 171 182
%00064%mibun% 24103
%00064%seat% 14023
%00064%palyer_cards% S6S7H6H8HKH2D3D5D8DQ S3S4SJS2HQD9D2C5C9CQCK S8H5H7HTHAD4D6DAC6CT S5S9STH3H4HJD7DKC3C4C2 SQSKSAH9DTDJC7C8CJCAJ3 
%00064%change_cards%  13S2D2EE 42J3EE 31H3C3EE 24D4EE
%00064%play%  0S6H6EE 2HTCTEE 3EE 1HQCQEE 4EE 0EE 2HANAEE 1EE 2EE 2D6C6EE 3EE 1D9C9EE 4DJCJEE 0EE 2EE 1EE 4EE 4SQSKSAEE 0EE 2EE 3EE 1EE 4EE 4D4EE 0D5EE 2DAEE 3EE 1EE 4EE 0EE 2EE 2H5EE 3D7EE 1SJEE 4CAEE 0H2EE 2EE 3EE 1EE 4EE 0EE 0H8D8EE 0D3EE 2H7EE 3S9EE 1CKEE 4EE 0EE 2EE 3EE 1EE 1S3H3C3EE 4EE 0EE 2EE 3S2D2C2EE 1EE 3EE 3H4C4EE 1EE 4EE 0EE 2EE 3EE 3S5EE 1EE 4C7EE 0DQEE 2EE 3DKEE 4EE 0EE 3EE 3STEE 1EE 4EE 0HKEE 2EE 3EE 0EE 0S7EE 2S8EE 3HJEE 1EE 4EE 1S4EE 4C8EE 4H9EE 1EE 4DTEE
%00064%result% 02341
%00064%points% 187 207 223 174 184
%00065%mibun% 04123
%00065%seat% 14023
%00065%palyer_cards% S3S4S6S2H4H5H7HJD4DJC2 H8HKHAD6D9D2C4C7CJCQ S5S7S8S9SQH3HQDQCTCAJ3 STH6H9HTH2D3D7D8DTC5C9 SJSKSAD5DKDAC3C6C8CK 
%00065%change_cards%  10HAD2EE 42SAEE 01S3S4EE 24H3EE
%00065%play%  3STHTDTEE 1EE 4SKDKCKEE 0S2D2C2EE 2EE 3EE 4EE 0EE 0H4D4EE 2SACAEE 3EE 1EE 4EE 0EE 2EE 2S5K6S7S8S9EE 2SQHQDQEE 3EE 1EE 4EE 0EE 2EE 2CTEE 3D8EE 3H9C9EE 1S4C4EE 4H3C3EE 0EE 3EE 1EE 4EE 4DAEE 0H7EE 3H6EE 1EE 4EE 0H5EE 3EE 0EE 0HJDJEE 3EE 1EE 4EE 0EE 0HAEE 3D7EE 1D6EE 4D5EE 0EE 3D3EE 1EE 4EE 3EE 3H2EE 1HKEE 4EE 0EE 3EE 1H8EE 1CQEE 4SJEE 0S6EE 3EE 1S3EE 4EE 1EE 1CJEE 4C8EE 4C6EE 3C5EE
%00065%result% 20431
%00065%points% 191 208 228 176 187
%00066%mibun% 14032
%00066%seat% 14230
%00066%palyer_cards% S4S5H4H6H7H8D3D6D8DJDA S3STSQHKH2DTC5C6C9CT S8SKH3HTD5D7C3C7CJCKJ3 S7SJSAS2H5HJHQD9DQD2C8 S6S9H9HAD4DKC4CQCAC2 
%00066%change_cards%  12HKH2EE 30S2EE 21H3C3EE 03D3EE
%00066%play%  3SJHJEE 0EE 1EE 4HACAEE 2K2H2EE 3EE 4EE 2EE 2SKHKCKEE 3EE 0EE 1EE 4EE 2EE 2D7C7EE 3HQDQEE 0EE 1EE 4EE 2EE 3EE 3D3EE 0S5EE 1C6EE 4CQEE 2EE 3EE 0EE 1EE 4C2EE 4EE 4D4C4EE 2EE 3EE 0H6D6EE 1EE 4S9H9EE 0EE 4EE 4S6EE 2S8EE 2D5EE 3S7EE 0DJEE 1SQEE 4DKEE 2EE 3SAEE 0S2EE 1EE 3EE 0EE 0S4H4EE 1EE 2EE 3EE 0H8D8EE 0H7EE 1C9EE 2HTEE 3D2EE 0EE 1EE 2EE 3EE 3H5EE 0DAEE 1EE 2EE 3EE 1S3H3C3EE 2EE 3EE 1STDTCTEE 1EE 1C5EE 2CJEE
%00066%result% 40123
%00066%points% 195 211 230 177 192
%00067%mibun% 12340
%00067%seat% 14230
%00067%palyer_cards% SAS2H6H7HJH2D4D5D8D9 S5SJH4H5HTHKD6DJDKCK H3HQHAD7DTDQC7CJCQC2J3 S3S4S6S9SQH8D2C3C5C6CA S7S8STSKH9D3DAC4C8C9CT 
%00067%change_cards%  34D2CAEE 20J3EE 43D3C4EE 02D4EE
%00067%play%  3C3C4C5C6EE 0EE 1EE 4EE 2EE 3EE 3S3D3EE 0S2H2EE 1EE 4EE 2EE 3EE 0EE 0L5H6H7EE 1EE 4C8C9CTEE 4DACAEE 2EE 3EE 0EE 1EE 4EE 4S7EE 2DTEE 3SQEE 0SAEE 1EE 4EE 2EE 3EE 0EE 0D5EE 1D6EE 4D2EE 2EE 3EE 0EE 1EE 4EE 4S8EE 4H9EE 2CJEE 3EE 0EE 1EE 4SKEE 2HAEE 4EE 2C2EE 2EE 2HQDQCQEE 3EE 0EE 1HKDKCKEE 4EE 2EE 1EE 1S5H5EE 4EE 2D7C7EE 3EE 0EE 1SJDJEE 2EE 1EE 1H4EE 4STEE 2EE 3EE 0HJEE 1EE 0EE 0D8EE 0D9EE 1HTEE 2EE 3EE 2H3EE 3S4EE 2EE 3S6EE 3S9EE 3EE 3H8EE
%00067%result% 40132
%00067%points% 199 214 231 179 197
%00068%mibun% 12430
%00068%seat% 14230
%00068%palyer_cards% S3S9H7H9HQD4D6C4C9CQ S5STSAH2C5C6CTCKCAJ3 S4S7S8H8D9DQD2C3C7CJC2 S6SQSKHTHAD5D7D8DKDAC8 SJS2H3H4H5H6HJHKD3DTDJ 
%00068%change_cards%  24D2C2EE 30HAEE 42H3D3EE 03S3EE
%00068%play%  2H3D3C3EE 3EE 0S9H9C9EE 1STLTCTEE 4EE 2EE 0EE 1EE 1S5C5EE 4EE 2S7C7EE 3EE 0EE 1SACAEE 2EE 1EE 1C6EE 4DTEE 2CJEE 3SQEE 0HAEE 1H2EE 4EE 2EE 3EE 0EE 1EE 1CKEE 4EE 2EE 3DAEE 0EE 3EE 3D8C8EE 3SKDKEE 0EE 4EE 2EE 3EE 3S3EE 0D6EE 4HKEE 2EE 3EE 0EE 4EE 4H4H5H6EE 2EE 3EE 0EE 4EE 4SJHJDJEE 2EE 3EE 0EE 4S2D2C2EE 2S8H8EE 2S4EE 3D5EE 0H7EE 2D9EE 3HTEE 0EE 2DQEE 3EE 3S6EE 0EE 3D7EE
%00068%result% 14230
%00068%points% 200 219 234 181 201
%00069%mibun% 40231
%00069%seat% 42103
%00069%palyer_cards% S6SJSKH2D4D8DKC4C9CJCQ S8SQS2H9D3D7D9DTDACTCK S4S7STSAD5D6D2C3CAC2 S9H3H6H8HTHJHQHAC5C8J3 S3S5H4H5H7HKDJDQC6C7 
%00069%change_cards%  01SKH2EE 34J3EE 10D3D7EE 43S3EE
%00069%play%  0D4C4EE 3H8C8EE 3HTHJHQEE 4EE 2EE 1EE 0EE 3EE 3S3H3EE 4S5H5EE 2EE 1S2H2EE 0EE 3EE 4EE 1EE 1H9D9EE 0SJCJEE 3EE 4KQDQEE 2SACAEE 1EE 0EE 4EE 2D2C2EE 2EE 2C3EE 1S8EE 1DTCTEE 0EE 3EE 4EE 2EE 1SKCKEE 1EE 1SQEE 0DKEE 3HAEE 4EE 2EE 1EE 0EE 3EE 3C5EE 4C6EE 2EE 1EE 0C9EE 3EE 4EE 0CQEE 0EE 0D3EE 3H6EE 4DJEE 2EE 1DAEE 0EE 3EE 4EE 0S6EE 3S9EE 4EE 2STEE 0EE 2EE 2S4EE 0D7EE 4HKEE 2EE 0EE 4EE 4H7C7EE 2EE 0EE 4EE 4H4EE 2D5EE 0D8EE
%00069%result% 13402
%00069%points% 202 224 235 185 204
%00070%mibun% 30412
%00070%seat% 42103
%00070%palyer_cards% SQSKSAH4HTD6DJDKDAC9CK S4S5S7S8HKD7D8C3C6CTCA S6S9S2H3H6H9D2C4C5C8 S3STH7H8HJHQH2D5DTDQC2 SJH5HAD3D4D9C7CJCQJ3 
%00070%change_cards%  21S2D2EE 03SAEE 12S4C3EE 30S3EE
%00070%play%  4MxD3D4EE 2EE 1EE 0EE 3EE 4EE 4SJCJEE 2EE 1S2D2EE 0EE 3EE 4EE 1EE 1S7D7EE 0EE 3STDTEE 4EE 2EE 1EE 3EE 3HQDQEE 4EE 2EE 1EE 0EE 3H2C2EE 3EE 3D5EE 4C7EE 2C8EE 2C3C4C5EE 1EE 0EE 3EE 4EE 2EE 2S6H6EE 1S8D8EE 1S5EE 0D6EE 3H7EE 4D9EE 2EE 1CTEE 0DJEE 3SAEE 4EE 1EE 0EE 3EE 3H8EE 3HJEE 4CQEE 2EE 1HKEE 0DAEE 4EE 1EE 0EE 0SKDKCKEE 4EE 2EE 1EE 0EE 0S3EE 4H5EE 2EE 1C6EE 0C9EE 4EE 1CAEE 0EE 0H4EE 4HAEE 2EE 0EE 2S9H9EE 0EE 2EE 2H3EE 0HTEE 2EE 0EE 0SQEE
%00070%result% 31402
%00070%points% 204 228 236 190 207
%00071%mibun% 31402
%00071%seat% 42103
%00071%palyer_cards% S3S6S7HQH2DQDAC3C7C9 S8H5HAD3D4DJD2C4CKJ3 S5H4HJHKD5D6D7D9DTDKC5 S4S9STSJH7H8H9D8C8CJC2 SQSKSAS2H3H6HTC6CTCQCA 
%00071%change_cards%  23HKDKEE 01H2EE 32S4H7EE 10D3EE
%00071%play%  0S3D3C3EE 3H8D8C8EE 3S9STSJEE 4SKSAS2EE 2EE 1EE 0EE 3EE 4EE 4H6C6EE 2H7D7EE 1H2D2EE 0EE 3EE 4EE 2EE 1EE 1K4D4C4EE 0EE 3EE 4EE 2S5D5C5EE 1EE 2EE 2S4H4EE 1EE 0S7C7EE 3HKDKEE 4EE 2EE 0EE 3EE 3H9EE 4CAEE 2EE 1EE 0EE 3C2EE 4EE 3EE 3CJEE 4EE 2EE 1CKEE 0EE 1EE 1H5EE 0S6EE 4EE 2D9EE 1DJEE 0DAEE 2EE 1EE 0EE 0HQDQEE 4EE 2EE 1EE 0EE 0C9EE 4EE 2DTEE 1HAEE 2EE 1EE 1S8EE 4HTCTEE 2EE 4SQCQEE 4EE 4H3EE
%00071%result% 30142
%00071%points% 208 231 237 195 209
%00072%mibun% 12403
%00072%seat% 23041
%00072%palyer_cards% S9SAHKHAH2DAD2CTCKC2J3 S6SKS2H3H9HJDJDKC7CJ S3S4S5S7SQH6HQD6C9CA S8STH7H8HTD3D8D9C4C6CQ SJH4H5D4D5D7DTDQC3C5C8 
%00072%change_cards%  23SQCAEE 40DQEE 32D3C4EE 04S9EE
%00072%play%  2S3S4S5EE 3EE 0HKHAH2EE 4EE 1EE 2EE 0EE 0DQMKDAD2EE 4EE 1EE 2EE 3EE 0EE 0CTEE 4SJEE 1S2EE 2EE 3EE 0EE 4EE 1EE 1HJDJCJEE 2EE 3EE 0EE 4EE 1EE 1SKDKEE 2EE 3EE 0EE 4EE 1EE 1H3EE 2C4EE 3C6EE 0CKEE 4EE 1EE 2EE 3CAEE 0C2EE 3EE 0EE 0SAEE 4EE 1EE 2EE 3EE 4H5D5C5EE 1EE 2EE 3S8H8D8EE 3STHTEE 4EE 1EE 2EE 3SQCQEE 3EE 3H7EE 4C8EE 4H4D4EE 1EE 2H6D6EE 3EE 4EE 2EE 2D3EE 3D9EE 4DTEE 1EE 2EE 4EE 4C3EE 1S6EE 2S7EE 4S9EE 1EE 2EE 4EE 4D7EE 1H9EE 2HQEE 1EE 2EE 2C9EE
%00072%result% 03421
%00072%points% 213 232 239 199 212
%00073%mibun% 04312
%00073%seat% 23041
%00073%palyer_cards% SAH3H4HQD3D4D6D8DAC7J3 S3S4S7S2HJHKHAD5C4C5C2 S5SJSKH7H8DJDQC3C9CJ S6S8H6H2DTD2C8CTCQCK S9STSQH5H9HTD7D9DKC6CA 
%00073%change_cards%  10S2C2EE 23SKEE 01H3D3EE 32S6EE
%00073%play%  1S3H3D3EE 2SJDJCJEE 3EE 0SALADAEE 4EE 1EE 2EE 0EE 0H4D4EE 4STHTEE 1EE 2EE 3SKCKEE 0S2C2EE 4EE 3EE 0EE 0D6EE 4D7EE 1EE 2DQEE 3EE 0EE 4DKEE 2EE 4EE 4S9H9D9EE 1EE 2EE 3EE 0EE 4EE 4H5EE 1S7EE 2H8EE 2C3EE 3H6EE 0C7EE 4SQEE 1HKEE 2EE 3EE 0EE 4CAEE 1EE 4EE 4C6EE 1HJEE 2EE 3CQEE 0EE 1HAEE 3EE 1EE 1S4C4EE 2EE 3S8C8EE 3DTCTEE 0EE 1EE 2EE 3H2D2EE 0D8EE 0HQEE 1EE 2EE 1D5C5EE
%00073%result% 43012
%00073%points% 216 234 240 203 217
%00074%mibun% 23410
%00074%seat% 23041
%00074%palyer_cards% S9SQSAS2H5H9HQD6D7C5 S4S5SJSKH7H8HKDTC3C4CJ H4H6HJDJDAC6C8CTCKCAC2 S3S6S7STHAD3D5D8DQD2 S8H3HTH2D4D9DKC7C9CQJ3 
%00074%change_cards%  24DAC2EE 13SKEE 42H3D4EE 31S3EE
%00074%play%  3D3EE 0D6EE 4DKEE 1EE 2EE 3D2EE 0EE 4KxEE 3EE 4EE 4D9C9EE 1SJCJEE 2EE 3EE 0SQHQEE 4H2C2EE 1EE 0EE 4EE 4C7EE 1H8EE 1S3S4S5EE 2EE 3EE 0EE 4EE 1EE 1C3EE 2C8EE 2H4D4EE 3EE 0H5C5EE 4EE 1EE 2H6C6EE 0EE 2EE 2HJDJEE 3EE 0EE 4EE 1EE 2EE 2H3EE 3D5EE 0D7EE 4DAEE 1EE 2EE 3EE 0EE 4EE 4S8EE 4HTEE 1HKEE 2EE 3HAEE 0EE 4EE 1EE 3EE 3S6EE 0SAEE 4EE 1EE 2EE 3EE 0S2EE 0EE 0S9H9EE 4EE 1EE 2EE 3EE 4CQEE 1EE 2CKEE 3EE 2CAEE 2EE 2CTEE 3DQEE 1EE 3SKEE 3EE 3S7EE 1DTEE 3EE 1EE 1C4EE 3D8EE 3STEE
%00074%result% 04231
%00074%points% 221 235 243 205 221
%00075%mibun% 04231
%00075%seat% 04132
%00075%palyer_cards% S4S6S9HTHQHKD9C3C5CTCJ S5SJSKH3H8H2D3D6DAC9CA S3S8SAH6D8DQD2C8CKJ3 H4H5H7HJHAD4D5D7C4C2 S7STSQS2H9DTDJDKC6C7CQ 
%00075%change_cards%  10H2DAEE 34C2EE 01S4C3EE 43C6EE
%00075%play%  1H3D3C3EE 3H4D4C4EE 2L8D8C8EE 2S3EE 0C5EE 4H9EE 1SJEE 3HAEE 2D2EE 0EE 4EE 1EE 3EE 2EE 2H6EE 0CJEE 4DKEE 1CAEE 3EE 2EE 0H2EE 4EE 1EE 0EE 0S9D9EE 4STDTEE 1EE 3EE 2EE 0EE 4EE 4S7C7EE 1EE 3EE 2EE 0HTCTEE 4SQCQEE 0EE 4S2C2EE 4EE 4DJEE 1SKEE 3EE 2SAEE 0EE 1EE 2EE 2S8EE 2DQEE 0HKEE 1EE 3EE 2EE 0DAEE 0EE 0S6EE 1H8EE 1S4EE 3C6EE 2CKEE 0EE 1EE 3EE 0HQEE 1EE 3EE 1S5EE 3HJEE 1EE 3EE 3H5D5EE 1EE 3H7D7EE
%00075%result% 42031
%00075%points% 224 236 247 207 226
%00076%mibun% 24130
%00076%seat% 04132
%00076%palyer_cards% S3STSJHAD8DJDAC5C9CJ S6H3H5H6H2D3D4D6DKCKC2 S5SQSAS2H4H7HQHKD7DT S4S9H8HJD5D9DQC3C8CQJ3 S7S8SKH9HTD2C4C6C7CTCA 
%00076%change_cards%  14H2C2EE 32J3EE 41C4C6EE 23H4EE
%00076%play%  1S6H6D6C6EE 3EE 2EE 0EE 4EE 1EE 1DKCKEE 3DQCQEE 2DTNTEE 0EE 4EE 1D4C4EE 3EE 2EE 1EE 1H3D3EE 3EE 2EE 0EE 4EE 1EE 1H5EE 3C3EE 2EE 0EE 4EE 3EE 3S9D9EE 2H7D7EE 0EE 4EE 3S4H4EE 2EE 3EE 3H8C8EE 3HJEE 2S5EE 0S3EE 4EE 3EE 2EE 0EE 0SJDJCJEE 4EE 3EE 2EE 0EE 0HADAEE 4HTCTEE 3EE 2EE 0EE 4S7C7EE 4EE 4H2D2C2EE 3EE 2EE 0EE 4EE 4CAEE 3D5EE 2EE 0EE 4EE 2SQHQEE 0EE 4EE 2EE 2S2EE 0STEE 4S8EE 4SKEE 2EE 0C9EE 4EE 0D8EE 0C5EE 4EE 2EE 4H9EE
%00076%result% 13042
%00076%points% 227 241 248 211 228
%00077%mibun% 20413
%00077%seat% 04132
%00077%palyer_cards% S5S6SQSKH6HKD8DJC3J3 S8H3H4H8HJD4D9DTD2C4CQ S4S9S2HAD7DQDAC5C6CTCK S7SJH5H7D3D5DKC7C9CAC2 S3STSAH9HTHQH2D6C8CJ 
%00077%change_cards%  21S2HAEE 43H2EE 12H3H4EE 34D3EE
%00077%play%  4S3D3EE 1D4C4EE 3H5D5EE 2EE 0S6H6EE 4STHTEE 1EE 3EE 0SKHKEE 4EE 0EE 0K3C3EE 4EE 1S8H8EE 1S2D2EE 3EE 2EE 0EE 4EE 1EE 1D9EE 3SJEE 2DQEE 0EE 4SAEE 1EE 3EE 2EE 4EE 4D6EE 1DTEE 3DKEE 2DAEE 0EE 4EE 1EE 3EE 2EE 2S4H4EE 0EE 4EE 1EE 3H2C2EE 2EE 3EE 3S7H7C7EE 2EE 0EE 4EE 1EE 3EE 3C9EE 2CTEE 0EE 4CJEE 1CQEE 3CAEE 2EE 4EE 1EE 2H3EE 0S5EE 4C8EE 4H9EE 1HJEE 2EE 0EE 4HQEE 1HAEE 2C5EE 0D8EE 0DJEE 2CKEE 0EE 2EE 2C6EE 0SQEE
%00077%result% 34102
%00077%points% 229 244 249 216 232
%00078%mibun% 32401
%00078%seat% 03142
%00078%palyer_cards% S9SAH6D7D8C4C8C9CQCK S4STSQH4HQH2D4D6D9C6C2 S7SKH3H8H9HJHKDTDKD2 S5S8SJH5H7HAD5C5CJCAJ3 S3S6S2HTD3DJDQDAC3C7CT 
%00078%change_cards%  23SKD2EE 04SAEE 32S5H5EE 40S3EE
%00078%play%  4D3C3EE 2S5H5EE 0D8C8EE 0S9C9EE 3SJCJEE 1EE 4EE 2EE 0EE 3SKNKEE 3EE 3D5C5EE 1D6C6EE 4EE 2EE 0EE 3EE 1EE 1S4H4D4EE 4EE 2EE 0EE 3EE 1EE 1SQHQEE 4SADAEE 2EE 0EE 3EE 1H2C2EE 4EE 1EE 1D9EE 4DJEE 2EE 0EE 3D2EE 1EE 4EE 3EE 3HACAEE 1EE 4EE 2EE 0EE 3EE 3H7EE 1STEE 4DQEE 2EE 0CKEE 3EE 4S2EE 0EE 4EE 4HTCTEE 2HKDKEE 0EE 3EE 4EE 2EE 2H3EE 0C4EE 3S8EE 4S6EE 2S7EE 0EE 4EE 2EE 2H8EE 2H9EE 0CQEE 4EE 2EE 0EE 0S3EE 4C7EE 2DTEE 0EE 2HJEE
%00078%result% 13420
%00078%points% 230 249 251 220 235
%00079%mibun% 40312
%00079%seat% 03142
%00079%palyer_cards% SJSQH6D3D4DAC4C9CQCA S3S7SKS2H5H9HAC5C6C7CT S5S8H7H8HTHJHKD9DTC3CJ H3H4D5D6D7DJDQC8CKJ3 S4S6S9STSAHQH2D8DKD2C2 
%00079%change_cards%  01DACAEE 23HKEE 10S3H5EE 32H3EE
%00079%play%  0S3D3EE 3HKCKEE 1EE 4EE 2EE 0EE 3EE 3M4D5D6D7EE 1EE 4EE 2EE 0EE 3EE 3H4EE 1H9EE 4HQEE 2EE 0EE 3EE 1EE 4EE 4H2D2C2EE 2EE 0EE 3EE 1EE 4EE 4S4EE 2S5EE 0SJEE 3EE 1SKEE 4SAEE 2EE 0EE 1S2EE 4EE 1EE 1C5C6C7EE 4EE 2EE 0EE 3EE 1EE 1HADACAEE 4EE 2EE 0EE 3EE 1EE 1S7EE 4D8EE 4S6EE 2H7EE 0C9EE 3DJEE 1EE 4DKEE 2EE 0EE 3EE 4EE 4S9EE 2EE 0EE 3DQEE 1EE 4EE 3EE 3C8EE 1CTEE 4EE 2EE 0EE 4STEE 2EE 0EE 2H3C3EE 0D4C4EE 2S8H8EE 2HTDTEE 0SQCQEE 2EE 0EE 0H5EE 2D9EE 0EE 2EE 2HJCJEE
%00079%result% 31420
%00079%points% 231 253 253 225 238
%00080%mibun% 41302
%00080%seat% 03142
%00080%palyer_cards% STSAH3HADTD2C3C4CJCK S4S7S9SQH7HTD4D7DJC6C2 S5S8SKS2H4DQC5C7CQJ3 S6H8HJHQHKH2D3D8D9DACA S3SJH5H6H9D5D6DKC8C9CT 
%00080%change_cards%  03SAD2EE 21J3EE 30S6D3EE 12S4EE
%00080%play%  0H3D3C3EE 3SADACAEE 1EE 4EE 2EE 0EE 3EE 3HJHQHKEE 1EE 4EE 2EE 0EE 3EE 3H8D8EE 3H2D2EE 1EE 4EE 2EE 0EE 3EE 3D9EE 1HTEE 4SJEE 2SKEE 0EE 1KxEE 4EE 2EE 1EE 1S7H7D7EE 4EE 2EE 0EE 1EE 1D4EE 4DKEE 2EE 0EE 1EE 4EE 4C8C9CTEE 4H5D5EE 2DQCQEE 0EE 1EE 4EE 2EE 2S4H4EE 0STDTEE 1EE 4EE 2EE 0EE 0C4EE 1C6EE 4EE 2C7EE 0CJEE 1C2EE 2EE 0EE 1EE 1S9EE 4EE 2S2EE 0EE 1EE 2EE 2S5C5EE 0EE 1EE 4H6D6EE 2EE 4EE 4S3EE 2S8EE 0S6EE 1DJEE 4EE 0CKEE 1EE 0HAEE 1SQEE
%00080%result% 32014
%00080%points% 234 255 257 230 239
%00081%mibun% 23104
%00081%seat% 20143
%00081%palyer_cards% S5SAHKD4D5D6D9C3C6C9CA S6STH3H5H2DTDKC7CTCQ S8S9SKS2H4H8DQC4CJCKJ3 S3H7H9HTHJHAD7D8DJDAC5 S4S7SJSQH6HQD3D2C8C2 
%00081%change_cards%  43D2C2EE 12H2EE 34S3C5EE 21H4EE
%00081%play%  4S3D3EE 3H7D7EE 2S8H8EE 2CJNQCKEE 0EE 1EE 4EE 3EE 2EE 2S2H2EE 0EE 1EE 4EE 3EE 2EE 2C4EE 0HKEE 1EE 4EE 3EE 2EE 0EE 0D4D5D6EE 1EE 4EE 3H9HTHJEE 2EE 0EE 3EE 3HADAEE 2EE 0EE 1EE 4EE 3D2C2EE 3EE 3D8EE 3DJEE 2DQEE 0EE 1DKEE 4EE 2EE 1EE 1H3H4H5EE 4EE 2EE 0EE 1EE 1STDTCTEE 4EE 2EE 0EE 1EE 1S6EE 4S7EE 2S9EE 0EE 1EE 4SJEE 2SKEE 4EE 0D9C9EE 1EE 4SQHQEE 0SACAEE 4EE 0EE 0C3EE 1C7EE 4C8EE 4S4EE 0S5EE 1EE 4EE 0EE 0C6EE 1CQEE
%00081%result% 32014
%00081%points% 237 257 261 235 240
%00082%mibun% 23104
%00082%seat% 20143
%00082%palyer_cards% S4S2H3H6HJHAD7D9DJDKC4 S3S6S7SKH4H8HQD4CKCA S5S9SJHTD5DTC3C5C6C9CQ SQSAH5H9HKH2DAC8CTCJC2 S8STH7D3D6D8DQD2C7J3 
%00082%change_cards%  43D2J3EE 12CAEE 34H5C8EE 21C3EE
%00082%play%  4S8D8C8EE 4H7C7EE 3SADAEE 2EE 0EE 1EE 4EE 3EE 3N9CTCJEE 2EE 0EE 1EE 4EE 3EE 3H2D2C2EE 2EE 0EE 1EE 4EE 3EE 3H9EE 2SJEE 0DKEE 1EE 4EE 3EE 2CAEE 0S2EE 2EE 0EE 0S4C4EE 1SKCKEE 4EE 3EE 2EE 0EE 1EE 1S3C3EE 4EE 3EE 2S9C9EE 0EE 1EE 2EE 2S5D5C5EE 0EE 1EE 4EE 3EE 2EE 2HTDTEE 0HJDJEE 1EE 4EE 3EE 2EE 0EE 0H3EE 1S6EE 4STEE 3SQEE 2EE 0EE 1EE 4EE 3EE 3HKEE 2EE 0HAEE 1EE 4EE 0EE 0H6EE 1S7EE 4DQEE 2EE 0EE 1EE 4EE 4D3EE 2C6EE 0D7EE 1H8EE 1H4D4EE 4EE 2EE 0EE 1EE 1HQEE 4EE 2EE 0EE 4H5EE 2CQEE 0EE 4EE 0D9EE
%00082%result% 31204
%00082%points% 239 261 264 240 241
%00083%mibun% 31204
%00083%seat% 20143
%00083%palyer_cards% S3S8H3H6H7HJC3C5C6C8C2 S4SJH5H9HKD5D8DTD2CK STSKH8HTHQDJDAC4C9CTCQ S6S7H4H2D3D6D9DKC7CJCA S5S9SQSAS2HAD4D7DQJ3 
%00083%change_cards%  43S2J3EE 01C2EE 34H4D3EE 10S4EE
%00083%play%  4H4D4EE 3S6D6EE 2HQCQEE 0EE 1HKCKEE 4EE 3LACAEE 2EE 1EE 3EE 3S7C7EE 2EE 0S8C8EE 0S3H3C3EE 1EE 4EE 3EE 2STHTCTEE 0EE 2EE 2C4EE 0C5EE 1EE 4EE 3CJEE 2EE 0EE 3EE 3S2H2EE 2EE 0EE 1EE 4EE 3EE 3D9EE 2DJEE 0EE 1EE 4EE 3DKEE 2DAEE 2EE 2H8EE 2C9EE 0HJEE 1EE 4EE 2SKEE 0EE 0H6C6EE 1D2C2EE 4EE 0EE 1EE 1H5D5EE 4SQDQEE 0EE 1EE 4SAHAEE 4EE 4D3EE 0S4EE 1D8EE 1H9EE 4EE 0EE 1DTEE 1SJEE 4S5EE 0H7EE
%00083%result% 32104
%00083%points% 241 264 268 245 242
%00084%mibun% 32104
%00084%seat% 13024
%00084%palyer_cards% S4STH7D5DTDJDKC5C8CTCJ S3S5S6SAS2H3H9HKCQC2 S8SQHJH2D3D6DQDAC3CAJ3 S7S9H6H8D4D7D8D9D2C6CK SJSKH4H5HTHQHAC4C7C9 
%00084%change_cards%  43SKHAEE 02DKEE 34H6D4EE 20D3EE
%00084%play%  0STDTCTEE 2SQLQDQEE 4EE 1EE 3EE 0EE 2EE 2DACAEE 4EE 1S2C2EE 3EE 0EE 2EE 1EE 1S3H3EE 3S7D7EE 0DJCJEE 2EE 4EE 1EE 3SKCKEE 0EE 3EE 3H8D8EE 3S9D9EE 0EE 2EE 4EE 1EE 3EE 3C6EE 0H7EE 2S8EE 2C3EE 4C7EE 1CQEE 3EE 0EE 2EE 4EE 1EE 1S5EE 3HAEE 0EE 2H2EE 4EE 1EE 3EE 2EE 2D6EE 4C9EE 1HKEE 3D2EE 0EE 2EE 4EE 1EE 0D5C5EE 2EE 4EE 1EE 0EE 0D3EE 2HJEE 4HQEE 1EE 0EE 2EE 4EE 4H4H5H6EE 1EE 0EE 2EE 4EE 4D4C4EE 1EE 0EE 2EE 4EE 4HTEE 1SAEE 0EE 2EE 4EE 1EE 1S6EE 0C8EE 0S4EE 2DKEE 4EE 1EE 4SJEE
%00084%result% 30241
%00084%points% 245 265 271 250 244
%00085%mibun% 14203
%00085%seat% 13024
%00085%palyer_cards% S3H3H4HJHQH2D8C4C7CQJ3 S4S5H8HTDQDAC6CJCAC2 S9SQS2H7HAD3D9DJC9CTCK S6STSJSKH5H6D5D6D7DTDK S7S8SAH9HKD4D2C3C5C8 
%00085%change_cards%  13DAC2EE 40D2EE 31H5D5EE 04S3EE
%00085%play%  2S9D9C9EE 4EE 1EE 3EE 0KQHQCQEE 2EE 0EE 0H4C4EE 2EE 4S8C8EE 4S3C3EE 1EE 3STDTEE 0H2D2EE 2EE 4EE 3EE 0EE 0H3EE 2H7EE 4H9EE 1HTEE 3EE 0HJEE 2HAEE 4EE 1EE 0EE 2EE 2D3EE 4D4EE 1DQEE 3DAEE 0EE 2EE 4EE 1EE 3EE 3S6H6D6EE 0EE 2EE 4EE 1EE 3EE 3SKDKEE 0EE 2EE 4EE 1EE 3EE 3D7EE 0D8EE 0C7EE 2CTEE 4EE 1CJEE 3C2EE 2EE 1EE 3EE 3SJEE 2SQEE 4SAEE 1EE 2S2EE 4EE 2EE 2DJEE 4HKEE 1CAEE 2EE 4EE 1EE 1S5H5D5EE 2EE 4EE 1EE 1S4EE 2CKEE 4EE 1EE 4C5EE 1C6EE 4EE 1EE 1H8EE
%00085%result% 03214
%00085%points% 250 267 274 254 245
%00086%mibun% 03214
%00086%seat% 13024
%00086%palyer_cards% STSJHQHAD6D8D9D2C7C8C9 S7S9S2H5H7H8H2D4CQCA SAD5DTDJDKDAC6CTCKC2J3 S3S4S5H4HTD3D7DQC4C5 S6S8SQSKH3H6H9HJHKC3CJ 
%00086%change_cards%  40SKHKEE 13S2EE 04D6C7EE 31S3EE
%00086%play%  3S4H4C4EE 0EE 2KTDTCTEE 4EE 1EE 3EE 2EE 2DKCKEE 4EE 1EE 3EE 0EE 2SADAEE 2EE 2D5EE 4C7EE 1H8EE 1S7H7EE 3EE 0D8C8EE 0HQHKHAEE 2EE 4EE 1EE 3EE 0EE 0D9C9EE 2EE 4HJCJEE 1EE 3EE 0EE 4EE 4S6H6D6EE 1EE 3EE 0EE 2EE 4EE 4H3C3EE 1EE 3S5C5EE 0EE 2EE 4EE 3EE 3D3EE 0STEE 2DJEE 4SQEE 1CAEE 3S2EE 0EE 2EE 4EE 1EE 3EE 3D7EE 0SJEE 2C2EE 4EE 1EE 3EE 0EE 2EE 2C6EE 4S8EE 4H9EE 1CQEE 3EE 0SKEE 1H2EE 0EE 1EE 1S3EE 3HTEE 0D2EE 1EE 3EE 1D4EE 3DQEE
%00086%result% 24031
%00086%points% 253 268 279 256 249
%00087%mibun% 24031
%00087%seat% 31042
%00087%palyer_cards% S4S7SJH7D3D5D6DTC4CJ S6H4H6H8H9HADJD2C8C2J3 SKS2HTH2D7D9DQC7C9CQCK S3S5S8STSQHQD4DKDAC5C6 S9SAH3H5HJHKD8C3CTCA 
%00087%change_cards%  12D2J3EE 34DAEE 21D7C7EE 43H3EE
%00087%play%  0S4C4EE 4EE 2D9C9EE 3SQHQEE 1EE 0EE 2SKCKEE 3EE 2EE 2S2H2D2N2EE 3EE 1EE 0EE 4EE 2EE 2DQCQEE 3S5C5EE 1EE 0EE 4EE 2EE 3S3H3EE 3EE 3DKEE 1DJEE 0DTEE 4D8EE 4SADACAEE 2EE 3EE 1EE 0EE 4EE 4HKEE 2HTEE 3EE 1H9EE 0EE 4H5EE 1H4EE 4EE 1EE 1H8C8EE 1D7C7EE 0EE 4EE 3EE 1S6H6EE 1EE 1C2EE 0D6EE 4C3EE 3EE 1EE 0EE 4EE 4HJEE 3STEE 1EE 0D5EE 4EE 3D4EE 0D3EE 3EE 0EE 0SJCJEE 4EE 3EE 1EE 0S7H7EE 4CTEE 3S8EE 3C6EE 1EE 4EE 1HAEE
%00087%result% 20314
%00087%points% 257 270 284 259 250
%00088%mibun% 13024
%00088%seat% 31042
%00088%palyer_cards% SQSAH6DJDAD2C5C6CAC2 S3S4S8SJH7DKC3C4CQCKJ3 S6S9H3HKD3D5D6D9C7C8CT S5SKS2H9HJH2D4D7D8DTCJ S7STH4H5H8HTHQHADQC9 
%00088%change_cards%  42HQHAEE 10J3EE 24H3D3EE 01C5EE
%00088%play%  4H3H4H5EE 2HQHKHAEE 3EE 1EE 0EE 4EE 2EE 2S6D6EE 3HJCJEE 1DKCKEE 0D2C2EE 4EE 2EE 3EE 1EE 0EE 0SQKKSAEE 4EE 2EE 3EE 1EE 0EE 0H6C6EE 4STHTEE 2EE 3S2H2EE 1EE 0EE 4EE 3EE 3D4EE 1H7EE 0DJEE 4DQEE 2EE 3EE 1EE 0EE 4EE 4D3EE 2D5EE 3D7EE 1EE 0EE 4EE 2EE 3D8EE 3S5EE 1S8EE 1C3C4C5EE 0EE 4EE 2EE 3EE 1EE 1S3EE 0EE 4S7EE 2EE 3SKEE 1EE 4EE 3EE 3H9EE 1SJEE 0EE 4EE 2EE 3EE 1CQEE 1EE 1S4EE 0EE 4H8EE 4C9EE 2CTEE 3EE 0EE 2EE 2S9D9EE 3EE 0DACAEE 2EE 2C7EE 3DTEE
%00088%result% 14032
%00088%points% 260 275 285 261 254
%00089%mibun% 20431
%00089%seat% 31042
%00089%palyer_cards% S3SJH4H9HJD3D8DJDAC3C5 S6SKS2H5HQD5D6DTDQDKD2 S4S7H3H6HKHAD7C8CJJ3 S8S9SQSAH2D4D9C4CAC2 S5STH7H8HTC6C7C9CTCQCK 
%00089%change_cards%  21HAJ3EE 34H2EE 12H5D5EE 43S5EE
%00089%play%  0S3D3C3EE 4STHTCTEE 2EE 3EE 1KQHQDQEE 0EE 4EE 1EE 1S6D6EE 0EE 4H7C7EE 2EE 3S9D9EE 1SKDKEE 4EE 3EE 1S2D2EE 1EE 1DTEE 0DAEE 4EE 2EE 3EE 1EE 0EE 0SJHJDJEE 4EE 2EE 3EE 1EE 0EE 0H4EE 4C6EE 2C8EE 2H5D5EE 3SACAEE 1EE 0EE 4EE 2EE 3EE 3D4C4EE 1EE 0EE 4EE 2S7D7EE 3EE 2EE 2H3EE 3S5EE 1HAEE 0EE 4H2EE 2EE 3EE 4EE 4H8EE 4C9EE 2CJEE 3C2EE 0EE 4EE 2EE 3EE 3S8EE 3SQEE 0EE 4CKEE 2EE 4EE 4CQEE 2HKEE 0EE 2EE 2S4EE 0C5EE 2H6EE
%00089%result% 13420
%00089%points% 261 280 287 265 257
%00090%mibun% 40312
%00090%seat% 34102
%00090%palyer_cards% S7H5HKHAD4D9DJC3C5C6CT S5S6H4HQH2D7D8D2C4C7CA SJSQSKSAS2HJD3DQC8C9CK S8STH6H7H8HTD6DACQC2 S3S4S9H3H9D5DTDKCJJ3 
%00090%change_cards%  01HKHAEE 23S2EE 10H4C4EE 32H6EE
%00090%play%  2SJSQSKSAEE 3EE 4EE 1EE 0EE 2EE 2D3EE 3D6EE 4DTEE 1EE 0DJEE 2DQEE 3DAEE 4KxEE 0EE 2EE 3EE 4EE 4S3H3EE 1D7C7EE 0EE 2EE 3S8H8EE 3STHTEE 4EE 1HACAEE 0EE 2EE 3S2C2EE 1EE 3EE 3H7EE 4CJEE 1HQEE 0EE 2CKEE 3EE 4EE 1EE 2EE 2H6EE 3CQEE 4DKEE 1EE 0EE 2EE 4EE 4S9H9EE 1H2D2EE 0EE 2EE 4EE 1EE 1S5EE 0S7EE 2EE 4EE 1EE 0EE 0C3C4C5C6EE 2EE 4EE 1EE 0EE 0H4D4EE 2EE 4EE 1EE 0EE 0H5EE 2C8EE 2C9EE 4EE 1HKEE 0EE 2EE 1EE 1S6EE 0D9EE 2HJEE 4EE 1EE 0EE 4S4EE 1D8EE 0CTEE
%00090%result% 32104
%00090%points% 263 283 291 270 258
%00091%mibun% 32104
%00091%seat% 34102
%00091%palyer_cards% S9SKS2H4H9D3D7D9C3C2 S7SAH8H2DJDQDKD2C4CQJ3 S3STH3H6HAD4D5DAC5CK S5S6SJSQH7HQHKC8CTCJCA S4S8H5HTHJD6D8DTC6C7C9 
%00091%change_cards%  43HTHJEE 02S2EE 34S5S6EE 20S3EE
%00091%play%  0S3D3C3EE 2EE 3SJHJCJEE 4EE 1KQDQCQEE 0EE 3EE 1EE 1H2D2EE 0EE 2EE 3EE 4EE 1EE 1C4EE 0D7EE 2STEE 3HKEE 4EE 1SAEE 0C2EE 2EE 3EE 1EE 0EE 0S9H9D9EE 2EE 3EE 4EE 1EE 0EE 0H4EE 2H6EE 3H7EE 4EE 1H8EE 1S7EE 0SKEE 2S2EE 3EE 4EE 1EE 2EE 2D5C5EE 3HTCTEE 4EE 1EE 2HADAEE 3EE 2EE 2H3EE 3C8EE 3SQHQEE 4EE 1EE 2EE 3EE 3CAEE 4EE 1EE 2EE 4S4S5S6EE 1EE 2EE 4EE 4D6C6EE 1EE 2EE 4S8D8EE 4H5EE 1DJEE 2CKEE 4EE 1EE 2EE 2D4EE 4C7EE 1DKEE
%00091%result% 03214
%00091%points% 268 285 294 274 259
%00092%mibun% 03214
%00092%seat% 34102
%00092%palyer_cards% S8SJSQHTHAD9DTDJC3C4CQ H8HKD3D4D6DKDAC5C8CK S3S5S6S7SKSAH3H6HQDQCT S9STS2H4H5H9D7D8D2C6J3 S4H7HJH2D5C7C9CJCAC2 
%00092%change_cards%  40H2C2EE 13DAEE 04C3C4EE 31H4EE
%00092%play%  1HKDKCKEE 0EE 2EE 3S2L2D2EE 4EE 1EE 3EE 3S9H9EE 4HJCJEE 1EE 0SQCQEE 2EE 3EE 4EE 0H2C2EE 0EE 0D9DTDJEE 2EE 3EE 4EE 1EE 0EE 0S8EE 0HTEE 2SKEE 3DAEE 4EE 1EE 0EE 2EE 3EE 3H5EE 4C9EE 1EE 0SJEE 2SAEE 3EE 4EE 0EE 2EE 2S5S6S7EE 3EE 4EE 1EE 0EE 2EE 2S3H3EE 3EE 4S4C4EE 1H8C8EE 1H4D4EE 0EE 2HQDQEE 3EE 4EE 1EE 2EE 2H6EE 3D7EE 4CAEE 1EE 0EE 2EE 3EE 4EE 4H7C7EE 1EE 0EE 2EE 3EE 4EE 4C3EE 1C5EE 0EE 2CTEE 3EE 4EE 1EE 3C6EE 4EE 1EE 0HAEE 3EE 3D8EE 3STEE 4EE 1EE 4D5EE
%00092%result% 20341
%00092%points% 272 286 299 277 261
%00093%mibun% 14023
%00093%seat% 32140
%00093%palyer_cards% S6H3H7HJHQD4D7DTC5CQ S5SQSAH4H5H2DJDAC3C4C2 STS2D5D8DQDKC7C8CTCJCK S9SKH6HTHKD3D6C6CAJ3 S3S4S7S8SJH8H9HAD9D2C9 
%00093%change_cards%  12H2C2EE 40D2EE 21D5C7EE 04H3EE
%00093%play%  3K6H6D6C6EE 2EE 1EE 4EE 0EE 3EE 3SKHKEE 2STCTEE 1H4C4EE 4S3H3EE 0EE 3EE 2EE 1EE 4EE 4H9D9C9EE 0EE 3EE 2EE 1S5H5D5EE 4EE 1EE 1SADAEE 4S8H8EE 4HAEE 0HJEE 3HTEE 2EE 1EE 4EE 0EE 3EE 3CAEE 2DQEE 1DJEE 4EE 0DTEE 3D3EE 2EE 1EE 0EE 3EE 3S9EE 2EE 1C7EE 4S4EE 0EE 1C3EE 4EE 1EE 1SQEE 4SJEE 0S6EE 2EE 4EE 0EE 0HQCQEE 2D8C8EE 2S2H2C2EE 4EE 0EE 2EE 2DKCKEE 4EE 0H7D7EE 2EE 0EE 0D2EE 2CJEE 4S7EE
%00093%result% 31240
%00093%points% 273 290 302 282 263
%00094%mibun% 41203
%00094%seat% 32140
%00094%palyer_cards% S3S4S7H5HQHAD9C4C7J3 S5S8SKS2H3D4D7D8DQC6CA SAH6H9D3D5DJC5C9CTCKC2 S9STSQH7H8HJHKH2DAC3CJ S6SJH4HTD6DTDKD2C8CQ 
%00094%change_cards%  03HAJ3EE 41D2EE 30H7C3EE 14H3EE
%00094%play%  2D5C5EE 1S8D8EE 1S2D2EE 4EE 0EE 3EE 2EE 1EE 1D4EE 4C8EE 4S6D6EE 0EE 3HJCJEE 2EE 1EE 4EE 3HADAEE 3K2H2EE 3EE 3H8EE 3S9EE 2CTEE 1DQEE 4DKEE 0EE 3EE 2EE 1EE 4EE 4HTDTEE 0EE 3EE 2EE 1EE 4EE 4H3EE 0H5EE 3HKEE 2EE 1EE 4EE 0EE 3EE 3STEE 2DJEE 1SKEE 4EE 0EE 3EE 2SAEE 1EE 2EE 2H9C9EE 1EE 4EE 0EE 3EE 2EE 2D3EE 1S5EE 4SJEE 0EE 3SQEE 2EE 1EE 4EE 2H6EE 1D7EE 4CQEE 0EE 2CKEE 1CAEE 4EE 2C2EE 1EE 1C6EE 4EE 0D9EE 0HQEE 0EE 0S7H7C7EE 4EE 0EE 0S3C3EE 4EE 0S4C4EE
%00094%result% 32104
%00094%points% 275 293 306 287 264
%00095%mibun% 32104
%00095%seat% 32140
%00095%palyer_cards% S2H5H6H7D9DKDAC6CKC2 S3S4STH4HJHQHAD5DJC4CA S5S8SKHTH2D6D8DQC3C5CJ S6S9SJSAH3H8D3D7C7C9CQ S7SQH9HKD4DTD2C8CTJ3 
%00095%change_cards%  43D2J3EE 02S2EE 34H3D3EE 20C3EE
%00095%play%  4H3D3EE 0H6C6EE 3D7C7EE 2S8D8EE 2S5C5EE 1HJDJEE 4EE 0DKCKEE 3SALAEE 2S2H2EE 1EE 0EE 3EE 2EE 2D6EE 1STEE 4SQEE 0EE 3EE 2SKEE 1EE 4EE 2EE 2HTEE 1HQEE 4HKEE 0EE 3EE 2EE 1EE 4EE 4DTCTEE 0EE 3EE 2EE 1HACAEE 4EE 1EE 1S4H4C4EE 4EE 0EE 3EE 2EE 1EE 1S3EE 4D4EE 0H5EE 3S6EE 2CJEE 1EE 4EE 0DAEE 3D2EE 2EE 0EE 3EE 3S9C9EE 2EE 1EE 4EE 0EE 3EE 3H8EE 3SJEE 2DQEE 1EE 4EE 0C2EE 3EE 0EE 0C3EE 3CQEE 1EE 4EE 0EE 1D5EE 4S7EE 0D9EE 4EE 0EE 0H7EE
%00095%result% 23104
%00095%points% 277 296 311 291 265
%00096%mibun% 32014
%00096%seat% 32410
%00096%palyer_cards% S7S8SAD3D5DTD2C6CAJ3 S3S5S2H5HQD7D9C5CTCKC2 STH4H9HTD4DJDQDKDAC3C4 S4SJSQSKH3H7HKD6D8C8 S6S9H6H8HJHAH2C7C9CJCQ 
%00096%change_cards%  42HAH2EE 03J3EE 24H4C3EE 30H3EE
%00096%play%  0H3D3EE 3D8C8EE 3KTSJSQSKEE 2EE 4EE 1EE 0EE 3EE 3S4EE 2H9EE 4CQEE 1CKEE 0EE 3EE 2EE 4EE 1EE 1S5H5C5EE 0EE 3E