%-----%hostname% HonokanoMacBook-Pro.local
%-----%TIME_START% 2025/05/13 01:14:35
%-----%palyer_name% default default default default default
%-----%WINDOW_TYPE% ALICE
%-----%GRAPH_WINDOW% YES
%-----%RAND_TYPE% 1
%-----%RULE_KAKUMEI% YES
%-----%RULE_SHIBARI% YES
%-----%RULE_KINSOKU% NO
%-----%RULE_KAIDAN% YES
%-----%RULE_CHANGE% YES
%-----%RULE_5TOBI% NO
%-----%RULE_6REVERS% NO
%-----%RULE_8GIRI% YES
%-----%RULE_11BACK% NO
%-----%RULE_SEKIGAE% YES
%-----%RULE_SEKIGAE_NUM% 3
%-----%GAME_NUMBER% 10
%-----%FLASH_MIBUN_NUMBER% 1000
%-----%GAME_PORT% 53166
%-----%RANDOM_SEED% 1747066464
%00000%mibun% 22222
%00000%seat% 21340
%00000%palyer_cards% S4SJS2H6H7HJHQH2D3C4CQ H3H5D6D7D8DJDQC7C9C2 S5SKH4H8HADAC5C6CKJ3 S3S7S8S9STSAHKDTDKD2CA S6SQH9HTD4D5D9C3C8CTCJ 
%00000%change_cards% NULL
%00000%play%  0S4C4EE 2S5C5EE 1EE 3SACAEE 4EE 0EE 2EE 3EE 3S7S8S9STEE 3HKDKEE 4EE 0S2H2EE 2EE 1EE 3EE 0EE 0SJHJEE 2SKCKEE 1EE 3EE 4EE 0EE 2HADAEE 2EE 2K4H4EE 1D7C7EE 3EE 4H9D9EE 0HQCQEE 2EE 1EE 4EE 0EE 0D3EE 2C6EE 1D8EE 1H3EE 3DTEE 4CJEE 0EE 2EE 1DQEE 3D2EE 4EE 1EE 3EE 3S3EE 4D4EE 0H6EE 2H8EE 1H5EE 4S6EE 0H7EE 1C9EE 4SQEE 1C2EE 4EE 1EE 1D6EE 4C8EE 4HTCTEE 1EE 4EE 4C3EE 1DJEE
%00000%result% 32014
%00000%points% 3 2 4 5 1
%00001%mibun% 23104
%00001%seat% 21340
%00001%palyer_cards% S3S2H8HTD7D9DQDKDACKJ3 S4S8S9H3H6H2D3DJC7C2 S5SJHKD4D5D6C9CTCQCA S6SKSAH5H9HJHAD8C3C6CJ S7STSQH4H7HQDTD2C4C5C8 
%00001%change_cards%  43SQD2EE 12H2EE 34H5C3EE 21D4EE
%00001%play%  1H3D3EE 3S6C6EE 4S7H7EE 0DKCKEE 2EE 1EE 3SAHAEE 4EE 0S2L2EE 3EE 0EE 0S3EE 2D6EE 1C7EE 3D8EE 3HJCJEE 4EE 0EE 2EE 1EE 3EE 3H9EE 4HQEE 0EE 2HKEE 1EE 3EE 4EE 2H2EE 2EE 2S5D5EE 1EE 3EE 4STDTEE 0EE 2EE 4EE 4C3C4C5EE 0EE 2EE 1EE 3EE 4EE 4H4EE 0D7EE 2C9EE 1DJEE 3SQEE 4EE 0DAEE 2EE 1C2EE 3EE 0EE 1EE 1S4D4EE 3EE 4EE 0EE 2EE 1EE 1H6EE 3SKEE 4EE 0EE 2CAEE 1EE 3D2EE 2EE 4H5EE 0H8EE 0D9EE 2CTEE 1EE 4EE 0DQEE 2EE 0EE 0HTEE 2SJEE 1EE 4EE 2CQEE 1S8EE 1S9EE
%00001%result% 30214
%00001%points% 7 4 7 10 2
%00002%mibun% 13204
%00002%seat% 21340
%00002%palyer_cards% S4S5H4D4D5D7DJC3CTC2J3 S6SQH8D6DTC7C8C9CJCA S3S8SKSAS2HQHADAC4C6 STSJH3H5H6H7H9H2D8D9DK S7S9HTHJHKD3DQD2C5CQCK 
%00002%change_cards%  43HKD2EE 10CAEE 34H3H5EE 01C3EE
%00002%play%  4H3D3EE 0S5D5EE 2EE 1S6D6EE 3EE 4EE 0K7D7EE 1EE 0EE 0S4H4D4EE 2SAHADAEE 1EE 3EE 4EE 0EE 2EE 2S3EE 1DTEE 3SJEE 4CKEE 0CAEE 2EE 1EE 3EE 4EE 0C2EE 0EE 0CTEE 2HQEE 1EE 3EE 4EE 0EE 2SKEE 2S2EE 2EE 2C4EE 1CJEE 3EE 4EE 0EE 2EE 1EE 1C7C8C9EE 1C3EE 3H6EE 4S7EE 0DJEE 2EE 1SQEE 3EE 4EE 1EE 1H8EE 3H9D9EE 4DQCQEE 2EE 3HKDKEE 4EE 3H2D2EE 3EE 3H7EE 4S9EE 2EE 3STEE 4EE 3EE 3D8EE 4H5C5EE 2EE 4EE 4HTEE 2EE 4HJEE
%00002%result% 01342
%00002%points% 12 8 8 13 4
%00003%mibun% 01423
%00003%seat% 24103
%00003%palyer_cards% S5S7STSKS2H6HKD9DTC5CA S3S6SAH8D7D8DJDKD2C4 S4H4HJHAD5DAC3C6CTCJJ3 S9SJH7H9H2D3D4D6C7CQCK S8SQH3H5HTHQDQC8C9C2 
%00003%change_cards%  20HAJ3EE 41C2EE 02S5C5EE 14S3EE
%00003%play%  3H7C7EE 2HJCJEE 4EE 1EE 0HACAEE 3EE 2EE 0EE 0M8D9DTEE 0SKHKEE 3EE 2EE 4EE 1D2C2EE 0EE 1EE 1H8D8EE 1C4EE 0H6EE 3SJEE 2DAEE 4EE 1EE 0S2EE 3EE 2EE 0EE 0S7EE 3CQEE 2EE 4EE 1DKEE 0EE 3H2EE 1EE 3EE 3S9H9EE 2EE 4EE 1EE 0EE 3EE 3D3EE 2C6EE 4C9EE 1EE 0EE 3CKEE 2EE 4EE 3EE 3D4EE 2CTEE 4EE 1DJEE 0EE 3EE 2EE 1SAEE 1EE 1S6EE 0STEE 3EE 2EE 4EE 1EE 3D6EE 2EE 4HTEE 1EE 4EE 4SQHQDQEE 1EE 2EE 4EE 4S3H3EE 1EE 2S4H4EE 4EE 2EE 2S5D5C5EE 4EE 1EE 2EE 2C3EE 4H5EE 1D7EE
%00003%result% 03214
%00003%points% 17 10 11 17 5
%00004%mibun% 03214
%00004%seat% 24103
%00004%palyer_cards% S3SAS2H5H6HJHQD2C5C6C8 S5S9STSJH4H7D3D6D9DJ S6S7D4D7DTC4CTCKCAC2J3 H3HKHAH2D5D8DKDAC9CJCQ S4S8SQSKH8H9HTDQC3C7 
%00004%change_cards%  40SQSKEE 13SJEE 04S3H5EE 31H3EE
%00004%play%  1H3D3EE 0H6C6EE 3SJCJEE 2KKCKEE 4EE 1EE 0EE 3EE 2EE 2D4C4EE 4S8H8EE 4S3C3EE 1S9D9EE 0SQHQEE 3HKDKEE 2EE 4EE 1EE 0S2D2EE 3EE 0EE 0C5EE 3D8EE 3HADAEE 2EE 4EE 1EE 0EE 3EE 3D5EE 2S6EE 4C7EE 1STEE 0HJEE 3CQEE 2CAEE 4EE 1EE 0EE 3EE 2C2EE 2EE 2S7D7EE 4EE 1EE 0EE 3EE 2DTCTEE 4S4EE 1S5EE 0SKEE 3EE 4EE 1EE 0SAEE 0EE 0C8EE 3C9EE 4HTEE 1DJEE 3H2EE 4EE 1EE 4H5EE 1D6EE 4H9EE 1EE 4DQEE
%00004%result% 20341
%00004%points% 21 11 16 20 7
%00005%mibun% 14023
%00005%seat% 24103
%00005%palyer_cards% SAH7