%-----%hostname% HonokanoMacBook-Pro.local
%-----%TIME_START% 2025/05/19 14:55:46
%-----%palyer_name% Normal Normal Normal Normal Normal
%-----%WINDOW_TYPE% ALICE
%-----%GRAPH_WINDOW% YES
%-----%RAND_TYPE% 1
%-----%RULE_KAKUMEI% YES
%-----%RULE_SHIBARI% YES
%-----%RULE_KINSOKU% NO
%-----%RULE_KAIDAN% YES
%-----%RULE_CHANGE% YES
%-----%RULE_5TOBI% NO
%-----%RULE_6REVERS% NO
%-----%RULE_8GIRI% YES
%-----%RULE_11BACK% NO
%-----%RULE_SEKIGAE% YES
%-----%RULE_SEKIGAE_NUM% 3
%-----%GAME_NUMBER% 100
%-----%FLASH_MIBUN_NUMBER% 100
%-----%GAME_PORT% 53166
%-----%RANDOM_SEED% 1747630960
%00000%mibun% 22222
%00000%seat% 12340
%00000%palyer_cards% STSKHJHKD6DJCTCQCKCA S7H5H9HAD3D7D8D2C5C2 S5S6S9HQH2D4D9DTC7C8CJ S3SJSQH3H4H6H7H8DQDKDA S4S8SAS2HTD5C3C4C6C9J3 
%00000%change_cards% NULL
%00000%play%  1H5C5EE 2EE 3EE 4EE 0EE 1EE 1S7D7EE 2EE 3EE 4EE 0EE 1EE 1D2C2EE 2EE 3EE 4EE 0EE 1EE 1D3EE 2D4EE 3DQEE 4KxEE 0KxEE 1KxEE 2KxEE 3KxEE 4KxEE 4S4C4EE 0EE 1EE 2EE 3EE 4EE 4C3EE 0D6EE 1D8EE 1H9EE 2DTEE 3SJEE 4SAEE 0KxEE 1KxEE 2KxEE 3KxEE 4S2EE 4KxEE 4D5EE 0STEE 1HAEE 2H2EE 3KxEE 4KxEE 0KxEE 2KxEE 2S9D9EE 3EE 4EE 0EE 2EE 2S5EE 3H6EE 4S8EE 4C6EE 0CTEE 2CJEE 3KxEE 4KxEE 0CQEE 2KxEE 0CKEE 0CAEE 0KxEE 0HJDJEE 2EE 3EE 4EE 0EE 0SKHKEE 2EE 3EE 4EE 2S6EE 3H7EE 4C9EE 2HQEE 3DKEE 4KxEE 2KxEE 3DAEE 3KxEE 3S3H3EE 4EE 2EE 3EE 3H4EE 4HTEE 2KxEE 3KxEE 2C7EE 3H8EE 3SQEE
%00000%result% 10432
%00000%points% 4 5 1 2 3
%00001%mibun% 10432
%00001%seat% 12340
%00001%palyer_cards% S3S6S7SQH2D4D5D6DKC8 S8S9STH3H5H9HKDAD2C3C9 S4SJSAH4H8D3D9DJCJC2J3 H6H7HTHJHAD7D8C4C5CTCA S5SKS2HQDTDQC6C7CQCK 
%00001%change_cards%  21C2J3EE 30HAEE 12H3C3EE 03S3EE
%00001%play%  2H3D3C3EE 3EE 4EE 0EE 1EE 2EE 2S4H4EE 3EE 4EE 0EE 1EE 2EE 2SJDJCJEE 3EE 4EE 0EE 1EE 2EE 2H8EE 2D9EE 3HTEE 4HQEE 0HAEE 1KxEE 2KxEE 3KxEE 4KxEE 0KxEE 1KxEE 1S9H9C9EE 2EE 3EE 4EE 0EE 1EE 1D2C2EE 2EE 3EE 4EE 0EE 1EE 1H5EE 2SAEE 3KxEE 4S2EE 0KxEE 1KxEE 4KxEE 4DQCQEE 0EE 1EE 3EE 4EE 4SKCKEE 0EE 1EE 3EE 4EE 4S5EE 0S6EE 1S8EE 1STEE 3HJEE 4KxEE 0SQEE 1HKEE 3CAEE 0H2EE 1KxEE 3KxEE 0KxEE 0D4EE 1DAEE 3KxEE 4KxEE 0KxEE 3H7D7EE 4EE 0EE 3EE 3S3EE 4C6EE 0S7EE 3D8EE 3C4EE 4C7EE 0C8EE 0D5EE 3H6EE 4DTEE 0DKEE 3KxEE 0KxEE 0D6EE
%00001%result% 21403
%00001%points% 6 9 6 3 6
%00002%mibun% 31042
%00002%seat% 12340
%00002%palyer_cards% S4S5S7S8STH3HJH2D6C9 H5HQD4D7DTC4C5C6C8J3 S9H4H6HAD9DAD2C3C7CTCK SJH7H8H9HKD3DJDKCJCQCA S3S6SQSKSAS2HTD5D8DQC2 
%00002%change_cards%  32HKCAEE 01H2EE 23H4C3EE 10D4EE
%00002%play%  3D3C3EE 4EE 0EE 1EE 2EE 3EE 3SJDJCJEE 4EE 0EE 1EE 2EE 3EE 3H4EE 4D5EE 0D6EE 1D7EE 2D9EE 3DKEE 4KxEE 0KxEE 1KxEE 2KxEE 3KxEE 1KxEE 1H5C5EE 2EE 3EE 4EE 0EE 1EE 1C4EE 2H6EE 3H7EE 4HTEE 0HJEE 1HQEE 2HKEE 3KxEE 4KxEE 0KxEE 1H2EE 2KxEE 1KxEE 1C6EE 2C7EE 3CQEE 4C2EE 0KxEE 1KxEE 2KxEE 3KxEE 4KxEE 4SQDQEE 0EE 1EE 2EE 3EE 4EE 4S3EE 0S4EE 1KxEE 2S9EE 3KxEE 4SKEE 0KxEE 2KxEE 4SAEE 4S2EE 4KxEE 4S6EE 0S7EE 1KxEE 2KxEE 3KxEE 4KxEE 0S8EE 0H3EE 1C8EE 1DTEE 2CKEE 3KxEE 4KxEE 0KxEE 2HAEE 2D2EE 2KxEE 2DACAEE 3EE 4EE 0EE 2EE 2CTEE 3KxEE 4KxEE 0KxEE 3H8EE 3H9EE 4KxEE 0STEE 0KxEE 0D4EE 4D8EE
%00002%result% 12340
%00002%points% 7 14 10 6 8
%00003%mibun% 40123
%00003%seat% 20413
%00003%palyer_cards% S4S5S9SJHJHKD3D5C5C9 S3STSQH7H9D4DTDQC8CTCJ S6S8SKH3H4H6H2D7DAC3J3 SAH8HTHQHADJD2C7CKCAC2 S7S2H5D6D8D9DKC4C6CQ 
%00003%change_cards%  01SJHKEE 42S2EE 10S3D4EE 24H3EE
%00003%play%  0S3D3EE 4EE 1EE 3EE 2EE 0EE 0S4D4EE 4EE 1EE 3EE 2EE 0EE 0S5D5C5EE 4EE 1EE 3EE 2EE 0EE 0S9C9EE 4EE 1EE 3EE 2EE 0EE 0HJEE 4CQEE 1HKEE 3SAEE 2S2EE 4KxEE 1KxEE 3KxEE 2KxEE 2KxEE 2S6H6EE 4EE 1EE 3EE 2EE 2C3EE 4C4EE 1C8EE 1STDTCTEE 3EE 2EE 4EE 1EE 1SJCJEE 3EE 2EE 4EE 1EE 1SQDQEE 3EE 2EE 4EE 1EE 1H7EE 3H8EE 3HACAEE 2EE 4EE 1EE 3EE 3D2C2EE 2EE 4EE 1EE 3EE 3C7EE 2S8EE 2H4EE 4H5EE 1H9EE 3HTEE 2H2EE 4KxEE 3KxEE 2KxEE 2D7EE 4D8EE 4D6C6EE 3EE 2EE 4EE 4H3EE 3DJEE 2SKEE 4KxEE 3KxEE 2DAEE 4S7EE 3HQEE 4DKEE 3KxEE 4KxEE 4D9EE
%00003%result% 01243
%00003%points% 12 18 13 7 10
%00004%mibun% 01243
%00004%seat% 20413
%00004%palyer_cards% S5S7S9H4H7HJHKH2C8CQCK SQSAS2H8HAD4D7D8C7CJJ3 S6H9HTHQD3DQDKD2C6C9 S3S8SKD6DTDJC5CTCAC2 S4STSJH3H5H6D5D9DAC3C4 
%00004%change_cards%  30CAC2EE 41DAEE 03S5H4EE 14D4EE
%00004%play%  2S6C6EE 0EE 4EE 1EE 3EE 2EE 2H9C9EE 0EE 4EE 1EE 3EE 2EE 2HQDQEE 0EE 4EE 1EE 3EE 2EE 2D3EE 0S7EE 4D9EE 1CJEE 3SKEE 2D2EE 0KxEE 4KxEE 1KxEE 3KxEE 2KxEE 1KxEE 1D7C7EE 3EE 2EE 0EE 4EE 1EE 1H8D8EE 1SAHADAEE 3EE 2EE 0EE 4EE 1EE 1SQEE 3KxEE 2DKEE 0CAEE 4KxEE 1S2EE 2KxEE 0KxEE 3S5C5EE 2EE 0EE 4EE 3EE 3DTCTEE 2EE 0EE 4EE 3EE 3S3EE 2HTEE 0HJEE 4KxEE 3KxEE 0HKEE 0H2EE 0KxEE 0H7EE 4STEE 3DJEE 0CQEE 4KxEE 3KxEE 0CKEE 0C2EE 0KxEE 0C8EE 0S9EE 4SJEE 3KxEE 4KxEE 4H3C3EE 3EE 4EE 4S4D4C4EE 3EE 4EE 4H5D5EE 3EE 4EE 4H6EE
%00004%result% 12043
%00004%points% 15 23 17 8 12
%00005%mibun% 20143
%00005%seat% 20413
%00005%palyer_cards% S4S7S9HTHJH2DTCTCQJ3 SJSQSKH6H7D3DJD2C6C8CA S6SAH3H5D4D5D7D9DAC5C7 S5S8STS2H8H9D6DQDKC3CK S3H4HQHKHAD8C4C9CJC2 
%00005%change_cards%  31S2DKEE 42C2EE 13H6D3EE 24H3EE
%00005%play%  3D3C3EE 2EE 0EE 4EE 1EE 3EE 3H6D6EE 2EE 0EE 4EE 1EE 3EE 3S8H8EE 3S5EE 2S6EE 0S7EE 4KxEE 1SJEE 3KxEE 2SAEE 0KxEE 1KxEE 2KxEE 0KxEE 0HTDTCTEE 4EE 1EE 3EE 2EE 0EE 0S4EE 4D8EE 4S3H3EE 1EE 3EE 2EE 0EE 4EE 4H4C4EE 1EE 3EE 2EE 0EE 4EE 4C9EE 1DJEE 3DQEE 2DAEE 0KxEE 4KxEE 1D2EE 3KxEE 2KxEE 1KxEE 1SKDKEE 3EE 2EE 0EE 4EE 1EE 1C6EE 3H9EE 2C2EE 0KxEE 4KxEE 1KxEE 3KxEE 2KxEE 2H5D5C5EE 0EE 4EE 1EE 3EE 2EE 2D7C7EE 0EE 4EE 1EE 3EE 2EE 2D4EE 0S9EE 4CJEE 1SQEE 3CKEE 2KxEE 0H2EE 4KxEE 1KxEE 3KxEE 0KxEE 0HJEE 4HQEE 1KxEE 3KxEE 2KxEE 0KxEE 4HKEE 4HAEE 1H7EE 3STEE 2KxEE 0CQEE 1CAEE 1KxEE 1C8EE 1S2EE
%00005%result% 43012
%00005%points% 18 25 18 12 17
%00006%mibun% 23410
%00006%seat% 41203
%00006%palyer_cards% S9STS2D3D4DTDQD2C5C7 S4S5H5H7HKD8D9DKC6CQCA SQSKH3H4H6HJHAD5D7DJDA S8H9H2D6C3C4C8CTCKC2 S3S6S7SJSAH8HTHQC9CJJ3 
%00006%change_cards%  24HADAEE 13CAEE 42S3S6EE 31C3EE
%00006%play%  0STDTEE 3EE 4EE 1EE 2EE 0EE 0S2D2EE 3EE 4EE 1EE 2EE 0EE 0D3EE 3C4EE 4S7EE 1D8EE 1S5H5EE 2EE 0EE 3EE 4EE 1EE 1HKDKEE 2EE 0EE 3EE 4EE 1EE 1C3EE 2H4EE 0C5EE 3D6EE 4H8EE 4SJCJEE 1EE 2EE 0EE 3EE 4EE 4SAHADAEE 1EE 2EE 0EE 3EE 4EE 4C9EE 1CQEE 2KxEE 0KxEE 3CKEE 4KxEE 1KxEE 3KxEE 4KxEE 4HTEE 1KxEE 2HJEE 0KxEE 3H2EE 4KxEE 2KxEE 3KxEE 3S8C8EE 3H9EE 4HQEE 1KxEE 2KxEE 0KxEE 3KxEE 1S4EE 2D5EE 0C7EE 3CTEE 1KxEE 2KxEE 0KxEE 3CAEE 3C2EE 1C6EE 2D7EE 0S9EE 1KxEE 2DJEE 0DQEE 2KxEE 0KxEE 0D4EE 1H7EE 2SQEE 1KxEE 2SKEE 2KxEE 2S3H3EE 1EE 2EE 2S6H6EE
%00006%result% 43021
%00006%points% 21 26 20 16 22
%00007%mibun% 24310
%00007%seat% 41203
%00007%palyer_cards% S5S6S8SKHJD3C3C7CJCQ S3S9SJH6H8HQHAD7D9DKC4 S4STSQS2H4H5HTD4D6D2CA SAH3H7H9D8DQC5C9CKJ3 S7HKH2D5DTDJDAC6C8CTC2 
%00007%change_cards%  14HADKEE 23S2EE 41D5C6EE 32H3EE
%00007%play%  0D3C3EE 3EE 4EE 1EE 2EE 0EE 0HJCJEE 3EE 4EE 1EE 2EE 0EE 0S5EE 3H7EE 4C8EE 4DTCTEE 1EE 2EE 0EE 3EE 4EE 4HKDKEE 1EE 2EE 0EE 3EE 4EE 4HADAEE 1EE 2EE 0EE 3EE 4EE 4H2C2EE 1EE 2EE 0EE 3EE 4EE 4S7EE 1H8EE 1H6C6EE 2EE 0EE 3EE 4EE 1EE 1S9D9EE 2EE 0EE 3EE 4EE 1EE 1S3EE 2S4EE 0S6EE 3SAEE 4KxEE 1KxEE 2KxEE 0KxEE 3S2EE 3KxEE 3KxEE 3H9C9EE 4EE 1EE 2EE 0EE 3EE 3C5EE 4DJEE 1HQEE 2CAEE 0KxEE 3KxEE 1KxEE 2D2EE 2KxEE 2H4D4EE 0EE 3EE 1EE 2EE 2STHTEE 0EE 3EE 1EE 2EE 2H3EE 0C7EE 3D8EE 3DQEE 1KxEE 2KxEE 0SKEE 3KxEE 0KxEE 0S8EE 0CQEE 3CKEE 1KxEE 2KxEE 1C4EE 2H5EE 1D7EE 2SQEE 1KxEE 2KxEE 2D6EE
%00007%result% 40321
%00007%points% 25 27 22 19 27
%00008%mibun% 14320
%00008%seat% 41203
%00008%palyer_cards% S8H5H9HTDJDQDKDAC6C9 S9SAS2H3HKH2D4D6C4C7CQ S3STSKH4H6D5D8DTC3CJJ3 S6S7SQHJHAD7D9D2C5CT S4S5SJH7H8HQD3C8CKCAC2 
%00008%change_cards%  14S2H2EE 20J3EE 41S4D3EE 02H5EE
%00008%play%  1H3D3EE 2EE 0EE 3EE 4EE 1EE 1S4D4C4EE 2EE 0EE 3EE 4EE 1EE 1D6EE 2D8EE 2S3C3EE 0EE 3EE 4EE 1EE 2EE 2H5D5EE 0EE 3EE 4EE 1EE 2EE 2STDTEE 0EE 3EE 4EE 1EE 2EE 2H4EE 0C6EE 3S7EE 4H8EE 4S2H2C2EE 1EE 2EE 0EE 3EE 4EE 4S5EE 1C7EE 2CJEE 0KxEE 3KxEE 4KxEE 1KxEE 2KxEE 0KxEE 0H9C9EE 3EE 4EE 1EE 2EE 0EE 0S8EE 0HTEE 3HJEE 4HQEE 1HKEE 2KxEE 0KxEE 3HAEE 4KxEE 1KxEE 3KxEE 3C5EE 4H7EE 1S9EE 2SKEE 0KxEE 3KxEE 4KxEE 1SAEE 2KxEE 1KxEE 1CQEE 2KxEE 0DKEE 3D2EE 4KxEE 0KxEE 3KxEE 3S6EE 4C8EE 4SJEE 2KxEE 0DQEE 3KxEE 4CKEE 0DAEE 4KxEE 0KxEE 0DJEE 3SQEE 4CAEE 2KxEE 3KxEE 2H6EE
%00008%result% 10423
%00008%points% 29 32 24 20 30
%00009%mibun% 10342
%00009%seat% 20413
%00009%palyer_cards% S9H5H7HAD4C4C6C8C9CQ S5S8STSAH4HJD3DJDKD2C3 S4H6H8HKD7D8DQDAC5CKCA S3S7SJSKHTHQH2DTCTCJC2 S6SQS2H3H9D5D6D9C7J3 
%00009%change_cards%  31H2C2EE 20DAEE 13D3C3EE 02D4EE
%00009%play%  3S3D3C3EE 2EE 0EE 4EE 1EE 3EE 3HTDTCTEE 2EE 0EE 4EE 1EE 3EE 3SJCJEE 2EE 0EE 4EE 1EE 3EE 3S7EE 2H8EE 2S4D4EE 0EE 4EE 1EE 3EE 2EE 2HKCKEE 0EE 4EE 1EE 3EE 2EE 2C5EE 0C6EE 4C7EE 1C2EE 3KxEE 2KxEE 0KxEE 4KxEE 1KxEE 4KxEE 4S6D6EE 1EE 3EE 2EE 0EE 4EE 4H9D9EE 1EE 3EE 2EE 0EE 4EE 4H3EE 1H4EE 3HQEE 2KxEE 0HAEE 4KxEE 1H2EE 3KxEE 0KxEE 1KxEE 1HJDJEE 3EE 2EE 0EE 4EE 1EE 1S5EE 3SKEE 2KxEE 0KxEE 4S2EE 1KxEE 4KxEE 4D5EE 1S8EE 1STEE 2DQEE 0DAEE 4KxEE 1D2EE 2KxEE 0KxEE 1KxEE 1DKEE 2CAEE 0KxEE 4KxEE 1KxEE 2KxEE 2H6EE 0H7EE 4KxEE 1KxEE 2KxEE 0KxEE 0S9C9EE 4EE 1EE 2EE 0EE 0C4EE 4SQEE 1SAEE 2KxEE 0KxEE 2D7EE 0C8EE 0H5EE 2D8EE
%00009%result% 34120
%00009%points% 30 35 26 25 34
%00010%mibun% 42301
%00010%seat% 20413
%00010%palyer_cards% SJH5H6H9HTD3D9DKC3CJCQ S5S8S9STH3HQHAH2D2C7 S3S4S7SAS2DTC5C8C9CTCK H8HKD5D6D7D8DJC4C6C2J3 S6SQSKH4H7HJD4DQDACA 
%00010%change_cards%  03DKCQEE 24S2EE 30D5C4EE 42H4EE
%00010%play%  0D3C3EE 4EE 1EE 3EE 2EE 0EE 0H5D5EE 4EE 1EE 3EE 2EE 0EE 0H9D9EE 4EE 1EE 3EE 2EE 0EE 0SJCJEE 4EE 1EE 3EE 2EE 0EE 0C4EE 4S6EE 1C7EE 3H8EE 3D6C6EE 2EE 0EE 4EE 1EE 3EE 3HKDKEE 2EE 0EE 4EE 1EE 3EE 3D7EE 2C8EE 2S4H4EE 0EE 4EE 1EE 3EE 2EE 2DTCTEE 0EE 4EE 1EE 3EE 2EE 2S3EE 0H6EE 4H7EE 1HQEE 3KxEE 2KxEE 0KxEE 4KxEE 1KxEE 3KxEE 3D8EE 3DJEE 2CKEE 0KxEE 4DAEE 1H2EE 3KxEE 2KxEE 4KxEE 1KxEE 1H3EE 3CQEE 2SAEE 0KxEE 4S2EE 1KxEE 3KxEE 2KxEE 4KxEE 4SQDQEE 1EE 3EE 2EE 0EE 4EE 4D4EE 1S5EE 3C2EE 2KxEE 0KxEE 4KxEE 1KxEE 2C5EE 0HTEE 4HJEE 1HAEE 2KxEE 4KxEE 1KxEE 1S8EE 1S9EE 2KxEE 4SKEE 1KxEE 4KxEE 4CAEE 1D2EE 2KxEE 1KxEE 1STEE
%00010%result% 30412
%00010%points% 34 37 27 30 37
%00011%mibun% 13402
%00011%seat% 20413
%00011%palyer_cards% S5SJSQSKS2HJD7C3C4C6C8 S4S7H8HQHKD3D5D6DKD2 S8SAH7H9H2D4DTC7C9CJCK STH5H6HTHAD8D9DJDACTCQ S3S6S9H3H4DQC5CAC2J3 
%00011%change_cards%  23SAH2EE 10D2EE 32H5H6EE 01C3EE
%00011%play%  1D3C3EE 3EE 2EE 0EE 4EE 1EE 1HKDKEE 3EE 2EE 0EE 4EE 1EE 1S4EE 3D8EE 3STHTCTEE 2EE 0EE 4EE 1EE 3EE 3SAHADAEE 2EE 0EE 4EE 1EE 3EE 3D9EE 2DTEE 0D2EE 4KxEE 1KxEE 3KxEE 2KxEE 0KxEE 4KxEE 4S3H3EE 1EE 3EE 2EE 0EE 4EE 4H4EE 1D5EE 3DJEE 2KxEE 0KxEE 4DQEE 1KxEE 3KxEE 4KxEE 4C5EE 1D6EE 3CQEE 2CKEE 0KxEE 4CAEE 1KxEE 3KxEE 2KxEE 4C2EE 4KxEE 4S6EE 1S7EE 3KxEE 2S8EE 2H7C7EE 0EE 4EE 1EE 3EE 2EE 2H9C9EE 0EE 4EE 1EE 3EE 2EE 2D4EE 0S5EE 4S9EE 1KxEE 3KxEE 2KxEE 0SJEE 0SQEE 0SKEE 0S2EE 0KxEE 0C4EE 1H8EE 1HQEE 3H2EE 2KxEE 0KxEE 2H5EE 0C6EE 2CJEE 0KxEE 2KxEE 2H6EE
%00011%result% 41320
%00011%points% 35 41 29 33 42
%00012%mibun% 41320
%00012%seat% 13420
%00012%palyer_cards% S5S7S8H5H8DJCTCQCKC2J3 S2H4H9D3D4DQD2C3C4C6 S3S6SJSQH6HQD5D6D9DKC9 S4SAH3HTHJHAH2D7D8CJ S9STSKH7HKDTDAC5C7C8CA 
%00012%change_cards%  04C2J3EE 21DKEE 40H7C5EE 12D3EE
%00012%play%  2S3D3EE 0EE 1EE 3EE 4EE 2EE 2S6H6D6EE 0EE 1EE 3EE 4EE 2EE 2D9C9EE 0EE 1EE 3EE 4EE 2EE 2SQHQEE 0EE 1EE 3EE 4EE 2EE 2D5EE 0S7EE 1H9EE 3HTEE 4HKEE 2KxEE 0KxEE 1KxEE 3HAEE 4KxEE 3KxEE 4KxEE 4STDTEE 2EE 0EE 1EE 3EE 4EE 4DACAEE 2EE 0EE 1EE 3EE 4EE 4C7EE 2SJEE 0CQEE 1DKEE 3SAEE 4C2EE 0KxEE 1KxEE 3KxEE 4KxEE 4C8EE 4S9EE 0CTEE 1DQEE 3H2EE 4KxEE 0KxEE 1KxEE 3KxEE 3HJCJEE 4EE 0EE 1EE 3EE 3H3EE 4SKEE 0KxEE 1S2EE 3KxEE 1KxEE 1H4D4C4EE 3EE 0EE 1EE 1C3EE 3S4EE 0S5EE 1KxEE 3KxEE 0S8EE 0H5C5EE 1EE 3EE 0EE 0H7EE 1D2EE 3KxEE 0KxEE 1KxEE 1C6EE 3D7EE 0H8EE 0DJEE 3KxEE 0CKEE
%00012%result% 24103
%00012%points% 37 44 34 34 46
%00013%mibun% 32041
%00013%seat% 13420
%00013%palyer_cards% S5SAS2H5H9H2D3D6C6C9CJ S3S7H6HQHKD8C4C7CQCKCA S6S8STSQH7HJHAD4DAD2C5 S4SJH4H8HTD7D9DQDKC8 S9SKH3D5DTDJC3CTC2J3 
%00013%change_cards%  32DQDKEE 04S2EE 23D4C5EE 40H3EE
%00013%play%  0H3D3EE 1EE 3EE 4EE 2EE 0EE 0S5H5EE 1EE 3EE 4EE 2EE 0EE 0D6C6EE 1EE 3EE 4EE 2EE 0EE 0H9C9EE 1EE 3EE 4EE 2EE 0EE 0CJEE 1HQEE 3KxEE 4SKEE 2HAEE 0H2EE 1KxEE 4KxEE 2KxEE 0KxEE 4KxEE 4DTCTEE 2EE 0EE 1EE 3EE 4EE 4S2C2EE 2EE 0EE 1EE 3EE 4EE 4C3EE 2S6EE 0SAEE 1KxEE 3KxEE 4KxEE 2KxEE 1S7C7EE 3EE 4EE 2EE 1EE 1HKCKEE 3EE 4EE 2EE 1EE 1S3EE 3S4EE 4S9EE 2STEE 1KxEE 3SJEE 4KxEE 2SQEE 3KxEE 2KxEE 2H7EE 1D8EE 1C4EE 3C5EE 4KxEE 2KxEE 1CQEE 3KxEE 1CAEE 1KxEE 1H6EE 3D7EE 4DJEE 2DQEE 3KxEE 4KxEE 2DKEE 2DAEE 2D2EE 2KxEE 2S8EE 2HJEE 3KxEE 4KxEE 3H4D4EE 4EE 3EE 3H8C8EE 3D9EE 4KxEE 3HTEE
%00013%result% 01234
%00013%points% 42 48 37 36 47
%00014%mibun% 01234
%00014%seat% 13420
%00014%palyer_cards% S6S9SQSAS2H4H6H7HAD4C2 S5S7SKHTHKD3DQDAC5C8CA S8SJH5H9H2C3C4CTCJCK S3S4H3HJD5D8D9DJD2C6C9 STH8HQD6D7DTDKC7CQJ3 
%00014%change_cards%  40DKJ3EE 31D2EE 04H4D4EE 13D3EE
%00014%play%  3S3H3D3EE 4EE 2EE 0EE 1EE 3EE 3D9C9EE 4EE 2EE 0EE 1EE 3EE 3HJDJEE 4EE 2EE 0EE 1EE 3EE 3S4EE 4D6EE 2S8EE 2SJCJEE 0EE 1EE 3EE 4EE 2EE 2C3EE 0S6EE 1S7EE 3KxEE 4STEE 2KxEE 0SQEE 1SKEE 4KxEE 0SAEE 1KxEE 0S2EE 0KxEE 0KxEE 0H6EE 1C8EE 1S5C5EE 3EE 4EE 2EE 0EE 1EE 1DACAEE 3EE 4EE 2EE 0EE 1EE 1HTEE 3KxEE 4HQEE 2H2EE 0KxEE 1KxEE 4KxEE 2KxEE 2C4EE 0H7EE 1DQEE 3KxEE 4KxEE 2CKEE 0HAEE 1D2EE 2KxEE 0KxEE 1KxEE 1HKEE 3KxEE 4KxEE 2KxEE 0C2EE 0KxEE 0S9EE 3KxEE 4DTEE 2KxEE 0DKEE 4KxEE 3D5EE 4D7EE 2KxEE 3D8EE 3C6EE 4C7EE 2CTEE 4CQEE 2KxEE 4KxEE 4H4D4EE 2EE 4EE 4H8EE
%00014%result% 10342
%00014%points% 46 53 38 39 49
%00015%mibun% 10423
%00015%seat% 01234
%00015%palyer_cards% S4S5S7S8SQH7HTDKCQCK S6S9SKH5D3D9C3C4CTC2J3 S3STSAS2H9H2D4DAD2C6CA SJH6HQD7D8DTDJC7C8C9CJ H3H4H8HJHKHAD5D6DQC5 
%00015%change_cards%  21S2H2EE 40HAEE 12D3C3EE 04S4EE
%00015%play%  2S3D3C3EE 3EE 4EE 0EE 1EE 2EE 2SADACAEE 3EE 4EE 0EE 1EE 2EE 2D4EE 3H6EE 4H8EE 4S4H4EE 0EE 1EE 2EE 3EE 4EE 4D5C5EE 0EE 1EE 2EE 3EE 4EE 4H3EE 0S5EE 1S6EE 2STEE 3SJEE 4KxEE 0SQEE 1SKEE 2KxEE 3KxEE 0KxEE 1S2EE 1KxEE 1KxEE 1S9D9EE 2EE 3EE 4EE 0EE 1EE 1H2C2EE 2EE 3EE 4EE 0EE 1EE 1C4EE 2C6EE 3C7EE 4KxEE 0CQEE 1KxEE 2KxEE 3KxEE 0CKEE 0KxEE 0S7H7EE 1EE 2EE 3EE 4EE 0EE 0S8EE 0HTEE 1KxEE 2D2EE 3KxEE 4KxEE 0KxEE 2KxEE 2H9EE 3DTEE 4HJEE 0DKEE 1KxEE 3KxEE 4KxEE 0HAEE 1H5EE 3D7EE 4DQEE 1KxEE 3KxEE 4KxEE 4D6EE 1CTEE 3DJEE 4HKEE
%00015%result% 20143
%00015%points% 50 56 43 40 51
%00016%mibun% 12043
%00016%seat% 01234
%00016%palyer_cards% S5S9SKSAH3HKD3DAC4C7 S6S7H8H2D8DTDKD2CQJ3 S4STS2H4H6HJHAD4D5DQC6 SJSQH7H9D6C3C5C8C9CJC2 S3S8H5HTHQD7D9DJCTCKCA 
%00016%change_cards%  32SQC2EE 40CAEE 23S4H4EE 04H3EE
%00016%play%  0SKHKEE 1EE 2EE 3EE 4EE 0EE 0SADACAEE 1EE 2EE 3EE 4EE 0EE 0D3EE 1S6EE 2STEE 3SJEE 4KxEE 0KxEE 1KxEE 2KxEE 3KxEE 1KxEE 1H8D8EE 1H2D2EE 2EE 3EE 4EE 0EE 1EE 1S7EE 2HJEE 3KxEE 4HQEE 0KxEE 1KxEE 2HAEE 4KxEE 2KxEE 2H6C6EE 3EE 4EE 0EE 1EE 2EE 2SQDQEE 3EE 4EE 0EE 1EE 2EE 2S2C2EE 3EE 4EE 0EE 1EE 2EE 2D4EE 3C5EE 4D7EE 0S9EE 1DTEE 2KxEE 3CJEE 4CKEE 0KxEE 1KxEE 3KxEE 4KxEE 4S3H3EE 0EE 1EE 2EE 3EE 4EE 4HTCTEE 0EE 1EE 2EE 3EE 4EE 4H5EE 0C7EE 1CQEE 2KxEE 3KxEE 4KxEE 0KxEE 1KxEE 1DKEE 2KxEE 3KxEE 4KxEE 0KxEE 2D5EE 3D6EE 4D9EE 0KxEE 3KxEE 4DJEE 4KxEE 4S8EE 0C4EE 3H7EE 0KxEE 3C8EE 3S4H4EE 0EE 3EE 3H9C9EE 0EE 3EE 3C3EE
%00016%result% 12430
%00016%points% 51 61 47 42 54
%00017%mibun% 40132
%00017%seat% 01234
%00017%palyer_cards% S6S9STH6H8H2D3DTDQCJ S4S5S8SAS2HQD4DJDAC4C6 S3S7SKH9HJD5D8C9CTC2J3 SJH4H7HTHAD6D7C3C5CQCA SQH3H5HKD9DKD2C7C8CK 
%00017%change_cards%  01H2DQEE 32HAEE 10S4D4EE 23S3EE
%00017%play%  0S4D4EE 1EE 2EE 3EE 4EE 0EE 0S6H6EE 1EE 2EE 3EE 4EE 0EE 0STDTEE 1EE 2EE 3EE 4EE 0EE 0D3EE 1C4EE 2D5EE 3D6EE 4D9EE 0KxEE 1DJEE 2KxEE 3KxEE 4KxEE 1KxEE 2KxEE 2H9C9EE 3EE 4EE 0EE 1EE 2EE 2S7EE 3HTEE 4SQEE 0KxEE 1SAEE 2KxEE 3KxEE 4KxEE 1S2EE 1KxEE 1HQDQEE 2EE 3EE 4EE 0EE 1EE 1S5EE 2D8EE 2CTEE 3SJEE 4HKEE 0KxEE 1DAEE 2C2EE 3KxEE 4KxEE 1KxEE 2KxEE 2HJEE 3CQEE 4DKEE 0KxEE 1H2EE 2KxEE 3KxEE 4KxEE 1KxEE 1C6EE 2SKEE 3CAEE 4D2EE 0KxEE 1KxEE 2KxEE 3KxEE 4KxEE 4H3EE 0H8EE 0S9EE 1KxEE 2HAEE 3KxEE 4KxEE 0KxEE 3S3C3EE 4EE 0EE 1EE 3EE 3H7D7EE 4EE 0EE 1EE 3EE 3H4EE 4H5EE 0KxEE 1KxEE 3KxEE 4KxEE 4C7EE 0CJEE 1KxEE 3KxEE 4CKEE 4KxEE 4C8EE 1S8EE
%00017%result% 20413
%00017%points% 55 63 52 43 57
%00018%mibun% 13042
%00018%seat% 20134
%00018%palyer_cards% S7H3HQD6D7D9DKC3C5C9J3 S3S4STSJH4H7D3DTDAC6C7 SAH5H8HTHJHKHAH2D5CTCQ S5S6S8S9SQH6H9D8DQCA SKS2D4DJD2C4C8CJCKC2 
%00018%change_cards%  32SQCAEE 10DAEE 23H5D5EE 01H3EE
%00018%play%  1S3H3D3EE 3EE 4EE 2EE 0EE 1EE 1S4H4EE 3EE 4EE 2EE 0EE 1EE 1H7C7EE 3EE 4EE 2EE 0EE 1EE 1STDTEE 3EE 4EE 2EE 0EE 1EE 1C6EE 3S8EE 3S5H5D5EE 4EE 2EE 0EE 1EE 3EE 3S6H6EE 4EE 2EE 0EE 1EE 3EE 3S9H9EE 4EE 2EE 0EE 1EE 3EE 3D8EE 3DQEE 4SKEE 2SAEE 0KxEE 1KxEE 4KxEE 2KxEE 0KxEE 0S7D7EE 1EE 4EE 2EE 0EE 0D9C9EE 1EE 4EE 2EE 0EE 0C3EE 1SJEE 4CKEE 2HAEE 0KxEE 4S2EE 2KxEE 4KxEE 4D4C4EE 2EE 0EE 4EE 4DJCJEE 2EE 0EE 4EE 4D2C2EE 2EE 0EE 4EE 4C8EE 2HTCTEE 0EE 2EE 2SQCQEE 0EE 2EE 2H8EE 2HJEE 0HQEE 2HKEE 0KxEE 2H2EE 2KxEE 2CAEE
%00018%result% 31420
%00018%points% 56 67 54 48 60
%00019%mibun% 41302
%00019%seat% 20134
%00019%palyer_cards% S7H3H5H6D6DTDQD2C9CA SJSKHQHAD3D8DKC4C7C2 S8H7HJHKH2D9DJCTCJCQJ3 S4S5S9STSAH8H9D7C5C8CK S3S6SQS2H4HTD4D5DAC3C6 
%00019%change_cards%  03D2CAEE 21J3EE 30S4S5EE 12D3EE
%00019%play%  2HJDJCJEE 0EE 1EE 3EE 4EE 2EE 2D3EE 0S4EE 1C7EE 3H8EE 3S9H9EE 4EE 2EE 0EE 1EE 3EE 3SACAEE 4EE 2EE 0EE 1EE 3EE 3C5EE 4S6EE 2H7EE 0C9EE 1SJEE 3CKEE 4DAEE 2H2EE 0KxEE 1KxEE 3KxEE 4KxEE 2KxEE 1KxEE 1SKDKEE 3EE 4EE 2EE 0EE 1EE 1C4EE 3D7EE 4HTEE 2CQEE 0KxEE 1HAEE 3D2EE 4KxEE 2KxEE 1KxEE 3KxEE 3C8EE 3STEE 4SQEE 2KxEE 0KxEE 1KxEE 4S2EE 4KxEE 4S3C3EE 2EE 0EE 1EE 4EE 4H4D4EE 2EE 0EE 1EE 4EE 4D5EE 2S8EE 2D9EE 0DTEE 1KxEE 4KxEE 2KxEE 0DQEE 0KxEE 0S5H5EE 1EE 4EE 2EE 0EE 0H6D6EE 1EE 4EE 2EE 0EE 0H3EE 1D8EE 1HQEE 4KxEE 2HKEE 0KxEE 1KxEE 2KxEE 2CTEE 0KxEE 1C2EE 4KxEE 4C6EE
%00019%result% 32140
%00019%points% 57 70 58 53 62
%00020%mibun% 42103
%00020%seat% 20134
%00020%palyer_cards% S4S5S6SKH3H4D5DKDACJ S7HQD6DTDQC3C4C7CTCA S9SJSAH5H6D8DJC5C6C9J3 S3S8STSQHTH2D4D7D9C8C2 S2H7H8H9HJHKHAD3D2CQCK 
%00020%change_cards%  03SKDAEE 42S2EE 30S3D4EE 24H5EE
%00020%play%  4HKCKEE 2EE 0EE 1EE 3EE 4EE 4D3EE 2C5EE 0S6EE 1S7EE 3S8EE 3STHTEE 4EE 2EE 0EE 1EE 3EE 3H2C2EE 4EE 2EE 0EE 1EE 3EE 3D7EE 4H8EE 4H5EE 2H6EE 0KxEE 1HQEE 3KxEE 4HAEE 2KxEE 1KxEE 4KxEE 2KxEE 2S9C9EE 0EE 1EE 3EE 4EE 2EE 2SJDJEE 0EE 1EE 3EE 4EE 2EE 2C6EE 0CJEE 1CAEE 3KxEE 4KxEE 2KxEE 0KxEE 1KxEE 1DTCTEE 3EE 4EE 2EE 0EE 1EE 1C3EE 3C8EE 3D9EE 4HJEE 2SAEE 0KxEE 1KxEE 3KxEE 4D2EE 2KxEE 4KxEE 4H7EE 2D8EE 2S2EE 0KxEE 1KxEE 3KxEE 4KxEE 0S3H3EE 1EE 3EE 4EE 0EE 0S4H4D4EE 1EE 3EE 4EE 0EE 0S5D5EE 1EE 3EE 4EE 0EE 0DKEE 1KxEE 3DAEE 4KxEE 3KxEE 3SQEE 4KxEE 1KxEE 3SKEE 4H9EE 1DQEE 4KxEE 1KxEE 1C4EE 4CQEE
%00020%result% 20341
%00020%points% 61 71 63 56 64
%00021%mibun% 14023
%00021%seat% 31042
%00021%palyer_cards% SAH7HJD4D5D6D8DAC4C5 S3S8S9STH3H4HQHAC3C8C9 S6S2H5H6HTD3D7DKC6CKCA S4S7SQSKH8H9DJDQD2CJCQ S5SJHKH2D9DTC7CTC2J3 
%00021%change_cards%  12HQHAEE 40J3EE 21H5D3EE 04D4EE
%00021%play%  1S3H3D3C3EE 0EE 4EE 2EE 3EE 1EE 1EE 0EE 4EE 2EE 3EE 1EE 0EE 4EE 2EE 3EE 1EE 0EE 4EE 2EE 3EE
%00021%result% 12034
%00021%points% 64 76 67 58 65
%00022%mibun% 20134
%00022%seat% 31042
%00022%palyer_cards% SQH6H9HAH2D8C5C8CTCKC2 S8S9SKH3HJD5D6DKD2C6J3 SAS2H4H7HQHKD7DAC3CA S3S6S7STSJD9DJDQC7C9 S4S5H5H8HTD3D4DTC4CJCQ 
%00022%change_cards%  41CJCQEE 32DQEE 14H3D5EE 23C3EE
%00022%play%  4H3D3EE 2EE 3EE 1EE 0EE 4EE 4S4D4C4EE 2EE 3EE 1EE 0EE 4EE 4S5H5D5EE 2EE 3EE 1EE 0EE 4EE 4HTDTEE 2EE 3EE 1EE 0EE 4EE 4H8EE 2H7D7EE 3EE 1EE 0EE 2EE 2HQDQEE 3EE 1EE 0EE 2EE 2SADACAEE 3EE 1EE 0EE 2EE 2H4EE 3S6EE 1S8EE 1D6C6EE 0EE 2EE 3EE 1EE 1HJCJEE 0EE 2EE 3EE 1EE 1SKDKEE 0EE 2EE 3EE 1EE 1S9EE 0CTEE 2HKEE 3KxEE 1D2EE 0KxEE 2KxEE 1KxEE 1KxEE 1CQEE 0CKEE 2KxEE 3KxEE 0C2EE 0KxEE 0D8C8EE 0C5EE 2S2EE 3KxEE 0KxEE 3S3C3EE 0EE 3EE 3S7C7EE 0EE 3EE 3D9C9EE 0EE 3EE 3SJDJEE 0EE 3EE 3STEE
%00022%result% 41230
%00022%points% 65 80 70 60 70
%00023%mibun% 41230
%00023%seat% 31042
%00023%palyer_cards% S3STSKH8H9DJDQC6CJC2 HQHKHAH2D5C4C7CTCKCA S8S9H5H6HJD6D7DAC3C8C9 S4S5SJSAS2H7D8DKD2C5J3 S6S7SQH3H4HTD3D4D9DTCQ 
%00023%change_cards%  04SKC2EE 31J3EE 40H3D3EE 13C4EE
%00023%play%  0S3H3D3EE 4EE 2EE 3EE 1EE 0EE 0DJCJEE 4EE 2EE 3EE 1EE 0EE 0C6EE 4S7EE 2S8EE 2H6D6EE 3EE 1EE 0EE 4EE 2EE 2S9C9EE 3EE 1EE 0EE 4EE 2EE 2C3EE 3S4EE 1D5EE 0H8EE 0H9EE 4HTEE 2HJEE 3KxEE 1HQEE 0KxEE 4KxEE 2KxEE 1HKEE 1HAEE 1H2EE 1KxEE 1KxEE 1C7EE 0STEE 4SQEE 2KxEE 3SAEE 1KxEE 0KxEE 4KxEE 3S2EE 3KxEE 3S5C5EE 1EE 0EE 4EE 2EE 3EE 3C4EE 1CTEE 0KxEE 4CQEE 2KxEE 3KxEE 1CKEE 4C2EE 1KxEE 4KxEE 4H4D4EE 2EE 3EE 1EE 0EE 4EE 4S6EE 2D7EE 3D8EE 3H7EE 1CAEE 0KxEE 4KxEE 2KxEE 3D2EE 3KxEE 3SJEE 0DQEE 4SKEE 2DAEE 3KxEE 4KxEE 2KxEE 2H5EE 3DKEE 4KxEE 2KxEE 4D9EE 2KxEE 4DTEE
%00023%result% 10342
%00023%points% 69 85 71 63 72
%00024%mibun% 10423
%00024%seat% 10342
%00024%palyer_cards% S7SKH8D5D6D7D8C3C7C8CK S4S8H3H6HJHKD4DJDACAJ3 S3S5SAH5D9DTC4C5C6CJ S6S2H4H9HTH2D3DQDKC9CT S9STSJSQH7HQHAD2CQC2 
%00024%change_cards%  21SACJEE 40D2EE 12S4H3EE 04C3EE
%00024%play%  3H9C9EE 4EE 2EE 1EE 0EE 3EE 3HTCTEE 4EE 2EE 1EE 0EE 3EE 3S2H2EE 4EE 2EE 1EE 0EE 3EE 3D3EE 4H7EE 2D9EE 1HJEE 0SKEE 3KxEE 4HAEE 2KxEE 1KxEE 0KxEE 4KxEE 1KxEE 1DJCJEE 0EE 3EE 4EE 2EE 1EE 1SADACAEE 0EE 3EE 4EE 2EE 1EE 1D4EE 0D5EE 3DQEE 4KxEE 2KxEE 1KxEE 0D2EE 3KxEE 0KxEE 0S7D7C7EE 3EE 4EE 2EE 1EE 0EE 0H8D8C8EE 0D6EE 3DKEE 4KxEE 2KxEE 1KxEE 0KxEE 3KxEE 3H4EE 4S9EE 2DTEE 1HKEE 0KxEE 3KxEE 4C2EE 2KxEE 1KxEE 4KxEE 4SQHQCQEE 2EE 1EE 0EE 3EE 4EE 4C3EE 2S4EE 1H6EE 0CKEE 3KxEE 4KxEE 2KxEE 1KxEE 3S6EE 4STEE 2KxEE 1KxEE 4SJEE 2S3H3EE 1EE 2EE 2S5H5C5EE 1EE 2EE 2C4EE 1S8EE
%00024%result% 03412
%00024%points% 74 87 72 67 75
%00025%mibun% 03412
%00025%seat% 10342
%00025%palyer_cards% SKHKHAH2DJDAC7CQCKCAJ3 S7STSJH3H5H6HTD3D9DT S6S9SAH7H9D5DKD2C9C2 H4H8HQD4D6D8C3C5C8CTCJ S3S4S5S8SQS2HJD7DQC4C6 
%00025%change_cards%  20D2C2EE 13SJEE 02DJC7EE 31C3EE
%00025%play%  1H3D3C3EE 0EE 3EE 4EE 2EE 1EE 1STHTDTEE 0EE 3EE 4EE 2EE 1EE 1H5EE 0CQEE 3KxEE 4S2EE 2KxEE 1KxEE 0KxEE 4KxEE 0KxEE 0SKHKCKEE 3EE 4EE 2EE 1EE 0EE 0HADACAEE 3EE 4EE 2EE 1EE 0EE 0H2D2C2EE 3EE 4EE 2EE 1EE 3H4D4EE 4EE 2EE 1EE 3EE 3H8D8C8EE 3SJCJEE 4EE 2EE 1EE 3EE 3C5EE 4C6EE 2C7EE 1KxEE 3CTEE 4KxEE 2KxEE 3KxEE 3D6EE 4D7EE 2DJEE 1KxEE 3KxEE 4DQEE 2DKEE 4KxEE 2KxEE 2S9H9C9EE 1EE 3EE 4EE 2EE 2D5EE 1H6EE 3HQEE 4KxEE 2KxEE 1KxEE 4S4C4EE 2EE 1EE 4EE 4S3EE 2S6EE 1S7EE 4S8EE 4S5EE 2H7EE 1D9EE 4HJEE 2SAEE
%00025%result% 03124
%00025%points% 79 90 74 71 76
%00026%mibun% 02314
%00026%seat% 10342
%00026%palyer_cards% S3S6H3H6HKHADQDKC3C4CJ S4SKS2H7H9H2D3DTDJC2 S7S8SAH5H8D5D6D8C6J3 STSQHQD4D9DAD2C9CTCQCK S5S9SJH4HTHJD7C5C7C8CA 
%00026%change_cards%  40SJCAEE 23J3EE 04S3H3EE 32D4EE
%00026%play%  1S2H2C2EE 0EE 3EE 4EE 2EE 1EE 1D3EE 0C4EE 3D9EE 4HTEE 2SAEE 1KxEE 0KxEE 3D2EE 4KxEE 2KxEE 3KxEE 3KxEE 3STCTEE 4EE 2EE 1EE 0EE 3EE 3SQHQCQEE 4EE 2EE 1EE 0EE 3EE 3C9EE 4HJEE 2KxEE 1SKEE 0HAEE 3KxEE 4KxEE 1KxEE 0KxEE 0S6H6EE 3EE 4EE 2EE 1EE 0EE 0SJCJEE 3EE 4EE 2EE 1EE 0EE 0HKDKEE 3EE 4EE 2EE 1EE 0EE 0C3EE 3CKEE 4KxEE 2KxEE 1KxEE 0CAEE 3KxEE 0KxEE 0DQEE 3DAEE 4KxEE 2KxEE 1KxEE 4S3H3EE 2EE 1EE 4EE 4S5C5EE 2EE 1EE 4EE 4D7C7EE 2EE 1EE 4EE 4H4EE 2H5EE 1H7EE 4KxEE 2H8EE 2D6C6EE 1EE 4EE 2EE 2S8D8EE 2D4EE 1H9EE 4KxEE 2KxEE 1DTEE 1DJEE 1KxEE 1S4EE 4C8EE 4S9EE
%00026%result% 03142
%00026%points% 84 93 75 75 78
%00027%mibun% 02413
%00027%seat% 04231
%00027%palyer_cards% S4S7H5H8D3D4D7C5C8CQCK S9STSKSAH3H6H7D8DQCA H9HTHQHAH2DJDAC9CTCJJ3 S8SJH4HJD5D6D9DKC4C2 S3S5S6SQS2HKDTD2C3C6C7 
%00027%change_cards%  20H2J3EE 43S2EE 02S4D3EE 34H4EE
%00027%play%  2H9C9EE 3EE 1EE 0EE 4EE 2EE 2HTCTEE 3EE 1EE 0EE 4EE 2EE 2DJCJEE 3EE 1EE 0EE 4EE 2EE 2HADAEE 3EE 1EE 0EE 4EE 2EE 2D3EE 3C4EE 1H6EE 0S7EE 4DTEE 2HQEE 3DKEE 1SAEE 0H2EE 4KxEE 2KxEE 3KxEE 1KxEE 0KxEE 0KxEE 0H5C5EE 4EE 2EE 3EE 1EE 0EE 0H8C8EE 0D4EE 4S5EE 2KxEE 3D6EE 1H7EE 0CQEE 4HKEE 3S2EE 1KxEE 0KxEE 4KxEE 3KxEE 3SJHJEE 1EE 0EE 4EE 2EE 3EE 3D5EE 1D8EE 1H3EE 0D7EE 4SQEE 2KxEE 3C2EE 1KxEE 0KxEE 4KxEE 3KxEE 3S8EE 3D9EE 1STEE 0CKEE 4D2EE 2KxEE 1KxEE 4KxEE 4S3C3EE 2EE 1EE 4EE 4S6C6EE 2EE 1EE 4EE 4H4EE 2KxEE 1S9EE 4KxEE 1DQEE 1SKEE 1CAEE 4C7EE
%00027%result% 30142
%00027%points% 88 96 76 80 80
%00028%mibun% 12403
%00028%seat% 04231
%00028%palyer_cards% S4S9STH4H8HKHAH2D6C3CA S8SQSKD4D5DTDQDAC8C9CT S3SAHQD7D8D2C4C5C7CJ S5S2H3H6H9HJD9DJDKCQC2 S6S7SJH5H7HTD3C6CKJ3 
%00028%change_cards%  23SAD2EE 40J3EE 32S5H3EE 04C3EE
%00028%play%  4D3C3EE 2EE 3EE 1EE 0EE 4EE 4S6C6EE 2EE 3EE 1EE 0EE 4EE 4S7H7EE 2EE 3EE 1EE 0EE 4EE 4H5EE 2D7EE 3H9EE 1DTEE 0HKEE 4KxEE 2KxEE 3SAEE 1KxEE 0H2EE 3KxEE 0KxEE 0KxEE 0S4H4EE 4EE 2EE 3EE 1EE 0EE 0HACAEE 4EE 2EE 3EE 1EE 0EE 0D6EE 4HTEE 2CJEE 3CQEE 1KxEE 0KxEE 4CKEE 2KxEE 3C2EE 4KxEE 3KxEE 3HJDJEE 1EE 0EE 4EE 2EE 3EE 3S2D2EE 1EE 0EE 4EE 2EE 3EE 3H6EE 1S8EE 1SQDQEE 0EE 4EE 2EE 3EE 1EE 1D4EE 0H8EE 0S9EE 4SJEE 2KxEE 3KxEE 1SKEE 0KxEE 1KxEE 1D5EE 0STEE 2HQEE 3DKEE 1DAEE 2KxEE 3KxEE 1KxEE 1C8EE 1C9EE 2KxEE 3KxEE 1CTEE 2S3H3EE 3EE 2EE 2S5C5EE 3EE 2EE 2C4EE 3D9EE
%00028%result% 40132
%00028%points% 92 99 77 82 85
%00029%mibun% 12430
%00029%seat% 04231
%00029%palyer_cards% S3S6SAS2H3HKHAD9C3CQ S8STSKH5H7H9HTDJDAC8 S5H2D8DTC7C9CTCJCKCAJ3 S7S9H4H6HJD3DQD2C4C5C2 S4SJSQH8HQD4D5D6D7DKC6 
%00029%change_cards%  24H2J3EE 30D2EE 42S4D4EE 03S3EE
%00029%play%  3S3D3EE 1EE 0EE 4EE 2EE 3EE 3H4C4EE 1EE 0EE 4EE 2EE 3EE 3C5EE 1H7EE 0D9EE 4SJEE 2CKEE 3C2EE 1KxEE 0KxEE 4KxEE 2KxEE 3KxEE 4KxEE 4D6C6EE 2EE 3EE 1EE 0EE 4EE 4SQHQEE 2EE 3EE 1EE 0EE 4EE 4D5EE 2C7EE 3S9EE 1STEE 0SAEE 4KxEE 2KxEE 3KxEE 1KxEE 0S2EE 0KxEE 0H3C3EE 4EE 2EE 3EE 1EE 0EE 0S6EE 4D7EE 2D8EE 2S4D4EE 3EE 1EE 0EE 4EE 2EE 2DTCTEE 3EE 1EE 0EE 4EE 2EE 2S5EE 3H6EE 1S8EE 1H5EE 0CQEE 4DKEE 2CAEE 3KxEE 1KxEE 0D2EE 4KxEE 2KxEE 0KxEE 0HKEE 4H2EE 2KxEE 3KxEE 1KxEE 0KxEE 4KxEE 4H8EE 2C9EE 3HJEE 1SKEE 0HAEE 2KxEE 3KxEE 1KxEE 2CJEE 3DQEE 1DAEE 3KxEE 1KxEE 1C8EE 1H9EE 3KxEE 1HTEE 1KxEE 1DJEE
%00029%result% 40213
%00029%points% 96 101 80 83 90
%00030%mibun% 13240
%00030%seat% 12403
%00030%palyer_cards% S6SKH5H7H9HKD7DQC4C5C2 S9SAS2D3DTDKDAC8CTCA S7SJSQH2D5D6D9D2C6CQ S5S8STH3H4HTHJHAC9CKJ3 S3S4H6H8HQD4D8DJC3C7CJ 
%00030%change_cards%  34HAJ3EE 10S2EE 43S3C3EE 01C4EE
%00030%play%  1DTCTEE 2EE 4EE 0EE 3EE 1EE 1SADACAEE 2EE 4EE 0EE 3EE 1EE 1D3EE 2D5EE 4D8EE 4S4D4EE 0EE 3EE 1EE 2EE 4EE 4DJCJEE 0EE 3EE 1EE 2EE 4EE 4H6EE 0H7EE 3HTEE 1KxEE 2H2EE 4KxEE 0KxEE 3KxEE 2KxEE 4KxEE 4C7EE 0H9EE 3STEE 1DKEE 2D2EE 4KxEE 0KxEE 3KxEE 1KxEE 2KxEE 2D6C6EE 4EE 0EE 3EE 1EE 2EE 2SQCQEE 4EE 0EE 3EE 1EE 2EE 2S7EE 4H8EE 4HQEE 0SKEE 3KxEE 1KxEE 2KxEE 4HAEE 0S2EE 0KxEE 0H5C5EE 3EE 1EE 2EE 0EE 0S6EE 3S8EE 3S3H3C3EE 1EE 2EE 0EE 3EE 3H4EE 1C8EE 1C4EE 2D9EE 0DQEE 3KxEE 1KxEE 2KxEE 0KxEE 0D7EE 3C9EE 1KxEE 2SJEE 0HKEE 3KxEE 0C2EE 3S5EE 1S9EE
%00030%result% 42013
%00030%points% 99 103 84 84 95
%00031%mibun% 23140
%00031%seat% 12403
%00031%palyer_cards% S9H9D8DKD2C3C5C7CJC2J3 S4S5S8H5D5DTDQDAC8CA S3S6S7SAS2H6HTC4CTCK SKH3HQHKHAD3D6D9DJC9CQ STSJSQH4H7H8HJH2D4D7C6 
%00031%change_cards%  34SKHAEE 12DAEE 43H4D4EE 21S3EE
%00031%play%  3H3D3EE 1EE 2EE 4EE 0EE 3EE 3H4D4EE 1EE 2EE 4EE 0EE 3EE 3D9C9EE 1EE 2EE 4EE 0EE 3EE 3HQCQEE 1EE 2EE 4EE 0EE 3EE 3D6EE 1S8EE 1S5H5D5EE 2EE 4EE 0EE 3EE 1EE 1S3EE 2C4EE 4C6EE 0C7EE 3KxEE 1C8EE 1S4EE 2S6EE 4STEE 0KxEE 3KxEE 1KxEE 2KxEE 4KxEE 0KxEE 0S9H9EE 3EE 1EE 2EE 4EE 0EE 0D2C2EE 3EE 1EE 2EE 4EE 0EE 0C3EE 3DJEE 1DQEE 2DAEE 4KxEE 0KxEE 3KxEE 1KxEE 2KxEE 2HTCTEE 4EE 0EE 3EE 1EE 2EE 2H6EE 4H7EE 0KxEE 3HKEE 1KxEE 2KxEE 4HAEE 4H2EE 4KxEE 4SJHJEE 0EE 1EE 2EE 4EE 4D7EE 0D8EE 0C5EE 1DTEE 2CKEE 4KxEE 0KxEE 1CAEE 2KxEE 2S7EE 4H8EE 4SQEE 0DKEE 2SAEE 4KxEE 0KxEE 2S2EE 4SKEE
%00031%result% 31240
%00031%points% 100 107 87 89 97
%00032%mibun% 41203
%00032%seat% 12403
%00032%palyer_cards% SJH7H9HKHAH2D3DKC4C5 S6S8SAHTD7D8C8C9CTCJC2 S3S7H5H8HJDQD2C6C7CKCA S5S9SQSKS2HQD9DTDAC3CQ S4STH3H4H6D4D5D6DJJ3 
%00032%change_cards%  03HAH2EE 41J3EE 30S5C3EE 14S6EE
%00032%play%  0D3C3EE 3EE 1EE 2EE 4EE 0EE 0S5C5EE 3EE 1EE 2EE 4EE 0EE 0HKDKEE 3EE 1EE 2EE 4EE 0EE 0C4EE 3S9EE 1HTEE 2HJEE 4KxEE 0KxEE 3HQEE 1KxEE 2KxEE 3KxEE 1KxEE 1S8D8C8EE 1D7EE 2H8EE 2S7C7EE 4EE 0EE 3EE 1EE 2EE 2S3EE 4S4EE 0SJEE 3SQEE 1SAEE 2KxEE 4KxEE 0KxEE 3S2EE 1KxEE 3KxEE 3HADAEE 1EE 2EE 4EE 0EE 3EE 3D9EE 1CTEE 2DQEE 4KxEE 0KxEE 3SKEE 1C2EE 2KxEE 3KxEE 1KxEE 1C9EE 2CKEE 4KxEE 0KxEE 3KxEE 1KxEE 2CAEE 2KxEE 2H5EE 4S6EE 0H7EE 3DTEE 1CJEE 2D2EE 4KxEE 0KxEE 3KxEE 2KxEE 2C6EE 4STEE 0KxEE 3CQEE 4KxEE 3H2EE 4H4D4EE 0EE 4EE 4H6D6EE 0EE 4EE 4H3EE 0H9EE
%00032%result% 12304
%00032%points% 102 112 91 92 98
%00033%mibun% 30124
%00033%seat% 03421
%00033%palyer_cards% S4S8S2H3HQD7D8C3C4C7C8 SJSQH4H8HKDTDKDAC5C2J3 S9SAHJH2D4D5D9DJCTCQ S3S5S7STH5HTHADQC6C9CJ S6SKH6H7H9D3D6D2CKCA 
%00033%change_cards%  41D2CAEE 02S2EE 14H4C5EE 20D4EE
%00033%play%  4S6H6D6EE 2EE 1EE 0EE 3EE 4EE 4SKCKEE 2EE 1EE 0EE 3EE 4EE 4D3EE 2D5EE 1DTEE 0KxEE 3DQEE 4KxEE 2KxEE 1DKEE 3KxEE 1DAEE 1D2EE 1KxEE 1KxEE 1H8EE 1SJEE 0HQEE 3HAEE 4KxEE 2H2EE 1KxEE 0KxEE 3KxEE 2KxEE 2S9D9EE 1EE 0EE 3EE 4EE 2EE 2HJDJEE 1EE 0EE 3EE 4EE 2EE 2CTEE 1SQEE 0KxEE 3KxEE 4KxEE 2SAEE 1KxEE 2S2EE 2KxEE 2CQEE 1HKEE 0KxEE 3KxEE 4KxEE 1CAEE 1C2EE 0H3C3EE 3EE 4EE 0EE 0S4D4C4EE 3EE 4EE 0EE 0D7C7EE 3EE 4EE 0EE 0S8D8C8EE 3S5H5EE 4EE 3EE 3STHTEE 4EE 3EE 3S3EE 4H4EE 3C6EE 4H7EE 3C9EE 4KxEE 3CJEE 3KxEE 3S7EE
%00033%result% 21034
%00033%points% 105 116 96 94 99
%00034%mibun% 21034
%00034%seat% 03421
%00034%palyer_cards% S2H6HJHQD3D7D9DJC5CTC2 S6S7S8H5HTDTDQC3C4CKCA SJH4H7H8HKHAD4D8DAC9J3 S3S4S9SQSAH2D5D2C6CQ S5STSKH3H9D6DKC7C8CJ 
%00034%change_cards%  42SKDKEE 31H2EE 24H4D4EE 13C3EE
%00034%play%  0HJDJEE 3EE 4EE 2EE 1EE 0EE 0S2C2EE 3EE 4EE 2EE 1EE 0EE 0D3EE 3S4EE 4S5EE 2SJEE 1KxEE 0KxEE 3SQEE 4KxEE 2SKEE 3SAEE 2KxEE 3KxEE 2KxEE 2H8D8EE 2HKDKEE 1EE 0EE 3EE 4EE 2EE 2HADAEE 1EE 0EE 3EE 4EE 2EE 2H7EE 1S8EE 1HTDTEE 0EE 3EE 4EE 2EE 1EE 1C4EE 0C5EE 3C6EE 4C7EE 2C9EE 1CKEE 0KxEE 3KxEE 4KxEE 1CAEE 1KxEE 1H5EE 0H6EE 3KxEE 4H9EE 1H2EE 0KxEE 4KxEE 1KxEE 1S6EE 0D7EE 3S9EE 4STEE 1KxEE 0KxEE 3KxEE 4KxEE 4H4D4EE 1EE 0EE 3EE 4EE 4H3EE 1S7EE 0D9EE 3CQEE 4KxEE 1KxEE 0KxEE 3D2EE 3KxEE 3S3C3EE 4EE 1EE 0EE 3EE 3D5EE 4D6EE 1DQEE 0KxEE 4KxEE 0CTEE 4CJEE 0KxEE 4KxEE 4C8EE
%00034%result% 23140
%00034%points% 106 119 101 98 101
%00035%mibun% 42013
%00035%seat% 03421
%00035%palyer_cards% SJSKSAH8HQHAD4D6DAC4C5 S4S6S7S8H3H4H9D2C8CQC2 S9STH5H6H7HKD7D8DTDJCT S5SQS2H2D3DQDKC6C9CA S3HTHJD5D9C3C7CJCKJ3 
%00035%change_cards%  02SAHAEE 43J3EE 20H5H6EE 34D3EE
%00035%play%  4S3D3C3EE 2EE 1EE 0EE 3EE 4EE 4HJCJEE 2EE 1EE 0EE 3EE 4EE 4D5EE 2H7EE 1S8EE 1S4H4EE 0EE 3EE 4EE 2EE 1EE 1D2C2EE 0EE 3EE 4EE 2EE 1EE 1H3EE 0D4EE 3S5EE 4C7EE 2D8EE 2STDTCTEE 1EE 0EE 3EE 4EE 2EE 2SAHAEE 1EE 0EE 3EE 4EE 2EE 2D7EE 1C8EE 1S6EE 0H8EE 0H5C5EE 3EE 4EE 2EE 1EE 0EE 0H6D6EE 3EE 4EE 2EE 1EE 0EE 0C4EE 3C6EE 4CKEE 2KxEE 1KxEE 0KxEE 3CAEE 4KxEE 3KxEE 3KxEE 3SQDQEE 4EE 2EE 1EE 0EE 3EE 3S2H2EE 4EE 2EE 1EE 0EE 3EE 3C9EE 4HTEE 2DJEE 1CQEE 0SKEE 3KxEE 4KxEE 2KxEE 1KxEE 0DAEE 0KxEE 0SJEE 3DKEE 4KxEE 2KxEE 1KxEE 0KxEE 4D9EE 2HKEE 1KxEE 0KxEE 2KxEE 2S9EE 1KxEE 0HQEE
%00035%result% 34201
%00035%points% 108 120 104 103 105
%00036%mibun% 34201
%00036%seat% 41203
%00036%palyer_cards% S3H4D4D6D9DKD2C8CQCK S8SQH7H9HTHJDAC3C4C5C9 S4S6S9SAH8HQDTDQC6J3 S5STSKH5HKH2D3D5D7DJC7 S7SJS2H3H6HAD8CTCJCAC2 
%00036%change_cards%  13SQDAEE 04D2EE 31S5D3EE 40H3EE
%00036%play%  1D3C3EE 2EE 0EE 3EE 4EE 1EE 1S5C5EE 2EE 0EE 3EE 4EE 1EE 1H9C9EE 2EE 0EE 3EE 4EE 1EE 1C4EE 2S6EE 0C8EE 0S3H3EE 3EE 4EE 1EE 2EE 0EE 0H4D4EE 3EE 4EE 1EE 2EE 0EE 0DKCKEE 3EE 4EE 1EE 2EE 0EE 0D6EE 3D7EE 4D8EE 4SJCJEE 1EE 2EE 0EE 3EE 4EE 4HACAEE 1EE 2EE 0EE 3EE 4EE 4S2D2C2EE 1EE 2EE 0EE 3EE 4EE 4H6EE 1H7EE 2H8EE 2HQDQEE 0EE 3EE 4EE 1EE 2EE 2S4EE 0D9EE 3STEE 4KxEE 1HJEE 2SAEE 0KxEE 3H2EE 1KxEE 2KxEE 3KxEE 2KxEE 2C6EE 0CQEE 3KxEE 4KxEE 1KxEE 2KxEE 3H5D5EE 4EE 1EE 2EE 3EE 3SKHKEE 4EE 1EE 2EE 3EE 3C7EE 4CTEE 1KxEE 2KxEE 3KxEE 4KxEE 4S7EE 1S8EE 1HTEE 2KxEE 3DJEE 3SQEE 3DAEE
%00036%result% 04132
%00036%points% 113 123 105 105 109
%00037%mibun% 02431
%00037%seat% 41203
%00037%palyer_cards% STSQHTD6D9DTC6C8C9CJC2 SJH5H6H8H9HKHADKC5J3 S3S4S8SKH2D4D8D2C3C4 S5S6S2H7D3DJDQC7CTCQCA S7S9SAH3H4HJHQD5D7DACK 
%00037%change_cards%  20H2D2EE 34S2EE 02D6C6EE 43H3EE
%00037%play%  3H3D3EE 4EE 1EE 2EE 0EE 3EE 3H7C7EE 4EE 1EE 2EE 0EE 3EE 3DQCQEE 4EE 1EE 2EE 0EE 3EE 3S5EE 4S7EE 1SJEE 2SKEE 0KxEE 3KxEE 4SAEE 1KxEE 2KxEE 4KxEE 1KxEE 1H5C5EE 2EE 0EE 3EE 4EE 1EE 1HKDKEE 2EE 0EE 3EE 4EE 1EE 1H6EE 2S8EE 2S3C3EE 0EE 3EE 4EE 1EE 2EE 2S4D4C4EE 0EE 3EE 4EE 1EE 2EE 2D6C6EE 0EE 3EE 4EE 1EE 2EE 2D8EE 0D9C9EE 3EE 4EE 1EE 0EE 0STHTDTEE 3EE 4EE 1EE 0EE 0H2D2C2EE 3EE 4EE 1EE 0EE 0C8EE 0CJEE 3CAEE 4KxEE 1KxEE 0KxEE 3KxEE 3S6EE 4D7EE 1H8EE 1H9EE 0SQEE 3KxEE 4CKEE 1HAEE 4S2EE 4KxEE 4H4EE 3CTEE 4HJEE 3KxEE 4HQEE 4KxEE 4D5EE 3DJEE
%00037%result% 20134
%00037%points% 117 126 110 107 110
%00038%mibun% 12034
%00038%seat% 41203
%00038%palyer_cards% S5S2H3H8H9D5D6D8DQC4C5 S4S6S8SKH4HQDKD2C7C8 S7STSJSQH6H7HJHAD7CAC2 H5HTHKH2D9DTDAC3C6CKJ3 S3S9SAD3D4DJC9CTCJCQ 
%00038%change_cards%  42SACQEE 30J3EE 24S7H6EE 03H3EE
%00038%play%  4S3D3EE 1EE 2EE 0EE 3EE 4EE 4S9C9EE 1EE 2EE 0EE 3EE 4EE 4DJCJEE 1EE 2EE 0EE 3EE 4EE 4D4EE 1S6EE 2H7EE 0H8EE 0S5D5C5EE 3EE 4EE 1EE 2EE 0EE 0C4EE 3H5EE 4H6EE 1HQEE 2HAEE 0KxEE 3KxEE 4KxEE 1KxEE 2KxEE 0KxEE 0D6EE 3D9EE 4KxEE 1DKEE 2KxEE 0KxEE 3DAEE 1D2EE 3KxEE 1KxEE 1S4H4EE 2EE 0EE 3EE 4EE 1EE 1S8C8EE 1C7EE 2STEE 0DQEE 3HKEE 4KxEE 1KxEE 2SAEE 0S2EE 3KxEE 2KxEE 0KxEE 0D8EE 0H9EE 3HTEE 4KxEE 1KxEE 2HJEE 3H2EE 2KxEE 3KxEE 3H3C3EE 4EE 1EE 2EE 3EE 3C6EE 4S7EE 1SKEE 2KxEE 3KxEE 4KxEE 2SQCQEE 3EE 4EE 2EE 2D7EE 3DTEE 4KxEE 2KxEE 3KxEE 3CKEE 4KxEE 2CAEE 2C2EE 2KxEE 2SJEE
%00038%result% 01324
%00038%points% 122 130 112 110 111
%00039%mibun% 01324
%00039%seat% 34021
%00039%palyer_cards% STSJSKS2H7D5DQD2C4C9CA H3H5H8HTHKHAD3DKDAC3J3 S3SAH4H6H9H2DJC5C7CJC2 S4S5S7SQHQD6D8D9C6C8 S6S8S9HJD4D7DTCTCQCK 
%00039%change_cards%  40CQCKEE 21H2EE 04D5C4EE 12H3EE
%00039%play%  1D3C3EE 3EE 4EE 0EE 2EE 1EE 1HKDKEE 3EE 4EE 0EE 2EE 1EE 1HADAEE 3EE 4EE 0EE 2EE 1EE 1H5EE 3D6EE 4D7EE 0DQEE 2KxEE 1KxEE 3KxEE 4KxEE 0KxEE 1KxEE 1H8EE 1HTEE 3SQEE 4KxEE 0SKEE 2SAEE 1KxEE 3KxEE 0S2EE 2KxEE 0KxEE 0H7EE 2H9EE 1H2EE 3KxEE 4KxEE 0KxEE 2KxEE 3D8C8EE 3S4EE 4D5EE 0C9EE 2DJEE 3HQEE 4KxEE 0CKEE 2C2EE 3KxEE 0KxEE 2KxEE 2S3H3EE 3EE 4EE 0EE 2EE 2H4EE 3S5EE 4S6EE 0STEE 2KxEE 3KxEE 4KxEE 0SJEE 0KxEE 0CQEE 2KxEE 3KxEE 4KxEE 0CAEE 0KxEE 0D2EE 2KxEE 3KxEE 4KxEE 2C5EE 3C6EE 4CTEE 2CJEE 3KxEE 4KxEE 2KxEE 2H6EE 3S7EE 4S8EE 4D4C4EE 2EE 3EE 4EE 4S9EE 2KxEE 3KxEE 4DTEE 4HJEE 2C7EE
%00039%result% 10423
%00039%points% 126 135 114 111 114
%00040%mibun% 10342
%00040%seat% 34021
%00040%palyer_cards% S8STS2H8HQHKD6D7D2CQ S6S9SQSKH4HTHJD4D9C5CT S5H9H2D5DTDQDAC3C9CA S4SJSAH3D3DJC4C6C8CJCK S3S7H5H6H7HAD8DKC7C2J3 
%00040%change_cards%  31SACKEE 20H2EE 13H4D4EE 02D6EE
%00040%play%  3H3D3EE 4EE 0EE 2EE 1EE 3EE 3S4H4D4C4EE 4EE 0EE 2EE 1EE 3EE 3EE 4EE 0EE 2EE 1EE 3EE 4EE 0EE 2EE 1EE 3EE 4EE 0EE 2EE 1EE
%00040%result% 20134
%00040%points% 130 138 119 113 115
%00041%mibun% 12034
%00041%seat% 34021
%00041%palyer_cards% S4SQH3H7HJHQC3C6CKC2 SJSKH4H6D7D8D9DAD2C4J3 S5S2H8D4DTC5C8CTCJCQCA S6S7S8SAH5HKD3D6DKC7C9 S3S9STH9HTHAH2D5DJDQ 
%00041%change_cards%  42HAH2EE 30SAEE 24S5D4EE 03H3EE
%00041%play%  3H3D3EE 4EE 0EE 2EE 1EE 3EE 3S6D6EE 4EE 0EE 2EE 1EE 3EE 3S7C7EE 4EE 0EE 2EE 1EE 3EE 3HKDKEE 4EE 0EE 2EE 1EE 3EE 3H5EE 4S9EE 0HJEE 2CQEE 1SKEE 3KxEE 4KxEE 0SAEE 2S2EE 1KxEE 0KxEE 2KxEE 1KxEE 1H4C4EE 3EE 4EE 0EE 2EE 1EE 1H6EE 3S8EE 3C9EE 4STEE 0SQEE 2KxEE 1KxEE 4KxEE 0KxEE 0C3EE 2C5EE 1KxEE 4KxEE 0C6EE 2C8EE 2DTCTEE 1EE 4EE 0EE 2EE 2HACAEE 1EE 4EE 0EE 2EE 2H8EE 2CJEE 1DAEE 4KxEE 0C2EE 2KxEE 1KxEE 0KxEE 0S4EE 2H2EE 1KxEE 4KxEE 0KxEE 1D7EE 4H9EE 0HQEE 1KxEE 4KxEE 0KxEE 0H7EE 1D8EE 1D9EE 4HTEE 0CKEE 1D2EE 4KxEE 1KxEE 1SJEE
%00041%result% 32014
%00041%points% 133 140 123 118 116
%00042%mibun% 23104
%00042%seat% 23140
%00042%palyer_cards% S3S4S7SJH6D3DAC5C6C9 S8H3H4H5HJD4D6D7DQCJJ3 STSAH8H9D9DJD2C8CTC2 SQHTHQHAH2D8DKC3C7CKCA S5S6S9SKS2H7HKD5DTC4CQ 
%00042%change_cards%  43SKS2EE 12J3EE 34C3C7EE 21H8EE
%00042%play%  0S3D3EE 2EE 3EE 1EE 4EE 0EE 0H6C6EE 2EE 3EE 1EE 4EE 0EE 0S4EE 2C8EE 2H9D9EE 3EE 1EE 4EE 0EE 2EE 2STCTEE 3EE 1EE 4EE 0EE 2EE 2D2C2EE 3EE 1EE 4EE 0EE 2EE 2DJEE 3SQEE 1KxEE 4HKEE 0DAEE 2KxEE 3KxEE 4KxEE 0KxEE 2KxEE 2SAEE 3S2EE 1KxEE 4KxEE 0KxEE 3KxEE 3SKDKCKEE 1EE 4EE 0EE 3EE 3HACAEE 1EE 4EE 0EE 3EE 3D8EE 3HTEE 1HJEE 4KxEE 0KxEE 3HQEE 1KxEE 3H2EE 1H4D4EE 4EE 0EE 1EE 1S8H8EE 1H3EE 4C4EE 0C5EE 1CJEE 4CQEE 0KxEE 1KxEE 4KxEE 4S5D5EE 0EE 1EE 4EE 4H7C7EE 0EE 1EE 4EE 4C3EE 0S7EE 1DQEE 4KxEE 0KxEE 1KxEE 1H5EE 4S6EE 0C9EE 1KxEE 4DTEE 0SJEE 4KxEE 1D6EE 4S9EE
%00042%result% 23041
%00042%points% 136 141 128 122 118
%00043%mibun% 24013
%00043%seat% 23140
%00043%palyer_cards% S9SQHQHAD6DQDKC3C7CA H9HTHJD3D4D7D8DAD2CQJ3 S4S6S7S8SAH3H6D5C4C6C8 S3SKS2H4D9DTDJC5CTCJCK S5STSJH5H7H8HKH2C9C2 
%00043%change_cards%  12D2J3EE 43H2EE 21S4H3EE 34S3EE
%00043%play%  1H3D3EE 4EE 0EE 2EE 3EE 1EE 1S4D4EE 4EE 0EE 2EE 3EE 1EE 1D7EE 4H8EE 4S5H5EE 0EE 2EE 3EE 1EE 4EE 4S3EE 0D6EE 2S7EE 3D9EE 1HTEE 4SJEE 0SQEE 2SAEE 3S2EE 1KxEE 4KxEE 0KxEE 2KxEE 3KxEE 2KxEE 2S6H6C6EE 3EE 1EE 4EE 0EE 2EE 2S8C8EE 2C4EE 3C5EE 1CQEE 4C2EE 0KxEE 2KxEE 3KxEE 1KxEE 4KxEE 4H7EE 0S9EE 2D2EE 3KxEE 1KxEE 4KxEE 0KxEE 2KxEE 2D5EE 3DTEE 1DAEE 4KxEE 0KxEE 3KxEE 1KxEE 1D8EE 1H9EE 4STEE 0HQEE 3SKEE 1KxEE 4KxEE 0HAEE 3H2EE 0KxEE 3KxEE 3DJCJEE 1EE 4EE 0EE 3EE 3H4EE 1HJEE 4HKEE 0KxEE 3KxEE 4KxEE 4C9EE 0DQEE 3CKEE 0CAEE 3KxEE 0KxEE 0C3EE 3CTEE
%00043%result% 21430
%00043%points% 137 145 133 124 121
%00044%mibun% 41032
%00044%seat% 23140
%00044%palyer_cards% S4S7S2H7H8HQD5C9CAC2 S3S8SJSQH4DTDAC3C8CJJ3 SAH3H6H9HKD3D7D8D2C6CQ STH5HTHJH2D4D9DJDQDKC4 S5S6S9SKHAD6C5C7CTCK 
%00044%change_cards%  02S2C2EE 31H2EE 20H3D3EE 13S3EE
%00044%play%  0H3D3EE 2EE 3EE 1EE 4EE 0EE 0S7H7EE 2EE 3EE 1EE 4EE 0EE 0S4EE 2H6EE 3D9EE 1DTEE 4KxEE 0KxEE 2D2EE 3KxEE 1KxEE 2KxEE 1KxEE 1S8C8EE 1SJCJEE 4EE 0EE 2EE 3EE 1EE 1C3EE 4S5EE 0H8EE 0D5EE 2C6EE 3STEE 1SQEE 4SKEE 0KxEE 2SAEE 3KxEE 1KxEE 4KxEE 2S2EE 2KxEE 2D7EE 3HTEE 1DAEE 4KxEE 0KxEE 2C2EE 3KxEE 1KxEE 2KxEE 2D8EE 2H9EE 3HJEE 1H2EE 4KxEE 0KxEE 2KxEE 3KxEE 1KxEE 1H4EE 4C5EE 0C9EE 2CQEE 3KxEE 4CKEE 0CAEE 2KxEE 4KxEE 0KxEE 0HQEE 2HKEE 3KxEE 4HAEE 4KxEE 4S6D6EE 3EE 4EE 4C7EE 3DJEE 4KxEE 3DQEE 3DKEE 3KxEE 3D4C4EE 4EE 3EE 3S3EE 4S9EE 3KxEE 4KxEE 4CTEE
%00044%result% 10243
%00044%points% 141 150 136 125 123
%00045%mibun% 10243
%00045%seat% 03124
%00045%palyer_cards% STSKH4HQHAD7C3C6C8CK S5S6SAH3H7H9D5D9C9CAJ3 S7S2H8HJH2D4DTDQDKCTC2 S4S9SQH5HTD8C4C5C7CQ S3S8SJH6HKD3D6DJDAD2CJ 
%00045%change_cards%  31SQCQEE 40D2EE 13S5H3EE 04C3EE
%00045%play%  4S3D3C3EE 0EE 3EE 1EE 2EE 4EE 4H6D6EE 0EE 3EE 1EE 2EE 4EE 4SJDJCJEE 0EE 3EE 1EE 2EE 4EE 4S8EE 4HKEE 0HAEE 3KxEE 1KxEE 2KxEE 4KxEE 0KxEE 1KxEE 1H9D9C9EE 2EE 4EE 0EE 3EE 1EE 1SQCQEE 2EE 4EE 0EE 3EE 1EE 1SACAEE 2EE 4EE 0EE 3EE 1EE 1D5EE 2S7EE 4DAEE 0D2EE 3KxEE 1KxEE 2KxEE 0KxEE 0SKCKEE 3EE 1EE 2EE 0EE 0H4EE 3S5EE 1S6EE 2S2EE 0KxEE 3KxEE 1KxEE 2KxEE 2DTCTEE 0EE 3EE 1EE 2EE 2H2C2EE 0EE 3EE 1EE 2EE 2D4EE 0C6EE 3C7EE 1KxEE 2KxEE 0C8EE 0D7EE 3D8EE 3S4C4EE 1EE 2EE 0EE 3EE 3H5C5EE 1EE 2EE 0EE 3EE 3H3EE 1H7EE 2H8EE 2HJEE 0HQEE 3KxEE 2KxEE 0KxEE 0STEE 3KxEE 2DQEE 2DKEE
%00045%result% 41023
%00045%points% 144 154 138 126 128
%00046%mibun% 21340
%00046%seat% 03124
%00046%palyer_cards% S3S6HAH2D3D7C5C6C8CTJ3 S4S8SAH7HJD6D2C3C7CA S7H5H9HQD8DQDAC9CQC2 S9STH4H8HTD4D5D9DTDJCK S5SJSQSKS2H3H6HKDKC4CJ 
%00046%change_cards%  34DJCKEE 21C2EE 43H3C4EE 12C3EE
%00046%play%  0S3D3EE 3EE 1EE 2EE 4EE 0EE 0S6C6EE 3EE 1EE 2EE 4EE 0EE 0C5EE 3H8EE 3H4D4C4EE 1EE 2EE 4EE 0EE 3EE 3S9D9EE 1EE 2EE 4EE 0EE 3EE 3STHTDTEE 1EE 2EE 4EE 0EE 3EE 3H3EE 1S4EE 2H5EE 4H6EE 0HAEE 3KxEE 1KxEE 2KxEE 4KxEE 0H2EE 0KxEE 0KxEE 0D7EE 3KxEE 1S8EE 1H7C7EE 2EE 4EE 0EE 3EE 1EE 1SACAEE 2EE 4EE 0EE 3EE 1EE 1D2C2EE 2EE 4EE 0EE 3EE 1EE 1D6EE 2S7EE 4SJEE 0KxEE 3KxEE 1KxEE 2KxEE 4SQEE 4SKEE 4S2EE 4KxEE 4DJCJEE 0EE 3EE 1EE 2EE 4EE 4HKDKCKEE 0EE 3EE 1EE 2EE 4EE 4S5EE 0C8EE 0CTEE 3KxEE 1HJEE 2HQEE 2KxEE 2H9C9EE 3EE 2EE 2DQCQEE 3EE 2EE 2C3EE 3D5EE
%00046%result% 40132
%00046%points% 148 157 139 128 133
%00047%mibun% 12430
%00047%seat% 03124
%00047%palyer_cards% S3S4S5S7SQHJD5D2C5C8C2 SAH3HTH2D4DJDKDAC4CA S6S9H4H5H7HQHKHADQCK SJSKS2H6D6D8D9DTC6CTCQ S8STH8H9D3D7C3C7C9CJJ3 
%00047%change_cards%  24HKHAEE 30S2EE 42D3C3EE 03S3EE
%00047%play%  2D3C3EE 4EE 0EE 3EE 1EE 2EE 2HQDQEE 4EE 0EE 3EE 1EE 2EE 2H4EE 4D7EE 0C8EE 0S5D5C5EE 3EE 1EE 2EE 4EE 0EE 0S2D2C2EE 3EE 1EE 2EE 4EE 0EE 0S4EE 3H6EE 1HTEE 2KxEE 4HKEE 0KxEE 3KxEE 1H2EE 4KxEE 1KxEE 4KxEE 4S8H8EE 4H9C9EE 0EE 3EE 1EE 2EE 4EE 4C7EE 0HJEE 3CQEE 1DKEE 2KxEE 4HAEE 0KxEE 3KxEE 1KxEE 4KxEE 4STEE 0SQEE 3SKEE 1SAEE 2KxEE 4KxEE 0KxEE 3KxEE 1KxEE 1D4C4EE 2EE 4EE 0EE 3EE 1EE 1DACAEE 2EE 4EE 0EE 3EE 1EE 1H3EE 2H5EE 4KxEE 0KxEE 3KxEE 1KxEE 2H7EE 2KxEE 2S6EE 4CJEE 0KxEE 3KxEE 1KxEE 2CKEE 2KxEE 2S9EE 0KxEE 3DTEE 1DJEE 3KxEE 0S7EE
%00047%result% 42103
%00047%points% 150 160 143 129 138
%00048%mibun% 32140
%00048%seat% 10234
%00048%palyer_cards% S7H4H9HTHKD5D7D8DTC4C2 S5S8S9STH5DQDKC3CTCAJ3 S6SQSKS2H7H8D6D9C7CQ S3SAH3H2D3DAD2C6CJCK S4SJH6HJHQHAD4DJC5C8C9 
%00048%change_cards%  34H2D2EE 02C2EE 43S4D4EE 20S6EE
%00048%play%  3S3H3D3EE 4EE 1EE 0EE 2EE 3EE 3S4D4EE 4EE 1EE 0EE 2EE 3EE 3SADAEE 4EE 1EE 0EE 2EE 3EE 3C6EE 4C8EE 4SJHJDJEE 1EE 0EE 2EE 3EE 4EE 4H2D2EE 1EE 0EE 2EE 3EE 4EE 4C5EE 1S8EE 1S5H5EE 0EE 2EE 3EE 4EE 1EE 1STCTEE 0EE 2EE 3EE 4EE 1EE 1C3EE 0H4EE 2D6EE 3CJEE 4HQEE 1DKEE 0KxEE 2S2EE 3KxEE 4KxEE 1KxEE 2KxEE 1KxEE 1S9EE 0HTEE 2SQEE 3CKEE 4HAEE 1KxEE 0KxEE 2C2EE 4KxEE 2KxEE 2H7C7EE 4EE 1EE 0EE 2EE 2H8EE 2D9EE 4KxEE 1DQEE 0KxEE 2KxEE 1KxEE 1CAEE 0KxEE 2KxEE 4KxEE 0S7D7EE 2EE 4EE 0EE 0C4EE 2CQEE 4KxEE 0KxEE 2KxEE 2SKEE 4KxEE 0KxEE 4H6EE 0D8EE 0D5EE 4C9EE
%00048%result% 31240
%00048%points% 151 164 146 134 140
%00049%mibun% 41203
%00049%seat% 10234
%00049%palyer_cards% S3SAS2H4H6H8DQC3C2J3 S5S9STSJH7H9D4DTDJCJCK S8H3HTHQHKD8C5C7C9CQ S6H5HJD6D7DKDAC6C8CTCA S4S7SQSKHAH2D3D5D9D2C4 
%00049%change_cards%  03S2J3EE 41H2EE 30S6H5EE 14D4EE
%00049%play%  4S4D4C4EE 1EE 0EE 2EE 3EE 4EE 4D3EE 1S5EE 0S6EE 2S8EE 2HQCQEE 3EE 4EE 1EE 0EE 2EE 2H3EE 3D6EE 4S7EE 1S9EE 0SAEE 2KxEE 3S2EE 4KxEE 1KxEE 0KxEE 3KxEE 3KxEE 3DACAEE 4EE 1EE 0EE 2EE 3EE 3C6EE 4D9EE 1STEE 0DQEE 2HKEE 3KxEE 4HAEE 1H2EE 0KxEE 2KxEE 4KxEE 1KxEE 1SJDJCJEE 0EE 2EE 3EE 4EE 1EE 1H7EE 0H8EE 0S3C3EE 2EE 3EE 4EE 1EE 0EE 0H4EE 2C5EE 3D7EE 4SQEE 1CKEE 0C2EE 2KxEE 3KxEE 4KxEE 1KxEE 0KxEE 0H5EE 2C7EE 3C8EE 3CTEE 4SKEE 1KxEE 0KxEE 2KxEE 3KxEE 4D2EE 4KxEE 4D5EE 1H9EE 0KxEE 2HTEE 3HJEE 1KxEE 2KxEE 3KxEE 3DKEE 1KxEE 0KxEE 2KxEE 1DTEE 0KxEE 2KxEE 0H6EE
%00049%result% 43102
%00049%points% 153 167 147 138 145
%00050%mibun% 32410
%00050%seat% 10234
%00050%palyer_cards% S3S5S9STSJHJD8DTDQC3CT S4S8H6H7H9HKD4DKDAC9CJ H5HAD5D9DJD2C4C5CAC2 S7SQS2HTH2D3D6C8CKJ3 S6SKSAH3H4H8HQD7C6C7CQ 
%00050%change_cards%  24D2C2EE 03DQEE 42H3H4EE 30D3EE
%00050%play%  0S3D3C3EE 2EE 3EE 4EE 1EE 0EE 0STDTCTEE 2EE 3EE 4EE 1EE 0EE 0SJHJEE 2EE 3EE 4EE 1EE 0EE 0S5EE 2D9EE 3HTEE 4HQEE 1HKEE 0KxEE 2HAEE 3H2EE 4KxEE 1KxEE 2KxEE 3KxEE 3KxEE 3SQDQEE 4EE 1EE 0EE 2EE 3EE 3D6EE 4D7EE 1DKEE 0KxEE 2KxEE 3KxEE 4D2EE 1KxEE 4KxEE 4S6C6EE 1EE 0EE 2EE 3EE 4EE 4C7EE 1S8EE 1S4D4EE 0EE 2EE 3EE 4EE 1EE 1H9C9EE 0EE 2EE 3EE 4EE 1EE 1H6EE 0D8EE 0S9EE 2DJEE 3CKEE 4SAEE 1KxEE 2KxEE 3S2EE 4KxEE 3KxEE 3S7EE 4H8EE 4CQEE 1DAEE 2KxEE 3KxEE 4C2EE 1KxEE 4KxEE 4SKEE 1KxEE 2CAEE 3KxEE 2KxEE 2H4C4EE 3EE 1EE 2EE 2H5D5C5EE 3EE 1EE 2EE 2H3EE 3C8EE
%00050%result% 04231
%00050%points% 158 168 150 140 149
%00051%mibun% 04231
%00051%seat% 04321
%00051%palyer_cards% H7HAD6D7D9DJC3C9CAC2J3 STSKH4H9HJD2C6C7C8CQ S5H8D5D8DTDKDAC5CTCJ S3S6S7SJSAH3H5H6HTHQCK S4S8S9SQS2HKH2D3D4DQC4 
%00051%change_cards%  10SKD2EE 34SAEE 01D6C3EE 43D3EE
%00051%play%  3S3H3D3EE 2EE 1EE 0EE 4EE 3EE 3S6H6EE 2EE 1EE 0EE 4EE 3EE 3H5EE 2H8EE 2S5D5C5EE 1EE 0EE 4EE 3EE 2EE 2DTCTEE 1EE 0EE 4EE 3EE 2EE 2D8EE 2CJEE 1CQEE 0CAEE 4KxEE 3KxEE 2KxEE 1KxEE 0C2EE 0KxEE 0KxEE 0H7D7EE 4EE 3EE 2EE 1EE 0EE 0D9C9EE 4EE 3EE 2EE 1EE 0EE 0DJEE 4SQEE 3CKEE 2DAEE 1KxEE 0D2EE 4KxEE 3KxEE 2KxEE 0KxEE 0SKEE 4SAEE 3KxEE 2KxEE 1KxEE 0KxEE 4S2EE 4KxEE 4S4D4C4EE 3EE 2EE 1EE 0EE 4EE 4S8EE 4S9EE 3HTEE 2DKEE 1KxEE 0HAEE 4H2EE 3KxEE 4KxEE 4DQEE 3KxEE 1KxEE 4HKEE 3S7EE 1C8EE 1D6C6EE 3EE 1EE 1C3EE 3SJEE 1KxEE 3HQEE
%00051%result% 20431
%00051%points% 162 169 155 142 152
%00052%mibun% 14032
%00052%seat% 04321
%00052%palyer_cards% S4SQH4H5HKD3DTDKD2C4C7 S7SKH7HJHQD4D8DQC5CJCQ S3D5D6D7DJDAC6C9CKCAJ3 STSJSAS2H6HTD9C3CTC2 S5S6S8S9H3H8H9HAH2C8 
%00052%change_cards%  12SKHQEE 30S2EE 21S3D5EE 03D3EE
%00052%play%  3D3C3EE 2EE 1EE 0EE 4EE 3EE 3STHTCTEE 2EE 1EE 0EE 4EE 3EE 3H6EE 2D7EE 1D8EE 1D5C5EE 0EE 4EE 3EE 2EE 1EE 1S7H7EE 0EE 4EE 3EE 2EE 1EE 1HJCJEE 0EE 4EE 3EE 2EE 1EE 1DQCQEE 0EE 4EE 3EE 2EE 1EE 1S3EE 0S4EE 4S5EE 3SJEE 2SKEE 1KxEE 0S2EE 4KxEE 3KxEE 2KxEE 0KxEE 2KxEE 2D6C6EE 1EE 0EE 4EE 3EE 2EE 2DACAEE 1EE 0EE 4EE 3EE 2EE 2C9EE 1KxEE 0DTEE 4HAEE 3C2EE 2KxEE 0KxEE 4KxEE 3KxEE 3D9EE 2DJEE 1KxEE 0DKEE 4KxEE 3KxEE 2KxEE 0D2EE 0KxEE 0H4C4EE 4EE 3EE 2EE 1EE 0EE 0H5EE 4S6EE 3SAEE 2KxEE 1KxEE 0KxEE 4KxEE 2HQEE 1KxEE 0HKEE 4H2EE 2KxEE 0KxEE 4KxEE 4S8H8C8EE 4S9H9EE 2EE 1EE 0EE 4EE 4H3EE 2CKEE 1KxEE 0KxEE 1D4EE
%00052%result% 34210
%00052%points% 163 171 158 147 156
%00053%mibun% 43201
%00053%seat% 04321
%00053%palyer_cards% SJH5HTHKH2D5DAC4C5C8 S7S8H6D6DJD2C3C6C7C9CJ STSKSAH4H9HQD7DTCAC2J3 S4S5S6SQH8D4D8DQDKCTCK S3S9S2H3H7HJHAD3D9CQ 
%00053%change_cards%  03H2DAEE 14D2EE 30S4D4EE 41S3EE
%00053%play%  4H3D3EE 3EE 2EE 1EE 0EE 4EE 4S9D9EE 3EE 2EE 1EE 0EE 4EE 4S2D2EE 3EE 2EE 1EE 0EE 4EE 4H7EE 3H8EE 3SQDQEE 2EE 1EE 0EE 4EE 3EE 3DKCKEE 2EE 1EE 0EE 4EE 3EE 3S5EE 2D7EE 1S8EE 1S3C3EE 0EE 4EE 3EE 2EE 1EE 1H6D6C6EE 0EE 4EE 3EE 2EE 1EE 1S7C7EE 0EE 4EE 3EE 2EE 1EE 1DJCJEE 0EE 4EE 3EE 2EE 1EE 1C9EE 0HTEE 4HJEE 3H2EE 2KxEE 0KxEE 4KxEE 3KxEE 2KxEE 2STDTEE 0EE 4EE 3EE 2EE 2SACAEE 0EE 4EE 3EE 2EE 2H4EE 0H5EE 4HAEE 3KxEE 2KxEE 0KxEE 4KxEE 4CQEE 3DAEE 2C2EE 0KxEE 3KxEE 2KxEE 2H9EE 0SJEE 3KxEE 2HQEE 0HKEE 2KxEE 0KxEE 0S4D4C4EE 3EE 2EE 0EE 0D5C5EE 3EE 2EE 0EE 0C8EE 3S6EE 2SKEE
%00053%result% 14023
%00053%points% 166 176 160 148 160
%00054%mibun% 20341
%00054%seat% 43120
%00054%palyer_cards% SQH4H7D3D6D7DJDQC5CTCK S4SKS2H5H6D8DKDAD2C7C8 S5S6H3H8H9HJHAH2DTCQJ3 S3S7S8SJHKD5C4C6C9C2 S9STSAHTHQD4D9C3CJCA 
%00054%change_cards%  31HKC2EE 24J3EE 13S4H5EE 42C3EE
%00054%play%  0H7D7EE 4EE 3EE 1EE 2EE 0EE 0SQDQEE 4EE 3EE 1EE 2EE 0EE 0D3EE 4D4EE 3D5EE 1D8EE 1SKHKDKEE 2EE 0EE 4EE 3EE 1EE 1S2D2C2EE 2EE 0EE 4EE 3EE 1EE 1H6EE 2H8EE 2H3C3EE 0EE 4EE 3EE 1EE 2EE 2S5EE 0D6EE 4S9EE 3SJEE 1KxEE 2KxEE 0KxEE 4SAEE 3KxEE 4KxEE 4KxEE 4STHTEE 3EE 1EE 2EE 0EE 4EE 4D9EE 3KxEE 1DAEE 2KxEE 0KxEE 4KxEE 1KxEE 1C7EE 2H9EE 0CTEE 4CJEE 3KxEE 1KxEE 2CQEE 0CKEE 4CAEE 2KxEE 0KxEE 4KxEE 4HQEE 3KxEE 1KxEE 2HAEE 0KxEE 2H2EE 2KxEE 2S6EE 0DJEE 3KxEE 1KxEE 2KxEE 0KxEE 0H4EE 3H5EE 1KxEE 2HJEE 0KxEE 3KxEE 2KxEE 2DTEE 0KxEE 3KxEE 1KxEE 0C5EE 3C6EE 1C8EE
%00054%result% 42013
%00054%points% 169 178 164 149 165
%00055%mibun% 23140
%00055%seat% 43120
%00055%palyer_cards% S3SAS2HTHQD4D2C6CJCA S7S9STH8HJHAH2D5DQDAC9 S5SQH5D7D9DJC4C7CKJ3 S8H3H7H9HKD3D6DKC8CTCQ S4S6SJSKH4H6D8DTC3C5C2 
%00055%change_cards%  34HKDKEE 12H2EE 43S4C3EE 21C4EE
%00055%play%  3H3D3C3EE 1EE 2EE 0EE 4EE 3EE 3S8C8EE 3S4EE 1D5EE 2D7EE 0D2EE 4KxEE 3KxEE 1KxEE 2KxEE 0KxEE 2KxEE 2S5H5EE 0EE 4EE 3EE 1EE 2EE 2C7EE 0HTEE 4SJEE 3CQEE 1HAEE 2H2EE 0KxEE 4KxEE 3KxEE 1KxEE 2KxEE 2D9EE 0CJEE 4SKEE 3KxEE 1DAEE 2KxEE 0S2EE 4KxEE 1KxEE 0KxEE 0SACAEE 4EE 3EE 1EE 2EE 0EE 0S3EE 4H4EE 3D6EE 1S7EE 2DJEE 0HQEE 4HKEE 3KxEE 1KxEE 2KxEE 0KxEE 4KxEE 4S6H6EE 3EE 1EE 2EE 0EE 4EE 4C5EE 3H7EE 1H8EE 1S9C9EE 2EE 0EE 4EE 3EE 1EE 1C4EE 2SQEE 0KxEE 4DKEE 3KxEE 1KxEE 2KxEE 4C2EE 4KxEE 4D8EE 4DTEE 3KxEE 1HJEE 2CKEE 0KxEE 1KxEE 0D4EE 3H9EE 1STEE 0KxEE 3KxEE 1DQEE 0C6EE
%00055%result% 42103
%00055%points% 171 181 168 150 170
%00056%mibun% 32140
%00056%seat% 43120
%00056%palyer_cards% S6S8SJHJD3D7DJD2CJC2 S7SQS2H9D4D5D6D9C3CQCA S3S5SAH3H5H7HKHADKJ3 S9SKHTHQH2D8C5C6C7C8C9 S4STH4H6H8DTDQDAC4CTCK 
%00056%change_cards%  34SKH2EE 02D2EE 43S4H4EE 20S3EE
%00056%play%  0S3D3EE 4EE 3EE 1EE 2EE 0EE 0SJHJDJCJEE 4EE 3EE 1EE 2EE 0EE 0EE 4EE 3EE 1EE 2EE 0EE 4EE 3EE 1EE 2EE 0EE 4EE 3EE 1EE 2EE
%00056%result% 43120
%00056%points% 172 184 170 154 175
%00057%mibun% 42310
%00057%seat% 31042
%00057%palyer_cards% S5S8SAS2HJD4C5CQCAJ3 STSKH3H8HKHAD3DTDQC7 S9SQH4H5H9DJD2C3C6C8C2 S3S7H6H7D6D8DKDAC9CTCK S4S6SJHTHQH2D5D7D9C4CJ 
%00057%change_cards%  04S2J3EE 23D2EE 40S4C4EE 32S3EE
%00057%play%  1H3D3EE 0EE 4EE 2EE 3EE 1EE 1STDTEE 0EE 4EE 2EE 3EE 1EE 1SKHKEE 0EE 4EE 2EE 3EE 1EE 1C7EE 0S8EE 0S4D4C4EE 4EE 2EE 3EE 1EE 0EE 0S5C5EE 4EE 2EE 3EE 1EE 0EE 0SACAEE 4EE 2EE 3EE 1EE 0EE 0HJEE 4HQEE 2KxEE 3KxEE 1HAEE 0KxEE 4H2EE 1KxEE 4KxEE 4KxEE 4SJCJEE 2EE 3EE 1EE 0EE 4EE 4D5EE 2C6EE 3S7EE 1H8EE 1DQEE 0KxEE 4S2EE 2KxEE 3KxEE 4KxEE 4S6EE 2C8EE 2S3C3EE 3EE 0EE 4EE 2EE 2S9H9EE 3EE 0EE 4EE 2EE 2H4EE 3H6EE 0KxEE 4HTEE 2KxEE 3KxEE 4KxEE 4D7EE 2DJEE 3DKEE 0KxEE 4KxEE 2KxEE 3DAEE 3D2EE 3KxEE 3D6EE 0CQEE 4KxEE 2C2EE 3KxEE 2KxEE 2H5EE 3H7EE 4KxEE 2KxEE 3KxEE 3D8EE 3C9EE 4KxEE 2SQEE 3CKEE 3KxEE 3CTEE
%00057%result% 10234
%00057%points% 176 189 173 156 176
%00058%mibun% 10234
%00058%seat% 31042
%00058%palyer_cards% S3S6S7HJHADAD2C7CTCQCA S5S8S9S2H3H5H6HTD5DJJ3 SQH2D6D7D8DQC3C4C5C9 STSJSAH7H9DKC6C8CJC2 S4SKH4H8HQHKD3D4D9DTCK 
%00058%change_cards%  41SKHKEE 30C2EE 14S5H3EE 03S3EE
%00058%play%  4H3D3EE 2EE 3EE 1EE 0EE 4EE 4S4H4D4EE 2EE 3EE 1EE 0EE 4EE 4S5EE 2D6EE 3H7EE 1S8EE 1H5D5EE 0EE 4EE 2EE 3EE 1EE 1SKHKEE 0EE 4EE 2EE 3EE 1EE 1H6EE 0S7EE 4H8EE 4D9EE 2SQEE 3DKEE 1S2EE 0KxEE 4KxEE 2KxEE 3KxEE 1KxEE 1KxEE 1S9EE 0CTEE 4HQEE 2H2EE 3KxEE 1KxEE 0KxEE 4KxEE 2KxEE 2C3EE 3C6EE 1KxEE 0C7EE 4CKEE 2KxEE 3KxEE 0CAEE 4KxEE 0C2EE 0KxEE 0HADAEE 4EE 2EE 3EE 1EE 0EE 0S6EE 4DTEE 2DQEE 3KxEE 1KxEE 0D2EE 2KxEE 0KxEE 0HJEE 2KxEE 3SAEE 1KxEE 0KxEE 3KxEE 3SJCJEE 1EE 0EE 2EE 3EE 3S3EE 1HTEE 0CQEE 2KxEE 3KxEE 1KxEE 2C4EE 3C8EE 3H9EE 1DJEE 2KxEE 3KxEE 2C5EE 3STEE
%00058%result% 40132
%00058%points% 180 192 174 158 181
%00059%mibun% 12430
%00059%seat% 31042
%00059%palyer_cards% SJSKH9HTHJHQD3C5C7CQ S7STH8H2D5DKC8C9CJC2 S4S5SQH4HAD4D6DJDACKJ3 S3S9SAS2H3H5H6D7DQC3C6 S6S8H7HKD8D9DTD2C4CTCA 
%00059%change_cards%  24HAJ3EE 30S2EE 42S6C4EE 03D3EE
%00059%play%  3S3H3D3C3EE 1EE 0EE 4EE 2EE 3EE 3EE 1EE 0EE 4EE 2EE 3EE 1EE 0EE 4EE 2EE 3EE 1EE 0EE 4EE 2EE
%00059%result% 24103
%00059%points% 182 195 179 159 185
%00060%mibun% 32041
%00060%seat% 02341
%00060%palyer_cards% S3S5S8H9D5DJDKC6CAJ3 SJSAHJHKD7D8DTC8C9CJ S4S6SKH3H4H8HQH2D3DQD2 S7S2HTHAD4D9DAC4CTCKC2 S9STSQH5H6H7D6C3C5C7CQ 
%00060%change_cards%  32S2C2EE 04J3EE 23H3D3EE 40C3EE
%00060%play%  3H3D3EE 4EE 1EE 0EE 2EE 3EE 3D4C4EE 4EE 1EE 0EE 2EE 3EE 3HTCTEE 4EE 1EE 0EE 2EE 3EE 3HADAEE 4EE 1EE 0EE 2EE 3EE 3S7EE 4S9EE 1SJEE 0KxEE 2SKEE 3KxEE 4KxEE 1KxEE 2KxEE 4KxEE 4H5C5EE 1EE 0EE 2EE 3EE 4EE 4H6D6EE 1EE 0EE 2EE 3EE 4EE 4H7C7EE 1EE 0EE 2EE 3EE 4EE 4SQCQEE 1EE 0EE 2EE 3EE 4EE 4STEE 1HJEE 0DKEE 2S2EE 3KxEE 1KxEE 0KxEE 2KxEE 2S4H4EE 3EE 1EE 0EE 2EE 2HQDQEE 3EE 1EE 0EE 2EE 2H2D2C2EE 3EE 1EE 0EE 2EE 2S6EE 3D9EE 1DTEE 0DJEE 2KxEE 3KxEE 1KxEE 0KxEE 0S3C3EE 2EE 3EE 1EE 0EE 0S5D5EE 2EE 3EE 1EE 0EE 0C6EE 2H8EE 3CKEE 1SAEE 0KxEE 1KxEE 1D8C8EE 1D7EE 0S8EE 0H9EE 1CJEE 0CAEE
%00060%result% 42301
%00060%points% 184 196 183 162 190
%00061%mibun% 34120
%00061%seat% 02341
%00061%palyer_cards% S3S4S6S7S8SQH4H7DJDKCT S9SJH5H6H8H9H2D7D2C8C9 S5STH3HQD4D6D9C4C6CK HTHJHAD5C3C5CJCQCAC2 SKSAS2HKD3D8DTDQDAC7J3 
%00061%change_cards%  14H2D2EE 02DKEE 41D3C7EE 20H3EE
%00061%play%  1D7C7EE 0EE 2EE 3EE 4EE 1EE 1H8C8EE 1S9H9C9EE 0EE 2EE 3EE 4EE 1EE 1D3EE 0S4EE 2S5EE 3KxEE 4SKEE 1KxEE 0KxEE 2KxEE 4SAEE 4S2EE 4KxEE 4KxEE 4H2D2EE 1EE 0EE 2EE 3EE 4EE 4D8EE 4DTEE 1SJEE 0SQEE 2KxEE 3KxEE 4KxEE 1KxEE 0KxEE 0S3H3EE 2EE 3EE 4EE 1EE 0EE 0S7H7EE 2EE 3EE 4EE 1EE 0EE 0H4EE 2D6EE 3HTEE 4DQEE 1KxEE 0KxEE 2DKEE 3KxEE 4DAEE 2KxEE 4KxEE 4HKEE 1KxEE 0KxEE 2KxEE 3HAEE 3KxEE 3D5C5EE 1EE 0EE 2EE 3EE 3HJCJEE 1EE 0EE 2EE 3EE 3C3EE 1H5EE 0S6EE 2D9EE 3CQEE 1KxEE 0KxEE 2CKEE 3CAEE 2KxEE 3C2EE 1H6EE 0S8EE 0CTEE 2HQEE 0KxEE 2KxEE 2D4C4EE 0EE 2EE 2C6EE 0DJEE
%00061%result% 43102
%00061%points% 186 199 184 166 195
%00062%mibun% 32410
%00062%seat% 02341
%00062%palyer_cards% S6S7SQH3H5HAD3D4D7C9C2 SKSAH8HTHJHQD5DTDJDQC5 S4S5S8S2H4H9H2D8DKCJ S3SJH7D2C3C4C6C7CTCK S9STH6HKD6D9DAC8CQCAJ3 
%00062%change_cards%  24S2H2EE 03C2EE 42H6D6EE 30S3EE
%00062%play%  0S3H3D3EE 2EE 3EE 4EE 1EE 0EE 0S7D7EE 2EE 3EE 4EE 1EE 0EE 0D4EE 2S5EE 3C6EE 4C8EE 4S9D9EE 1EE 0EE 2EE 3EE 4EE 4DACAEE 1EE 0EE 2EE 3EE 4EE 4S2H2EE 1EE 0EE 2EE 3EE 4EE 4STEE 1HJEE 0SQEE 2DKEE 3D2EE 4KxEE 1KxEE 0KxEE 2KxEE 3KxEE 4KxEE 4CQEE 1SKEE 0HAEE 2KxEE 3C2EE 4KxEE 1KxEE 0KxEE 3KxEE 3H7C7EE 4EE 1EE 0EE 2EE 3EE 3C3EE 4HKEE 1SAEE 0KxEE 2KxEE 3KxEE 1KxEE 1D5C5EE 0EE 2EE 3EE 1EE 1HTDTEE 0EE 2EE 3EE 1EE 1HQDQEE 0EE 2EE 3EE 1EE 1H8EE 1DJEE 0KxEE 2KxEE 3CKEE 3KxEE 3C4EE 0H5EE 2H6EE 3KxEE 0KxEE 2H9EE 2KxEE 2S4H4EE 3EE 0EE 2EE 2S8D8EE 2D6EE 3CTEE 0KxEE 2CJEE 3KxEE 3SJEE
%00062%result% 41230
%00062%points% 187 203 187 168 200
%00063%mibun% 41230
%00063%seat% 04213
%00063%palyer_cards% S3S9SAHJHQH2DTDJDKC7 S7STH3H7D8C3C4C5CTCKCA S4S6SJH8H9HKD3D5D7D9J3 S5S8SQHTHAD4D2C6C9CJ SKS2H4H5H6D6DQDAC8CQC2 
%00063%change_cards%  04SAH2EE 31D2EE 40H4H5EE 13H3EE
%00063%play%  2H9D9EE 1EE 3EE 0EE 4EE 2EE 2D3EE 1C4EE 3S5EE 0C7EE 4C8EE 4H6D6EE 2EE 1EE 3EE 0EE 4EE 4DQCQEE 2EE 1EE 3EE 0EE 4EE 4SADAEE 2EE 1EE 3EE 0EE 4EE 4S2H2C2EE 2EE 1EE 3EE 0EE 4EE 4SKEE 2KxEE 1KxEE 3KxEE 0KxEE 2KxEE 2S4EE 1C5EE 3C6EE 0KxEE 2KxEE 1CTEE 3CJEE 1CKEE 3KxEE 1CAEE 1KxEE 1S7H7EE 3EE 0EE 2EE 1EE 1C3EE 3D4EE 0H5EE 2S6EE 1D8EE 1STEE 3SQEE 0KxEE 2KxEE 1KxEE 3KxEE 3H3EE 0H4EE 2H8EE 2D5EE 1D2EE 3KxEE 0KxEE 2KxEE 3S8EE 3C9EE 0DTEE 2SJEE 3HAEE 0KxEE 2KxEE 3KxEE 3HTEE 0HJEE 2HKEE 0KxEE 2KxEE 2D7EE
%00063%result% 41320
%00063%points% 188 207 189 171 205
%00064%mibun% 41320
%00064%seat% 04213
%00064%palyer_cards% S3S4S7S9H3H6HAD5DQCJ SJH8HQD6D7D8DJC4C9CAC2 S5S6SKH4HJH2DTDAC5CKJ3 STSQSAH5D3D9D2C7CTCQ S8S2H7H9HTHKD4DKC3C6C8 
%00064%change_cards%  04HADQEE 21J3EE 40D4C3EE 12C4EE
%00064%play%  3STCTEE 0EE 4EE 2EE 1EE 3EE 3SQCQEE 0EE 4EE 2EE 1EE 3EE 3D3EE 0S4EE 4C6EE 2DTEE 1SJEE 3SAEE 0KxEE 4S2EE 2KxEE 1KxEE 3KxEE 4KxEE 1KxEE 1H8D8EE 1D6EE 3C7EE 0S9EE 4HTEE 2HJEE 1HQEE 3KxEE 0KxEE 4HKEE 2H2EE 1KxEE 4KxEE 2KxEE 2H4C4EE 1EE 3EE 0EE 4EE 2EE 2S5C5EE 1EE 3EE 0EE 4EE 2EE 2SKCKEE 1EE 3EE 0EE 4EE 2EE 2S6EE 1D7EE 3D9EE 0KxEE 4DQEE 2DAEE 1KxEE 3D2EE 4KxEE 3KxEE 3H5EE 0H6EE 4H7EE 1KxEE 0KxEE 4H9EE 4HAEE 4KxEE 4S8C8EE 4DKEE 1CAEE 0KxEE 1C2EE 1KxEE 1C9EE 0CJEE 1KxEE 0KxEE 0S3H3C3EE 1EE 0EE 0D4EE 1DJEE
%00064%result% 23410
%00064%points% 189 209 194 175 208
%00065%mibun% 43012
%00065%seat% 04213
%00065%palyer_cards% S4S8H7HJH2C3C8CTCQJ3 S3S6S7STSQHQHKDKC4C6CK S9SJSAH5H8H9D6D7D2C9C2 S2H4H6D3D4D8D9C5C7CJCA S5SKH3HTHAD5DTDJDQDA 
%00065%change_cards%  02H2J3EE 13HKEE 20H5D6EE 31D3EE
%00065%play%  1S3D3EE 3EE 0EE 4EE 2EE 1EE 1S6C6EE 3EE 0EE 4EE 2EE 1EE 1SQHQEE 3EE 0EE 4EE 2EE 1EE 1DKCKEE 3EE 0EE 4EE 2EE 1EE 1C4EE 3C5EE 0C8EE 0C3EE 4S5EE 2D7EE 1STEE 3CJEE 0CQEE 4KxEE 2C2EE 1KxEE 3KxEE 0KxEE 2KxEE 2KxEE 2S9H9C9EE 1EE 3EE 0EE 4EE 2EE 2H2D2EE 1EE 3EE 0EE 4EE 2EE 2H8EE 2SJEE 1KxEE 3HKEE 0KxEE 4HAEE 2KxEE 3KxEE 4KxEE 4HTDTEE 2EE 1EE 3EE 0EE 4EE 4H3EE 2SAEE 1KxEE 3S2EE 0KxEE 4KxEE 3KxEE 3H4D4EE 0EE 4EE 1EE 3EE 3H6EE 0H7EE 4KxEE 1KxEE 3KxEE 0HJEE 0KxEE 0S4EE 4D5EE 1S7EE 3D8EE 3C7EE 0S8EE 0H5EE 4DJEE 3CAEE 0KxEE 4KxEE 3KxEE 3D9EE 0CTEE 4DQEE 0KxEE 4SKEE 4DAEE
%00065%result% 21340
%00065%points% 190 213 199 178 210
%00066%mibun% 41023
%00066%seat% 12304
%00066%palyer_cards% S3SJSAH3H8HAD6D9DACAC2 S4S6H4H9D3D4C3C9CTCJ S5S9H5H6HQHKD8DJDQC5CQ S8S2HTHJDTD2C4C7C8CKJ3 S7STSQSKH7H2D5D7DKC6 
%00066%change_cards%  02SAC2EE 41H2EE 20S5H5EE 14D3EE
%00066%play%  4S7H7D7EE 1EE 2EE 3EE 0EE 4EE 4SKDKEE 1EE 2EE 3EE 0EE 4EE 4D3EE 1S4EE 2C5EE 3C7EE 0CAEE 4KxEE 1KxEE 2C2EE 3KxEE 0KxEE 2KxEE 3KxEE 3S8C8EE 3HTDTEE 0EE 4EE 1EE 2EE 3EE 3S2D2EE 0EE 4EE 1EE 2EE 3EE 3C4EE 0S5EE 4C6EE 1H9EE 2DJEE 3CKEE 0HAEE 4KxEE 1H2EE 2KxEE 3KxEE 0KxEE 1KxEE 1H4D4EE 2EE 3EE 0EE 4EE 1EE 1C3EE 2H6EE 3HJEE 0KxEE 4KxEE 1KxEE 2HQEE 2HKEE 2KxEE 2DQCQEE 0EE 4EE 1EE 2EE 2D8EE 2S9EE 0SJEE 4SQEE 1KxEE 2SAEE 0KxEE 4KxEE 0S3H3EE 4EE 1EE 0EE 0H5EE 4STEE 1CJEE 0DAEE 4KxEE 1KxEE 0KxEE 0D6EE 4KxEE 1C9EE 0KxEE 1CTEE 1KxEE 1S6EE 0H8EE 0D9EE
%00066%result% 32104
%00066%points% 192 216 203 183 211
%00067%mibun% 32104
%00067%seat% 12304
%00067%palyer_cards% S9STSAH6HJHQD4D7D8DKC4 S5S7SQS2H5DQDAC3CKJ3 S6SJD3D6C5C6C9CTCJCQ S3S4S8H4H9HKHADJC7CAC2 SKH3H7H8HTH2D5D9DTD2C8 
%00067%change_cards%  43H2D2EE 02SAEE 34S3S4EE 20D3EE
%00067%play%  0D4C4EE 4EE 1EE 2EE 3EE 0EE 0D3EE 4S4EE 1S5EE 2S6EE 3S8EE 3HACAEE 0EE 4EE 1EE 2EE 3EE 3H2D2C2EE 0EE 4EE 1EE 2EE 3EE 3H4EE 0H6EE 4H7EE 1KxEE 2KxEE 3KxEE 0KxEE 4KxEE 1KxEE 1SQDQEE 2EE 3EE 0EE 4EE 1EE 1C3EE 2C5EE 3C7EE 0KxEE 4C8EE 4S3H3EE 1EE 2EE 3EE 0EE 4EE 4HTDTEE 1EE 2EE 3EE 0EE 4EE 4D5EE 1S7EE 2C9EE 3DJEE 0HQEE 4SKEE 1DAEE 2KxEE 3KxEE 0KxEE 4KxEE 1S2EE 1KxEE 1H5EE 2D6EE 3H9EE 0STEE 4KxEE 1CKEE 2SAEE 3KxEE 0KxEE 2KxEE 2SJCJEE 3EE 0EE 4EE 2EE 2C6EE 3HKEE 0KxEE 4KxEE 2KxEE 0D7EE 4H8EE 4D9EE 2CTEE 0HJEE 2CQEE
%00067%result% 13420
%00067%points% 193 221 205 187 214
%00068%mibun% 40312
%00068%seat% 12304
%00068%palyer_cards% S4S7S2H4H7HTHKD4DQJ3 S8D5D6D8DKDAD2C4CTCJCA S3S9SQH6H9HJDJC5C6C7CK S6STSJSKSAH3H5H8HQD7C9 S5HAH2D3D9DTC3C8CQC2 
%00068%change_cards%  01S2J3EE 23CKEE 10D5C4EE 32H3EE
%00068%play%  4D3C3EE 1EE 2EE 3EE 0EE 4EE 4H2C2EE 1EE 2EE 3EE 0EE 4EE 4S5EE 1D6EE 2C7EE 3H8EE 3SKCKEE 0EE 4EE 1EE 2EE 3EE 3H5EE 0S7EE 4C8EE 4D9EE 1CTEE 2HJEE 3HQEE 0HKEE 4HAEE 1KxEE 2KxEE 3KxEE 0KxEE 4KxEE 1KxEE 1S8D8EE 1DACAEE 2EE 3EE 0EE 4EE 1EE 1S2D2EE 2EE 3EE 0EE 4EE 1EE 1CJEE 2SQEE 3SAEE 0KxEE 4KxEE 1KxEE 2KxEE 3KxEE 3S6EE 0H7EE 4DTEE 1DKEE 2KxEE 3KxEE 0KxEE 4KxEE 2S3H3EE 3EE 0EE 4EE 2EE 2H6C6EE 3EE 0EE 4EE 2EE 2S9H9EE 3EE 0EE 4EE 2EE 2C5EE 3D7EE 0HTEE 4CQEE 2KxEE 3KxEE 0KxEE 2DJEE 3KxEE 0DQEE 0KxEE 0S4H4D4C4EE 3EE 0EE 0EE 3EE 0EE 3EE 0EE 3EE 0EE 3EE 0EE 3EE 0EE 3EE 0EE 3EE 0EE 3EE 0EE 3EE
%00068%result% 14230
%00068%points% 194 226 208 189 218
%00069%mibun% 40231
%00069%seat% 13420
%00069%palyer_cards% STH3H5H7D5D6C5CTC2J3 S3S5S6SAH8H2D3D4D9DQC6 S4SQSKH6H9HQDJDAC7C9 S7S9H4HKD7D8DKC4C8CQCA S8SJS2HTHJHADTD2C3CJCK 
%00069%change_cards%  01C2J3EE 34CAEE 10S3D3EE 43C3EE
%00069%play%  0S3H3D3EE 1EE 3EE 4EE 2EE 0EE 0H5D5C5EE 1EE 3EE 4EE 2EE 0EE 0STCTEE 1EE 3EE 4EE 2EE 0EE 0D6EE 1H8EE 1S6C6EE 3EE 4EE 2EE 0EE 1EE 1H2C2EE 3EE 4EE 2EE 0EE 1EE 1D4EE 3S7EE 4S8EE 4HTDTEE 2EE 0EE 1EE 3EE 4EE 4SJHJCJEE 2EE 0EE 1EE 3EE 4EE 4HACAEE 2EE 0EE 1EE 3EE 4EE 4S2D2EE 2EE 0EE 1EE 3EE 4EE 4CKEE 2DAEE 0KxEE 1KxEE 3KxEE 2KxEE 1KxEE 1S5EE 3D7EE 2H9EE 0KxEE 1DQEE 3HKEE 2KxEE 1SAEE 3KxEE 1KxEE 1D9EE 3CQEE 2SKEE 0KxEE 3KxEE 2KxEE 2SQHQEE 0EE 3EE 2EE 2S4EE 0H7EE 3D8EE 3H4C4EE 2EE 3EE 3C3EE 2H6EE 3C8EE 3S9EE 2DJEE 3DKEE
%00069%result% 41032
%00069%points% 197 230 209 191 223
%00070%mibun% 21430
%00070%seat% 13420
%00070%palyer_cards% S3S8STSKH3H9D6DTDAC8CQ S5S6SJH4H5H7D4D8C3C2 SQSAH8HKH2D3D9DQD2CAJ3 S4HTHJHQD7DJC5C7C9CK S7S9S2H6HAD5DKC4C6CTCJ 
%00070%change_cards%  24H2J3EE 31CKEE 42D5C4EE 13C3EE
%00070%play%  2SQDQEE 0EE 1EE 3EE 4EE 2EE 2SACAEE 0EE 1EE 3EE 4EE 2EE 2D3EE 0D6EE 1D8EE 1H4D4EE 3EE 4EE 2EE 0EE 1EE 1S5H5EE 3EE 4EE 2EE 0EE 1EE 1S6EE 3D7EE 4S9EE 2HKEE 0DAEE 1C2EE 3KxEE 4KxEE 2KxEE 0KxEE 1KxEE 4KxEE 4H6C6EE 2EE 0EE 1EE 3EE 4EE 4S2H2EE 2EE 0EE 1EE 3EE 4EE 4S7EE 2H8EE 2C4EE 0S8EE 0S3H3EE 1EE 3EE 4EE 2EE 0EE 0STDTEE 1EE 3EE 4EE 2EE 0EE 0C8EE 0H9EE 1SJEE 3HQEE 4DKEE 2D2EE 0KxEE 1KxEE 3KxEE 4KxEE 2KxEE 2D5EE 0CQEE 1CKEE 3KxEE 4KxEE 2KxEE 0KxEE 1KxEE 1H7EE 3C9EE 4CTEE 2KxEE 0KxEE 3KxEE 4CJEE 4KxEE 4HAEE 2KxEE 0KxEE 3KxEE 2D9EE 0SKEE
%00070%result% 14203
%00070%points% 199 235 212 192 227
%00071%mibun% 30241
%00071%seat% 13420
%00071%palyer_cards% S5SKH6HQHKD4D6DACJCA H8HJH2D9DJC3C5C8CTCQC2 S4S6S9SAS2H9HAC7C9CK S3S7S8STH3H5D5DQC4C6J3 SJSQH4H7HTD3D7D8DTDKD2 
%00071%change_cards%  31DQJ3EE 04DAEE 13C3C5EE 40D3EE
%00071%play%  0H6D6EE 1EE 3EE 4EE 2EE 0EE 0SKHKEE 1EE 3EE 4EE 2EE 0EE 0D3EE 1H8EE 1HJDJEE 3EE 4EE 2EE 0EE 1EE 1DQCQEE 3EE 4EE 2EE 0EE 1EE 1H2C2EE 3EE 4EE 2EE 0EE 1EE 1C8EE 1D9EE 3STEE 4SJEE 2SAEE 0KxEE 1KxEE 3KxEE 4KxEE 2KxEE 1KxEE 1CTEE 3KxEE 4SQEE 2CKEE 0CAEE 4KxEE 2KxEE 0KxEE 0D4EE 3H5EE 4H7EE 2H9EE 0HQEE 3KxEE 4KxEE 2HAEE 0KxEE 2KxEE 2S9C9EE 0EE 3EE 4EE 2EE 2S4EE 0S5EE 3S7EE 4KxEE 2S2EE 0KxEE 3KxEE 2KxEE 2S6EE 0CJEE 3KxEE 4DKEE 2KxEE 4DAEE 4D2EE 4KxEE 4HTDTEE 2EE 3EE 4EE 4H4EE 2C7EE 3S8EE 3S3H3C3EE 4EE 3EE 3D5C5EE 4EE 3EE 3C4EE 4D7EE 3KxEE 4D8EE
%00071%result% 10243
%00071%points% 203 240 215 193 229
%00072%mibun% 10243
%00072%seat% 32014
%00072%palyer_cards% S7SAHTHAD3D7DJC8CJC2 S5SJSQS2H3H6H7D6D8C3CT S8STSKH8D4DKDAC6C7CK H4H5HKD9DTD2C5C9CQCAJ3 S3S4S6S9H9HJHQH2D5DQC4 
%00072%change_cards%  31D2J3EE 40H2EE 13H3C3EE 04D3EE
%00072%play%  4S3D3EE 3EE 2EE 0EE 1EE 4EE 4S4C4EE 3EE 2EE 0EE 1EE 4EE 4S9H9EE 3EE 2EE 0EE 1EE 4EE 4HQDQEE 3EE 2EE 0EE 1EE 4EE 4D5EE 3D9EE 2DKEE 0KxEE 1D2EE 4KxEE 3KxEE 2KxEE 1KxEE 1KxEE 1H6D6EE 4EE 3EE 2EE 0EE 1EE 1S5EE 4S6EE 3KxEE 2S8EE 2SKCKEE 0EE 1EE 4EE 3EE 2EE 2D4EE 0S7EE 1D8EE 1H7EE 4HJEE 3HKEE 2KxEE 0HAEE 1KxEE 3KxEE 0H2EE 0KxEE 0DJCJEE 1EE 3EE 2EE 0EE 0D7EE 1CTEE 3CQEE 2KxEE 0C2EE 1KxEE 3KxEE 0KxEE 0C8EE 0HTEE 1SJEE 3CAEE 2KxEE 0KxEE 1S2EE 3KxEE 1KxEE 1SQEE 3KxEE 2DAEE 0KxEE 2KxEE 2C6EE 0SAEE 3KxEE 2KxEE 3H3C3EE 2EE 3EE 3H5C5EE 2EE 3EE 3H4EE 2C7EE 3C9EE 2KxEE 3KxEE 3DTEE
%00072%result% 41032
%00072%points% 206 244 216 195 234
%00073%mibun% 21430
%00073%seat% 32014
%00073%palyer_cards% H5H9HAD3D5DTDJD2C3C4 S3SJSQH3HJHQC5C6C9CT SAH7HTD6D7D8D9C8CQCAJ3 S8S9SKS2H4H8D4DQDKDACK S4S5S6S7STH6HKH2C7CJC2 
%00073%change_cards%  24SAJ3EE 31S2EE 42S4S5EE 13S3EE
%00073%play%  0D3C3EE 1EE 4EE 3EE 2EE 0EE 0H5D5EE 1EE 4EE 3EE 2EE 0EE 0C4EE 1C5EE 4C7EE 3CKEE 2CAEE 0KxEE 1KxEE 4C2EE 3KxEE 2KxEE 4KxEE 4KxEE 4S6H6EE 3EE 2EE 0EE 1EE 4EE 4S7EE 3S8EE 3H4D4EE 2EE 0EE 1EE 4EE 3EE 3SKDKEE 2EE 0EE 1EE 4EE 3EE 3S3EE 2S4EE 0KxEE 1SJEE 4SAEE 3KxEE 2KxEE 1S2EE 4KxEE 1KxEE 1SQHQEE 4EE 3EE 2EE 0EE 1EE 1H3EE 4STEE 3DQEE 2KxEE 0HAEE 1KxEE 4H2EE 3KxEE 0KxEE 4KxEE 4CJEE 3DAEE 2KxEE 0D2EE 1KxEE 4KxEE 3KxEE 0KxEE 0H9EE 1CTEE 4HKEE 3KxEE 2KxEE 0KxEE 1KxEE 3H8EE 3S9EE 2HTEE 0DJEE 1KxEE 2CQEE 0KxEE 2KxEE 2H7D7EE 0EE 1EE 2EE 2D8C8EE 2S5EE 0DTEE 1HJEE 2KxEE 1KxEE 1C6EE 2D9EE 1KxEE 2KxEE 2D6EE
%00073%result% 43021
%00073%points% 209 245 218 199 239
%00074%mibun% 24310
%00074%seat% 32014
%00074%palyer_cards% S9SQSKHJH2D6C3C5C6CJ STSJHQD4DJDQDKC9CTCK S3S7H3H4D3D5D9DTC7CQJ3 S8SAS2H5H7H9HTHKHAD7DA S4S5S6H6H8D8D2C4C8CAC2 
%00074%change_cards%  14DKCKEE 23J3EE 41S4C4EE 32H5EE
%00074%play%  2S3H3D3EE 0EE 1EE 4EE 3EE 2EE 2H5D5EE 0EE 1EE 4EE 3EE 2EE 2S7C7EE 0EE 1EE 4EE 3EE 2EE 2H4EE 0C5EE 1C9EE 4CKEE 3KxEE 2KxEE 0KxEE 1KxEE 4KxEE 3KxEE 3H7D7EE 2EE 0EE 1EE 4EE 3EE 3SAHADAEE 2EE 0EE 1EE 4EE 3EE 3S8EE 3H9EE 2DTEE 0HJEE 1HQEE 4KxEE 3HKEE 2KxEE 0H2EE 1KxEE 3KxEE 0KxEE 0D6C6EE 1EE 4EE 3EE 2EE 0EE 0C3EE 1S4EE 4S5EE 3S2EE 2KxEE 0KxEE 1KxEE 4KxEE 3KxEE 3HTEE 2CQEE 0SKEE 1KxEE 4CAEE 2KxEE 0KxEE 4D2EE 4KxEE 4S6H6EE 2EE 0EE 1EE 4EE 4H8D8C8EE 4DKEE 2KxEE 0KxEE 1KxEE 4C2EE 2D9EE 0CJEE 1DQEE 0KxEE 1KxEE 1D4C4EE 0EE 1EE 1STCTEE 0EE 1EE 1SJDJEE
%00074%result% 34210
%00074%points% 210 247 221 204 243
%00075%mibun% 43201
%00075%seat% 02341
%00075%palyer_cards% SKSAH3H4HKH2D4D9C6C2 S5STH7H8D5D7DTC5C7CQCK S3S6S9H5DJC3C4C9CTCJ S7S8S2H6H9HJHAD3DQC8CA S4SJSQHTHQD6D8DKDAD2J3 
%00075%change_cards%  03H2C2EE 14CKEE 30H6D3EE 41S4EE
%00075%play%  0H3D3EE 2EE 3EE 4EE 1EE 0EE 0H4D4EE 2EE 3EE 4EE 1EE 0EE 0H6C6EE 2EE 3EE 4EE 1EE 0EE 0SKHKEE 2EE 3EE 4EE 1EE 0EE 0D9EE 2CTEE 3HJEE 4SQEE 1KxEE 0SAEE 2KxEE 3S2EE 4KxEE 3KxEE 4KxEE 4DKCKEE 1EE 2EE 3EE 4EE 4D6EE 1H7EE 2S9EE 3DQEE 4DAEE 1KxEE 2KxEE 3KxEE 4D2EE 4KxEE 4D8EE 4HTEE 1CQEE 2KxEE 3HAEE 4KxEE 1KxEE 3H2EE 3KxEE 3S8C8EE 3S7EE 4SJEE 1KxEE 2KxEE 3KxEE 4KxEE 4HQEE 1KxEE 2KxEE 3CAEE 3C2EE 3KxEE 3H9EE 1STEE 2DJEE 1KxEE 2KxEE 2S3C3EE 1EE 2EE 2C4EE 1S5EE 2S6EE 1KxEE 2KxEE 2H5EE 1D7EE 2C9EE 1DTEE 2CJEE
%00075%result% 04321
%00075%points% 215 248 223 207 247
%00076%mibun% 04321
%00076%seat% 02341
%00076%palyer_cards% S3S5S6H7H9D3DKC4C6C9C2 S9STS2H4HKDJC7CJCQCK S4SQSAH3D7D8DTDQDAC3CA S7S8SKH5HTHQH2D5D2C5C8 SJH6H8HJHAD4D6D9CTJ3 
%00076%change_cards%  10S2HKEE 24SAEE 01S3D3EE 42D4EE
%00076%play%  1S3D3EE 0EE 2EE 3EE 4EE 1EE 1DJCJEE 0EE 2EE 3EE 4EE 1EE 1H4EE 0S5EE 2D7EE 3S8EE 3H5D5C5EE 4EE 1EE 0EE 2EE 3EE 3H2D2EE 4EE 1EE 0EE 2EE 3EE 3S7EE 4H8EE 4H6D6EE 1EE 0EE 2EE 3EE 4EE 4SJHJEE 1EE 0EE 2EE 3EE 4EE 4SAHAEE 1EE 0EE 2EE 3EE 4EE 4D9EE 1STEE 0HKEE 2DAEE 3KxEE 4KxEE 1KxEE 0KxEE 2KxEE 4KxEE 4CTEE 1CQEE 0C2EE 2KxEE 3KxEE 1KxEE 0KxEE 0S6C6EE 2EE 3EE 1EE 0EE 0H9C9EE 2EE 3EE 1EE 0EE 0C4EE 2D8EE 2H3C3EE 3EE 1EE 0EE 2EE 2S4D4EE 3EE 1EE 0EE 2EE 2SQDQEE 3EE 1EE 0EE 2EE 2DTEE 3HQEE 1CKEE 0S2EE 2KxEE 3KxEE 1KxEE 0KxEE 0H7EE 2CAEE 3KxEE 1KxEE 0KxEE 3C8EE 3HTEE 1KxEE 0DKEE 3KxEE 3SKEE
%00076%result% 42031
%00076%points% 218 249 227 209 252
%00077%mibun% 24130
%00077%seat% 02341
%00077%palyer_cards% S3S6S8SKH5HTH2DAC9CJCA H7H8HKD3D7D9DKCTCQCKC2 STSQS2H3HQHAD6D2C3C8 S4S9SAH6H9D4DTC5C7J3 S5S7SJH4HJD5D8DJDQC4C6 
%00077%change_cards%  14HKC2EE 32J3EE 41H4C4EE 23H3EE
%00077%play%  1H4C4EE 0EE 2EE 3EE 4EE 1EE 1H7D7EE 0EE 2EE 3EE 4EE 1EE 1DKCKEE 0EE 2EE 3EE 4EE 1EE 1D3EE 0H5EE 2D6EE 3C7EE 4D8EE 4S5D5EE 1EE 0EE 2EE 3EE 4EE 4SJHJDJEE 1EE 0EE 2EE 3EE 4EE 4C6EE 1H8EE 1D9EE 0HTEE 2SQEE 3SAEE 4KxEE 1KxEE 0KxEE 2S2EE 3KxEE 2KxEE 2KxEE 2C3EE 3S4EE 4S7EE 1KxEE 0S8EE 0DACAEE 2EE 3EE 4EE 1EE 0EE 0S3EE 2C8EE 2STEE 3KxEE 4DQEE 1KxEE 0SKEE 2HAEE 4C2EE 0KxEE 2KxEE 4KxEE 4HKEE 1KxEE 0H2EE 2KxEE 3KxEE 0KxEE 0S6EE 2HQEE 3KxEE 1KxEE 0KxEE 2D2EE 3S9H9EE 1EE 0EE 3EE 3H3EE 1CTEE 0CJEE 3KxEE 1CQEE 0KxEE 0C9EE
%00077%result% 42103
%00077%points% 220 252 231 210 257
%00078%mibun% 32140
%00078%seat% 13402
%00078%palyer_cards% S4S7S9SJSKH3H6D3D9C6C2 STSAH4HQD5DJDAD2C8CJ S3S6SQHAH2D4D8DKC9CQJ3 S5S8S2H8H9HJDTC4C5CT H5H7HTHKD6D7DQC3C7CKCA 
%00078%change_cards%  34S2HJEE 02C2EE 43H5C3EE 20S3EE
%00078%play%  0S3H3D3EE 2EE 1EE 3EE 4EE 0EE 0H6C6EE 2EE 1EE 3EE 4EE 0EE 0S9D9EE 2EE 1EE 3EE 4EE 0EE 0S4EE 2S6EE 1STEE 3KxEE 4S2EE 0KxEE 2KxEE 1KxEE 4KxEE 2KxEE 2SQCQEE 1EE 3EE 4EE 0EE 2EE 2H2C2EE 1EE 3EE 4EE 0EE 2EE 2D4EE 1D5EE 3DTEE 4DQEE 0KxEE 2DKEE 1DAEE 3KxEE 4KxEE 2KxEE 1D2EE 1KxEE 1DJCJEE 3EE 4EE 0EE 2EE 1EE 1H4EE 3S5EE 4D6EE 0S7EE 2D8EE 2C9EE 1HQEE 3KxEE 4HKEE 0KxEE 2HAEE 1KxEE 4KxEE 1C8EE 1SAEE 3KxEE 4KxEE 0KxEE 3H5C5EE 4EE 0EE 3EE 3S8H8EE 3C3EE 4H7EE 0SJEE 3KxEE 4CKEE 0KxEE 4CAEE 4KxEE 4D7C7EE 0EE 3EE 4EE 4HTEE 0SKEE 3KxEE 4KxEE 3C4EE 4HJEE
%00078%result% 21043
%00078%points% 223 256 236 211 259
%00079%mibun% 21043
%00079%seat% 13402
%00079%palyer_cards% S4S5S7SAH4D5DJD2CTJ3 SJH3H6H7HQD3DTC3CJCKC2 S6S2H5HAD9C4C6C7C8C9CQ S3STH8HKH2D4D6D8DAC5CA S8S9SQSKH9HTHJD7DQDK 
%00079%change_cards%  32H2DAEE 41SKEE 23H5C4EE 14H3EE
%00079%play%  1D3C3EE 3EE 4EE 0EE 2EE 1EE 1SJCJEE 3EE 4EE 0EE 2EE 1EE 1SKCKEE 3EE 4EE 0EE 2EE 1EE 1H6EE 3H8EE 3D4C4EE 4EE 0EE 2EE 1EE 3EE 3H5C5EE 4EE 0EE 2EE 1EE 3EE 3S3EE 4D7EE 0CTEE 2CQEE 1C2EE 3KxEE 4KxEE 0KxEE 2KxEE 1KxEE 0KxEE 0S4H4EE 2EE 1EE 3EE 4EE 0EE 0S5D5EE 2EE 1EE 3EE 4EE 0EE 0S7EE 2C8EE 2S6C6EE 1EE 3EE 4EE 0EE 2EE 2D9C9EE 1EE 3EE 4EE 0EE 2EE 2HADAEE 1EE 3EE 4EE 0EE 2EE 2S2H2EE 1EE 3EE 4EE 0EE 2EE 2C7EE 1DTEE 3HKEE 4KxEE 0SAEE 1KxEE 3KxEE 0D2EE 0KxEE 0DJEE 1HQEE 3CAEE 4KxEE 1KxEE 3KxEE 3D6EE 4S8EE 4S9H9EE 1EE 3EE 4EE 4SQDQEE 1EE 3EE 4EE 4H3EE 1H7EE 3KxEE 4HTEE 4HJEE 4KxEE 4DKEE
%00079%result% 20143
%00079%points% 227 259 241 212 261
%00080%mibun% 12043
%00080%seat% 13402
%00080%palyer_cards% SJH3H9D3D6D8D9DKC6C2 S6S2H6DJD2C3C4C5C9CTCQ S5S7S9STSKH5H8HADQC7CK S3HTHQHKH2D4D5D7DTC8CA S4S8SQSAH4H7HJDACJJ3 
%00080%change_cards%  32H2CAEE 40J3EE 23S5H5EE 04H3EE
%00080%play%  0D6C6EE 2EE 1EE 3EE 4EE 0EE 0H9D9EE 2EE 1EE 3EE 4EE 0EE 0D3EE 2S7EE 1C9EE 3HTEE 4HJEE 0KxEE 2KxEE 1KxEE 3KxEE 4KxEE 0KxEE 0D8EE 0SJEE 2DQEE 1S2EE 3KxEE 4KxEE 0KxEE 2KxEE 1KxEE 1S6H6EE 3EE 4EE 0EE 2EE 1EE 1C3EE 3D4EE 4H7EE 0DKEE 2HAEE 1D2EE 3KxEE 4KxEE 0KxEE 2KxEE 1KxEE 1C4EE 3S5EE 4S8EE 4S4H4EE 0EE 2EE 1EE 3EE 4EE 4SADAEE 0EE 2EE 1EE 3EE 4EE 4H3EE 0C2EE 2KxEE 1KxEE 3KxEE 4KxEE 2SKCKEE 1EE 3EE 4EE 2EE 2C7EE 1CTEE 3KxEE 4CJEE 2CAEE 1KxEE 4KxEE 2KxEE 2H8EE 2S9EE 1DJEE 3HQEE 4KxEE 2H2EE 1KxEE 3KxEE 2KxEE 2STEE 1CQEE 3HKEE 4KxEE 1KxEE 3KxEE 3H5D5EE 4EE 1EE 3EE 3S3EE 4SQEE 1KxEE 3KxEE 1C5EE
%00080%result% 02413
%00080%points% 232 261 245 213 264
%00081%mibun% 03142
%00081%seat% 24013
%00081%palyer_cards% H5H8H9HQHKHAD8DAD2C6CT S4S6S7S8S9SKH3H2D5DJC2 STSAH4H6D4C3C7C9CJCQ H7HTHJD6D7D9DTC5C8CAJ3 S3S5SJSQS2D3DQDKC4CK 
%00081%change_cards%  30CAJ3EE 12H2EE 03H5C6EE 21C3EE
%00081%play%  4S3D3EE 0EE 1EE 3EE 2EE 4EE 4SQDQEE 0EE 1EE 3EE 2EE 4EE 4DKCKEE 0EE 1EE 3EE 2EE 4EE 4C4EE 0H8EE 0HADACAEE 1EE 3EE 2EE 4EE 0EE 0D8EE 0H9EE 1DJEE 3KxEE 2CQEE 4S2EE 0KxEE 1KxEE 2KxEE 4KxEE 0KxEE 0CTEE 1SKEE 3KxEE 2SAEE 4KxEE 0KxEE 1KxEE 2KxEE 2H4D4EE 4EE 0EE 1EE 3EE 2EE 2H6EE 4SJEE 0HQEE 1C2EE 3KxEE 2KxEE 4KxEE 0KxEE 1KxEE 1H3C3EE 3EE 2EE 4EE 0EE 1EE 1S4EE 3H5EE 2C7EE 4KxEE 0HKEE 1KxEE 3KxEE 2H2EE 0KxEE 2KxEE 2C9EE 4KxEE 0D2EE 1KxEE 3KxEE 2KxEE 1D5EE 3D6EE 2KxEE 4KxEE 1KxEE 3D7EE 3D9EE 3DTEE 3KxEE 3C5EE 2STEE 4KxEE 1KxEE 3HJEE 2KxEE 3KxEE 3C6EE 2CJEE 4KxEE 1KxEE 3KxEE 4S5EE 1S6EE 3KxEE 1S7EE 1S8EE 1S9EE
%00081%result% 02413
%00081%points% 237 263 249 214 267
%00082%mibun% 03142
%00082%seat% 24013
%00082%palyer_cards% S5S9H3H4H5H6H7D6C6C7CT S7S8SQHKD4D7D8DKC5CQC2 S4S6STSJSKHQDJDAC8CK SAH8H9HTHAH2D5DTC4C9CA S3S2HJD3D9DQD2C3CJJ3 
%00082%change_cards%  30SAH2EE 12C2EE 03H3H4EE 21S4EE
%00082%play%  4S3D3C3EE 0EE 1EE 3EE 2EE 4EE 4HJCJEE 0EE 1EE 3EE 2EE 4EE 4S2D2EE 0EE 1EE 3EE 2EE 4EE 4D9EE 0CTEE 1SQEE 3HAEE 2C2EE 4KxEE 0KxEE 1KxEE 3KxEE 2KxEE 4KxEE 4DQEE 0SAEE 1KxEE 3KxEE 2KxEE 0H2EE 0KxEE 0S5H5EE 1EE 3EE 2EE 0EE 0H6D6C6EE 1EE 3EE 2EE 0EE 0H7C7EE 1EE 3EE 2EE 0EE 0S9EE 1CQEE 3CAEE 2KxEE 1KxEE 3KxEE 3H4C4EE 2EE 1EE 3EE 3H9C9EE 2EE 1EE 3EE 3HTDTEE 2EE 1EE 3EE 3H3EE 2S6EE 1S7EE 3KxEE 2STEE 1KxEE 2SJEE 2SKEE 2KxEE 2C8EE 2DJEE 1HKEE 3KxEE 2DAEE 1KxEE 2KxEE 2HQEE 1DKEE 3KxEE 2KxEE 1KxEE 1S4D4EE 3EE 2EE 1EE 1S8D8EE 1C5EE 3H8EE 3D5EE 2CKEE
%00082%result% 40321
%00082%points% 241 264 251 217 272
%00083%mibun% 14320
%00083%seat% 24013
%00083%palyer_cards% S2H5D3D6D7DJDKC5CTCKJ3 SAH9HTHJH2D4D9DQD2C6C7 S5S7STSKH6H7H8C9CJC2 S3S4S6S8SJSQH3D5DTC4 S9H4HQHKHAD8DAC3C8CQCA 
%00083%change_cards%  14H2D2EE 20C2EE 41H4C3EE 02D3EE
%00083%play%  2S7H7EE 4EE 0EE 1EE 3EE 2EE 2D3EE 4D8EE 4HQCQEE 0EE 1EE 3EE 2EE 4EE 4HADACAEE 0EE 1EE 3EE 2EE 4EE 4H2D2EE 0EE 1EE 3EE 2EE 4EE 4C8EE 4S9EE 0CTEE 1HJEE 3SQEE 2SKEE 4KxEE 0S2EE 1KxEE 3KxEE 2KxEE 0KxEE 0KxEE 0H5C5EE 1EE 3EE 2EE 4EE 0EE 0DKCKEE 1EE 3EE 2EE 4EE 0EE 0D6EE 1C7EE 3S8EE 3S3H3EE 2EE 4EE 0EE 1EE 3EE 3S4C4EE 2EE 4EE 0EE 1EE 3EE 3D5EE 2H6EE 4HKEE 0KxEE 1KxEE 3KxEE 2KxEE 0D7EE 1H9EE 3DTEE 2CJEE 0C2EE 1KxEE 3KxEE 2KxEE 0KxEE 0DJEE 1DQEE 3KxEE 2KxEE 1KxEE 1H4D4EE 3EE 2EE 1EE 1C3EE 3S6EE 2H8EE 2S5EE 1C6EE 3SJEE 2KxEE 1SAEE 1KxEE 1D9EE 2STEE 1KxEE 2KxEE 2C9EE
%00083%result% 40321
%00083%points% 245 265 253 220 277
%00084%mibun% 14320
%00084%seat% 32140
%00084%palyer_cards% S7S9SQH4D4D5D6D7DQC4J3 S5S6SJSAH6HQDAC5CTCQ S4S2H8HTD3D8D9D2C9CJ S3S8H5H7HJHAH2DTDJC3CK STSKH3H9HKDKC6C7C8CAC2 
%00084%change_cards%  14SADAEE 20S2EE 41H3C6EE 02H4EE
%00084%play%  2S4H4EE 1EE 4EE 0EE 3EE 2EE 2H8D8EE 2D9C9EE 1EE 4EE 0EE 3EE 2EE 2D3EE 1S5EE 4C7EE 0S9EE 3DTEE 2CJEE 1HQEE 4SKEE 0S2EE 3KxEE 2KxEE 1KxEE 4KxEE 0KxEE 0KxEE 0D4C4EE 3EE 2EE 1EE 4EE 0EE 0S7D7EE 3EE 2EE 1EE 4EE 0EE 0SQDQEE 3EE 2EE 1EE 4EE 0EE 0D5EE 3H7EE 2HTEE 1KxEE 4HKEE 0KxEE 3HAEE 2KxEE 4KxEE 3H2EE 3KxEE 3S3C3EE 2EE 1EE 4EE 0EE 3EE 3HJDJEE 2EE 1EE 4EE 0EE 3EE 3H5EE 2D2EE 1KxEE 4KxEE 0KxEE 3KxEE 1S6H6C6EE 4EE 0EE 3EE 1EE 1H3EE 4C8EE 4SADACAEE 0EE 3EE 1EE 4EE 4H9EE 0KxEE 3CKEE 1KxEE 4C2EE 3KxEE 4KxEE 4STEE 0KxEE 3KxEE 1SJEE 4KxEE 1KxEE 1C5EE 4DKEE 0KxEE 3KxEE 1KxEE 0D6EE 3S8EE
%00084%result% 24031
%00084%points% 248 266 258 222 281
%00085%mibun% 24031
%00085%seat% 32140
%00085%palyer_cards% S3S5D3D5C3C4C8CTCQCA SAH3H4H7HTHAH2D4D8C5C7 S8SJSQH6H9HJDJDQDKDAD2 S7S2H8HQHKD9C6C9CJCK S4S6S9STSKH5D6D7DTC2J3 
%00085%change_cards%  12SAH2EE 34S2EE 21S8H6EE 43S4EE
%00085%play%  0S3D3C3EE 3EE 2EE 1EE 4EE 0EE 0S5D5EE 3EE 2EE 1EE 4EE 0EE 0C4EE 3C6EE 2KxEE 1C7EE 4C2EE 0KxEE 3KxEE 1KxEE 4KxEE 4KxEE 4S6D6EE 0EE 3EE 2EE 1EE 4EE 4STDTEE 0EE 3EE 2EE 1EE 4EE 4H5EE 0C8EE 0CTEE 3CJEE 2KxEE 1KxEE 4KxEE 0CQEE 3CKEE 0CAEE 3KxEE 3D9C9EE 2EE 1EE 4EE 3EE 3S4EE 2H9EE 1HTEE 4KxEE 3HQEE 2H2EE 1KxEE 3KxEE 2KxEE 2SJHJDJEE 1EE 4EE 3EE 2EE 2SQDQEE 1EE 4EE 3EE 2EE 2SADAEE 1EE 4EE 3EE 2EE 2DKEE 1HAEE 4S2EE 3KxEE 2KxEE 1KxEE 4KxEE 4D7EE 3H8EE 3S7EE 2D2EE 1KxEE 4KxEE 3KxEE 1H4D4EE 4EE 3EE 1EE 1S8D8EE 1H3EE 4S9EE 3HKEE 1KxEE 4KxEE 1C5EE 4SKEE
%00085%result% 02341
%00085%points% 253 267 262 225 283
%00086%mibun% 04123
%00086%seat% 32140
%00086%palyer_cards% SJSQH6HAD5D8DJC7C9CJC2 S6S8STS2H4H7HQD7DQCA S3S7S9SAHJD4C4C6CTCKJ3 S4SKH3H5H8D6D9DTDKD2CQ S5H9HTHKH2D3DAC3C5C8 
%00086%change_cards%  10S2CAEE 42H2EE 01H6D5EE 24S3EE
%00086%play%  4S3D3C3EE 0EE 3EE 2EE 1EE 4EE 4S5C5EE 0EE 3EE 2EE 1EE 4EE 4C8EE 4H9EE 0SJEE 3CQEE 2CKEE 1KxEE 4KxEE 0CAEE 3KxEE 2KxEE 0KxEE 2KxEE 2D4C4EE 1EE 4EE 0EE 3EE 2EE 2C6EE 1H7EE 4HTEE 0HAEE 3KxEE 2H2EE 1KxEE 4KxEE 0KxEE 2KxEE 2S7EE 1S8EE 1S6H6EE 4EE 0EE 3EE 2EE 1EE 1HQDQEE 4EE 0EE 3EE 2EE 1EE 1H4EE 4HKEE 0KxEE 3KxEE 2KxEE 1KxEE 4KxEE 4DAEE 0S2EE 3KxEE 2KxEE 1KxEE 0KxEE 0DJCJEE 3EE 2EE 1EE 0EE 0C7EE 3H8EE 3SKDKEE 2EE 1EE 0EE 3EE 3H3EE 2S9EE 1STEE 0SQEE 3KxEE 2SAEE 1KxEE 0KxEE 2KxEE 2CTEE 1KxEE 0C2EE 3KxEE 2KxEE 0KxEE 0D8EE 0C9EE 3DTEE 2HJEE 1KxEE 3D2EE 3KxEE 3S4EE 1D5EE 3D6EE 1D7EE
%00086%result% 40213
%00086%points% 257 269 265 226 288
%00087%mibun% 13240
%00087%seat% 21403
%00087%palyer_cards% S7SAH5H2D4D7DJC3C4C6CT SKH4HJHQD6D9DTC9CQCA H7H9D3D5D8DQD2C7CJJ3 S4STS2H3H8HTHKHADKC5CK S3S5S6S8S9SJSQH6DAC8C2 
%00087%change_cards%  34S2HAEE 10CAEE 43S3S5EE 01C3EE
%00087%play%  2H7C7EE 1EE 4EE 0EE 3EE 2EE 2D3EE 1H4EE 4S6EE 0S7EE 3STEE 2KxEE 1KxEE 4KxEE 0KxEE 3KxEE 2KxEE 2D5EE 1D6EE 4DAEE 0KxEE 3KxEE 2D2EE 1KxEE 4KxEE 2KxEE 2D8EE 2H9EE 1DTEE 4SJEE 0SAEE 3KxEE 2KxEE 1KxEE 4S2EE 0KxEE 4KxEE 4S8C8EE 4H6EE 0D7EE 3H8EE 3S3H3EE 2EE 1EE 4EE 0EE 3EE 3S5C5EE 2EE 1EE 4EE 0EE 3EE 3HKDKCKEE 2EE 1EE 4EE 0EE 3EE 3S4EE 2CJEE 1HQEE 4HAEE 0H2EE 3KxEE 2KxEE 1KxEE 4KxEE 0KxEE 0D4C4EE 3EE 2EE 1EE 4EE 0EE 0H5EE 3HTEE 2KxEE 1HJEE 4KxEE 0KxEE 1KxEE 1D9C9EE 4EE 0EE 2EE 1EE 1C3EE 4S9EE 0CTEE 2DQEE 1SKEE 4C2EE 0KxEE 1KxEE 4KxEE 4SQEE 0CAEE 1KxEE 0KxEE 0C6EE 1CQEE
%00087%result% 32410
%00087%points% 258 271 269 231 291
%00088%mibun% 43102
%00088%seat% 21403
%00088%palyer_cards% S4H5H7H8H9HJD9D2CJCK S3S8SKSAD3D6D8DTDKC5CQ S5S6S9SJH6HQC3C8CTCAJ3 STSQS2H3D4DJDQC4C6C9C2 S7H4HTHKHAH2D5D7DAC7 
%00088%change_cards%  03D2CKEE 12SAEE 30H3D4EE 21C3EE
%00088%play%  1S3D3C3EE 4EE 0EE 3EE 2EE 1EE 1S8D8EE 1SKDKEE 4EE 0EE 3EE 2EE 1EE 1C5EE 4S7EE 0H8EE 0S4D4EE 3EE 2EE 1EE 4EE 0EE 0H9D9EE 3EE 2EE 1EE 4EE 0EE 0HJCJEE 3EE 2EE 1EE 4EE 0EE 0H3EE 3C4EE 2S5EE 1D6EE 4D7EE 0KxEE 3DJEE 2KxEE 1KxEE 4KxEE 3KxEE 2KxEE 2S6H6EE 1EE 4EE 0EE 3EE 2EE 2SACAEE 1EE 4EE 0EE 3EE 2EE 2C8EE 2S9EE 1DTEE 4HKEE 0KxEE 3S2EE 2KxEE 1KxEE 4KxEE 3KxEE 3SQDQEE 2EE 1EE 4EE 0EE 3EE 3D2C2EE 2EE 1EE 4EE 0EE 3EE 3C6EE 2CTEE 1CQEE 4KxEE 0KxEE 3CKEE 2KxEE 3KxEE 3C9EE 2SJEE 4HAEE 0KxEE 3KxEE 2KxEE 4H2EE 4KxEE 4H4EE 0H5EE 3KxEE 2HQEE 4KxEE 0KxEE 4D5EE 0H7EE 3STEE
%00088%result% 12034
%00088%points% 261 276 273 233 292
%00089%mibun% 20134
%00089%seat% 21403
%00089%palyer_cards% STSJSKH3H6HTHJHKD8DJC2 S4S5S7SQH7H8D7DAC3C7C8 S8HAD5D9DTDKC4C5CQCK S9SAS2H5H9DQD2C6C9CT S3S6H4HQH2D3D4D6CJCAJ3 
%00089%change_cards%  41H2J3EE 32S2EE 14S4C3EE 23C4EE
%00089%play%  4S3D3C3EE 0EE 3EE 2EE 1EE 4EE 4S4H4D4EE 0EE 3EE 2EE 1EE 4EE 4S6D6EE 0EE 3EE 2EE 1EE 4EE 4CJEE 0SKEE 3SAEE 2S2EE 1KxEE 4KxEE 0KxEE 3KxEE 2KxEE 1KxEE 1S7H7D7C7EE 4EE 0EE 3EE 2EE 1EE 1EE 4EE 0EE 3EE 2EE 1EE 4EE 0EE 3EE 2EE 1EE 4EE 0EE 3EE 2EE
%00089%result% 10423
%00089%points% 265 281 275 234 295
%00090%mibun% 10342
%00090%seat% 13204
%00090%palyer_cards% S7SJSAH6HAD8D2C4C6CQ S3S4S2H9HJHKD3D9DTDQC5 S8S9STSQH5HQD4D7DAC8CJ SKH7H8HTH2D5DJDKC3C9CT S5S6H3H4D6C7CKCAC2J3 
%00090%change_cards%  31SKH2EE 20DAEE 13S3D3EE 02C4EE
%00090%play%  3S3D3C3EE 2EE 0EE 4EE 1EE 3EE 3HTCTEE 2EE 0EE 4EE 1EE 3EE 3D5EE 2D7EE 0D8EE 0H6C6EE 4EE 1EE 3EE 2EE 0EE 0SAHADAEE 4EE 1EE 3EE 2EE 0EE 0S7EE 4CKEE 1S2EE 3KxEE 2KxEE 0KxEE 4KxEE 1KxEE 4KxEE 4S6D6EE 1EE 3EE 2EE 0EE 4EE 4H3EE 1S4EE 3H7EE 2S8EE 2D4C4EE 0EE 4EE 1EE 3EE 2EE 2SQHQEE 0EE 4EE 1EE 3EE 2EE 2H5EE 0SJEE 4CAEE 1H2EE 3KxEE 2KxEE 0KxEE 4KxEE 1KxEE 1H9D9EE 3EE 2EE 0EE 4EE 1EE 1SKHKEE 3EE 2EE 0EE 4EE 1EE 1C5EE 3H8EE 3C9EE 2STEE 0CQEE 4C2EE 1KxEE 3KxEE 2KxEE 0KxEE 4KxEE 4H4EE 1DTEE 3DJEE 2KxEE 0D2EE 4KxEE 1KxEE 3KxEE 4S5EE 1HJEE 3DKEE 2KxEE 4KxEE 1KxEE 2C8EE 2S9EE 4KxEE 1DQEE 2KxEE 2CJEE
%00090%result% 03124
%00090%points% 270 284 277 238 296
%00091%mibun% 02314
%00091%seat% 13204
%00091%palyer_cards% S3S8STSQSAH8HQDTD2C9CJ S4S9S2H4HAD4C3C7C8CQC2 S6H5H6HTHKH2D8DJCKCA S5SKH3D3D6D9DKC6CTJ3 S7SJH7H9HJD5D7DQDAC4C5 
%00091%change_cards%  40DQDAEE 23H2EE 04S3S8EE 32H3EE
%00091%play%  3D6C6EE 2EE 0EE 4EE 1EE 3EE 3SKDKEE 2EE 0EE 4EE 1EE 3EE 3D3EE 2H5EE 0H8EE 0STDTEE 4EE 1EE 3EE 2EE 0EE 0SQHQDQEE 4EE 1EE 3EE 2EE 0EE 0SADAEE 4EE 1EE 3EE 2EE 0EE 0C9EE 4SJEE 1CQEE 3H2EE 2KxEE 0KxEE 4KxEE 1KxEE 3KxEE 3KxEE 3S5EE 2S6EE 0KxEE 4S7EE 1S9EE 3KxEE 2KxEE 4KxEE 1S2EE 1KxEE 1S4H4D4EE 3EE 2EE 0EE 4EE 1EE 1C3EE 3D9EE 2HTEE 0CJEE 4KxEE 1HAEE 3KxEE 2KxEE 0D2EE 1KxEE 4D5C5EE 1EE 3EE 2EE 4EE 4H7D7EE 1EE 3EE 2EE 4EE 4S3EE 1C7EE 3CTEE 2CKEE 4KxEE 1C2EE 2KxEE 1KxEE 1C8EE 2H3EE 4C4EE 2H6EE 4S8EE 4H9EE 2DJEE 4KxEE 2HKEE 2CAEE 2KxEE 2D8EE
%00091%result% 03124
%00091%points% 275 287 279 242 297
%00092%mibun% 02314
%00092%seat% 13204
%00092%palyer_cards% S3S7S9SJH4HTHKC3C6C7C9 S5S6SQSAS2H8H9HJC8CTCA S4STSKH3H5H7D3D5DKCQ HAH2D6D8DTDJC5CKC2J3 S8H6HQD4D7D9DQDAD2C4CJ 
%00092%change_cards%  40DAD2EE 23SKEE 04S3C3EE 32C5EE
%00092%play%  2H3D3EE 0EE 4EE 1EE 3EE 2EE 2H5D5C5EE 0EE 4EE 1EE 3EE 2EE 2S4EE 0C6EE 4D7EE 1H8EE 1SACAEE 3EE 2EE 0EE 4EE 1EE 1S5EE 3D6EE 2H7EE 0S9EE 4CJEE 1SQEE 3SKEE 2KxEE 0KxEE 4KxEE 1S2EE 3KxEE 1KxEE 3KxEE 3H2C2EE 2EE 0EE 4EE 1EE 3EE 3D8EE 3DTEE 2CQEE 0HKEE 4KxEE 1KxEE 3HAEE 2KxEE 0KxEE 3KxEE 3DJEE 2DKEE 0DAEE 4KxEE 1KxEE 3KxEE 2KxEE 0D2EE 0KxEE 0S7C7EE 4EE 1EE 3EE 2EE 0EE 0H4EE 4H6EE 1H9EE 3KxEE 2KxEE 0HTEE 4HQEE 1KxEE 0KxEE 4KxEE 4S3C3EE 1EE 3EE 2EE 0EE 4EE 4D4C4EE 1EE 3EE 2EE 0EE 4EE 4S8EE 4D9EE 1CTEE 3CKEE 2KxEE 0KxEE 4KxEE 1KxEE 2STEE 0SJEE 4KxEE 1KxEE 0KxEE 0C9EE 4DQEE
%00092%result% 32041
%00092%points% 278 288 283 247 299
%00093%mibun% 24103
%00093%seat% 10423
%00093%palyer_cards% S4S8SQH6HJD8DQC6CQCKC2 S5STSJHTHQHKD6D7D9DJDA S3SKH3HAH2D4DKC3C4C8 S6S7S9H5H7H9D5C5C9CTCA SAS2H4H8D3DTD2C7CJJ3 
%00093%change_cards%  13HKDAEE 42J3EE 31H5D5EE 24S3EE
%00093%play%  4S3D3EE 2EE 3EE 1EE 0EE 4EE 4S2D2EE 2EE 3EE 1EE 0EE 4EE 4H4EE 2C8EE 2H3C3EE 3EE 1EE 0EE 4EE 2EE 2D4C4EE 3EE 1EE 0EE 4EE 2EE 2SKDKEE 3EE 1EE 0EE 4EE 2EE 2HAEE 3KxEE 1KxEE 0C2EE 4KxEE 2KxEE 0KxEE 2KxEE 2H2EE 3KxEE 1KxEE 0KxEE 4KxEE 3S7H7EE 1EE 0EE 4EE 3EE 3S9H9C9EE 1EE 0EE 4EE 3EE 3DACAEE 1EE 0EE 4EE 3EE 3C5EE 1D6EE 0S8EE 0H6C6EE 4EE 3EE 1EE 0EE 0SQDQCQEE 4EE 3EE 1EE 0EE 0S4EE 4C7EE 3CTEE 1KxEE 0CKEE 4KxEE 3KxEE 0KxEE 0D8EE 0HJEE 4SAEE 3KxEE 1KxEE 4KxEE 4H8EE 4DTEE 3HKEE 1KxEE 4KxEE 3KxEE 3S6EE 1D7EE 4CJEE
%00093%result% 20341
%00093%points% 282 289 288 250 301
%00094%mibun% 14023
%00094%seat% 10423
%00094%palyer_cards% S5S6SKH4HTHKH2D6DTDQ S4SJH7DKD2C5C7C8CKCAJ3 S3S2H5H6H8HQD3D9C4C6CJ S8STH3HAD5D7D8DJDAC9C2 S7S9SQSAH9HJD4C3CTCQ 
%00094%change_cards%  12D2J3EE 40SAEE 21S3D3EE 04H4EE
%00094%play%  1S3D3EE 0EE 4EE 2EE 3EE 1EE 1H7C7EE 0EE 4EE 2EE 3EE 1EE 1DKCKEE 0EE 4EE 2EE 3EE 1EE 1S4EE 0S5EE 4S7EE 2S2EE 3KxEE 1KxEE 0KxEE 4KxEE 2KxEE 2KxEE 2H6C6EE 3EE 1EE 0EE 4EE 2EE 2C4EE 3D5EE 1C8EE 1C5EE 0S6EE 4S9EE 2KxEE 3STEE 1SJEE 0SKEE 4KxEE 3KxEE 1KxEE 0SAEE 0KxEE 0HTDTEE 4EE 2EE 3EE 1EE 0EE 0D6EE 4H9EE 2CJEE 3HAEE 1KxEE 0H2EE 4KxEE 2KxEE 3KxEE 0KxEE 0DQEE 4KxEE 2D2EE 3KxEE 1KxEE 0KxEE 2KxEE 2H5EE 3D7EE 1CAEE 0KxEE 4KxEE 2KxEE 3C2EE 3KxEE 3S8D8EE 3H3EE 0HKEE 4KxEE 2KxEE 3KxEE 4H4D4EE 2EE 3EE 4EE 4SQCQEE 2EE 3EE 4EE 4C3EE 2H8EE 2D9EE 3DJEE 4KxEE 2KxEE 3DAEE 3KxEE 3C9EE 4CTEE 2KxEE 4KxEE 4HJEE
%00094%result% 10342
%00094%points% 286 294 289 253 303
%00095%mibun% 10423
%00095%seat% 10423
%00095%palyer_cards% S5STH3H5H6H9HAD3DTC9J3 S3S4S6S7S8D4DAD2C7CAC2 SAH4HQHKH2D7DKC4C6CQ SJSQSKS2H7H8HTHJD5DQ S9D6D8D9DJC3C5C8CTCJCK 
%00095%change_cards%  21SAH2EE 40CKEE 12S3S4EE 04H3EE
%00095%play%  0S5H5EE 4EE 2EE 3EE 1EE 0EE 0H9C9EE 4EE 2EE 3EE 1EE 0EE 0STDTEE 4EE 2EE 3EE 1EE 0EE 0D3EE 4C5EE 2C6EE 3KxEE 1C7EE 0CKEE 4KxEE 2KxEE 1CAEE 0KxEE 1KxEE 0KxEE 0H6EE 4D8EE 4H3C3EE 2EE 3EE 1EE 0EE 4EE 4S9D9EE 2EE 3EE 1EE 0EE 4EE 4DJCJEE 2EE 3EE 1EE 0EE 4EE 4D6EE 2D7EE 3DQEE 1DAEE 0KxEE 4KxEE 2KxEE 3KxEE 1D2EE 1KxEE 1H2C2EE 0EE 4EE 2EE 3EE 1EE 1D4EE 0HAEE 4KxEE 2KxEE 3S2EE 1KxEE 3KxEE 3SJHJEE 1EE 4EE 2EE 3EE 3D5EE 1S6EE 4C8EE 4CTEE 2HQEE 3SKEE 1SAEE 2KxEE 3KxEE 1KxEE 1S7EE 2CQEE 3KxEE 1KxEE 2HKEE 2KxEE 2S4H4C4EE 3EE 1EE 2EE 2S3EE 3H7EE 1S8EE 2DKEE
%00095%result% 04123
%00095%points% 291 297 291 254 307
%00096%mibun% 02341
%00096%seat% 10342
%00096%palyer_cards% S4S6SKH4H8HKC4C5C7CJJ3 S3S9S2H6H7HTHQH2DQDA S5S8SAH5D3D5D7D9C3CQ S7STSQH3HADTDKC6C8CKCA SJH9HJD4D6D8DJD2C9CTC2 
%00096%change_cards%  30HACAEE 24SAEE 03S4H4EE 42D4EE
%00096%play%  2D3C3EE 1EE 0EE 3EE 4EE 2EE 2S5H5D5EE 1EE 0EE 3EE 4EE 2EE 2D4EE 1H6EE 0C7EE 3C8EE 3S4H4EE 4EE 2EE 1EE 0EE 3EE 3STDTEE 4EE 2EE 1EE 0EE 3EE 3DKCKEE 4EE 2EE 1EE 0EE 3EE 3H3EE 4D6EE 2D7EE 1DQEE 0KxEE 3KxEE 4KxEE 2KxEE 1KxEE 0KxEE 0SKHKEE 3EE 4EE 2EE 1EE 0EE 0HACAEE 3EE 4EE 2EE 1EE 0EE 0C4EE 3C6EE 4C9EE 2CQEE 1KxEE 0KxEE 3KxEE 4C2EE 2KxEE 4KxEE 4SJHJDJEE 2EE 1EE 0EE 3EE 4EE 4D8EE 4H9EE 2KxEE 1HTEE 0KxEE 3KxEE 4KxEE 1HQEE 1H2EE 1KxEE 1S3EE 0C5EE 3S7EE 4CTEE 2KxEE 1DAEE 0KxEE 3KxEE 4D2EE 1KxEE 4KxEE 4SAEE 2KxEE 1S2EE 0KxEE 3KxEE 1KxEE 1H7EE 0H8EE 0S6EE 3SQEE 2KxEE 1KxEE 0KxEE 2S8EE 2D9EE 1KxEE 0CJEE
%00096%result% 43201
%00096%points% 293 298 294 258 312
%00097%mibun% 34210
%00097%seat% 10342
%00097%palyer_cards% S7STSQSAH5HAD2C9CQJ3 S6S8S2H4HJD5D8DAC3C4C2 S3S4SJH7HTH2D3D7D9DKC6 S9H3H8H9HKDTC5C7CTCA S5SKH6HQD4D6DJDQC8CJCK 
%00097%change_cards%  14S2C2EE 03J3EE 41S5D4EE 30H3EE
%00097%play%  2S3D3EE 1EE 0EE 3EE 4EE 2EE 2H7D7EE 1EE 0EE 3EE 4EE 2EE 2S4EE 1S5EE 0S7EE 3S9EE 4SKEE 2KxEE 1KxEE 0SAEE 3KxEE 4KxEE 0KxEE 3KxEE 3DTCTEE 4EE 2EE 1EE 0EE 3EE 3C5EE 4H6EE 2D9EE 1HJEE 0SQEE 3HKEE 4S2EE 2KxEE 1KxEE 0KxEE 3KxEE 4KxEE 4DJCJEE 2EE 1EE 0EE 3EE 4EE 4HQDQEE 2EE 1EE 0EE 3EE 4EE 4D6EE 2HTEE 1DAEE 0D2EE 3KxEE 4KxEE 2KxEE 1KxEE 0KxEE 0H3EE 3C7EE 4C8EE 4CKEE 2H2EE 1KxEE 0KxEE 3KxEE 4KxEE 2KxEE 2C6EE 1S8EE 1H4D4C4EE 0EE 3EE 4EE 2EE 1EE 1C3EE 0H5EE 3H8EE 3H9EE 4C2EE 2KxEE 1KxEE 0KxEE 3KxEE 2SJEE 1KxEE 0CQEE 3CAEE 2KxEE 0KxEE 2DKEE 1KxEE 0HAEE 0KxEE 0C9EE 1KxEE 0STEE
%00097%result% 43201
%00097%points% 295 299 297 262 317
%00098%mibun% 34210
%00098%seat% 10342
%00098%palyer_cards% S9S2H7HKH2D9C4CTCQC2 S3STSKSAHAD3D4DJDQD2C5 S5S7H3D7D8DTDAC3CJCKCA S8SJSQH4H5H8H9D5D6C6 S4S6H6HTHJHQDKC7C8C9J3 
%00098%change_cards%  14SAD2EE 03S2EE 41S4S6EE 30H4E