%-----%hostname% HonokanoMacBook-Pro.local
%-----%TIME_START% 2025/05/24 16:34:13
%-----%palyer_name% Normal Normal Normal Normal Normal
%-----%WINDOW_TYPE% ALICE
%-----%GRAPH_WINDOW% YES
%-----%RAND_TYPE% 1
%-----%RULE_KAKUMEI% YES
%-----%RULE_SHIBARI% YES
%-----%RULE_KINSOKU% NO
%-----%RULE_KAIDAN% YES
%-----%RULE_CHANGE% YES
%-----%RULE_5TOBI% NO
%-----%RULE_6REVERS% NO
%-----%RULE_8GIRI% YES
%-----%RULE_11BACK% NO
%-----%RULE_SEKIGAE% YES
%-----%RULE_SEKIGAE_NUM% 3
%-----%GAME_NUMBER% 100
%-----%FLASH_MIBUN_NUMBER% 100
%-----%GAME_PORT% 53166
%-----%RANDOM_SEED% 1748072048
%00000%mibun% 22222
%00000%seat% 12430
%00000%palyer_cards% S9SJS2H8HQHAD9C4C5C9C2 S8H4D5D7D8DTDQCJCQJ3 S4S6SAH6HJHKH2D2C3C7 STSKH3H5H7HTD4C8CTCKCA S3S5S7SQH9D3D6DJDKDAC6 
%00000%change_cards% NULL
%00000%play%  4S3D3EE 3EE 0EE 1EE 2EE 4EE 4D6C6EE 3EE 0EE 1EE 2EE 4EE 4S5EE 3H7EE 0H8EE 0S9D9C9EE 1EE 2EE 4EE 3EE 0EE 0S2C2EE 1EE 2EE 4EE 3EE 0EE 0C4EE 1D5EE 2S6EE 4S7EE 3STEE 0SJEE 1KxEE 2KxEE 4KxEE 3KxEE 0KxEE 1KxEE 1S8D8EE 1DQCQEE 2EE 4EE 3EE 0EE 1EE 1H4EE 2H6EE 4H9EE 3HTEE 0HQEE 1KxEE 2HKEE 4KxEE 3KxEE 0HAEE 2H2EE 0KxEE 2KxEE 2C3EE 4DJEE 3SKEE 0KxEE 1KxEE 2SAEE 4KxEE 3KxEE 2KxEE 2S4EE 4SQEE 3KxEE 0KxEE 1KxEE 2KxEE 4KxEE 4DKEE 3CAEE 0KxEE 1KxEE 2D2EE 4KxEE 3KxEE 2KxEE 2C7EE 4DAEE 3KxEE 0KxEE 1KxEE 2KxEE 3H3EE 0C5EE 1D7EE 2HJEE 3CKEE 1KxEE 3KxEE 3D4EE 1DTEE 3KxEE 1KxEE 1CJEE
%00000%result% 40213
%00000%points% 4 2 3 1 5
%00001%mibun% 13240
%00001%seat% 12430
%00001%palyer_cards% SAS2H6HTD3D9DJDAC4CJCQ S3H5HQHKD8D2C5C9CAC2 S4S5STSJH7HJD4D5C3C8 S6SQH3H4HAH2D6DTDQDKJ3 S7S8S9SKH8H9D7C6C7CTCK 
%00001%change_cards%  34H2J3EE 10D2EE 43S7C6EE 01D3EE
%00001%play%  1S3D3EE 2EE 4EE 3EE 0EE 1EE 1H5C5EE 2EE 4EE 3EE 0EE 1EE 1D8EE 1C9EE 2STEE 4SKEE 3KxEE 0SAEE 1KxEE 2KxEE 4KxEE 0KxEE 4KxEE 4D7C7EE 3EE 0EE 1EE 2EE 4EE 4S8H8EE 4S9H9EE 3EE 0EE 1EE 2EE 4EE 4CTEE 3SQEE 0DAEE 1C2EE 2KxEE 4KxEE 3KxEE 0KxEE 1KxEE 1HQEE 2KxEE 4CKEE 3HAEE 0S2EE 1KxEE 4KxEE 3KxEE 0KxEE 0DJCJEE 1EE 2EE 4EE 3EE 0EE 0C4EE 1HKEE 2KxEE 4H2EE 3KxEE 0KxEE 1KxEE 3S6D6C6EE 0EE 1EE 2EE 3EE 3H3EE 0H6EE 1KxEE 2H7EE 3KxEE 0HTEE 2HJEE 0KxEE 2KxEE 2S4D4EE 3EE 0EE 1EE 2EE 2S5D5EE 3EE 0EE 1EE 2EE 2C3EE 3H4EE 0D9EE 1CAEE 2KxEE 3KxEE 0D2EE 0KxEE 0CQEE 2KxEE 3DKEE 3KxEE 3S7EE 2C8EE 2SJEE
%00001%result% 41023
%00001%points% 7 6 5 2 10
%00002%mibun% 21340
%00002%seat% 12430
%00002%palyer_cards% S7S2H4H5H6H7HJD4DKD2C6 S4S9SKSAH3H9D8DJC4CJ S3S5S6S8SJSQHAH2C3CK H8HQD3D5D7D9DQC5C7CTC2 STHTHKD6DTDAC8C9CQCAJ3 
%00002%change_cards%  34HQC2EE 21H2EE 43D6C8EE 12H3EE
%00002%play%  3D5D6D7EE 0EE 1EE 2EE 4EE 3EE 3H8C8EE 3D3EE 0H4EE 1D8EE 1S4C4EE 2EE 4EE 3EE 0EE 1EE 1S9H9EE 2EE 4EE 3EE 0EE 1EE 1DJCJEE 2EE 4EE 3EE 0EE 1EE 1SKEE 2HAEE 4C2EE 3KxEE 0KxEE 1KxEE 2KxEE 4KxEE 4KxEE 4STHTDTEE 3EE 0EE 1EE 2EE 4EE 4HQCQEE 3EE 0EE 1EE 2EE 4EE 4DACAEE 3EE 0EE 1EE 2EE 4EE 4C9EE 3CTEE 0KxEE 1KxEE 2CKEE 4KxEE 3KxEE 2KxEE 2S3H3C3EE 4EE 3EE 0EE 1EE 2EE 2S5EE 4HKEE 3KxEE 0S2EE 1KxEE 2KxEE 0KxEE 0H5H6H7EE 1EE 2EE 3EE 0EE 0D4EE 1SAEE 2KxEE 3KxEE 0D2EE 1KxEE 0KxEE 0C6EE 1H2EE 2KxEE 3KxEE 0KxEE 2S6EE 3C7EE 0HJEE 2SQEE 3KxEE 0DKEE 2KxEE 0KxEE 0S7EE 2S8EE 2SJEE
%00002%result% 41023
%00002%points% 10 10 7 3 15
%00003%mibun% 21340
%00003%seat% 14320
%00003%palyer_cards% S5H3H5H2D6DJDKC8CTCQ S8SJS2H7HJHQHAD4DTDA S3STSQH8D5DQC9CJCKCAC2 S7S9SKH6H9HTD3D7D8C4C5 S4S6SAH4HKD9D2C3C6C7J3 
%00003%change_cards%  34SKHTEE 21C2EE 43S4C3EE 12D4EE
%00003%play%  3C3C4C5EE 2EE 0EE 1EE 4EE 3EE 3S7D7EE 2EE 0EE 1EE 4EE 3EE 3S9H9EE 2EE 0EE 1EE 4EE 3EE 3D3EE 2D4EE 0D6EE 1DTEE 4D2EE 3KxEE 2KxEE 0KxEE 1KxEE 4KxEE 4KxEE 4S6C6EE 3EE 2EE 0EE 1EE 4EE 4SKHKEE 3EE 2EE 0EE 1EE 4EE 4H4EE 3H6EE 2H8EE 2SQDQEE 0EE 1EE 4EE 3EE 2EE 2S3EE 0S5EE 1S8EE 1SJHJEE 4EE 3EE 2EE 0EE 1EE 1HADAEE 4EE 3EE 2EE 0EE 1EE 1S2C2EE 4EE 3EE 2EE 0EE 1EE 1H7EE 4D9EE 3KxEE 2STEE 0DJEE 1HQEE 4SAEE 2KxEE 0H2EE 4KxEE 0KxEE 0H3EE 4C7EE 3D8EE 3S4EE 2D5EE 0C8EE 0H5EE 4HTEE 2KxEE 0KxEE 2C9EE 0CTEE 2CJEE 0CQEE 2CKEE 0KxEE 2CAEE
%00003%result% 13420
%00003%points% 11 15 9 7 18
%00004%mibun% 40312
%00004%seat% 14320
%00004%palyer_cards% S3SJH3H8H9D8DAC7CJC2 S5S9SKH5H7HTHKD6D2C3C5 S6S7H6HQD4D5DQC6C9CQ STS2H4HJD3D7D9DKC8CKJ3 S4S8SQSAHAH2DTDJC4CTCA 
%00004%change_cards%  01DAC2EE 23HQEE 10S5C3EE 32D3EE
%00004%play%  2D3D4D5EE 0EE 1EE 4EE 3EE 2EE 2S6H6C6EE 0EE 1EE 4EE 3EE 2EE 2DQCQEE 0EE 1EE 4EE 3EE 2EE 2S7EE 0H8EE 0S3H3C3EE 1EE 4EE 3EE 2EE 0EE 0SJCJEE 1EE 4EE 3EE 2EE 0EE 0S5EE 1D6EE 4S8EE 4S4C4EE 3EE 2EE 0EE 1EE 4EE 4DTCTEE 3EE 2EE 0EE 1EE 4EE 4SAHACAEE 3EE 2EE 0EE 1EE 4EE 4DJEE 3HQEE 2KxEE 0KxEE 1SKEE 4H2EE 3KxEE 1KxEE 4KxEE 3KxEE 3DKCKEE 2EE 0EE 1EE 4EE 3EE 3H4EE 2C9EE 0KxEE 1HTEE 4SQEE 3S2EE 1KxEE 3KxEE 3D7EE 0D8EE 0C7EE 1S9EE 3STEE 0KxEE 1KxEE 3KxEE 3C8EE 3D9EE 0KxEE 1HKEE 3KxEE 1DAEE 1D2EE 1KxEE 1H5C5EE 3EE 0EE 1EE 1H7EE 3HJEE 0KxEE 1KxEE 0H9EE
%00004%result% 24301
%00004%points% 13 16 14 10 22
%00005%mibun% 34021
%00005%seat% 14320
%00005%palyer_cards% S3S9SAH5HQH2D6D8C3C8C2 S4S5SJH8D5DJDAC4C6CJCA S6S7S8S2H9D3DTDKC7CQCK STSKH3H4H7HTHKDQC9J3 SQH6HJHAD4D7D9D2C5CT 
%00005%change_cards%  12DACAEE 04H2EE 21S6D3EE 40D4EE
%00005%play%  1S4S5S6EE 4EE 3EE 2EE 0EE 1EE 1SJDJCJEE 4EE 3EE 2EE 0EE 1EE 1D3EE 4C5EE 3H7EE 2S8EE 2CQCKCAEE 0EE 1EE 4EE 3EE 2EE 2S7C7EE 0EE 1EE 4EE 3EE 2EE 2H9EE 0HQEE 1KxEE 4HAEE 3KxEE 2KxEE 0KxEE 4KxEE 3KxEE 3STHTEE 2EE 0EE 1EE 4EE 3EE 3SKHKEE 2EE 0EE 1EE 4EE 3EE 3H3EE 2DTEE 0SAEE 1KxEE 4H2EE 3KxEE 2KxEE 0KxEE 4KxEE 4H6EE 3C9EE 2DKEE 0C2EE 1KxEE 4KxEE 3KxEE 2KxEE 0KxEE 0S3C3EE 1EE 4EE 3EE 2EE 0EE 0D8C8EE 0D4EE 1D5EE 4D7EE 3DQEE 2DAEE 0KxEE 1KxEE 4D2EE 3KxEE 2KxEE 4KxEE 4D9EE 3KxEE 2S2EE 0KxEE 1KxEE 4KxEE 0H5EE 1C6EE 4CTEE 3KxEE 0KxEE 1KxEE 4KxEE 4HJEE 3KxEE 0KxEE 1KxEE 4SQEE 3H4EE 0D6EE 1H8EE 1C4EE
%00005%result% 24310
%00005%points% 14 18 19 13 26
%00006%mibun% 43021
%00006%seat% 23104
%00006%palyer_cards% S3S5SKS2H4H9D7D8DKC9 S4S7S9SQH3HJDAC4CTCJCA STH7H8HTHKD3D4D5D9D2C6 S6SAH5D6DTDJDQC3C5CQC2 S8SJH6HQHAH2C7C8CKJ3 
%00006%change_cards%  02SKS2EE 14DAEE 20D3D4EE 41H6EE
%00006%play%  0S3D3EE 4EE 2EE 3EE 1EE 0EE 0H4D4EE 4EE 2EE 3EE 1EE 0EE 0H9C9EE 4EE 2EE 3EE 1EE 0EE 0S5EE 4C7EE 2H8EE 2STHTEE 3EE 1EE 0EE 4EE 2EE 2SKHKEE 3EE 1EE 0EE 4EE 2EE 2S2D2EE 3EE 1EE 0EE 4EE 2EE 2D5EE 3S6EE 1S7EE 0KxEE 4S8EE 4HADAEE 2EE 3EE 1EE 0EE 4EE 4C8EE 4SJEE 2KxEE 3DQEE 1CAEE 0KxEE 4H2EE 3KxEE 1KxEE 4KxEE 4KxEE 4HQEE 2KxEE 3SAEE 1KxEE 0KxEE 4KxEE 3C2EE 3KxEE 3H5C5EE 1EE 0EE 4EE 2EE 3EE 3C3EE 1S4EE 0D7EE 4CKEE 2KxEE 3KxEE 1KxEE 0KxEE 2C6EE 3DTEE 1HJEE 0DKEE 2KxEE 3KxEE 1KxEE 0KxEE 0D8EE 2H7EE 3DJEE 1SQEE 2KxEE 3KxEE 1KxEE 1H3EE 2D9EE 3CQEE 1KxEE 3KxEE 3D6EE
%00006%result% 40231
%00006%points% 18 19 22 15 31
%00007%mibun% 14230
%00007%seat% 23104
%00007%palyer_cards% S3S4STSJHADTD2CTCQJ3 S5S9S2H3HJD5D8C3C6C8 S7SQH5H7HTHKD4DQC5C7C2 S8SKSAH4H8HQH2D3D9DJC9 S6H6H9D6D7DKDAC4CJCKCA 
%00007%change_cards%  14S2HJEE 30H2EE 41S6C4EE 03S3EE
%00007%play%  3S3D3EE 1EE 0EE 4EE 2EE 3EE 3S8H8EE 3D9C9EE 1EE 0EE 4EE 2EE 3EE 3H4EE 1S5EE 0STEE 4S2EE 2KxEE 3KxEE 1KxEE 0KxEE 4KxEE 0KxEE 0DTCTEE 4EE 2EE 3EE 1EE 0EE 0H2D2EE 4EE 2EE 3EE 1EE 0EE 0S4EE 4H6EE 2S7EE 3DJEE 1KxEE 0CQEE 4DKEE 2C2EE 3KxEE 0KxEE 4KxEE 2KxEE 2H5C5EE 3EE 1EE 0EE 4EE 2EE 2H7C7EE 3EE 1EE 0EE 4EE 2EE 2SQDQEE 3EE 1EE 0EE 4EE 2EE 2D4EE 3HQEE 1KxEE 0HAEE 4KxEE 2KxEE 3KxEE 0KxEE 0SJEE 4CKEE 2KxEE 3SAEE 1KxEE 4KxEE 3KxEE 3SKEE 1KxEE 4DAEE 2KxEE 4KxEE 4HJCJEE 2EE 1EE 4EE 4D6EE 2HTEE 1KxEE 4CAEE 2KxEE 4KxEE 4D7EE 2HKEE 1KxEE 4KxEE 1H3C3EE 4EE 1EE 1S6C6EE 4EE 1EE 1D8C8EE 1C4EE 4H9EE
%00007%result% 03241
%00007%points% 23 20 25 19 33
%00008%mibun% 04213
%00008%seat% 23104
%00008%palyer_cards% S6S2H3H8H9HQHAH2DQCTCK S4S9D8DKDAC7C9CQC2J3 S7STSAH4H5H6H7HTD2C8CA S3S8SKD3D5D6D9C4C5CJ S5SJSQHJHKD4D7DTDJC3C6 
%00008%change_cards%  10C2J3EE 43HKEE 01S6H3EE 34S3EE
%00008%play%  3D5C5EE 1EE 0EE 4EE 2EE 3EE 3SKHKEE 1EE 0EE 4EE 2EE 3EE 3D3EE 1S4EE 0H8EE 0HQDQEE 4EE 2EE 3EE 1EE 0EE 0S2H2C2EE 4EE 2EE 3EE 1EE 0EE 0H9EE 4DTEE 2SAEE 3KxEE 1KxEE 0KxEE 4KxEE 2KxEE 0KxEE 0CTEE 4SJEE 2CAEE 3KxEE 1KxEE 0KxEE 4KxEE 2D2EE 2KxEE 2H4H5H6H7EE 3EE 1EE 0EE 4EE 2EE 2STHTEE 3EE 1EE 0EE 4EE 2EE 2S7EE 3S8EE 3C4EE 1S6EE 0CKEE 4KxEE 2KxEE 3KxEE 1DAEE 0KxEE 1KxEE 1S9C9EE 0EE 4EE 2EE 3EE 1EE 1H3EE 0HAEE 4KxEE 2KxEE 3KxEE 1KxEE 4S3C3EE 2EE 3EE 1EE 4EE 4HJDJEE 2EE 3EE 1EE 4EE 4D4EE 2C8EE 3D6EE 1C7EE 4SQEE 3KxEE 1DKEE 4KxEE 1KxEE 1D8EE 1CQEE 4KxEE 3KxEE 4S5EE 3D9EE 4KxEE 3CJEE
%00008%result% 02134
%00008%points% 28 23 29 21 34
%00009%mibun% 02134
%00009%seat% 34012
%00009%palyer_cards% S4S2H3H2D4DAD2C5C7C9J3 S3S8SQSAH6HJD5D9DJCAC2 S7S9SJHKD7D8C3C6C8CQCK S5S6SKH4H8HTD6DQDKC4 STH5H7H9HQHAD3DTCTCJ 
%00009%change_cards%  40HQHAEE 32SKEE 04S4H3EE 23C3EE
%00009%play%  4H3D3EE 0EE 1EE 2EE 3EE 4EE 4STDTCTEE 0EE 1EE 2EE 3EE 4EE 4S4EE 0C5EE 1H6EE 2S7EE 3H8EE 3H4C4EE 4EE 0EE 1EE 2EE 3EE 3S6D6EE 4EE 0EE 1EE 2EE 3EE 3C3EE 4H5EE 0C7EE 1S8EE 1HJDJEE 2EE 3EE 4EE 0EE 1EE 1SACAEE 2EE 3EE 4EE 0EE 1EE 1S3EE 2C6EE 3HTEE 4CJEE 0HQEE 1C2EE 2KxEE 3KxEE 4KxEE 0KxEE 1KxEE 0KxEE 0HADAEE 1EE 2EE 3EE 4EE 0EE 0S2H2D2EE 1EE 2EE 3EE 4EE 0EE 0D4EE 1D5EE 2D7EE 3DQEE 4KxEE 0KxEE 1KxEE 2KxEE 3DKEE 3KxEE 3S5EE 4H7EE 0C9EE 1SQEE 2SKEE 4KxEE 1KxEE 2KxEE 2D8C8EE 2HKCKEE 4EE 1EE 2EE 2S9EE 4KxEE 1KxEE 2SJEE 2KxEE 2CQEE 4KxEE 1KxEE 4H9EE
%00009%result% 30241
%00009%points% 32 24 32 26 36
%00010%mibun% 14203
%00010%seat% 34012
%00010%palyer_cards% S7S8STH6HQDJDKDAC3C5CA S4S9SQH3H8D9C4C6C7CK S3S6SKSAH5H9HJD7D8J3 S2H4H7HKD3D5DTDQCTCJCQ S5SJHTHAH2D4D6D2C8C9C2 
%00010%change_cards%  13SQCKEE 40H2EE 31H4D3EE 04C3EE
%00010%play%  1H3D3EE 2EE 3EE 4EE 0EE 1EE 1S4H4C4EE 2EE 3EE 4EE 0EE 1EE 1S9D9EE 2EE 3EE 4EE 0EE 1EE 1C6EE 2D7EE 3DTEE 4D2EE 0KxEE 1KxEE 2KxEE 3KxEE 4KxEE 2KxEE 2S3EE 3D5EE 4D6EE 0DJEE 1KxEE 2KxEE 3DQEE 4KxEE 0DKEE 3KxEE 0DAEE 0KxEE 0C5EE 1C7EE 2KxEE 3CTEE 4C2EE 0KxEE 1KxEE 3KxEE 4KxEE 4C3EE 0H6EE 1H8EE 2H5EE 3H7EE 4HTEE 0HQEE 2KxEE 3HKEE 4HAEE 0H2EE 3KxEE 4KxEE 0KxEE 0S7EE 2D8EE 2S6EE 3CJEE 4KxEE 0CAEE 2KxEE 3KxEE 0KxEE 0S8EE 0STEE 2HJEE 3SQEE 4KxEE 2SKEE 3S2EE 2KxEE 3KxEE 3CQEE 4KxEE 2SAEE 3KxEE 2KxEE 2H9EE 3CKEE
%00010%result% 10234
%00010%points% 36 29 35 28 37
%00011%mibun% 10234
%00011%seat% 34012
%00011%palyer_cards% S3H3HTHKD9D2C4C7CTJ3 S8SAS2H6D4D5D6DTC6CKCA S5S7H8H9HJHADJDAC3C9CJ S4S6S9SKHQH2D7D8DQC5C2 STSJSQH4H5H7D3DKC8CQ 
%00011%change_cards%  41SQDKEE 30H2EE 14D4D5EE 03S3EE
%00011%play%  4D3D4D5EE 0EE 1EE 2EE 3EE 4EE 4H4EE 0C7EE 1S8EE 1H6D6C6EE 2EE 3EE 4EE 0EE 1EE 1DKCKEE 2EE 3EE 4EE 0EE 1EE 1SACAEE 2EE 3EE 4EE 0EE 1EE 1DTEE 2HJEE 3HQEE 4KxEE 0HKEE 1KxEE 2HAEE 3KxEE 0H2EE 2KxEE 0KxEE 0KxEE 0HTCTEE 1EE 2EE 3EE 4EE 0EE 0H3EE 1SQEE 2DAEE 3C2EE 4KxEE 0KxEE 1KxEE 2KxEE 3KxEE 3S3EE 4H5EE 0D9EE 1S2EE 2KxEE 3KxEE 4KxEE 0KxEE 2H9C9EE 3EE 4EE 0EE 2EE 2DJCJEE 3EE 4EE 0EE 2EE 2C3EE 3S4EE 4H7EE 0D2EE 2KxEE 3KxEE 4KxEE 0KxEE 0C4EE 2S5EE 3S6EE 4STEE 2KxEE 3SKEE 4KxEE 3KxEE 3C5EE 4C8EE 4SJEE 2KxEE 3DQEE 4KxEE 3KxEE 3D7EE 4CQEE 2KxEE 3KxEE 2S7EE 3D8EE 3S9EE
%00011%result% 10432
%00011%points% 40 34 36 30 40
%00012%mibun% 10432
%00012%seat% 03421
%00012%palyer_cards% SJHKH2D6D7D8C3C4C5CTC2 STSQH8HQD3DJDQD2C9CJJ3 SKS2H3HTHJHAD9C8CKCA S3S7SAH4H6H7H9D4DKC7CQ S4S5S6S8S9H5D5DTDAC6 
%00012%change_cards%  21S2HAEE 30SAEE 12H8D3EE 03C3EE
%00012%play%  2H3D3EE 1EE 0EE 3EE 4EE 2EE 2H8C8EE 2SKCKEE 1EE 0EE 3EE 4EE 2EE 2D9EE 1STEE 0SJEE 3KxEE 4KxEE 2KxEE 1SQEE 0SAEE 1S2EE 0KxEE 1KxEE 1KxEE 1DJCJEE 0EE 3EE 4EE 2EE 1EE 1HQDQEE 0EE 3EE 4EE 2EE 1EE 1C9EE 0CTEE 3CQEE 4KxEE 2CAEE 1KxEE 0C2EE 3KxEE 2KxEE 0KxEE 0D6D7D8EE 0C4EE 3H6EE 4S8EE 4S4S5S6EE 2EE 1EE 0EE 3EE 4EE 4H5D5EE 2EE 1EE 0EE 3EE 4EE 4C6EE 2HTEE 1HAEE 0H2EE 3KxEE 4KxEE 2KxEE 1KxEE 0KxEE 0C5EE 3S7EE 4S9EE 2KxEE 1KxEE 0KxEE 3KxEE 4KxEE 4DTEE 2HJEE 1D2EE 0KxEE 3KxEE 4KxEE 0HKEE 3KxEE 4DAEE
%00012%result% 21043
%00012%points% 43 38 41 31 42
%00013%mibun% 21043
%00013%seat% 03421
%00013%palyer_cards% S3S6S9STS2H4HTHAH2D4DQ S7SKSAH6HKD8DJDKD2C4C6 S5S8H5HQD5D9C3C5C7CJCA SJSQH3H8D3D6DTC8C9CK S4H7H9HJD7DACTCQC2J3 
%00013%change_cards%  32SQCKEE 41J3EE 23S5C3EE 14C4EE
%00013%play%  3H3D3C3EE 4EE 2EE 1EE 0EE 3EE 3H8C8EE 3S5EE 4H7EE 2S8EE 2H5D5C5EE 1EE 0EE 3EE 4EE 2EE 2SQHQEE 1EE 0EE 3EE 4EE 2EE 2C7EE 1D8EE 1H6C6EE 0EE 3EE 4EE 2EE 1EE 1SKHKDKEE 0EE 3EE 4EE 2EE 1EE 1S7EE 0S9EE 3SJEE 4KxEE 2KxEE 1SAEE 0S2EE 3KxEE 1KxEE 0KxEE 1KxEE 1DJEE 0DQEE 3KxEE 4DAEE 2KxEE 1D2EE 0KxEE 4KxEE 0H4D4EE 3EE 4EE 2EE 0EE 0STHTEE 3EE 4EE 2EE 0EE 0S3EE 3D6EE 4D7EE 2D9EE 0KxEE 3DTEE 4KxEE 2KxEE 3KxEE 3C9EE 4CTEE 2CJEE 0KxEE 4CQEE 2CKEE 4C2EE 2KxEE 4KxEE 4S4C4EE 2EE 0EE 4EE 4H9EE 2CAEE 0H2EE 4KxEE 0KxEE 0S6EE 4HJEE
%00013%result% 13240
%00013%points% 44 43 44 35 44
%00014%mibun% 40213
%00014%seat% 03421
%00014%palyer_cards% S8H9HJHQHAD6D8D2C8CTCJ S3S6SJH3H4H5HTD4DTDQC2 STH6H8D3DJC4C7CKCAJ3 S5SQSKH2D9DAC3C5C6C9CQ S4S7S9SAS2H7HKD5D7DK 
%00014%change_cards%  01HAD2EE 43S2EE 10S3H3EE 34C3EE
%00014%play%  2D3EE 1H4EE 0D6EE 3D9EE 4DKEE 2KxEE 1KxEE 0KxEE 3KxEE 4KxEE 2KxEE 2C4EE 1H5EE 0S8EE 0S3H3EE 3EE 4EE 2EE 1EE 0EE 0D8C8EE 0HJCJEE 3EE 4EE 2EE 1EE 0EE 0H9EE 3SQEE 4HKEE 2CAEE 1D2EE 0KxEE 3KxEE 4KxEE 2KxEE 1KxEE 1HTDTEE 0EE 3EE 4EE 2EE 1EE 1D4EE 0CTEE 3CQEE 4KxEE 2CKEE 1C2EE 0KxEE 3KxEE 2KxEE 1KxEE 1S6EE 0HQEE 3SKEE 4SAEE 2KxEE 1KxEE 3S2EE 4KxEE 3KxEE 3S5C5EE 4EE 2EE 1EE 3EE 3C6EE 4S7EE 2H8EE 2H6EE 1SJEE 3DAEE 4KxEE 2KxEE 1KxEE 3H2EE 3KxEE 3C9EE 4KxEE 2STEE 1DQEE 2KxEE 1HAEE 4H7D7EE 2EE 4EE 4C3EE 2C7EE 4KxEE 2KxEE 2DJEE
%00014%result% 03124
%00014%points% 49 46 46 39 45
%00015%mibun% 02314
%00015%seat% 40132
%00015%palyer_cards% S6S9STS2H6HKHADAD2C3CJ SQH5HTHJD3D4D5D6DQCTCK SJH3H7H8HQD7D9C5C7CA S3SKSAH4H9H2DTDJC4C6CQ S4S5S7S8D8DKC8C9C2J3 
%00015%change_cards%  40C2J3EE 23CAEE 04S6C3EE 32S3EE
%00015%play%  1D3D4D5D6EE 3EE 2EE 4EE 0EE 1EE 1HTCTEE 3EE 2EE 4EE 0EE 1EE 1SQDQEE 3EE 2EE 4EE 0EE 1EE 1H5EE 3C6EE 2H7EE 4S8EE 4S4S5S6S7EE 0EE 1EE 3EE 2EE 4EE 4D8C8EE 4C3EE 0H6EE 1HJEE 3H2EE 2KxEE 4KxEE 0KxEE 1KxEE 3KxEE 0KxEE 0HADAEE 1EE 3EE 2EE 4EE 0EE 0S2D2C2EE 1EE 3EE 2EE 4EE 0EE 0S9EE 1CKEE 3SAEE 2KxEE 4KxEE 0KxEE 3KxEE 3H4C4EE 2EE 4EE 0EE 3EE 3H9EE 2SJEE 4DKEE 0KxEE 3CAEE 2KxEE 4KxEE 3KxEE 3DTEE 2HQEE 4KxEE 0HKEE 3KxEE 2KxEE 0KxEE 0STEE 3DJEE 2KxEE 4KxEE 0KxEE 3CQEE 3SKEE 2S3H3EE 4EE 0EE 2EE 2D7C7EE 4EE 0EE 2EE 2C5EE 4C9EE 0CJEE
%00015%result% 13402
%00015%points% 51 51 47 43 48
%00016%mibun% 30412
%00016%seat% 40132
%00016%palyer_cards% HTHAH2D4D9DKDAD2C3C9 S5S7S8S9SJH6H9HJDQCAJ3 S2H8HQD3D8DTDJC4C7C8CK S3S4SQSKSAH3D5D7CTCJCQ S6STH4H5H7HKD6C5C6C2 
%00016%change_cards%  21S2CKEE 03H2EE 12S5H6EE 30S3EE
%00016%play%  2H8D8C8EE 2D3EE 4H4EE 0D9EE 1SJEE 3SQEE 2KxEE 4KxEE 0KxEE 1S2EE 3KxEE 1KxEE 1KxEE 1S7S8S9EE 1H9EE 3CTEE 2DJEE 4HKEE 0HAEE 1KxEE 3H2EE 2KxEE 4KxEE 0KxEE 3KxEE 3H3EE 2C4EE 4H5EE 0C9EE 1HJEE 3CQEE 2KxEE 4C2EE 0KxEE 1KxEE 3KxEE 4KxEE 4S6D6C6EE 0EE 1EE 3EE 2EE 4EE 4C5EE 0HTEE 1DQEE 3SKEE 2KxEE 4KxEE 0DAEE 1KxEE 3KxEE 0D2EE 0KxEE 0S3C3EE 1EE 3EE 2EE 4EE 0EE 0D4EE 1CKEE 3SAEE 2KxEE 4KxEE 0KxEE 1KxEE 3KxEE 3S4EE 2S5EE 4STEE 0KxEE 1KxEE 3KxEE 2KxEE 4KxEE 4H7EE 0DKEE 1CAEE 3KxEE 2KxEE 3D5EE 2H6EE 3D7EE 2DTEE 3KxEE 2KxEE 2C7EE 3CJEE
%00016%result% 40132
%00016%points% 55 54 48 45 53
%00017%mibun% 12430
%00017%seat% 40132
%00017%palyer_cards% S3SQH7H8D3D6D7DAC3C8CT S4HTD5D2C5C6CJCQCKCAJ3 S6S7SJH6HJHAD4D8DTDK S5S9H3HQHKH2D9DQC4C7 S8STSKSAS2H4H5H9DJC9C2 
%00017%change_cards%  24HADKEE 30H2EE 42H4H5EE 03S3EE
%00017%play%  0D3C3EE 1EE 3EE 2EE 4EE 0EE 0H7D7EE 1EE 3EE 2EE 4EE 0EE 0H8C8EE 0D6EE 1HTEE 3HQEE 2KxEE 4HAEE 0H2EE 1KxEE 3KxEE 4KxEE 0KxEE 1KxEE 1CJCQCKCAEE 3EE 2EE 4EE 0EE 1EE 1D5C5EE 3EE 2EE 4EE 0EE 1EE 1S4EE 3S5EE 2S6EE 4S8EE 4SKSAS2EE 0EE 1EE 3EE 2EE 4EE 4H9C9EE 0EE 1EE 3EE 2EE 4EE 4STEE 0SQEE 1KxEE 3KxEE 2KxEE 4KxEE 0KxEE 0CTEE 1D2EE 3KxEE 2KxEE 4KxEE 0KxEE 1KxEE 1C6EE 3C7EE 2KxEE 4C2EE 0KxEE 3KxEE 4KxEE 4DJEE 0DAEE 3KxEE 2KxEE 4KxEE 3S3H3EE 2EE 4EE 3EE 3S9D9EE 2EE 4EE 3EE 3C4EE 2H5EE 4DKEE 3KxEE 2KxEE 3DQEE 2KxEE 3HKEE
%00017%result% 10432
%00017%points% 59 59 49 47 56
%00018%mibun% 10432
%00018%seat% 23401
%00018%palyer_cards% S7SKH5HKD7D8C3CTCJJ3 S8H7HAH2D3D9DJDQDKD2C5 S4SJH3H4H9HQD5D6DTC4CA S3S6S9SQSAS2H8HTHJC7C9 S5STH6D4DAC6C8CQCKC2 
%00018%change_cards%  21HQCAEE 30S2EE 12D3C5EE 03C3EE
%00018%play%  2H3D3EE 3EE 4EE 0EE 1EE 2EE 2S4H4C4EE 3EE 4EE 0EE 1EE 2EE 2D5C5EE 3EE 4EE 0EE 1EE 2EE 2D6EE 3C7EE 4C8EE 4H6C6EE 0EE 1EE 2EE 3EE 4EE 4D4EE 0H5EE 1H7EE 2H9EE 3HTEE 4KxEE 0HKEE 1HAEE 2KxEE 3KxEE 0KxEE 1KxEE 0KxEE 0S7D7EE 1EE 2EE 3EE 4EE 0EE 0D8EE 0CTEE 1DJEE 2KxEE 3SQEE 4CKEE 0S2EE 1KxEE 3KxEE 4KxEE 0KxEE 0CJEE 1HQEE 2KxEE 3SAEE 4C2EE 0KxEE 1KxEE 3KxEE 4KxEE 4S5EE 0SKEE 1KxEE 2KxEE 3KxEE 4KxEE 1H2D2EE 2EE 3EE 4EE 1EE 1S8EE 1D9EE 2DTEE 3KxEE 4DAEE 1KxEE 2KxEE 4KxEE 4STEE 1DQEE 2KxEE 3KxEE 4KxEE 1DKEE 1KxEE 1CAEE 2KxEE 3KxEE 4KxEE 2SJEE 3KxEE 4CQEE
%00018%result% 01243
%00018%points% 64 63 52 48 58
%00019%mibun% 01243
%00019%seat% 23401
%00019%palyer_cards% S3S8H4H2D3D6D8DAC4C7CJ SAH8H9HQD5D7D9D2C8CTC2 S5S9STS2H7D4DQC3C5CQCA SJSQSKHTHJDJDKC6C9CK S4S6S7H3H5H6HKHADTJ3 
%00019%change_cards%  30SKDKEE 41J3EE 03S3D3EE 14D5EE
%00019%play%  3S3D3EE 4EE 0EE 1EE 2EE 3EE 3SJHJDJEE 4EE 0EE 1EE 2EE 3EE 3C6EE 4S7EE 0S8EE 0H4C4EE 1EE 2EE 3EE 4EE 0EE 0SKDKEE 1EE 2EE 3EE 4EE 0EE 0D6EE 1D7EE 2DQEE 3KxEE 4KxEE 0DAEE 1D2EE 2KxEE 0KxEE 1KxEE 1KxEE 1H8C8EE 1H9D9EE 2EE 3EE 4EE 0EE 1EE 1CTEE 2CQEE 3CKEE 4KxEE 0KxEE 1C2EE 2KxEE 3KxEE 1KxEE 1HQEE 2CAEE 3KxEE 4KxEE 0H2EE 1KxEE 2KxEE 0KxEE 0C7EE 1SAEE 2S2EE 3KxEE 4KxEE 0KxEE 2KxEE 2S5C5EE 3EE 4EE 0EE 2EE 2C3EE 3C9EE 4KxEE 0CJEE 2KxEE 3KxEE 0KxEE 0D8EE 2D4EE 3HTEE 4HKEE 2KxEE 3KxEE 4HAEE 4KxEE 4H5D5EE 2EE 3EE 4EE 4S6H6EE 2EE 3EE 4EE 4H3EE 2H7EE 3KxEE 4KxEE 2KxEE 2S9EE 3SQEE 4KxEE 2KxEE 4S4EE 2STEE
%00019%result% 10324
%00019%points% 68 68 54 51 59
%00020%mibun% 10324
%00020%seat% 23401
%00020%palyer_cards% STSQSAH5H9D3DQC7C9CK S5SKHTHKH2D8DKD2C3C8C2 S4S6SJH4H8HQHAD5D7C4CA H3H6H7HJD4D6DTDAC5C6J3 S3S7S8S9S2D9DJCTCJCQ 
%00020%change_cards%  41S2CQEE 20HAEE 14S5C3EE 02D3EE
%00020%play%  2S4H4C4EE 3EE 4EE 0EE 1EE 2EE 2D3EE 3D4EE 4D9EE 0DQEE 1DKEE 2KxEE 3DAEE 4KxEE 0KxEE 1D2EE 3KxEE 1KxEE 3KxEE 3H6D6C6EE 4EE 0EE 1EE 2EE 3EE 3H3EE 4S5EE 0C7EE 1D8EE 1SKHKEE 2EE 3EE 4EE 0EE 1EE 1S2H2C2EE 2EE 3EE 4EE 0EE 1EE 1C8EE 1HTEE 2SJEE 3KxEE 4KxEE 0SQEE 1KxEE 2KxEE 0SAEE 0KxEE 0H9C9EE 1EE 2EE 3EE 4EE 0EE 0H5EE 1CQEE 2CAEE 3KxEE 4KxEE 0KxEE 2KxEE 2D5EE 3H7EE 4S8EE 4S3C3EE 0EE 2EE 3EE 4EE 4DJCJEE 0EE 2EE 3EE 4EE 4S7EE 0STEE 2KxEE 3KxEE 4KxEE 0KxEE 0CKEE 2KxEE 3KxEE 4KxEE 0HAEE 2S6EE 3DTEE 4KxEE 2HQEE 3KxEE 2KxEE 2D7EE 3HJEE 4KxEE 2KxEE 3KxEE 3C5EE 4S9EE 2KxEE 4CTEE
%00020%result% 10342
%00020%points% 72 73 55 54 61
%00021%mibun% 10423
%00021%seat% 32014
%00021%palyer_cards% SJH3H8H2DJC4C5C9CQCK S3S4S6S7SKSAH9HADTDQCA S8S9STS2H7HQD6C7CJC2 S5H4H6D4D5D7D9DKC6C8CT SQH5HTHJHKD3D8DAD2C3J3 
%00021%change_cards%  21S2C2EE 40J3EE 12S3S4EE 04H3EE
%00021%play%  4H3D3C3EE 3EE 2EE 0EE 1EE 4EE 4H5EE 3H6EE 2H7EE 0H8EE 0SJDJEE 1EE 4EE 3EE 2EE 0EE 0C4EE 1S6EE 4D8EE 4HTEE 3DKEE 2KxEE 0H2EE 1KxEE 4KxEE 3KxEE 0KxEE 0KxEE 0C5EE 1S7EE 4HJEE 3KxEE 2HQEE 0KxEE 1HAEE 4KxEE 2KxEE 1KxEE 1SKSAS2EE 4EE 3EE 2EE 0EE 1EE 1H9EE 4SQEE 3KxEE 2KxEE 0CKEE 1CAEE 4KxEE 0KxEE 1C2EE 1KxEE 1DTEE 4HKEE 3KxEE 2KxEE 0KxEE 1KxEE 4DAEE 4D2EE 3H4D4EE 2EE 0EE 1EE 3EE 3S5D5EE 2EE 0EE 1EE 3EE 3C6EE 2C7EE 0C9EE 1KxEE 3CTEE 2CJEE 0CQEE 3KxEE 2KxEE 1DQEE 3KxEE 2KxEE 3D7EE 2S8EE 2S3EE 3C8EE 3D9EE
%00021%result% 40132
%00021%points% 76 76 56 56 66
%00022%mibun% 12430
%00022%seat% 32014
%00022%palyer_cards% S4S8S9SJSQHJH2DJDACA H4H7HAD3D9C4C7CQCKC2 S3S7SAH8HKD4DTDQDKC6CJ S5SKH3H5H6H9HTC5C8CTJ3 S6STS2HQD5D6D7D8D2C3C9 
%00022%change_cards%  24SAHKEE 30J3EE 42D5C3EE 03S4EE
%00022%play%  1H4C4EE 4EE 3EE 2EE 0EE 1EE 1H7C7EE 4EE 3EE 2EE 0EE 1EE 1D3EE 4S6EE 3C8EE 3S5H5C5EE 2EE 0EE 1EE 4EE 3EE 3HTCTEE 2EE 0EE 1EE 4EE 3EE 3H3EE 2D4EE 0S8EE 0SJHJDJEE 1EE 4EE 3EE 2EE 0EE 0DACAEE 1EE 4EE 3EE 2EE 0EE 0S9EE 1CQEE 4HKEE 3KxEE 2KxEE 0H2EE 1KxEE 4KxEE 0KxEE 0KxEE 0SQEE 1CKEE 4SAEE 3KxEE 2KxEE 1C2EE 4KxEE 1KxEE 1D9EE 4STEE 3SKEE 2KxEE 1KxEE 4S2EE 3KxEE 4KxEE 4D6D7D8EE 4C9EE 3KxEE 2DTEE 1HAEE 4D2EE 2KxEE 4KxEE 4HQEE 3KxEE 2DKEE 2KxEE 2S3C3EE 3EE 2EE 2D5EE 3H6EE 2S7EE 3H9EE 2CJEE 3KxEE 2DQEE 2KxEE 2C6EE 3KxEE 2H8EE
%00022%result% 01423
%00022%points% 81 80 58 57 69
%00023%mibun% 01342
%00023%seat% 32014
%00023%palyer_cards% S3S9SJSKH5HKDQDAC4C9J3 SAH3H7H2D4D9D2C3CJCQCA S4S5S6H6H9HTD7C7CTCK SQH8HJHQD5D6D8C5C8C2 S7S8STS2H4HAD3DTDJDKC6 
%00023%change_cards%  30SQC2EE 21CKEE 03S3C4EE 12H3EE
%00023%play%  4STDTEE 3EE 2EE 0EE 1EE 4EE 4D3EE 3C4EE 2S5EE 0S9EE 1SAEE 4S2EE 3KxEE 2KxEE 0KxEE 1KxEE 4KxEE 0KxEE 0SJSQSKEE 1EE 4EE 3EE 2EE 0EE 0H5EE 1H7EE 4HAEE 3KxEE 2KxEE 0KxEE 1H2EE 4KxEE 1KxEE 1CJCQCKCAEE 4EE 3EE 2EE 0EE 1EE 1C3EE 4H4EE 3D5EE 2S6EE 0C9EE 1D2EE 4KxEE 3KxEE 2KxEE 0KxEE 1KxEE 1D4EE 4C6EE 3H8EE 3D8C8EE 3S3EE 2S4EE 0KxEE 1KxEE 4S7EE 3KxEE 2KxEE 4S8EE 4DJEE 3HQEE 2KxEE 0HKEE 1KxEE 4KxEE 3KxEE 0KxEE 0DQEE 1KxEE 4DKEE 3KxEE 2KxEE 0DAEE 0KxEE 0C2EE 1KxEE 3KxEE 2KxEE 1D9EE 3HJEE 2KxEE 3KxEE 3C5EE 2H6EE 3KxEE 2D7EE 2H9EE 2HTEE 2KxEE 2H3EE 3D6EE
%00023%result% 40132
%00023%points% 85 83 59 59 74
%00024%mibun% 12430
%00024%seat% 21403
%00024%palyer_cards% S5STSQH2D3D9DTDQC8C9CQ S6SJSKSAH4H6H7D7DAD2 S3S4H9HAD4D8C3CJCKCA S7S2H5HQD5D6C4C5C6C7CT S8S9H3H8HTHJHKDJDKC2J3 
%00024%change_cards%  24HACAEE 30S2EE 42S8H3EE 03D3EE
%00024%play%  3C4C5C6C7EE 2EE 1EE 4EE 0EE 3EE 3H5D5EE 2EE 1EE 4EE 0EE 3EE 3D3EE 2S4EE 1S6EE 4S9EE 0STEE 3KxEE 2KxEE 1SJEE 4KxEE 0KxEE 1KxEE 4KxEE 4HJDJEE 0EE 3EE 2EE 1EE 4EE 4HKDKEE 0EE 3EE 2EE 1EE 4EE 4HACAEE 0EE 3EE 2EE 1EE 4EE 4H8EE 4HTEE 0SQEE 3KxEE 2CKEE 1SAEE 4C2EE 0KxEE 2KxEE 1KxEE 0D9C9EE 3EE 2EE 1EE 0EE 0DQCQEE 3EE 2EE 1EE 0EE 0S2H2EE 3EE 2EE 1EE 0EE 0S5EE 3D6EE 2S8EE 2S3H3C3EE 1EE 0EE 3EE 2EE 2D4EE 1H6EE 0C8EE 0DTEE 3HQEE 2KxEE 1SKEE 3KxEE 1DAEE 1D2EE 1KxEE 1H7D7EE 3EE 2EE 1EE 1H4EE 3S7EE 2D8EE 2H9EE 3CTEE
%00024%result% 40132
%00024%points% 89 86 60 61 79
%00025%mibun% 12430
%00025%seat% 21403
%00025%palyer_cards% S6SJSQSKH2D6D7DTDKDACA STH4H9HTHJHKD3D5DQC7 S7S8SAH3H5H8HQD2C8C2 S2H7D8D9DJC3C9CJCQCKJ3 S3S4S5S9H6HAD4C4C5C6CT 
%00025%change_cards%  24D2C2EE 30J3EE 42S3S4EE 03S6EE
%00025%play%  1H9HTHJEE 4EE 0EE 3EE 2EE 1EE 1D3EE 4D4EE 0D6EE 3D8EE 3CJCQCKEE 2EE 1EE 4EE 0EE 3EE 3D9C9EE 2EE 1EE 4EE 0EE 3EE 3C3EE 2S4EE 1D5EE 4H6EE 0D7EE 3DJEE 2KxEE 1DQEE 4D2EE 0KxEE 3KxEE 1KxEE 4KxEE 0KxEE 0SJSQSKEE 3EE 2EE 1EE 4EE 0EE 0DACAEE 3EE 2EE 1EE 4EE 0EE 0DTEE 3S2EE 2KxEE 1KxEE 4KxEE 0KxEE 3KxEE 3S6EE 2S7EE 1STEE 4KxEE 0KxEE 3KxEE 2SAEE 1KxEE 2KxEE 2S3H3EE 1EE 4EE 0EE 3EE 2EE 2S8H8C8EE 2H5EE 1C7EE 4S9EE 0DKEE 3KxEE 2KxEE 1KxEE 4HAEE 0H2EE 4KxEE 3H7EE 2HQEE 1HKEE 4KxEE 1KxEE 1H4EE
%00025%result% 03214
%00025%points% 94 88 63 65 80
%00026%mibun% 03214
%00026%seat% 21403
%00026%palyer_cards% S4S8S9H8HQD4D9C6C7CJC2 S7H7HTD8DJDQC5C9CAJ3 S3S5SJSQS2H5H9DTDKD2CT S6SKH4HJHKD3D5D7DAC4CQ STSAH3H6HAH2D6C3C8CK 
%00026%change_cards%  40SAH2EE 13J3EE 04S4D4EE 31D3EE
%00026%play%  1S7H7EE 4EE 0EE 3EE 2EE 1EE 1D3EE 4S4EE 0C6EE 3D7EE 2H9EE 1HTEE 4HAEE 0H2EE 3KxEE 2KxEE 1KxEE 4KxEE 0KxEE 3KxEE 3H4C4EE 2EE 1EE 4EE 0EE 3EE 3SKHKEE 2EE 1EE 4EE 0EE 3EE 3D5EE 2DTEE 1DJEE 4KxEE 0KxEE 3DAEE 2D2EE 1KxEE 3KxEE 2KxEE 2S5H5EE 1EE 4EE 0EE 3EE 2EE 2S3EE 1C5EE 4H6EE 0C7EE 3HJEE 2SQEE 1CAEE 4KxEE 0C2EE 3KxEE 2KxEE 1KxEE 0KxEE 0S8H8EE 0S9D9EE 3EE 2EE 1EE 4EE 0EE 0CJEE 3CQEE 2KxEE 1KxEE 4CKEE 0KxEE 3KxEE 4KxEE 4H3C3EE 0EE 3EE 2EE 1EE 4EE 4D4EE 0HQEE 3KxEE 2DKEE 1KxEE 4KxEE 0SAEE 2S2EE 2KxEE 2CTEE 1DQEE 4KxEE 3KxEE 2KxEE 1KxEE 1D8EE 1C9EE 4STEE 3KxEE 2SJEE 4KxEE 4D6EE 3KxEE 4C8EE
%00026%result% 01243
%00026%points% 99 92 66 66 82
%00027%mibun% 01243
%00027%seat% 03412
%00027%palyer_cards% STS2H3H2D3D8DAC9CTCQC2 SJSAH6H7H9HJD7D2C7J3 S5S6S8SQSKHTHAD5D6C4 HKD4D9DTDJDQC5C6CJCKCA S3S4S7S9H4H5H8HQDKC3C8 
%00027%change_cards%  30HKCAEE 41DKEE 03H3D3EE 14H6EE
%00027%play%  3D9DTDJDQEE 4EE 1EE 2EE 0EE 3EE 3H3D3EE 4EE 1EE 2EE 0EE 3EE 3D4EE 4H5EE 1H7EE 2HTEE 0HKEE 3KxEE 4KxEE 1KxEE 2KxEE 0KxEE 1KxEE 1D7C7EE 2EE 0EE 3EE 4EE 1EE 1SJHJEE 2EE 0EE 3EE 4EE 1EE 1H9EE 2SQEE 0DAEE 3KxEE 4KxEE 1D2EE 2KxEE 0KxEE 1KxEE 1DKEE 2HAEE 0S2EE 3KxEE 4KxEE 1KxEE 2KxEE 0KxEE 0STCTEE 3EE 4EE 1EE 2EE 0EE 0H2C2EE 3EE 4EE 1EE 2EE 0EE 0D8EE 0C9EE 3CJEE 4KxEE 1KxEE 2KxEE 0CQEE 3CKEE 0CAEE 3KxEE 3C5EE 4H6EE 1SAEE 2KxEE 3KxEE 4KxEE 2S5D5EE 3EE 4EE 2EE 2S6D6EE 3EE 4EE 2EE 2C4EE 3C6EE 4C8EE 4S3C3EE 2EE 4EE 4S4H4EE 2EE 4EE 4S7EE 2S8EE 2SKEE
%00027%result% 01324
%00027%points% 104 96 68 69 83
%00028%mibun% 01324
%00028%seat% 03412
%00028%palyer_cards% SQSAH6H7H8D3D4D9D2C4C7 S3STSKH3HAH2DJDKC9CQ S4H5HKD7DTC3C5CTCKJ3 S5SJS2H4H9D6DQC6C8CAC2 S6S7S8S9HTHJHQD5D8DACJ 
%00028%change_cards%  40HQDAEE 21J3EE 04D3D4EE 12S3EE
%00028%play%  4D3D4D5EE 1EE 2EE 0EE 3EE 4EE 4S6S7S8S9EE 4HJCJEE 1EE 2EE 0EE 3EE 4EE 4D8EE 4HTEE 1DJEE 2HKEE 0SAEE 3S2EE 1KxEE 2KxEE 0KxEE 3KxEE 1KxEE 1SKDKEE 2EE 0EE 3EE 1EE 1H3EE 2S4EE 0H6EE 3C8EE 3D6C6EE 1EE 2EE 0EE 3EE 3H4EE 1C9EE 2DTEE 0SQEE 3CAEE 1H2EE 2KxEE 0KxEE 3KxEE 1KxEE 1STEE 2CKEE 0DAEE 3C2EE 1KxEE 2KxEE 0KxEE 3KxEE 3S5EE 1CQEE 2KxEE 0D2EE 3KxEE 1KxEE 0KxEE 0H7C7EE 3EE 1EE 2EE 0EE 0C4EE 3H9EE 1HAEE 2KxEE 0KxEE 3KxEE 2S3C3EE 0EE 3EE 2EE 2H5C5EE 0EE 3EE 2EE 2D7EE 0H8EE 0D9EE 3SJEE 2KxEE 0HQEE 3KxEE 3DQEE
%00028%result% 41032
%00028%points% 107 100 69 71 88
%00029%mibun% 21430
%00029%seat% 03412
%00029%palyer_cards% S7SKS2H4H6HQD7D8DKC7 STH7HJHAD3D4D9D2C3C6CJ S4S5SQH9D6DTDJC5C8CTCQ S3S8S9SAH5HTHKCKCAC2 S6SJH3H8H2D5DQDAC4C9J3 
%00029%change_cards%  24SQCQEE 31C2EE 42H3C4EE 13D3EE
%00029%play%  3S3D3EE 4EE 1EE 2EE 0EE 3EE 3HKCKEE 4EE 1EE 2EE 0EE 3EE 3SACAEE 4EE 1EE 2EE 0EE 3EE 3H5EE 4S6EE 1H7EE 2C8EE 2S4C4EE 0EE 3EE 4EE 1EE 2EE 2S5C5EE 0EE 3EE 4EE 1EE 2EE 2DTCTEE 0EE 3EE 4EE 1EE 2EE 2H3EE 0H4EE 3HTEE 4H2EE 1KxEE 2KxEE 0KxEE 3KxEE 4KxEE 4KxEE 4SQDQCQEE 1EE 2EE 0EE 3EE 4EE 4D5EE 1C6EE 2H9EE 0HQEE 3KxEE 4KxEE 1HAEE 2KxEE 0KxEE 1KxEE 1HJCJEE 2EE 0EE 3EE 4EE 1EE 1D2C2EE 2EE 0EE 3EE 4EE 1EE 1C3EE 2D6EE 0S7EE 3S8EE 3S9EE 4SJEE 1KxEE 2KxEE 0SKEE 4KxEE 0S2EE 0KxEE 0D7C7EE 4EE 1EE 2EE 0EE 0H6EE 4H8EE 4C9EE 1STEE 2DJEE 0DKEE 4DAEE 1KxEE 0KxEE 1D4EE 0D8EE
%00029%result% 32401
%00029%points% 109 101 73 76 91
%00030%mibun% 34102
%00030%seat% 30421
%00030%palyer_cards% S4SJSAH4HAD9DAC9CJCKC2 S3H3H6H9HQDTC3C5C6J3 S8H8HJD4D8DQC7C8CTCQ S5S6S7SQSKS2H7HTD5D7DK S9STH5HKH2D3D6DJD2C4CA 
%00030%change_cards%  13HQJ3EE 02C2EE 31S5D5EE 20D4EE
%00030%play%  4H2D2EE 2EE 1EE 3EE 0EE 4EE 4D3EE 2C7EE 1H9EE 3HTEE 0HAEE 4KxEE 2KxEE 1KxEE 3KxEE 0KxEE 3KxEE 3S7H7D7EE 0EE 4EE 2EE 1EE 3EE 3SQHQEE 0EE 4EE 2EE 1EE 3EE 3SKDKEE 0EE 4EE 2EE 1EE 3EE 3S6EE 0D9EE 4STEE 2HJEE 1KxEE 3S2EE 0KxEE 4KxEE 2KxEE 0S4H4D4EE 4EE 2EE 1EE 0EE 0SJCJEE 4EE 2EE 1EE 0EE 0SADAEE 4EE 2EE 1EE 0EE 0C9EE 4DJEE 2DQEE 1KxEE 0KxEE 4KxEE 2KxEE 2S8H8D8C8EE 2EE 1EE 0EE 4EE 2EE 1EE 0EE 4EE 2EE 1EE 0EE 4EE 2EE 1EE 0EE 4EE 2EE 1EE 0EE 4EE
%00030%result% 31402
%00030%points% 111 105 74 81 94
%00031%mibun% 31402
%00031%seat% 30421
%00031%palyer_cards% S5SKS2H4H6H8HKD6DTC4C9 S7SJH3H5H9H2D4D7DQC7 S4S6STSAHQC6CJCKCAC2 S8HTHAD3D5D9DKC3C5CTJ3 S3S9SQH7HJD8DJDAD2C8CQ 
%00031%change_cards%  23SAC2EE 01S2EE 32D3C3EE 10H3EE
%00031%play%  2D3C3EE 1EE 3EE 0EE 4EE 2EE 2S6C6EE 1EE 3EE 0EE 4EE 2EE 2S4EE 1H5EE 3S8EE 3D5C5EE 0EE 4EE 2EE 1EE 3EE 3HTCTEE 0EE 4EE 2EE 1EE 3EE 3SAHAEE 0EE 4EE 2EE 1EE 3EE 3D9EE 0DTEE 4DJEE 2KxEE 1DQEE 3DKEE 0KxEE 4DAEE 1KxEE 3KxEE 4KxEE 3KxEE 3C2EE 0KxEE 4KxEE 2KxEE 1KxEE 0H4C4EE 4EE 2EE 1EE 0EE 0H6D6EE 4EE 2EE 1EE 0EE 0SKHKEE 4EE 2EE 1EE 0EE 0H3EE 4H7EE 2HQEE 1H2EE 0KxEE 4KxEE 2KxEE 1KxEE 1S7D7C7EE 0EE 4EE 2EE 1EE 1D4EE 0S5EE 4D8EE 4SQCQEE 2EE 1EE 0EE 4EE 4S3EE 2STEE 1SJEE 0KxEE 4KxEE 2KxEE 1S2EE 1KxEE 1H9EE 0KxEE 4HJEE 2KxEE 4KxEE 4C8EE 4S9EE 2CJEE 0KxEE 4D2EE 2KxEE 2CKEE 0KxEE 2CAEE
%00031%result% 31420
%00031%points% 112 109 76 86 97
%00032%mibun% 41302
%00032%seat% 30421
%00032%palyer_cards% S9SJSKH6HQHKHADQC6CTCA S5SQH8D3D7D8DKD2C5CK S6S8SAH3HJD5D9C3C9CJ S3H5H7H9H2D6DTDJC4C8J3 S4S7STS2H4HTD4DAC7CQC2 
%00032%change_cards%  03HACAEE 21SAEE 30S3C4EE 12D3EE
%00032%play%  2H3D3C3EE 1EE 3EE 0EE 4EE 2EE 2D9C9EE 1EE 3EE 0EE 4EE 2EE 2HJCJEE 1EE 3EE 0EE 4EE 2EE 2D5EE 1D7EE 3DTEE 0DQEE 4DAEE 2KxEE 1D2EE 3KxEE 0KxEE 4KxEE 1KxEE 3KxEE 3HACAEE 0EE 4EE 2EE 1EE 3EE 3H5EE 0H6EE 4HTEE 2KxEE 1KxEE 3H2EE 0KxEE 4KxEE 3KxEE 3D6EE 0S9EE 4STEE 2KxEE 1SQEE 3KxEE 0SKEE 4S2EE 1KxEE 0KxEE 4KxEE 4S4H4D4EE 2EE 1EE 3EE 0EE 4EE 4S7C7EE 2EE 1EE 3EE 0EE 4EE 4CQEE 2KxEE 1DKEE 3KxEE 0KxEE 4C2EE 1KxEE 2S6EE 1H8EE 1S5C5EE 3EE 0EE 2EE 1EE 1D8EE 1CKEE 3KxEE 0KxEE 2KxEE 1SAEE 3H7EE 0CTEE 2KxEE 3DJEE 0HQEE 3KxEE 0HKEE 0KxEE 0S3EE 2S8EE 3C8EE 3H9EE
%00032%result% 41230
%00032%points% 113 113 79 88 102
%00033%mibun% 41230
%00033%seat% 04123
%00033%palyer_cards% S3S7S8SKH4H6HKDJC5C6 S5S6STH3H5HTD7D8DQCTCA SJSAH8H9HAH2D5DTCKC2J3 S9H7HJHQD6D9DAC4C7C8 S4SQS2D3D4DKD2C3C9CJCQ 
%00033%change_cards%  04SKHKEE 31DAEE 40D3C3EE 13H3EE
%00033%play%  0S3D3C3EE 4EE 1EE 2EE 3EE 0EE 0H6C6EE 4EE 1EE 2EE 3EE 0EE 0H4EE 4C9EE 1STEE 2SJEE 3KxEE 0KxEE 4SQEE 1KxEE 2SAEE 4S2EE 2KxEE 4KxEE 2KxEE 2H2C2EE 3EE 0EE 4EE 1EE 2EE 2D5EE 3D6EE 0DJEE 4DKEE 1DAEE 2KxEE 3KxEE 0KxEE 4D2EE 1KxEE 4KxEE 4S4D4EE 1EE 2EE 3EE 0EE 4EE 4SKHKEE 1EE 2EE 3EE 0EE 4EE 4CJEE 1DQEE 2CKEE 3KxEE 0KxEE 4KxEE 1CAEE 2KxEE 1KxEE 1S5H5EE 2EE 3EE 0EE 4EE 1EE 1HTCTEE 2EE 3EE 0EE 4EE 1EE 1S6EE 2H8EE 2H9EE 3HJEE 0KxEE 4KxEE 1KxEE 2HAEE 3KxEE 2KxEE 2DTEE 3HQEE 0KxEE 4KxEE 1KxEE 3KxEE 3H7C7EE 0EE 4EE 1EE 3EE 3S9D9EE 0EE 4EE 1EE 3EE 3H3EE 0C5EE 4CQEE 1KxEE 3KxEE 0KxEE 1D7EE 3C8EE 3C4EE 0S7EE 1D8EE
%00033%result% 24310
%00033%points% 114 115 84 91 106
%00034%mibun% 43021
%00034%seat% 04123
%00034%palyer_cards% H9D6D8D9D2C4C8CTCQC2J3 S4S6S9S2H4H8DJDQC9CJ S3SAH7HAH2D3D5D7C3C6CK S5S7S8H6HTHQD4DTDKC5C7 STSJSQSKH3H5HJHKDACA 
%00034%change_cards%  02D2J3EE 14S2EE 20S3D3EE 41H3EE
%00034%play%  0S3D3EE 4EE 1EE 2EE 3EE 0EE 0D8C8EE 0H9D9EE 4EE 1EE 2EE 3EE 0EE 0C4EE 4H5EE 1S6EE 2H7EE 3S8EE 3S5C5EE 0EE 4EE 1EE 2EE 3EE 3S7C7EE 0EE 4EE 1EE 2EE 3EE 3HTDTEE 0EE 4EE 1EE 2EE 3EE 3D4EE 0D6EE 4DAEE 1KxEE 2D2EE 3KxEE 0KxEE 4KxEE 2KxEE 2KxEE 2SAHAEE 3EE 0EE 4EE 1EE 2EE 2C3EE 3H6EE 0CTEE 4SJEE 1DQEE 2CKEE 3KxEE 0C2EE 4KxEE 1KxEE 2KxEE 0KxEE 0CQEE 4SKEE 1KxEE 2H2EE 3KxEE 4KxEE 2KxEE 2D5EE 3HQEE 4HKEE 1KxEE 2KxEE 3KxEE 4KxEE 4STEE 1DJEE 2KxEE 3DKEE 4KxEE 1KxEE 4HJEE 1KxEE 2KxEE 4SQEE 4CAEE 4S2EE 1S4H4EE 2EE 1EE 1S9C9EE 2EE 1EE 1H3EE 2C6EE 1H8EE 1CJEE
%00034%result% 03412
%00034%points% 119 117 85 95 109
%00035%mibun% 03412
%00035%seat% 04123
%00035%palyer_cards% S3S4S9SQSAD3D6DJDKDAD2 SJH3HTH2D5D8D9DTC7C9CK S2H7HAD4D7C4C5C6CAJ3 S6S8STH4HQHKC3C8CJC2 S5S7SKH5H6H8H9HJDQCTCQ 
%00035%change_cards%  20S2J3EE 13H2EE 02S3D3EE 31C3EE
%00035%play%  2C4C5C6EE 3EE 0EE 4EE 1EE 2EE 2S3D3EE 3EE 0EE 4EE 1EE 2EE 2H7D7EE 3EE 0EE 4EE 1EE 2EE 2HACAEE 3EE 0EE 4EE 1EE 2EE 2D4EE 3S6EE 0S9EE 4SKEE 1KxEE 3KxEE 0SAEE 4KxEE 0S2EE 0KxEE 0KxEE 0DKDAD2EE 4EE 1EE 3EE 0EE 0S4EE 4S5EE 1SJEE 3KxEE 0SQEE 4KxEE 1KxEE 0KxEE 0D6EE 4S7EE 1D8EE 1H3C3EE 3EE 0EE 4EE 1EE 1D9C9EE 3EE 0EE 4EE 1EE 1HTDTEE 3EE 0EE 4EE 1EE 1D5EE 3S8EE 3H2C2EE 0EE 4EE 1EE 3EE 3H4EE 0DJEE 4DQEE 1KxEE 3KxEE 4KxEE 4H5EE 1C7EE 3C8EE 3STEE 4HJEE 1CKEE 3KxEE 4KxEE 3CJEE 4CQEE 3KxEE 4KxEE 4H6EE 3HQEE 4KxEE 3HKEE
%00035%result% 20134
%00035%points% 123 120 90 97 110
%00036%mibun% 12034
%00036%seat% 40213
%00036%palyer_cards% S4S5S6SJS2H4HADACQJ3 S8SQH3HKD3DTC7C8C9CTC2 S7STH5H2D4D7D9DJDQC3C6 S9SKH7HTHJD5DKC4C5CJCA S3SAH6H8H9HQD6D8D2CK 
%00036%change_cards%  42SAD2EE 30CAEE 24D4C3EE 03S4EE
%00036%play%  1C7C8C9CTEE 1H3D3EE 3EE 4EE 0EE 2EE 1EE 1S8EE 1DTEE 3HJEE 4HQEE 0HAEE 2H2EE 1KxEE 3KxEE 4KxEE 0KxEE 2KxEE 0KxEE 0DACAEE 2EE 1EE 3EE 4EE 0EE 0H4EE 2H5EE 1HKEE 3KxEE 4KxEE 0KxEE 2KxEE 1KxEE 1SQEE 3SKEE 4KxEE 0S2EE 2KxEE 1KxEE 3KxEE 0KxEE 0S5EE 2C6EE 1C2EE 3KxEE 4KxEE 0KxEE 2KxEE 3S4C4EE 4EE 0EE 2EE 3EE 3D5C5EE 4EE 0EE 2EE 3EE 3H7EE 4H8EE 4S3C3EE 0EE 2EE 3EE 4EE 4H6D6EE 0EE 2EE 3EE 4EE 4D4EE 0S6EE 2S7EE 3S9EE 4KxEE 0SJEE 2SAEE 3KxEE 0KxEE 2KxEE 2D7EE 3HTEE 4CKEE 0KxEE 2D2EE 3KxEE 4KxEE 2KxEE 2D9EE 3CJEE 4KxEE 0CQEE 2KxEE 3KxEE 2STEE 3DKEE 4KxEE 2KxEE 4D8EE 4H9EE
%00036%result% 10342
%00036%points% 127 125 91 100 112
%00037%mibun% 10423
%00037%seat% 40213
%00037%palyer_cards% S6S8S9SKHJHKD4D6DQDA S7STSJH4H6H7DJC7CJCQJ3 S3S5SAH3H8D5D9DTDKCT H5H9HTHQHAD8D2C5C6C8CA S4SQS2H2D3D7C3C4C9CKC2 
%00037%change_cards%  21SADKEE 40S2EE 12H4H6EE 04D4EE
%00037%play%  4D3C3EE 0EE 2EE 1EE 3EE 4EE 4S4D4C4EE 0EE 2EE 1EE 3EE 4EE 4H2C2EE 0EE 2EE 1EE 3EE 4EE 4D7EE 0S8EE 0S6D6EE 2EE 1EE 3EE 4EE 0EE 0SKHKEE 2EE 1EE 3EE 4EE 0EE 0S9EE 2DTEE 1SJEE 3HQEE 4CKEE 0DAEE 2KxEE 1KxEE 3KxEE 4KxEE 0KxEE 1KxEE 1S7H7C7EE 3EE 4EE 0EE 2EE 1EE 1DJCJEE 3EE 4EE 0EE 2EE 1EE 1STEE 3HAEE 4KxEE 0S2EE 2KxEE 1KxEE 3KxEE 0KxEE 0HJEE 2KxEE 1CQEE 3CAEE 4KxEE 0KxEE 1KxEE 3KxEE 3H5C5EE 4EE 0EE 2EE 1EE 3EE 3D8C8EE 3C6EE 4C9EE 0KxEE 2CTEE 1KxEE 3KxEE 4KxEE 2KxEE 2S3H3EE 1EE 3EE 4EE 0EE 2EE 2S5D5EE 1EE 3EE 4EE 0EE 2EE 2H4EE 1DKEE 3D2EE 4KxEE 0KxEE 2KxEE 1KxEE 3KxEE 3H9EE 4SQEE 0KxEE 2KxEE 1SAEE 3KxEE 3HTEE 0DQEE
%00037%result% 41302
%00037%points% 129 129 92 103 117
%00038%mibun% 31420
%00038%seat% 40213
%00038%palyer_cards% S8SQH3H9D4D6DKDAC5CTCQ SAS2H4H5HKC4C7C8CJCA S3S9HTHQH2D5D9DJC6CKJ3 S4S7SKH7HJD3D8DTC3C2 S5S6STSJH6H8HAD7DQD2C9 
%00038%change_cards%  24H2J3EE 01DAEE 42S5S6EE 10H4EE
%00038%play%  3D3C3EE 4EE 0EE 2EE 1EE 3EE 3S7H7EE 4EE 0EE 2EE 1EE 3EE 3S4EE 4H6EE 0S8EE 0H4D4EE 2EE 1EE 3EE 4EE 0EE 0SQCQEE 2EE 1EE 3EE 4EE 0EE 0H3EE 2S5EE 1C7EE 3D8EE 3DTEE 4SJEE 0DKEE 2KxEE 1SAEE 3C2EE 4KxEE 0KxEE 1KxEE 3KxEE 4KxEE 4H2D2EE 0EE 2EE 1EE 3EE 4EE 4D7EE 0H9EE 2HTEE 1HKEE 3KxEE 4HAEE 0KxEE 2KxEE 1KxEE 4KxEE 4H8EE 4C9EE 0CTEE 2CKEE 1CAEE 3KxEE 4KxEE 0KxEE 2KxEE 1KxEE 1C4EE 3HJEE 4DQEE 0KxEE 2KxEE 1DAEE 3KxEE 4KxEE 1KxEE 1H5EE 3SKEE 4KxEE 0KxEE 2KxEE 1S2EE 1KxEE 1C8EE 1CJEE 4KxEE 0KxEE 2HQEE 2KxEE 2S6C6EE 4EE 0EE 2EE 2S9D9EE 4EE 0EE 2EE 2S3EE 4STEE 0KxEE 2KxEE 0C5EE 2DJEE 0KxEE 2KxEE 2D5EE
%00038%result% 31420
%00038%points% 130 133 94 108 120
%00039%mibun% 41302
%00039%seat% 12340
%00039%palyer_cards% S5H4H5HAD3D6DKC4CJCKCA H7H8D8D9DTDQDAC3C5C9 S4S7SQHTHJHKD5C6C8C2 S3S8SKSAH3HQD4D7D2C7CT S6S9STSJS2H6H9H2DJCQJ3 
%00039%change_cards%  03HACAEE 21C2EE 30S3H3EE 12C3EE
%00039%play%  0H3H4H5EE 1EE 2EE 3EE 4EE 0EE 0S3D3EE 1EE 2EE 3EE 4EE 0EE 0DKCKEE 1EE 2EE 3EE 4EE 0EE 0C4EE 1C5EE 2C6EE 3C7EE 4CQEE 0KxEE 1C2EE 2KxEE 3KxEE 4KxEE 1KxEE 4KxEE 4S9STSJEE 0EE 1EE 2EE 3EE 4EE 4S6H6EE 0EE 1EE 2EE 3EE 4EE 4S2H2EE 0EE 1EE 2EE 3EE 4EE 4H9EE 0CJEE 1DQEE 2HKEE 3SAEE 4KxEE 0KxEE 1KxEE 2KxEE 3D2EE 3KxEE 3HACAEE 4EE 0EE 1EE 2EE 3EE 3D4EE 4DJEE 0KxEE 1DAEE 2KxEE 3KxEE 1KxEE 1D8D9DTEE 1H7EE 2C8EE 2C3EE 3D7EE 0KxEE 1H8EE 1C9EE 2HTEE 3HQEE 0KxEE 2KxEE 3KxEE 3S8EE 3CTEE 0KxEE 2HJEE 3SKEE 2KxEE 0S5EE 2S7EE 0KxEE 2SQEE 2KxEE 2S4EE 0D6EE
%00039%result% 41302
%00039%points% 132 137 95 111 125
%00040%mibun% 31420
%00040%seat% 12340
%00040%palyer_cards% S7SJSQSAH6HQD6C7C8C9C2 H3H8HADTDKDAD2CTCJCKJ3 S4STS2H7HTH2D3D5D7C5 S3S8H4H5HJDJDQC3C4C6 S5S6S9SKH9HKD4D8D9CQCA 
%00040%change_cards%  24S2H2EE 01C2EE 42S5D4EE 10H3EE
%00040%play%  2D3D4D5EE 3EE 4EE 0EE 1EE 2EE 2S5C5EE 3EE 4EE 0EE 1EE 2EE 2H7D7EE 3EE 4EE 0EE 1EE 2EE 2STHTEE 3EE 4EE 0EE 1EE 2EE 2S4EE 3H5EE 4S6EE 0S7EE 1KxEE 3KxEE 4KxEE 0KxEE 1KxEE 1DKDAD2EE 3EE 4EE 0EE 1EE 1DTCTEE 3EE 4EE 0EE 1EE 1H8EE 1CJEE 3DQEE 4SKEE 0SAEE 1KxEE 3KxEE 4S2EE 0KxEE 4KxEE 4S9H9D9EE 0EE 1EE 3EE 4EE 4D8EE 4CQEE 0KxEE 1CKEE 3KxEE 4CAEE 1C2EE 4KxEE 1KxEE 1HAEE 3KxEE 4H2EE 0KxEE 4KxEE 4HKEE 0KxEE 3KxEE 0C7C8C9EE 0H6D6EE 3EE 0EE 0SQHQEE 3EE 0EE 0H3EE 3H4EE 0KxEE 3HJEE 3KxEE 3S3C3EE 0EE 3EE 3C4EE 0SJEE
%00040%result% 21403
%00040%points% 134 141 100 112 128
%00041%mibun% 31042
%00041%seat% 12340
%00041%palyer_cards% S9SKS2H2D3D8C3C4C5CJ S5H3HQHKD4D6D7D9DTC6 S4S6SAHTHJD5DKC7C8CKC2 STH4H5H6H7H9HADJD2CQJ3 S3S7S8SJSQH8DQDAC9CTCA 
%00041%change_cards%  32D2J3EE 01S2EE 23S4D5EE 10H3EE
%00041%play%  0C3C4C5EE 1EE 2EE 3EE 4EE 0EE 0H3D3EE 1EE 2EE 3EE 4EE 0EE 0D8EE 0S9EE 1DTEE 2HJEE 3CQEE 4DAEE 0H2EE 1KxEE 2KxEE 3KxEE 4KxEE 0KxEE 2KxEE 2DKCKEE 3EE 4EE 0EE 1EE 2EE 2D2C2EE 3EE 4EE 0EE 1EE 2EE 2S6EE 3H7EE 4S8EE 4SQDQEE 0EE 1EE 2EE 3EE 4EE 4S3EE 0CJEE 1HQEE 2SAEE 3KxEE 4KxEE 0KxEE 1S2EE 2KxEE 1KxEE 1D6C6EE 2EE 3EE 4EE 0EE 1EE 1D4EE 2C7EE 3H9EE 4CTEE 0SKEE 1KxEE 2KxEE 3HAEE 4KxEE 3KxEE 3H4H5H6EE 4EE 1EE 2EE 3EE 3S4EE 4S7EE 1KxEE 2KxEE 3STEE 4SJEE 3KxEE 4KxEE 4H8EE 4C9EE 1HKEE 2KxEE 3KxEE 4CAEE 1KxEE 1S5EE 2C8EE 2HTEE 3DJEE 1KxEE 3KxEE 3D5EE
%00041%result% 04231
%00041%points% 139 142 103 114 132
%00042%mibun% 04231
%00042%seat% 12034
%00042%palyer_cards% SQSKH7HQH2DTDQDAC5C9C2 S7S9SJHJHKD4D9CTCJJ3 S8STS2H8H9HTDKC3C8CQ S3S4S5S6SAH5D7DJC6C7CA H3H4H6HAD3D5D6D8D2C4CK 
%00042%change_cards%  10HKJ3EE 34SAEE 01H7C5EE 43H3EE
%00042%play%  4H4C4EE 1EE 2EE 0EE 3EE 4EE 4H6D6EE 1EE 2EE 0EE 3EE 4EE 4SAHAEE 1EE 2EE 0EE 3EE 4EE 4D3EE 1D4EE 2DKEE 0DAEE 3KxEE 4D2EE 1KxEE 2KxEE 0KxEE 4KxEE 0KxEE 0SQHQDQEE 3EE 4EE 1EE 2EE 0EE 0SKHKEE 3EE 4EE 1EE 2EE 0EE 0H2C2EE 3EE 4EE 1EE 2EE 0EE 0C9EE 3DJEE 4CKEE 1KxEE 2S2EE 0KxEE 3KxEE 4KxEE 2KxEE 2H8H9HTEE 2S8C8EE 2C3EE 0DTEE 3CAEE 4KxEE 1KxEE 2KxEE 3KxEE 3S3S4S5S6EE 4EE 1EE 2EE 3EE 3D7C7EE 4EE 1EE 2EE 3EE 3H3EE 4D5EE 1S7EE 2STEE 3KxEE 4KxEE 1SJEE 2KxEE 1KxEE 1S9D9EE 2EE 3EE 4EE 1EE 1HJCJEE 2EE 3EE 4EE 1EE 1C5EE 2CQEE 3KxEE 4KxEE 1KxEE 3H5EE 4D8EE 1H7EE 3KxEE 1CTEE
%00042%result% 02413
%00042%points% 144 144 107 115 135
%00043%mibun% 03142
%00043%seat% 12034
%00043%palyer_cards% S5S2H4HJD5D8DJDQC4C5CT S3S4S6S7STSJH2D9CQJ3 S8SQH5H8HTD4D7D2C7C8 SKSAH9HKD6DTC6C9CKCAC2 S9H3H6H7HQHAD3DKDAC3CJ 
%00043%change_cards%  30SAC2EE 12J3EE 03H4C4EE 21D4EE
%00043%play%  4H3D3C3EE 1EE 2EE 0EE 3EE 4EE 4HADAEE 1EE 2EE 0EE 3EE 4EE 4H6EE 1S7EE 2S8EE 2D7C7EE 0EE 3EE 4EE 1EE 2EE 2H8C8EE 2H5EE 0D8EE 0S5D5C5EE 3EE 4EE 1EE 2EE 0EE 0HJDJEE 3EE 4EE 1EE 2EE 0EE 0S2C2EE 3EE 4EE 1EE 2EE 0EE 0CTEE 3SKEE 4KxEE 1H2EE 2KxEE 0KxEE 3KxEE 1KxEE 2KxEE 2HTEE 0DQEE 3HKEE 4KxEE 1KxEE 2D2EE 0KxEE 3KxEE 2KxEE 2SQEE 0SAEE 3KxEE 4KxEE 1KxEE 3H4C4EE 4EE 1EE 3EE 3D6C6EE 4EE 1EE 3EE 3H9C9EE 4EE 1EE 3EE 3DTEE 4CJEE 1CQEE 3CKEE 4KxEE 1KxEE 3CAEE 4H7EE 1D9EE 4HQEE 1KxEE 4DKEE 4KxEE 4S9EE
%00043%result% 20341
%00043%points% 148 145 112 118 137
%00044%mibun% 14023
%00044%seat% 12034
%00044%palyer_cards% S5S6S7H3H6H7HQD5D2C7CK SKS2HTHKHADKC3CJCQCA S3S4S8S9STSJD7DTDAC4C6 H4H5D3D6D8D9DJDQC5C8J3 SQSAH8H9HJH2D4C9CTC2 
%00044%change_cards%  12S2HAEE 40H2EE 21S3S4EE 04H3EE
%00044%play%  3H5C5EE 4EE 1EE 2EE 0EE 3EE 3D8C8EE 3D3EE 4D4EE 1DKEE 2DAEE 0D2EE 3KxEE 4KxEE 1KxEE 2KxEE 0KxEE 3KxEE 3H4EE 4H8EE 4H9C9EE 1EE 2EE 0EE 3EE 4EE 4H3EE 1S4EE 2C6EE 0S7EE 3D9EE 4CTEE 1CJEE 2KxEE 0CKEE 3KxEE 4C2EE 1KxEE 0KxEE 4KxEE 4HJEE 1CQEE 2HAEE 0H2EE 3KxEE 4KxEE 1KxEE 2KxEE 0KxEE 0S5D5EE 3EE 4EE 1EE 2EE 0EE 0S6H6EE 3EE 4EE 1EE 2EE 0EE 0H7C7EE 3EE 4EE 1EE 2EE 0EE 0HQEE 3KxEE 4SAEE 1KxEE 2S2EE 4KxEE 2KxEE 2S8S9STSJEE 2C4EE 3D6EE 4SQEE 1SKEE 2KxEE 3KxEE 1KxEE 1S3C3EE 2EE 3EE 1EE 1HTEE 2KxEE 3DJEE 1HKEE 3KxEE 1CAEE 2D7EE 3DQEE
%00044%result% 04132
%00044%points% 153 148 113 120 141
%00045%mibun% 02431
%00045%seat% 02134
%00045%palyer_cards% S5S9STSAH8HTHKD4D5C4CT S7S8SKS2H6HQHAD7C5C7C9 SQH3H4H9HJD3DTDKDACKCA S3SJH5H7D6D9DJD2CQC2 S4S6H2D8DQC3C6C8CJJ3 
%00045%change_cards%  20DACAEE 34D2EE 02D4C4EE 43C3EE
%00045%play%  2H3D3EE 1EE 3EE 4EE 0EE 2EE 2H4D4C4EE 1EE 3EE 4EE 0EE 2EE 2DKCKEE 1EE 3EE 4EE 0EE 2EE 2H9EE 1HQEE 3KxEE 4H2EE 0KxEE 2KxEE 1KxEE 4KxEE 4KxEE 4S6C6EE 0EE 2EE 1EE 3EE 4EE 4D8C8EE 4S4EE 0S5EE 2SQEE 1SKEE 3KxEE 4KxEE 0SAEE 2KxEE 1S2EE 0KxEE 1KxEE 1S7D7C7EE 3EE 4EE 0EE 2EE 1EE 1C5EE 3D6EE 4CJEE 0HKEE 2KxEE 1HAEE 3KxEE 4KxEE 0KxEE 1KxEE 1H6EE 3H7EE 4KxEE 0H8EE 0STHTCTEE 2EE 1EE 3EE 4EE 0EE 0DACAEE 2EE 1EE 3EE 4EE 0EE 0D5EE 2DTEE 1KxEE 3DJEE 4DQEE 0KxEE 2KxEE 3KxEE 4D2EE 0S9EE 2HJEE 1KxEE 3CQEE 3C2EE 3KxEE 3S3C3EE 1EE 3EE 3H5EE 1S8EE 1C9EE
%00045%result% 40213
%00045%points% 157 150 116 121 146
%00046%mibun% 13240
%00046%seat% 02134
%00046%palyer_cards% S3STH4H8H2D7C3C8C9CJJ3 S4SAH6HTHJHKHADJDACA S8SQS2H3H7H9HQD2C4C6CK S6SKH5D4D5D6D9C5C7CQ S5S7S9SJD3D8DTDQDKCTC2 
%00046%change_cards%  34SKCQEE 10SAEE 43S5D3EE 01S3EE
%00046%play%  3D3D4D5D6EE 4EE 0EE 2EE 1EE 3EE 3S5H5C5EE 4EE 0EE 2EE 1EE 3EE 3S6EE 4S7EE 0STEE 2SQEE 1KxEE 3KxEE 4SKEE 0SAEE 2S2EE 4KxEE 0KxEE 2KxEE 0KxEE 0H8C8EE 0C3EE 2C4EE 1CAEE 3KxEE 4C2EE 0KxEE 2KxEE 1KxEE 4KxEE 4DTCTEE 0EE 2EE 1EE 3EE 4EE 4DQCQEE 0EE 2EE 1EE 3EE 4EE 4D8EE 4S9EE 0CJEE 2HQEE 1HKEE 3KxEE 4KxEE 0H2EE 2KxEE 1KxEE 0KxEE 0H4EE 2C6EE 1HTEE 3KxEE 4SJEE 0KxEE 2CKEE 1HAEE 4KxEE 2D2EE 1KxEE 2KxEE 2H3EE 1S4EE 3C7EE 4DKEE 0KxEE 2KxEE 1DAEE 3KxEE 1KxEE 1HJDJEE 3EE 0EE 2EE 1EE 1S3EE 3D9EE 0KxEE 2KxEE 1KxEE 0D7EE 2S8EE 2H7EE 1KxEE 0C9EE 2KxEE 2H9EE
%00046%result% 43021
%00046%points% 160 151 118 125 151
%00047%mibun% 24310
%00047%seat% 02134
%00047%palyer_cards% S7S9SQH3H4H5HJHQHADJC3 S3SKSAH8HTD6D7D9DTC2 S5S6HKH2DKDAD2C4C9CQJ3 S4SJS2H6H7D3D5DQC7CJ S8STH9D4D8C5C6C8CTCKCA 
%00047%change_cards%  14SAC2EE 23J3EE 41D4C5EE 32D3EE
%00047%play%  2DKDAD2EE 1EE 3EE 4EE 0EE 2EE 2D3EE 1D4EE 3D5EE 4D8EE 4CKCAC2EE 0EE 2EE 1EE 3EE 4EE 4S8C8EE 4STCTEE 0EE 2EE 1EE 3EE 4EE 4C6EE 0S7EE 2C9EE 1HTEE 3SJEE 4SAEE 0KxEE 2KxEE 1KxEE 3S2EE 4KxEE 3KxEE 3KxEE 3H7C7EE 4EE 0EE 2EE 1EE 3EE 3S4EE 4H9EE 0HJEE 2HKEE 1KxEE 3KxEE 0HAEE 2H2EE 0KxEE 2KxEE 2C4EE 1C5EE 3CJEE 0KxEE 2CQEE 1KxEE 3KxEE 2KxEE 2S5EE 1D6EE 3DQEE 0KxEE 2KxEE 1KxEE 3KxEE 3H6EE 0S9EE 2KxEE 1DTEE 0DJEE 1KxEE 0KxEE 0H3H4H5EE 2EE 1EE 0EE 0SQHQEE 2EE 1EE 0EE 0C3EE 2S6EE
%00047%result% 43021
%00047%points% 163 152 120 129 156
%00048%mibun% 24310
%00048%seat% 34201
%00048%palyer_cards% S7SAH8HJHQDTDAC3C7C8CJ S5S6S2H3H6HKD3DQC6C9 S3S8STSQH4H5H9D8D9DJC2 S4S9SKHAD5D6D7CQCKCA SJH7HTH2D4DKD2C4C5CTJ3 
%00048%change_cards%  14S2HKEE 23C2EE 41D4C4EE 32S4EE
%00048%play%  1H3D3EE 3EE 4EE 2EE 0EE 1EE 1D4C4EE 3EE 4EE 2EE 0EE 1EE 1S6H6C6EE 3EE 4EE 2EE 0EE 1EE 1S5EE 3D6EE 4H7EE 2S8EE 2S4H4EE 0EE 1EE 3EE 4EE 2EE 2H9D9EE 0EE 1EE 3EE 4EE 2EE 2S3EE 0S7EE 1KxEE 3S9EE 4SJEE 2SQEE 0SAEE 3KxEE 4S2EE 2KxEE 0KxEE 4KxEE 4KxEE 4HTCTEE 2EE 0EE 1EE 3EE 4EE 4HKDKEE 2EE 0EE 1EE 3EE 4EE 4H2D2EE 2EE 0EE 1EE 3EE 4EE 4C5EE 2D8EE 2H5EE 0C7EE 1C9EE 3CQEE 2KxEE 0KxEE 1KxEE 3CKEE 3CAEE 3C2EE 3KxEE 3D5EE 2STEE 0HJEE 1DQEE 3SKEE 2KxEE 0DAEE 3KxEE 0KxEE 0H8C8EE 0C3EE 3D7EE 2DJEE 0KxEE 3KxEE 0DTEE 3HAEE
%00048%result% 41230
%00048%points% 164 156 123 131 161
%00049%mibun% 41230
%00049%seat% 34201
%00049%palyer_cards% S4S8SQHTHAD3D7D9DJDAC6 S5SKS2H7H9HQD4DTDKCA S7D6D8D2C3C4C7C9CTCJCK S6S9SJSAH5H6H2D5DQCQ S3STH3H4H8HJHKC5C8C2J3 
%00049%change_cards%  04HADAEE 31H2EE 40S3H3EE 13D4EE
%00049%play%  0S3H3D3EE 1EE 3EE 4EE 2EE 0EE 0S4EE 1S5EE 3S6EE 4STEE 2KxEE 0SQEE 1SKEE 3SAEE 4KxEE 0KxEE 1KxEE 3KxEE 4KxEE 4H8C8EE 4HADAEE 2EE 0EE 1EE 3EE 4EE 4H4EE 2D6EE 0D7EE 1DTEE 3DQEE 4KxEE 2D2EE 0KxEE 1KxEE 3KxEE 2KxEE 2C9CTCJEE 0EE 1EE 3EE 4EE 2EE 2S7C7EE 0EE 1EE 3EE 4EE 2EE 2C3EE 0C6EE 1CAEE 3KxEE 4C2EE 2KxEE 0KxEE 1KxEE 4KxEE 4C5EE 2D8EE 2C4EE 0S8EE 0D9EE 1HQEE 3KxEE 4HKEE 2KxEE 0KxEE 1H2EE 4KxEE 1KxEE 1H7EE 3S9EE 4HJEE 2CKEE 0KxEE 1S2EE 3KxEE 1KxEE 1H9EE 3SJEE 0KxEE 1DKEE 3KxEE 3H5D5EE 0EE 3EE 3D4EE 0HTEE 3CQEE 0KxEE 3KxEE 3H6EE
%00049%result% 42130
%00049%points% 165 159 127 133 166
%00050%mibun% 42130
%00050%seat% 34201
%00050%palyer_cards% SJH5HQD4D8DTC6C9CTCKC2 SAH3H4H6HJD7DJC4C7J3 S4S5S8S9S2H8D3DKD2C8CQ S3S6SQSKH7H2D5C3C5CJ S7STH9HTHKHAD6D9DQDACA 
%00050%change_cards%  04CKC2EE 32H2EE 40S7D6EE 23D3EE
%00050%play%  3S3D3C3EE 4EE 2EE 0EE 1EE 3EE 3D5C5EE 4EE 2EE 0EE 1EE 3EE 3S6EE 4H9EE 2CQEE 0KxEE 1SAEE 3KxEE 4C2EE 2KxEE 1KxEE 4KxEE 1KxEE 1H4C4EE 3EE 4EE 2EE 0EE 1EE 1D7C7EE 3EE 4EE 2EE 0EE 1EE 1HJDJEE 3EE 4EE 2EE 0EE 1EE 1H3EE 3H7EE 4HTEE 2H2EE 0KxEE 1KxEE 3KxEE 4KxEE 2KxEE 2S8H8C8EE 2S2D2EE 0EE 1EE 3EE 4EE 2EE 2S4EE 0H5EE 1H6EE 3KxEE 4HKEE 2KxEE 0KxEE 4HAEE 4KxEE 4DACAEE 2EE 0EE 3EE 4EE 4D9EE 2DKEE 0KxEE 3KxEE 4KxEE 2KxEE 2S5EE 0D6EE 3CJEE 4DQEE 2KxEE 0KxEE 3SKEE 4KxEE 3KxEE 3SQEE 4CKEE 2KxEE 0KxEE 4KxEE 4STEE 2KxEE 0SJEE 0KxEE 0DTCTEE 2EE 0EE 0D4EE 2S9EE
%00050%result% 13420
%00050%points% 166 164 129 137 169
%00051%mibun% 40312
%00051%seat% 04132
%00051%palyer_cards% S3S4S8SKH9HQHAH2DAC9 H3H4D4D9DTDJC3CTCJCQCA S5SQS2H6H7D5D6D8D2C6C8 S6S7SJSAH5H8HTHKD3DKJ3 S9STHJD7DQC4C5C7CKC2 
%00051%change_cards%  01HAH2EE 23S2EE 10H3C3EE 32D3EE
%00051%play%  2S5D5EE 0EE 4EE 1EE 3EE 2EE 2H6D6C6EE 0EE 4EE 1EE 3EE 2EE 2D8C8EE 2D3EE 0S4EE 4C5EE 1D9EE 3HTEE 2SQEE 0SKEE 4KxEE 1KxEE 3SAEE 2KxEE 0KxEE 3S2EE 3KxEE 3KxEE 3HKDKEE 2EE 0EE 4EE 1EE 3EE 3H5EE 2H7EE 0H9EE 4HJEE 1HAEE 3KxEE 2KxEE 0KxEE 4KxEE 1H2EE 1KxEE 1CTCJCQEE 3EE 2EE 0EE 4EE 1EE 1H4D4EE 3EE 2EE 0EE 4EE 1EE 1DTEE 3SJEE 2D2EE 0KxEE 4KxEE 1KxEE 3KxEE 0S3H3C3EE 4EE 1EE 3EE 0EE 0S8EE 0C9EE 4STEE 1DJEE 3KxEE 0HQEE 4CKEE 1CAEE 0KxEE 4C2EE 4KxEE 4D7C7EE 3EE 0EE 4EE 4C4EE 3S6EE 0DAEE 4KxEE 3KxEE 4S9EE 3KxEE 4DQEE
%00051%result% 21043
%00051%points% 169 168 134 138 171
%00052%mibun% 21043
%00052%seat% 04132
%00052%palyer_cards% S3S6H5HTDTDAC4C6C7C8CA S9H4HJHAD4DQC3C9CKJ3 S8SQSKSAS2H7D6D8DKD2CJ S7STSJH8HQH2D3D7C5C2 S4S5H3H6H9HKD5D9DJCTCQ 
%00052%change_cards%  32H2C2EE 41HKEE 23H7D6EE 14C3EE
%00052%play%  3S7H7D7EE 2EE 0EE 4EE 1EE 3EE 3D3EE 2S8EE 2SQSKSAS2EE 0EE 4EE 1EE 3EE 2EE 2H2D2C2EE 0EE 4EE 1EE 3EE 2EE 2D8EE 2CJEE 0DAEE 4KxEE 1KxEE 3KxEE 2KxEE 0KxEE 1KxEE 1H4D4EE 3EE 2EE 0EE 4EE 1EE 1S9C9EE 3EE 2EE 0EE 4EE 1EE 1HKCKEE 3EE 2EE 0EE 4EE 1EE 1HJEE 3HQEE 2KxEE 0KxEE 4KxEE 1HAEE 3KxEE 1KxEE 1DQEE 3KxEE 2DKEE 0KxEE 4KxEE 0C6C7C8EE 0HTDTEE 4EE 3EE 0EE 0S3EE 4S4EE 3STEE 0KxEE 4KxEE 3SJEE 3KxEE 3C5EE 0S6EE 4H9EE 3KxEE 0CAEE 4KxEE 0KxEE 0C4EE 4S5EE 3D6EE 0KxEE 4D9EE 3KxEE 4DJEE 4KxEE 4H3C3EE 3EE 0EE 4EE 4D5EE 3H8EE 0H5EE
%00052%result% 12304
%00052%points% 171 173 138 141 172
%00053%mibun% 30124
%00053%seat% 04132
%00053%palyer_cards% S6S8S2H5H8HTD3D8CKCA S3S5STSKHQHKDJDAC4C5C8 S4S9SQH3H9HJHADKD2C2J3 SJSAH6D6D7D9DTDQC7CJCQ S7H4H7H2D4D5C3C6C9CT 
%00053%change_cards%  41H2CTEE 02S2EE 14S3C4EE 20H3EE
%00053%play%  0H3D3EE 4EE 1EE 3EE 2EE 0EE 0S8H8D8EE 0H5EE 4C6EE 1C8EE 1S5C5EE 3EE 2EE 0EE 4EE 1EE 1STCTEE 3EE 2EE 0EE 4EE 1EE 1SKHKEE 3EE 2EE 0EE 4EE 1EE 1DJEE 3DQEE 2DKEE 0KxEE 4KxEE 1DAEE 3KxEE 2D2EE 1KxEE 2KxEE 2KxEE 2S9H9EE 0EE 4EE 1EE 3EE 2EE 2S2C2EE 0EE 4EE 1EE 3EE 2EE 2S4EE 0S6EE 4S7EE 1KxEE 3SJEE 2SQEE 0KxEE 4KxEE 3SAEE 2KxEE 3KxEE 3H6D6EE 2EE 0EE 4EE 1EE 3EE 3D7C7EE 2EE 0EE 4EE 1EE 3EE 3D9EE 2HJEE 0CKEE 4KxEE 1H2EE 3KxEE 2KxEE 0KxEE 1KxEE 1HQEE 3KxEE 2HAEE 0KxEE 4KxEE 0HTEE 4KxEE 3CJEE 0CAEE 3KxEE 4S3C3EE 3EE 4EE 4H4D4C4EE 3EE 4EE 4D5EE 3DTEE 4KxEE 3KxEE 3CQEE
%00053%result% 12034
%00053%points% 174 178 142 143 173
%00054%mibun% 20134
%00054%seat% 03412
%00054%palyer_cards% S4S5SJH5H6D7DQC4C8C9C2 STSQH9HTHKC5C7CTCJCQCK S9SKSAS2H7HAH2D9DKDACA S6HJHQD4DTDJD2C3C6J3 S3S7S8H3H4H8D3D5D6D8 
%00054%change_cards%  41S8H8EE 32J3EE 14C5C7EE 23H7EE
%00054%play%  4S3H3D3EE 1EE 2EE 0EE 3EE 4EE 4D5C5EE 1EE 2EE 0EE 3EE 4EE 4S7C7EE 1EE 2EE 0EE 3EE 4EE 4H4EE 1S8EE 1H8H9HTEE 1CTCJCQCKEE 2EE 0EE 3EE 4EE 1EE 1STEE 2SKEE 0KxEE 3KxEE 4KxEE 1KxEE 2SAEE 2S2EE 2KxEE 2KxEE 2S9D9EE 0EE 3EE 4EE 1EE 2EE 2HADACAEE 0EE 3EE 4EE 1EE 2EE 2DKEE 0C2EE 3KxEE 4KxEE 1KxEE 2KxEE 0KxEE 0S4C4EE 3EE 4EE 1EE 2EE 0EE 0S5H5EE 3EE 4EE 1EE 2EE 0EE 0H6EE 3H7EE 4KxEE 1HKEE 2H2EE 0KxEE 3KxEE 1KxEE 0D7EE 3DTEE 4KxEE 1KxEE 0DQEE 3D2EE 0KxEE 3KxEE 3S6C6EE 4EE 1EE 0EE 3EE 3HJDJEE 4EE 1EE 0EE 3EE 3C3EE 4D6EE 1SQEE 0KxEE 3KxEE 4KxEE 0C8EE 0C9EE 3HQEE 4KxEE 0KxEE 3KxEE 3D4EE 4D8EE
%00054%result% 21340
%00054%points% 175 182 147 146 175
%00055%mibun% 41023
%00055%seat% 03412
%00055%palyer_cards% HKHAH2D7DTDKC7C8C9CQC2 S3STS2H4H5HJDJDAC4CT S4S6S7S8SJH7HTD2C3C5C6 S9SQSKH8D5D8D9DQCKCAJ3 S5SAH3H6H9HQD3D4D6CJ 
%00055%change_cards%  02H2C2EE 41SAEE 20S4C3EE 14S3EE
%00055%play%  4S3H3D3EE 1EE 2EE 0EE 3EE 4EE 4H6D6EE 1EE 2EE 0EE 3EE 4EE 4D4EE 1H5EE 2S6EE 0D7EE 3H8EE 3S9D9EE 4EE 1EE 2EE 0EE 3EE 3SQDQEE 4EE 1EE 2EE 0EE 3EE 3SKCKEE 4EE 1EE 2EE 0EE 3EE 3D5EE 4H9EE 1STEE 2SJEE 0KxEE 3KxEE 4KxEE 1KxEE 2KxEE 3KxEE 3D8EE 3CAEE 4KxEE 1S2EE 2KxEE 0KxEE 1KxEE 1H4C4EE 2EE 0EE 4EE 1EE 1HJDJEE 2EE 0EE 4EE 1EE 1SADAEE 2EE 0EE 4EE 1EE 1CTEE 2H2EE 0KxEE 4KxEE 2KxEE 2S7H7EE 0EE 4EE 2EE 2D2C2EE 0EE 4EE 2EE 2C5EE 0C7EE 4CJEE 2KxEE 0CQEE 4KxEE 0KxEE 0HKDKEE 4EE 2EE 0EE 0C3EE 4S5EE 2C6EE 0C8EE 0S4EE 4HQEE 2KxEE 0HAEE 0KxEE 0C9EE 2HTEE 0KxEE 2KxEE 2S8EE
%00055%result% 31420
%00055%points% 176 186 149 151 178
%00056%mibun% 41302
%00056%seat% 03412
%00056%palyer_cards% S7STH6H9HQHAD3D7DTC5 S3H8HTH2D6D8DJDACKCAJ3 SJSAHJHKD5C3C4C8CQC2 S8S9SQS2H3D9DKD2C7C9CT S4S5S6SKH4H5H7D4DQC6CJ 
%00056%change_cards%  03HQHAEE 21C2EE 30H3C7EE 12S3EE
%00056%play%  0H3D3EE 3EE 4EE 1EE 2EE 0EE 0S7D7C7EE 3EE 4EE 1EE 2EE 0EE 0STDTEE 3EE 4EE 1EE 2EE 0EE 0C5EE 3S8EE 3S9D9C9EE 4EE 1EE 2EE 0EE 3EE 3SQHQEE 4EE 1EE 2EE 0EE 3EE 3S2D2EE 4EE 1EE 2EE 0EE 3EE 3CTEE 4CJEE 1CKEE 2KxEE 0KxEE 3KxEE 4KxEE 1CAEE 1C2EE 1KxEE 1KxEE 1H8D8EE 1D6EE 2C8EE 2S3C3EE 0EE 3EE 4EE 1EE 2EE 2SJHJEE 0EE 3EE 4EE 1EE 2EE 2C4EE 0H6EE 3DKEE 4KxEE 1DAEE 2KxEE 0KxEE 3KxEE 1KxEE 1HTEE 2CQEE 0KxEE 3HAEE 4KxEE 1H2EE 2KxEE 1KxEE 1DJEE 2HKEE 0KxEE 4KxEE 2SAEE 2KxEE 2D5EE 0H9EE
%00056%result% 31204
%00056%points% 178 190 152 156 179
%00057%mibun% 31204
%00057%seat% 24013
%00057%palyer_cards% S9SAH3H4HQC5C9CTCQCK S4SJH6H8HAH2D3DQC3C6 SQSKS2H7D5D7D9DTCJC2J3 S3S6S7S8H5H9HJDJDKD2CA S5STHTHKD4D6D8DAC4C7C8 
%00057%change_cards%  43HKDAEE 01SAEE 34S3H5EE 10D3EE
%00057%play%  0H3D3EE 1EE 3EE 2EE 4EE 0EE 0S9C9EE 1EE 3EE 2EE 4EE 0EE 0HQCQEE 1EE 3EE 2EE 4EE 0EE 0H4EE 1H6EE 3H9EE 2KxEE 4KxEE 0KxEE 1KxEE 3KxEE 2KxEE 2H7D7EE 4EE 0EE 1EE 3EE 2EE 2S2C2EE 4EE 0EE 1EE 3EE 2EE 2D5EE 4D6EE 0KxEE 1DQEE 3DKEE 2KxEE 4KxEE 1KxEE 3DAEE 3D2EE 3KxEE 3S6S7S8EE 3HJDJEE 2EE 4EE 0EE 1EE 3EE 3HKEE 2KxEE 4KxEE 0KxEE 1SAEE 3KxEE 1H2EE 1KxEE 1C3EE 3CAEE 2KxEE 4KxEE 0KxEE 1KxEE 2D9EE 4STEE 0CKEE 1HAEE 2KxEE 4KxEE 0KxEE 1KxEE 1S4EE 2DTEE 4KxEE 0KxEE 1SJEE 2SQEE 1KxEE 2SKEE 2KxEE 2CJEE 4KxEE 0KxEE 1KxEE 4D4C4EE 0EE 1EE 4EE 4S5H5EE 0EE 1EE 4EE 4D8C8EE 4S3EE 0C5EE 1C6EE 4C7EE 0CTEE 1KxEE 4KxEE 1H8EE
%00057%result% 32014
%00057%points% 181 192 156 161 180
%00058%mibun% 23104
%00058%seat% 24013
%00058%palyer_cards% S5S9SQH3H4HQH2DKCTC2 S6STSJS2D4D6D7DJDQC9 S4S7SAH9HJDTDAC6C7C8CQ S3H6H8HTHKD3D2C3C5CJCK S8SKH5H7HAD5D8D9C4CAJ3 
%00058%change_cards%  43HAJ3EE 12S2EE 34S3D3EE 21S4EE
%00058%play%  4S3D3EE 0EE 1EE 3EE 2EE 4EE 4H5D5EE 0EE 1EE 3EE 2EE 4EE 4S8D8EE 4C4EE 0S5EE 1S6EE 3KxEE 2KxEE 4KxEE 0KxEE 1KxEE 3KxEE 3HKCKEE 2EE 4EE 0EE 1EE 3EE 3C3EE 2C6EE 4CAEE 0C2EE 1KxEE 3KxEE 2KxEE 4KxEE 0KxEE 0SQHQEE 1EE 3EE 2EE 4EE 0EE 0H3EE 1S4EE 3C5EE 2S7EE 4D9EE 0CTEE 1SJEE 3HAEE 2S2EE 4KxEE 0KxEE 1KxEE 3KxEE 2KxEE 2SADAEE 4EE 0EE 1EE 3EE 2EE 2C7EE 4SKEE 0H2EE 1KxEE 3KxEE 2KxEE 4KxEE 0KxEE 0H4EE 1D6EE 3H8EE 3H6EE 2C8EE 2H9EE 4KxEE 0DKEE 1KxEE 3D2EE 2KxEE 0KxEE 3KxEE 3HTEE 2HJEE 4KxEE 0KxEE 1KxEE 3KxEE 2KxEE 2DTEE 4KxEE 0KxEE 1DJEE 3KxEE 2KxEE 1DQEE 1KxEE 1D4EE 3CJEE 2CQEE 4KxEE 0KxEE 1KxEE 4H7EE 0S9EE
%00058%result% 32401
%00058%points% 183 193 160 166 183
%00059%mibun% 34102
%00059%seat% 24013
%00059%palyer_cards% S4S8SJH6H7D3D4DTCTCK S3S5S9STSKH3H8D8DAC9 HTHQHKD5D9DKC3C4C7CJCQ SAS2H9HJH2DQD2C8CAC2J3 S6S7SQH4H5HAD6D7DJC5C6 
%00059%change_cards%  13SKDAEE 02CKEE 31H9C8EE 20C3EE
%00059%play%  0D3C3EE 1EE 3EE 2EE 4EE 0EE 0S4D4EE 1EE 3EE 2EE 4EE 0EE 0DTCTEE 1EE 3EE 2EE 4EE 0EE 0H6EE 1H8EE 1S3H3EE 3EE 2EE 4EE 0EE 1EE 1D8C8EE 1S9H9C9EE 3EE 2EE 4EE 0EE 1EE 1S5EE 3HJEE 2HQEE 4HAEE 0KxEE 1KxEE 3H2EE 2KxEE 4KxEE 3KxEE 3KxEE 3SKSAS2EE 2EE 4EE 0EE 1EE 3EE 3DACAEE 2EE 4EE 0EE 1EE 3EE 3D2C2EE 2EE 4EE 0EE 1EE 3EE 3DQEE 2HKEE 4KxEE 0KxEE 1KxEE 2KxEE 2CJCQCKEE 4EE 0EE 1EE 2EE 2C4EE 4H5EE 0H7EE 1KxEE 2HTEE 4KxEE 0KxEE 2KxEE 2D5EE 4S6EE 0S8EE 0SJEE 1KxEE 2DKEE 4KxEE 2KxEE 2C7EE 4DJEE 1KxEE 2KxEE 4SQEE 4KxEE 4D6C6EE 1EE 2EE 4EE 4S7D7EE 1EE 2EE 4EE 4H4EE 1STEE 2KxEE 4KxEE 2D9EE
%00059%result% 30124
%00059%points% 187 196 162 171 184
%00060%mibun% 12304
%00060%seat% 43012
%00060%palyer_cards% SAH4H8H9HTD8DJDQC4C7C9 S4S6S7HJHQD3D4DAC3C5CJ S9S2H7D5D7D9DTD2CKJ3 S3S8STSJSKH5HKC6C8CTCQ S5SQH3H6HAH2D6DKCAC2 
%00060%change_cards%  43H2C2EE 20J3EE 34S3H5EE 02H4EE
%00060%play%  1D3C3EE 2EE 4EE 3EE 0EE 1EE 1S4D4EE 2EE 4EE 3EE 0EE 1EE 1HJCJEE 2EE 4EE 3EE 0EE 1EE 1C5EE 2H7EE 4SQEE 3SKEE 0SAEE 1KxEE 2S2EE 4KxEE 3KxEE 0KxEE 2KxEE 0KxEE 0H8H9HTEE 0C4EE 1S6EE 2D7EE 4DKEE 3KxEE 0KxEE 1DAEE 2D2EE 4KxEE 1KxEE 2KxEE 2S9D9EE 4EE 3EE 0EE 1EE 2EE 2H4EE 4S5EE 3C6EE 0C7EE 1KxEE 2CKEE 4CAEE 3C2EE 0KxEE 2KxEE 4KxEE 3KxEE 3S8C8EE 3STCTEE 0EE 1EE 2EE 4EE 3EE 3SJEE 0DQEE 1KxEE 2KxEE 4HAEE 3H2EE 0KxEE 4KxEE 3KxEE 3CQEE 0KxEE 1KxEE 2KxEE 4KxEE 3HKEE 0D8EE 0C9EE 1HQEE 2KxEE 4KxEE 0KxEE 1KxEE 1S7EE 2DTEE 4KxEE 0DJEE 2KxEE 2D5EE
%00060%result% 31024
%00060%points% 190 200 164 176 185
%00061%mibun% 21304
%00061%seat% 43012
%00061%palyer_cards% SAH9HAD8DTDJDKDAC6C2J3 S4S6S9STH3HQD4D5D2C7C8 S5SQSKH5H7HJDQC5CTCQ S7S2H4H8HKD3C3C4C9CJCK S3S8SJH6HTH2D6D7D9CA 
%00061%change_cards%  43H2CAEE 21SKEE 34D3C3EE 12H3EE
%00061%play%  4S3D3C3EE 3EE 0EE 1EE 2EE 4EE 4H6D6EE 3EE 0EE 1EE 2EE 4EE 4D7EE 3H8EE 3H4C4EE 0EE 1EE 2EE 4EE 3EE 3HKCKEE 0EE 1EE 2EE 4EE 3EE 3S2H2EE 0EE 1EE 2EE 4EE 3EE 3S7EE 0D8EE 0SAHADAEE 1EE 2EE 4EE 3EE 0EE 0C6EE 1C7EE 2CTEE 4KxEE 3CJEE 0C2EE 1KxEE 2KxEE 3KxEE 0KxEE 0KxEE 0H9EE 1STEE 2HJEE 4KxEE 3CAEE 0KxEE 1D2EE 2KxEE 3KxEE 1KxEE 1S4D4EE 2EE 4EE 3EE 0EE 1EE 1D5EE 2H7EE 4S8EE 4D9EE 3KxEE 0DTEE 1KxEE 2DQEE 4KxEE 0DKEE 2KxEE 0KxEE 0DJEE 1HQEE 2KxEE 4KxEE 3KxEE 1SKEE 1KxEE 1S6EE 2SQEE 4KxEE 3KxEE 1KxEE 2KxEE 2S5H5C5EE 4EE 3EE 1EE 2EE 2H3EE 4HTEE 3KxEE 1KxEE 2KxEE 4KxEE 4SJEE 3KxEE 1KxEE 2CQEE 3C9EE
%00061%result% 04231
%00061%points% 195 201 167 178 189
%00062%mibun% 04231
%00062%seat% 43012
%00062%palyer_cards% S3S9H5H8HQHKD7D8DTDQC3 S5S8SKSAH9HTHADKCTCJCQ S4S6STH6HJD5D9C4C5CKC2 S7SJSQH3H2D3D6DJC6C8 S2H4H7D4DAD2C7C9CAJ3 
%00062%change_cards%  10SAHAEE 34H2EE 01S3C3EE 43H4EE
%00062%play%  3H3D3EE 0EE 1EE 2EE 4EE 3EE 3D6C6EE 0EE 1EE 2EE 4EE 3EE 3SJDJEE 0EE 1EE 2EE 4EE 3EE 3H4EE 0H5EE 1H9EE 2HJEE 4H2EE 3KxEE 0KxEE 1KxEE 2KxEE 4KxEE 4KxEE 4H7C7EE 3EE 0EE 1EE 2EE 4EE 4DACAEE 3EE 0EE 1EE 2EE 4EE 4S2D2EE 3EE 0EE 1EE 2EE 4EE 4D4EE 3S7EE 0H8EE 0HQHKHAEE 1EE 2EE 4EE 3EE 0EE 0D7EE 1S8EE 1CTCJCQEE 2EE 4EE 3EE 0EE 1EE 1S3C3EE 2EE 4EE 3EE 0EE 1EE 1SKDKEE 2EE 4EE 3EE 0EE 1EE 1S5EE 2S6EE 4KxEE 3SQEE 0SAEE 1KxEE 2KxEE 3KxEE 0KxEE 0D8EE 0S9EE 1HTEE 2CKEE 4KxEE 3KxEE 0KxEE 2C2EE 2KxEE 2S4C4EE 4EE 3EE 0EE 2EE 2D5C5EE 4EE 3EE 0EE 2EE 2H6EE 4C9EE 3KxEE 0DTEE 2KxEE 0DQEE 2D9EE 3KxEE 2STEE
%00062%result% 14023
%00062%points% 198 206 169 179 193
%00063%mibun% 20341
%00063%seat% 30142
%00063%palyer_cards% SKH3H8H9H2D3D4D8DTC5 S5S6S9SJHJDQDKC6CJCKC2 S7S8SQH6H7D5DJC4C7CAJ3 S4SAH4HAD7D9DAD2CTCQ S3STS2H5HTHQHKD6C3C8C9 
%00063%change_cards%  31SAD2EE 24J3EE 13S5S6EE 42S3EE
%00063%play%  0H3D3EE 1EE 4EE 2EE 3EE 0EE 0H8D8EE 0D4EE 1C6EE 4C8EE 4STHTEE 2EE 3EE 0EE 1EE 4EE 4C3EE 2C4EE 3CTEE 0KxEE 1CJEE 4KxEE 2KxEE 3KxEE 1KxEE 4KxEE 4H5EE 2H6EE 3HAEE 0H2EE 1KxEE 4KxEE 2KxEE 3KxEE 0KxEE 0C5EE 1S9EE 4HQEE 2CAEE 3KxEE 0KxEE 1D2EE 4KxEE 2KxEE 1KxEE 1SJHJEE 4EE 2EE 3EE 0EE 1EE 1DKCKEE 4EE 2EE 3EE 0EE 1EE 1DQEE 4HKEE 2KxEE 3DAEE 0KxEE 1C2EE 4KxEE 3KxEE 1KxEE 1SAEE 4S2EE 2KxEE 3KxEE 0KxEE 4KxEE 4D6EE 2S7EE 3D9EE 0DTEE 4KxEE 2DJEE 3KxEE 0KxEE 2KxEE 2H7C7EE 3EE 0EE 4EE 2EE 2S3EE 3S4EE 0SKEE 4KxEE 2KxEE 3KxEE 0KxEE 0H9EE 4KxEE 2SQEE 3KxEE 2KxEE 2D5EE 3S6EE 4C9EE 2KxEE 3CQEE 3KxEE 3H4EE 2S8EE
%00063%result% 10423
%00063%points% 202 211 171 180 196
%00064%mibun% 10342
%00064%seat% 30142
%00064%palyer_cards% SAH6H2D6DQDAC7C8CQC2 S3H9HKD9DTC6CTCJCKCAJ3 S5S7S2H4H5HJD3D8C4C5C9 S4S8SJSKH8HTD5DJDKC3 S6S9STSQH3H7HQHAD4D7D2 
%00064%change_cards%  31SKDKEE 20S2EE 13S3C6EE 02H6EE
%00064%play%  2H4H5H6EE 3EE 0EE 1EE 4EE 2EE 2S5C5EE 3EE 0EE 1EE 4EE 2EE 2D3EE 3S4EE 0D6EE 1H9EE 4STEE 2HJEE 3KxEE 0DQEE 1SKEE 4HAEE 2KxEE 0S2EE 1KxEE 4KxEE 0KxEE 1KxEE 1DTCTEE 4EE 2EE 3EE 0EE 1EE 1HKDKCKEE 4EE 2EE 3EE 0EE 1EE 1D9EE 4SQEE 2KxEE 3KxEE 0SAEE 1KxEE 4KxEE 0KxEE 0H2C2EE 1EE 4EE 2EE 3EE 0EE 0C7EE 1CJEE 4KxEE 2KxEE 3KxEE 0CQEE 1CAEE 0KxEE 4H7D7EE 2EE 3EE 0EE 4EE 4H3EE 2C4EE 3D5EE 0C8EE 0DAEE 4D2EE 2KxEE 3KxEE 4KxEE 4D4EE 2S7EE 3S8EE 3S3C3EE 4EE 2EE 3EE 3SJDJEE 4EE 2EE 3EE 3C6EE 4S9EE 2KxEE 3HTEE 4HQEE 3KxEE 4KxEE 4S6EE 2D8EE 2C9EE
%00064%result% 10423
%00064%points% 206 216 173 181 199
%00065%mibun% 10342
%00065%seat% 30142
%00065%palyer_cards% SKH4H9HTD3D5C4C8CQCA S3S5S6S8H7H8HAD4DJC7J3 S9SJSAS2DKDAC3C5C9CTC2 S4SQHJHQHKD6D8D9CJCK S7STH3H5H6H2D7DTDQD2C6 
%00065%change_cards%  31HKCKEE 20S2EE 13S3D4EE 02D3EE
%00065%play%  2D3C3EE 3EE 0EE 1EE 4EE 2EE 2S9C9EE 3EE 0EE 1EE 4EE 2EE 2SADAEE 3EE 0EE 1EE 4EE 2EE 2C5EE 3D6EE 0C8EE 0H4C4EE 1EE 4EE 2EE 3EE 0EE 0D5EE 1S6EE 4S7EE 2SJEE 3SQEE 0SKEE 1KxEE 4KxEE 2KxEE 3KxEE 0KxEE 1KxEE 1H7C7EE 4EE 2EE 3EE 0EE 1EE 1S8H8EE 1HKCKEE 4EE 2EE 3EE 0EE 1EE 1S5EE 4H6EE 2CTEE 3HJEE 0CQEE 1HAEE 4H2EE 2KxEE 3KxEE 0KxEE 1KxEE 4KxEE 4STDTEE 2EE 3EE 0EE 1EE 4EE 4H3EE 2DKEE 3KxEE 0CAEE 1KxEE 4D2EE 2KxEE 0KxEE 4KxEE 4H5EE 2C2EE 3KxEE 0KxEE 1KxEE 4KxEE 3S4D4EE 0EE 1EE 4EE 3EE 3S3EE 0H9EE 1DJEE 4DQEE 3KxEE 0KxEE 4KxEE 4C6EE 3D8EE 3D9EE 0HTEE 4KxEE 3CJEE 0S2EE 3KxEE 4D7EE
%00065%result% 21043
%00065%points% 209 220 178 182 201
%00066%mibun% 21043
%00066%seat% 21034
%00066%palyer_cards% S9SJSKSAS2H2DTDKDAD2C2 STSQH7HQD4D7D8D9C8C9CA S7H5H6H8HJD3DJDQC7CKJ3 S4S8H3HTHKD5D6C3C5CQ S3S5S6H4H9HAC4C6CTCJ 
%00066%change_cards%  32HKCQEE 41HAEE 23H5D3EE 14D4EE
%00066%play%  3H3D3C3EE 4EE 2EE 1EE 0EE 3EE 3H5D5C5EE 4EE 2EE 1EE 0EE 3EE 3S4EE 4S5EE 2S7EE 1STEE 0SJEE 3KxEE 4KxEE 2KxEE 1KxEE 0KxEE 2KxEE 2HJDJEE 1EE 0EE 3EE 4EE 2EE 2DQCQEE 1EE 0EE 3EE 4EE 2EE 2HKCKEE 1EE 0EE 3EE 4EE 2EE 2H6EE 1H7EE 0H2EE 3KxEE 4KxEE 2KxEE 1KxEE 0KxEE 0SKSAS2EE 3EE 4EE 2EE 1EE 0EE 0DKDAD2EE 3EE 4EE 2EE 1EE 0EE 0S9EE 3HTEE 4CJEE 2KxEE 1SQEE 0C2EE 3KxEE 4KxEE 1KxEE 0KxEE 0DTEE 3KxEE 4KxEE 2KxEE 1HQEE 1HAEE 1KxEE 1D7D8D9EE 1C8EE 1C9EE 3KxEE 4CTEE 2KxEE 1CAEE 4KxEE 3D6EE 4H9EE 2KxEE 3KxEE 4KxEE 4H4D4C4EE 2EE 3EE 4EE 4S6C6EE 2EE 3EE 4EE 4S3EE 2C7EE 3S8EE
%00066%result% 01432
%00066%points% 214 224 179 184 204
%00067%mibun% 01432
%00067%seat% 21034
%00067%palyer_cards% S3SJH7HKD3D4D5D8D2C5CK S4S9STHQD6DKC8CJCAC2 S6SAH3H6HJHAD9DQC6CT S7S8SKH8H9DTDJDAC4C7J3 S5SQS2H4H5HTH2D7C3C9CQ 
%00067%change_cards%  20SAHAEE 31J3EE 02S3D3EE 13S4EE
%00067%play%  2S3H3D3EE 1EE 0EE 3EE 4EE 2EE 2S6H6C6EE 1EE 0EE 3EE 4EE 2EE 2D9EE 1STEE 0SJEE 3SKEE 4S2EE 2KxEE 1KxEE 0KxEE 3KxEE 4KxEE 1KxEE 1D6EE 0H7EE 3S8EE 3S4C4EE 4EE 2EE 1EE 0EE 3EE 3S7C7EE 4EE 2EE 1EE 0EE 3EE 3H8EE 3H9EE 4HTEE 2HJEE 1HQEE 0HKEE 3KxEE 4H2EE 2KxEE 1KxEE 0KxEE 4KxEE 4S5H5EE 2EE 1EE 0EE 3EE 4EE 4SQCQEE 2EE 1EE 0EE 3EE 4EE 4C3EE 2CTEE 1CJEE 0CKEE 3KxEE 4KxEE 2KxEE 1CAEE 0KxEE 1C2EE 1KxEE 1C8EE 1S9EE 0SAEE 3KxEE 4KxEE 2KxEE 1KxEE 0KxEE 0D5C5EE 3EE 4EE 2EE 1EE 0EE 0D4EE 3DTEE 4KxEE 2DQEE 1DKEE 0D2EE 3KxEE 0KxEE 0D8EE 0HAEE 3KxEE 4KxEE 3DJEE 4KxEE 3DAEE
%00067%result% 21034
%00067%points% 217 228 184 186 205
%00068%mibun% 21034
%00068%seat% 21034
%00068%palyer_cards% S6S7STSKH8HTD4D6DTCTJ3 S3SAH6HKD8D2C3C4C8CKCA SJSQH3H4H5H9HAD9C6C7CQ S4S8S9HQDJDQDAC9CJC2 S5S2H7HJH2D3D5D7DKC5 
%00068%change_cards%  42S2H2EE 31C2EE 24H3H4EE 13S3EE
%00068%play%  4H3D3EE 2EE 1EE 0EE 3EE 4EE 4S5D5C5EE 2EE 1EE 0EE 3EE 4EE 4H7D7EE 2EE 1EE 0EE 3EE 4EE 4H4EE 2H5EE 1H6EE 0H8EE 0S6D6EE 3EE 4EE 2EE 1EE 0EE 0STHTDTCTEE 3EE 4EE 2EE 1EE 0EE 0EE 3EE 4EE 2EE 1EE 0EE 3EE 4EE 2EE 1EE 0EE 3EE 4EE 2EE 1EE
%00068%result% 34201
%00068%points% 219 229 187 191 209
%00069%mibun% 34201
%00069%seat% 41302
%00069%palyer_cards% S9STS2HTDQC3C4C5C7CTCA S4H6H9HKHAH2DACKC2J3 S3SQH3H4H5H7H8HQDJDKC6 S5S6S7S8SJSKSAD8D9CJCQ HJD3D4D5D6D7DTD2C8C9 
%00069%change_cards%  13H2J3EE 04S2EE 31S5S6EE 40D3EE
%00069%play%  0C3C4C5EE 2EE 4EE 1EE 3EE 0EE 0STHTCTEE 2EE 4EE 1EE 3EE 0EE 0D3EE 2H4EE 4D5EE 1S6EE 3S7EE 0S9EE 2SQEE 4S2EE 1KxEE 3KxEE 0KxEE 2KxEE 4KxEE 3KxEE 3S8D8EE 3SJCJEE 0EE 2EE 4EE 1EE 3EE 3D9EE 0DQEE 2DKEE 4D2EE 1KxEE 3KxEE 0KxEE 2KxEE 4KxEE 4D4EE 1S5EE 3CQEE 0CAEE 2KxEE 4KxEE 1C2EE 3KxEE 0KxEE 1KxEE 1HKCKEE 3EE 0EE 2EE 4EE 1EE 1HADAEE 3EE 0EE 2EE 4EE 1EE 1S4EE 3SKEE 0KxEE 2KxEE 4KxEE 1KxEE 3SAEE 3KxEE 3H2EE 0KxEE 2KxEE 4KxEE 1KxEE 0C7EE 2H8EE 2S3H3EE 4EE 1EE 2EE 2H5EE 4D6EE 1H9EE 2DJEE 4KxEE 1KxEE 2HQEE 2KxEE 2C6EE 4D7EE 1KxEE 2KxEE 4C8EE 4C9EE 1KxEE 2KxEE 4DTEE 4HJEE 1H6EE
%00069%result% 30412
%00069%points% 223 231 188 196 212
%00070%mibun% 13402
%00070%seat% 41302
%00070%palyer_cards% S9H6H7HJHKD4DJC3C6C9CA S4S5STSAH8HQD3C8CQC2 S7SKH3H9D6D7D8DQD2C7CK S6SJH4HTHAH2DAC4CTCJJ3 S3S8SQS2H5D5D9DTDKC5 
%00070%change_cards%  23SKD2EE 10C2EE 32H4C4EE 01C3EE
%00070%play%  1D3C3EE 3EE 0EE 2EE 4EE 1EE 1H8C8EE 1HQCQEE 3EE 0EE 2EE 4EE 1EE 1S4EE 3S6EE 0S9EE 2KxEE 4SQEE 1SAEE 3KxEE 0KxEE 4KxEE 1KxEE 3KxEE 3HTCTEE 0EE 2EE 4EE 1EE 3EE 3SJCJEE 0EE 2EE 4EE 1EE 3EE 3HADAEE 0EE 2EE 4EE 1EE 3EE 3H2D2EE 0EE 2EE 4EE 1EE 3EE 3SKEE 0CAEE 2KxEE 4S2EE 1KxEE 0KxEE 4KxEE 4H5D5C5EE 1EE 0EE 2EE 4EE 4S3EE 1S5EE 0KxEE 2S7EE 4S8EE 4D9EE 1STEE 0HJEE 2DQEE 4DKEE 0KxEE 2KxEE 4KxEE 4DTEE 0DJEE 2KxEE 0KxEE 0H6C6EE 2EE 0EE 0D4EE 2D6EE 0KxEE 2D7EE 2D8EE 2H4C4EE 0EE 2EE 2H3EE 0H7EE 2H9EE 0HKEE 2KxEE 0KxEE 0C9EE 2CKEE 0C2EE
%00070%result% 31402
%00070%points% 225 235 189 201 215
%00071%mibun% 31402
%00071%seat% 41302
%00071%palyer_cards% SQH3HKHAH2DJDAD2C7CQCA S5S9SKS2H4HTDQC3C5C8 S6STSJSAH7HQD5D8C6CTCK S3S8HJD3D4D6D9DTDKCJC2 S4S7H5H6H8H9D7C4C9J3 
%00071%change_cards%  23SACKEE 01H2EE 32S3D3EE 10C3EE
%00071%play%  2S3D3EE 4EE 1EE 3EE 0EE 2EE 2S6C6EE 4EE 1EE 3EE 0EE 2EE 2STCTEE 4EE 1EE 3EE 0EE 2EE 2D5EE 4H6EE 1C8EE 1S5C5EE 3EE 0EE 2EE 4EE 1EE 1S2H2EE 3EE 0EE 2EE 4EE 1EE 1H4EE 3D6EE 0C7EE 2D8EE 2H7EE 4H8EE 4S4C4EE 1EE 3EE 0EE 2EE 4EE 4S7D7EE 1EE 3EE 0EE 2EE 4EE 4H9C9EE 1EE 3EE 0EE 2EE 4EE 4H5EE 1S9EE 3DTEE 0DJEE 2KxEE 4KxEE 1KxEE 3KxEE 0KxEE 1HTEE 3HJEE 0HKEE 2KxEE 1KxEE 3KxEE 0HAEE 0KxEE 0H3C3EE 2EE 1EE 3EE 0EE 0SQCQEE 2EE 1EE 3EE 0EE 0DACAEE 2EE 1EE 3EE 0EE 0D2EE 2KxEE 1KxEE 3KxEE 2SJEE 1DQEE 3DKEE 2KxEE 1KxEE 3KxEE 3D4EE 2HQEE 1SKEE
%00071%result% 40213
%00071%points% 229 237 192 202 220
%00072%mibun% 13240
%00072%seat% 41023
%00072%palyer_cards% S3SAH6H8HAD9DKDAD2C5CT S5STSKH3H5HJD3DJCJCKC2 S7S8SQS2D5D7DTDQC3C8 S4H4H7HKH2D8C4C6C7J3 S6S9SJH9HTHQD4D6C9CQCA 
%00072%change_cards%  34H2J3EE 10C2EE 43S6D4EE 01S3EE
%00072%play%  1S3H3D3EE 0EE 2EE 3EE 4EE 1EE 1S5H5EE 0EE 2EE 3EE 4EE 1EE 1HJDJCJEE 0EE 2EE 3EE 4EE 1EE 1SKCKEE 0EE 2EE 3EE 4EE 1EE 1STEE 0DKEE 2S2EE 3KxEE 4KxEE 0KxEE 2KxEE 4KxEE 4S9H9C9EE 0EE 2EE 3EE 4EE 4HQCQEE 0EE 2EE 3EE 4EE 4D6EE 0H8EE 0SAHADAEE 2EE 3EE 4EE 0EE 0D2C2EE 2EE 3EE 4EE 0EE 0C5EE 2S7EE 3D8EE 3S4H4D4C4EE 4EE 0EE 2EE 3EE 3EE 4EE 0EE 2EE 3EE 4EE 0EE 2EE 3EE 4EE 0EE 2EE 3EE 4EE 0EE 2EE
%00072%result% 13024
%00072%points% 232 242 194 206 221
%00073%mibun% 20314
%00073%seat% 41023
%00073%palyer_cards% S7STH5H6HQD7D9D2CJCQCA SJSKSAS2H8H9HKHADJC6CT S5SQH3H4HTD4D8DKC3C7C2 S4S6S9H7H2D5D6DTC8J3 S3S8HJD3DQDAC4C5C9CK 
%00073%change_cards%  41DACKEE 23C2EE 14H8C6EE 32S4EE
%00073%play%  4C4C5C6EE 1EE 0EE 2EE 3EE 4EE 4S3D3EE 1EE 0EE 2EE 3EE 4EE 4S8H8EE 4C9EE 1CTEE 0CJEE 2KxEE 3C2EE 4KxEE 1KxEE 0KxEE 3KxEE 3KxEE 3S6D6EE 4EE 1EE 0EE 2EE 3EE 3D5EE 4HJEE 1SKEE 0CAEE 2KxEE 3H2EE 4KxEE 1KxEE 0KxEE 3KxEE 3H7EE 4DQEE 1HKEE 0D2EE 2KxEE 3KxEE 1KxEE 0KxEE 0S7D7EE 2EE 3EE 1EE 0EE 0HQCQEE 2EE 3EE 1EE 0EE 0H5EE 2C7EE 3C8EE 3S9EE 1SJEE 0KxEE 2SQEE 3KxEE 1SAEE 2KxEE 1S2EE 1KxEE 1HADAEE 0EE 2EE 3EE 1EE 1H9EE 0STEE 2DKEE 3KxEE 1KxEE 0KxEE 2KxEE 2H3C3EE 3EE 1EE 0EE 2EE 2S4H4D4EE 3EE 1EE 0EE 2EE 2S5EE 3DTEE 1DJEE 0KxEE 2KxEE 1KxEE 1CKEE 0KxEE 2KxEE 0H6EE 2D8EE 2HTEE
%00073%result% 43120
%00073%points% 233 245 196 210 226
%00074%mibun% 42310
%00074%seat% 41023
%00074%palyer_cards% S4SJSQH5HQDKDAC5C6C8C9 S8H7HAH2D4D5DTC3C7CAC2 S5S9S2H3H9D6D7CTCJCQ S3S7STH4D8DJD2C4CKJ3 S6SKSAH6H8HTHJHKD3D9DQ 
%00074%change_cards%  04DKDAEE 23S2EE 40S6D3EE 32S3EE
%00074%play%  0H5C5EE 2EE 3EE 4EE 1EE 0EE 0S6C6EE 2EE 3EE 4EE 1EE 0EE 0SQHQEE 2EE 3EE 4EE 1EE 0EE 0D3EE 2S5EE 3S7EE 4SKEE 1KxEE 0KxEE 2KxEE 3S2EE 4KxEE 3KxEE 3KxEE 3H4C4EE 4EE 1EE 0EE 2EE 3EE 3D8EE 3STEE 4HJEE 1HAEE 0KxEE 2KxEE 3KxEE 4KxEE 1H2EE 1KxEE 1H7C7EE 0EE 2EE 3EE 4EE 1EE 1C3EE 0S4EE 2D6EE 3DJEE 4DQEE 1KxEE 0KxEE 2KxEE 3D2EE 4KxEE 3KxEE 3CKEE 4SAEE 1C2EE 0KxEE 2KxEE 4KxEE 1KxEE 1D4EE 0C8EE 0C9EE 2CTEE 4KxEE 1CAEE 0KxEE 2KxEE 1KxEE 1D5EE 0SJEE 2CQEE 4HKEE 1KxEE 2KxEE 4DAEE 4KxEE 4H6EE 1S8EE 1DTEE 2CJEE 4DKEE 2KxEE 4KxEE 4H8EE 4D9EE 2KxEE 4HTEE
%00074%result% 30142
%00074%points% 237 248 197 215 228
%00075%mibun% 12403
%00075%seat% 43201
%00075%palyer_cards% S5S8S9SAH6H8HTD4DTC4CT S7STSKH3D8D9DQDAC8C2 S6H4H7H9HQD5D6DJC3C7CJ S4SQHJHAH2DKC5C9CQCAJ3 S3SJS2H5HKD3D7D2C6CK 
%00075%change_cards%  23HQDJEE 40S2EE 32S4C5EE 04D4EE
%00075%play%  4S3D3EE 3EE 2EE 0EE 1EE 4EE 4HKCKEE 3EE 2EE 0EE 1EE 4EE 4D4EE 3C9EE 2CJEE 0KxEE 1C2EE 4KxEE 3KxEE 2KxEE 1KxEE 3KxEE 3HJDJEE 2EE 0EE 1EE 4EE 3EE 3SQHQCQEE 2EE 0EE 1EE 4EE 3EE 3HACAEE 2EE 0EE 1EE 4EE 3EE 3DKEE 2KxEE 0SAEE 1KxEE 4D2EE 3KxEE 0KxEE 4KxEE 4H5EE 3H2EE 2KxEE 0KxEE 1KxEE 4KxEE 2S4H4EE 0EE 1EE 4EE 2EE 2D5C5EE 0EE 1EE 4EE 2EE 2S6D6EE 0EE 1EE 4EE 2EE 2H7C7EE 0EE 1EE 4EE 2EE 2C3EE 0C4EE 1C8EE 1H3EE 4C6EE 2H9EE 0HTEE 1KxEE 4KxEE 0KxEE 0S8H8EE 0DTCTEE 1EE 4EE 0EE 0S5EE 1S7EE 4SJEE 0S2EE 1KxEE 4KxEE 0KxEE 0H6EE 1D8EE 1D9EE 4KxEE 0KxEE 1STEE 1DQEE 1SKEE 1DAEE 4D7EE
%00075%result% 32140
%00075%points% 238 251 201 220 230
%00076%mibun% 42103
%00076%seat% 43201
%00076%palyer_cards% S4S2H6H9HKHAD7D9DJC3C4 S6S7S9SQSAD4D5DTDQJ3 S3S5H3HTH2D8DAC5C6C8CQ STSJH5H7H8HJD3D6DKC9C2 S8SKH4HQD2C7CTCJCKCA 
%00076%change_cards%  03S2HAEE 42D2EE 30H5D3EE 24S3EE
%00076%play%  0D3C3EE 1EE 4EE 3EE 2EE 0EE 0S4C4EE 1EE 4EE 3EE 2EE 0EE 0H9D9EE 1EE 4EE 3EE 2EE 0EE 0H5EE 1S6EE 4C7EE 3H8EE 3SJHJEE 2EE 0EE 1EE 4EE 3EE 3S2C2EE 2EE 0EE 1EE 4EE 3EE 3D6EE 2D8EE 2S5C5EE 0EE 1EE 4EE 3EE 2EE 2H2D2EE 0EE 1EE 4EE 3EE 2EE 2H3EE 0H6EE 1KxEE 4KxEE 3KxEE 2KxEE 0KxEE 1KxEE 1SQDQEE 4EE 3EE 2EE 0EE 1EE 1D4EE 4S8EE 4SKCKEE 3EE 2EE 0EE 1EE 4EE 4S3EE 3H7EE 2C8EE 2C6EE 0D7EE 1S9EE 4CTEE 3DKEE 2DAEE 0KxEE 1KxEE 4KxEE 3KxEE 2KxEE 2HTEE 0DJEE 1SAEE 4KxEE 3KxEE 2KxEE 0KxEE 1KxEE 1D5EE 4CJEE 3HAEE 2KxEE 0KxEE 1KxEE 4KxEE 3KxEE 3C9EE 2CQEE 0KxEE 1KxEE 4CAEE 3KxEE 4KxEE 4H4EE 3STEE 0HKEE 1KxEE 4KxEE 1S7EE 4HQEE
%00076%result% 23041
%00076%points% 241 252 206 224 232
%00077%mibun% 24013
%00077%seat% 43201
%00077%palyer_cards% S3S6STSJSQH5H6D3D6DJCT S5S8H9HQHKDAC6C7CJCQCA SKSAH8HTHAD7DQD2C8C9C2 S7S9S2H4D5DTC3C4C5J3 S4H3H7HJH2D4D8D9DKCK 
%00077%change_cards%  12DACAEE 43H2EE 21H8D7EE 34C3EE
%00077%play%  0STSJSQEE 1EE 4EE 3EE 2EE 0EE 0S3D3EE 1EE 4EE 3EE 2EE 0EE 0S6H6D6EE 1EE 4EE 3EE 2EE 0EE 0H5EE 1C6EE 4H7EE 3S9EE 2HTEE 0DJEE 1HQEE 4DKEE 3S2EE 2KxEE 0KxEE 1KxEE 4KxEE 3KxEE 3KxEE 3H4C4EE 2EE 0EE 1EE 4EE 3EE 3D5C5EE 2EE 0EE 1EE 4EE 3EE 3S7EE 2C8EE 2SAHADACAEE 0EE 1EE 4EE 3EE 2EE 2EE 0EE 1EE 4EE 3EE 2EE 0EE 1EE 4EE 3EE 2EE 0EE 1EE 4EE 3EE
%00077%result% 30214
%00077%points% 245 254 209 229 233
%00078%mibun% 13204
%00078%seat% 32014
%00078%palyer_cards% STSQH3H4H7HTHAD3D8DJDA S3S5S8HQD9C6C8CTCAC2 S2H8H2D5D7DTDKD2CQCKJ3 S7S9SKSAH6H9HJD4C3C7CJ S4S6SJH5HKD6DQC4C5C9 
%00078%change_cards%  43HKDQEE 10C2EE 34D4C3EE 01H3EE
%00078%play%  0STHTEE 1EE 4EE 3EE 2EE 0EE 0HADAEE 1EE 4EE 3EE 2EE 0EE 0D3EE 1S5EE 4S6EE 3S7EE 2S2EE 0KxEE 1KxEE 4KxEE 3KxEE 2KxEE 2KxEE 2DKCKEE 0EE 1EE 4EE 3EE 2EE 2H2D2EE 0EE 1EE 4EE 3EE 2EE 2D5EE 0H7EE 1S8EE 1S3H3EE 4EE 3EE 2EE 0EE 1EE 1C6EE 4C9EE 3CJEE 2CQEE 0C2EE 1KxEE 4KxEE 3KxEE 2KxEE 0KxEE 0H4EE 1C8EE 1D9EE 4SJEE 3DQEE 2KxEE 0KxEE 1CAEE 4KxEE 3KxEE 1KxEE 1CTEE 4KxEE 3HJEE 2KxEE 0SQEE 1KxEE 3SKEE 0KxEE 3SAEE 3KxEE 3S9H9EE 2EE 0EE 1EE 4EE 3EE 3H6EE 2D7EE 0D8EE 0DJEE 1HQEE 4KxEE 3HKEE 2KxEE 3KxEE 3C7EE 2H8EE 2DTEE
%00078%result% 01324
%00078%points% 250 258 211 232 234
%00079%mibun% 01324
%00079%seat% 32014
%00079%palyer_cards% S6S9SAH7D3D5D7DKC3C6C7 S3S5SQS2HKH2D6D2C5CJCK S7SJH3H9D8D9DJCTCQJ3 SKH5H8HQHAD4DTC4C9C2 S4S8STH4H6HTHJDQDAC8CA 
%00079%change_cards%  40DACAEE 21J3EE 04D3C3EE 12S3EE
%00079%play%  4D3C3EE 3EE 2EE 0EE 1EE 4EE 4S4H4EE 3EE 2EE 0EE 1EE 4EE 4S8C8EE 4STHTEE 3EE 2EE 0EE 1EE 4EE 4H6EE 3H8EE 3D4C4EE 2EE 0EE 1EE 4EE 3EE 3H5EE 2S7EE 0S9EE 1SQEE 4KxEE 3SKEE 2KxEE 0SAEE 1S2EE 3KxEE 0KxEE 1KxEE 1KxEE 1S5C5EE 4EE 3EE 2EE 0EE 1EE 1HKCKEE 4EE 3EE 2EE 0EE 1EE 1H2D2EE 4EE 3EE 2EE 0EE 1EE 1D6EE 4HJEE 3HQEE 2KxEE 0KxEE 1KxEE 4KxEE 3HAEE 3KxEE 3C9EE 2CTEE 0CAEE 1KxEE 4KxEE 3C2EE 2KxEE 0KxEE 3KxEE 3DTEE 2SJEE 0DKEE 1KxEE 4KxEE 2KxEE 0DAEE 0KxEE 0S6C6EE 1EE 4EE 2EE 0EE 0H7D7C7EE 1EE 4EE 2EE 0EE 0D5EE 1CJEE 4DQEE
%00079%result% 30142
%00079%points% 254 261 212 237 236
%00080%mibun% 12403
%00080%seat% 32014
%00080%palyer_cards% S4SJH4HTD8D9DTC3C5C6C8 S3S6S9STS2DKC4CQC2J3 SQH9HJHQHKHAD4D5D6C7CT SKH5H7H8H2D7DJDACJCKCA S5S7S8SAH3H6D3DQD2C9 
%00080%change_cards%  23HKHAEE 40D2EE 32H5H7EE 04C3EE
%00080%play%  4H3D3C3EE 3EE 2EE 0EE 1EE 4EE 4S5EE 3D7EE 2H9EE 0HTEE 1KxEE 4KxEE 3KxEE 2KxEE 0KxEE 1KxEE 1S2C2EE 4EE 3EE 2EE 0EE 1EE 1S3EE 4H6EE 3H8EE 3HKHAH2EE 2EE 0EE 1EE 4EE 3EE 3DJCJEE 2EE 0EE 1EE 4EE 3EE 3SKCKEE 2EE 0EE 1EE 4EE 3EE 3DACAEE 2EE 0EE 1EE 4EE 2D4D5D6EE 0EE 1EE 4EE 2EE 2H7C7EE 0EE 1EE 4EE 2EE 2SQHQEE 0EE 1EE 4EE 2EE 2H5EE 0C6EE 1S9EE 4DQEE 2KxEE 0D2EE 1KxEE 4KxEE 0KxEE 0D8D9DTEE 0S4H4EE 1EE 4EE 2EE 0EE 0C5EE 1S6EE 4S7EE 2KxEE 0SJEE 1KxEE 4SAEE 0KxEE 4KxEE 4S8EE 4C9EE 2CTEE 0KxEE 1CQEE 2KxEE 1KxEE 1C4EE 2HJEE 0KxEE 1DKEE 1KxEE 1STEE
%00080%result% 34210
%00080%points% 255 263 215 242 240
%00081%mibun% 43201
%00081%seat% 20341
%00081%palyer_cards% S5H3H6HQD3D7DTDJC4C6 S9STSJSKH5H7H2D4D5D9C7 S4H4H9D8DQDKD2C3C9CK S3S7H8HJD6C5C8CTCJCQCA S6S8SQSAS2HTHKHADAC2J3 
%00081%change_cards%  03HQDJEE 14H2EE 30S3C5EE 41S6EE
%00081%play%  0C4C5C6EE 3EE 4EE 1EE 2EE 0EE 0S3H3D3EE 3EE 4EE 1EE 2EE 0EE 0S5EE 3D6EE 4S8EE 4HKHAH2EE 1EE 2EE 0EE 3EE 4EE 4SADAEE 1EE 2EE 0EE 3EE 4EE 4S2C2EE 1EE 2EE 0EE 3EE 4EE 4HTEE 1SJEE 2DQEE 0KxEE 3CAEE 4KxEE 1KxEE 2KxEE 3KxEE 4KxEE 4SQEE 1SKEE 2KxEE 0KxEE 3KxEE 1KxEE 1H5D5EE 2EE 0EE 3EE 1EE 1H7C7EE 2EE 0EE 3EE 1EE 1S9D9EE 2EE 0EE 3EE 1EE 1D4EE 2D8EE 2S4H4EE 0EE 3EE 1EE 2EE 2H9C9EE 0EE 3EE 1EE 2EE 2DKCKEE 0EE 3EE 1EE 2EE 2C3EE 0H6EE 3S7EE 1STEE 2KxEE 0KxEE 3KxEE 1KxEE 1S6EE 2D2EE 0KxEE 3KxEE 0D7EE 3H8EE 3CTCJCQEE 0EE 3EE 3HJDJEE 0EE 3EE 3C8EE 3HQEE
%00081%result% 41230
%00081%points% 256 267 218 244 245
%00082%mibun% 41230
%00082%seat% 20341
%00082%palyer_cards% S4S7S9H5HJD7DQC5C7C9 S6H3D4D6DTDAC3C6CTCAC2 S5S8STSQH4H6H7HAD9CJCQ SJS2H8H9HQH2D5C4C8J3 S3SKSAHTHKD3D8DJDKD2CK 
%00082%change_cards%  04HJDQEE 31J3EE 40S3D3EE 13H3EE
%00082%play%  0S3D3EE 3EE 4EE 1EE 2EE 0EE 0H5C5EE 3EE 4EE 1EE 2EE 0EE 0S7D7C7EE 3EE 4EE 1EE 2EE 0EE 0S9C9EE 3EE 4EE 1EE 2EE 0EE 0S4EE 3D5EE 4D8EE 4DJDQDKEE 1EE 2EE 3EE 4EE 4SKHKCKEE 1EE 2EE 3EE 4EE 4HTEE 1DAEE 2KxEE 3S2EE 4KxEE 1KxEE 3KxEE 1KxEE 1S6D6C6EE 2EE 3EE 4EE 1EE 1DTCTEE 2EE 3EE 4EE 1EE 1C3EE 2H4EE 3H8EE 3H3EE 4HJEE 1KxEE 2HAEE 3H2EE 4KxEE 2KxEE 3KxEE 3C4EE 4SAEE 1C2EE 2KxEE 3KxEE 4KxEE 1KxEE 1D4EE 2S5EE 3C8EE 3H9EE 4D2EE 1KxEE 2KxEE 3KxEE 1CAEE 2KxEE 3KxEE 2SQCQEE 3EE 2EE 2H6EE 3SJEE 2KxEE 3HQEE
%00082%result% 04132
%00082%points% 261 270 219 246 249
%00083%mibun% 02431
%00083%seat% 20341
%00083%palyer_cards% S4SQS2H3H6H9HAD6D7C8C2 S7SKH4H5H7D4D8DKDACK S3S5S6H2D3C5C7CJCAJ3 S9STSJH8HTHJHQHKD5DJC6 S8SAD9DTDQD2C3C4C9CTCQ 
%00083%change_cards%  20H2J3EE 34HKEE 02S4H3EE 43C3EE
%00083%play%  2S3S4S5S6EE 0EE 3EE 4EE 1EE 2EE 2H3D3EE 0EE 3EE 4EE 1EE 2EE 2C5EE 0H6EE 3H8EE 3S9STSJEE 4EE 1EE 2EE 0EE 3EE 3HTHJHQEE 4EE 1EE 2EE 0EE 3EE 3C3EE 4C4EE 1CKEE 2CAEE 0C2EE 3KxEE 4KxEE 1KxEE 2KxEE 0KxEE 0KxEE 0S2H2EE 3EE 4EE 1EE 2EE 0EE 0D6EE 3DJEE 4DQEE 1DKEE 2KxEE 0KxEE 3KxEE 4D2EE 1KxEE 4KxEE 4D9C9EE 1EE 2EE 0EE 3EE 4EE 4DTCTEE 1EE 2EE 0EE 3EE 4EE 4S8EE 4CQEE 1SKEE 2KxEE 0HAEE 3KxEE 4KxEE 1KxEE 0KxEE 0D7EE 3KxEE 4HKEE 1DAEE 2KxEE 0KxEE 4KxEE 1KxEE 1H4D4EE 2EE 0EE 3EE 4EE 1EE 1S7H7EE 2EE 0EE 3EE 4EE 1EE 1H5EE 2C7EE 0C8EE 0H9EE 3KxEE 4SAEE 1KxEE 2KxEE 0KxEE 1D8EE 2CJEE 0SQEE
%00083%result% 41203
%00083%points% 263 274 222 247 254
%00084%mibun% 31240
%00084%seat% 42310
%00084%palyer_cards% S5STSKH5H6HQHKD7C5CQ S7S9SJSQH8HADQC8CTCK S3S4S6H3H4H7DKC4CJCAC2 S8H9HTHJH2D4D8DTDAC3J3 SAS2D3D5D6D9DJD2C6C7C9 
%00084%change_cards%  34H2J3EE 01SKEE 43D3D5EE 10S7EE
%00084%play%  3D3D4D5EE 1EE 0EE 4EE 2EE 3EE 3H9HTHJEE 1EE 0EE 4EE 2EE 3EE 3S8D8EE 3C3EE 1H8EE 1SJSQSKEE 0EE 4EE 2EE 3EE 1EE 1C8EE 1S9EE 0STEE 4SAEE 2KxEE 3KxEE 1KxEE 0KxEE 4S2EE 4KxEE 4KxEE 4D6C6EE 2EE 3EE 1EE 0EE 4EE 4D9C9EE 2EE 3EE 1EE 0EE 4EE 4H2D2EE 2EE 3EE 1EE 0EE 4EE 4C7EE 2CJEE 3KxEE 1CKEE 0KxEE 4KxEE 2CAEE 1KxEE 2C2EE 2KxEE 2S3H3EE 3EE 1EE 0EE 4EE 2EE 2S4H4C4EE 3EE 1EE 0EE 4EE 2EE 2S6EE 3DTEE 1DQEE 0KxEE 4KxEE 2DKEE 3DAEE 1KxEE 2KxEE 1CTEE 0HQEE 4KxEE 2KxEE 1HAEE 0KxEE 0S5H5C5EE 4EE 2EE 0EE 0S7D7EE 4EE 2EE 0EE 0H6EE 4DJEE 2KxEE 0CQEE 0HKEE
%00084%result% 31402
%00084%points% 265 278 223 252 257
%00085%mibun% 31402
%00085%seat% 42310
%00085%palyer_cards% S5S8H3D6D7DTD2C7C9C2J3 S6SAS2H4HTHJD5DKDAC5CJ S4S7STSQSKH5HAC4C6CQ S3S9SJH6H8HKH2DQCTCKCA H7H9HQD3D4D8D9DJC3C8 
%00085%change_cards%  23SKHAEE 01J3EE 32S3H6EE 10H4EE
%00085%play%  4D3C3EE 2EE 3EE 1EE 0EE 4EE 4D8C8EE 4H9D9EE 2EE 3EE 1EE 0EE 4EE 4D4EE 2H5EE 3H8EE 3HKHAH2EE 1EE 0EE 4EE 2EE 3EE 3SKCKEE 1EE 0EE 4EE 2EE 3EE 3S9EE 1HTEE 0D2EE 4KxEE 2KxEE 3KxEE 1KxEE 0KxEE 1KxEE 1D5C5EE 0EE 4EE 2EE 3EE 1EE 1HJCJEE 0EE 4EE 2EE 3EE 1EE 1SADAEE 0EE 4EE 2EE 3EE 1EE 1S6EE 0D7EE 4DJEE 2KxEE 3DQEE 1DKEE 0KxEE 4KxEE 3KxEE 1KxEE 1S2EE 0KxEE 4KxEE 2KxEE 3KxEE 0H3EE 4H7EE 2KxEE 3KxEE 0KxEE 4HQEE 2S4C4EE 3EE 0EE 2EE 2H6C6EE 3EE 0EE 2EE 2SQCQEE 3EE 0EE 2EE 2S3EE 3CTEE 0C2EE 2KxEE 3KxEE 0KxEE 0H4EE 2S7EE 3SJEE 0KxEE 2KxEE 3KxEE 3CAEE 0KxEE 2KxEE 0S5EE 2STEE
%00085%result% 14320
%00085%points% 266 283 225 255 261
%00086%mibun% 40321
%00086%seat% 42310
%00086%palyer_cards% STS2H5H6D7D8DJDQDKC4CT S7S8S9H2D6D9D2C3C5C7CQ SJH4H8HKHAD5DAC8CAC2 S3S4S6SKH3HJHQC9CJJ3 S5SQSAH7H9HTD3D4DTC6CK 
%00086%change_cards%  01S2DKEE 24C2EE 10C3C5EE 42D3EE
%00086%play%  2H8C8EE 2HADACAEE 3EE 1EE 0EE 4EE 2EE 2D3EE 3S4EE 1D6EE 0D7EE 4DTEE 2KxEE 3KxEE 1KxEE 0KxEE 4KxEE 3KxEE 3S3H3EE 1EE 0EE 4EE 2EE 3EE 3HJCJEE 1EE 0EE 4EE 2EE 3EE 3S6EE 1S7EE 0STEE 4SQEE 2KxEE 3SKEE 1S2EE 0KxEE 4KxEE 3KxEE 1KxEE 1S9D9EE 0EE 4EE 2EE 3EE 1EE 1H2D2EE 0EE 4EE 2EE 3EE 1EE 1C7EE 0D8EE 0C3C4C5EE 4EE 2EE 3EE 1EE 0EE 0H5EE 4C6EE 2SJEE 3HQEE 1DKEE 0KxEE 4SAEE 2KxEE 3KxEE 1KxEE 4C2EE 4KxEE 4D4EE 2D5EE 3KxEE 1KxEE 0DJEE 4KxEE 2KxEE 0DQEE 0KxEE 0H6EE 4H7EE 2HKEE 3KxEE 1KxEE 0KxEE 4KxEE 2KxEE 2H4EE 3C9EE 1CQEE 0KxEE 4CKEE 1KxEE 4KxEE 4S5EE 1S8EE 0CTEE
%00086%result% 23104
%00086%points% 268 286 230 259 262
%00087%mibun% 32014
%00087%seat% 34102
%00087%palyer_cards% S8H7HTD4D5D7D2C4C6CA S3SQH4H9HJHQHKDAC3C7 S9STSJSKS2H2D3D8D9C8CQ S4S5S6S7SAH3D6DKC5C2J3 H5H6H8HADTDJDQC9CTCJCK 
%00087%change_cards%  42HACKEE 03D2EE 24D3D8EE 30H3EE
%00087%play%  4C9CTCJEE 1EE 0EE 2EE 3EE 4EE 4DTDJDQEE 1EE 0EE 2EE 3EE 4EE 4H8D8EE 4D3EE 1H4EE 0D5EE 2C8EE 2S9STSJEE 3EE 4EE 1EE 0EE 2EE 2SKCKEE 3EE 4EE 1EE 0EE 2EE 2S2H2EE 3EE 4EE 1EE 0EE 2EE 2D9EE 3DKEE 4KxEE 1DAEE 0KxEE 2KxEE 3D2EE 1KxEE 3KxEE 3KxEE 3S4S5S6S7EE 4EE 1EE 0EE 2EE 3EE 3C5EE 4H6EE 1C7EE 0S8EE 0D4C4EE 2EE 3EE 4EE 1EE 0EE 0H7D7EE 2EE 3EE 4EE 1EE 0EE 0H3EE 2CQEE 3SAEE 4KxEE 1KxEE 0KxEE 2KxEE 3C2EE 3KxEE 3D6EE 4KxEE 1H9EE 0HTEE 2HAEE 1KxEE 0KxEE 4H5EE 1HJEE 0KxEE 1HQEE 1HKEE 1KxEE 1S3C3EE 0EE 1EE 1SQEE
%00087%result% 32410
%00087%points% 269 288 234 264 265
%00088%mibun% 43102
%00088%seat% 34102
%00088%palyer_cards% S4SQH7HQH2D4C3C4CTJ3 S3STH4H8D8DTDJC7C8CJCK S9SAH5H6H9D6DKC5C6CA S5SKH3HKD3D7D9DQDACQC2 S6S7S8SJS2HTHJHAD5D2C9 
%00088%change_cards%  03H2J3EE 12CKEE 30H3D3EE 21H5EE
%00088%play%  0H3D3C3EE 2EE 3EE 4EE 1EE 0EE 0S4D4C4EE 2EE 3EE 4EE 1EE 0EE 0SQHQEE 2EE 3EE 4EE 1EE 0EE 0H7EE 2S9EE 3DQEE 4HAEE 1KxEE 0KxEE 2KxEE 3H2EE 4KxEE 3KxEE 3KxEE 3SKHKEE 4EE 1EE 0EE 2EE 3EE 3S5EE 4S6EE 1STEE 0KxEE 2SAEE 3KxEE 4S2EE 1KxEE 2KxEE 4KxEE 4SJHJEE 1EE 0EE 2EE 3EE 4EE 4D5EE 1C7EE 0CTEE 2CKEE 3C2EE 4KxEE 1KxEE 2KxEE 3KxEE 3D7EE 4S8EE 4S7EE 1H8EE 1D8C8EE 1DJCJEE 2EE 3EE 4EE 1EE 1S3EE 2C5EE 3D9EE 4HTEE 1KxEE 2DKEE 3DAEE 4D2EE 2KxEE 3KxEE 4KxEE 4C9EE 1DTEE 2CAEE 3KxEE 1KxEE 2KxEE 2H6D6C6EE 3EE 1EE 2EE 2H9EE 3CQEE
%00088%result% 04231
%00088%points% 274 289 237 266 269
%00089%mibun% 04231
%00089%seat% 34102
%00089%palyer_cards% S4S6S7S8STS2D4D6D8D9DT SKH8HQHAH2DJC4C6C7CT S5SAH5H6HTD3D7D2C8C2J3 SJH3H9HJDAC3C5C9CJCQCA S3S9SQH4H7HKD5DQDKCK 
%00089%change_cards%  10HAH2EE 34DAEE 01S4D4EE 43S3EE
%00089%play%  2S5H5EE 3EE 4EE 1EE 0EE 2EE 2D2C2EE 3EE 4EE 1EE 0EE 2EE 2D3EE 3C5EE 4H7EE 1H8EE 1S4D4C4EE 0EE 2EE 3EE 4EE 1EE 1C6EE 0S7EE 2C8EE 2H6EE 3H9EE 4HKEE 1KxEE 0HAEE 2KxEE 3KxEE 4KxEE 0KxEE 2KxEE 2D7EE 3C9EE 4SQEE 1SKEE 0S2EE 2KxEE 3KxEE 4KxEE 1KxEE 0KxEE 0D8D9DTEE 0S6D6EE 2EE 3EE 4EE 1EE 0EE 0S8EE 0STEE 2SAEE 3KxEE 4KxEE 1KxEE 0KxEE 2KxEE 2HTEE 3SJEE 4DQEE 1KxEE 0H2EE 3KxEE 4KxEE 3S3H3C3EE 4EE 1EE 3EE 3HJCJEE 4EE 1EE 3EE 3CQEE 4DKEE 1KxEE 3CAEE 4KxEE 4H4EE 1C7EE 4S9EE 1CTEE 4CKEE 1KxEE 4KxEE 4D5EE 1DJEE 4DAEE
%00089%result% 20341
%00089%points% 278 290 242 269 271
%00090%mibun% 14023
%00090%seat% 20431
%00090%palyer_cards% S4S7S9STHQD6DTC4C5C2J3 H4H5H2D5D8DJDKC9CTCK S3S5SJSKH3H6HKD3D9D2C3 S6SQSAHTHAD7DAC6C7CA S8S2H7H8H9HJD4DQC8CJCQ 
%00090%change_cards%  12H2DKEE 40S2EE 21S3H3EE 04S4EE
%00090%play%  2D3C3EE 0EE 4EE 3EE 1EE 2EE 2SKHKDKEE 0EE 4EE 3EE 1EE 2EE 2H2D2EE 0EE 4EE 3EE 1EE 2EE 2S5EE 0D6EE 4H7EE 3HTEE 1KxEE 2KxEE 0HQEE 4KxEE 3HAEE 0KxEE 3KxEE 0KxEE 0STDTEE 4EE 3EE 1EE 2EE 0EE 0S2C2EE 4EE 3EE 1EE 2EE 0EE 0C4EE 4S8EE 4S4D4EE 3EE 1EE 2EE 0EE 4EE 4H8C8EE 4HJCJEE 3EE 1EE 2EE 0EE 4EE 4DQCQEE 3EE 1EE 2EE 0EE 4EE 4H9EE 3SQEE 1CKEE 2KxEE 0KxEE 3SAEE 1KxEE 3KxEE 3S6C6EE 1EE 2EE 0EE 3EE 3D7C7EE 1EE 2EE 0EE 3EE 3DACAEE 1EE 2EE 0EE 1H3H4H5EE 2EE 0EE 1EE 1S3EE 2H6EE 0S7EE 1D8EE 1D5EE 2D9EE 0KxEE 1DJEE 2KxEE 1KxEE 1C9EE 2SJEE 0KxEE 1KxEE 0C5EE 1CTEE
%00090%result% 43210
%00090%points% 279 292 245 273 276
%00091%mibun% 43210
%00091%seat% 20431
%00091%palyer_cards% STH4H5H7H8H2D8D9DQC5 S3S8SAH9HKD7DJC7C9C2J3 S2HAD3D4D6DAC3C8CJCQ S5S6S7H3H6HJHQDKC6CTCA S4S9SJSQSKHTD5DTD2C4CK 
%00091%change_cards%  04H2DQEE 13J3EE 40S4C4EE 31H3EE
%00091%play%  2D3C3EE 0EE 4EE 3EE 1EE 2EE 2HADAEE 0EE 4EE 3EE 1EE 2EE 2D4EE 0H5EE 4S9EE 3CTEE 1DJEE 2CQEE 0KxEE 4SKEE 3CAEE 1C2EE 2KxEE 4KxEE 3KxEE 1KxEE 3KxEE 3S5S6S7EE 1EE 2EE 0EE 4EE 3EE 3H6C6EE 1EE 2EE 0EE 4EE 3EE 3HJEE 1HKEE 2KxEE 0KxEE 4H2EE 3KxEE 1KxEE 4KxEE 4HTDTEE 3EE 1EE 2EE 0EE 4EE 4SQDQEE 3EE 1EE 2EE 0EE 4EE 4D5EE 3HQEE 1SAEE 2S2EE 0KxEE 4KxEE 3KxEE 1KxEE 2KxEE 2D6EE 0H7EE 4SJEE 3DKEE 1KxEE 2KxEE 0KxEE 4D2EE 4KxEE 4CKEE 1KxEE 2KxEE 0KxEE 1S3H3EE 2EE 0EE 1EE 1D7C7EE 2EE 0EE 1EE 1H9C9EE 2EE 0EE 1EE 1S8EE 2C8EE 2CJEE
%00091%result% 34120
%00091%points% 280 295 247 278 280
%00092%mibun% 42301
%00092%seat% 20431
%00092%palyer_cards% S9SQSAS2H5HJHKD5C6CK SKH7HTHQD7D8DTD2C8C9C2 S5HAH2D3D4D9DKDAC3C7CQ S4S6S7H4H6H8H9D6CTCJCA S3S8STSJH3DJDQC4C5J3 
%00092%change_cards%  03SAS2EE 24H2EE 30S4H4EE 42S3EE
%00092%play%  2S3D3C3EE 0EE 4EE 3EE 1EE 2EE 2HADAEE 0EE 4EE 3EE 1EE 2EE 2D4EE 0H5EE 4S8EE 4SJDJEE 3EE 1EE 2EE 0EE 4EE 4H3EE 3S6EE 1H7EE 2D9EE 0HJEE 4DQEE 3SAEE 1D2EE 2KxEE 0KxEE 4KxEE 3KxEE 1KxEE 4KxEE 4C4EE 3H6EE 1D7EE 2CQEE 0HKEE 4H2EE 3KxEE 1KxEE 2KxEE 0KxEE 4KxEE 4C5EE 3D6EE 1D8EE 1HTDTEE 2EE 0EE 4EE 3EE 1EE 1C8EE 1C9EE 2DKEE 0KxEE 4KxEE 3CAEE 1C2EE 2KxEE 3KxEE 1KxEE 1HQEE 2KxEE 0CKEE 4KxEE 3S2EE 1KxEE 0KxEE 3KxEE 3S7EE 1SKEE 2KxEE 0KxEE 4KxEE 3KxEE 2S5EE 0C6EE 4STEE 3CJEE 2KxEE 0SQEE 3KxEE 0KxEE 0S4H4EE 3EE 2EE 0EE 0D5EE 3H8EE 3H9EE 2KxEE 0KxEE 3CTEE 2C7EE
%00092%result% 14320
%00092%points% 281 300 249 281 284
%00093%mibun% 40321
%00093%seat% 14032
%00093%palyer_cards% S6S8S2HTHKHAD5DAC7C8CK SJH3H6H9DJDKC4C5CTCJCQ S9STH4D3D4D9DTC9C2J3 S5SQSKH7H2D7D2C3C6CA S3S4S7SAH5H8HJHQD6D8DQ 
%00093%change_cards%  01S2HAEE 24J3EE 10H3C4EE 42S3EE
%00093%play%  2S3D3EE 1EE 4EE 0EE 3EE 2EE 2H4D4EE 1EE 4EE 0EE 3EE 2EE 2S9D9C9EE 1EE 4EE 0EE 3EE 2EE 2STDTEE 1EE 4EE 0EE 3EE 2EE 2C2EE 1KxEE 4KxEE 0KxEE 3KxEE 4KxEE 4H8D8EE 4HQDQEE 0EE 3EE 1EE 4EE 4S4EE 0D5EE 3C6EE 1H9EE 4HJEE 0HKEE 3H2EE 1KxEE 4KxEE 0KxEE 3KxEE 3H7D7EE 1EE 4EE 0EE 3EE 3C3EE 1C5EE 4KxEE 0C7EE 3CAEE 1KxEE 0KxEE 3KxEE 3S5EE 1H6EE 4S7EE 0S8EE 0H3EE 3SQEE 1DKEE 4SAEE 0KxEE 3D2EE 1KxEE 4KxEE 3KxEE 3SKEE 1HAEE 4KxEE 0KxEE 1S2EE 1KxEE 1CTCJCQEE 4EE 0EE 1EE 1SJDJEE 4EE 0EE 4H5EE 0S6EE 4KxEE 0C8EE 0C4EE 4D6EE
%00093%result% 23140
%00093%points% 282 303 254 285 286
%00094%mibun% 42013
%00094%seat% 14032
%00094%palyer_cards% S4STSKSAH2C4C5C7CQJ3 S6HTD5D6D7DTDAC3CTCJC2 S9H6H7H9HKD3D9DQDKC6C9 S3S5S2H5HJHAD4D8DJCA S7S8SJSQH3H4H8HQD2C8CK 
%00094%change_cards%  02H2J3EE 43D2EE 20H6D3EE 34S3EE
%00094%play%  0S4C4EE 3EE 2EE 1EE 4EE 0EE 0D3EE 3D4EE 2D9EE 1DTEE 4KxEE 0KxEE 3DJEE 2DQEE 1DAEE 3D2EE 2KxEE 1KxEE 3KxEE 2KxEE 2S9H9C9EE 1EE 4EE 0EE 3EE 2EE 2HKDKEE 1EE 4EE 0EE 3EE 2EE 2C6EE 1D7EE 4S8EE 4S3H3EE 0EE 3EE 2EE 1EE 4EE 4H8C8EE 4SQHQEE 0EE 3EE 2EE 1EE 4EE 4H4EE 0C5EE 3D8EE 3S5H5EE 2EE 1EE 4EE 0EE 3EE 3HACAEE 2EE 1EE 4EE 0EE 3EE 3HJEE 2H2EE 1KxEE 4KxEE 0KxEE 3KxEE 2KxEE 2H7EE 1HTEE 4KxEE 0KxEE 3KxEE 1KxEE 1S6D6EE 4EE 0EE 3EE 1EE 1C3EE 4S7EE 0STEE 3S2EE 1KxEE 4KxEE 0KxEE 1D5EE 4SJEE 0CQEE 1C2EE 4KxEE 0KxEE 1KxEE 1CTEE 4CKEE 0KxEE 1KxEE 0H6EE 1CJEE
%00094%result% 23410
%00094%points% 283 305 259 289 289
%00095%mibun% 43012
%00095%seat% 14032
%00095%palyer_cards% S5S9H7DKDAD2C4C5CTCJ S3SAH4H5H6HKD4D6DQC8C9 S6S8SKS2H3H9H2DTC3CQCK STSQHTD3D5D7D8DJC2J3 S4S7SJH8HJHQHAD9C6C7CA 
%00095%change_cards%  02DAD2EE 13SAEE 20H3C3EE 31D3EE
%00095%play%  1H4H5H6EE 4EE 0EE 3EE 2EE 1EE 1S3D3EE 4EE 0EE 3EE 2EE 1EE 1D4EE 4C6EE 0H7EE 3D8EE 3STHTEE 2EE 1EE 4EE 0EE 3EE 3D5EE 2S6EE 1C8EE 1D6EE 4S7EE 0S9EE 3SQEE 2SKEE 1KxEE 4KxEE 0KxEE 3SAEE 2S2EE 3KxEE 2KxEE 3KxEE 3D7EE 2S8EE 2H2D2EE 1EE 4EE 0EE 3EE 2EE 2H9EE 1DQEE 4HAEE 0KxEE 3C2EE 2KxEE 1KxEE 4KxEE 3KxEE 3DJEE 2CQEE 1HKEE 4CAEE 0KxEE 2KxEE 1KxEE 4KxEE 4SJHJEE 0EE 2EE 1EE 4EE 4S4EE 0S5EE 2KxEE 1KxEE 4KxEE 0KxEE 0C3C4C5EE 2EE 1EE 4EE 0EE 0H3EE 2DTEE 1KxEE 4HQEE 0DKEE 2DAEE 4KxEE 0KxEE 2KxEE 2CKEE 1KxEE 4KxEE 0KxEE 1C9EE 4KxEE 0CTEE 0CJEE
%00095%result% 32104
%00095%points% 285 308 263 294 290
%00096%mibun% 32104
%00096%seat% 41320
%00096%palyer_cards% S6SQSAH3H5H6H7DTC5C7C9 SJSKH8HJHAD9C4CQC2J3 S8H2D6D7DQDAD2C3CJCKCA S7STS2H4H9HQD4D8DKC6C8 S3S4S5S9HTHKD3D5DJCT 
%00096%change_cards%  43HKDJEE 02SAEE 34H4D4EE 20C3EE
%00096%play%  4S3S4S5EE 1EE 3EE 2EE 0EE 4EE 4D3D4D5EE 1EE 3EE 2EE 0EE 4EE 4HTCTEE 1EE 3EE 2EE 0EE 4EE 4H4EE 1H8EE 1SJHJEE 3EE 2EE 0EE 4EE 1EE 1C4EE 3C6EE 2CJEE 0KxEE 4KxEE 1CQEE 3KxEE 2CKEE 1C2EE 2KxEE 1KxEE 1KxEE 1D9EE 3STEE 2DQEE 0KxEE 4KxEE 1SKEE 3S2EE 2KxEE 1KxEE 3KxEE 3D8C8EE 3HKDKEE 2EE 0EE 4EE 1EE 3EE 3S7EE 2S8EE 2SADACAEE 0EE 4EE 1EE 3EE 2EE 2H2D2EE 0EE 4EE 1EE 3EE 2EE 2D6EE 0H7EE 4S9EE 1HAEE 3KxEE 2KxEE 0KxEE 3H9EE 2KxEE 0DTEE 3DJEE 0KxEE 3KxEE 3HQEE 2KxEE 0KxEE 2D7EE
%00096%result% 41320
%00096%points% 286 312 265 297 295
%00097%mibun% 41320
%00097%seat% 41320
%00097%palyer_cards% S9H4H5HQD5DTC3C5C7C2 S3S7STH7HJHKD6DJDKC6CJ S6SQHAH2D8D2CTCQCKJ3 S8SJSKSAH3HTD3DAC4C8CA S4S5S2H6H8H9D4D7D9DQC9 
%00097%change_cards%  04HQC2EE 21J3EE 40S4D4EE 12S3EE
%00097%play%  3H3D3EE 2EE 0EE 4EE 1EE 3EE 3S8C8EE 3SADACAEE 2EE 0EE 4EE 1EE 3EE 3C4EE 2S6EE 0C7EE 4H8EE 4H9D9C9EE 1EE 3EE 2EE 0EE 4EE 4HQDQEE 1EE 3EE 2EE 0EE 4EE 4S2C2EE 1EE 3EE 2EE 0EE 4EE 4S5EE 1D6EE 3HTEE 2SQEE 0KxEE 4KxEE 1HKEE 3KxEE 2HAEE 1KxEE 2KxEE 1KxEE 1S7H7EE 3EE 2EE 0EE 4EE 1EE 1HJDJCJEE 3EE 2EE 0EE 4EE 1EE 1C6EE 3SJEE 2CQEE 0KxEE 4KxEE 1DKEE 3KxEE 2H2EE 1KxEE 2KxEE 2S3EE 0S4EE 4KxEE 1STEE 3SKEE 2KxEE 0KxEE 2D8EE 2CTEE 0KxEE 4KxEE 2CKEE 2KxEE 2D2EE 0K