%-----%hostname% HonokanoMacBook-Pro.local
%-----%TIME_START% 2025/05/24 16:34:45
%-----%palyer_name% Normal Normal Normal Normal Normal
%-----%WINDOW_TYPE% ALICE
%-----%GRAPH_WINDOW% YES
%-----%RAND_TYPE% 1
%-----%RULE_KAKUMEI% YES
%-----%RULE_SHIBARI% YES
%-----%RULE_KINSOKU% NO
%-----%RULE_KAIDAN% YES
%-----%RULE_CHANGE% YES
%-----%RULE_5TOBI% NO
%-----%RULE_6REVERS% NO
%-----%RULE_8GIRI% YES
%-----%RULE_11BACK% NO
%-----%RULE_SEKIGAE% YES
%-----%RULE_SEKIGAE_NUM% 3
%-----%GAME_NUMBER% 100
%-----%FLASH_MIBUN_NUMBER% 100
%-----%GAME_PORT% 53166
%-----%RANDOM_SEED% 1748072077
%00000%mibun% 22222
%00000%seat% 24031
%00000%palyer_cards% S3SKSAH4H8HTHJD2C3CJ S5SQS2H9D4D8DJDQDACTCK S6S8S9H5H7HKHAD5C4C7C8 STH6HQD3D6D7DTDKC9CQCA S4S7SJH3H2D9C5C6C2J3 
%00000%change_cards% NULL
%00000%play%  3H6D6EE 1EE 2EE 4EE 0EE 3EE 3STDTEE 1EE 2EE 4EE 0EE 3EE 3HQCQEE 1EE 2EE 4EE 0EE 3EE 3D3EE 1D4EE 2D5EE 4D9EE 0D2EE 3KxEE 1KxEE 2KxEE 4KxEE 0KxEE 4KxEE 4H2C2EE 0EE 3EE 1EE 2EE 4EE 4H3EE 0H4EE 3KxEE 1H9EE 2HKEE 4KxEE 0KxEE 1KxEE 2HAEE 2KxEE 2H7C7EE 4EE 0EE 3EE 1EE 2EE 2S8C8EE 2C4EE 4C5EE 0CJEE 3CAEE 1KxEE 2KxEE 4KxEE 0KxEE 3KxEE 3D7EE 1D8EE 1SQDQEE 2EE 4EE 0EE 3EE 1EE 1S5EE 2S6EE 4S7EE 0SKEE 3KxEE 1S2EE 2KxEE 4KxEE 0KxEE 1KxEE 1CTEE 2KxEE 4SJEE 0SAEE 3KxEE 1KxEE 4KxEE 0KxEE 0S3C3EE 3EE 1EE 2EE 4EE 0EE 0H8EE 0HTEE 3DKEE 1DAEE 2KxEE 4KxEE 0KxEE 3KxEE 1KxEE 1DJEE 2KxEE 4KxEE 0KxEE 3KxEE 1CKEE 2H5EE 4C6EE 0HJEE 3KxEE 2KxEE 4KxEE 3C9EE 2KxEE 4KxEE 2S9EE
%00000%result% 10324
%00000%points% 4 5 2 3 1
%00001%mibun% 10324
%00001%seat% 24031
%00001%palyer_cards% S5S6STH3DAC5C8CTCJCK SJSAS2H9HTHKD3D8DJD2CA S9H4H5H7H8D6C6C7C9CQC2 S3S4S7S8SQHJHQHAD9DK SKH6H2D4D5D7DTDQC3C4J3 
%00001%change_cards%  41H2J3EE 20C2EE 14D3D8EE 02H3EE
%00001%play%  4D3D4D5EE 0EE 3EE 1EE 2EE 4EE 4C3EE 0S5EE 3S7EE 1SJEE 2KxEE 4SKEE 0KxEE 3KxEE 1SAEE 4KxEE 1S2EE 1KxEE 1KxEE 1H2D2EE 2EE 4EE 0EE 3EE 1EE 1H9EE 2CQEE 4KxEE 0CKEE 3KxEE 1CAEE 2KxEE 0C2EE 1KxEE 0KxEE 0STCTEE 3EE 1EE 2EE 4EE 0EE 0C5EE 3S8EE 3SQHQEE 1EE 2EE 4EE 0EE 3EE 3S3EE 1HTEE 2KxEE 4DQEE 0DAEE 3KxEE 1KxEE 4KxEE 0KxEE 0S6EE 3D9EE 1DJEE 2KxEE 4KxEE 0KxEE 3DKEE 1KxEE 3KxEE 3S4EE 1HKEE 2KxEE 4KxEE 0KxEE 3HAEE 3KxEE 3HJEE 2KxEE 4KxEE 0KxEE 2H3H4H5EE 4EE 0EE 2EE 2D6C6EE 4EE 0EE 2EE 2H7C7EE 4EE 0EE 2EE 2S9C9EE 4EE 0EE 2EE 2H8EE 4C4EE 0C8EE 0CJEE
%00001%result% 13204
%00001%points% 6 10 5 7 2
%00002%mibun% 30214
%00002%seat% 24031
%00002%palyer_cards% S6SQH5HQD6C4C8C9CQCK S9STH3H6H8HJHKD7DJC6CJ S3S4SKS2D4D5D8DQD2C5C2 SJSAH4H7HAD3DKC7CTJ3 S5S7S8H9HTH2D9DTDAC3CA 
%00002%change_cards%  41H2DAEE 03CKEE 14H3H6EE 30D3EE
%00002%play%  0S6D6EE 3EE 1EE 2EE 4EE 0EE 0SQHQCQEE 3EE 1EE 2EE 4EE 0EE 0D3EE 3H4EE 1C6EE 2D8EE 2S4D4EE 4EE 0EE 3EE 1EE 2EE 2D5C5EE 4EE 0EE 3EE 1EE 2EE 2S2D2C2EE 4EE 0EE 3EE 1EE 2EE 2S3EE 4S5EE 0KxEE 3SJEE 1KxEE 2SKEE 4KxEE 3SAEE 2KxEE 3KxEE 3KxEE 3H7C7EE 1EE 2EE 4EE 0EE 3EE 3DKCKEE 1EE 2EE 4EE 0EE 3EE 3CTEE 1HJEE 2DQEE 4CAEE 0KxEE 3KxEE 1H2EE 4KxEE 1KxEE 1DJCJEE 4EE 0EE 3EE 1EE 1D7EE 4S8EE 4H3C3EE 0EE 3EE 1EE 4EE 4H9D9EE 0EE 3EE 1EE 4EE 4HTDTEE 0EE 3EE 1EE 4EE 4H6EE 0C8EE 0C4EE 3HAEE 1KxEE 4KxEE 0KxEE 1H8EE 1S9EE 4KxEE 0KxEE 1STEE 1KxEE 1HKEE 4KxEE 0KxEE 1DAEE 4S7EE
%00002%result% 23140
%00002%points% 7 13 10 11 4
%00003%mibun% 42013
%00003%seat% 41230
%00003%palyer_cards% S3S6H3H9HKD5D6D9DAC4CK S4STH5H6HQD4DQCAC2J3 S5SQSKS2H8HJD7D8D2C7CT SJSAH4HTD3DTDKC5C8C9CJ S7S8S9H7HAH2DJC3C6CQ 
%00003%change_cards%  02HKDAEE 43H2EE 20S5D7EE 34D3EE
%00003%play%  4S7S8S9EE 4D3C3EE 1EE 2EE 3EE 0EE 4EE 4C6EE 1STEE 2HJEE 3DKEE 0KxEE 4HAEE 1C2EE 2KxEE 3KxEE 4KxEE 1KxEE 1KxEE 1S4D4EE 2EE 3EE 0EE 4EE 1EE 1HQDQEE 2EE 3EE 0EE 4EE 1EE 1H5EE 2C7EE 3C8EE 3HTDTEE 0EE 4EE 1EE 2EE 3EE 3SJCJEE 0EE 4EE 1EE 2EE 3EE 3H4EE 0S5EE 4H7EE 1CAEE 2S2EE 3KxEE 0KxEE 4KxEE 1KxEE 2KxEE 2H8D8EE 2SKHKEE 3EE 0EE 4EE 1EE 2EE 2CTEE 3SAEE 0KxEE 4KxEE 1KxEE 2D2EE 3KxEE 2KxEE 2SQEE 3H2EE 0KxEE 4KxEE 1KxEE 2KxEE 3KxEE 3C5EE 0S6EE 4DJEE 1KxEE 2DAEE 3KxEE 0KxEE 4KxEE 3C9EE 0CKEE 4KxEE 1KxEE 0KxEE 0D5D6D7EE 4EE 1EE 0EE 0S3H3EE 4EE 1EE 0EE 0H9D9EE 4EE 1EE 0EE 0C4EE 4CQEE
%00003%result% 23041
%00003%points% 10 14 15 15 6
%00004%mibun% 24013
%00004%seat% 41230
%00004%palyer_cards% S9SQSKH6H2D6D7DJC3C4CK S8S2H5H7HAD5DKDAC7C2 S5H3HJHQD3D8D2C5CTCJCA S3S4SJH4HTHKD9DQC8CQJ3 S6S7STSAH8H9D4DTC6C9 
%00004%change_cards%  12S2C2EE 43SAEE 21H3D3EE 34S3EE
%00004%play%  1H3D3EE 2EE 3EE 0EE 4EE 1EE 1H5D5EE 2EE 3EE 0EE 4EE 1EE 1H7C7EE 2EE 3EE 0EE 4EE 1EE 1HADAEE 2EE 3EE 0EE 4EE 1EE 1S8EE 1DKEE 2CAEE 3KxEE 0KxEE 4KxEE 2KxEE 3KxEE 3S4H4EE 0EE 4EE 2EE 3EE 3DQCQEE 0EE 4EE 2EE 3EE 3C8EE 3D9EE 0DJEE 4KxEE 2D2EE 3KxEE 0KxEE 2KxEE 2S5C5EE 3EE 0EE 4EE 2EE 2HJCJEE 3EE 0EE 4EE 2EE 2S2C2EE 3EE 0EE 4EE 2EE 2D8EE 2CTEE 3SJEE 0SQEE 4KxEE 2KxEE 3SAEE 0KxEE 3KxEE 3HTEE 0SKEE 4KxEE 2KxEE 3KxEE 0H2EE 0KxEE 0H6D6EE 4EE 2EE 3EE 0EE 0C3EE 4D4EE 2HQEE 3HKEE 0KxEE 4KxEE 0C4EE 4S6EE 0D7EE 4H8EE 4H9C9EE 0EE 4EE 4STDTEE 0EE 4EE 4S3EE 0S9EE 4KxEE 0KxEE 0CKEE
%00004%result% 12304
%00004%points% 12 19 19 18 7
%00005%mibun% 30124
%00005%seat% 41230
%00005%palyer_cards% S3S5S7S8STS2H6H8HAC8 S4SAH4D4D7DKC3C4C5CTJ3 SQH9HJHKH2D3DTDACJCAC2 S9H3H7HTHQD5D6C6C7C9CK S6SJSKH5D8D9DJDQD2CQ 
%00005%change_cards%  41SKD2EE 02S2EE 14S4C3EE 20D3EE
%00005%play%  0S3D3EE 4EE 1EE 2EE 3EE 0EE 0S8H8C8EE 0S5EE 4S6EE 1SKEE 2S2EE 3KxEE 0KxEE 4KxEE 1KxEE 2KxEE 1KxEE 1H4D4C4EE 2EE 3EE 0EE 4EE 1EE 1C5EE 2H9EE 3HTEE 0HAEE 4KxEE 1KxEE 2H2EE 3KxEE 0KxEE 2KxEE 2HJCJEE 3EE 0EE 4EE 1EE 2EE 2DACAEE 3EE 0EE 4EE 1EE 2EE 2DTEE 3HQEE 0KxEE 4KxEE 1DKEE 2C2EE 3KxEE 1KxEE 2KxEE 2SQEE 3CKEE 0KxEE 4KxEE 1SAEE 2KxEE 3KxEE 1D2EE 1KxEE 1D7EE 2HKEE 3KxEE 0KxEE 4KxEE 1KxEE 3D6C6EE 0EE 4EE 1EE 3EE 3H7C7EE 0EE 4EE 1EE 3EE 3S9C9EE 0EE 4EE 1EE 3EE 3H3EE 0H6EE 4KxEE 1KxEE 3KxEE 0KxEE 0S7EE 4D8EE 4SJDJEE 1EE 3EE 0EE 4EE 4DQCQEE 1EE 3EE 0EE 4EE 4C3EE 1CTEE 3KxEE 0KxEE 4KxEE 3D5EE 0STEE
%00005%result% 21304
%00005%points% 14 23 24 21 8
%00006%mibun% 31024
%00006%seat% 30214
%00006%palyer_cards% S4S9SAH6H9HQD3DTC3C7 S3S8STH4H5H8H2D4D7C4C5 S6SQSKH3HJHKD8CQCKCAJ3 S7HTHAD5D9DJDKD2C6C9 S5SJS2H7D6DQDAC8CTCJC2 
%00006%change_cards%  42S2C2EE 01SAEE 24S6H3EE 10S3EE
%00006%play%  0S3D3C3EE 2EE 1EE 4EE 3EE 0EE 0S9H9EE 2EE 1EE 4EE 3EE 0EE 0S4EE 2D8EE 2CQCKCAC2EE 1EE 4EE 3EE 0EE 2EE 2SKHKEE 1EE 4EE 3EE 0EE 2EE 2HJEE 1SAEE 4KxEE 3D2EE 0KxEE 2KxEE 1KxEE 3KxEE 2KxEE 2SQEE 1H2EE 4KxEE 3KxEE 0KxEE 2KxEE 1KxEE 1H4D4C4EE 4EE 3EE 0EE 2EE 1EE 1H5C5EE 4EE 3EE 0EE 2EE 1EE 1S8H8EE 1D7EE 4C8EE 4S6D6EE 3EE 0EE 2EE 1EE 4EE 4SJCJEE 3EE 0EE 2EE 1EE 4EE 4H3EE 3D5EE 0H6EE 2S2EE 1KxEE 4KxEE 3KxEE 0KxEE 1STEE 4DQEE 3DKEE 0KxEE 4DAEE 3KxEE 4KxEE 4S5EE 3C6EE 0C7EE 4CTEE 3KxEE 0KxEE 4KxEE 4H7EE 3D9EE 0DTEE 3DJEE 0KxEE 3KxEE 3S7EE 0HQEE
%00006%result% 21403
%00006%points% 16 27 29 22 11
%00007%mibun% 31042
%00007%seat% 30214
%00007%palyer_cards% S3S7S2H8HTD5DKC8CJJ3 S4S9SQH6HJHKD3D6D9C3CK S5S6S8SKH3H2D4D8D2C7CQ SAH4H9HADJDQDAC4C6C2 STSJH5H7HQD7DTC5C9CTCA 
%00007%change_cards%  32SAC2EE 01J3EE 23H3D4EE 10D3EE
%00007%play%  0S3D3EE 2EE 1EE 4EE 3EE 0EE 0H8C8EE 0D5EE 2S6EE 1S9EE 4STEE 3KxEE 0S2EE 2KxEE 1KxEE 4KxEE 0KxEE 1KxEE 1H6D6EE 4EE 3EE 0EE 2EE 1EE 1HKCKEE 4EE 3EE 0EE 2EE 1EE 1C3EE 4H5EE 3C6EE 0S7EE 2S8EE 2H2D2C2EE 1EE 4EE 3EE 0EE 2EE 2S5EE 1D9EE 4DTEE 3DJEE 0DKEE 2KxEE 1KxEE 4KxEE 3DAEE 0KxEE 3KxEE 3H4D4C4EE 0EE 2EE 1EE 4EE 3EE 3H3EE 0HTEE 2KxEE 1HJEE 4HQEE 3HAEE 0KxEE 1KxEE 4KxEE 3KxEE 3H9EE 0CJEE 2CQEE 1KxEE 4CAEE 3KxEE 2KxEE 4KxEE 4H7D7EE 3EE 2EE 1EE 4EE 4C5EE 3DQEE 2SKEE 1KxEE 4KxEE 2SAEE 2KxEE 2C7EE 1SQEE 4KxEE 2KxEE 1KxEE 1S4EE 4C9EE 2KxEE 4CTEE 4KxEE 4SJEE
%00007%result% 03142
%00007%points% 21 30 30 26 13
%00008%mibun% 02413
%00008%seat% 30214
%00008%palyer_cards% SQSKH5H6H8H9HQD5DKC5CK S3S6S8H2D6DJC4C9CQCAJ3 S4S5S9H4D4D7D9DAC6C8CJ SJS2HTHJHAD8DTC3C7CT S7STSAH3H7HKD3DQD2C2 
%00008%change_cards%  20DACJEE 43D2EE 02H5D5EE 34C3EE
%00008%play%  4H3D3C3EE 3EE 0EE 2EE 1EE 4EE 4S7H7EE 3EE 0EE 2EE 1EE 4EE 4STEE 3SJEE 0SQEE 2KxEE 1KxEE 4KxEE 3KxEE 0KxEE 1KxEE 1S6D6EE 4EE 3EE 0EE 2EE 1EE 1S3EE 4DQEE 3HAEE 0KxEE 2KxEE 1H2EE 4KxEE 3KxEE 1KxEE 1C4EE 4HKEE 3S2EE 0KxEE 2KxEE 1KxEE 4KxEE 3KxEE 3HTDTCTEE 0EE 2EE 1EE 4EE 3EE 3C7EE 0H8EE 0SKDKCKEE 2EE 1EE 4EE 3EE 0EE 0C5EE 2C6EE 1C9EE 4C2EE 3KxEE 0KxEE 2KxEE 1KxEE 4KxEE 4SAEE 3D2EE 0KxEE 2KxEE 1KxEE 3KxEE 3D8EE 3HJEE 0HQEE 2KxEE 1KxEE 0KxEE 0H6EE 2D7EE 1S8EE 1DJEE 0DAEE 2KxEE 1KxEE 0KxEE 0H9EE 2KxEE 1CQEE 0KxEE 1CAEE 0CJEE
%00008%result% 43102
%00008%points% 23 33 31 30 18
%00009%mibun% 32410
%00009%seat% 43120
%00009%palyer_cards% S4STSJSKSAS2HJDJCJC2 S5S6S8H4H8HKHAD4DTC5C7 S7H5H7HTD8DKC4C6C9CA S3S9SQH6H9HQH2DAC3CTJ3 H3D3D5D6D7D9DQD2C8CQCK 
%00009%change_cards%  24DKCAEE 03S2EE 42H3D3EE 30S3EE
%00009%play%  2H3D3EE 0EE 4EE 3EE 1EE 2EE 2S7H7EE 0EE 4EE 3EE 1EE 2EE 2C4EE 0STEE 4DQEE 3DAEE 1KxEE 2KxEE 0KxEE 4D2EE 3KxEE 4KxEE 3KxEE 3S9H9EE 1EE 2EE 0EE 4EE 3EE 3SQHQEE 1EE 2EE 0EE 4EE 3EE 3S2H2EE 1EE 2EE 0EE 4EE 3EE 3C3EE 1H4EE 2H5EE 0HJEE 4KxEE 3KxEE 1HKEE 2KxEE 0KxEE 1HAEE 1KxEE 1S5C5EE 2EE 0EE 4EE 3EE 1EE 1S8H8EE 1D4EE 2C6EE 0SJEE 4CQEE 3KxEE 1KxEE 2KxEE 0SKEE 4CAEE 0C2EE 4KxEE 0KxEE 0DJCJEE 4EE 3EE 1EE 2EE 0EE 0S3EE 4D5EE 3H6EE 1C7EE 2D8EE 2C9EE 0SAEE 4KxEE 3KxEE 1KxEE 2KxEE 0KxEE 0S4EE 4D6EE 3CTEE 1KxEE 2KxEE 4DKEE 4KxEE 4D7EE 1DTEE 2KxEE 4KxEE 1KxEE 1S6EE 2HTEE
%00009%result% 03124
%00009%points% 28 36 33 34 19
%00010%mibun% 02314
%00010%seat% 43120
%00010%palyer_cards% S4S5SAS2H7H9H2DJDKCJCQ S7STH4HJDAD2C3C4C9CK SQSKH6H8HTHQD8C5C7C2 S3S6S8SJH3H5D5D6C6C8CT S9HKHAD3D4D7D9DTDQCAJ3 
%00010%change_cards%  40HAJ3EE 23C2EE 04S4S5EE 32S3EE
%00010%play%  4S4D4EE 3EE 1EE 2EE 0EE 4EE 4S9D9EE 3EE 1EE 2EE 0EE 4EE 4D3EE 3H5EE 1S7EE 2H8EE 2SQHQEE 0EE 4EE 3EE 1EE 2EE 2S3EE 0H7EE 4DTEE 3SJEE 1CKEE 2KxEE 0SAEE 4KxEE 3C2EE 1KxEE 0KxEE 3KxEE 0KxEE 0DJCJEE 4EE 3EE 1EE 2EE 0EE 0S2H2EE 4EE 3EE 1EE 2EE 0EE 0H9EE 4DQEE 3KxEE 1DAEE 2KxEE 0KxEE 4KxEE 1D2EE 1KxEE 1H4C4EE 2EE 0EE 4EE 3EE 1EE 1C3EE 2C5EE 0CQEE 4CAEE 3KxEE 1KxEE 2KxEE 0KxEE 4KxEE 4S5EE 3S6EE 1STEE 2SKEE 0KxEE 4KxEE 3KxEE 1KxEE 2KxEE 2H6EE 0DKEE 4KxEE 3KxEE 1KxEE 2KxEE 0HAEE 4D7EE 3S8EE 3D6C6EE 1EE 2EE 4EE 3EE 3H3EE 1C9EE 2HTEE 4HKEE 3KxEE 1KxEE 2KxEE 3D5EE 1HJEE 2KxEE 3KxEE 2C7EE 3C8EE 3CTEE
%00010%result% 04132
%00010%points% 33 39 34 36 23
%00011%mibun% 02431
%00011%seat% 43120
%00011%palyer_cards% S7SJSQH3D7D9DJC5C6CTCJ S5S9SKHTHAD4D5DTDKDA S8S2H7H8D3D2C8CKCAJ3 S4S6SAH5HJHQH2D6C4C9C2 S3STH4H6H9HKD8DQC3C7CQ 
%00011%change_cards%  20S2J3EE 34H2EE 02H3C5EE 43S3EE
%00011%play%  2H3D3EE 0EE 4EE 3EE 1EE 2EE 2S8H8C8EE 2C5EE 0C6EE 4C7EE 3C9EE 1KxEE 2CKEE 0KxEE 4KxEE 3KxEE 2KxEE 0KxEE 0S7D7EE 4EE 3EE 1EE 2EE 0EE 0SJDJCJEE 4EE 3EE 1EE 2EE 0EE 0D9EE 4STEE 3HJEE 1SKEE 2CAEE 0S2EE 4KxEE 3KxEE 1KxEE 2KxEE 0KxEE 0CTEE 4DQEE 3SAEE 1KxEE 2D2EE 0KxEE 4KxEE 3KxEE 2KxEE 2H7EE 0SQEE 4HKEE 3C2EE 1KxEE 4KxEE 3KxEE 3S4C4EE 1EE 4EE 3EE 3S6D6EE 1EE 4EE 3EE 3S3EE 1D4EE 4H6EE 3HQEE 1HAEE 4H2EE 3KxEE 1KxEE 4KxEE 4C3EE 3H5EE 1S9EE 4CQEE 1DKEE 4KxEE 1DAEE 1KxEE 1S5D5EE 4EE 1EE 1HTDTEE
%00011%result% 20314
%00011%points% 37 41 39 39 24
%00012%mibun% 13024
%00012%seat% 03142
%00012%palyer_cards% S4S8H4H9HJH2D8DTC5C7C2 S3STSJH7H8DKC4C9CTCA S7S2H6HQHAD4D5DQC6C8CQ S5H3H5D3D6D7D9DJD2C3CK S6S9SQSKSAHTHKDACJJ3 
%00012%change_cards%  42SAJ3EE 10CAEE 24D4D5EE 01S4EE
%00012%play%  3H3D3C3EE 1EE 4EE 2EE 0EE 3EE 3S5H5EE 1EE 4EE 2EE 0EE 3EE 3D6EE 1H7EE 4S9EE 2HQEE 0CAEE 3D2EE 1KxEE 4KxEE 2KxEE 0KxEE 3KxEE 2KxEE 2H6C6EE 0EE 3EE 1EE 4EE 2EE 2DQCQEE 0EE 3EE 1EE 4EE 2EE 2SAHAEE 0EE 3EE 1EE 4EE 2EE 2S7EE 0S8EE 0H2C2EE 3EE 1EE 4EE 2EE 0EE 0H4EE 3D7EE 1H8EE 1S4C4EE 4EE 2EE 0EE 3EE 1EE 1STCTEE 4EE 2EE 0EE 3EE 1EE 1S3EE 4D4EE 2C8EE 2S2EE 0KxEE 3KxEE 1KxEE 4KxEE 0C5EE 3D9EE 1SJEE 4SQEE 0KxEE 3KxEE 1KxEE 4SKEE 4KxEE 4D5EE 0C7EE 3DJEE 1DKEE 4DAEE 0KxEE 3KxEE 1KxEE 4KxEE 4S6EE 0D8EE 0H9EE 3CKEE 1KxEE 4KxEE 0KxEE 1C9EE 4HTEE 0HJEE 4HKEE 0KxEE 4KxEE 4CJEE
%00012%result% 23140
%00012%points% 38 44 44 43 26
%00013%mibun% 42013
%00013%seat% 03142
%00013%palyer_cards% S4S5H4H6HTD4DTDKD2C5CT S9SQSAH3H8HKHAD3DAC8 S6S7S8SKS2H5D6C6CJC2J3 S3STSJHQDJDQC4C7C9CQCA H7H9HJH2D5D7D8D9C3CK 
%00013%change_cards%  02DKD2EE 43H2EE 20S6H5EE 34S3EE
%00013%play%  1H3D3EE 4EE 2EE 0EE 3EE 1EE 1H8C8EE 1SAHADAEE 4EE 2EE 0EE 3EE 1EE 1S9EE 4HJEE 2SKEE 0KxEE 3CAEE 1KxEE 4KxEE 2S2EE 3KxEE 2KxEE 2KxEE 2D6C6EE 0EE 3EE 1EE 4EE 2EE 2D2C2EE 0EE 3EE 1EE 4EE 2EE 2S7EE 0HTEE 3SJEE 1SQEE 4KxEE 2KxEE 0KxEE 3KxEE 1KxEE 1HKEE 4KxEE 2KxEE 0KxEE 3H2EE 3KxEE 3HQDQCQEE 4EE 2EE 0EE 3EE 3C4EE 4D5EE 2S8EE 2CJEE 0KxEE 3KxEE 4CKEE 2KxEE 4KxEE 4D7D8D9EE 4S3C3EE 2EE 0EE 3EE 4EE 4H7EE 2DKEE 0KxEE 3KxEE 4KxEE 0S4S5S6EE 3EE 4EE 0EE 0H4H5H6EE 3EE 4EE 0EE 0DTCTEE 3EE 4EE 0EE 0D4EE 3C7EE 4H9EE 0KxEE 3STEE 3DJEE 3KxEE 3C9EE
%00013%result% 12430
%00013%points% 39 49 48 45 29
%00014%mibun% 40132
%00014%seat% 03142
%00014%palyer_cards% H7H9HJHQHKD3D9DQCJC2 S7SQSKD5D7D8DJD2C6CTCQ S4SAS2H4H6H8H2D4DKC5CA S8SJH3H5HADAC4C7C9CK S3S5S6S9STHTD6DTC3C8J3 
%00014%change_cards%  01HKC2EE 32HAEE 10D5C6EE 23S4EE
%00014%play%  0H9D9EE 3EE 1EE 4EE 2EE 0EE 0HJCJEE 3EE 1EE 4EE 2EE 0EE 0HQDQEE 3EE 1EE 4EE 2EE 0EE 0D3EE 3S4EE 1S7EE 4S9EE 2SAEE 0KxEE 3KxEE 1KxEE 4KxEE 2KxEE 4KxEE 4S3C3EE 2EE 0EE 3EE 1EE 4EE 4S6D6EE 2EE 0EE 3EE 1EE 4EE 4STHTDTEE 2EE 0EE 3EE 1EE 4EE 4S5EE 2H6EE 0H7EE 3KxEE 1HKEE 4KxEE 2HAEE 0KxEE 1KxEE 2H2EE 2KxEE 2H4D4EE 0EE 3EE 1EE 4EE 2EE 2C5EE 0C6EE 3C7EE 1CTEE 4KxEE 2CAEE 0KxEE 3KxEE 1C2EE 2KxEE 1KxEE 1SQCQEE 4EE 2EE 0EE 3EE 1EE 1D7EE 4C8EE 2H8EE 2DKEE 0KxEE 3DAEE 1D2EE 2KxEE 3KxEE 1KxEE 1D8EE 1DJEE 2S2EE 0KxEE 3KxEE 1KxEE 0D5EE 3S8EE 3H3EE 1SKEE
%00014%result% 42013
%00014%points% 42 51 52 46 34
%00015%mibun% 23140
%00015%seat% 13024
%00015%palyer_cards% S7H9HTHJD4D9DTDQC4C2 S5S6S9STSKS2HKD8D2C9CJ S8SQH8HAH2D7DJC6C7CT S4SAH4H6H7HQD6DAC5CQCA S3SJH3H5D3D5DKC3C8CKJ3 
%00015%change_cards%  34SADAEE 12S2EE 43S3H3EE 21C6EE
%00015%play%  4D3C3EE 1EE 3EE 0EE 2EE 4EE 4H5D5EE 1EE 3EE 0EE 2EE 4EE 4DKCKEE 1EE 3EE 0EE 2EE 4EE 4SADAEE 1EE 3EE 0EE 2EE 4EE 4C8EE 4SJEE 1SKEE 3KxEE 0KxEE 2S2EE 4KxEE 1KxEE 2KxEE 1S6C6EE 3EE 0EE 2EE 1EE 1S9C9EE 3EE 0EE 2EE 1EE 1S5EE 3H6EE 0S7EE 2S8EE 2D7C7EE 1EE 3EE 0EE 2EE 2H8EE 2CTEE 1CJEE 3CQEE 0C2EE 2KxEE 1KxEE 3KxEE 0KxEE 0H9HTHJEE 2EE 1EE 3EE 0EE 0D4C4EE 2EE 1EE 3EE 0EE 0D9EE 2DJEE 1D2EE 3KxEE 0KxEE 2KxEE 1KxEE 1D8EE 1STEE 3HQEE 0KxEE 2HAEE 1KxEE 3KxEE 2H2EE 2KxEE 2SQEE 1HKEE 3CAEE 0KxEE 3KxEE 3S3H3EE 0EE 3EE 3S4H4EE 0EE 3EE 3C5EE 0DTEE 3KxEE 0DQEE
%00015%result% 42103
%00015%points% 44 54 56 47 39
%00016%mibun% 32140
%00016%seat% 13024
%00016%palyer_cards% S7S9SAH5H7H9H2D3D9C7 S3SQS2H3H8D4DQD2C4CQCK H6HJHAD7DTDJDKDACTJ3 S5S6STSJH4HKD8C3C9CJCA S4S8SKHTHQD5D6C5C6C8C2 
%00016%change_cards%  34HKCAEE 02H2EE 43S4D5EE 20H6EE
%00016%play%  0H5H6H7EE 2EE 4EE 1EE 3EE 0EE 0S7C7EE 2EE 4EE 1EE 3EE 0EE 0S9H9D9EE 2EE 4EE 1EE 3EE 0EE 0D3EE 2D7EE 4KxEE 1DQEE 3KxEE 0KxEE 2DKEE 1D2EE 2KxEE 1KxEE 2KxEE 2DTCTEE 4EE 1EE 3EE 0EE 2EE 2HJDJEE 4EE 1EE 3EE 0EE 2EE 2HADAEE 4EE 1EE 3EE 0EE 2EE 2H2EE 4KxEE 1KxEE 3KxEE 0KxEE 4D6C6EE 1EE 3EE 0EE 4EE 4S8C8EE 4SKHKEE 1EE 3EE 0EE 4EE 4C5EE 1H8EE 1S3H3EE 3EE 0EE 4EE 1EE 1D4C4EE 3EE 0EE 4EE 1EE 1SQCQEE 3EE 0EE 4EE 1EE 1CKEE 3KxEE 0SAEE 4C2EE 1KxEE 4KxEE 4HTEE 1S2EE 3KxEE 4KxEE 3S4S5S6EE 4EE 3EE 3SJCJEE 4EE 3EE 3C3EE 4HQEE 3KxEE 4CAEE
%00016%result% 20143
%00016%points% 48 57 61 48 41
%00017%mibun% 12043
%00017%seat% 13024
%00017%palyer_cards% S5S7STH4HJD4D8DQC4C2 S3SQS2H5H9D7DKC3C9CTCA S6H8HTHQH2D6DTD2CJCQCK S4SKSAH3H7HKD9DAC6C8 S8S9SJH6HAD3D5DJC5C7J3 
%00017%change_cards%  32SADAEE 40J3EE 23S6D6EE 04H4EE
%00017%play%  4D5C5EE 1EE 3EE 0EE 2EE 4EE 4SJDJEE 1EE 3EE 0EE 2EE 4EE 4D3EE 1H5EE 3S6EE 0S7EE 2SAEE 4KxEE 1S2EE 3KxEE 0KxEE 2KxEE 1KxEE 0KxEE 0D4C4EE 2EE 4EE 1EE 3EE 0EE 0S5EE 2H8EE 2CJCQCKEE 4EE 1EE 3EE 0EE 2EE 2HTDTEE 4EE 1EE 3EE 0EE 2EE 2H2D2EE 4EE 1EE 3EE 0EE 2EE 2HQEE 4HAEE 1KxEE 3KxEE 0KxEE 2KxEE 4KxEE 4H4EE 1D7EE 3C8EE 3D6C6EE 0EE 2EE 4EE 1EE 3EE 3SKHKEE 0EE 2EE 4EE 1EE 3EE 3H3EE 0D8EE 0STEE 2DAEE 4KxEE 1KxEE 3KxEE 0C2EE 0KxEE 0HJEE 4KxEE 1SQEE 3KxEE 0KxEE 1DKEE 1CAEE 1KxEE 1S3C3EE 3EE 0EE 4EE 1EE 1H9C9EE 3EE 0EE 4EE 1EE 1CTEE 3KxEE 0DQEE 4KxEE 4H6EE 3H7EE 4KxEE 3KxEE 3S4EE 4C7EE 3D9EE
%00017%result% 21034
%00017%points% 51 61 66 50 42
%00018%mibun% 21034
%00018%seat% 32401
%00018%palyer_cards% S5S7S9H9HKD4D5DAC8CJC2 S3S2H7HTHAD3D6C5CQCK S6STSAH3H4H5H8H2D7DJC9 S4SQH6HQD8DTD2C3CAJ3 S8SJSKHJD9DQDKC4C6C7CT 
%00018%change_cards%  42SKDKEE 31J3EE 24H3H4EE 13S3EE
%00018%play%  1D3EE 3S4EE 2H5EE 4C6EE 0S7EE 1HTEE 3SQEE 2SKEE 4KxEE 0KxEE 1S2EE 3KxEE 2KxEE 1KxEE 1KxEE 1C5EE 3H6EE 2D7EE 4S8EE 4H4C4EE 0EE 1EE 3EE 2EE 4EE 4SJHJEE 0EE 1EE 3EE 2EE 4EE 4H3EE 0D4EE 1D6EE 3D8EE 3S3C3EE 2EE 4EE 0EE 1EE 3EE 3DTEE 2DJEE 4DQEE 0DAEE 1KxEE 3D2EE 2KxEE 4KxEE 0KxEE 3KxEE 3HQEE 2DKEE 4KxEE 0C2EE 1KxEE 3KxEE 2KxEE 0KxEE 0S5D5EE 1EE 3EE 2EE 4EE 0EE 0S9H9EE 1EE 3EE 2EE 4EE 0EE 0C8EE 0CJEE 1CQEE 3CAEE 2KxEE 4KxEE 0KxEE 1KxEE 2S6EE 4C7EE 0HKEE 1HAEE 2H2EE 4KxEE 1KxEE 2KxEE 2H8EE 2C9EE 4CTEE 1CKEE 2KxEE 4KxEE 1KxEE 1H7EE 2STEE 4KxEE 2SAEE
%00018%result% 30124
%00018%points% 55 64 68 55 43
%00019%mibun% 12304
%00019%seat% 32401
%00019%palyer_cards% SKH3H4D3D4D7DJC3C9CA S9SQH6H8H9HTHQHADQCJ S3S4SJH7HKH2D8DAC5C6CT S5S6SAS2D5D6DKC4C8CKJ3 S7S8STH5HJD9DTD2C7CQC2 
%00019%change_cards%  43D2C2EE 20H2EE 34S5C4EE 02H3EE
%00019%play%  0D3C3EE 1EE 3EE 2EE 4EE 0EE 0H4D4EE 1EE 3EE 2EE 4EE 0EE 0D7EE 1H8EE 1S9H9EE 3EE 2EE 4EE 0EE 1EE 1SQHQDQEE 3EE 2EE 4EE 0EE 1EE 1H6EE 3C8EE 3S6D6EE 2EE 4EE 0EE 1EE 3EE 3DKCKEE 2EE 4EE 0EE 1EE 3EE 3S2D2C2EE 2EE 4EE 0EE 1EE 3EE 3D5EE 2C6EE 4S7EE 0C9EE 1HTEE 3SAEE 2KxEE 4KxEE 0H2EE 1KxEE 3KxEE 0KxEE 2S3H3EE 4EE 0EE 1EE 2EE 2S4EE 4S5EE 0SKEE 1KxEE 2KxEE 4KxEE 0KxEE 0DJEE 1HAEE 2KxEE 4KxEE 0KxEE 1KxEE 1CJEE 2HKEE 4KxEE 0CAEE 2KxEE 2C5EE 4C7EE 2CTEE 4CQEE 2KxEE 4KxEE 4STDTEE 2EE 4EE 4C4EE 2H7EE 4S8EE 4H5EE 2D8EE 2SJEE 4KxEE 2DAEE
%00019%result% 31024
%00019%points% 58 68 70 60 44
%00020%mibun% 21304
%00020%seat% 32401
%00020%palyer_cards% S5SJH3H7H2D3D4D5DKC8 S6S9H5H9HAC3C5C6CJC2 S4STHJHKD7D9DQDAC7C9CQ SQS2HTHQD8DTDJC4CTCAJ3 S3S7S8SKSAH4H6H8D6D2CK 
%00020%change_cards%  43SAD2EE 21DAEE 34D8C4EE 12C3EE
%00020%play%  0D3D4D5EE 1EE 3EE 2EE 4EE 0EE 0H3EE 1H5EE 3HTEE 2HJEE 4KxEE 0H2EE 1KxEE 3KxEE 2KxEE 0KxEE 3KxEE 3DTCTEE 2EE 4EE 0EE 1EE 3EE 3SQHQEE 2EE 4EE 0EE 1EE 3EE 3SACAEE 2EE 4EE 0EE 1EE 3EE 3S2D2EE 2EE 4EE 0EE 1EE 3EE 3DJEE 2DQEE 4KxEE 0DKEE 1DAEE 2KxEE 0KxEE 1KxEE 1S6C6EE 2EE 4EE 0EE 1EE 1S9H9EE 2EE 4EE 0EE 1EE 1C5EE 2D7EE 4S8EE 4H4C4EE 0EE 1EE 2EE 4EE 4H6D6EE 0EE 1EE 2EE 4EE 4H8D8EE 4SKCKEE 0EE 1EE 2EE 4EE 4S3EE 0S5EE 1KxEE 2STEE 4KxEE 0SJEE 2KxEE 0KxEE 0H7EE 1CJEE 2CQEE 4KxEE 0KxEE 1C2EE 2KxEE 1KxEE 1HAEE 2KxEE 4KxEE 0KxEE 2D9C9EE 4EE 0EE 2EE 2C3EE 4S7EE 0C8EE
%00020%result% 31402
%00020%points% 60 72 71 65 47
%00021%mibun% 31402
%00021%seat% 21403
%00021%palyer_cards% H8D7D8D9DTDAC5C6C9J3 S6STSKS2HAD3D5DQC7CTCK S3S7S8SAH4H5H6H9HJCJCQ S4S9HTHKD6DKD2C3C4C8C2 S5SJSQH3H7HQH2D4DJCA 
%00021%change_cards%  23SACQEE 01J3EE 32S4C3EE 10D3EE
%00021%play%  0D7D8D9DTEE 0D3EE 3C4EE 2H5EE 1S6EE 4H7EE 0H8EE 0C5EE 3D6EE 2S7EE 1STEE 4SJEE 0KxEE 3SAEE 2KxEE 1S2EE 4KxEE 3KxEE 1KxEE 1KxEE 1SKCKEE 4EE 0EE 3EE 2EE 1EE 1D5EE 4DJEE 0DAEE 3D2EE 2KxEE 1KxEE 4KxEE 0KxEE 3KxEE 3HKDKEE 2EE 1EE 4EE 0EE 3EE 3C8EE 3S9EE 2HJEE 1DQEE 4CAEE 0KxEE 3C2EE 2KxEE 1KxEE 4KxEE 3KxEE 3HTEE 2CJEE 1HAEE 4H2EE 0KxEE 3KxEE 2KxEE 1KxEE 4KxEE 4SQHQEE 0EE 3EE 2EE 1EE 4EE 4H3EE 0C6EE 3CQEE 2KxEE 1KxEE 4KxEE 0KxEE 2S3C3EE 1EE 4EE 0EE 2EE 2S4H4EE 1EE 4EE 0EE 2EE 2H6EE 1C7EE 4KxEE 0C9EE 2KxEE 1CTEE 4D4EE 2S8EE 2H9EE
%00021%result% 30124
%00021%points% 64 75 73 70 48
%00022%mibun% 12304
%00022%seat% 21403
%00022%palyer_cards% S8SAH6HQHKD5D7DJD2CT S3S4S9S2H9HTHJDACKCAC2 S5S7STSQH5H2D4D8DTCJJ3 S6SJH3H4D9DQC3C5C7C9CQ SKH7H8HAD3D6DKC4C6C8 
%00022%change_cards%  43SKHAEE 20J3EE 34H3C3EE 02D5EE
%00022%play%  4H3D3C3EE 0EE 3EE 2EE 1EE 4EE 4D6C6EE 0EE 3EE 2EE 1EE 4EE 4H8C8EE 4C4EE 0H6EE 3C7EE 2D8EE 2S5H5D5EE 1EE 4EE 0EE 3EE 2EE 2STDTEE 1EE 4EE 0EE 3EE 2EE 2D4EE 1S9EE 4DKEE 0SAEE 3KxEE 2H2EE 1KxEE 4KxEE 0KxEE 2KxEE 0KxEE 0D7EE 3D9EE 2KxEE 1DAEE 4KxEE 0D2EE 3KxEE 1KxEE 0KxEE 0S8EE 0CTEE 3SJEE 2SQEE 1S2EE 4KxEE 0KxEE 3KxEE 2KxEE 1KxEE 1H9HTHJEE 4EE 0EE 3EE 2EE 1EE 1CKCAC2EE 4EE 0EE 3EE 2EE 1EE 1S3EE 4H7EE 0DJEE 3DQEE 2KxEE 1KxEE 0KxEE 3KxEE 3H4EE 2S7EE 1KxEE 0HQEE 3SKEE 2KxEE 0KxEE 3HAEE 3KxEE 3C5EE 2CJEE 1KxEE 0KxEE 3CQEE 3KxEE 3S6EE 1KxEE 0HKEE 3KxEE 3C9EE
%00022%result% 42031
%00022%points% 67 76 77 72 53
%00023%mibun% 24130
%00023%seat% 21403
%00023%palyer_cards% S3H3H6H8D8DJDKC7C8C9CQ S6S9H7H9HTD7DQDAC3J3 SQS2H2D3D5D6D9D2C6CT S4S8SJSKSAH4H5HKC5CJCK S5S7STHJHQHAD4DTC4CAC2 
%00023%change_cards%  14DAJ3EE 32SAEE 41D4C4EE 23D3EE
%00023%play%  3S4H4EE 2EE 1EE 4EE 0EE 3EE 3H5C5EE 2EE 1EE 4EE 0EE 3EE 3SJCJEE 2EE 1EE 4EE 0EE 3EE 3SKHKCKEE 2EE 1EE 4EE 0EE 3EE 3D3EE 2D5EE 1D7EE 4DTEE 0DJEE 3KxEE 2D2EE 1KxEE 4KxEE 0KxEE 2KxEE 4KxEE 4HADACAEE 0EE 3EE 2EE 1EE 4EE 4S5EE 0H6EE 3S8EE 2D6C6EE 1EE 4EE 0EE 2EE 2S2H2EE 1EE 4EE 0EE 2EE 2D9EE 1HTEE 4HJEE 0KxEE 2KxEE 1KxEE 4HQEE 4KxEE 4S7EE 0H8EE 0C7C8C9EE 0S3H3EE 2EE 1EE 4EE 0EE 0D8EE 0CQEE 2SAEE 1KxEE 4C2EE 0KxEE 2KxEE 4KxEE 4STEE 0DKEE 2KxEE 1KxEE 2CTEE 1DQEE 2KxEE 1KxEE 1D4C4EE 2EE 1EE 1S9H9EE 2EE 1EE 1C3EE 2SQEE
%00023%result% 34021
%00023%points% 70 77 79 77 57
%00024%mibun% 24301
%00024%seat% 40213
%00024%palyer_cards% S3S4S7S2H9HQH2D3D8C9CJ S8S9SKH3H5DJDKDAC4C6 S5S6SJH7H8D2C3C5C7C8 H6HJHKD5D6D7D9CQCAC2J3 STSQSAH4HTHAD4DTDQCTCK 
%00024%change_cards%  13SKDAEE 24D2EE 31H6D5EE 42H4EE
%00024%play%  0S3D3EE 2EE 1EE 3EE 4EE 0EE 0H9C9EE 2EE 1EE 3EE 4EE 0EE 0S2H2EE 2EE 1EE 3EE 4EE 0EE 0S4EE 2S5EE 1S8EE 1H5D5EE 3EE 4EE 0EE 2EE 1EE 1H6C6EE 3EE 4EE 0EE 2EE 1EE 1H3EE 3D6EE 4STEE 0CJEE 2KxEE 1DKEE 3DAEE 4D2EE 0KxEE 1KxEE 3KxEE 4KxEE 3KxEE 3SKHKEE 4EE 0EE 2EE 1EE 3EE 3D7EE 4HTEE 0HQEE 2KxEE 1KxEE 3KxEE 4HAEE 0KxEE 4KxEE 4DTCTEE 0EE 2EE 1EE 3EE 4EE 4SQDQEE 0EE 2EE 1EE 3EE 4EE 4D4EE 0S7EE 2H8EE 2H7C7EE 1EE 3EE 4EE 0EE 2EE 2C3EE 1C4EE 3CQEE 4CKEE 0KxEE 2KxEE 1KxEE 3CAEE 4KxEE 3C2EE 3KxEE 3D9EE 4SAEE 0KxEE 2KxEE 1KxEE 3KxEE 0D8EE 2H4EE 1S9EE 3HJEE 2KxEE 1KxEE 2C5EE 1DJEE
%00024%result% 40312
%00024%points% 74 79 80 80 62
%00025%mibun% 13420
%00025%seat% 40213
%00025%palyer_cards% S7SJH7H9D3D4D7CJCQCKJ3 S6H6H8HTHJHQHAH2C9CT S5SKH4H5HKD9D2C3C4C6C7 S3S4SQS2H3D5D8DQC5CA S8S9STSAD6DTDJDKDAC8C2 
%00025%change_cards%  24SKD2EE 10H2EE 42S8D6EE 01D3EE
%00025%play%  1HTHJHQEE 3EE 4EE 0EE 2EE 1EE 1S6H6EE 3EE 4EE 0EE 2EE 1EE 1D3EE 3S4EE 4C8EE 4DKDAD2EE 0EE 2EE 1EE 3EE 4EE 4STDTEE 0EE 2EE 1EE 3EE 4EE 4S9EE 0SJEE 2KxEE 1KxEE 3SQEE 4SKEE 0KxEE 3KxEE 4KxEE 0KxEE 0CJCQCKEE 2EE 1EE 3EE 4EE 0EE 0S7H7D7EE 2EE 1EE 3EE 4EE 0EE 0D4EE 2S5EE 1H8EE 1C9EE 3DQEE 4SAEE 0H2EE 2KxEE 1KxEE 3KxEE 4KxEE 0KxEE 0H9EE 2HKEE 1HAEE 3KxEE 4KxEE 2KxEE 1KxEE 1CTEE 3CAEE 4C2EE 2KxEE 3KxEE 4KxEE 4DJEE 2KxEE 3S2EE 3KxEE 3S3H3EE 2EE 3EE 3D5C5EE 2EE 3EE 3D8EE
%00025%result% 01432
%00025%points% 79 83 81 82 65
%00026%mibun% 01432
%00026%seat% 40213
%00026%palyer_cards% H6H9HAH2D4DJDQC3C6CAJ3 S5SJHJD5D7D8DKDAC4C9C2 S8S9SQSKH4H8HQD9D2C8CJ STSAH5H7HTD6DTC5C7CK S3S4S6S7S2H3HKD3CTCQ 
%00026%change_cards%  20SKD2EE 31SAEE 02D4C3EE 13C4EE
%00026%play%  4S3H3D3EE 0EE 2EE 1EE 3EE 4EE 4S4EE 0H6EE 2S8EE 2H4D4EE 1EE 3EE 4EE 0EE 2EE 2H8C8EE 2S9D9EE 1EE 3EE 4EE 0EE 2EE 2SQHQEE 1EE 3EE 4EE 0EE 2EE 2C3EE 1S5EE 3D6EE 4S7EE 0H9EE 2CJEE 1DKEE 3KxEE 4S2EE 0KxEE 1KxEE 4KxEE 0KxEE 0HACAEE 1EE 3EE 4EE 0EE 0H2D2EE 1EE 3EE 4EE 0EE 0C6EE 1D7EE 3STEE 4CQEE 0SKEE 1SAEE 3KxEE 4KxEE 0KxEE 1KxEE 1SJHJEE 3EE 4EE 0EE 1EE 1D5EE 3H7EE 4CTEE 0DJEE 1DAEE 3KxEE 4KxEE 0KxEE 1KxEE 1D8EE 1C9EE 3HTEE 4HKEE 0KxEE 1KxEE 3KxEE 4KxEE 4S6EE 0DQEE 1C2EE
%00026%result% 24013
%00026%points% 82 85 86 83 69
%00027%mibun% 23041
%00027%seat% 10234
%00027%palyer_cards% S8SKSAHKHAH2DQDKC5CJ H4H5HTHQD3D4DJCTCKC2 S4SJH3H6H7H8DTDAC6CQCA S9STSQS2HJD5D8D9C7C8C9 S3S5S6S7H9D6D7D2C3C4J3 
%00027%change_cards%  32SQS2EE 14C2EE 23S4H3EE 41S3EE
%00027%play%  1S3D3EE 0EE 2EE 3EE 4EE 1EE 1H4D4EE 0EE 2EE 3EE 4EE 1EE 1HTCTEE 0EE 2EE 3EE 4EE 1EE 1H5EE 0S8EE 0HKHAH2EE 2EE 3EE 4EE 1EE 0EE 0SKDKEE 2EE 3EE 4EE 1EE 0EE 0C5EE 2H6EE 3C7EE 4H9EE 1DJEE 0DQEE 2DAEE 3KxEE 4D2EE 1KxEE 0KxEE 2KxEE 4KxEE 4KxEE 4S5S6S7EE 1EE 0EE 2EE 3EE 4EE 4C3EE 1HQEE 0SAEE 2S2EE 3KxEE 4KxEE 1KxEE 0KxEE 2KxEE 2SQCQEE 3EE 4EE 1EE 0EE 2EE 2C6EE 3D8EE 3S9D9C9EE 4EE 1EE 0EE 2EE 3EE 3H3EE 4C4EE 1CKEE 0KxEE 2CAEE 3KxEE 4C2EE 2KxEE 4KxEE 4D6EE 0CJEE 2KxEE 3KxEE 4KxEE 2H7EE 3C8EE 3S4EE 4D7EE 2H8EE 2DTEE 3HJEE 2KxEE 3KxEE 3D5EE 2SJEE
%00027%result% 10423
%00027%points% 86 90 88 84 72
%00028%mibun% 10342
%00028%seat% 10234
%00028%palyer_cards% STH3H7HQD6DTDQC8C9CJJ3 S4S5SKS2H8D5DJDAD2CTC2 S6S7SJSAH5H6HJHAH2D3C4 S3H4D7D8D9C3C6C7CKCA S8S9SQH9HTHKD4DKC5CQ 
%00028%change_cards%  31CKCAEE 20H2EE 13S4S5EE 02H3EE
%00028%play%  2H3D3EE 3EE 4EE 1EE 0EE 2EE 2S6H6EE 3EE 4EE 1EE 0EE 2EE 2SJHJEE 3EE 4EE 1EE 0EE 2EE 2SAHAEE 3EE 4EE 1EE 0EE 2EE 2C4EE 3S5EE 4S8EE 4S9H9EE 1EE 0EE 2EE 3EE 4EE 4SQCQEE 1EE 0EE 2EE 3EE 4EE 4HKDKEE 1EE 0EE 2EE 3EE 4EE 4D4EE 1D5EE 0D6EE 2KxEE 3D7EE 4KxEE 1DJEE 0DQEE 3KxEE 1DAEE 0KxEE 1KxEE 0KxEE 0STDTEE 2EE 3EE 4EE 1EE 0EE 0H7EE 2KxEE 3D8EE 3S3C3EE 4EE 1EE 0EE 2EE 3EE 3S4H4EE 4EE 1EE 0EE 2EE 3EE 3C6EE 4HTEE 1SKEE 0H2EE 2KxEE 3KxEE 4KxEE 1KxEE 0KxEE 0C8EE 0C9EE 2KxEE 3KxEE 4KxEE 1CTEE 0CJEE 1CKEE 0KxEE 1CAEE 1C2EE 1KxEE 1S2D2EE 0EE 2EE 3EE 4EE 1EE 1H8EE 0HQEE 2KxEE 3KxEE 4KxEE 2H5EE 3C7EE 4KxEE 2KxEE 3D9EE 4C5EE
%00028%result% 10342
%00028%points% 90 95 89 87 74
%00029%mibun% 10423
%00029%seat% 10234
%00029%palyer_cards% S3SJSKH5H6HJD6C4CJCAJ3 STH7HAH2D9DTDAD2C9CTC2 S4S5S6S8SQSAS2H9D8C3C6 H4HQD3D4D5DQDKC7C8CK S7S9H3H8HTHKD7DJC5CQ 
%00029%change_cards%  21SAS2EE 40HKEE 12H7D9EE 04S3EE
%00029%play%  3D3D4D5EE 4EE 1EE 0EE 2EE 3EE 3HQDQEE 4EE 1EE 0EE 2EE 3EE 3DKCKEE 4EE 1EE 0EE 2EE 3EE 3H4EE 4C5EE 1C9EE 0CJEE 2KxEE 3KxEE 4CQEE 1C2EE 0KxEE 4KxEE 1KxEE 0KxEE 0H6D6EE 2EE 3EE 4EE 1EE 0EE 0SJHJEE 2EE 3EE 4EE 1EE 0EE 0SKHKEE 2EE 3EE 4EE 1EE 0EE 0C4EE 2S5EE 3C7EE 4H8EE 4S3H3EE 1EE 0EE 2EE 3EE 4EE 4S7D7EE 1EE 0EE 2EE 3EE 4EE 4S9EE 1STEE 0KxEE 2SQEE 3KxEE 4KxEE 1SAEE 2KxEE 1S2EE 1KxEE 1DTCTEE 0EE 2EE 3EE 4EE 1EE 1HADAEE 0EE 2EE 3EE 4EE 1EE 1H2D2EE 0EE 2EE 3EE 4EE 0H5EE 2S6EE 3C8EE 4HTEE 0CAEE 2KxEE 4KxEE 2S8D8EE 2H9D9EE 4EE 2EE 2C3EE 4DJEE
%00029%result% 13042
%00029%points% 93 100 90 91 76
%00030%mibun% 20413
%00030%seat% 13024
%00030%palyer_cards% S7S8S9SKH6H9HKDJDKC3C2 SAH4H8H2D4D7D8D9DTDACJ S3STSQHJDQD2C5C9CTCQ SJS2H3HQHAD3D5C4C7CKJ3 S4S5S6H5H7HTD6C6C8CA 
%00030%change_cards%  21SQD2EE 43CAEE 12H4D4EE 34H3EE
%00030%play%  3HACAEE 0EE 2EE 4EE 1EE 3EE 3D3EE 0H6EE 2C9EE 4HTEE 1CJEE 3HQEE 0SKEE 2KxEE 4KxEE 1SAEE 3S2EE 0KxEE 1KxEE 3KxEE 3KxEE 3C4EE 0S7EE 2STEE 4KxEE 1SQEE 3KxEE 0KxEE 2KxEE 1KxEE 1D7D8D9DTEE 1H2D2EE 3EE 0EE 2EE 4EE 1EE 1H8EE 1DAEE 3KxEE 0C2EE 2KxEE 4KxEE 0KxEE 0S9H9EE 2EE 4EE 3EE 0EE 0HKDKEE 2EE 4EE 3EE 0EE 0C3EE 2H4EE 4S5EE 3C7EE 0S8EE 0DJEE 2DQEE 4KxEE 3KxEE 2KxEE 2S3EE 4S4EE 3SJEE 2KxEE 4KxEE 3KxEE 3D5EE 2CTEE 4KxEE 3CKEE 2KxEE 2D4EE 4H5EE 2HJEE 4KxEE 2KxEE 2C5EE 4S6EE 2CQEE
%00030%result% 10324
%00030%points% 97 105 92 94 77
%00031%mibun% 10324
%00031%seat% 13024
%00031%palyer_cards% SQH3H4H9HJD7D8C8C9CQJ3 S4S5S7SKSAHQHADTDQDKCT S9STH7HTD6D9C4C5C7CJ S3SJS2H5H8HKH2D4DACKC2 S6S8H6D3D5DJD2C3C6CA 
%00031%change_cards%  41D2CAEE 20CJEE 14S4S5EE 02H3EE
%00031%play%  4S4S5S6EE 1EE 3EE 0EE 2EE 4EE 4D3C3EE 1EE 3EE 0EE 2EE 4EE 4H6C6EE 1EE 3EE 0EE 2EE 4EE 4D5EE 1S7EE 3H8EE 3HKCKEE 0EE 2EE 4EE 1EE 3EE 3S2H2C2EE 0EE 2EE 4EE 1EE 3EE 3S3EE 0H4EE 2C5EE 4S8EE 4DJEE 1HQEE 3DAEE 0KxEE 2KxEE 1KxEE 3KxEE 0KxEE 0D8C8EE 0H9C9EE 2EE 1EE 3EE 0EE 0HJCJEE 2EE 1EE 3EE 0EE 0SQCQEE 2EE 1EE 3EE 0EE 0D7EE 2S9EE 1DTEE 3SJEE 2KxEE 1DQEE 3KxEE 1SKEE 1SAEE 1KxEE 1HACAEE 3EE 2EE 1EE 1CTEE 3KxEE 2KxEE 1DKEE 1D2EE 3D4EE 2D6EE 3KxEE 2D9EE 2KxEE 2H7C7EE 3EE 2EE 2STHTEE 3EE 2EE 2H3EE 3H5EE
%00031%result% 40132
%00031%points% 101 108 93 96 82
%00032%mibun% 12430
%00032%seat% 13024
%00032%palyer_cards% S3S7SKH7HTHQD7DJC9CK S6SQH3H5DQC3C4C5C6CQC2 S5S9SJH2D5D6D2CTCAJ3 S2H6H8H9HJHKHAD8D9DTC7 S4S8STSAH4D3D4DKDAC8CJ 
%00032%change_cards%  24H2J3EE 30S2EE 42S4D3EE 03S3EE
%00032%play%  2S5D5EE 4EE 1EE 3EE 0EE 2EE 2D3EE 4H4EE 1H5EE 3H6EE 0H7EE 2KxEE 4H2EE 1KxEE 3KxEE 0KxEE 4KxEE 4KxEE 4S8C8EE 4SADAEE 1EE 3EE 0EE 2EE 4EE 4D4EE 1C5EE 3C7EE 0C9EE 2CTEE 4CJEE 1CQEE 3KxEE 0CKEE 2CAEE 4KxEE 1C2EE 0KxEE 2KxEE 1KxEE 1H3C3EE 3EE 0EE 2EE 4EE 1EE 1S6C6EE 3EE 0EE 2EE 4EE 1EE 1SQDQEE 3EE 0EE 2EE 4EE 1EE 1C4EE 3H8EE 3D8D9DTEE 3S3EE 0S7EE 2S9EE 4STEE 3KxEE 0SKEE 2KxEE 4KxEE 0S2EE 0KxEE 0D7EE 2SJEE 4DKEE 3HAEE 0KxEE 2D2EE 3KxEE 2KxEE 2S4EE 3H9EE 0HTEE 2KxEE 3HJEE 0HQEE 3HKEE 0KxEE 0DJEE
%00032%result% 14302
%00032%points% 103 113 94 99 86
%00033%mibun% 30421
%00033%seat% 34021
%00033%palyer_cards% S3S5S9HTHQDTC3C7C9CT S6STSJS2H3H4H5HAC5C6CQ S4SQHJHKD7D8D9DQD2C8 S8SAD3D6DJDKDAC4CKC2J3 S7SKH6H7H8H9H2D4D5CJCA 
%00033%change_cards%  21HKD2EE 04HQEE 12H3H4EE 40D4EE
%00033%play%  3DKCKEE 4EE 0EE 2EE 1EE 3EE 3SADAEE 4EE 0EE 2EE 1EE 3EE 3D3EE 4D5EE 0DTEE 2DQEE 1D2EE 3KxEE 4KxEE 0KxEE 2KxEE 1KxEE 3KxEE 3C4EE 4H6EE 0C7EE 2D8EE 2S4H4EE 1EE 3EE 4EE 0EE 2EE 2H3EE 1H5EE 3KxEE 4H7EE 0HTEE 2HJEE 1HKEE 4H2EE 0KxEE 2KxEE 1KxEE 4KxEE 4S7EE 0S9EE 2SQEE 1S2EE 3KxEE 4KxEE 0KxEE 2KxEE 1KxEE 1S6C6EE 3EE 4EE 0EE 2EE 1EE 1C5EE 3D6EE 4H8EE 4H9EE 0CTEE 2KxEE 1SJEE 3C2EE 4KxEE 0KxEE 1KxEE 3KxEE 3S8EE 3DJEE 4HQEE 0KxEE 2KxEE 1HAEE 4KxEE 1KxEE 1STEE 4CJEE 0KxEE 2KxEE 1CQEE 4CAEE 4KxEE 4SKEE 0KxEE 2KxEE 0S3C3EE 2EE 0EE 0D4EE 2D7EE 0KxEE 2D9EE 2KxEE 2C8EE
%00033%result% 31420
%00033%points% 104 117 96 104 89
%00034%mibun% 41302
%00034%seat% 34021
%00034%palyer_cards% S5S7H3H5H7HQH2D3D9DKC8 S9SKS2H4H8H9HJDTC4C7 STSJSQSAD4D7D2C5CTC2 H6HKHAD8DQDAC6CJCKCAJ3 S3S4S6S8HTD5D6DJC3C9CQ 
%00034%change_cards%  03H2DKEE 21D2EE 30H6C6EE 12H4EE
%00034%play%  0H5H6H7EE 2EE 1EE 3EE 4EE 0EE 0H3D3EE 2EE 1EE 3EE 4EE 0EE 0S5EE 2D7EE 1H8EE 1S9H9EE 3EE 4EE 0EE 2EE 1EE 1S2D2EE 3EE 4EE 0EE 2EE 1EE 1C4EE 3D8EE 3DQDKDAEE 4EE 0EE 2EE 1EE 3EE 3HKHAH2EE 4EE 0EE 2EE 1EE 3EE 3CJEE 4CQEE 0KxEE 2C2EE 1KxEE 3KxEE 4KxEE 2KxEE 3KxEE 3CKEE 4KxEE 0KxEE 2SAEE 1KxEE 3KxEE 2KxEE 2STSJSQEE 1EE 3EE 4EE 0EE 2EE 2H4D4EE 1EE 3EE 4EE 0EE 2EE 2C5EE 1C7EE 3CAEE 4KxEE 0KxEE 2KxEE 1KxEE 4S3C3EE 0EE 2EE 1EE 4EE 4S6D6EE 0EE 2EE 1EE 4EE 4S4EE 0C6EE 2CTEE 1KxEE 4KxEE 0KxEE 1DTEE 4DJEE 0KxEE 1KxEE 4KxEE 4D5EE 0S7EE 1HJEE 4KxEE 0HQEE 1KxEE 0KxEE 0C8EE 0D9EE 1SKEE
%00034%result% 32014
%00034%points% 107 119 100 109 90
%00035%mibun% 23104
%00035%seat% 34021
%00035%palyer_cards% SKH9HTD4D8DTC3C7CJCKJ3 S3S4S9SJH5H7D3C4C8C2 S6SQH8HJHQH2D6DKD2CQ S7S8STSAH6HADJDAC6C9CA S5S2H3H4HKD5D7D9DQC5CT 
%00035%change_cards%  43S2HKEE 12C2EE 34H6C6EE 21S6EE
%00035%play%  1S3D3EE 3EE 4EE 0EE 2EE 1EE 1S4C4EE 3EE 4EE 0EE 2EE 1EE 1H5EE 3S7EE 4D9EE 0HTEE 2HJEE 1KxEE 3HKEE 4KxEE 0KxEE 2KxEE 3KxEE 0KxEE 0SKCKEE 2EE 1EE 3EE 4EE 0EE 0C3EE 2D6EE 1H7EE 3S8EE 3SAHADACAEE 4EE 0EE 2EE 1EE 3EE 3EE 4EE 0EE 2EE 1EE 3EE 4EE 0EE 2EE 1EE 3EE 4EE 0EE 2EE 1EE
%00035%result% 32014
%00035%points% 110 121 104 114 91
%00036%mibun% 23104
%00036%seat% 30142
%00036%palyer_cards% S3H4H6D3D5DTC5C8CJCAC2 S5S6S9SKH3H9HJHQHKD8CK S8SQS2H8DQDAD2C3C4CQ S7SJHTH2D4D6D9DJC7C9J3 S4STSAH5H7HAD7DKC6CT 
%00036%change_cards%  43SAHAEE 12SKEE 34D4D6EE 21C3EE
%00036%play%  0S3D3EE 1EE 4EE 2EE 3EE 0EE 0D5C5EE 1EE 4EE 2EE 3EE 0EE 0H4EE 1S5EE 4D6EE 2S8EE 2SQDQCQEE 3EE 0EE 1EE 4EE 2EE 2S2D2EE 3EE 0EE 1EE 4EE 2EE 2C4EE 3S7EE 0C8EE 0H6EE 1D8EE 1HJHQHKEE 4EE 2EE 3EE 0EE 1EE 1H3C3EE 4EE 2EE 3EE 0EE 1EE 1S9H9EE 4EE 2EE 3EE 0EE 1EE 1S6EE 4H7EE 2H8EE 2SKEE 3SAEE 0KxEE 1KxEE 4KxEE 2KxEE 3KxEE 3KxEE 3D9C9EE 0EE 1EE 4EE 2EE 3EE 3SJDJEE 0EE 1EE 4EE 2EE 3EE 3C7EE 0DTEE 1CKEE 4KxEE 2DAEE 3H2EE 0KxEE 3KxEE 3HTEE 0CJEE 4DKEE 3HAEE 0C2EE 4KxEE 0KxEE 0CAEE
%00036%result% 12304
%00036%points% 112 126 108 117 92
%00037%mibun% 30124
%00037%seat% 30142
%00037%palyer_cards% S3S8H5HJD9DJDKC5C9CT S7S9SJH3HTHQHKH2D4D5C3 S6SKSAH4H6D7DTDAD2C7J3 STSQS2H9D8C4C6C8CQCK S4S5H7H8HAD3D6DQCJCAC2 
%00037%change_cards%  41HAC2EE 02DKEE 14H3C3EE 20H4EE
%00037%play%  4H3D3C3EE 2EE 3EE 0EE 1EE 4EE 4S4EE 2S6EE 3STEE 0KxEE 1SJEE 4KxEE 2SKEE 3S2EE 1KxEE 2KxEE 3KxEE 2KxEE 2DKDAD2EE 3EE 0EE 1EE 4EE 2EE 2D7C7EE 3EE 0EE 1EE 4EE 2EE 2H6EE 3D8EE 3SQCQEE 0EE 1EE 4EE 2EE 3EE 3C4EE 0H5EE 1S7EE 4H8EE 4S5EE 2DTEE 3CKEE 0KxEE 1HAEE 4KxEE 2KxEE 3KxEE 1H2EE 1KxEE 1D4EE 4D6EE 2KxEE 3KxEE 0D9EE 1KxEE 4DQEE 0KxEE 4KxEE 4H7EE 2SAEE 3KxEE 0KxEE 1C2EE 4KxEE 1KxEE 1D5EE 4CJEE 3KxEE 0KxEE 1HQEE 4CAEE 1KxEE 3C6EE 0S8EE 0HJDJEE 1EE 3EE 0EE 0S3EE 1S9EE 3KxEE 0KxEE 1KxEE 1HTEE 3KxEE 0KxEE 1HKEE 3C8EE 3H9EE
%00037%result% 24130
%00037%points% 113 129 113 119 96
%00038%mibun% 42031
%00038%seat% 30142
%00038%palyer_cards% S6S9STSJSAH9HKHAD4D6C8 S3S7S8SQS2HTD5D9DKC3 SKH3H5H6D8C4C5CJCQC2J3 H4H7H8HQD3D7DTDJDQCTCK S4S5HJH2DAD2C6C7C9CA 
%00038%change_cards%  02SAHAEE 34CKEE 20H3C4EE 43S4EE
%00038%play%  3DTDJDQEE 0EE 1EE 4EE 2EE 3EE 3S4H4EE 0EE 1EE 4EE 2EE 3EE 3H7D7EE 0EE 1EE 4EE 2EE 3EE 3D3EE 0D4EE 1D5EE 4DAEE 2KxEE 3KxEE 0KxEE 1KxEE 4KxEE 2KxEE 2H5C5EE 3EE 0EE 1EE 4EE 2EE 2SAHAEE 3EE 0EE 1EE 4EE 2EE 2H6EE 3H8EE 3CTEE 0SJEE 1SQEE 4KxEE 2SKEE 3KxEE 0KxEE 1S2EE 2KxEE 1KxEE 1S3C3EE 4EE 2EE 3EE 0EE 1EE 1S7EE 4C9EE 2CJEE 3KxEE 0KxEE 1KxEE 4CKEE 2C2EE 4KxEE 2KxEE 2D8EE 2CQEE 3KxEE 0HKEE 1KxEE 4CAEE 0KxEE 4H2EE 4KxEE 4S5EE 3HQEE 0KxEE 1DKEE 4D2EE 1KxEE 4KxEE 4C6EE 0C8EE 0S6D6EE 1EE 4EE 0EE 0S9H9EE 1EE 4EE 0EE 0H3EE 1S8EE 1D9EE 4HJEE 0KxEE 1KxEE 4KxEE 4C7EE 0STEE 1KxEE 0KxEE 0C4EE
%00038%result% 23401
%00038%points% 115 130 118 123 99
%00039%mibun% 34012
%00039%seat% 14023
%00039%palyer_cards% SKS2H5D7DTDQC3C4C5C7 S3S6S9H3H6D4D5DJDKDAC6 S5S8SQSAHTHJHAD6C8CKJ3 H4H7H9HQH2D2C9CTCJCQCA S4S7STSJH8HKD3D8D9C2 
%00039%change_cards%  12DKDAEE 03S2EE 21S5D6EE 30H4EE
%00039%play%  4H8D8EE 4D3EE 0H4EE 2S8EE 2DKCKEE 3EE 1EE 4EE 0EE 2EE 2SAHADAEE 3EE 1EE 4EE 0EE 2EE 2C8EE 2HTEE 3CJEE 1KxEE 4HKEE 0KxEE 2KxEE 3KxEE 4KxEE 2KxEE 2HJEE 3HQEE 1KxEE 4KxEE 0KxEE 2KxEE 3H2EE 3KxEE 3H9C9EE 1EE 4EE 0EE 2EE 3EE 3S2D2EE 1EE 4EE 0EE 2EE 3EE 3H7EE 1S9EE 4STEE 0SKEE 2KxEE 3KxEE 1KxEE 4KxEE 0KxEE 0C3C4C5EE 2EE 3EE 1EE 4EE 0EE 0D7C7EE 2EE 3EE 1EE 4EE 0EE 0H5EE 2SQEE 3CAEE 1KxEE 4C2EE 0KxEE 3KxEE 4KxEE 4S4EE 0DTEE 3CQEE 1KxEE 4KxEE 0KxEE 3KxEE 3CTEE 1DJEE 4KxEE 0DQEE 1KxEE 1D4D5D6EE 4EE 1EE 1S3H3EE 4EE 1EE 1S6H6C6EE 4EE 1EE 1S5EE
%00039%result% 23014
%00039%points% 118 132 123 127 100
%00040%mibun% 23014
%00040%seat% 14023
%00040%palyer_cards% S6S8SJSQH8D7D9DTC8CT S9H6H7HTD6C3C4C6CJCKJ3 S5S7S2HQD4D5DKDAC7C9C2 S4SKSAH5H9HJHKHAH2DJD2 S3STH3H4D3D8DQC5CQCA 
%00040%change_cards%  42DQCAEE 13J3EE 24S5D4EE 31S4EE
%00040%play%  4S3H3D3EE 0EE 2EE 3EE 1EE 4EE 4H4D4EE 0EE 2EE 3EE 1EE 4EE 4S5C5EE 0EE 2EE 3EE 1EE 4EE 4D8EE 4STEE 0SJEE 2S2EE 3KxEE 1KxEE 4KxEE 0KxEE 2KxEE 3KxEE 3HKHAH2EE 1EE 4EE 0EE 2EE 3EE 3HJDJEE 1EE 4EE 0EE 2EE 3EE 3H5EE 1H6EE 4KxEE 0H8EE 0S8C8EE 0DTCTEE 2EE 3EE 1EE 4EE 0EE 0S6EE 2S7EE 3SKEE 1KxEE 4KxEE 0KxEE 2KxEE 3SAEE 3KxEE 3H9EE 1HTEE 4KxEE 0KxEE 2HQEE 3KxEE 1KxEE 2KxEE 2DQDKDAEE 3EE 1EE 4EE 0EE 2EE 2D5EE 3D2EE 1KxEE 4KxEE 0KxEE 2KxEE 1S4C4EE 4EE 0EE 2EE 1EE 1D6C6EE 4EE 0EE 2EE 1EE 1C3EE 4CQEE 0KxEE 2CAEE 1KxEE 2C2EE 2KxEE 2C7EE 1S9EE 0SQEE 2KxEE 1KxEE 0KxEE 0D7EE 2C9EE 1CJEE 0KxEE 1CKEE 1KxEE 1H7EE
%00040%result% 34210
%00040%points% 119 134 126 132 104
%00041%mibun% 43201
%00041%seat% 14023
%00041%palyer_cards% S9SJSAS2HADTD2C7CTCA S6STH3H7HTH2D5D8DQDAJ3 S5S8HJHQD4DKC3C6CQCK S3SQH6H8HKD7D9DJC4C8CJ S4S7SKH4H5H9D3D6C5C9C2 
%00041%change_cards%  03S2D2EE 14J3EE 30S3C4EE 41D3EE
%00041%play%  1H3D3EE 4EE 0EE 2EE 3EE 1EE 1STHTEE 4EE 0EE 2EE 3EE 1EE 1D5EE 4D6EE 0DTEE 2DKEE 3D2EE 1KxEE 4KxEE 0KxEE 2KxEE 3KxEE 4KxEE 4S4H4EE 0EE 2EE 3EE 1EE 4EE 4H5C5EE 0EE 2EE 3EE 1EE 4EE 4H9C9EE 0EE 2EE 3EE 1EE 4EE 4S7EE 0S9EE 2KxEE 3SQEE 1KxEE 4SKEE 0SAEE 3S2EE 4KxEE 0KxEE 3KxEE 3H8C8EE 3DJCJEE 1EE 4EE 0EE 2EE 3EE 3H6EE 1H7EE 4KxEE 0HAEE 2KxEE 3KxEE 1H2EE 0KxEE 1KxEE 1S6EE 4C2EE 0KxEE 2KxEE 3KxEE 1KxEE 0S3EE 2D4EE 3D7EE 1D8EE 1DQEE 0CAEE 2KxEE 3KxEE 1KxEE 0KxEE 0C4EE 2S5EE 3D9EE 1DAEE 0KxEE 2KxEE 3KxEE 0C7EE 2S8EE 2HQCQEE 3EE 0EE 2EE 2C3EE 3HKEE 0KxEE 2KxEE 0CTEE 2HJEE 0KxEE 2CKEE 2KxEE 2C6EE
%00041%result% 41320
%00041%points% 120 138 128 135 109
%00042%mibun% 41320
%00042%seat% 24013
%00042%palyer_cards% S8SJSKH5HKH2D9C4C5C6J3 S6S9SQSAD4DTDJDQC7C9CK S5H3HQD3D7DKD2C8CJCQ S3S4S7S2HTD6D8DACTC2 STH4H6H7H8H9HJHAD5C3CA 
%00042%change_cards%  04H2J3EE 21D2EE 40H4C3EE 12D4EE
%00042%play%  2H3D3EE 4EE 0EE 1EE 3EE 2EE 2HQCQEE 4EE 0EE 1EE 3EE 2EE 2D4EE 4D5EE 0D9EE 1DTEE 3DAEE 2KxEE 4KxEE 0KxEE 1KxEE 3KxEE 4KxEE 4H6H7H8H9EE 4HACAEE 0EE 1EE 3EE 2EE 4EE 4STEE 0SJEE 1SQEE 3S2EE 2KxEE 4KxEE 0KxEE 1KxEE 3KxEE 3HTCTEE 2EE 4EE 0EE 1EE 3EE 3S3EE 2S5EE 4KxEE 0S8EE 0C3C4C5C6EE 1EE 3EE 2EE 4EE 0EE 0SKHKEE 1EE 3EE 2EE 4EE 0EE 0H4EE 1S6EE 3S7EE 2KxEE 4KxEE 0KxEE 1S9EE 3KxEE 1SAEE 1KxEE 1C7EE 3D8EE 3S4EE 2D7EE 4HJEE 0KxEE 1DQEE 3C2EE 2KxEE 4KxEE 1KxEE 3KxEE 3D6EE 2C8EE 2CJEE 4H2EE 0KxEE 1KxEE 2KxEE 0H5EE 1C9EE 2DKEE
%00042%result% 34021
%00042%points% 123 139 130 140 113
%00043%mibun% 24301
%00043%seat% 24013
%00043%palyer_cards% S3SJSQH8D6D7D9DQDAD2 S4SKH3HKH2D4C8CTCKC2 S7S9H9HTHADTDJC6C9CJCQ S5S6STH5D3D5D8C4C5CAJ3 S8SAS2H4H6H7HJHQDKC3C7 
%00043%change_cards%  13H2C2EE 24HAEE 31D3C4EE 42C3EE
%00043%play%  1H3D3EE 3EE 2EE 4EE 0EE 1EE 1S4D4C4EE 3EE 2EE 4EE 0EE 1EE 1SKHKCKEE 3EE 2EE 4EE 0EE 1EE 1C8EE 1CTEE 3CAEE 2KxEE 4KxEE 0KxEE 3C2EE 3KxEE 3KxEE 3S5H5D5C5EE 2EE 4EE 0EE 3EE 3EE 2EE 4EE 0EE 3EE 2EE 4EE 0EE 3EE 2EE 4EE 0EE 3EE 2EE 4EE 0EE
%00043%result% 13402
%00043%points% 125 144 131 144 116
%00044%mibun% 30412
%00044%seat% 24013
%00044%palyer_cards% S5S9D3D5DJDQDAC8CQJ3 S4S7S8SQSKHTH2D8DTC4CT S3SJH5HQD4D9C5C9CKCAC2 STH4H7H8HAD6D7DKD2C3CJ S6SAS2H3H6H9HJHKC6C7 
%00044%change_cards%  21CAC2EE 03J3EE 12S4C4EE 30C3EE
%00044%play%  0D3C3EE 1EE 3EE 2EE 4EE 0EE 0S5D5EE 1EE 3EE 2EE 4EE 0EE 0DQCQEE 1EE 3EE 2EE 4EE 0EE 0C8EE 0S9EE 1HTEE 3CJEE 2HQEE 4HKEE 0KxEE 1H2EE 3KxEE 2KxEE 4KxEE 1KxEE 3KxEE 3H7D7EE 2EE 4EE 0EE 1EE 3EE 3H4EE 2H5EE 4H6EE 0KxEE 1KxEE 3H8EE 3D6EE 2D9EE 4KxEE 0DJEE 1KxEE 3DKEE 2KxEE 0DAEE 3D2EE 3KxEE 3STEE 2SJEE 4SAEE 1KxEE 3KxEE 2KxEE 4S2EE 4KxEE 4S6C6EE 1EE 3EE 2EE 4EE 4H3EE 1S7EE 3HAEE 2KxEE 4KxEE 1C2EE 1KxEE 1S8D8EE 1DTCTEE 2EE 4EE 1EE 1SQEE 2CKEE 4KxEE 1CAEE 2KxEE 1KxEE 1SKEE 2KxEE 4KxEE 2S4D4C4EE 4EE 2EE 2S3EE 4C7EE 2C9EE 4KxEE 2KxEE 2C5EE
%00044%result% 03124
%00044%points% 130 147 133 148 117
%00045%mibun% 02314
%00045%seat% 04231
%00045%palyer_cards% S5S7SJS2H5H6D8DKC9CTC2 SQH8H9HAD3D5D9C7CKCA S4SAH3H4H7HKH2D6DTDJC5 S6S9SKHTD4C3C4C6CJJ3 S3S8STHJHQD7DQDAD2C8CQ 
%00045%change_cards%  40DAD2EE 23H2EE 04S5H5EE 32C3EE
%00045%play%  1H9D9EE 0EE 4EE 2EE 3EE 1EE 1HACAEE 0EE 4EE 2EE 3EE 1EE 1D3EE 0H6EE 4D7EE 2DTEE 3KxEE 1KxEE 0KxEE 4KxEE 2KxEE 3KxEE 3D4C4EE 1EE 0EE 4EE 2EE 3EE 3S6C6EE 1EE 0EE 4EE 2EE 3EE 3S9EE 1SQEE 0S2EE 4KxEE 2KxEE 3KxEE 1KxEE 0KxEE 0DKDAD2EE 4EE 2EE 3EE 1EE 0EE 0S7EE 4S8EE 4S5H5EE 2EE 3EE 1EE 0EE 4EE 4HQDQCQEE 2EE 3EE 1EE 0EE 4EE 4S3EE 2S4EE 3SKEE 1KxEE 0KxEE 4KxEE 2SAEE 3KxEE 2KxEE 2H3C3EE 3EE 1EE 0EE 4EE 2EE 2H4EE 3HTEE 1KxEE 0KxEE 4HJEE 2HKEE 3H2EE 4KxEE 2KxEE 3KxEE 3CJEE 1CKEE 0C2EE 4KxEE 2KxEE 1KxEE 0KxEE 0D8EE 0C9EE 4STEE 2DJEE 1KxEE 0KxEE 4KxEE 2KxEE 2C5EE 1C7EE 0CTEE 4KxEE 2KxEE 1KxEE 0KxEE 0SJEE 4KxEE 2KxEE 1KxEE 4C8EE 2D6EE 1H8EE 1D5EE
%00045%result% 30412
%00045%points% 134 149 134 153 120
%00046%mibun% 13402
%00046%seat% 04231
%00046%palyer_cards% S3STHTD5D8DTDKC7C8CTCJ SKSAHJD3D4DJD2C4C6CAC2 S7S9H6H7H8HAD6D7C3CQ S4S5S6SJS2H5H9D9DAC5J3 S8SQH3H4HQHKH2DQC9CK 
%00046%change_cards%  23HACQEE 10D2EE 32S4S5EE 01S3EE
%00046%play%  1S3D3EE 0EE 4EE 2EE 3EE 1EE 1D4C4EE 0EE 4EE 2EE 3EE 1EE 1HJDJEE 0EE 4EE 2EE 3EE 1EE 1SACAEE 0EE 4EE 2EE 3EE 1EE 1C6EE 0C7EE 4C9EE 2KxEE 3CQEE 1C2EE 0KxEE 4KxEE 3KxEE 1KxEE 3KxEE 3H5C5EE 1EE 0EE 4EE 2EE 3EE 3H9D9EE 1EE 0EE 4EE 2EE 3EE 3HADAEE 1EE 0EE 4EE 2EE 3EE 3S6EE 1SKEE 0KxEE 4KxEE 2KxEE 3S2EE 3KxEE 3SJEE 0DKEE 4H2EE 2KxEE 0KxEE 4KxEE 4SQHQDQEE 2EE 0EE 4EE 4HKCKEE 2EE 0EE 4EE 4H3EE 2S4EE 0D5EE 4S8EE 4H4EE 2S5EE 0D8EE 0STHTDTCTEE 2EE 0EE 0EE 2EE 0EE 2EE 0EE 2EE 0EE 2EE 0EE 2EE 0EE 2EE 0EE 2EE 0EE 2EE 0EE 2EE
%00046%result% 13402
%00046%points% 136 154 135 157 123
%00047%mibun% 30412
%00047%seat% 04231
%00047%palyer_cards% S5S6SKSAH3H6H8DQC3C4CJ S4S7H5H7HTH2D4D7C6C9C2 S3SJS2HKHAD8DTCTCKCA S8S9STD3D9DKDAD2C7C8 SQH4H9HJHQD5D6DJC5CQJ3 
%00047%change_cards%  21S2HAEE 03SAEE 12S4D4EE 30D3EE
%00047%play%  0H3D3C3EE 4EE 2EE 3EE 1EE 0EE 0S6H6EE 4EE 2EE 3EE 1EE 0EE 0C4EE 4D5EE 2D8EE 2S4D4EE 3EE 1EE 0EE 4EE 2EE 2DTCTEE 3EE 1EE 0EE 4EE 2EE 2HKCKEE 3EE 1EE 0EE 4EE 2EE 2S3EE 3C7EE 1C9EE 0CJEE 4CQEE 2CAEE 3KxEE 1C2EE 0KxEE 4KxEE 2KxEE 1KxEE 4KxEE 4HJDJEE 2EE 3EE 1EE 0EE 4EE 4SQHQEE 2EE 3EE 1EE 0EE 4EE 4H4EE 2SJEE 3DKEE 1HAEE 0KxEE 4KxEE 3D2EE 1KxEE 3KxEE 3S8S9STEE 3SADAEE 1EE 0EE 4EE 3EE 3C8EE 3D9EE 1HTEE 0DQEE 4KxEE 1S2EE 0KxEE 1KxEE 1S7H7D7EE 0EE 4EE 1EE 1H5EE 0H8EE 0S5EE 4D6EE 1H2EE 0KxEE 4KxEE 1KxEE 1C6EE 0SKEE
%00047%result% 23104
%00047%points% 138 157 140 161 124
%00048%mibun% 32014
%00048%seat% 01432
%00048%palyer_cards% S5S6S7H3H6HQHAD5DACTCK S3SQH4H9D3D4D7D9DTDKC4 S4S8SAHTDQC5C6CJCAC2J3 SJS2H5H8HJH2D2C7C9CQ S9STSKH7HKD6D8DJC3C8 
%00048%change_cards%  42SKHKEE 03HAEE 24S4C5EE 30H5EE
%00048%play%  1S3D3EE 4EE 3EE 2EE 0EE 1EE 1H4D4C4EE 4EE 3EE 2EE 0EE 1EE 1H9D9EE 4EE 3EE 2EE 0EE 1EE 1D7EE 4D8EE 4C3EE 3C7EE 2CJEE 0CKEE 1KxEE 4KxEE 3KxEE 2CAEE 0KxEE 2C2EE 2KxEE 2KxEE 2SKHKEE 0EE 1EE 4EE 3EE 2EE 2C6EE 0S7EE 1DTEE 4DJEE 3D2EE 2KxEE 0KxEE 1KxEE 4KxEE 3KxEE 3SJHJEE 2EE 0EE 1EE 4EE 3EE 3S2H2EE 2EE 0EE 1EE 4EE 3EE 3H8EE 3C9EE 2HTEE 0HQEE 1KxEE 4KxEE 3HAEE 2KxEE 0KxEE 3KxEE 3CQEE 2SAEE 0KxEE 1KxEE 4KxEE 2KxEE 2S8EE 2DQEE 0DAEE 1KxEE 4KxEE 0KxEE 0S5H5D5EE 1EE 4EE 0EE 0S6H6EE 1EE 4EE 0EE 0H3EE 1SQEE 4KxEE 0KxEE 1DKEE 4S4EE 0CTEE
%00048%result% 32104
%00048%points% 140 160 144 166 125
%00049%mibun% 32104
%00049%seat% 01432
%00049%palyer_cards% S4S2H3H6H2D5D9DAC3C4C5 S3S5S7D3D4D6D8DTDQCQ S8SKH7H8HJHQHAD7C7CKCA S6S9SAH4H5H9HTHKDJC8C9 STSJSQDKD2C6CTCJC2J3 
%00049%change_cards%  43D2J3EE 02S2EE 34H4H5EE 20H7EE
%00049%play%  1S3D3EE 4EE 3EE 2EE 0EE 1EE 1DQCQEE 4EE 3EE 2EE 0EE 1EE 1D4EE 4H5EE 3S6EE 2D7EE 0D9EE 1DTEE 4DKEE 3D2EE 2KxEE 0KxEE 1KxEE 4KxEE 3KxEE 3KxEE 3S9H9C9EE 2EE 0EE 1EE 4EE 3EE 3C8EE 3HTEE 2HJEE 0H2EE 1KxEE 4KxEE 3KxEE 2KxEE 0KxEE 0C3C4C5EE 1EE 4EE 3EE 2EE 0EE 0H3EE 1S5EE 4C6EE 3DJEE 2HQEE 0DAEE 1KxEE 4C2EE 3KxEE 2KxEE 0KxEE 4KxEE 4STSJSQEE 3EE 2EE 0EE 1EE 4EE 4H4EE 3HKEE 2HAEE 0KxEE 1KxEE 4KxEE 3KxEE 2KxEE 2S8H8EE 2SKCKEE 0EE 1EE 4EE 3EE 2EE 2C7EE 0KxEE 1D8EE 1D6EE 4CTEE 3SAEE 2S2EE 0KxEE 1KxEE 4KxEE 2KxEE 2CAEE 0KxEE 1KxEE 4KxEE 0S4EE 1S7EE 4KxEE 0KxEE 4CJEE
%00049%result% 32140
%00049%points% 141 163 148 171 127
%00050%mibun% 42103
%00050%seat% 01432
%00050%palyer_cards% S3S4S8H3HJHAD8DTDQC4C2 SKHTHQD5DJDKC7CJCKCA S5S6S7S9SJH5H7HKC6C8C9 SQH4H6H2D4D6DAD2CTCQJ3 STSAS2H8H9D3D7D9C3C5 
%00050%change_cards%  03HAC2EE 42S2EE 30H4D4EE 24S5EE
%00050%play%  4D3C3EE 3EE 2EE 0EE 1EE 4EE 4S5C5EE 3EE 2EE 0EE 1EE 4EE 4H9D9EE 3EE 2EE 0EE 1EE 4EE 4D7EE 3CTEE 2SJEE 0DQEE 1SKEE 4SAEE 3KxEE 2KxEE 0KxEE 1KxEE 4KxEE 3KxEE 3H6D6EE 2EE 0EE 1EE 4EE 3EE 3SQCQEE 2EE 0EE 1EE 4EE 3EE 3HADAEE 2EE 0EE 1EE 4EE 3EE 3H2D2C2EE 2EE 0EE 1EE 4EE 2S6C6EE 0EE 1EE 4EE 2EE 2S7H7EE 0EE 1EE 4EE 2EE 2S9C9EE 0EE 1EE 4EE 2EE 2H5EE 0S8EE 0S3H3EE 1EE 4EE 2EE 0EE 0S4H4D4C4EE 1EE 4EE 2EE 0EE 0EE 1EE 4EE 2EE 0EE 1EE 4EE 2EE 0EE 1EE 4EE 2EE 0EE 1EE 4EE 2EE
%00050%result% 34201
%00050%points% 143 164 151 176 131
%00051%mibun% 34201
%00051%seat% 42031
%00051%palyer_cards% STS2H6HKD4D8DTC5C8CQ S5S6S7S9SJH8HTHQHAD2C6 S4S8SAH4HJD3DJCTCKJ3 S3SKH3H5H7D6D7D9DKC9CA SQH9H2D5DQDAC3C4C7CJC2 
%00051%change_cards%  13HAD2EE 04S2EE 31S3H3EE 40C3EE
%00051%play%  2S4H4EE 0EE 3EE 1EE 4EE 2EE 2HJDJEE 0EE 3EE 1EE 4EE 2EE 2D3EE 0D4EE 3D6EE 1KxEE 4DQEE 2KxEE 0KxEE 3KxEE 4KxEE 2KxEE 2S8EE 2CTEE 0CQEE 3CAEE 1KxEE 4C2EE 2KxEE 0KxEE 3KxEE 4KxEE 4S2H2EE 2EE 0EE 3EE 1EE 4EE 4C4EE 2CKEE 0KxEE 3KxEE 1KxEE 4KxEE 2KxEE 2SAEE 0KxEE 3D2EE 1KxEE 4KxEE 3KxEE 3H7D7EE 1EE 4EE 0EE 3EE 3D9C9EE 1EE 4EE 0EE 3EE 3SKDKEE 1EE 4EE 0EE 3EE 3H5EE 1S6EE 4C7EE 0D8EE 0STDTEE 3EE 1EE 4EE 0EE 0C3EE 3HAEE 1KxEE 4KxEE 0KxEE 1S3H3EE 4EE 0EE 1EE 1S5EE 4H9EE 0HKEE 1KxEE 4KxEE 0KxEE 0C5EE 1C6EE 4CJEE 0KxEE 1KxEE 4KxEE 4D5EE 0H6EE 1S7EE 4SQEE 0KxEE 1KxEE 4KxEE 4DAEE 0KxEE 1KxEE 0C8EE
%00051%result% 23401
%00051%points% 145 165 156 180 134
%00052%mibun% 34012
%00052%seat% 42031
%00052%palyer_cards% S3S4S9SJH6H7D4DQDAC7CJ S5S6SQH3H4HQD7D9CKCA S8H9HJHKHAH2D5DJD2C9CQ S7SKSAS2H5HTDKC3C6C8CT STH8D3D6D8DTC4C5C2J3 
%00052%change_cards%  12CKCAEE 03DAEE 21S8D5EE 30C3EE
%00052%play%  4H8D8EE 4STDTEE 2EE 0EE 3EE 1EE 4EE 4D3EE 2H9EE 0SJEE 3SKEE 1KxEE 4KxEE 2KxEE 0KxEE 3KxEE 4KxEE 4C4EE 2C9EE 0CJEE 3KxEE 1KxEE 4C2EE 2KxEE 0KxEE 4KxEE 4C5EE 2HJEE 0DQEE 3DKEE 1KxEE 4KxEE 2D2EE 0KxEE 3KxEE 2KxEE 2CQCKCAEE 0EE 3EE 1EE 4EE 2EE 2HKHAH2EE 0EE 3EE 1EE 4EE 2EE 2DJEE 0KxEE 3SAEE 1KxEE 4KxEE 3S2EE 3KxEE 3HTCTEE 1EE 4EE 0EE 3EE 3H5EE 1S6EE 4KxEE 0H7EE 3C8EE 3C6EE 1D7EE 4KxEE 0S9EE 3DAEE 1KxEE 0KxEE 3KxEE 3S7EE 1S8EE 1S5D5EE 4EE 0EE 1EE 1SQHQEE 4EE 0EE 1EE 1H3EE 4D6EE 0C7EE 1D9EE 0KxEE 1KxEE 1H4EE
%00052%result% 23410
%00052%points% 146 167 161 184 137
%00053%mibun% 43012
%00053%seat% 42031
%00053%palyer_cards% S5S7S8SJSAH3H7HJHAC3J3 S9H5D3D4D6DJDKC4C5CT S3S4S6STS2H4H8H9HTHKC7 SQHQD5D7DQD2C6C8CJCQCA SKH6H2D8D9DTDAC9CKC2 
%00053%change_cards%  02SAJ3EE 13DKEE 20S3S4EE 31D5EE
%00053%play%  1D3D4D5D6EE 4EE 2EE 0EE 3EE 1EE 1H5C5EE 4EE 2EE 0EE 3EE 1EE 1C4EE 4H6EE 2C7EE 0S8EE 0S3S4S5EE 3EE 1EE 4EE 2EE 0EE 0H3C3EE 3EE 1EE 4EE 2EE 0EE 0S7H7EE 3EE 1EE 4EE 2EE 0EE 0SJHJEE 3EE 1EE 4EE 2EE 0EE 0HAEE 3D2EE 1KxEE 4KxEE 2KxEE 3KxEE 2KxEE 2H8H9HTEE 2H4EE 3C6EE 1S9EE 4DTEE 2HKEE 3CAEE 1KxEE 4H2EE 2KxEE 3KxEE 4KxEE 4D9C9EE 2EE 3EE 1EE 4EE 4SKCKEE 2EE 3EE 1EE 4EE 4D8EE 4DAEE 2S2EE 3KxEE 1KxEE 4KxEE 2KxEE 2S6EE 3D7EE 1CTEE 4C2EE 2KxEE 3KxEE 1KxEE 2STEE 3CJEE 1KxEE 2SAEE 3KxEE 3SQHQDQCQEE 1EE 3EE 3EE 1EE 3EE 1EE 3EE 1EE 3EE 1EE 3EE 1EE 3EE 1EE 3EE 1EE 3EE 1EE 3EE 1EE
%00053%result% 04213
%00053%points% 151 169 164 185 141
%00054%mibun% 03241
%00054%seat% 34012
%00054%palyer_cards% S4STSJD3D8DQC3C7C8CJCQ S8SAH9H2D4D6DKDAD2CTCA S7S9H7HTHJHQD5D7DTC5J3 S5SQH3H4H5H6HKHAC6C2 S3S6SKS2H8D9DJC4C9CK 
%00054%change_cards%  30HAC2EE 14H2EE 03D3C3EE 41S3EE
%00054%play%  3H3H4H5H6EE 4EE 0EE 1EE 2EE 3EE 3D3C3EE 4EE 0EE 1EE 2EE 3EE 3S5EE 4S6EE 0STEE 1SAEE 2KxEE 3KxEE 4KxEE 0KxEE 1KxEE 2KxEE 2HTHJHQEE 3EE 4EE 0EE 1EE 2EE 2D5C5EE 3EE 4EE 0EE 1EE 2EE 2S7H7D7EE 3EE 4EE 0EE 1EE 2EE 2S9EE 3SQEE 4SKEE 0KxEE 1KxEE 2KxEE 3KxEE 4S2EE 4KxEE 4D9C9EE 0EE 1EE 2EE 3EE 4EE 4C4EE 0C7EE 1CTEE 2KxEE 3KxEE 4CKEE 0C2EE 1KxEE 4KxEE 0KxEE 0D8C8EE 0SJCJEE 1EE 2EE 3EE 4EE 0EE 0DQCQEE 1EE 2EE 3EE 4EE 0EE 0S4EE 1D6EE 2DTEE 3KxEE 4DJEE 0KxEE 1DKEE 4KxEE 1DAEE 1D2EE 1KxEE 1S3EE 3C6EE 4H8EE 4H2EE 0KxEE 1KxEE 3KxEE 0HAEE 1KxEE 3KxEE 1D4EE 3HKEE
%00054%result% 24031
%00054%points% 154 170 169 187 145
%00055%mibun% 24031
%00055%seat% 34012
%00055%palyer_cards% S3H6HTHQD3DKD2C3CKJ3 S4SAH9H2DJC4C5C7CTCQ S5S9S2H3H4H5HKD8CJCAC2 S7STSKH8D4D5D6D7D9C6C8 S6S8SJSQH7HJHADTDQDAC9 
%00055%change_cards%  12SAH2EE 34SKEE 21H3H4EE 43S6EE
%00055%play%  0S3D3C3EE 1EE 2EE 3EE 4EE 0EE 0DKCKEE 1EE 2EE 3EE 4EE 0EE 0H6EE 1C7EE 2D8EE 2S5H5EE 3EE 4EE 0EE 1EE 2EE 2SACAEE 3EE 4EE 0EE 1EE 2EE 2S2H2C2EE 3EE 4EE 0EE 1EE 2EE 2S9EE 3STEE 4SJEE 0KxEE 1KxEE 2KxEE 3KxEE 4KxEE 0KxEE 0HTEE 1DJEE 2HKEE 3KxEE 4HAEE 0KxEE 1KxEE 2KxEE 4KxEE 4SQDQEE 0EE 1EE 2EE 3EE 4EE 4H7EE 0HQEE 1KxEE 2KxEE 3KxEE 4KxEE 0KxEE 0D2EE 1KxEE 2KxEE 3KxEE 4KxEE 1S4H4C4EE 2EE 3EE 4EE 1EE 1H3EE 2CJEE 3KxEE 4SKEE 1KxEE 4DAEE 4KxEE 4S8EE 4C9EE 1CTEE 3KxEE 4KxEE 1CQEE 1KxEE 1C5EE 3S6EE 4DTEE 1KxEE 3KxEE 4HJEE 1H9EE
%00055%result% 02413
%00055%points% 159 172 173 188 148
%00056%mibun% 03142
%00056%seat% 34012
%00056%palyer_cards% SJH3H4H8HKD8DQDKC6C7CK S4S8SKH6H9H2D4DTC8CQCA S3S5S7SQSAS2H7HTD5DJC2 S9STH5HQHAD3D6D2C9J3 S6HJD7D9DAC3C4C5CTCJ 
%00056%change_cards%  30D2J3EE 12H2EE 03H3H4EE 21S3EE
%00056%play%  3H3H4H5EE 4EE 0EE 1EE 2EE 3EE 3S9C9EE 4EE 0EE 1EE 2EE 3EE 3D3EE 4C4EE 0C6EE 1C8EE 1S4D4EE 2EE 3EE 4EE 0EE 1EE 1S3EE 2S5EE 3STEE 4KxEE 0SJEE 1SKEE 2SAEE 3KxEE 0KxEE 1KxEE 2KxEE 0KxEE 0H8D8EE 0HKDKCKEE 1EE 2EE 3EE 4EE 0EE 0C7EE 1S8EE 1H6EE 2S7EE 3HQEE 4DAEE 0D2EE 1KxEE 2KxEE 3KxEE 4KxEE 0KxEE 0DQEE 1CAEE 2S2EE 3KxEE 4KxEE 1KxEE 2KxEE 2H2C2EE 3EE 4EE 1EE 2EE 2D5EE 3D6EE 4D7EE 1DTEE 2DJEE 3KxEE 4KxEE 1KxEE 2KxEE 2H7EE 3HAEE 4KxEE 1KxEE 2KxEE 4HJCJEE 1EE 2EE 4EE 4C3EE 1H9EE 2HTEE 4KxEE 1KxEE 2KxEE 2SQEE 4KxEE 1KxEE 4C5EE 1CQEE
%00056%result% 03214
%00056%points% 164 174 176 192 149
%00057%mibun% 03214
%00057%seat% 23104
%00057%palyer_cards% S4S5S9S2H7D7DKDAD2C5CA S3SQH4D8D9DJDQC3C4CK S6S7SKH3HJHKD4DTC8C9CJ STSAH6H8H9HQHACQC2J3 S8SJH5HTH2D3D5D6C6C7CT 
%00057%change_cards%  40SJH2EE 13CKEE 04S4S5EE 31H6EE
%00057%play%  4S5H5D5EE 2EE 3EE 1EE 0EE 4EE 4D6C6EE 2EE 3EE 1EE 0EE 4EE 4HTCTEE 2EE 3EE 1EE 0EE 4EE 4D3EE 2D4EE 3KxEE 1KxEE 0KxEE 4KxEE 2KxEE 3KxEE 3HQCQEE 1EE 0EE 4EE 2EE 3EE 3SAHAEE 1EE 0EE 4EE 2EE 3EE 3H8EE 3H9EE 1DJEE 0DKEE 4KxEE 2KxEE 3KxEE 1KxEE 0DAEE 0D2EE 0KxEE 0H7D7EE 4EE 2EE 3EE 1EE 0EE 0S2H2EE 4EE 2EE 3EE 1EE 0EE 0C5EE 4C7EE 2C8EE 2HJCJEE 3EE 1EE 0EE 4EE 2EE 2SKHKEE 3EE 1EE 0EE 4EE 2EE 2H3EE 3STEE 1SQEE 0KxEE 4KxEE 2KxEE 3KxEE 1KxEE 1S3C3EE 0EE 4EE 2EE 3EE 1EE 1H4C4EE 0EE 4EE 2EE 3EE 1EE 1H6EE 0S9EE 4KxEE 2DTEE 3CKEE 1KxEE 0CAEE 2KxEE 3C2EE 0KxEE 1D8EE 1D9EE 0SJEE 4KxEE 2KxEE 1DQEE 4S4EE 2S6EE 4S8EE
%00057%result% 30142
%00057%points% 168 177 177 197 151
%00058%mibun% 12403
%00058%seat% 23104
%00058%palyer_cards% S3S7S9SJHTD3D5D6D2C7J3 S2H5H7HKDJDKC3C4C6CQC2 S6S8STSKHAD7D8DTDACA S4S5SQSAH6HQH2D4C5CJCK H3H4H8H9HJD9DQC8C9CT 
%00058%change_cards%  23HADAEE 40DQEE 32S4D4EE 04S3EE
%00058%play%  0S7C7EE 4EE 2EE 3EE 1EE 0EE 0D3EE 4H4EE 2S6EE 3CJEE 1CQEE 0KxEE 4KxEE 2KxEE 3KxEE 1KxEE 0KxEE 0D5EE 4H8EE 4C8C9CTEE 4S3H3EE 2EE 3EE 1EE 0EE 4EE 4H9D9EE 2EE 3EE 1EE 0EE 4EE 4HJEE 2SKEE 3SAEE 1S2EE 0KxEE 2KxEE 3KxEE 1KxEE 1HKDKEE 0EE 2EE 3EE 1EE 1C3EE 0D6EE 2D7EE 3DAEE 1KxEE 0D2EE 2KxEE 3KxEE 0KxEE 0S9EE 2STEE 3SQEE 1KxEE 0KxEE 2KxEE 3KxEE 3S5C5EE 1EE 0EE 2EE 3EE 3H6EE 1H7EE 0HTEE 2KxEE 3HQEE 1KxEE 0KxEE 3HAEE 3H2EE 3KxEE 3CKEE 1C2EE 0KxEE 2KxEE 1KxEE 1C4EE 0SJEE 2CAEE 1KxEE 0KxEE 2KxEE 2S4D4EE 1EE 0EE 2EE 2S8D8EE 2DTEE 1DJEE 0DQEE
%00058%result% 43201
%00058%points% 170 178 180 201 156
%00059%mibun% 34210
%00059%seat% 23104
%00059%palyer_cards% S5S6SQH7H8D6DKC3CKCA S3SKH9HJD4C5C7CJC2J3 S4S7STSJH4HTD5D9DJDQC4 SAS2H3H6HQH2D7D8DTD2C6 S8S9H5HKHAD3DAC8C9CTCQ 
%00059%change_cards%  14C2J3EE 03CAEE 41H5D3EE 30H3EE
%00059%play%  1S3D3EE 0EE 4EE 2EE 3EE 1EE 1H5C5EE 0EE 4EE 2EE 3EE 1EE 1HJCJEE 0EE 4EE 2EE 3EE 1EE 1D4EE 0S5EE 4S8EE 4C8C9CTEE 4HADAEE 2EE 3EE 1EE 0EE 4EE 4S9EE 2STEE 3SAEE 1KxEE 0KxEE 4KxEE 2KxEE 3KxEE 4KxEE 4CQEE 2KxEE 3CAEE 1KxEE 0KxEE 4C2EE 3KxEE 4KxEE 4HKEE 2KxEE 3S2EE 1KxEE 0KxEE 3KxEE 3H6C6EE 1EE 0EE 2EE 3EE 3H2D2EE 1EE 0EE 2EE 3EE 3D7EE 1H9EE 0SQEE 2KxEE 3KxEE 1SKEE 0KxEE 1KxEE 1C7EE 0H8EE 0H3C3EE 2EE 3EE 0EE 0S6D6EE 2EE 3EE 0EE 0DKCKEE 2EE 3EE 0EE 0H7EE 2D9EE 3DTEE 2DJEE 3KxEE 2DQEE 2KxEE 2S4H4C4EE 3EE 2EE 2D5EE 3D8EE 3HQEE
%00059%result% 41032
%00059%points% 173 182 181 203 161
%00060%mibun% 21430
%00060%seat% 02431
%00060%palyer_cards% H8H2D4D5D9DTDQCKC2J3 S3S4STSJSKSAH5H7HKD2CJ S6S7H6HTHQHADAC5C6CT S8S2HJD3D6DJDKC3C7C8C9 S5S9SQH3H4H9D7D8C4CQCA 
%00060%change_cards%  24HADAEE 31S2EE 42H3H4EE 13S3EE
%00060%play%  3C7C8C9EE 3S3D3C3EE 1EE 0EE 2EE 4EE 3EE 3HJDJEE 1EE 0EE 2EE 4EE 3EE 3D6EE 1H7EE 0H8EE 0H2C2EE 2EE 4EE 3EE 1EE 0EE 0D4EE 2C5EE 4D7EE 3S8EE 3DKEE 1SAEE 0KxEE 2KxEE 4KxEE 1KxEE 0KxEE 0D5EE 2S6EE 4D8EE 4S9H9EE 1EE 0EE 2EE 4EE 4SQCQEE 1EE 0EE 2EE 4EE 4HADACAEE 1EE 0EE 2EE 4EE 4C4EE 1H5EE 0D9EE 2HTEE 4KxEE 1SJEE 0DQEE 2KxEE 1SKEE 0KxEE 1S2EE 1KxEE 1S4EE 0DTEE 2HQEE 4KxEE 1HKEE 0KxEE 2KxEE 1KxEE 1STEE 0CKEE 2KxEE 4KxEE 1D2EE 1KxEE 1CJEE 2KxEE 4KxEE 2H6C6EE 4EE 2EE 2H3EE 4S5EE
%00060%result% 30142
%00060%points% 177 185 182 208 163
%00061%mibun% 12403
%00061%seat% 02431
%00061%palyer_cards% SAH3H8HKD4DQC5C9CJCQCA STHAD5DTDJDKC4C7C8CKJ3 S3S4S7SKH7H9D7D8DAC3 S5S9SQH4H5H6HJH2D9C6C2 S6S8SJS2HTHQD3D6D2CT 
%00061%change_cards%  23SKDAEE 40S2EE 32S5H4EE 04H3EE
%00061%play%  4H3D3EE 3EE 1EE 0EE 2EE 4EE 4S6D6EE 3EE 1EE 0EE 2EE 4EE 4HTCTEE 3EE 1EE 0EE 2EE 4EE 4S8EE 4SJEE 3SQEE 1KxEE 0KxEE 2KxEE 4KxEE 3KxEE 1KxEE 1STDTEE 0EE 2EE 4EE 3EE 1EE 1DKCKEE 0EE 2EE 4EE 3EE 1EE 1C4EE 0C5EE 2KxEE 4KxEE 3C6EE 1C7EE 0C9EE 3C2EE 1KxEE 0KxEE 3KxEE 3S9D9EE 1EE 0EE 2EE 4EE 3EE 3H5EE 1C8EE 1D5EE 0H8EE 0DQCQEE 2EE 4EE 3EE 1EE 0EE 0SACAEE 2EE 4EE 3EE 1EE 0EE 0D4EE 2S5EE 4HQEE 3SKEE 1HAEE 0S2EE 2KxEE 4KxEE 3KxEE 1KxEE 0KxEE 0CJEE 2KxEE 4D2EE 3KxEE 1KxEE 0KxEE 3H6EE 1DJEE 0HKEE 2KxEE 3DAEE 3H2EE 3KxEE 3HJEE
%00061%result% 41032
%00061%points% 180 189 183 210 168
%00062%mibun% 21430
%00062%seat% 02431
%00062%palyer_cards% S3S4H4H8HAD5DTC4C6CQ S5S7SKH3H6HJHKH2D6DAC5 STSAH7H9HTD8C3C7CTJ3 S6S8S9SJS2HQD3D4C9CJCA SQH5D7D9DJDQDKD2C8CKC2 
%00062%change_cards%  24SAJ3EE 31S2EE 42H5D7EE 13H3EE
%00062%play%  3H3D3EE 1EE 0EE 2EE 4EE 3EE 3S9C9EE 1EE 0EE 2EE 4EE 3EE 3SJCJEE 1EE 0EE 2EE 4EE 3EE 3D4EE 1S5EE 0C6EE 2H7EE 4C8EE 4DJDQDKEE 3EE 1EE 0EE 2EE 4EE 4D2C2EE 3EE 1EE 0EE 2EE 4EE 4D9EE 3HQEE 1SKEE 0HAEE 2KxEE 4KxEE 3KxEE 1KxEE 0KxEE 4KxEE 4SQEE 3CAEE 1S2EE 0KxEE 2KxEE 4KxEE 3KxEE 1KxEE 1H6D6EE 0EE 2EE 4EE 3EE 1EE 1C5EE 0H8EE 0S4H4C4EE 2EE 4EE 3EE 1EE 0EE 0S3EE 2H5EE 4CKEE 3KxEE 1DAEE 0KxEE 2KxEE 4KxEE 1H2EE 1KxEE 1S7EE 0DTEE 2KxEE 4SAEE 3KxEE 1KxEE 0KxEE 3S6EE 1HJEE 0CQEE 2KxEE 3KxEE 1HKEE 0KxEE 0D5EE 2D7EE 3KxEE 2D8EE 2STHTCTEE 3EE 2EE 2C3EE 3S8EE
%00062%result% 41032
%00062%points% 183 193 184 212 173
%00063%mibun% 21430
%00063%seat% 04231
%00063%palyer_cards% S5SQH3H5H7H8H9D3CTJ3 S3S2HTHKH2D7DTC6C9CQ S6S7S8STSJSKSAH6HJHQC3 S4H4D4D8D9DKDAC5CKCAC2 S9HAD5D6DJDQD2C4C7C8CJ 
%00063%change_cards%  24SKSAEE 31C2EE 42D5C4EE 13S3EE
%00063%play%  0H7H8H9EE 0H3D3EE 4EE 2EE 3EE 1EE 0EE 0S5H5EE 4EE 2EE 3EE 1EE 0EE 0CTEE 4DJEE 2HQEE 3DKEE 1S2EE 0KxEE 4KxEE 2KxEE 3KxEE 1KxEE 0KxEE 0SQEE 4SKEE 2KxEE 3KxEE 1KxEE 4SAEE 4KxEE 4D6EE 2S7EE 3D8EE 3S4H4D4EE 1EE 4EE 2EE 3EE 3DACAEE 1EE 4EE 2EE 3EE 3S3EE 1C6EE 4C7EE 2KxEE 3CKEE 1C2EE 4KxEE 3KxEE 1KxEE 1HTDTEE 4EE 2EE 3EE 1EE 1D7EE 4C8EE 4S9EE 2STEE 3KxEE 1KxEE 4KxEE 2SJEE 2KxEE 2S6H6EE 3EE 1EE 4EE 2EE 2C3EE 3C5EE 1C9EE 4CJEE 2KxEE 3KxEE 1CQEE 4KxEE 1KxEE 1HKEE 4HAEE 2KxEE 3KxEE 1H2EE 4KxEE 4DQEE 2KxEE 3KxEE 4D2EE 2C4EE 3D9EE
%00063%result% 01432
%00063%points% 188 197 185 214 176
%00064%mibun% 01432
%00064%seat% 04231
%00064%palyer_cards% S4S6S8STH3HAD6D9DQDACQ S9SAH4H9HTD8DJC3C5C6 S5S2H5H7HJD7D2C4C7C9CT SJSQSKH6D4D5DTC8CAJ3 S3S7H8HQHKH2D3DKCJCKC2 
%00064%change_cards%  20S2D2EE 31J3EE 02S4H3EE 13C3EE
%00064%play%  4S3D3EE 2EE 3EE 1EE 0EE 4EE 4HKDKCKEE 2EE 3EE 1EE 0EE 4EE 4H2C2EE 2EE 3EE 1EE 0EE 4EE 4S7EE 2C9EE 3DTEE 1DJEE 0DQEE 4KxEE 2KxEE 3KxEE 1KxEE 0KxEE 1KxEE 1S9H9EE 0EE 4EE 2EE 3EE 1EE 1H4EE 0S6EE 4H8EE 4CJEE 2KxEE 3SQEE 1SAEE 0S2EE 4KxEE 3KxEE 1KxEE 0KxEE 0HADAEE 4EE 2EE 3EE 1EE 0EE 0D6EE 4HQEE 2KxEE 3SKEE 1KxEE 0D2EE 3KxEE 0KxEE 0S8EE 0D9EE 2CTEE 3SJEE 1KxEE 0CQEE 2KxEE 3CAEE 0KxEE 3KxEE 3C3EE 1C5EE 0KxEE 2C7EE 3C8EE 3D4EE 1C6EE 0STEE 2HJEE 3KxEE 1KxEE 2KxEE 2S4C4EE 3EE 1EE 2EE 2S5H5EE 3EE 1EE 2EE 2H7D7EE 3EE 1EE 2EE 2H3EE 3D5EE 1D8EE 1HTEE
%00064%result% 40213
%00064%points% 192 199 188 215 181
%00065%mibun% 13240
%00065%seat% 04231
%00065%palyer_cards% SKHTH2DJC5C6C7C8C9CQ S3STSQH5H9HQHKD7D8CA S6S9SJSAS2H6H8HAD4D5DA S7S8H7D6D9DTC3C4CKC2J3 S4S5H3H4HJD3DQDKD2CTCJ 
%00065%change_cards%  34C2J3EE 10CAEE 43H3D3EE 01C5EE
%00065%play%  3H3D3C3EE 1EE 0EE 4EE 2EE 3EE 3S7H7EE 1EE 0EE 4EE 2EE 3EE 3C4EE 1H5EE 0C6EE 4CTEE 2KxEE 3CKEE 1KxEE 0CAEE 4C2EE 3KxEE 0KxEE 4KxEE 4KxEE 4S4H4EE 2EE 3EE 1EE 0EE 4EE 4HJCJEE 2EE 3EE 1EE 0EE 4EE 4S5EE 2S6EE 3S8EE 3D6EE 1D7EE 0DJEE 4DQEE 2DAEE 3KxEE 1KxEE 0KxEE 4D2EE 2KxEE 4KxEE 4DKEE 2SAEE 3KxEE 1KxEE 0H2EE 2KxEE 0KxEE 0C7C8C9EE 0HTEE 2SJEE 3KxEE 1SQEE 0SKEE 2S2EE 1KxEE 0KxEE 2KxEE 2D4EE 3D9EE 1KxEE 0KxEE 2KxEE 3DTEE 1S3EE 0CQEE 2HAEE 1KxEE 2KxEE 2D5EE 1D8EE 1C5EE 2H6EE 1H9EE 2KxEE 1HQEE 1HKEE 1KxEE 1STEE
%00065%result% 43012
%00065%points% 195 201 189 219 186
%00066%mibun% 23410
%00066%seat% 14320
%00066%palyer_cards% S8H6HKD5D8DJC6CJCAJ3 S3S9SJS2H3HJH2DTD2C9 S4S5S7SQH8HTD7C3C8CKC2 S6STH4H9HQHAD6D9DKC5CT SKSAH5H7D3D4DQDAC4C7CQ 
%00066%change_cards%  24CKC2EE 13S2EE 42D3D4EE 31H4EE
%00066%play%  2D3C3EE 0EE 1EE 4EE 3EE 2EE 2S4D4EE 0EE 1EE 4EE 3EE 2EE 2S7D7EE 0EE 1EE 4EE 3EE 2EE 2H8C8EE 2S5EE 0H6EE 1S9EE 4DQEE 3DKEE 2KxEE 0KxEE 1KxEE 4KxEE 3KxEE 0KxEE 0S8D8EE 0DJCJEE 1EE 4EE 3EE 2EE 0EE 0D5EE 1C9EE 4CQEE 3KxEE 2KxEE 0CAEE 1KxEE 4C2EE 0KxEE 4KxEE 4H7C7EE 3EE 2EE 0EE 1EE 4EE 4SKCKEE 3EE 2EE 0EE 1EE 4EE 4SADAEE 3EE 2EE 0EE 1EE 4EE 4C4EE 3C5EE 2KxEE 0C6EE 1KxEE 4KxEE 3CTEE 0KxEE 3KxEE 3S6D6EE 2EE 0EE 1EE 4EE 3EE 3H9D9EE 2EE 0EE 1EE 4EE 3EE 3STEE 2SQEE 0KxEE 1KxEE 4KxEE 3S2EE 2KxEE 3KxEE 3HQEE 2KxEE 0HKEE 1H2EE 4KxEE 3KxEE 1KxEE 1S3H3EE 4EE 3EE 2EE 1EE 1SJHJEE 4EE 3EE 2EE 1EE 1H4EE 4H5EE 3HAEE 2KxEE 1KxEE 2HTEE
%00066%result% 04321
%00066%points% 200 202 191 222 190
%00067%mibun% 04321
%00067%seat% 14320
%00067%palyer_cards% S3S4S6S7H9HQDTDKC5CTCA S8S9SJSKH4H5D7D9C3C9C2 S2HKHAH2D4C7C8CJCQCK SQHTHJD3D5D6DJDQDAD2 S5STSAH3H6H7H8D8C4C6J3 
%00067%change_cards%  10SKC2EE 24S2EE 01S3S4EE 42H3EE
%00067%play%  3HJDJEE 2EE 0EE 1EE 4EE 3EE 3SQDQEE 2EE 0EE 1EE 4EE 3EE 3D3EE 2D4EE 0DTEE 1KxEE 4KxEE 3KxEE 2KxEE 0KxEE 4KxEE 4H6H7H8EE 4C4EE 3D5EE 2C7EE 0H9EE 1SJEE 4SAEE 3KxEE 2KxEE 0KxEE 1KxEE 4S2EE 4KxEE 4S5EE 3D6EE 2C8EE 2CJCQCKEE 0EE 1EE 4EE 3EE 2EE 2HKHAH2EE 0EE 1EE 4EE 3EE 2EE 2H3EE 0C5EE 1D7EE 4D8EE 4C6EE 3HTEE 0HQEE 1KxEE 4KxEE 3KxEE 0KxEE 0SKDKEE 1EE 4EE 3EE 0EE 0S6EE 1S8EE 1S3C3EE 4EE 3EE 0EE 1EE 1S4H4EE 4EE 3EE 0EE 1EE 1S9D9C9EE 4EE 3EE 0EE 1EE 1H5EE 4STEE 3DAEE 0C2EE 3KxEE 0KxEE 0S7EE 3D2EE
%00067%result% 21430
%00067%points% 201 206 196 224 193
%00068%mibun% 41032
%00068%seat% 14320
%00068%palyer_cards% S4S9H6H8HQD6DJDQDKC3CK S3S7SQS2H3H9D3D7DAC9C2 S6S8STH5HTD4D9D2C6C7CA S5SKH7HJH2DTC5C8CJJ3 SJSAH4HKHAD5D8C4CTCQ 
%00068%change_cards%  02DKCKEE 31J3EE 20H5D4EE 13S3EE
%00068%play%  1H3D3EE 4EE 3EE 2EE 0EE 1EE 1S7D7EE 4EE 3EE 2EE 0EE 1EE 1H9C9EE 4EE 3EE 2EE 0EE 1EE 1S2C2EE 4EE 3EE 2EE 0EE 1EE 1SQEE 4HKEE 3H2EE 2KxEE 0KxEE 1KxEE 4KxEE 3KxEE 1KxEE 1DAEE 4KxEE 3KxEE 2D2EE 0KxEE 2KxEE 2S6C6EE 0EE 4EE 3EE 2EE 2STHTEE 0EE 4EE 3EE 2EE 2DKCKEE 0EE 4EE 3EE 2EE 2C7EE 0H8EE 0S4D4EE 4EE 3EE 2EE 0EE 0H6D6EE 4EE 3EE 2EE 0EE 0HQDQEE 4EE 3EE 2EE 0EE 0C3EE 4H4EE 3S5EE 2S8EE 2D9EE 0DJEE 4KxEE 3KxEE 2KxEE 0KxEE 0H5EE 4D8EE 4SAHAEE 3EE 2EE 0EE 4EE 4C4EE 3C5EE 2CAEE 0KxEE 4KxEE 3KxEE 0S9EE 4CTEE 3HJEE 4CQEE 3SKEE 4KxEE 3KxEE 3S3EE 4D5EE 3H7EE 4SJEE
%00068%result% 12043
%00068%points% 204 211 200 225 195
%00069%mibun% 20143
%00069%seat% 03214
%00069%palyer_cards% S4S9H5H7D7DTDQDAC3C6C2 S8H3H4H8H2D8C7C8C9CTCQ S5S6S7SAS2D4DKD2C4J3 S3SJSQHTHAD3D9CJCKCA STSKH6H9HJHQHKD5D6DJC5 
%00069%change_cards%  31HACAEE 42SKEE 13H3H4EE 24D4EE
%00069%play%  3S3H3D3EE 2EE 1EE 4EE 0EE 3EE 3SJCJEE 2EE 1EE 4EE 0EE 3EE 3H4EE 2S5EE 1C7EE 4H9EE 0DTEE 3SQEE 2SKEE 1KxEE 4KxEE 0KxEE 3KxEE 2SAEE 2S2EE 2KxEE 2KxEE 2C4EE 1S8EE 1C8C9CTEE 1H8D8EE 1HACAEE 4EE 0EE 3EE 2EE 1EE 1CQEE 4HKEE 0DAEE 3KxEE 2D2EE 1KxEE 4KxEE 0KxEE 2KxEE 2S6EE 1H2EE 4KxEE 0KxEE 3KxEE 2KxEE 4D4D5D6EE 0EE 3EE 2EE 4EE 4HJDJEE 0EE 3EE 2EE 4EE 4C5EE 0C6EE 3CKEE 2KxEE 4KxEE 0C2EE 3KxEE 0KxEE 0H7D7EE 3EE 2EE 4EE 0EE 0C3EE 3D9EE 2DKEE 4KxEE 0KxEE 3KxEE 2KxEE 2S7EE 4STEE 0KxEE 3KxEE 4KxEE 4H6EE 0S9EE 3HTEE 4HQEE
%00069%result% 12340
%00069%points% 205 216 204 228 197
%00070%mibun% 40123
%00070%seat% 03214
%00070%palyer_cards% S5S7H3H6HJHQHKHAD7DJC4 S4S6H7H9HTH2D3D5D8DTC9 S3SAD4D6DAC5C6C7C2J3 SJSKS2H4H5DQDKD2CJCQ S8S9STSQH8D9C3C8CTCKCA 
%00070%change_cards%  01HKHAEE 42CAEE 10S4D3EE 24S3EE
%00070%play%  0H3D3EE 3EE 2EE 1EE 4EE 0EE 0S4C4EE 3EE 2EE 1EE 4EE 0EE 0S7D7EE 3EE 2EE 1EE 4EE 0EE 0HJDJEE 3EE 2EE 1EE 4EE 0EE 0S5EE 3SJEE 2SAEE 1KxEE 4KxEE 0KxEE 3S2EE 2KxEE 3KxEE 2KxEE 2C5C6C7EE 1EE 4EE 0EE 3EE 2EE 2DACAEE 1EE 4EE 0EE 3EE 2EE 2D4EE 1D5EE 4D9EE 0KxEE 3DQEE 2KxEE 1KxEE 4KxEE 3DKEE 3D2EE 3KxEE 3H4EE 2D6EE 1H7EE 4S8EE 4S3C3EE 0EE 3EE 2EE 1EE 4EE 4H8C8EE 4STCTEE 0EE 3EE 2EE 1EE 4EE 4S9EE 0HQEE 3SKEE 2C2EE 1KxEE 4KxEE 0KxEE 3KxEE 1HKHAH2EE 4EE 0EE 3EE 1EE 1H9C9EE 4EE 0EE 3EE 1EE 1HTDTEE 4EE 0EE 3EE 1EE 1S6EE 4SQEE 0KxEE 3KxEE 1KxEE 4KxEE 4CKEE 0KxEE 3KxEE 1KxEE 0H6EE 3CJEE 1KxEE 3CQEE 3KxEE 3H5EE
%00070%result% 24031
%00070%points% 208 217 209 230 201
%00071%mibun% 24031
%00071%seat% 03214
%00071%palyer_cards% S6SKH3H5H7H2DKD2C3C2 S8SQH4H6D3D5D8DTDQC4C7 S4S9H8H9HJHKHAD4DAC6CQ S3S7STSAD6DJC5C8C9CT S5SJS2HTHQD7D9CJCKCAJ3 
%00071%change_cards%  12SQDQEE 34SAEE 21S4D4EE 43S5EE
%00071%play%  1D3D4D5EE 4EE 0EE 3EE 2EE 1EE 1S4H4C4EE 4EE 0EE 3EE 2EE 1EE 1S8D8EE 1H6EE 4D7EE 0SKEE 3KxEE 2HAEE 1KxEE 4S2EE 0KxEE 2KxEE 4KxEE 4KxEE 4SJCJEE 0EE 3EE 2EE 1EE 4EE 4SACAEE 0EE 3EE 2EE 1EE 4EE 4D9EE 0DKEE 3KxEE 2DAEE 1KxEE 4KxEE 0D2EE 2KxEE 0KxEE 0H3C3EE 3EE 2EE 1EE 4EE 0EE 0H2C2EE 3EE 2EE 1EE 4EE 0EE 0H5EE 3D6EE 2H8EE 2S9H9EE 1EE 4EE 0EE 3EE 2EE 2SQDQCQEE 1EE 4EE 0EE 3EE 2EE 2C6EE 1C7EE 4CKEE 0KxEE 3KxEE 2KxEE 1KxEE 4KxEE 4HTEE 0KxEE 3DJEE 2HKEE 1KxEE 4KxEE 3KxEE 2KxEE 2HJEE 1KxEE 4HQEE 0KxEE 3KxEE 0S6EE 3S7EE 1KxEE 0KxEE 3STEE 3KxEE 3C8C9CTEE 3S5C5EE 1EE 0EE 3EE 3S3EE 1DTEE
%00071%result% 24310
%00071%points% 209 219 214 233 205
%00072%mibun% 43021
%00072%seat% 02134
%00072%palyer_cards% S7H7HKD5DJDKC4C8CJCK S3S4S6S8SKH3H5H2D4D8CT S5STS2H9HTHAD6DQD2C5CQ SQH6H8HJD3D7D9C6C7CAC2 S9SJSAH4HQDTDAC3C9J3 
%00072%change_cards%  02HKDKEE 14H2EE 20S5C5EE 41C3EE
%00072%play%  3H6C6EE 4EE 0EE 2EE 1EE 3EE 3D7C7EE 4EE 0EE 2EE 1EE 3EE 3D3EE 4H4EE 0S5EE 2D6EE 1S8EE 1S3H3C3EE 3EE 4EE 0EE 2EE 1EE 1S4D4EE 3EE 4EE 0EE 2EE 1EE 1H5EE 3H8EE 3D9EE 4DTEE 0DJEE 2DQEE 1KxEE 3KxEE 4DAEE 0KxEE 2D2EE 4KxEE 2KxEE 4KxEE 4S9C9EE 0EE 2EE 1EE 3EE 4EE 4SJEE 0CKEE 2HAEE 1KxEE 3C2EE 4KxEE 0KxEE 2KxEE 3KxEE 3HJEE 4HQEE 0KxEE 2HKEE 1KxEE 3KxEE 4H2EE 2KxEE 4KxEE 4SAEE 0KxEE 2S2EE 1KxEE 3KxEE 2KxEE 2STHTEE 1EE 3EE 0EE 2EE 2H9EE 1CTEE 3SQEE 0KxEE 2DKEE 1KxEE 3CAEE 2KxEE 0D5C5EE 2EE 1EE 0EE 0S7H7EE 2EE 1EE 0EE 0C4EE 2CQEE 1KxEE 0KxEE 1S6EE 0C8EE 0CJEE
%00072%result% 43201
%00072%points% 211 220 217 237 210
%00073%mibun% 34210
%00073%seat% 02134
%00073%palyer_cards% S4SAH3HAD4D2C5C7C8CTC2 S6S8STSKHQD8DTDKC4CJ S3S7H4H6H7HTH2D9DJC3CK S9SJHJD3D5D6DQDAC9CQ S5SQS2H5H8H9HKD7C6CAJ3 
%00073%change_cards%  14SKDKEE 03D2EE 41S5H5EE 30D3EE
%00073%play%  0H3D3EE 2EE 1EE 3EE 4EE 0EE 0S4D4EE 2EE 1EE 3EE 4EE 0EE 0SAHAEE 2EE 1EE 3EE 4EE 0EE 0C5EE 2H6EE 1S8EE 1S5H5EE 3EE 4EE 0EE 2EE 1EE 1STDTEE 3EE 4EE 0EE 2EE 1EE 1C4EE 3D5EE 4C6EE 0C7EE 2CKEE 1KxEE 3KxEE 4CAEE 0C2EE 2KxEE 4KxEE 0KxEE 4KxEE 4SKHKDKEE 0EE 2EE 1EE 3EE 4EE 4D7EE 0C8EE 0CTEE 2DJEE 1HQEE 3DAEE 4S2EE 2KxEE 1KxEE 3KxEE 4KxEE 4H8EE 4H9EE 2HTEE 1KxEE 3HJEE 4KxEE 2H2EE 3KxEE 2KxEE 2S3C3EE 1EE 3EE 4EE 2EE 2S7H7EE 1EE 3EE 4EE 2EE 2H4EE 1S6EE 3S9EE 4SQEE 2KxEE 1KxEE 3KxEE 2D9EE 1CJEE 3DQEE 1KxEE 3D2EE 3KxEE 3D6EE 1D8EE
%00073%result% 04213
%00073%points% 216 222 220 238 214
%00074%mibun% 03241
%00074%seat% 02134
%00074%palyer_cards% SJH3H4HTHAD3D4D5DKC7CQ S4S7S2H8HKD9C4C8CTCJCA S6SAH5H9HJH2D6D7C3C6CK S3S8S9SQH6D8DTC5C9C2 S5STSKH7HQDJDQDAD2J3 
%00074%change_cards%  30SQC2EE 14S2EE 03H3D3EE 41S5EE
%00074%play%  3S3H3D3EE 4EE 0EE 2EE 1EE 3EE 3S8D8EE 3S9C9EE 4EE 0EE 2EE 1EE 3EE 3C5EE 4H7EE 0HTEE 2HJEE 1HKEE 3KxEE 4KxEE 0KxEE 2KxEE 1KxEE 4KxEE 4HQDQEE 0EE 2EE 1EE 3EE 4EE 4S2D2EE 0EE 2EE 1EE 3EE 4EE 4STEE 0SJEE 2SAEE 1KxEE 3KxEE 4KxEE 0KxEE 2KxEE 2S6D6C6EE 1EE 3EE 4EE 0EE 2EE 2C3EE 1S4EE 3H6EE 4DJEE 0SQEE 2CKEE 1CAEE 3KxEE 4KxEE 0C2EE 2KxEE 1KxEE 0KxEE 0H4D4EE 2EE 1EE 3EE 4EE 0EE 0D5EE 2D7EE 1D9EE 3DTEE 4DAEE 0KxEE 2KxEE 1KxEE 4KxEE 4SKEE 0HAEE 2H2EE 1KxEE 0KxEE 2KxEE 2H5EE 1S7EE 0CQEE 2KxEE 1KxEE 0DKEE 0KxEE 0C7EE 2H9EE
%00074%result% 34021
%00074%points% 219 223 222 243 218
%00075%mibun% 24301
%00075%seat% 40123
%00075%palyer_cards% S9SAHTHAD4D6DQD2C3C7C8 H7H8D3DTDJC5CQCKCAC2 S6S8S2H3H5H9D5D8C4C6 S4S5H4H6HJHQHKD9DACTJ3 S3S7STSJSQSKH2D7DKC9CJ 
%00075%change_cards%  13CAC2EE 24S2EE 31S4H4EE 42S3EE
%00075%play%  1S4H4EE 2EE 3EE 4EE 0EE 1EE 1D3EE 2C4EE 3S5EE 4S7EE 0S9EE 1KxEE 2KxEE 3KxEE 4KxEE 0KxEE 3KxEE 3HJHQHKEE 4EE 0EE 1EE 2EE 3EE 3DACAEE 4EE 0EE 1EE 2EE 3EE 3H6EE 4D7EE 0C8EE 0SAHAEE 1EE 2EE 3EE 4EE 0EE 0C3EE 1C5EE 2C6EE 3CTEE 4CJEE 0KxEE 1CQEE 2KxEE 3C2EE 4KxEE 1KxEE 3KxEE 3D9EE 4STEE 0DQEE 1CKEE 2KxEE 4S2EE 0KxEE 1KxEE 4KxEE 4SJSQSKEE 0EE 1EE 2EE 4EE 4C9EE 0HTEE 1DJEE 2KxEE 4DKEE 0D2EE 1KxEE 4KxEE 0KxEE 0D4EE 1H7EE 2S8EE 2S3H3EE 4EE 0EE 1EE 2EE 2H5D5EE 4EE 0EE 1EE 2EE 2S6EE 4H2EE 0KxEE 1KxEE 2KxEE 0D6EE 1H8EE 1DTEE 2KxEE 0KxEE 2D8EE 2H9EE
%00075%result% 34120
%00075%points% 220 226 224 248 222
%00076%mibun% 42301
%00076%seat% 40123
%00076%palyer_cards% S4S7S8SQHJH2D3D5C4C7CT STSAH3H6H8HKD4D8DQJ3 S5H5HTHQD7D9DJD2C5CQ S6S9SJSKS2H4H9C6C9CJC2 S3H7HAD6DTDKDAC3C8CKCA 
%00076%change_cards%  03SQH2EE 24D2EE 30S6H4EE 42S3EE
%00076%play%  0S6S7S8EE 0S4H4C4EE 1EE 2EE 3EE 4EE 0EE 0D3EE 1D4EE 2D7EE 3KxEE 4DTEE 0KxEE 1DQEE 2KxEE 4DKEE 1KxEE 4KxEE 1KxEE 1H8D8EE 1H3EE 2S5EE 3C6EE 4H7EE 0CTEE 1HKEE 2KxEE 3S2EE 4KxEE 0KxEE 1KxEE 3KxEE 3SJSQSKEE 4EE 0EE 1EE 2EE 3EE 3S9H9C9EE 4EE 0EE 1EE 2EE 3EE 3H2C2EE 4EE 0EE 1EE 2EE 3EE 3CJEE 4CKEE 0KxEE 1KxEE 2KxEE 4CAEE 4KxEE 4HADAEE 0EE 1EE 2EE 4EE 4C3EE 0D5EE 1H6EE 2D9EE 4D2EE 0KxEE 1KxEE 2KxEE 4KxEE 4D6EE 0C7EE 1STEE 2DJEE 4KxEE 0KxEE 1SAEE 2KxEE 2H5C5EE 4EE 0EE 2EE 2HQCQEE 4EE 0EE 2EE 2S3EE 4C8EE 0HJEE
%00076%result% 31402
%00076%points% 222 230 225 253 225
%00077%mibun% 31402
%00077%seat% 40123
%00077%palyer_cards% S5S2H7HAD4D9DTDJD2CKC2 S4S8H9HJHQD6D7C9CJJ3 S9H4H6HKH2D8DAC3C4C5 SQSKH3H5H8HTD3C6C7C8CA S3S6S7STSJSAD5DQDKCTCQ 
%00077%change_cards%  23H2DAEE 01S2EE 32H3D3EE 10S4EE
%00077%play%  2C3C4C5EE 3EE 4EE 0EE 1EE 2EE 2H3D3EE 3EE 4EE 0EE 1EE 2EE 2H4EE 3H5EE 4KxEE 0H7EE 1H9EE 2HKEE 3H2EE 0KxEE 1KxEE 2KxEE 3KxEE 1KxEE 1HJCJEE 2EE 3EE 4EE 0EE 1EE 1D6EE 2D8EE 2H6EE 3C7EE 4STEE 0DJEE 1HQEE 2KxEE 3SKEE 4SAEE 0KxEE 1S2EE 3KxEE 4KxEE 1KxEE 1D7EE 2S9EE 3HTEE 4SJEE 0CKEE 1KxEE 3DAEE 4KxEE 0D2EE 3KxEE 0KxEE 0S4D4EE 1EE 3EE 4EE 0EE 0S5EE 1S8EE 1C9EE 3SQEE 4DKEE 0HAEE 3KxEE 4KxEE 0C2EE 0KxEE 0D9EE 3CAEE 4KxEE 0KxEE 3KxEE 3H8C8EE 3C6EE 4S7EE 0DTEE
%00077%result% 21304
%00077%points% 224 234 230 256 226
%00078%mibun% 31024
%00078%seat% 32041
%00078%palyer_cards% SQH3H4H9HQD8C3C5C7CQC2 S5STSJSKH6D3DTDQCAJ3 S4S6SAS2H8HJD5DKD2C6CT S9H5HTHKH2D6DJC4C8CK S3S7S8H7HAD4D7D9DAC9CJ 
%00078%change_cards%  42HADAEE 01C2EE 24S4D5EE 10D3EE
%00078%play%  0H3D3C3EE 4EE 1EE 3EE 2EE 0EE 0SQHQCQEE 4EE 1EE 3EE 2EE 0EE 0H4EE 4D5EE 1H6EE 3C8EE 3HKCKEE 2EE 0EE 4EE 1EE 3EE 3C4EE 2S6EE 0C7EE 4S8EE 4S4D4EE 1EE 3EE 2EE 0EE 4EE 4S7H7D7EE 1EE 3EE 2EE 0EE 4EE 4D9C9EE 1EE 3EE 2EE 0EE 4EE 4S3EE 1S5EE 3S9EE 2SAEE 0KxEE 4KxEE 1KxEE 3KxEE 2KxEE 1KxEE 1STDTEE 3EE 2EE 0EE 4EE 1EE 1SJEE 3H2EE 2KxEE 0KxEE 4KxEE 1KxEE 3KxEE 3H5EE 2C6EE 0D8EE 0C5EE 4CJEE 1CAEE 3KxEE 2KxEE 0KxEE 1C2EE 1KxEE 1DQEE 3KxEE 2DKEE 0KxEE 1KxEE 2DAEE 2D2EE 2KxEE 2H8EE 2CTEE 0KxEE 1SKEE 3KxEE 2HAEE 2S2EE 2KxEE 2HJEE 0KxEE 3KxEE 0H9EE
%00078%result% 41203
%00078%points% 226 238 233 257 231
%00079%mibun% 31240
%00079%seat% 32041
%00079%palyer_cards% STSKS2H5H8HTC4C5CJJ3 S4SAH3H6H7HJHKDTC8CTCK S3S7S9H4D3D6D8DAC3C7 S8SQHQHAH2D4D5D7DJC9CQ S5S6SJH9D9DQDKD2C6CAC2 
%00079%change_cards%  34HAH2EE 01J3EE 43S5S6EE 10H3EE
%00079%play%  2S3D3C3EE 0EE 4EE 1EE 3EE 2EE 2S7C7EE 0EE 4EE 1EE 3EE 2EE 2H4EE 0H5EE 4H9EE 1HJEE 3HQEE 2KxEE 0KxEE 4HAEE 1KxEE 3KxEE 4KxEE 1KxEE 1DTCTEE 3EE 2EE 0EE 4EE 1EE 1HKCKEE 3EE 2EE 0EE 4EE 1EE 1S4EE 3S5EE 2S9EE 0STEE 4SJEE 1SAEE 3KxEE 2KxEE 0S2EE 4KxEE 1KxEE 0KxEE 0H3EE 4C6EE 1H7EE 3S8EE 3SQCQEE 2EE 0EE 4EE 1EE 3EE 3D4EE 2D6EE 0KxEE 4D9EE 1KxEE 3DJEE 2DAEE 4D2EE 3KxEE 2KxEE 4KxEE 4H2C2EE 1EE 3EE 2EE 0EE 4EE 4DQEE 1KxEE 3KxEE 2KxEE 0SKEE 4CAEE 0KxEE 4KxEE 4DKEE 1KxEE 3KxEE 2KxEE 0KxEE 1H6EE 3D7EE 2D8EE 0C4EE 1C8EE 3D5EE 0H8EE 0C5EE 3S6EE 0HTEE 3KxEE 0CJEE
%00079%result% 42103
%00079%points% 228 241 237 258 236
%00080%mibun% 32140
%00080%seat% 32041
%00080%palyer_cards% H7H8HTHKD7D8DQCTCKCA S4S8SKSAD4D5D6DKC6C7CQ SQH4H9HQH2DTDAC3C9J3 S6S9STH5H6D3DJD2C8CJC2 S3S5S7SJS2H3HJHAD9C4C5 
%00080%change_cards%  34D2C2EE 02CAEE 43S3H3EE 20C3EE
%00080%play%  3S3H3D3EE 2EE 0EE 4EE 1EE 3EE 3S6H6EE 2EE 0EE 4EE 1EE 3EE 3DJCJEE 2EE 0EE 4EE 1EE 3EE 3H5EE 2H9EE 0HTEE 4HJEE 1KxEE 3KxEE 2HQEE 0HKEE 4HAEE 2H2EE 0KxEE 4KxEE 2KxEE 2KxEE 2DACAEE 0EE 4EE 1EE 3EE 2EE 2H4EE 0H7EE 4KxEE 1KxEE 3KxEE 2KxEE 0H8EE 0C3EE 4C4EE 1C6EE 3C8EE 3S9EE 2DTEE 0DQEE 4D2EE 1KxEE 3KxEE 2KxEE 0KxEE 4KxEE 4S5C5EE 1EE 3EE 2EE 0EE 4EE 4S2C2EE 1EE 3EE 2EE 0EE 4EE 4S7EE 1S8EE 1D4D5D6EE 3EE 2EE 0EE 4EE 1EE 1SKDKEE 3EE 2EE 0EE 4EE 1EE 1S4EE 3STEE 2SQEE 0KxEE 4KxEE 1SAEE 2KxEE 1KxEE 1C7EE 2C9EE 0CTEE 4KxEE 1CQEE 0CKEE 0KxEE 0D7EE 4D9EE 0KxEE 4KxEE 4SJEE
%00080%result% 32140
%00080%points% 229 244 241 263 238
%00081%mibun% 42103
%00081%seat% 40231
%00081%palyer_cards% S4S2H6HAH2D3DJDAC4CT S5SAH5H8H9HJD5D8D2C5C8 S3S6SQSKHTDQC3CJCQCK SJH3H4HQD7D9DTDKC7CAJ3 S7S8S9STH7HKD4D6C6C9C2 
%00081%change_cards%  03S2H2EE 42C2EE 30H3H4EE 24S3EE
%00081%play%  0H3D3EE 2EE 3EE 1EE 4EE 0EE 0S4H4C4EE 2EE 3EE 1EE 4EE 0EE 0HADAEE 2EE 3EE 1EE 4EE 0EE 0H6EE 2HTEE 3HQEE 1KxEE 4HKEE 0KxEE 2KxEE 3H2EE 4KxEE 3KxEE 3KxEE 3D7C7EE 1EE 4EE 0EE 2EE 3EE 3D9EE 1HJEE 4KxEE 0KxEE 2SQEE 3DKEE 1SAEE 2C2EE 3KxEE 1KxEE 2KxEE 2CJCQCKEE 3EE 1EE 4EE 0EE 2EE 2C3EE 3DTEE 1D2EE 4KxEE 0KxEE 2KxEE 3KxEE 1KxEE 1S5H5D5C5EE 4EE 0EE 2EE 3EE 1EE 1EE 4EE 0EE 2EE 3EE 1EE 4EE 0EE 2EE 3EE 1EE 4EE 0EE 2EE 3EE
%00081%result% 32401
%00081%points% 231 245 245 268 241
%00082%mibun% 34102
%00082%seat% 40231
%00082%palyer_cards% S4S7HTD6D7DJC6C9CTCA S9SQSAH3H9HJD9C3C8CJC2 S8STH4H5HQHKD4DKCQCK S3SJH6H8HAD5D8DQDAC5C7 S5S6SKS2H7H2D3DTD2C4J3 
%00082%change_cards%  13SAC2EE 02CAEE 31S3D5EE 20H4EE
%00082%play%  4S2H2D2EE 0EE 2EE 3EE 1EE 4EE 4D3EE 0S4EE 2H5EE 3H6EE 1H9EE 4KxEE 0KxEE 2KxEE 3KxEE 1KxEE 4KxEE 4C4EE 0D6EE 2S8EE 2CQCKCAEE 3EE 1EE 4EE 0EE 2EE 2HKDKEE 3EE 1EE 4EE 0EE 2EE 2D4EE 3C5EE 1C8EE 1S3H3C3EE 4EE 0EE 2EE 3EE 1EE 1S9D9EE 4EE 0EE 2EE 3EE 1EE 1HJCJEE 4EE 0EE 2EE 3EE 1EE 1D5EE 4S6EE 0S7EE 2STEE 3SJEE 1SQEE 4SKEE 0KxEE 2KxEE 3SAEE 4KxEE 3KxEE 3H8D8EE 3HADAEE 4EE 0EE 2EE 3EE 3C7EE 4DTEE 0DJEE 2KxEE 3DQEE 4KxEE 0KxEE 3KxEE 3C2EE 4KxEE 0KxEE 2KxEE 4S5EE 0C6EE 2HQEE 4KxEE 0KxEE 4H7EE
%00082%result% 13240
%00082%points% 232 250 248 272 243
%00083%mibun% 40213
%00083%seat% 40231
%00083%palyer_cards% S4SQH3H5D5D6DQC6C9CJCK S5SJH6H8HTHQHKD8DKDACA S3S6S7S9SKD4D9C7C8CT S8S2HAD7DTDJD2C4CQJ3 STSAH4H7H9HJH2D3C3C5C2 
%00083%change_cards%  01SQCKEE 43H2EE 10S5H6EE 34C4EE
%00083%play%  4C3C4C5EE 0EE 2EE 3EE 1EE 4EE 4D3EE 0S4EE 2S6EE 3S8EE 3S2H2D2EE 1EE 4EE 0EE 2EE 3EE 3D7EE 1H8EE 1SQHQEE 4EE 0EE 2EE 3EE 1EE 1HKDKCKEE 4EE 0EE 2EE 3EE 1EE 1DACAEE 4EE 0EE 2EE 3EE 1EE 1D8EE 1HTEE 4HJEE 0KxEE 2KxEE 3HAEE 1KxEE 4KxEE 3KxEE 3KxEE 3DTEE 1SJEE 4SAEE 0KxEE 2KxEE 3KxEE 4KxEE 4H4EE 0S5EE 2S7EE 3KxEE 4STEE 0KxEE 2SKEE 4KxEE 2KxEE 2S9D9EE 3EE 4EE 0EE 2EE 2S3EE 3DJEE 4C2EE 0KxEE 2KxEE 3KxEE 4KxEE 4H7EE 0C9EE 2CTEE 3CQEE 4KxEE 0KxEE 2KxEE 4H9EE 0CJEE 2KxEE 0DQEE 0KxEE 0H5D5EE 2EE 0EE 0H6D6C6EE 2EE 0EE 0H3EE
%00083%result% 13402
%00083%points% 234 255 249 276 246
%00084%mibun% 30412
%00084%seat% 04321
%00084%palyer_cards% S3S9SKH4H7HQHADJC3C5C2 S5SJSQH8HTD9DAC4C7CQCA S6S7S8H6HJH2D8C6CTCJ S4SAS2H3HKD3D4D7DTJ3 STH5H9D5D6DQDKD2C8C9CK 
%00084%change_cards%  21HJH2EE 03C2EE 12S5C4EE 30H3EE
%00084%play%  3S4D4EE 2EE 1EE 0EE 4EE 3EE 3S2C2EE 2EE 1EE 0EE 4EE 3EE 3D3EE 2C4EE 1C7EE 0KxEE 4C8EE 4H5D5EE 3EE 2EE 1EE 0EE 4EE 4H9C9EE 3EE 2EE 1EE 0EE 4EE 4DKCKEE 3EE 2EE 1EE 0EE 4EE 4D6EE 3D7EE 2D8EE 2S5S6S7S8EE 2H6C6EE 1EE 0EE 4EE 3EE 2EE 2CTEE 1SJEE 0HQEE 4D2EE 3KxEE 2KxEE 1KxEE 0KxEE 4KxEE 3KxEE 3DTEE 2CJEE 1SQEE 0SKEE 4KxEE 3SAEE 1KxEE 0KxEE 3KxEE 3HKEE 1DAEE 0KxEE 4KxEE 1H2EE 1KxEE 1H8EE 1D9EE 0DJEE 4DQEE 1KxEE 0KxEE 4KxEE 4STEE 1HJEE 0HAEE 1KxEE 0KxEE 0S3H3C3EE 1EE 0EE 0H4EE 1HTEE 0KxEE 1KxEE 1CQEE 0KxEE 1CAEE
%00084%result% 23410
%00084%points% 235 257 254 280 249
%00085%mibun% 43012
%00085%seat% 04321
%00085%palyer_cards% S6SQH6HJHAD4D5DJD2CQJ3 S4SJH5H8D6D7C4C6CTCJCK S3S7SKH9HKH2D3DQDAC5CA S5S9S2H4H7D9DKC3C8C2 S8STSAH3HTHQD8DTC7C9 
%00085%change_cards%  02D2J3EE 13CKEE 20S3D3EE 31C3EE
%00085%play%  0D3D4D5EE 4EE 3EE 2EE 1EE 0EE 0S6H6EE 4EE 3EE 2EE 1EE 0EE 0HJDJEE 4EE 3EE 2EE 1EE 0EE 0SQCQEE 4EE 3EE 2EE 1EE 0EE 0S3EE 4C7EE 3C8EE 3S9D9EE 2EE 1EE 0EE 4EE 3EE 3DKCKEE 2EE 1EE 0EE 4EE 3EE 3S2C2EE 2EE 1EE 0EE 4EE 3EE 3H4EE 2C5EE 1D6EE 0HAEE 4KxEE 3KxEE 2H2EE 1KxEE 2KxEE 2KxEE 2SKHKEE 1EE 4EE 3EE 2EE 2DACAEE 1EE 4EE 3EE 2EE 2S7EE 1H8EE 1S4C4EE 4EE 3EE 2EE 1EE 1SJCJEE 4EE 3EE 2EE 1EE 1C3EE 4S8EE 4STHTDTEE 3EE 2EE 1EE 4EE 4H3EE 3S5EE 2H9EE 1CTEE 4HQEE 3KxEE 2D2EE 1KxEE 4KxEE 2KxEE 2DQEE 1KxEE 4SAEE 3KxEE 4KxEE 4D8EE 4C9EE 3KxEE 1KxEE 3H7EE
%00085%result% 02431
%00085%points% 240 258 258 282 252
%00086%mibun% 04132
%00086%seat% 04321
%00086%palyer_cards% S3STSJS2H4H6H7D8CTCKCA S7S8SKSAH3H5H8DQC9C2 S6HTHAD4D7D9C5C6C8CJ S4S9SQH9HJH2D3D6DJC3C4 S5HQHKD5DTDKDAD2C7CQJ3 
%00086%change_cards%  10SAC2EE 32H2EE 01S3H4EE 23D4EE
%00086%play%  3D3C3EE 2EE 1EE 0EE 4EE 3EE 3S4D4C4EE 2EE 1EE 0EE 4EE 3EE 3S9H9EE 2EE 1EE 0EE 4EE 3EE 3HJDJEE 2EE 1EE 0EE 4EE 3EE 3D6EE 2D7EE 1DQEE 0KxEE 4DKEE 3KxEE 2KxEE 1KxEE 4DAEE 4D2EE 4KxEE 4KxEE 4S5D5EE 3EE 2EE 1EE 0EE 4EE 4HQCQEE 3EE 2EE 1EE 0EE 4EE 4C7EE 3SQEE 2HAEE 1KxEE 0S2EE 4KxEE 2KxEE 0KxEE 0CKCAC2EE 4EE 2EE 1EE 0EE 0STCTEE 4EE 2EE 1EE 0EE 0H6EE 4DTEE 2CJEE 1SKEE 0SAEE 4KxEE 2KxEE 1KxEE 0KxEE 0H7EE 4HKEE 2H2EE 1KxEE 0KxEE 2KxEE 2S6C6EE 1EE 0EE 2EE 2C5EE 1S7EE 0D8EE 0SJEE 2KxEE 1KxEE 2C8EE 2D9EE 1KxEE 2HTEE
%00086%result% 34021
%00086%points% 243 259 260 287 256
%00087%mibun% 24301
%00087%seat% 31240
%00087%palyer_cards% SKH4HQD3D6D7D8C3CKC2 S6STSJSAH6H2D4D5D9C5C7 S5S9SQH3HTDTDJDAD2C8CQ S3S8H5H8HADQC4C6C9CTCA S4S7S2H7H9HJHKDKCJJ3 
%00087%change_cards%  13SAH2EE 24D2EE 31S3C4EE 42S4EE
%00087%play%  0D6D7D8EE 0D3C3EE 3EE 1EE 2EE 4EE 0EE 0SKCKEE 3EE 1EE 2EE 4EE 0EE 0H4EE 3H5EE 1H6EE 2HTEE 4HJEE 0HQEE 3HAEE 1KxEE 2KxEE 4KxEE 0KxEE 3KxEE 4KxEE 4S7H7EE 0EE 3EE 1EE 2EE 4EE 4HKDKEE 0EE 3EE 1EE 2EE 4EE 4S2D2EE 0EE 3EE 1EE 2EE 4EE 4H9EE 0C2EE 3KxEE 1KxEE 2KxEE 4KxEE 3S8H8EE 3SACAEE 1EE 2EE 4EE 3EE 3C6EE 1C7EE 2C8EE 2SQCQEE 4EE 3EE 1EE 2EE 2H3EE 4CJEE 3DQEE 1KxEE 2DAEE 3KxEE 2KxEE 2S4EE 3C9EE 1STEE 2DJEE 3H2EE 1KxEE 2KxEE 3KxEE 3CTEE 1SJEE 2KxEE 1KxEE 1D4C4EE 2EE 1EE 1D5C5EE 2EE 1EE 1S3EE 2S5EE 1S6EE 2S9EE 1KxEE 2KxEE 2DTEE
%00087%result% 04321
%00087%points% 248 260 262 290 260
%00088%mibun% 04321
%00088%seat% 31240
%00088%palyer_cards% S3S4SQHJD9DAC4C7C8CKCA S5SJS2H3H5H6D6D7DTDQCQ S6S7STH7HKD5DKD2CTJ3 S9SKSAH4HADJC3C5C9CJC2 S8H8H9HTHQH2D3D4D8C6 
%00088%change_cards%  10S2DQEE 24J3EE 01S3S4EE 42D3EE
%00088%play%  2S7H7EE 4EE 0EE 3EE 1EE 2EE 2STCTEE 4EE 0EE 3EE 1EE 2EE 2HKDKEE 4EE 0EE 3EE 1EE 2EE 2D3EE 4D4EE 0D9EE 3DJEE 1KxEE 2D2EE 4KxEE 0KxEE 3KxEE 2KxEE 4KxEE 4H8H9HTEE 4S8D8EE 4C6EE 0C7EE 3C9EE 1CQEE 2KxEE 4KxEE 0CKEE 3C2EE 1KxEE 0KxEE 3KxEE 3SAHAEE 1EE 2EE 4EE 0EE 3EE 3C3EE 1S4EE 2D5EE 4HQEE 0DAEE 3KxEE 1KxEE 2KxEE 4H2EE 0KxEE 0SQDQEE 3EE 1EE 2EE 0EE 0C4EE 3C5EE 1KxEE 2KxEE 0C8EE 0HJEE 3SKEE 1KxEE 2KxEE 0CAEE 3KxEE 0S2EE 3H4EE 1S5EE 2S6EE 3S9EE 1SJEE 3KxEE 1KxEE 1S3H3EE 3EE 1EE 1H6D6EE 3EE 1EE 1H5EE 3CJEE
%00088%result% 40231
%00088%points% 252 261 265 292 265
%00089%mibun% 14230
%00089%seat% 31240
%00089%palyer_cards% S3S4STH6H9HJD9DTD2C3C2 S5S9SJH7D7D8DJDQC8CQ S7S8H3H5D3D4D5C4CJCA S6SQSKHKHADKDAC6C7CTCK SAS2H4H8HTHQH2D6C5C9J3 
%00089%change_cards%  14DQCQEE 30HAEE 41H4C5EE 03S3EE
%00089%play%  2D3D4D5EE 4EE 0EE 3EE 1EE 2EE 2H3EE 4D6EE 0H9EE 3CTEE 1SJEE 2CAEE 4S2EE 0KxEE 3KxEE 1KxEE 2KxEE 4KxEE 4KxEE 4HQDQCQEE 0EE 3EE 1EE 2EE 4EE 4H8EE 4C9EE 0STEE 3SQEE 1KxEE 2KxEE 4SAEE 0KxEE 3KxEE 4KxEE 4HTEE 0HJEE 3HKEE 1KxEE 2KxEE 4H2EE 0KxEE 3KxEE 0D2C2EE 3EE 1EE 2EE 0EE 0C3EE 3S6EE 1H7EE 2S8EE 2C4EE 0H6EE 3C7EE 1D8EE 1S5C5EE 2EE 0EE 3EE 1EE 1H4EE 2H5EE 0HAEE 3KxEE 1KxEE 2KxEE 0KxEE 0S4EE 3C6EE 1D7EE 2CJEE 0KxEE 3SKEE 1KxEE 2KxEE 3DAEE 3KxEE 3DKCKEE 1EE 2EE 0EE 3EE 3S3EE 1C8EE 1S9EE 2KxEE 0DTEE 1DJEE 0KxEE 2S7EE
%00089%result% 43120
%00089%points% 253 264 267 296 270
%00090%mibun% 42310
%00090%seat% 42130
%00090%palyer_cards% S7STSQSKSAH3H7D3C4C6 S8S2H6H8HTHKD6D7C5C7C2 SJH9HJHQHAH2DQD2C3CQCA H4D4D8DTDJDKDAC9CKJ3 S3S4S5S6S9H5D5D9C8CTCJ 
%00090%change_cards%  04SKSAEE 23H2EE 40S3S4EE 32H4EE
%00090%play%  0S3H3D3EE 4EE 2EE 1EE 3EE 0EE 0S4C4EE 4EE 2EE 1EE 3EE 0EE 0S7H7EE 4EE 2EE 1EE 3EE 0EE 0C6EE 4C8EE 4S5H5D5EE 2EE 1EE 3EE 0EE 4EE 4S9D9EE 2EE 1EE 3EE 0EE 4EE 4S6EE 2H9EE 1HTEE 3H2EE 0KxEE 4KxEE 2KxEE 1KxEE 3KxEE 3KxEE 3DKCKEE 0EE 4EE 2EE 1EE 3EE 3D4EE 0STEE 4CJEE 2HQEE 1HKEE 3KxEE 0KxEE 4KxEE 2HAEE 1KxEE 2KxEE 2SJHJEE 1EE 3EE 0EE 4EE 2EE 2DQCQEE 1EE 3EE 0EE 4EE 2EE 2C3EE 1C5EE 3C9EE 0KxEE 4CTEE 2CAEE 1C2EE 3KxEE 4KxEE 2KxEE 1KxEE 1H6D6EE 3EE 0EE 4EE 2EE 1EE 1D7C7EE 3EE 0EE 4EE 2EE 1EE 1S8H8EE 1S2EE 3KxEE 0KxEE 4KxEE 2KxEE 3D8EE 3DTEE 0SQEE 4SKEE 2KxEE 3KxEE 4SAEE 2H4EE 3DJEE 2D2EE
%00090%result% 10423
%00090%points% 257 269 269 297 273
%00091%mibun% 10342
%00091%seat% 42130
%00091%palyer_cards% S3SKH9HQD6D9DQDAD2C4J3 SJS2HJHADJDKC6C7CTCQCA S4S5S6S7STSQH5H6D7D8 SAH3H4H7H8HTHKH2D3C8CK S8S9D4D5DTC3C5C9CJC2 
%00091%change_cards%  31SAH2EE 20SQEE 13C6C7EE 02S3EE
%00091%play%  3C6C7C8EE 3H3D3EE 0EE 4EE 2EE 1EE 3EE 3HKCKEE 0EE 4EE 2EE 1EE 3EE 3H4EE 0D6EE 4S8EE 4D5C5EE 2EE 1EE 3EE 0EE 4EE 4S9C9EE 2EE 1EE 3EE 0EE 4EE 4C3EE 2S4EE 1CTEE 3KxEE 0SQEE 4C2EE 2KxEE 1KxEE 0KxEE 4KxEE 0KxEE 0H9D9EE 4EE 2EE 1EE 3EE 0EE 0HQDQEE 4EE 2EE 1EE 3EE 0EE 0C4EE 4DTEE 2KxEE 1SJEE 3KxEE 0SKEE 4KxEE 1SAEE 0KxEE 1S2EE 1KxEE 1HJDJEE 3EE 0EE 4EE 2EE 1EE 1HACAEE 3EE 0EE 4EE 2EE 1EE 1CQEE 3KxEE 0DAEE 4KxEE 2KxEE 1H2EE 0KxEE 1KxEE 1DKEE 3KxEE 0D2EE 4KxEE 2KxEE 4D4EE 2S5EE 3H7EE 4CJEE 2KxEE 3KxEE 2S6H6EE 3EE 2EE 2S7D7EE 3EE 2EE 2S3EE 3H8EE 3HTEE
%00091%result% 10432
%00091%points% 261 274 270 299 276
%00092%mibun% 10432
%00092%seat% 42130
%00092%palyer_cards% STH3HJD8D9DQC3C5C7CQCA S4S5S7S9H4H7HKD5D6DKC4 S8SAH9HTH2D7DJD2C9J3 S6SJSQH6H8HQHADTDACJCK S3SKS2H5D3D4C6C8CTC2 
%00092%change_cards%  21H2J3EE 30HAEE 12S4H4EE 03H3EE
%00092%play%  4S3D3EE 2EE 1EE 3EE 0EE 4EE 4S2C2EE 2EE 1EE 3EE 0EE 4EE 4D4EE 2D7EE 1DKEE 3DAEE 0KxEE 4KxEE 2D2EE 1KxEE 3KxEE 2KxEE 1KxEE 1S5D5EE 3EE 0EE 4EE 2EE 1EE 1S7H7EE 3EE 0EE 4EE 2EE 1EE 1C4EE 3S6EE 0C7EE 4C8EE 4H5EE 2S8EE 2S4H4EE 1EE 3EE 0EE 4EE 2EE 2H9C9EE 1EE 3EE 0EE 4EE 2EE 2HTEE 1HKEE 3KxEE 0HAEE 4KxEE 2KxEE 1H2EE 0KxEE 1KxEE 1D6EE 3H8EE 3SJCJEE 0EE 4EE 2EE 1EE 3EE 3SQHQEE 0EE 4EE 2EE 1EE 3EE 3H3EE 0C5EE 4C6EE 2KxEE 1KxEE 3CKEE 0CAEE 4KxEE 3KxEE 0KxEE 0DQCQEE 4EE 2EE 1EE 3EE 0EE 0C3EE 4CTEE 2KxEE 1KxEE 3KxEE 0KxEE 4KxEE 4SKEE 2SAEE 1KxEE 3KxEE 0KxEE 2KxEE 2DJEE 1KxEE 3KxEE 0KxEE 1S9EE 3DTEE 0HJEE 3KxEE 0KxEE 0D8EE 0D9EE 3KxEE 0STEE
%00092%result% 42103
%00092%points% 263 277 274 300 281
%00093%mibun% 32140
%00093%seat% 34201
%00093%palyer_cards% STH5H6H8D9DJDKDAC3C7CQ H7HTHQHAD2C4C5C8C2J3 S4S5S9SKSAH4HKD8DTC6CK S3SQD4D6D7DQC9CTCJCA S6S7S8SJS2H3H9HJH2D3D5 
%00093%change_cards%  34SQCAEE 02DAEE 43H3D3EE 20S4EE
%00093%play%  3C9CTCJEE 4EE 2EE 0EE 1EE 3EE 3S3H3D3EE 4EE 2EE 0EE 1EE 3EE 3D4EE 4D5EE 2D8EE 2SKHKCKEE 0EE 1EE 3EE 4EE 2EE 2SADAEE 0EE 1EE 3EE 4EE 2EE 2H4EE 0H5EE 1H7EE 3KxEE 4H9EE 2KxEE 0KxEE 1HTEE 4HJEE 1HQEE 4H2EE 1KxEE 4KxEE 1KxEE 1D2C2EE 3EE 4EE 2EE 0EE 1EE 1C4EE 3D6EE 4S7EE 2S9EE 0STEE 1KxEE 3KxEE 4SJEE 2KxEE 0KxEE 4SQEE 4S2EE 4KxEE 4S6EE 2DTEE 0DJEE 1KxEE 3DQEE 4KxEE 2KxEE 0DKEE 3KxEE 0KxEE 0C3EE 1C5EE 3KxEE 4CAEE 2KxEE 0KxEE 1KxEE 4KxEE 4S8EE 2S5EE 0H6EE 1C8EE 1HAEE 3KxEE 2KxEE 0KxEE 3D7EE 2KxEE 0H8EE 0S4EE 2C6EE
%00093%result% 41320
%00093%points% 264 281 276 303 286
%00094%mibun% 41320
%00094%seat% 34201
%00094%palyer_cards% S8H7HQHAD3D5D9DJD2C8C9 S3S5S7SKH5HKH2D7DTC6 S6S9SJH9HTHJDKDAC3C7CQ STSAH3H6H8D8C5CTCKC2 S4SQS2H4D4D6DQC4CJCAJ3 
%00094%change_cards%  04HAD2EE 21DAEE 40S4H4EE 12S3EE
%00094%play%  0S4H4EE 1EE 3EE 4EE 2EE 0EE 0S8C8EE 0D9C9EE 1EE 3EE 4EE 2EE 0EE 0D3EE 1S5EE 3H6EE 4CJEE 2CQEE 0KxEE 1KxEE 3CKEE 4CAEE 2KxEE 3C2EE 4KxEE 3KxEE 4KxEE 4D4C4EE 2EE 0EE 1EE 3EE 4EE 4SQDQEE 2EE 0EE 1EE 3EE 4EE 4S2D2EE 2EE 0EE 1EE 3EE 4EE 4D6EE 2C7EE 0DJEE 1SKEE 3SAEE 4KxEE 2KxEE 0KxEE 1KxEE 3KxEE 3H8D8EE 3STCTEE 4EE 2EE 0EE 1EE 3EE 3H3EE 4HAEE 2KxEE 0KxEE 1H2EE 3KxEE 1KxEE 1S7D7EE 3EE 2EE 0EE 1EE 1H5EE 3KxEE 2S6EE 0H7EE 1DTEE 2SJEE 0HQEE 1HKEE 2KxEE 0KxEE 1KxEE 1C6EE 3KxEE 2S9EE 0KxEE 1DAEE 2KxEE 3C5EE 2H9EE 0KxEE 2HTEE 2HJEE 2KxEE 2S3C3EE 0EE 2EE 2DKEE
%00094%result% 41320
%00094%points% 265 285 278 306 291
%00095%mibun% 41320
%00095%seat% 34201
%00095%palyer_cards% S3SJSQH3H5H7H8DAD2CQJ3 S4S6STS2HJHADKC4C6CA S8S9H4HKH2D4D5D8DJCTCK S7SKSAHTHQD3D7DTC8C9 S5H6H9D6D9DQC3C5C7CJC2 
%00095%change_cards%  04D2J3EE 21H2EE 40S5C3EE 12S4EE
%00095%play%  3S7D7EE 4EE 2EE 0EE 1EE 3EE 3HTDTEE 4EE 2EE 0EE 1EE 3EE 3D3EE 4C5EE 2S8EE 2S4H4D4EE 0EE 1EE 3EE 4EE 2EE 2HKCKEE 0EE 1EE 3EE 4EE 2EE 2D5EE 0H7EE 1STEE 3HQEE 4D2EE 2KxEE 0KxEE 1KxEE 3KxEE 4KxEE 4KxEE 4H6D6EE 2EE 0EE 1EE 3EE 4EE 4H9D9EE 2EE 0EE 1EE 3EE 4EE 4C7EE 2D8EE 2S9EE 0SJEE 1S2EE 3KxEE 4KxEE 2KxEE 0KxEE 1KxEE 1S6C6EE 3EE 4EE 2EE 0EE 1EE 1HACAEE 3EE 4EE 2EE 0EE 1EE 1C4EE 3C8EE 3C9EE 4CJEE 2KxEE 0CQEE 1KxEE 3KxEE 4C2EE 0KxEE 4KxEE 4DQEE 2KxEE 0DAEE 1KxEE 3KxEE 0KxEE 0S3H3C3EE 1EE 3EE 2EE 0EE 0S5H5EE 1EE 3EE 2EE 0EE 0H8EE 0SQEE 1DKEE 3SAEE 2KxEE 1H2EE 3KxEE 1KxEE 1HJEE 3SKEE
%00095%result% 40132
%00095%points% 269 288 279 308 296
%00096%mibun% 12430
%00096%seat% 41023
%00096%palyer_cards% S7SJSQH9HKD5D8DJD2C6C7 S9SKH3H5H6H2D4DTDQDACQ S3S5S6H4HAD6D9DKC3CJ STSAH7HTC5C8CTCKCAC2 S4S8S2H8HJHQD3D7C4C9J3 
%00096%change_cards%  24HADKEE 30C2EE 42S4D3EE 03D5EE
%00096%play%  2S3S4S5S6EE 3EE 4EE 1EE 0EE 2EE 2D3C3EE 3EE 4EE 1EE 0EE 2EE 2H4EE 3D5EE 4D7EE 1DTEE 0DJEE 2KxEE 3KxEE 4DKEE 1DAEE 0D2EE 4KxEE 1KxEE 0KxEE 4KxEE 4S8H8EE 4C4EE 1H5EE 0C6EE 2D9EE 3STEE 4HJEE 1DQEE 0HKEE 2KxEE 3SAEE 4S2EE 1KxEE 0KxEE 3KxEE 4KxEE 4C9EE 1CQEE 0C2EE 2KxEE 3KxEE 4KxEE 1KxEE 0KxEE 0S7C7EE 2EE 3EE 4EE 1EE 0EE 0D8EE 0H9EE 2CJEE 3CKEE 4KxEE 1KxEE 0KxEE 2KxEE 3CAEE 3KxEE 3HTCTEE 4EE 1EE 0EE 2EE 3EE 3C5EE 4HQEE 1SKEE 0KxEE 2KxEE 3KxEE 4HAEE 1H2EE 1KxEE 1H3EE 0SJEE 2KxEE 3KxEE 1KxEE 0SQEE 2D6EE 3H7EE 1S9EE 3KxEE 1KxEE 1D4EE 3C8EE
%00096%result% 40231
%00096%points% 273 289 282 310 301
%00097%mibun% 14230
%00097%seat% 41023
%00097%palyer_cards% S4S7SJSQS2H7D3D9C5CTCK S3S5S8STSKH6HQDTDQC6C2 S9SAH4H9HJHKHAD5C4CJ S6H5H8HTH2D7DJDAD2J3 H3D4D6D8DKC3C7C8C9CQCA 
%00097%change_cards%  14SKC2EE 30J3EE 41H3C3EE 03D3EE
%00097%play%  3H2D2EE 4EE 1EE 0EE 2EE 3EE 3D3EE 4D4EE 1DTEE 0KxEE 2KxEE 3KxEE 4KxEE 1KxEE 0KxEE 0S7H7EE 2EE 3EE 4EE 1EE 0EE 0S4EE 2D5EE 3S6EE 4C7EE 1S8EE 1S3H3C3EE 0EE 2EE 3EE 4EE 1EE 1H6C6EE 0EE 2EE 3EE 4EE 1EE 1HQDQEE 0EE 2EE 3EE 4EE 1EE 1S5EE 0D9EE 2HJEE 3DAEE 4C2EE 1KxEE 0KxEE 2KxEE 3KxEE 4KxEE 4D8C8EE 4SKDKEE 1EE 0EE 2EE 3EE 4EE 4D6EE 1STEE 0SJEE 2SAEE 3KxEE 4KxEE 0S2EE 2KxEE 0KxEE 0C5EE 2S9EE 3HTEE 4CQEE 0CKEE 2KxEE 3KxEE 4CAEE 0KxEE 4KxEE 4C9EE 0CTEE 2CJEE 3KxEE 0KxEE 2KxEE 2H4C4EE 3EE 0EE 2EE 2H9EE 3DJEE 0SQEE 2HKEE 3KxEE 2HAEE
%00097%result% 14023
%00097%points% 276 294 284 311 305
%00098%mibun% 20341
%00098%seat% 41023
%00098%palyer_cards% S3SQHTHAD8DJDAC3CQC2J3 STH8HQDTDQD2C6C8C9CTCJ S4S6S8S9SJH9H2D4D5D6C5 S5S7SKH4H6HKD3D9C