%-----%hostname% HonokanoMacBook-Pro.local
%-----%TIME_START% 2025/05/13 01:21:17
%-----%palyer_name% default default default default default
%-----%WINDOW_TYPE% ALICE
%-----%GRAPH_WINDOW% YES
%-----%RAND_TYPE% 1
%-----%RULE_KAKUMEI% YES
%-----%RULE_SHIBARI% YES
%-----%RULE_KINSOKU% NO
%-----%RULE_KAIDAN% YES
%-----%RULE_CHANGE% YES
%-----%RULE_5TOBI% NO
%-----%RULE_6REVERS% NO
%-----%RULE_8GIRI% YES
%-----%RULE_11BACK% NO
%-----%RULE_SEKIGAE% YES
%-----%RULE_SEKIGAE_NUM% 3
%-----%GAME_NUMBER% 100
%-----%FLASH_MIBUN_NUMBER% 100
%-----%GAME_PORT% 53166
%-----%RANDOM_SEED% 1747066870
%00000%mibun% 22222
%00000%seat% 12034
%00000%palyer_cards% S4H7H8H9HKH2D4D2C4C7CA S6S7S9S2HJD5D7D9C3C6C8 S5SAH4HAD3DQDKDACKC2J3 S3S8STSJSKH3H6HQDJCQ SQH5HTD6D8DTC5C9CTCJ 
%00000%change_cards% NULL
%00000%play%  2MJDQDKDAEE 0EE 3EE 4EE 1EE 2EE 2SAHAEE 0H2D2EE 3EE 4EE 1EE 2EE 0EE 0H7H8H9EE 0S4D4C4EE 3EE 4HTDTCTEE 1EE 2EE 0EE 4EE 4H5C5EE 1S6C6EE 2EE 0EE 3SJDJEE 4EE 1EE 3HQCQEE 3EE 3S3H3EE 4EE 1S7D7EE 2EE 0EE 3EE 1S9D9EE 1EE 1C3EE 2H4EE 0C7EE 3S8EE 3H6EE 4D8EE 4D6EE 1C8EE 1D5EE 2CKEE 0CAEE 3EE 4EE 1EE 2C2EE 0EE 2EE 2D3EE 0HKEE 3EE 4EE 1S2EE 2EE 1EE 1HJEE 2EE 3SKEE 4EE 3EE 3STEE 4CJEE 2EE 4SQEE 4EE 4C9EE
%00000%result% 01342
%00000%points% 5 4 1 3 2
%00001%mibun% 01423
%00001%seat% 12034
%00001%palyer_cards% S9H5HJHKD6D8DJDKD2C7CJ S7S8SKH8HTDQDAC6CQCK S4S5S2H2D3D4D5DTC3CT SJSAH4H9HQHAD9C8C9CAJ3 S3S6STSQH3H6H7D7C4C5C2 
%00001%change_cards%  20S2H2EE 41C2EE 02H5D6EE 14C6EE
%00001%play%  2D3D4D5D6EE 0EE 3EE 4EE 1EE 2EE 2S5H5EE 0HKDKEE 3EE 4EE 1EE 2EE 0EE 0HJDJCJEE 3SAHACAEE 4EE 1EE 2EE 0S2H2D2EE 3EE 0EE 0C7EE 3C8EE 3K9H9D9C9EE 4EE 1EE 2EE 0EE 3EE 3HQEE 4STEE 1S7EE 2S4EE 0EE 3EE 4EE 1EE 2EE 2DTCTEE 0EE 3EE 4H7D7EE 1EE 2EE 4S3H3EE 4EE 4C4C5C6EE 1EE 2EE 0EE 3EE 4EE 4S6H6EE 1EE 2EE 0EE 3EE 4EE 4SQEE 1HTEE 2C3EE 0EE 3EE 1EE 0S9EE 3H4EE 1EE 0EE 3EE 3SJEE 1EE 0D8EE
%00001%result% 42301
%00001%points% 7 5 5 6 7
%00002%mibun% 34120
%00002%seat% 12034
%00002%palyer_cards% S4S6SJSQH5H8D3DKC4C8 S8S2HTHKH2D5DJC5C6CTC2 S7SAH4H6HJHQD4D6C3CKCA S5S9STH3H7HAD7D9DQDA S3SKH9D8DTD2C7C9CJCQJ3 
%00002%change_cards%  14S2H2EE 02DKEE 41S3C7EE 20C3EE
%00002%play%  0D3C3EE 3H7D7EE 4H9C9EE 1HTCTEE 2EE 0EE 3EE 4LJCJEE 1EE 4EE 4S2H2D2EE 1EE 2EE 0EE 3EE 4EE 4D8EE 4DTEE 1DJEE 2EE 0EE 3DQEE 4EE 1EE 3EE 3S9D9EE 4EE 1EE 2DKCKEE 0EE 3HADAEE 2EE 3EE 3H3EE 4CQEE 1HKEE 2EE 0EE 3EE 4EE 1C2EE 1EE 1C5C6C7EE 2EE 0EE 3EE 4EE 1EE 1S3EE 2S7EE 0SJEE 3EE 4SKEE 1EE 2EE 0EE 1D5EE 2HJEE 0SQEE 3EE 1EE 2EE 0EE 0S4C4EE 3EE 1EE 2H6D6EE 0H8C8EE 0H5EE 3STEE 1EE 2HQEE 0EE 3EE 2EE 2H4D4EE 0EE 3EE 1EE 2SACAEE 0S6EE 3EE 1S8EE
%00002%result% 42013
%00002%points% 10 7 9 7 12
%00003%mibun% 23140
%00003%seat% 03412
%00003%palyer_cards% SJSAH8HJD3DKC8CJCKJ3 S9STSQH6H9D7D8D9DTC5C7 S3SKS2H7HTHAD4D2C3C6C9 S4S5S7HQHKH2D5DJCTCQ S6S8H3H4H5D6DQDAC4CAC2 
%00003%change_cards%  34HKH2EE 12SQEE 43H3H4EE 21S3EE
%00003%play%  0CJNQCKEE 3EE 4EE 1EE 2EE 0EE 0H8C8EE 0SJHJEE 3HQCQEE 4DACAEE 1EE 2S2D2EE 0EE 3EE 4EE 2EE 2C3EE 0DKEE 3EE 4EE 1EE 2HAEE 0EE 2EE 2D4EE 0SAEE 3EE 4EE 1EE 2EE 0EE 0D3EE 3S7EE 4S8EE 4S6D6EE 1D7C7EE 2EE 3EE 4H2C2EE 1EE 4EE 4C4EE 1C5EE 2C6EE 3CTEE 4EE 1EE 2EE 3EE 3S4H4EE 4EE 1STDTEE 2EE 3EE 1EE 1S9H9D9EE 2EE 3EE 4EE 1EE 1S3EE 2H7EE 3DJEE 4DQEE 1EE 2EE 3EE 4EE 4H5EE 1H6EE 2HTEE 3EE 4HKEE 1EE 2EE 1D8EE 2C9EE 3EE 2SQEE 2SKEE
%00003%result% 04123
%00003%points% 15 10 11 8 16
%00004%mibun% 02341
%00004%seat% 03412
%00004%palyer_cards% SKH3D4D5D6DTDQC5C7C9CQ S3S6S9SJSQHAH2C3CJC2 S7S2H7H9HJHQD7DKDACA S5SAH5H6H8HTHKC6C8CTCK S4S8STH4D3D8D9DJD2C4J3 
%00004%change_cards%  30SAHKEE 24S2EE 03H3D4EE 42D3EE
%00004%play%  2S7H7D7EE 0EE 3EE 4S8L8D8EE 4S4H4C4EE 1EE 2EE 0EE 3EE 4EE 4S2D2EE 1EE 2EE 0EE 3EE 4EE 4D9EE 1SQEE 2DKEE 0SAEE 3EE 4EE 1EE 2EE 0EE 0D5C5EE 3H6C6EE 4EE 1SJCJEE 2DACAEE 0EE 3EE 1H2C2EE 2EE 1EE 1S3C3EE 2EE 0DQCQEE 3EE 4EE 1EE 0SKHKEE 0EE 0D6EE 3CKEE 4EE 1HAEE 2EE 0EE 3EE 1EE 1S6EE 2H9EE 0DTEE 3EE 4DJEE 1EE 2EE 0EE 4EE 4STEE 1EE 2HJEE 0EE 3EE 2HQEE 2EE 2D3EE 0C7EE 3EE 1S9EE 0EE 0C9EE
%00004%result% 42103
%00004%points% 17 13 15 9 21
%00005%mibun% 32140
%00005%seat% 03412
%00005%palyer_cards% S7S2H6H7H8HJH2DQC3CA S3S9STHQHKD6DKD2C6C8C9 S8SQH5H9HTD5D9DTDACJCK S6SJSKH3D3D7D8C5CTC2 S4S5SAH4HAD4DJC4C7CQJ3 
%00005%change_cards%  34SKC2EE 02S2EE 43S4H4EE 20H5EE
%00005%play%  3H3D3EE 4D4C4EE 1D6C6EE 2EE 0EE 3EE 4M7C7EE 1EE 4EE 4SAHAEE 1EE 2EE 0EE 3EE 4EE 4S5EE 1C8EE 1S9C9EE 2HTDTEE 0EE 3EE 4EE 1HKDKEE 2EE 1EE 1S3EE 2D5EE 0HJEE 3EE 4CQEE 1D2EE 2EE 0EE 4EE 1EE 1STEE 2CJEE 0DQEE 3EE 4SKEE 1EE 2DAEE 0H2EE 4EE 2EE 0EE 0H5H6H7H8EE 0C3EE 3C5EE 4C2EE 1EE 2EE 0EE 3EE 4EE 4DJEE 1HQEE 2CKEE 0CAEE 3EE 2EE 0EE 0S7EE 3D8EE 3S4H4EE 2H9D9EE 3EE 2EE 2S8EE 2SQEE 3EE 2S2EE
%00005%result% 41023
%00005%points% 20 17 17 10 26
%00006%mibun% 21340
%00006%seat% 03421
%00006%palyer_cards% S6STHTHKHAH2D9C6C9CT S3S4S2H9D6D8DTDQC8CKJ3 S5SJSQSKH3H5HQDJD2C7CJ SAH8HJD3D5C4C5CQCAC2 S7S8S9H4H6H7D4D7DKDAC3 
%00006%change_cards%  34SAC2EE 21D2EE 43H4C3EE 12S3EE
%00006%play%  3C3C4C5EE 4S7S8S9EE 4H7D7EE 2SQHQEE 1S2D2EE 0EE 3EE 4EE 2EE 1EE 1D6M7D8EE 1S4EE 0EE 3D5EE 4H6EE 2C7EE 1C8EE 1H9EE 0EE 3HJEE 4EE 2EE 1EE 3EE 3D3EE 4D4EE 2EE 1DTEE 0EE 3EE 4DKEE 1EE 4EE 4SADAEE 2EE 1EE 0EE 3EE 4EE 4C2EE 2EE 1EE 0EE 3EE 2SJDJCJEE 1EE 0EE 3EE 2EE 2S3H3EE 1EE 0S6C6EE 3EE 2EE 0D9C9EE 0EE 0HKHAH2EE 3EE 2EE 1EE 0EE 0STHTCTEE 3EE 2EE 1EE 3H4EE 2SKEE 1EE 3CAEE 2EE 3EE 3H8EE 3CQEE 2EE 1CKEE 1EE 1DQEE
%00006%result% 40312
%00006%points% 24 19 18 13 31
%00007%mibun% 13420
%00007%seat% 03421
%00007%palyer_cards% S4S6H4H5HTH2D5C3C9J3 S5S7S8STHAD8DJDAD2C6C2 S2H7HJHQHKD3DTC4C7CJCK S3SQSAH3H6D4D6D7C5C8 S9SJSKH8H9D9DQDKCTCQCA 
%00007%change_cards%  24S2HKEE 10D2EE 42S9H8EE 01C3EE
%00007%play%  2H7C7EE 1S8D8EE 1HADAEE 0H2D2EE 3EE 4EE 2EE 1EE 0EE 0L3H4H5EE 3EE 4EE 2EE 1EE 0EE 0S4EE 3C5EE 4CTEE 2CKEE 1C2EE 0EE 3EE 4EE 2EE 1EE 1C3EE 0D5EE 3D7EE 4EE 2DTEE 1DJEE 0EE 3EE 2EE 1EE 1S5EE 0S6EE 3SQEE 4S2EE 2EE 1EE 0EE 3EE 4EE 4SKHKDKEE 2EE 1EE 0EE 3EE 4EE 4H9D9EE 2HJCJEE 1EE 0EE 3EE 4DQCQEE 2EE 4EE 4SJEE 2HQEE 1EE 0EE 3SAEE 4EE 2EE 3EE 3S3H3EE 4EE 2EE 1EE 0EE 3H6D6EE 3EE 3D4EE 4CAEE 2EE 1EE 0EE 3EE 2D3EE 1C6EE 0C9EE 3EE 2EE 1EE 0EE 0HTEE 3EE 2EE 1EE 3C8EE 2C4EE 1S7EE 2H8EE 2S9EE
%00007%result% 40321
%00007%points% 28 20 20 16 36
%00008%mibun% 14320
%00008%seat% 03421
%00008%palyer_cards% S9S2H3HTHKD4DQD2C7C8 S8STSKHQH2D3D7DKC6CTCQ S3S6SJH5H7H9D6D9DAC3J3 S4SQH4H6D5D8DTCJCAC2 S5S7SAH8HJHADJC4C5C9CK 
%00008%change_cards%  14SKH2EE 20J3EE 41S5C4EE 02H3EE
%00008%play%  1STCTEE 0S2D2EE 3EE 4EE 2EE 1EE 0EE 0N6C7C8EE 0D4EE 3D5EE 4EE 2DAEE 1EE 0EE 3EE 2EE 2S3H3C3EE 1EE 0EE 3EE 4EE 2EE 2S6D6EE 1HQCQEE 0EE 3EE 4SKCKEE 2EE 1EE 4SAHAEE 4EE 4HJDJEE 2EE 1EE 0EE 3EE 4EE 4C5EE 2H7EE 1S8EE 1D3EE 0S9EE 3DTEE 4H2EE 2EE 1EE 0EE 3EE 4EE 4S7EE 2SJEE 1EE 0EE 3SQEE 4EE 2EE 3EE 3S4H4EE 4EE 2H9D9EE 1EE 0EE 3EE 2EE 2H5EE 1C6EE 0HTEE 3CJEE 4EE 1DKEE 0EE 3CAEE 1EE 3C2EE 3EE 3H6EE 4H8EE 4C9EE 1EE 0DQEE 3EE 0HKEE 3D8EE
%00008%result% 24031
%00008%points% 31 21 25 18 40
%00009%mibun% 24031
%00009%seat% 01423
%00009%palyer_cards% S3S4S8S9H4H7HTDQDKC8C9 S5SAS2H5HKHAH2D4DJCT S7SJSKH9D5D9C4C7CQCAJ3 S6STSQH8HJD3DTC3C5C6CJ H3H6HQD6D7D8DAD2CKC2 
%00009%change_cards%  12S2H2EE 34SQEE 21D5C4EE 43H3EE
%00009%play%  3H3D3C3EE 0EE 1S5H5D5EE 4EE 2S7L7C7EE 3EE 1EE 2EE 2H9D9EE 3STDTEE 0EE 1SAHAEE 4D2C2EE 2EE 3EE 1EE 4EE 4D6D7D8EE 4SQHQEE 2S2H2EE 3EE 0EE 1EE 4EE 2EE 2SJEE 3EE 0DQEE 1HKEE 4DAEE 2EE 0EE 1EE 4EE 4H6EE 2CQEE 3EE 0DKEE 1EE 4EE 2CAEE 0EE 2EE 2SKEE 3EE 0EE 1EE 4EE 3S6C6EE 0S8C8EE 0S4H4EE 1EE 4EE 3HJCJEE 0EE 3EE 3C5EE 0H7EE 1CTEE 4CKEE 3EE 0EE 1EE 3H8EE 0S9C9EE 1EE 0EE 0S3EE 1DJEE 0EE 1EE 1D4C4EE
%00009%result% 24310
%00009%points% 32 23 30 21 44
%00010%mibun% 43021
%00010%seat% 01423
%00010%palyer_cards% S3SQH5H9D4D5D9DQC3C6C9 S8S9S2H4HJHAD6DAC5CQ S5H3HQH2D7DKC4C8CTCAJ3 S4S6STSKH6HTHKD3D8DJCJ S7SJSAH7H8DTD2C7CKC2 
%00010%change_cards%  02SQDQEE 14S2EE 20H3C4EE 41S7EE
%00010%play%  3S6H6EE 0EE 1HADAEE 4EE 2K2H2EE 3EE 1EE 2EE 2SQHQDQEE 3EE 0EE 1EE 4S2D2C2EE 2EE 4EE 4H7C7EE 2EE 3STHTEE 0EE 1EE 4EE 3DJCJEE 3SKHKEE 3EE 3D3EE 0C6EE 1HJEE 4CKEE 2CAEE 3EE 0EE 1EE 4EE 2EE 2S5EE 3D8EE 3S4EE 0EE 1C5EE 4H8EE 4DTEE 2DKEE 0EE 1EE 4EE 2EE 2D7EE 0EE 1CQEE 4SAEE 2EE 1EE 4EE 4SJEE 2EE 0EE 1EE 2C8EE 2CTEE 0EE 1EE 0S3H3C3EE 1EE 0H9D9C9EE 0EE 0D4C4EE 1EE 0H5D5EE
%00010%result% 34201
%00010%points% 34 24 33 26 48
%00011%mibun% 34201
%00011%seat% 01423
%00011%palyer_cards% S9SQS2H4H8HTC3C5C6CTCJ S3S8STSJH3HKHADAC7C9J3 S5H6H9H2D7D8DQD2CKC2 S6S7SKSAH5H7HJD6DKCQCA S4HQD3D4D5D9DTDJC4C8 
%00011%change_cards%  13HAJ3EE 04S2EE 31S6H5EE 40D3EE
%00011%play%  0D3C3EE 1EE 4EE 2EE 3S7H7EE 0HTCTEE 3SKDKEE 0EE 3EE 3CQNKCAEE 0EE 1EE 4EE 2EE 3EE 3SAHAEE 0EE 1EE 4EE 2EE 3EE 3D6EE 0H8EE 0H4EE 1H5EE 4HQEE 2EE 3EE 0EE 1HKEE 4EE 1EE 1S3H3EE 4EE 2EE 3EE 0EE 1EE 1S6EE 4C8EE 4D9DTDJEE 2EE 3EE 0EE 1EE 4EE 4S4D4C4EE 2H2D2C2EE 3EE 0EE 1EE 4EE 2EE 2S5EE 3HJEE 0SQEE 1DAEE 4S2EE 2EE 0EE 1EE 4EE 4D5EE 2H6EE 0S9EE 1STEE 2EE 0EE 1SJEE 1EE 1C7EE 2D8EE 2D7EE 0CJEE 1EE 2DQEE 0EE 2CKEE 2EE 2H9EE 0EE 1EE 0C5EE 1S8EE 1C9EE
%00011%result% 34210
%00011%points% 35 26 36 31 52
%00012%mibun% 43201
%00012%seat% 34021
%00012%palyer_cards% S4S7S9SJHKDQDAC3C8CTCJ STH3H9HJD6D9DJDKC5C2 S5SQSKH4H8D4D8DTC9J3 S3S2H5H6HAH2D5D7C4C6CQ S6S8SAH7HTHQD3D2C7CKCA 
%00012%change_cards%  03HKDAEE 14C2EE 30S3C4EE 41D3EE
%00012%play%  1H3D3EE 3H5D5EE 4EE 0EE 2H8D8EE 2KJSQSKEE 1EE 3EE 4EE 0EE 2EE 2H4D4EE 1H9D9EE 3HADAEE 4EE 0EE 2EE 1EE 3EE 3H6C6EE 4H7C7EE 0EE 2EE 1EE 3EE 4EE 4CKCAC2EE 0EE 2EE 1EE 3EE 4EE 4S6EE 0S7EE 2EE 1STEE 3EE 4SAEE 0EE 1EE 4EE 4S8EE 4HTEE 0DQEE 2EE 1DKEE 3EE 4D2EE 0EE 1EE 4EE 4HQEE 0EE 2EE 1EE 3HKEE 3EE 3S2H2EE 0EE 2EE 1EE 3EE 3D7EE 0C8EE 0S3C3EE 2EE 1HJDJEE 3EE 0EE 1EE 1C5EE 3CQEE 0EE 2EE 1EE 0S4C4EE 2EE 1EE 0SJCJEE 0EE 0S9EE 2DTEE 1EE 0EE 2EE 2S5EE 1D6EE 0CTEE
%00012%result% 43102
%00012%points% 37 29 37 35 57
%00013%mibun% 32410
%00013%seat% 34021
%00013%palyer_cards% SJS2H8H9HJH2DKC4C7CQCK S4H3D4D8D9DQDAD2C3CA S6H5H6H7HTD7DTDJCJC2J3 S7S8STSQSKSAHKD3D6C6 S3S5S9H4HQHAD5C5C8C9CT 
%00013%change_cards%  24C2J3EE 03S2EE 42S3H4EE 30D3EE
%00013%play%  0SJHJEE 2EE 1DACAEE 3EE 4K2C2EE 0EE 1EE 4EE 4C8C9CTEE 4S5D5C5EE 0EE 2EE 1EE 3EE 4EE 4S9EE 0CQEE 2EE 1D2EE 3EE 4EE 0EE 1EE 1H3C3EE 3D6C6EE 4EE 0DKCKEE 2EE 1EE 3EE 0EE 0D3EE 2EE 1D8EE 1S4D4EE 3SKHKEE 4EE 0EE 2EE 1EE 3EE 3S7EE 4HQEE 0H2EE 2EE 1EE 3EE 4EE 0EE 0C4EE 2EE 1D9EE 3STEE 4HAEE 0EE 1EE 3S2EE 3EE 3S8EE 3SQEE 0EE 2EE 1EE 3SAEE 0C7EE 2EE 1DQEE 0EE 0H8EE 0H9EE
%00013%result% 43102
%00013%points% 39 32 38 39 62
%00014%mibun% 32410
%00014%seat% 34021
%00014%palyer_cards% S4S8S9STSAH5H7D3D7DQCK S5S7SKH3HQH2D9DAC5C2 SJH4H8HJD5D2C4C7CJCQJ3 S3S6SQS2H9HTHADTDJDK H6HKD4D6D8C3C6C8C9CTCA 
%00014%change_cards%  24D2J3EE 03SAEE 42D4C3EE 30S3EE
%00014%play%  0S8S9STEE 0S3D3EE 2EE 1S5C5EE 3HTDTEE 4KKHKEE 0EE 1H2C2EE 3EE 4EE 1EE 1H3EE 3S6EE 4CAEE 0EE 2EE 1EE 3S2EE 4EE 3EE 3SAHAEE 4EE 0EE 2EE 1EE 3EE 3H9EE 4D2EE 0EE 2EE 1EE 3EE 4EE 4C8C9CTEE 4H6D6C6EE 0EE 2SJHJCJEE 1EE 3EE 4EE 2EE 2H4D4C4EE 1EE 3EE 4EE 0EE 2EE 2C3EE 1S7EE 3DJEE 4EE 0DQEE 2EE 1DAEE 3EE 0EE 1EE 1D9EE 3SQEE 4EE 0CKEE 2EE 1EE 3EE 0EE 0H7D7EE 2EE 1EE 3EE 4EE 0EE 0S4EE 2D5EE 1HQEE 3DKEE 4EE 0EE 2EE 1EE 4D8EE 0H5EE 2C7EE 1SKEE
%00014%result% 34012
%00014%points% 42 34 39 44 66
%00015%mibun% 23401
%00015%seat% 43210
%00015%palyer_cards% S8SJSAH6HTDKDAC8CKC2 S5S7H4H7H9HQD8DJC4C6CQ STS2H3HJH2D4D7D2C9CJCA S3S6S9H8HKHAD3DTDQC3C5 S4SQSKH5D5D6D9C7CTJ3 
%00015%change_cards%  23S2H2EE 14HQEE 32S3D3EE 41S4EE
%00015%play%  2S3H3D3EE 1S4H4C4EE 0EE 4K5H5D5EE 3EE 2EE 1EE 4EE 4SQHQEE 3S2H2EE 2EE 1EE 0EE 4EE 3EE 3C3EE 2D4EE 1S5EE 0H6EE 4C7EE 3H8EE 3C5EE 2D7EE 1D8EE 1S7H7EE 0S8C8EE 0DKCKEE 4EE 3EE 2EE 1EE 0SADAEE 0EE 0HTEE 4SKEE 3HAEE 2D2EE 1EE 0EE 4EE 3EE 2EE 2HJCJEE 1EE 0EE 4EE 3EE 2EE 2C9EE 1DJEE 0C2EE 4EE 3EE 2EE 1EE 0EE 0SJEE 4EE 3DQEE 2CAEE 1EE 3EE 2EE 2STEE 1CQEE 4EE 3HKEE 1EE 3EE 3S6EE 1H9EE 4CTEE 3EE 1EE 4EE 4D6EE 3S9EE 1EE 4EE 3DTEE 1C6EE
%00015%result% 02314
%00015%points% 47 36 43 47 67
%00016%mibun% 03124
%00016%seat% 43210
%00016%palyer_cards% S4S5SAH7HTHQHKC3C6C9CJ STSJSQH4D3DTDAD2C4CQ S6S8S9H3D7D8DKC5C8J3 S7SKH5H9HJHAD5D9C7CKC2 S3S2H6H8H2D4D6DJDQCTCA 
%00016%change_cards%  40S2H2EE 12D2EE 04S4C3EE 21H3EE
%00016%play%  1STSJSQEE 0EE 4EE 3EE 2DKMAD2EE 1EE 2EE 2S8D8C8EE 2C5EE 1DTEE 0CJEE 4DQEE 3HAEE 2EE 1EE 0EE 4EE 3C2EE 3EE 3H5D5EE 2EE 1EE 0S2H2EE 4EE 3EE 0EE 0S5EE 4H8EE 4S3C3EE 3S7C7EE 2EE 1EE 0EE 4EE 3SKCKEE 3EE 3H9D9EE 2EE 1EE 0EE 4EE 3EE 3HJEE 2EE 1CQEE 0HKEE 4CAEE 1EE 0EE 4EE 4S4D4EE 2EE 1EE 0EE 4H6D6EE 4EE 4CTEE 2EE 1DAEE 0EE 4EE 1EE 1H3D3EE 0EE 4EE 2EE 1H4C4EE 0C6EE 4DJEE 2EE 0HQEE 0SAEE 0EE 0H7EE 2S9EE 0HTEE 2EE 0EE 0C9EE
%00016%result% 31402
%00016%points% 49 40 44 52 70
%00017%mibun% 31402
%00017%seat% 43210
%00017%palyer_cards% S5SKHAD3D4D9C7C9CJJ3 S3S4S8SJSQH4H5D7DAC3CA S6S9STS2H9HTHQD6DQC6CQ S7SAH7H8D8DJDKD2C4C5C8 H3H6HJHKH2D5DTCTCKC2 
%00017%change_cards%  23S2HQEE 01J3EE 32C4C5EE 10S3EE
%00017%play%  0S3D3EE 4DTCTEE 3S2D2EE 2EE 1EE 0EE 4EE 3EE 3H8D8C8EE 3S7H7EE 2S9H9EE 1SJLJEE 0EE 4EE 3EE 2EE 1EE 1S4H4EE 0D9C9EE 4HKCKEE 3EE 2EE 1DACAEE 0EE 4H2C2EE 1EE 4EE 4H3EE 3DJEE 2EE 1SQEE 0SKEE 4EE 3SAEE 1EE 0EE 3EE 3HQEE 2EE 1EE 0HAEE 4EE 3EE 0EE 0D4EE 4D5EE 3DKEE 2EE 1EE 0EE 4EE 2C4C5C6EE 1EE 0EE 4EE 2EE 2S6D6EE 1EE 0EE 4EE 2STHTEE 2DQCQEE 1C3EE 0S5EE 4H6EE 1D7EE 0CJEE 4EE 1EE 0EE 0C7EE 4HJEE
%00017%result% 32041
%00017%points% 52 41 48 57 72
%00018%mibun% 24103
%00018%seat% 12304
%00018%palyer_cards% S7S8S2H7H8H9HJHQD9C4C6 S3S4SKSAH4HAD6C8CKJ3 S9STSJSQH3DTD2C3C9CJ S5S6HTH2DJDQDAC5CTCAC2 H5H6HKD3D4D5D7D8DKC7CQ 
%00018%change_cards%  13SAJ3EE 42HKEE 31S5C5EE 24H3EE
%00018%play%  4D3D4D5EE 1EE 2STSJSQEE 3NKCAC2EE 0EE 4EE 2EE 3EE 3HTCTEE 0EE 4EE 1SKCKEE 2EE 3SADAEE 1EE 3EE 3S6EE 0HJEE 4CQEE 1HAEE 2D2EE 3EE 0EE 4EE 1EE 2EE 2S9C9EE 3EE 0EE 4EE 1EE 2EE 2C3EE 3DJEE 0HQEE 4DKEE 1EE 2EE 3H2EE 0EE 4EE 3EE 3DQEE 0S2EE 4EE 1EE 2EE 0EE 0H7H8H9EE 0C4EE 4H5EE 1D6EE 2DTEE 0EE 4EE 1EE 2EE 2CJEE 0EE 4EE 1EE 2HKEE 0C6EE 4D8EE 4D7C7EE 1EE 0EE 4EE 4H3EE 1C8EE 1S3S4S5EE 0EE 4EE 1EE 1H4EE 0S7EE 4EE 1EE 0S8EE 0D9EE 4EE 1EE 4H6EE
%00018%result% 32041
%00018%points% 55 42 52 62 74
%00019%mibun% 24103
%00019%seat% 12304
%00019%palyer_cards% S4S7S9H3H6HKD3D9DKC5J3 S6SKHJD4D6DJDQC3C4CJ SJH5H8H9HQHAH2DTDAC7 S5S8STS2H7D7D8C8C9CKCA S3SQSAH4HTD5D2C6CTCQC2 
%00019%change_cards%  13SKDQEE 42D2EE 31S5H7EE 24H5EE
%00019%play%  0S7K8S9EE 0H3D3EE 4H5D5EE 1HJDJEE 2HADAEE 3EE 0EE 4EE 1EE 2H2D2EE 2EE 2C7EE 3C9EE 0EE 4C2EE 1EE 2EE 3EE 4EE 4HTCTEE 1EE 2EE 3SKCKEE 0EE 4EE 3EE 3S8D8C8EE 3D7EE 0D9EE 4EE 1EE 2DTEE 3DQEE 0EE 2EE 3EE 3STEE 0EE 4SAEE 1EE 2EE 3S2EE 4EE 3EE 3CAEE 0EE 4EE 1EE 2EE 0HKDKEE 4EE 1EE 2EE 0EE 0S4EE 4C6EE 1H7EE 2H8EE 2H9EE 0EE 4EE 1CJEE 2HQEE 1EE 2EE 2SJEE 0EE 4EE 1EE 0C5EE 4EE 1EE 0H6EE 4SQCQEE 1EE 4EE 4S3EE 1S5EE 4EE 1EE 1D4C4EE 4EE 1S6D6EE 1EE 1C3EE
%00019%result% 32014
%00019%points% 58 44 56 67 75
%00020%mibun% 23104
%00020%seat% 12304
%00020%palyer_cards% S7SAH4HJD4DQD2C4C8CQCA S3S6SQH6H9HQD7D8DJDA S8H7HTHAH2D5DTC6C7CK S5STH3H8HKD3C5C9CTCJJ3 S4S9SJSKS2H5D6D9DKC3C2 
%00020%change_cards%  43S2C2EE 12DAEE 34H3D3EE 21D5EE
%00020%play%  4H3D3C3EE 1EE 2EE 3S5L5C5EE 0EE 4EE 3EE 3C9CTCJEE 0EE 4EE 1EE 2EE 3EE 3S2C2EE 0EE 4EE 1EE 2EE 3EE 3H8EE 3STEE 0HJEE 4EE 1EE 2CKEE 3EE 0D2EE 2EE 0EE 0H4D4C4EE 4EE 1EE 2EE 3EE 0EE 0DQCQEE 4SKDKEE 1EE 2HADAEE 3EE 0EE 4EE 2EE 2H7C7EE 3EE 0SACAEE 4EE 1EE 2EE 0EE 0S7EE 4SJEE 1EE 2EE 3EE 0EE 4EE 4S9D9EE 1SQHQEE 2EE 3EE 0EE 4EE 1EE 1S6H6EE 2HTDTEE 3EE 0EE 4EE 1EE 2EE 2C6EE 3HKEE 0EE 4EE 1EE 2H2EE 2EE 2S8EE 0C8EE 4S4EE 1D5EE 4D6EE 1D7EE 4EE 1D8EE 1S3EE 4H5EE
%00020%result% 32041
%00020%points% 61 45 60 72 77
%00021%mibun% 24103
%00021%seat% 14230
%00021%palyer_cards% S7S9STS2H6H8HQD6D9CJJ3 S6SJSQH4H7H9HTHJDTC4C7 S8SAHKD5DQDKC3C8CTCA S3S4S5H5HAH2D3D4D7C6CQ SKH3D8DJDAD2C5C9CKC2 
%00021%change_cards%  13SJSQEE 42D2EE 31S3D3EE 24C3EE
%00021%play%  1H9HTHJEE 4EE 2EE 3EE 0EE 1EE 1S3D3EE 4SKCKEE 2SACAEE 3EE 0S2N2EE 1EE 4EE 2EE 0EE 0H6D6EE 1H7C7EE 4EE 2S8C8EE 2HKDKEE 3EE 0EE 1EE 4EE 2EE 2D5EE 3C6EE 0S7EE 1DTEE 4DJEE 2DQEE 3EE 0EE 1EE 4DAEE 2D2EE 4EE 2EE 2CTEE 3SJEE 0HQEE 1EE 4C2EE 3EE 0EE 4EE 4H3C3EE 3S4D4EE 0S9D9EE 1EE 4EE 3EE 0EE 0H8EE 0STEE 1EE 4EE 3HAEE 0EE 3H2EE 3EE 3S5H5EE 0EE 1EE 4EE 3SQCQEE 3EE 3D7EE 0CJEE 1EE 4EE 1H4C4EE 4EE 1EE 1S6EE
%00021%result% 23014
%00021%points% 64 47 65 76 78
%00022%mibun% 23014
%00022%seat% 14230
%00022%palyer_cards% H3H7H8D9DTDAC3C4CTCKCA S3S6SJSAH6HQD4C6C7C8 SQSKHTHJHKH2D7D8DQC5C2 S5S8S9STHAD3D6DJDKD2CQ S4S7S2H4H5H9D5C9CJJ3 
%00022%change_cards%  42S2J3EE 13SAEE 24D7C5EE 31D3EE
%00022%play%  1C6C7C8EE 1S3D3EE 4S4H4EE 2SQDQEE 3SAHAEE 0EE 1EE 4EE 2EE 3EE 3S8S9STEE 3S5EE 0H7EE 1SJEE 4EE 2KxEE 3EE 0EE 1EE 2EE 2S2H2C2EE 3EE 0EE 1EE 4EE 2EE 2SKHKEE 3EE 0DACAEE 1EE 4EE 2EE 0EE 0H3C3EE 1S6H6EE 4S7D7EE 2EE 3EE 0DTCTEE 1EE 4EE 0EE 0C4EE 1HQEE 4EE 2EE 3DKEE 0EE 1EE 3D2EE 3EE 3D6EE 0H8EE 0D9EE 1EE 4CJEE 2EE 3CQEE 0CKEE 4EE 3EE 1D4EE 4EE 2D8EE 2HTEE 3DJEE 4EE 2EE 4H5D5C5EE 2EE 4EE 4H9C9EE
%00022%result% 01342
%00022%points% 69 51 66 79 80
%00023%mibun% 01423
%00023%seat% 14230
%00023%palyer_cards% S3S4S5STH2DAC3C6C7CJCQ S7S9SKH4H8D9DTDKD2C4C5 S6SQSAH6H7HTHKD4D7C2 SJS2H9HJHADJC9CTCAJ3 S8H3H5HQD3D5D6D8DQC8CK 
%00023%change_cards%  20SAC2EE 41CKEE 02S3C3EE 14H4EE
%00023%play%  4H3H4H5EE 2EE 3N8C9CTEE 3SJHJDJEE 0EE 1SKDKCKEE 4EE 2EE 3EE 1EE 1S9D9EE 4HQDQEE 2EE 3HACAEE 0H2C2EE 1EE 4EE 3EE 0EE 0SADAEE 1EE 4EE 2EE 3EE 0EE 0S4EE 1C5EE 4D6EE 2HTEE 3S2EE 0EE 1EE 4EE 2EE 3EE 3H9EE 0STEE 1D2EE 4EE 2EE 0EE 1EE 1C4EE 4D5EE 2SQEE 0EE 1EE 4EE 2HKEE 2EE 2S3C3EE 0EE 1EE 4EE 2S6H6EE 2H7D7EE 2EE 2D4EE 0S5EE 1S7EE 4EE 0EE 1EE 1H8EE 1DTEE 4EE 0CJEE 0CQEE 0EE 0C6EE 4EE 0C7EE
%00023%result% 32104
%00023%points% 71 54 70 84 81
%00024%mibun% 32104
%00024%seat% 14203
%00024%palyer_cards% S8S9S2H6HKDQDAC3C6C8 STSJH4H5H7HAD6D8D9CTCQ S3S4S6S7SQSKSAHQC5CA H8H9HJH2D4DJD2CJCKC2J3 S5H3HTD3D5D7DTDKC4C7C9 
%00024%change_cards%  43HTDKEE 02S2EE 34H8D4EE 20S3EE
%00024%play%  4D3D4D5EE 2SKSAS2EE 0EE 3EE 1EE 4EE 2EE 2SQHQEE 0EE 3DKCKEE 1EE 4EE 2EE 3EE 3L8H9HTHJEE 3H2D2C2EE 1EE 4EE 2EE 0EE 3EE 3DJCJEE 1EE 4EE 2EE 0EE 1STCTEE 4EE 2EE 0EE 1EE 1H4EE 4S5EE 2S6EE 0S9EE 1SJEE 4EE 2EE 0EE 1EE 1H5EE 4H8EE 4D7C7EE 2EE 0S8C8EE 0S3C3EE 1EE 4EE 2EE 0H6C6EE 0EE 0DQEE 1HAEE 4EE 2EE 0EE 1EE 1D6EE 4C9EE 2CAEE 0EE 1EE 4EE 2EE 2S4EE 0HKEE 1EE 4EE 2EE 0DAEE 1H7EE 4DTEE 2EE 1CQEE 4EE 1EE 1D8EE 1D9EE 4EE 2EE 4H3EE 2C5EE 4EE 2S7EE
%00024%result% 30124
%00024%points% 75 57 72 89 82
%00025%mibun% 12304
%00025%seat% 14203
%00025%palyer_cards% S6SJH8HTHAD3D9D2CJCA S4SKH6H7H9DTDJDQDKC6C2 S3S5S7STH2D4D8DAC3CT S9SQH3H4H5HJD6D7C4C8CK S8SAS2HQHKD5C5C7C9CQJ3 
%00025%change_cards%  43S2J3EE 20H2EE 34H3H4EE 02D3EE
%00025%play%  2S3D3C3EE 0EE 3EE 1EE 4EE 2EE 2STCTEE 0SJCJEE 3SQNQEE 1EE 4EE 2EE 0EE 3EE 3C4EE 1H7EE 4S8EE 4D5C5EE 2EE 0HACAEE 3EE 1EE 4EE 0H2D2EE 0EE 0S6EE 3D7EE 1H9EE 4HKEE 2EE 0EE 3EE 1EE 4EE 4HQCQEE 2EE 0EE 3EE 1SKDKEE 4EE 1EE 1DTDJDQEE 4EE 2EE 0EE 3EE 1EE 1H6C6EE 4EE 2EE 0EE 3EE 1EE 1S4EE 4C7EE 2D8EE 2D4EE 0H8EE 0D9EE 3HJEE 1C2EE 4EE 2EE 0EE 3EE 4H3EE 2S5EE 0HTEE 3CKEE 4SAEE 2EE 3S2EE 4EE 3EE 3H5EE 4C9EE 2DAEE 3EE 4EE 2EE 2S7EE 3C8EE 3D6EE 4EE 3S9EE
%00025%result% 10234
%00025%points% 79 62 75 91 83
%00026%mibun% 10234
%00026%seat% 14203
%00026%palyer_cards% S5S9SJS2H3H4HJD4C3C7 S7STH8HAD3D5D6D7DQC5CJ S3S6S8H6HKDTDKD2C6CTJ3 SKSAH9HTHQDJDAC9CQCK S4SQH5H7H2D8D9C4C8CAC2 
%00026%change_cards%  41H2C2EE 30SAEE 14D3D5EE 03H3EE
%00026%play%  4S4C4EE 2DTCTEE 0SJHJEE 3HQCQEE 1H2C2EE 4EE 2EE 0EE 3EE 1EE 1S7D7EE 4D8C8EE 4H5D5EE 2HKDKEE 0EE 3EE 1EE 4EE 2L2D2EE 2EE 2S6H6C6EE 0EE 3EE 1EE 4EE 2EE 2S3EE 0S5EE 3EE 1STEE 4SQEE 2EE 0SAEE 1EE 4EE 0S2EE 0EE 0H4D4EE 3H9C9EE 1EE 4EE 2EE 0EE 3SKCKEE 3EE 3H3EE 1C5EE 4H7EE 2S8EE 0C3EE 3HTEE 1CJEE 4CAEE 0EE 3EE 1EE 4EE 4D3EE 0C7EE 3DJEE 1DQEE 4EE 0EE 3DAEE 1EE 1D6EE 4D9EE 0EE 1EE 0S9EE
%00026%result% 23401
%00026%points% 81 63 80 95 86
%00027%mibun% 34012
%00027%seat% 04231
%00027%palyer_cards% H6H9HTH2DKC7C8C9CJCA S4S5STSQSKSAHQHKD4D2C5 S6S9SJH3H5H7D5D7C4CQJ3 S7S2H4HJD3DTDJDQDAC6CK S3S8H8HAD6D8D9C3CTC2 
%00027%change_cards%  12SAD2EE 03H2EE 21H3C4EE 30D3EE
%00027%play%  0C7C8C9EE 0D3EE 4D6EE 2D2EE 3EE 1EE 0EE 4EE 2KxEE 2EE 2H5D5EE 3HJDJEE 1EE 0EE 4EE 2EE 3EE 3S2H2EE 1EE 0EE 4EE 2EE 3EE 3H4EE 1STEE 0CJEE 4HAEE 2EE 3EE 1EE 0EE 4C2EE 4EE 4S8H8D8EE 4S3C3EE 2H7D7EE 3EE 1SQHQEE 0EE 4EE 2EE 1SKHKEE 1EE 1S4D4C4EE 0EE 4EE 2EE 3EE 1EE 1S5C5EE 0EE 4EE 2EE 3EE 1EE 1H3EE 0H6EE 4EE 2EE 3EE 0H9EE 0HTEE 0EE 0DKEE 4EE 2SAEE 3EE 0EE 2EE 2S6EE 3S7EE 0EE 4EE 2S9EE 3EE 2SJEE 2EE 2CQEE 3CKEE 0CAEE 4EE 3EE 4D9EE 3DTEE 4EE 3DQEE 3DAEE 3EE 3C6EE
%00027%result% 12034
%00027%points% 84 68 84 97 87
%00028%mibun% 20134
%00028%seat% 04231
%00028%palyer_cards% SAS2H3H5H6H2DAC4C6C8CA S4S8S9H8HTHKD3D5DTC7J3 S5STHJHQD7D9DKC5C9CK S6SQH7H9HADJDQCJCQC2 S3S7SJSKH4D4D6D8D2C3CT 
%00028%change_cards%  41SKD2EE 32C2EE 14S4D3EE 23S5EE
%00028%play%  4S3D3C3EE 2EE 3SQDQCQEE 1EE 0SADACAEE 4EE 3EE 0EE 0H6C6EE 4EE 2D9C9EE 3DJCJEE 1D2N2EE 0EE 2EE 3EE 1EE 1S8H8EE 1HTDTEE 0S2H2EE 4EE 2EE 3EE 1EE 0EE 0H3EE 4D6EE 2D7EE 3EE 1EE 0EE 4D8EE 4S4H4D4EE 2EE 3EE 1EE 0EE 4EE 4S7EE 2STEE 3EE 1EE 0EE 4SJEE 2EE 4EE 4CTEE 2HJEE 3HAEE 1EE 0EE 2EE 3EE 3S5EE 1C7EE 0C8EE 0C4EE 2C5EE 3EE 1EE 0EE 2C2EE 2EE 2DKCKEE 3EE 1EE 0EE 2EE 2HQEE 3EE 1EE 0EE 3S6EE 1S9EE 0EE 3EE 1EE 1SKHKEE 0EE 3EE 1EE 1D5EE 0EE 3H7EE 3H9EE
%00028%result% 42130
%00028%points% 85 71 88 99 92
%00029%mibun% 42130
%00029%seat% 04231
%00029%palyer_cards% S5S6S8D4D9DTD2C8C9CK S9H8HKH2D7D8DJDAC6C2 S3STH4H6D3D6DQC3C5CTCA SKSAH3H5H7HTHJHQD5C7J3 S4S7SJSQS2H9HADKC4CJCQ 
%00029%change_cards%  04D2CKEE 32J3EE 40S4C4EE 23S3EE
%00029%play%  2C3N4C5EE 3HTHJHQEE 1EE 0EE 4EE 2EE 3EE 3S3H3EE 1H8D8EE 1H2C2EE 0EE 4EE 2EE 3EE 1EE 1C6EE 0DTEE 4HAEE 2EE 3EE 1EE 0EE 4EE 4CJCQCKEE 2EE 3EE 1EE 0EE 4EE 4S2D2EE 2EE 3EE 1EE 0EE 4EE 4S7EE 2DQEE 3SKEE 1DAEE 0EE 4EE 2EE 3EE 1EE 1D7EE 0EE 4H9EE 2CAEE 3EE 1EE 4EE 2EE 2H6D6EE 3H7C7EE 1EE 0S8C8EE 0S4S5S6EE 4EE 2EE 3EE 1EE 0EE 0D4C4EE 4EE 2STCTEE 3EE 1EE 0EE 2EE 2D3EE 3SAEE 1EE 0EE 4EE 2EE 3EE 3H5D5EE 1EE 0D9C9EE 4EE 2EE 4SJEE 2EE 1HKEE 4EE 1EE 1S9EE 4SQEE 2EE 1EE 4EE 4DKEE 2EE 1EE 2H4EE
%00029%result% 30421
%00029%points% 89 72 90 104 95
%00030%mibun% 14302
%00030%seat% 01324
%00030%palyer_cards% S6SJSAH3H5H8HQH2C3CQ H4HTHJHKD6D8DQD2C4CA S8S9SQS2H6HAD5DKDAC5C2 S5D3D4D7D9DTC6C7C8C9J3 S3S4S7STSKH7H9DJCTCJCK 
%00030%change_cards%  13D2CAEE 20S2EE 31D3D4EE 02H3EE
%00030%play%  1H4D4C4EE 3K7D7C7EE 2EE 4EE 0EE 1EE 3EE 3D9C9EE 2HADAEE 4EE 0S2H2EE 1EE 3EE 2EE 0EE 0HQCQEE 1EE 3EE 2EE 4SKCKEE 0EE 4EE 4S7H7EE 0EE 1EE 3EE 2EE 4STCTEE 4DJCJEE 4EE 4S3EE 0H5EE 1D6EE 3C8EE 3S5EE 2H6EE 4H9EE 0EE 1HTEE 3EE 2EE 4EE 1HJEE 1HKEE 1EE 1D3EE 3C6EE 2S8EE 2D5C5EE 4EE 0EE 1EE 3EE 2EE 2H3EE 4S4EE 0S6EE 1EE 3EE 2S9EE 0SJEE 2SQEE 0SAEE 2EE 0EE 0C3EE 1D8EE 1DQEE 3CAEE 2C2EE 0EE 3EE 2EE 2DKEE 0EE 3D2EE 3EE 3DTEE
%00030%result% 41230
%00030%points% 90 76 93 106 100
%00031%mibun% 41230
%00031%seat% 01324
%00031%palyer_cards% SQH9HQHKHAH2D7DJC7C8CJ S5H7DKDAC3C4C6C9CQC2J3 S3S4S6S7SJSKSAHTHJCK S9H3H4H5H6D3D6D8DTDQ S8STS2H8D4D5D9D2C5CTCA 
%00031%change_cards%  04HAH2EE 31DQEE 40D4D5EE 13C3EE
%00031%play%  3H3H4H5H6EE 2EE 4EE 0EE 1MJDQDKDAEE 3EE 1EE 1C4EE 3D6EE 2S7EE 4D9EE 0HKEE 1C2EE 3EE 2EE 4EE 0EE 1EE 1S5EE 3D8EE 3D3C3EE 2SJHJEE 4HACAEE 0EE 1EE 3EE 2EE 4EE 4S2H2D2EE 0EE 1EE 3EE 2EE 4EE 4S8H8EE 4STCTEE 0DJCJEE 1EE 3EE 2SKCKEE 4EE 0EE 2EE 2S3EE 4C5EE 0C8EE 0D7C7EE 1EE 3EE 2EE 0SQHQEE 0EE 0D4EE 1C6EE 3S9EE 2HTEE 0EE 1CQEE 3EE 2SAEE 1EE 2EE 2S4EE 0D5EE 1H7EE 3DTEE 2EE 0EE 1EE 2S6EE 0H9EE
%00031%result% 43201
%00031%points% 92 77 96 110 105
%00032%mibun% 34210
%00032%seat% 01324
%00032%palyer_cards% S7S9H3H4H5H8HTD7D2C4C9 S3S8STSQSKH6HKD4D6C5CT S2H9HAD3D5DTC3C7CQCK S4S6SJH7HQH2D8D9DKCA S5SAHJDJDQDAC6C8CJC2J3 
%00032%change_cards%  14SKHKEE 03D2EE 41S5C6EE 30S4EE
%00032%play%  2D3C3EE 4SKHKEE 0EE 1EE 3H2D2EE 2EE 4EE 3EE 3S6EE 2C7EE 4C8EE 4DJDQMKDAEE 0EE 1EE 3EE 2EE 4EE 4HJCJEE 0EE 1EE 3EE 2EE 4EE 4SAEE 0EE 1EE 3EE 2S2EE 4EE 2EE 2D5EE 4C2EE 0EE 1EE 3EE 2EE 0H3H4H5EE 1EE 3EE 2EE 0EE 0S4C4EE 1S5C5EE 3EE 2EE 0S9C9EE 1STCTEE 0EE 1EE 1H6D6C6EE 3EE 2EE 0EE 1EE 1S3EE 3H7EE 2H9EE 0HTEE 1EE 3HQEE 2HAEE 0EE 3EE 2EE 2DTEE 0EE 1SQEE 3DKEE 2EE 1EE 3CAEE 3EE 3D8EE 3D9EE 2CQEE 0EE 1EE 3EE 2CKEE 0S7D7EE 1EE 3EE 0EE 0H8EE 1D4EE 3SJEE
%00032%result% 42031
%00032%points% 95 78 100 112 110
%00033%mibun% 24130
%00033%seat% 23014
%00033%palyer_cards% S3H4HTH2D9DTDAD2CTC2 S6S8SQH7HADQC3C4C6C8 S9STS2H8HJHQD4D6D8C7J3 S7SJSKH5HKD5D7DKC9CJCA S4S5SAH3H6H9D3DJC5CQCK 
%00033%change_cards%  14SQHAEE 32CAEE 41H3D3EE 23D4EE
%00033%play%  1H3D3C3EE 4EE 2K8H8D8EE 2D6EE 3C9EE 0DAEE 1EE 4EE 2S2EE 3EE 0EE 2EE 2C7EE 3EE 0D9EE 1DQEE 4EE 2EE 0EE 1EE 1S6C6EE 4SQCQEE 2EE 3EE 0EE 1EE 4EE 4S5C5EE 2EE 3S7D7EE 0EE 1S8C8EE 1C4EE 4H6EE 2S9EE 3EE 0EE 1EE 4DJEE 2HQEE 4CKEE 2CAEE 4EE 2EE 2STEE 3EE 0EE 1EE 4EE 2HJEE 3SKHKDKEE 0H2D2C2EE 1EE 4EE 3EE 0EE 0HTDTCTEE 1EE 4EE 3EE 0EE 0S3EE 1H7EE 4H9EE 3EE 0EE 4EE 4SAHAEE 3EE 0EE 4EE 4S4EE 3EE 0EE 3H5D5EE 0EE 3SJCJEE 3EE 3D4EE
%00033%result% 21430
%00033%points% 96 82 105 114 113
%00034%mibun% 41032
%00034%seat% 23014
%00034%palyer_cards% S4H4H8D5DJDQDKC6C8C9C2 S6S7SKH5H9HTHAH2C4C5 S9SAH6HJHKDTDAD2C3CAJ3 S3STSJSQH3H7HQD3C7CJCQ S5S8S2D4D6D7D8D9CTCK 
%00034%change_cards%  02DKC2EE 31SQEE 20H6C3EE 13C4EE
%00034%play%  3S3H3D3EE 0EE 1EE 4EE 2SADACAEE 3EE 2K2D2C2EE 2EE 2HKDKEE 3EE 0EE 1EE 4EE 2EE 2S9EE 3STEE 0EE 1SQEE 4S2EE 2EE 3EE 1EE 4EE 4D6D7D8D9EE 4D4EE 2DTEE 3EE 0DJEE 1EE 4EE 2EE 0DQEE 0EE 0S4H4EE 1H5C5EE 4EE 2EE 3H7C7EE 0H8C8EE 0H6C6EE 1EE 4EE 2EE 3SJCJEE 0EE 3HQCQEE 3EE 3C4EE 0D5EE 1S6EE 4S8EE 4S5EE 2HJEE 0EE 1SKEE 4EE 1HAEE 1H2EE 1EE 1S7EE 4CTEE 0EE 1EE 4CKEE 0C3EE 1H9EE 0EE 1HTEE
%00034%result% 32410
%00034%points% 97 84 109 119 116
%00035%mibun% 43102
%00035%seat% 23014
%00035%palyer_cards% STH5H8HTD3D8D9DAC7C2J3 S7S9SQH4HQH2D5DTC5C9CQ SAH9HKD6DJD2C6CTCJCK S3S5S8SKS2HJHAD4DQC8CA S4S6SJH3H6H7D7DKC3C4 
%00035%change_cards%  03C2J3EE 12H2EE 30S3D4EE 21D6EE
%00035%play%  0S3D3EE 1D5C5EE 4S6H6EE 2DJCJEE 3HACAEE 0EE 1EE 4EE 2H2D2EE 3EE 2EE 2HKCKEE 3S2C2EE 0EE 1EE 4EE 2EE 3EE 3S8L8C8EE 3S5EE 0C7EE 1DTEE 4SJEE 2SAEE 3EE 0EE 1EE 4EE 2EE 2C6EE 3HJEE 0DAEE 1EE 4EE 2EE 3EE 0EE 0H8D8EE 0STHTEE 1EE 4EE 2EE 3EE 0EE 0D4EE 1D6EE 4DKEE 2EE 3EE 0EE 1EE 4EE 4H3C3EE 2EE 3EE 0EE 1S9C9EE 4EE 1EE 1SQHQCQEE 4EE 2EE 3EE 0EE 1EE 1H4EE 4EE 2H9EE 3EE 0EE 1EE 2EE 2CTEE 3DQEE 0EE 1EE 4EE 3SKEE 0H5EE 1S7EE 4EE 0D9EE
%00035%result% 23104
%00035%points% 99 87 114 123 117
%00036%mibun% 32014
%00036%seat% 10324
%00036%palyer_cards% S6H4H9HJHQD3DQDKCTCQ S5SQH5H8HAD4D5D8DTC8J3 STSJS2H6D7D9DJD2C9CJC2 S3S9SAH7HTH2DAC6CKCA S4S7S8SKH3HKD6C3C4C5C7 
%00036%change_cards%  42SKHKEE 03DKEE 24H6D7EE 30S3EE
%00036%play%  0HQDQCQEE 3SADACAEE 2S2D2C2EE 4EE 1EE 0EE 3EE 2EE 2SJDJCJEE 4EE 1EE 0EE 3EE 2EE 2D9C9EE 4EE 1KTDTEE 0EE 3DKCKEE 2EE 1EE 3EE 3C6EE 2STEE 4EE 1SQEE 0EE 3EE 2EE 1EE 1S5H5D5EE 0EE 3EE 2EE 4S7D7C7EE 1H8D8C8EE 1D4EE 0S6EE 3H7EE 2EE 4S8EE 4C3C4C5EE 1EE 0EE 3EE 2EE 4EE 4H6D6EE 1EE 0EE 3EE 2SKHKEE 4EE 4H3EE 1HAEE 0EE 3H2EE 4EE 3EE 3S9EE 4EE 0CTEE 3EE 0HJEE 0EE 0S3D3EE 3EE 4EE 0EE 0H4EE 3HTEE 4EE 0EE 4S4EE
%00036%result% 21340
%00036%points% 100 91 119 126 119
%00037%mibun% 41023
%00037%seat% 10324
%00037%palyer_cards% S3SKH8HADTDQD2C3C5CJ S4SAH3HKH2D8D9DAC4CTCA S5S6S7STH9HJD3D6DKC6C7 S9SQH5H6H7HTHQC9CQC2 S8SJS2H4D4D5D7DJC8CKJ3 
%00037%change_cards%  02HAD2EE 41J3EE 20S5D3EE 14H3EE
%00037%play%  0S3D3C3EE 3SQHQCQEE 2EE 4EE 1SADACAEE 0EE 3EE 1EE 1M7D8D9EE 1S4C4EE 0S5C5EE 3S9C9EE 2EE 4EE 1EE 0EE 3EE 3H5H6H7EE 2EE 4EE 1EE 0EE 3EE 3HTEE 2HJEE 4EE 1HKEE 0EE 3EE 2HAEE 1H2EE 2EE 1EE 1CTEE 0CJEE 3C2EE 2EE 4EE 0EE 2S6D6C6EE 4EE 0EE 2EE 2S7C7EE 4S8C8EE 4H4D4EE 0EE 2EE 4SJDJEE 4EE 4H3EE 0H8EE 0DTEE 2DKEE 4EE 0EE 2D2EE 2EE 2H9EE 4CKEE 0EE 2EE 4S2EE 4EE 4D5EE 0DQEE 2EE 4EE 0EE 0SKEE 2EE 4EE 2STEE
%00037%result% 13024
%00037%points% 103 96 121 130 120
%00038%mibun% 20314
%00038%seat% 10324
%00038%palyer_cards% S4SJSKH4H6H8HQD6D7C5CK S5S7HAD3D8DJDQDAC4CAJ3 SAH3H9H2D4DTDKC7CTC2 S3S6S8STSQS2H7HTD9D2C9 S9H5HJHKD5C3C6C8CJCQ 
%00038%change_cards%  41HKCQEE 23H2EE 14D3C4EE 32S3EE
%00038%play%  4D3C3EE 1DQCQEE 0EE 3EE 2EE 4EE 1DACAEE 1EE 1S5K6S7EE 0EE 3EE 2EE 4EE 1EE 1D8EE 1DJEE 0HQEE 3EE 2DKEE 4EE 1HAEE 0EE 2C2EE 1EE 2EE 2S3H3EE 4H5D5EE 1EE 0H6D6EE 3H2D2EE 2EE 4EE 0EE 3EE 3D9C9EE 2DTCTEE 4EE 1EE 0EE 3EE 2EE 2D4EE 4C6EE 1HKEE 0EE 3S2EE 2EE 4EE 3EE 3STHTEE 2EE 4HJCJEE 0SKCKEE 3EE 4EE 0EE 0S4H4EE 3EE 2EE 4EE 0EE 0C5EE 3S6EE 2C7EE 4C8EE 4C4EE 0D7EE 3S8EE 3H7EE 2H9EE 4EE 0EE 3EE 2EE 2SAEE 4EE 0EE 3EE 4S9EE 0SJEE 3SQEE
%00038%result% 12430
%00038%points% 104 101 125 132 123
%00039%mibun% 40132
%00039%seat% 02341
%00039%palyer_cards% S7STSQH4HJD3D6DJDQC3CJ S6S8SJS2D4D7DAD2C4C6C8 S4SAH3H9HTHQHAD9DKCTCQ S5H5H6H7HKH2C5C9CAC2 S3S9SKH8D5D8DTC7CKJ3 
%00039%change_cards%  01SQDQEE 32H2EE 10D4C4EE 23H3EE
%00039%play%  0H4D4C4EE 2EE 3S5H5C5EE 4K8H8D8EE 4SKCKEE 1S2D2EE 0EE 2EE 3EE 4EE 1EE 1S6C6EE 0EE 2H9D9EE 3EE 4EE 1SQDQEE 2SAHAEE 1EE 2EE 2HTCTEE 3EE 4EE 1EE 0EE 2HQCQEE 2EE 2S4EE 3H6EE 4C7EE 1SJEE 0EE 2DKEE 3CAEE 4EE 1EE 2H2EE 3EE 3H3EE 4D5EE 1D7EE 0EE 3EE 4DTEE 1DAEE 4EE 1EE 1S8C8EE 0HJDJCJEE 3EE 4EE 0EE 0D3C3EE 3EE 4EE 0EE 0D6EE 3H7EE 4S9EE 0STEE 3EE 4EE 0EE 0S7EE 3C9EE 4EE 3HKEE 3C2EE
%00039%result% 21034
%00039%points% 107 105 130 134 124
%00040%mibun% 21034
%00040%seat% 02341
%00040%palyer_cards% S5SQHTD9DJC6C7CJCQCA S6S8S9SAS2H4HJD4DKC9 H7HAD6D7DTDAC3C4C5C8J3 S3STSJH3H5H6H9H2D3DQCK S4S7SKH8HQHKD5D8D2CTC2 
%00040%change_cards%  42D2C2EE 31H2EE 24C3C4EE 13H4EE
%00040%play%  3H3H4H5H6EE 4EE 1EE 0EE 2EE 3EE 3S3D3EE 4S4C4EE 1S9C9EE 0SQCQEE 2K2C2EE 3EE 4EE 1EE 0EE 2EE 2H7D7EE 3EE 4H8D8EE 4SKHKEE 1S2H2EE 0EE 2EE 3EE 4EE 1EE 1D4EE 0S5EE 2D6EE 3H9EE 4CTEE 1HJEE 0CAEE 2D2EE 3EE 4EE 1EE 0EE 2EE 2HADAEE 3EE 4EE 1EE 0EE 2EE 2C5EE 3STEE 4HQEE 1DKEE 0EE 2EE 3EE 4EE 1SAEE 1EE 1S6EE 0C7EE 2C8EE 2DTEE 3SJEE 4EE 1EE 0EE 3DQEE 3CKEE 4C3EE 1S8EE 0DJCJEE 4EE 0EE 0C6EE 4S7EE 0D9EE 4EE 0HTEE
%00040%result% 23104
%00040%points% 109 108 135 138 125
%00041%mibun% 32014
%00041%seat% 02341
%00041%palyer_cards% S9STH5H6HKDJDKC4CQJ3 S2H3H9D4D8C5C7CTCJCA S3S4S8HJH2D3D7C3C6C9C2 SJSQSKHTHQHAD5D9DAD2C8 S5S6S7SAH4H7H8D6DTDQCK 
%00041%change_cards%  42SACKEE 03J3EE 24S3D3EE 30D5EE
%00041%play%  4S5S6S7EE 1EE 0EE 2EE 3SJSQSKEE 4EE 3EE 3HTLJHQEE 4EE 1EE 0EE 2EE 3EE 3HADAEE 4EE 1EE 0EE 2H2C2EE 3EE 2EE 2C3EE 3C8EE 3D9EE 4DTEE 1EE 0DJEE 2EE 3D2EE 4EE 0EE 4S3D3EE 1EE 0H5D5EE 2EE 4EE 0HKDKEE 0EE 0C4EE 2C6EE 4EE 1C7EE 0CQEE 2CKEE 1CAEE 0EE 2EE 1EE 1H3EE 0H6EE 2HJEE 4EE 1EE 0EE 2EE 2S4EE 4D6EE 1D8EE 1D4EE 0S9EE 2SAEE 4EE 1S2EE 0EE 2EE 1EE 1C5EE 0STEE 2EE 4DQEE 1EE 4EE 4H4EE 1H9EE 2EE 4EE 1EE 1CTEE 2EE 4EE 1CJEE 2D7EE 4H8EE 4H7EE
%00041%result% 30142
%00041%points% 113 111 136 143 127
%00042%mibun% 12403
%00042%seat% 41023
%00042%palyer_cards% SQSKSAH4H6HJHQH2D9CA S5SJH5H8H9HAD3D6DTDJDK S3S7HTD4D5D7D8DQC5C6 S4S2H3H7HKDAD2C4C7C9J3 S6S8S9STC3C8CTCJCQCKC2 
%00042%change_cards%  23HTDQEE 40C2EE 32S4H3EE 04H4EE
%00042%play%  1S5H5EE 0SQHQEE 2EE 3KKHKEE 4EE 1EE 0EE 3EE 3H7C7EE 4S8C8EE 4CTCJCQCKEE 1EE 0EE 2EE 3EE 4EE 4C3EE 1D6EE 0D9EE 2EE 3DQEE 4EE 1DKEE 0EE 3DAEE 1EE 3EE 3S2D2EE 4EE 1EE 0EE 2EE 3EE 3C4EE 4S6EE 1H8EE 1SJDJEE 0SACAEE 2EE 3EE 4EE 1EE 0H2C2EE 0EE 0H6EE 2D8EE 2S3H3EE 3EE 4EE 1EE 0EE 2S4D4EE 2D5C5EE 2S7D7EE 2EE 2C6EE 3C9EE 4EE 1EE 0EE 3EE 3HTEE 4EE 1HAEE 0EE 1EE 1D3EE 0HJEE 4EE 1EE 0SKEE 4H4EE 1H9EE 4EE 1EE 1DTEE
%00042%result% 23014
%00042%points% 116 113 141 147 128
%00043%mibun% 23014
%00043%seat% 41023
%00043%palyer_cards% S4S6SJH5H7HAD7D9C8CA S9SQHJD5DQDKC4C5CTCK S5S7S8SAS2H3HKDTC3CJCQ S3H6H8HTHQH2D6D8D2C6C9 STSKH4H9D3D4DJDAC7C2J3 
%00043%change_cards%  42C2J3EE 13DKEE 24H3C3EE 31S3EE
%00043%play%  4H3D3C3EE 1EE 0EE 2S2L2C2EE 3EE 4EE 2EE 2S5EE 3C9EE 4STEE 1HJEE 0EE 2CQEE 3DKEE 4DAEE 1EE 2EE 3EE 4EE 4H4D4EE 1D5C5EE 0H7D7EE 2EE 3H8D8EE 3H6D6C6EE 4EE 1EE 0EE 2EE 3EE 3H2D2EE 4EE 1EE 0EE 2EE 3EE 3HTEE 4DJEE 1CKEE 0EE 2SAEE 3EE 4EE 1EE 2EE 2S7EE 3HQEE 4SKEE 1EE 0EE 2EE 4EE 4C7EE 1S9EE 0SJEE 2EE 4EE 1EE 0EE 0HACAEE 2EE 4EE 1EE 0EE 0S4EE 2S8EE 2DTEE 4EE 1EE 0EE 2CJEE 2HKEE 4H9EE 1CTEE 0EE 1EE 1SQDQEE 0EE 1EE 1S3EE 0H5EE 1EE 0S6EE 0C8EE 0D9EE
%00043%result% 32401
%00043%points% 118 114 145 152 131
%00044%mibun% 34102
%00044%seat% 41023
%00044%palyer_cards% S7S8SQSKH5HTHJH2DJC7 S5STSAH4H6H8H9D4DTDQC2 S2HKHAD6D2C4C5CJCAJ3 S3SJHQD3D7D8DKDAC6C9CK S4S6S9H3H7D5D9C3C8CTCQ 
%00044%change_cards%  13SAC2EE 02H2EE 31S3D3EE 20C4EE
%00044%play%  1S3D3EE 0S7C7EE 2HACAEE 3EE 4EE 1EE 0EE 2EE 2HKLAH2EE 3EE 4EE 1EE 0EE 2EE 2S2D2EE 3EE 4EE 1EE 0EE 2EE 2C5EE 3C6EE 4C8EE 4H3C3EE 1H4D4EE 0HJDJEE 2EE 3EE 4EE 1EE 0EE 0C4EE 2D6EE 3D7EE 4EE 1DQEE 0EE 2EE 3EE 1EE 1STDTEE 0EE 2EE 3DKCKEE 4EE 1EE 3SADAEE 3EE 3D8EE 3C9EE 4CTEE 1EE 0EE 2CJEE 3C2EE 4EE 3EE 3SJEE 4CQEE 1EE 0SKEE 3EE 4EE 0EE 0H5EE 3HQEE 4EE 1EE 0EE 4S9D9EE 1EE 0EE 4EE 4S4EE 1S5EE 0S8EE 0HTEE 4EE 1EE 0SQEE 4D5EE 1H6EE 4H7EE 1H8EE 1H9EE
%00044%result% 23014
%00044%points% 121 116 150 156 132
%00045%mibun% 23014
%00045%seat% 14320
%00045%palyer_cards% S3S6S9D8D9DJDQC3C8CJJ3 S5STSJS2H3H4H7HAD6C4C2 S4SQSKH8HTHQD3D5C6CKCA S8H6H9HKD4D7DTDAC5C7 S7SAH5HJH2DKD2C9CTCQ 
%00045%change_cards%  42H2D2EE 13S2EE 24S4D3EE 31D4EE
%00045%play%  4D3EE 3C5EE 2C6EE 0KxEE 1EE 4EE 3EE 2EE 0EE 0S3C3EE 1EE 4EE 3D7C7EE 2SQHQEE 0EE 3EE 2SKCKEE 2H2D2EE 2EE 2D5EE 0S6EE 1H7EE 4C9EE 3DTEE 2CAEE 0EE 1C2EE 4EE 3EE 2EE 1EE 1H4D4C4EE 4EE 3EE 2EE 0EE 1EE 1H3EE 4S4EE 3H6EE 2H8EE 2HTEE 0DQEE 1HAEE 4EE 3S2EE 0EE 1EE 3EE 3S8EE 3H9EE 0EE 1STEE 4HJEE 3HKEE 1EE 4EE 3EE 3DAEE 0EE 1EE 4EE 0D8C8EE 0S9D9EE 1EE 4EE 0DJCJEE 1S5EE 4S7EE 1SJEE 4SAEE 1EE 4EE 4H5EE 1D6EE
%00045%result% 23014
%00045%points% 124 118 155 160 133
%00046%mibun% 23014
%00046%seat% 14320
%00046%palyer_cards% S5SAHQHAH2D3D5D6DAD2C4 S4S8S9H3H7HTHKD4C8C9CQ SQSKS2H5H8HJD7D8C3C6C7 S3S6SJH9DTDJDQCJCKC2 S7STH4H6D9DKC5CTCAJ3 
%00046%change_cards%  42CAJ3EE 13HKEE 24H5C3EE 31S3EE
%00046%play%  0SAHADAEE 1EE 4EE 3EE 2EE 0EE 0S5D5EE 1S8C8EE 1S3H3EE 4H5C5EE 3HKCKEE 2LACAEE 0EE 1EE 4EE 3EE 2EE 2D7C7EE 0H2D2EE 1EE 4EE 3EE 2EE 0EE 0D3EE 1H7EE 4D9EE 3C2EE 2EE 0EE 1EE 4EE 3EE 3DTDJDQEE 2EE 0EE 1EE 4EE 3EE 3SJCJEE 2EE 0EE 1EE 4EE 3EE 3S6EE 2HJEE 0HQEE 1EE 4EE 3EE 2EE 0EE 0C4EE 1HTEE 4DKEE 3EE 2S2EE 0EE 1EE 4EE 2EE 2H8D8EE 2C6EE 0EE 1CQEE 4EE 3EE 2EE 1EE 1S4D4EE 4STCTEE 3EE 2EE 0EE 1EE 4EE 4C3EE 3H9EE 2SQEE 0EE 1EE 4EE 2SKEE 0D6EE 1EE 4S7EE 4EE 4H4EE 1EE 4H6EE
%00046%result% 32041
%00046%points% 127 119 159 165 135
%00047%mibun% 24103
%00047%seat% 14320
%00047%palyer_cards% S9H4H5H8HKD5DTDJDQC6C8 S6SJSAH3H9H2D3D7DKCJ S5S8S2H6HTHJHAD6C9CQJ3 S3S4S7SQHQC3C4CTCKCAC2 STSKH7D4D8D9DAD2C5C7 
%00047%change_cards%  13SAH2EE 42D2EE 31S3C3EE 24S5EE
%00047%play%  1S3H3D3C3EE 4EE 3EE 2EE 0EE 1EE 1SJCJEE 4H7C7EE 3S4C4EE 2EE 0EE 1EE 4EE 3EE 3CKCAC2EE 2L9HTHJEE 0EE 1EE 4EE 3EE 2EE 2S2D2EE 0H8C8EE 0DTDJDQEE 1EE 4EE 3EE 2EE 0EE 0H5D5EE 1EE 4EE 3EE 2EE 0EE 0HKEE 1H9EE 4EE 3EE 2EE 0H4EE 1EE 0EE 0S9EE 1D7EE 4D4EE 3EE 2EE 0EE 1EE 4EE 4S5C5EE 3EE 2EE 0EE 1EE 4EE 4DAEE 3CTEE 2C9EE 0C6EE 1EE 4EE 3EE 2EE 1DKEE 4STEE 3S7EE 2EE 1S6EE 4EE 3EE 4SKEE 3EE 2CQEE 4D9EE 2S8EE 2H6D6EE 4EE 3EE 2EE 2HAEE 4D8EE
%00047%result% 01243
%00047%points% 132 123 162 166 137
%00048%mibun% 01243
%00048%seat% 04132
%00048%palyer_cards% S7S8H4H9HTH2D3D5DKC8CA SKH6D7D8DTDJC4C6C9CTCJ S3STSJH5HQD4DACQCKC2 S5SQSAS2H7HJHAD9DQC7 S4S6S9H3H8HKD6D2C3C5J3 
%00048%change_cards%  30SAS2EE 41J3EE 03H4D3EE 14C4EE
%00048%play%  3H7C7EE 2HQCQEE 0EE 4EE 1EE 3EE 2EE 2S3EE 0D5EE 4H8EE 4C3C4C5EE 1C9CTCJEE 3EE 2EE 0EE 4EE 1EE 1D7D8M9DTDJEE 1H6C6EE 3EE 2EE 0EE 4EE 1EE 1SKEE 3HJEE 2STEE 0H9EE 4S4EE 3D3EE 2EE 0EE 4EE 3EE 3SQDQEE 2EE 0S8C8EE 0S2H2EE 4S6D6EE 3EE 2EE 0EE 4EE 4D2EE 3HAEE 2CKEE 0HTEE 4S9EE 3S5EE 2EE 0EE 4EE 3EE 3D9EE 2H5EE 0EE 4H3EE 3EE 2EE 4EE 4HKEE 3H4EE 2EE 0EE 2C2EE 0DKEE 2SJEE 0S7EE 2EE 0EE 0SACAEE
%00048%result% 14302
%00048%points% 134 128 163 169 141
%00049%mibun% 30421
%00049%seat% 04132
%00049%palyer_cards% S5H6H7HQHAD9C8CJCKC2 SJH3H4H5H9H2D8DKDAD2CA S3S7SKSAHTHJD3D6C7C9J3 S6STH8HKD4D5D7DQC4C6CQ S4S8S9SQS2DTDJC3C5CT 
%00049%change_cards%  21SAJ3EE 04C2EE 12H3H4EE 40C3EE
%00049%play%  2S3H3D3EE 0EE 4EE 1SADACAEE 3EE 2EE 1K2H2D2EE 1EE 1H5EE 3D7EE 2C9EE 0CJEE 4EE 1EE 3EE 2EE 0CKEE 0EE 0C3EE 4S4EE 1D8EE 1H9EE 3STEE 2HJEE 0HQEE 4EE 1EE 3HKEE 2EE 0HAEE 3EE 0EE 0S5EE 4S8EE 4DTCTEE 1EE 3DQCQEE 2EE 0EE 4EE 3EE 3D4C4EE 2S7C7EE 0EE 4S2C2EE 1EE 3EE 2EE 4EE 4C5EE 1SJEE 3EE 2SKEE 0EE 4EE 1EE 2EE 2H4EE 0H6EE 4EE 1EE 3H8EE 3S6C6EE 2EE 0EE 4EE 1EE 3EE 3D5EE 2D6EE 0D9EE 4DJEE 1DKEE 2EE 0EE 4EE 2HTEE 0EE 4SQEE 4EE 4S9EE
%00049%result% 31240
%00049%points% 135 132 166 174 143
%00050%mibun% 41203
%00050%seat% 04132
%00050%palyer_cards% S3S7SQH4H9H2D4D9C4C5C2 STSAH3H7HTD7C6C7CJCK S5S6HJHQHKHADTDQC8C9J3 S4SJSKH5D5D8DKDAD2C3CT S8S9S2H6H8D3D6DJCQCA 
%00050%change_cards%  03H2C2EE 41S2EE 30S4C3EE 14H3EE
%00050%play%  4H3D3EE 1STHTEE 3SKDKEE 2KAHAEE 0EE 4EE 1EE 3EE 2EE 2HJHQHKEE 0EE 4EE 1EE 3EE 2EE 2S5EE 0S7EE 4S9EE 1SAEE 3EE 2EE 0EE 4EE 1S2EE 1EE 1H7D7C7EE 3H2D2C2EE 2EE 0EE 4EE 1EE 3EE 3H5D5EE 2EE 0H9D9EE 4EE 1EE 3EE 0EE 0C3C4C5EE 4EE 1EE 3EE 2EE 0EE 0S4H4D4EE 4EE 1EE 3EE 2EE 0EE 0S3EE 4DJEE 1CKEE 3DAEE 2EE 0EE 4EE 1EE 3EE 3D8EE 3CTEE 2DQEE 0EE 4CAEE 1EE 3EE 2EE 4EE 4H6D6EE 1EE 3EE 2EE 0EE 4S8H8EE 4CQEE 1EE 3EE 2EE 0EE 1C6EE 3SJEE 2EE 0SQEE 1EE 1CJEE
%00050%result% 43012
%00050%points% 138 134 167 178 148
%00051%mibun% 23410
%00051%seat% 42031
%00051%palyer_cards% S4S5STS2H3H6H7C3C5C7C9 H5D3D9DKC6C8CTCJCKCA H8HTHJHQHAH2D4D6D7DJCQ SQSKHKD5D8DTDQD2C4C2 S3S6S7S8S9SJSAH4H9DAJ3 
%00051%change_cards%  24HAH2EE 13CAEE 42S3H4EE 31C4EE
%00051%play%  1DKCKEE 4K2H2EE 2EE 0EE 3EE 1EE 4EE 4S6S7S8S9EE 4SAHADAEE 2EE 0EE 3EE 1EE 4EE 4H9EE 2EE 0STEE 3CAEE 1EE 4EE 0S2EE 3EE 0EE 0H3C3EE 3SQDQEE 1EE 4EE 2EE 0EE 3SKHKEE 3D2C2EE 3EE 3D5EE 1C6EE 4SJEE 2EE 0EE 3EE 1EE 2HTHJHQEE 0EE 3EE 1EE 2EE 2H4D4EE 0S5C5EE 3EE 1EE 2EE 0H7C7EE 0EE 0S4EE 3D8EE 3DTEE 1CJEE 2CQEE 0EE 1EE 2EE 2S3EE 0H6EE 1C8EE 1D3EE 2D6EE 0EE 1D9EE 2DJEE 1EE 2EE 2D7EE 0C9EE 1CTEE 2EE 1EE 1C4EE 2H8EE
%00051%result% 43021
%00051%points% 141 135 169 182 153
%00052%mibun% 24310
%00052%seat% 42031
%00052%palyer_cards% S4S5S9STSKH3HTHQD3D2J3 S6S7D6D7C7C8C9CQCKCA S8H6H9D4D5D9DTDKC3C4C6 S3SJSQH5H7HJDJDQC5CT SAS2H4H8HKHAH2D8DACJC2 
%00052%change_cards%  14CKCAEE 23DKEE 41H4H8EE 32S3EE
%00052%play%  0K3S4S5EE 3DJDQDKEE 1EE 4EE 2EE 0EE 3EE 3H5C5EE 1S6D6EE 4HKCKEE 2EE 0EE 3EE 1EE 4EE 4SAHADACAEE 2EE 0EE 3EE 1EE 4EE 4S2H2C2EE 2EE 0EE 3EE 1S7D7C7EE 4EE 1EE 1H8C8EE 1CQEE 4CJEE 2EE 0EE 3CTEE 1C9EE 4EE 3EE 1EE 1H4EE 4EE 2EE 0EE 3EE 4D8EE 2H9D9EE 0H3D3EE 3EE 2EE 0EE 0STHTEE 3EE 2H6C6EE 0EE 2D4C4EE 2S3C3EE 2EE 2DTEE 0S9EE 3H7EE 2D5EE 0EE 3EE 2EE 2S8EE 0D2EE 3SQEE 0EE 3EE 3SJHJEE
%00052%result% 14230
%00052%points% 142 140 172 184 157
%00053%mibun% 40231
%00053%seat% 42031
%00053%palyer_cards% S6H5H8HTHKDKC4C7C8J3 S5S7S9SJH4H6H9H2D8CJC2 S4SQSKHJHQD4D5D9DTDQC9 S8STSAD3D7DJC6CQCKCA S3S2H3H7HAD6DAD2C3C5CT 
%00053%change_cards%  01HKJ3EE 34SAEE 10S5H4EE 43S3EE
%00053%play%  3CQCKCAEE 1EE 4EE 2EE 0EE 3EE 3S3D3EE 1S9H9EE 4S2D2EE 2EE 0EE 3EE 1EE 4EE 4SAHADAEE 2EE 0EE 3EE 1K2H2C2EE 4EE 1EE 1SJCJEE 4EE 2EE 0EE 3EE 1EE 1H6EE 4H7EE 2HJEE 0EE 3EE 1HKEE 4EE 2EE 1EE 1S7EE 4CTEE 2SKEE 0EE 3EE 1EE 4EE 2EE 2SQHQDQEE 0EE 3EE 1EE 4EE 2EE 2S4D4EE 0S5H5EE 3EE 1EE 4EE 2D9C9EE 0EE 2EE 2D5EE 0S6EE 3D7EE 1D8EE 4H3C3EE 2EE 0H4C4EE 3EE 4EE 0H8C8EE 0C7EE 3S8EE 3C6EE 4EE 2DTEE 0DKEE 3EE 0EE 0HTEE 3DJEE 4EE 3EE 3STEE
%00053%result% 12034
%00053%points% 145 145 176 186 158
%00054%mibun% 20134
%00054%seat% 31042
%00054%palyer_cards% S8SQH7H8HTHKHAD4C6C7CJ S3S6SKH3H5H6HJD6C4CQJ3 S7S9STSJH4H2D3D8DTC5 S4S5D5D7DKDAD2C8C9CA SAS2H9HQD9DJDQC3CTCKC2 
%00054%change_cards%  41S2C2EE 32D2EE 14S3H3EE 23D3EE
%00054%play%  3S5D5EE 1S2C2EE 0EE 4EE 2EE 3EE 1EE 1L4H5H6EE 0EE 4EE 2S9STSJEE 3EE 1EE 2EE 2H2D2EE 3EE 1EE 0EE 4EE 2EE 2H4EE 3D7EE 1HJEE 0SQEE 4CKEE 2EE 3EE 1EE 0HAEE 4EE 0EE 0H7C7EE 4H9D9EE 2EE 3DACAEE 1EE 0EE 4EE 3EE 3D3EE 1C4EE 0C6EE 4CTEE 2EE 3EE 1CQEE 0EE 4EE 1EE 1S6D6EE 0S8H8EE 0D4EE 4DJEE 2EE 3DKEE 1EE 0EE 4EE 3EE 3S4EE 1SKEE 0EE 4SAEE 2EE 3EE 4EE 4S3H3C3EE 2EE 3EE 0EE 4EE 4HQDQEE 2EE 3EE 0EE 2C5EE 3C8EE 3C9EE 0HTEE 2EE 0CJEE 0HKEE
%00054%result% 14302
%00054%points% 147 150 177 189 162
%00055%mibun% 30421
%00055%seat% 31042
%00055%palyer_cards% S4S5STSKHJD4D9C9CTCJC2 S7SJS2H8H9HAD5DQC6C7CA S8H6HKDJDAD2C5C8CQCK S3SQH3H4H5H7D3D6DTC4 S6S9SAHTHQH2D7D8DKC3J3 
%00055%change_cards%  21DAD2EE 04C2EE 12D5C6EE 40C3EE
%00055%play%  3H3H4H5EE 1EE 0C9CTCJEE 4EE 2EE 3EE 0EE 0S4D4EE 4H2C2EE 2EE 3EE 1EE 0EE 4EE 4M6D7D8EE 4S6EE 2DJEE 3SQEE 1EE 0SKEE 4SAEE 2EE 3EE 0EE 4EE 4S9EE 2CQEE 3EE 1EE 0EE 4DKEE 2EE 4EE 4HTEE 2EE 3EE 1SJEE 0EE 4HQEE 1EE 2D5C5EE 3EE 1S7C7EE 0EE 2S8C8EE 2H6C6EE 3EE 1S2D2EE 0EE 2EE 1EE 1HADACAEE 0EE 2EE 3EE 1EE 1H8EE 1H9EE 0STEE 2EE 3EE 1DQEE 0EE 0C3EE 2EE 3C4EE 0EE 3EE 3S3D3EE 0EE 2HKCKEE 3EE 3D6EE 0D9EE 3DTEE 0EE 3EE 3H7EE
%00055%result% 41230
%00055%points% 148 154 180 191 167
%00056%mibun% 41230
%00056%seat% 31042
%00056%palyer_cards% S5S9SKH4D6D7DJDQDAC6 S4STSJH5H6HTHJD4C7CT S7SAH3H8D3D8D2C4C5C9CQ S6S8H7HAH2D5D9C3C8CJJ3 S3SQS2H9HQHKDTDKCKCAC2 
%00056%change_cards%  04SKDAEE 31J3EE 40S3H9EE 13S4EE
%00056%play%  2H3D3EE 3S8C8EE 3C3EE 1D4EE 0S5EE 4DTEE 2CQEE 3HAEE 1KxEE 0EE 4EE 2EE 3EE 1EE 1STHTCTEE 0EE 4EE 2EE 3EE 1EE 1SJHJEE 0EE 4SQHQEE 2EE 3EE 1EE 4SKHKEE 4EE 4CKCAC2EE 2EE 3EE 1EE 0EE 4EE 4DKEE 2SAEE 3H2EE 1EE 0EE 4EE 2EE 3EE 3S4EE 1H5EE 0D7EE 4DAEE 2D2EE 3EE 1EE 0EE 4EE 2EE 2H8D8EE 2C4EE 3D5EE 1H6EE 0DJEE 4S2EE 2EE 3EE 1EE 0EE 2C5EE 3S6EE 1C7EE 0DQEE 2EE 3EE 0EE 0D6C6EE 2EE 3EE 0S9H9EE 0EE 0S3EE 2S7EE 3EE 0EE 2EE 2C9EE 3CJEE 0EE 3EE 3H7EE 0EE 3D9EE
%00056%result% 41230
%00056%points% 149 158 183 193 172
%00057%mibun% 41230
%00057%seat% 34120
%00057%palyer_cards% S4S9SJSQS2D4DJDAC9CA S3S7STSAH8HTD7D9DTDQC3 SKH6H9HKHADKC5C7CTCKC2 S6H4H5H7HQD3D6C4CJJ3 S5S8H3HJH2D5D8D2C6C8CQ 
%00057%change_cards%  04S2DAEE 31J3EE 40S5H3EE 13S3EE
%00057%play%  3S3D3EE 4EE 1S7D7EE 2SKDKEE 0EE 3EE 1SAMAEE 2EE 1EE 1STHTDTEE 2EE 0EE 3EE 4S2H2D2EE 1EE 4EE 4S8D8C8EE 4D5EE 1H8EE 1C3EE 2C5EE 0CAEE 3EE 4EE 1EE 2C2EE 0EE 2EE 2HKCKEE 0EE 3EE 4EE 1EE 2EE 2H6EE 0SQEE 3EE 4DAEE 1EE 2EE 0EE 4EE 4C6EE 1D9EE 2CTEE 0EE 3CJEE 4CQEE 1EE 2EE 3EE 4EE 4HJEE 1DQEE 2HAEE 0EE 3EE 2EE 2C7EE 0EE 3HQEE 2EE 3EE 3H4C4EE 2EE 0S9C9EE 3EE 0SJDJEE 0EE 0S4D4EE 3S6D6EE 2EE 0EE 3EE 3H5EE 2H9EE 0EE 3EE 0H3EE 3H7EE
%00057%result% 41230
%00057%points% 150 162 186 195 177
%00058%mibun% 41230
%00058%seat% 34120
%00058%palyer_cards% S8STH3H5H8D2C4C9CKJ3 S3S6SAH4H6H9HKHAC3C6C2 S5S7SJSKHTHQH2D9DTC7CQ S2H7D3D6D7D8DQC8CTCA S4S9SQHJD4D5DJDKDAC5CJ 
%00058%change_cards%  04D2J3EE 31S2EE 40S4D4EE 13S3EE
%00058%play%  3D6D7D8EE 3S3D3EE 4D5C5EE 1SAHAEE 2EE 0EE 3EE 4K2D2EE 1EE 4EE 4HJDJCJEE 1EE 2EE 0EE 3EE 4EE 4S9EE 1HKEE 2H2EE 0EE 3EE 4EE 1EE 2EE 2S7C7EE 0S8H8EE 0S4D4C4EE 3EE 4EE 1S6H6C6EE 2EE 0EE 1EE 1S2C2EE 2EE 0EE 3EE 4EE 1EE 1C3EE 2S5EE 0C9EE 3CTEE 4EE 1EE 2EE 0CKEE 3CAEE 0EE 3EE 3H7EE 4SQEE 1EE 2SKEE 0EE 3EE 4EE 2EE 2HTDTEE 0EE 3EE 4EE 1EE 2HQCQEE 2EE 2D9EE 0STEE 3DQEE 4DKEE 1EE 2EE 0EE 3EE 4DAEE 1H4EE 2SJEE 0EE 3EE 1EE 0H3EE 3C8EE 1H9EE
%00058%result% 42310
%00058%points% 151 164 190 198 182
%00059%mibun% 43120
%00059%seat% 34120
%00059%palyer_cards% STSQH5HTHKD4C5C6CAC2 S5S7H9HQD7D8DTD2C8C9CQ S3S9S2H6HAH2D3DKDAC4CJ S6SJSKH3H8D5D6DQCTJ3 S4S8SAH4H7HJD9DJC3C7CK 
%00059%change_cards%  04CAC2EE 12D2EE 40S4C3EE 21S3EE
%00059%play%  2DKDAD2EE 0EE 3EE 4EE 1EE 2EE 2S2H2EE 0EE 3EE 4EE 1EE 2EE 2D3EE 0C6EE 3H8EE 3M4D5D6EE 4CKCAC2EE 1EE 2EE 0EE 3EE 4EE 4H7C7EE 1D8C8EE 1S7D7EE 2EE 0STHTEE 3EE 4HJDJEE 1HQCQEE 0EE 4EE 1EE 1H9C9EE 2EE 0EE 3EE 4EE 1EE 1S3EE 2C4EE 0SQEE 3SKEE 4SAEE 1EE 2EE 0EE 3EE 4EE 4H4EE 1S5EE 2H6EE 0HKEE 3EE 4EE 1EE 2HAEE 0EE 2EE 2S9EE 0EE 3CTEE 4EE 1EE 2CJEE 3EE 0S4D4EE 3EE 4EE 1EE 0H5C5EE 0EE 0C3EE 3S6EE 4S8EE 4D9EE 1DTEE
%00059%result% 20413
%00059%points% 155 166 195 199 185
%00060%mibun% 13042
%00060%seat% 14203
%00060%palyer_cards% SQH3H7H8D4D7C3C7C9CQJ3 S3S9STSKHKD3D5DTDAC5 S4S7HTHQHAH2D8DJC6C8CA S6S8SAH5H9HJD6D9C4CJCK S5SJS2H4H6DQDKD2CTC2 
%00060%change_cards%  32SACKEE 10DAEE 23S4C6EE 01H3EE
%00060%play%  1S3H3D3EE 4S2D2C2EE 2EE 0EE 3EE 1EE 4EE 4H4EE 2S7EE 0H8EE 0C7N8C9EE 0H7D7EE 3H9D9EE 1EE 4EE 2EE 0EE 3EE 3S6D6C6EE 1EE 4EE 2SAHACAEE 0EE 3EE 2EE 2D8C8EE 2HTEE 0DAEE 3EE 1EE 4EE 2H2EE 0EE 2EE 2DJEE 0EE 3EE 1EE 4DQEE 2EE 4DKEE 4EE 4S5EE 2HQEE 0EE 3EE 1EE 4EE 2CKEE 0SQCQEE 3EE 1SKHKEE 4EE 0EE 1EE 1D5C5EE 4EE 0EE 3HJCJEE 1EE 3EE 3S4C4EE 1STDTEE 4EE 0EE 3EE 1EE 1S9EE 4CTEE 0EE 3EE 4SJEE 4EE 4H6EE 0EE 3S8EE 3H5EE
%00060%result% 21430
%00060%points% 156 170 200 201 188
%00061%mibun% 41032
%00061%seat% 14203
%00061%palyer_cards% S9SJSQSAH4H7DJDKC4C7C9 H8H2D6D7D9DAC3C5C6C2 S3S4SKH3H9HQD4CTCJCKJ3 S5S7S8S2H5HKD5DTDQC8CQ S6STH6HTHJHAD3D8D2CA 
%00061%change_cards%  02SADKEE 31S2EE 20S3H3EE 13C3EE
%00061%play%  4S6H6EE 2K9H9EE 0EE 3EE 1S2H2EE 4EE 2EE 1EE 1D6C6EE 4STHTEE 2EE 0SJDJEE 3DQCQEE 1EE 4HACAEE 0EE 3EE 4EE 4D3EE 2CTEE 0SQEE 3HKEE 1DAEE 4D2EE 2EE 0EE 3EE 1EE 4EE 4D8EE 4HJEE 2HQEE 0EE 3EE 1EE 2EE 2SKDKCKEE 0EE 3EE 1EE 2EE 2S4D4EE 0H7C7EE 3S8C8EE 3S5H5D5EE 1EE 2EE 0EE 3EE 3C3EE 1C5EE 2CJEE 0EE 3EE 1C2EE 2EE 1EE 1D7EE 2SAEE 0EE 3EE 1EE 0S3H3EE 3EE 1EE 0H4C4EE 0S9C9EE 3S7EE 1H8EE 1D9EE
%00061%result% 42013
%00061%points% 159 172 204 202 193
%00062%mibun% 23140
%00062%seat% 14203
%00062%palyer_cards% SAS2D4D6DTDKC3C7CTCJJ3 S6SKH4HJHKD7D9DAC6C2 S3S4S9SJSQH6HTH2DJD2C8 S5STH3H5D5D8C4C5CQCA S7S8H7H8H9HQHAD3DQC9CK 
%00062%change_cards%  34CQCAEE 12C2EE 43S7D3EE 21S3EE
%00062%play%  3S5H5D5C5EE 1EE 4EE 2EE 0EE 3EE 3H3D3EE 1EE 4EE 2EE 0EE 3EE 3STEE 1D9EE 4EE 2C8EE 2H2D2C2EE 0KTDTCTEE 3EE 1EE 4EE 2EE 0EE 0S2EE 3D8EE 3S7EE 1H4EE 4EE 2EE 0C3EE 3EE 1EE 0EE 0SAEE 3C4EE 1S3EE 4EE 2EE 0EE 1EE 1SKHKEE 4H9C9EE 2EE 0EE 1S6C6EE 4EE 1EE 1DAEE 4H7EE 2H6EE 0EE 1EE 4EE 2EE 2SJDJEE 0EE 1EE 4S8H8EE 4CQCKCAEE 2EE 0EE 1EE 4EE 4HQDQEE 2EE 0EE 1EE 4EE 4HAEE 2SQEE 0CJEE 1D7EE 2S4EE 0EE 1EE 2EE 2HTEE 0C7EE 1EE 2EE 0D6EE 0D4EE 0EE 0DKEE 1HJEE
%00062%result% 34012
%00062%points% 162 174 205 207 197
%00063%mibun% 23401
%00063%seat% 03214
%00063%palyer_cards% S3SJH6HTD3D5D8C4C5J3 S5S2H5H8HJHQDTDQD2CTCK STH9H2D4D6D7D9DKC6C9CJ S6S8S9SAH3H4HKDAC3CQCA S4S7SQSKH7HADJC7C8C2 
%00063%change_cards%  23H2DKEE 14S2EE 32H3C3EE 41S4EE
%00063%play%  0D3M4D5EE 3EE 2EE 1EE 4EE 0EE 0S3EE 3H4EE 2D7EE 1H8EE 1S5H5EE 4S2C2EE 0EE 3EE 2EE 1EE 4EE 4S7H7C7EE 0EE 3SADACAEE 2EE 1EE 4EE 3EE 3HKDKEE 2EE 1EE 4EE 0EE 3EE 3S6EE 2STEE 1EE 4SQEE 0EE 3EE 2EE 4SKEE 4EE 4C8EE 4DJEE 0EE 3CQEE 2EE 1CKEE 4EE 3EE 1EE 1DTCTEE 4EE 0EE 3EE 2EE 1HQDQEE 1EE 1S4EE 4HAEE 0EE 3H2EE 2EE 1EE 3EE 3S8EE 3S9EE 2CJEE 1D2EE 0EE 2EE 1EE 1HJEE 0EE 2EE 0C4EE 2EE 0C5EE 0EE 0H6EE 2EE 0D8EE 0HTEE 2EE 0SJEE
%00063%result% 43102
%00063%points% 164 177 206 211 202
%00064%mibun% 32410
%00064%seat% 03214
%00064%palyer_cards% H5H6HTHKH2D7D9DKC8CKJ3 S4S7S8STH8D6DAC4C6CT S3S6S9SJSAHQDTC3C5C2 SQS2H3H7HAD3DQC9CJCQCA S5SKH4H9HJD4D5D8DJD2C7 
%00064%change_cards%  24SAC2EE 03J3EE 42H4D4EE 30H3EE
%00064%play%  3C9NTCJCQEE 2EE 1EE 4EE 0EE 3EE 3SQDQEE 2EE 1EE 4D2C2EE 0EE 3EE 4EE 4S5D5EE 0EE 3HACAEE 2EE 1EE 4EE 3EE 3D3EE 2C5EE 1S7EE 4D8EE 4HJDJEE 0EE 3EE 2EE 1EE 4EE 4C7EE 0C8EE 0HKDKCKEE 3EE 2EE 1EE 4EE 0EE 0H3EE 3H7EE 2HQEE 1EE 4EE 0H2EE 3EE 2EE 0EE 0H5EE 3S2EE 2EE 1EE 4EE 0EE 2S3C3EE 1S4C4EE 4EE 0EE 2EE 1STCTEE 1EE 1D6C6EE 4EE 0EE 2EE 1S8H8EE 1DAEE 4EE 0EE 2EE 4H9EE 0HTEE 2EE 4EE 0EE 0H6EE 2S9EE 4SKEE 0EE 2EE 4SAEE 0D7EE 2DTEE 0EE 2EE 2H4D4EE 0EE 2EE 2S6EE 0D9EE
%00064%result% 31402
%00064%points% 166 181 207 216 205
%00065%mibun% 31402
%00065%seat% 03214
%00065%palyer_cards% S8SQSAH3H5H2C3C4CJCK S4S9HTHJHAD4DTDJDKD2C5 S3STSKH4H7DAC6C9CQC2J3 S6S7S2H9HQHKD3D5D7C7C8 S5SJH6H8D6D8D9DQCTCA 
%00065%change_cards%  23C2J3EE 01H2EE 32D3D5EE 10S4EE
%00065%play%  2S3D3EE 1HTDTEE 4EE 0EE 3S2C2EE 2EE 1EE 3EE 3K5S6S7EE 2EE 1EE 4EE 0EE 3EE 3D7C7EE 2EE 1HJDJEE 4EE 0EE 3EE 1H2D2EE 1EE 1D4EE 4S5EE 0S8EE 0H3C3EE 3EE 2EE 1EE 4H6D6EE 0EE 4H8D8EE 4D9EE 0CJEE 3HQEE 2SKEE 1HAEE 4EE 0EE 3EE 2EE 1EE 1C5EE 4CTEE 0CKEE 3EE 2EE 1EE 4CAEE 0EE 4EE 4SJEE 0SQEE 3EE 2EE 1EE 4EE 0SAEE 0EE 0S4C4EE 3EE 2EE 1EE 4EE 0EE 0H5EE 3C8EE 3H9EE 2STEE 1DKEE 4EE 3EE 2DAEE 1EE 2EE 2H4EE 1S9EE 4DQEE 3HKEE
%00065%result% 01432
%00065%points% 171 185 208 218 208
%00066%mibun% 01432
%00066%seat% 14032
%00066%palyer_cards% S4STH8H9HTHKD4D7C7CKC2 S5S7SKH3H5HJHQD3C3C5 S3SJSQH6D8DTDJD2C4C6C8 S8H7HAD5D6D9DQDKC9CQCA S6S9SAS2H4H2DACTCJJ3 
%00066%change_cards%  20SQD2EE 31HAEE 02S4D4EE 13H3EE
%00066%play%  1S5H5C5EE 4SALADAEE 0EE 3EE 2EE 1EE 4EE 4S2H2EE 0EE 3EE 2EE 1EE 4EE 4H4EE 0SQEE 3DKEE 2EE 1HAEE 4EE 0EE 3EE 1EE 1D3C3EE 4EE 0D7C7EE 3D9C9EE 2EE 1EE 0D2C2EE 3EE 0EE 0H8H9HTEE 0HKCKEE 3EE 2EE 1EE 4EE 0EE 0STEE 3CAEE 2EE 1EE 4EE 3EE 3DQCQEE 2EE 1EE 4EE 3EE 3H3EE 2DTEE 1HJEE 4EE 3EE 2EE 1HQEE 1EE 1S7EE 4S9EE 3EE 2EE 1SKEE 4EE 4S6EE 3H7EE 2EE 4CTEE 3EE 4CJEE 3D5EE 2EE 3D6EE 3EE 3S8EE
%00066%result% 01432
%00066%points% 176 189 209 220 211
%00067%mibun% 01432
%00067%seat% 14032
%00067%palyer_cards% S3S6S7SKS2H7HJHKD6DKC2 S5S9H3H5HQD8DTDJC3CQ S4SJSQSAH4H9HAD3D9C7J3 H6H8H2D7DQD2C5C6C8C9CJ S8STHTD4D5DAC4CTCKCA 
%00067%change_cards%  20SAJ3EE 31H2EE 02S3S6EE 13H3EE
%00067%play%  2S3D3EE 1S5H5EE 4DACAEE 0S2C2EE 3EE 2EE 1EE 4EE 0EE 0HJLQHKEE 3EE 2EE 1EE 4EE 0EE 0S7H7EE 3H8C8EE 3H6C6EE 2H9D9EE 1HQCQEE 4EE 0SKDKEE 3EE 2EE 1EE 0EE 0D6EE 3D7EE 2EE 1D8EE 1C3EE 4D5EE 0SAEE 3D2EE 2EE 1EE 4EE 3EE 3H3EE 2S6EE 1S9EE 4EE 3EE 2SJEE 1EE 2SQEE 2EE 2S4H4EE 1EE 4EE 3EE 2EE 2C7EE 1DTEE 4CKEE 3EE 2HAEE 1H2EE 4EE 1EE 1DJEE 4EE 3DQEE 3EE 3C5EE 4S8EE 4STHTCTEE 3EE 4EE 4D4C4EE
%00067%result% 02143
%00067%points% 181 192 213 221 213
%00068%mibun% 02143
%00068%seat% 14032
%00068%palyer_cards% S7H4H6H8HAD9DJDQC8CJCK S3H3HQH2D6D7D8DACQC2 S6SQSKH7HKD4DTD2C4C7C9 S4S9STH5HJD5DKC3C5CTJ3 S5S8SJSAS2H9HTD3C6CA 
%00068%change_cards%  30DKJ3EE 42S2EE 03H4H6EE 24D4EE
%00068%play%  4SACAEE 0EE 3EE 2S2D2EE 1EE 4EE 2EE 2H7C7EE 1HQCQEE 4EE 0LKCKEE 3EE 2EE 1H2C2EE 0EE 1EE 1D6D7D8EE 1S3H3EE 4EE 0H8C8EE 0DJDQDKEE 3EE 2EE 1EE 4EE 0EE 0S7EE 3S9EE 2SQEE 1EE 4EE 0EE 3EE 2EE 2SKHKEE 1EE 4EE 0EE 3EE 2EE 2C4EE 1DAEE 4EE 0EE 3EE 2EE 4D3EE 0D9EE 3EE 2DTEE 4EE 0EE 2EE 2S6EE 4S8EE 4D4EE 0CJEE 3EE 2EE 4EE 0HAEE 3H4H5H6EE 2EE 4EE 3EE 3D5C5EE 2EE 4EE 3STCTEE 3EE 3C3EE 2C9EE 4EE 3EE 4S5EE 3HJEE 4EE 3EE 3S4EE
%00068%result% 10234
%00068%points% 185 197 216 223 214
%00069%mibun% 10234
%00069%seat% 42031
%00069%palyer_cards% S5S7SKH7D7DTC9CTC2J3 SAH8H9HTH2D3D5D9DAC5CA S3S6S2H4H5H6HKD8D2C4CQ S4S9STSQHJHQHAD6C7C8 S8SJH3D4DJDQDKC3C6CJCK 
%00069%change_cards%  41DKCKEE 30HAEE 14D3D5EE 03S5EE
%00069%play%  4D3D4D5EE 2EE 0N8C9CTEE 0S7H7D7EE 3EE 1SADACAEE 4EE 2EE 0EE 1EE 1H8H9HTEE 1DKCKEE 4EE 2S2D2EE 0EE 3EE 1EE 2EE 2H4H5H6EE 0EE 3EE 1EE 4EE 2EE 2S3EE 0DTEE 3HJEE 1H2EE 4EE 2EE 0EE 3EE 1EE 1C5EE 4C6EE 2CQEE 0C2EE 3EE 1EE 4EE 2EE 0EE 0SKEE 3EE 1EE 4EE 2EE 0HAEE 3SQHQEE 1EE 4EE 2EE 3EE 3S4EE 1D9EE 4DQEE 2EE 3EE 4EE 4SJDJCJEE 2EE 3EE 4EE 4H3C3EE 2EE 3EE 4EE 4S8EE 2C4EE 3S5EE 2S6EE 3S9EE 2EE 3STEE 3EE 3D6EE 2D8EE 2HKEE
%00069%result% 01423
%00069%points% 190 201 218 224 217
%00070%mibun% 01342
%00070%seat% 42031
%00070%palyer_cards% S4S5S6STSAH6HAD3D7C6CQ SQH4HJHQD5D9DKC5CTCKC2 S7S8S9H3H5H8D4DAD2C4 SKH7HTHKH2DTDJDQC7C8J3 S3SJS2H9D6D8C3C9CJCA 
%00070%change_cards%  30H2J3EE 21D2EE 03S4D3EE 12H4EE
%00070%play%  3DTDJDQEE 1EE 4EE 2EE 0LKHAH2EE 3EE 0EE 0S6H6C6EE 3EE 1EE 4EE 2EE 0EE 0S5EE 3C8EE 3H7C7EE 1SQHQEE 4EE 2EE 0EE 3SKHKEE 1EE 3EE 3D3EE 1D9EE 4EE 2DAEE 0EE 3EE 1EE 2EE 2H3H4H5EE 0EE 3EE 1EE 4EE 2S7S8S9EE 2D4C4EE 0EE 3EE 1D5C5EE 4EE 2EE 1DKCKEE 1D2C2EE 1EE 1CTEE 4CAEE 2EE 0EE 3EE 1EE 4EE 4S3C3EE 2EE 0EE 3EE 1EE 4H9C9EE 4SJCJEE 4EE 4D6EE 2H8EE 0D7EE 3HTEE 1HJEE 4EE 0EE 3EE 4D8EE 4S2EE 0EE 3EE 0STEE 3EE 0CQEE 0SAEE
%00070%result% 21403
%00070%points% 192 205 223 225 220
%00071%mibun% 31042
%00071%seat% 42031
%00071%palyer_cards% S4S5S8STH6H7HJH2C4C8CK S7SQSAH5H9D6DACTC2J3 S6S9HAD4D7DKD2C3C5C9CQ S3H3H4H8HQD3D8D9DTDQCA SJSKS2HTHKD5DJC6C7CJ 
%00071%change_cards%  32HQCAEE 01H2EE 23D4C3EE 10H5EE
%00071%play%  3D8D9DTEE 3S3H3D3C3EE 1EE 4EE 2EE 0EE 3EE 3H4D4EE 1EE 4EE 2EE 0EE 3EE 3DQEE 1CTEE 4C7EE 2C5EE 0EE 3EE 1KxEE 4EE 2EE 1EE 1H2C2EE 4SKHKEE 2HQCQEE 0S8C8EE 0H5H6H7EE 3EE 1EE 4EE 2EE 0EE 0S4C4EE 3EE 1EE 4EE 2EE 0EE 0CKEE 3H8EE 1SADAEE 4EE 2S9C9EE 0EE 1EE 2EE 2HACAEE 0EE 1EE 4EE 2EE 2D2EE 0HJEE 1H9EE 4EE 2EE 0EE 1EE 1SQEE 4HTEE 2D7EE 0S5EE 1EE 4EE 2EE 0EE 0STEE 1S7EE 4EE 2S6EE 1EE 2EE 2DKEE 1D6EE
%00071%result% 30214
%00071%points% 196 207 226 230 221
%00072%mibun% 13204
%00072%seat% 34210
%00072%palyer_cards% STH3H8HJD8D2C4C7C8CJ S5SQH5H6D5DQDKC6CQCK S3S4S7S8H4HQD9DTC5CAJ3 S9SJSKS2HTHKHAD4D6C3C9 S6SAH7H9H2D3D7DJDACTC2 
%00072%change_cards%  43H2C2EE 10DKEE 34D4C3EE 01H3EE
%00072%play%  4D3C3EE 2S4H4EE 1H6C6EE 0HJCJEE 3H2C2EE 4EE 2EE 1EE 0EE 3EE 3S9C9EE 4SADAEE 2EE 1EE 0EE 3EE 4EE 4H7D7EE 2S8L8EE 2S3EE 1CKEE 0D2EE 3EE 4EE 2EE 1EE 0EE 0H8D8C8EE 0C4EE 3D6EE 4H9EE 2DTEE 1EE 0DKEE 3EE 4EE 2EE 0EE 0C7EE 3HTEE 4DJEE 2HQEE 1EE 0EE 3HAEE 4EE 2EE 3EE 3SKHKEE 4EE 2EE 1EE 0EE 3EE 3SJEE 4EE 2CAEE 1EE 0EE 3S2EE 2EE 4D4EE 2C5EE 1EE 0STEE 4EE 2EE 4S6EE 2S7EE 1EE 4EE 2EE 2D9EE 1EE 4CTEE
%00072%result% 30241
%00072%points% 200 208 229 235 223
%00073%mibun% 14203
%00073%seat% 34210
%00073%palyer_cards% S4S5S6H9D3D7DTDKC4CQ SJSQHKD4C3C7C9CJCAJ3 S9S2H3H4H6H8HTD5D9DAC8 S7S8H5HAH2D6DQC5C6CTCK S3STSKSAH7HJHQD8DJD2C2 
%00073%change_cards%  13CAJ3EE 40D2EE 31H5C5EE 04D3EE
%00073%play%  4S3D3EE 2H8C8EE 2S9D9EE 1SJCJEE 0EE 3HACAEE 4EE 2EE 1EE 3K2H2EE 3EE 3D6C6EE 4HJDJEE 2EE 1EE 0EE 3EE 4EE 4H7EE 2HTEE 1HKEE 0EE 3EE 4EE 2EE 1EE 1H5C5EE 0EE 3EE 4EE 2EE 1EE 1C3EE 0D7EE 3S8EE 3S7EE 4D8EE 4STEE 2DAEE 1EE 0D2EE 3EE 4EE 2EE 0EE 0S4S5S6EE 3EE 4EE 2EE 1EE 0EE 0C4EE 3CTEE 4C2EE 2EE 1EE 0EE 3EE 4EE 4HQEE 2S2EE 1EE 0EE 3EE 4EE 2EE 2H3EE 1D4EE 0H9EE 3DQEE 4SKEE 2EE 1EE 0EE 3EE 4SAEE 2H4EE 1C7EE 0DTEE 3CKEE 2EE 1EE 0EE 2D5EE 1C9EE 0CQEE 2EE 1EE 0EE 0DKEE 2EE 1EE 2H6EE
%00073%result% 43021
%00073%points% 203 209 231 239 228
%00074%mibun% 24310
%00074%seat% 34210
%00074%palyer_cards% S8H3H4HQH2D5C7C8CQCA S4S9SQH7H8H9HADAC3C5C6 S7SKSAS2H6HJD7D8D9CTC2 S6STH5HTHKD3DQC9CKJ3 S3S5SJD4D6DTDJDKD2C4CJ 
%00074%change_cards%  14HADAEE 23S2EE 41S3D4EE 32D3EE
%00074%play%  2D7D8D9EE 2D3EE 1C5EE 0C7EE 3C9EE 4EE 2CTEE 1EE 0CAEE 3KxEE 2EE 0EE 3EE 3STHTEE 4HADAEE 2EE 1EE 0EE 3EE 4EE 4SJDJCJEE 2EE 1EE 0EE 3EE 4EE 4C4EE 2H6EE 1SQEE 0H2EE 3EE 4EE 2EE 1EE 0EE 0S8C8EE 0HQCQEE 3HKCKEE 4EE 2EE 1EE 0EE 3EE 3H5EE 4D6EE 2S7EE 1EE 0EE 3DQEE 4DKEE 2EE 3EE 4D2EE 4EE 4S5EE 2HJEE 1EE 0EE 3S2EE 4EE 2EE 3EE 3S6EE 4DTEE 2SKEE 1EE 0EE 2SAEE 2EE 2C2EE 1EE 0EE 1H7H8H9EE 1S3C3EE 0EE 1S4D4EE 1EE 1C6EE 0EE 1S9EE
%00074%result% 34210
%00074%points% 204 211 234 244 232
%00075%mibun% 43201
%00075%seat% 04321
%00075%palyer_cards% STS2HJHQHAH2C5CJCQJ3 SJH5HTD3D6DAC3C8C9CKCA S4S6S7S9SQD7D8DTDJC7CT S5SKH3H4H7H8HKDQDKD2C4 S3S8SAH6H9D4D5D9C6C2 
%00075%change_cards%  03S2J3EE 14DAEE 30H3H4EE 41S3EE
%00075%play%  1S3D3C3EE 0EE 4EE 3SKHKDKEE 2EE 1EE 3S2L2D2EE 3EE 3C4EE 2S6EE 1C8EE 1H5EE 0STEE 4C2EE 3EE 2EE 1EE 0EE 4EE 4H6C6EE 3EE 2DTCTEE 1EE 0HJCJEE 4SADAEE 2EE 0EE 4EE 4H9D9EE 3EE 2EE 1EE 0HQCQEE 4EE 0EE 0H3EE 4D4EE 3S5EE 2D8EE 2S7D7C7EE 1EE 0EE 4EE 3EE 2EE 2S4EE 1D6EE 0HAEE 4EE 3EE 2EE 1EE 0H2EE 0EE 0H4EE 4D5EE 3H7EE 2S9EE 1HTEE 0EE 4EE 3DQEE 2EE 1CKEE 3EE 1CAEE 1EE 1C9EE 0EE 4EE 3EE 2DJEE 1EE 2SQEE 1SJEE 0EE 4EE 3EE 0C5EE 4S8EE
%00075%result% 21043
%00075%points% 207 215 239 245 234
%00076%mibun% 21043
%00076%seat% 04321
%00076%palyer_cards% S3SJH4D7C4C5C6CTCJCKC2 S4S8H3H5H9HTHQHAD3D9DA S6H8H2D4D6D8DJC3C7C9J3 S7STSQSKSADTDQDKD2CQ S5S9S2H6H7HJHKD5C8CA 
%00076%change_cards%  32SAD2EE 41S2EE 23D4C3EE 14H3EE
%00076%play%  1H9D9EE 0SJCJEE 4EE 3SKDKEE 2H2D2EE 1EE 0EE 3EE 2EE 2D6M7D8EE 2S6EE 1S8EE 1HADAEE 0EE 4EE 3EE 2EE 1EE 1D3EE 0D7EE 4EE 3EE 2DJEE 1EE 0EE 2EE 2C7EE 1HTEE 0CKEE 4CAEE 3EE 2EE 1EE 0C2EE 4EE 0EE 0C4C5C6EE 4EE 3EE 2EE 1EE 0EE 0S3EE 4H6EE 3S7EE 2H8EE 2C9EE 1HQEE 0EE 4HKEE 3EE 2EE 1EE 4EE 4S5D5EE 3STDTEE 2EE 1EE 0EE 4EE 3SQDQEE 3EE 3C3EE 2SAEE 1S2EE 0EE 4EE 3EE 1EE 1S4EE 0CTEE 4HJEE 3CQEE 1EE 0EE 4EE 3EE 3D4EE 1H5EE 0EE 4H7EE 4EE 4H3EE 0H4EE
%00076%result% 23104
%00076%points% 209 218 244 249 235
%00077%mibun% 32014
%00077%seat% 04321
%00077%palyer_cards% S7S8S2H4HQD5D6DJDQD2CQ S9SKH8HKD3D7D8DKC3C4J3 S3S5STHJHAC6C8C9CJCAC2 S6H3H9HTH2D9DAC5CTCK S4SJSQSAH5H6H7D4DTC7 
%00077%change_cards%  42SQSAEE 03S2EE 24S3S5EE 30H3EE
%00077%play%  1NxC3C4EE 0EE 4H5H6H7EE 3EE 2EE 1EE 4EE 4S3S4S5EE 3EE 2EE 1EE 0EE 4EE 4D4EE 3C5EE 2C6EE 1EE 0EE 4C7EE 3CKEE 2C2EE 4EE 3EE 2EE 2SAHACAEE 1EE 0EE 4EE 3EE 2EE 2HJCJEE 1EE 0EE 4EE 3S2H2EE 2EE 3EE 3H9D9EE 2EE 1EE 0EE 4EE 3HTCTEE 3EE 3S6EE 2C8EE 2C9EE 1EE 0DJEE 4EE 3DAEE 2EE 0D2EE 0EE 0HQDQCQEE 4EE 2EE 1SKHKDKEE 0EE 1EE 1H8D8EE 1D3EE 0H4EE 4DTEE 2SQEE 1EE 0EE 4EE 2EE 2STEE 1EE 0EE 4SJEE 1D7EE 0S8EE 0H3EE 1S9EE
%00077%result% 32410
%00077%points% 210 220 248 254 238
%00078%mibun% 43102
%00078%seat% 03214
%00078%palyer_cards% S3S4S9SQH4HJD4C5CAJ3 S5S2HTHAD3D9DTC3C4C7C8 S8STH3H7H8H9D6DQDKD2CJ SJSKSAH5H6D8DJC6C9CKC2 S6S7HQHKH2D5D7DACTCQ 
%00078%change_cards%  03CAJ3EE 12S2EE 30H5H6EE 21H3EE
%00078%play%  1H3D3C3EE 4EE 0S4H4D4EE 3SJLJDJEE 2EE 1EE 0EE 3EE 3CKCAC2EE 2EE 1EE 4EE 0EE 3EE 3C6EE 2STEE 1HAEE 4H2EE 0EE 3EE 2EE 1EE 4EE 4S7D7EE 0EE 3EE 2S8H8EE 2S2D2EE 1EE 4EE 0EE 3EE 2EE 2D6EE 1C7EE 4CTEE 0EE 3EE 2CJEE 1EE 4EE 2EE 2H7EE 1C8EE 1HTDTEE 4HQCQEE 0EE 3EE 2EE 1EE 4EE 4D5EE 0H6EE 3D8EE 3C9EE 2DQEE 1EE 4HKEE 0EE 3SAEE 2EE 4EE 3EE 3SKEE 2EE 1EE 4DAEE 0EE 4EE 4S6EE 0S9EE 2EE 1EE 0SQEE 0EE 0H5C5EE 2EE 1EE 0EE 0S3EE 2H9EE 1EE 0HJEE 2EE 2DKEE
%00078%result% 34021
%00078%points% 213 221 250 259 242
%00079%mibun% 24301
%00079%seat% 03214
%00079%palyer_cards% S7HJHQHAD8DJD2C5C6J3 S3S4S6S9SJSQD9DQC4CJCA STH5H9HKD3D5D7DTC3C7CK S5SKH4H7H8D4D6DKDAC9C2 S8SAS2H3H6HTH2C8CTCQ 
%00079%change_cards%  13SQCAEE 24HKEE 31H4D4EE 42H3EE
%00079%play%  2H3D3C3EE 1EE 4EE 0KJHJDJEE 3EE 2EE 0EE 0C5EE 3D6EE 2H9EE 1DQEE 4HKEE 0HAEE 3EE 2EE 1EE 4EE 0EE 0C6EE 3H7EE 2CKEE 1EE 4SAEE 0D2EE 3EE 2EE 4EE 0EE 0S7EE 3H8EE 3SKDKEE 2EE 1EE 4S2H2EE 0EE 3EE 4EE 4S8C8EE 4HTCTEE 0EE 3DACAEE 2EE 1EE 4EE 3EE 3S5EE 2EE 1S6EE 4EE 0EE 3SQEE 1EE 3EE 3C9EE 2EE 1EE 4CQEE 0EE 3C2EE 4EE 2H5D5EE 1S9D9EE 4EE 0EE 2STDTEE 1EE 2EE 2D7C7EE 1SJCJEE 4EE 0EE 1EE 1S4H4D4C4EE 4EE 0EE 1EE 1S3EE 4EE 0EE 4H6EE
%00079%result% 32140
%00079%points% 214 224 254 264 244
%00080%mibun% 42103
%00080%seat% 03214
%00080%palyer_cards% S5S8STSJSKSAD5D6CJJ3 S2H3H4H6D7DQDKDAC8CTCK S3S4S7S9H8H9HADJC5C6CQ SQH7HTHQHKH2D3D2C4CAC2 S6H5HJD4D8D9DTC3C7C9 
%00080%change_cards%  03SAJ3EE 42HJEE 30D3C4EE 24S3EE
%00080%play%  0S5D5EE 3SQHQEE 2EE 1DKCKEE 4EE 0EE 3SACAEE 1EE 3EE 3HKLAH2EE 2EE 1EE 4EE 0EE 3EE 3D2C2EE 2EE 1EE 4EE 0EE 3EE 3H7EE 2H8EE 2S9H9EE 1EE 4EE 0SJCJEE 3EE 2EE 0EE 0D3EE 3HTEE 2CQEE 1DAEE 4EE 0EE 2EE 1S2EE 1EE 1H3EE 4D4EE 0D6EE 2EE 1D7EE 4EE 0EE 1DQEE 1EE 1H4EE 4H5EE 0EE 2HAEE 1EE 4EE 2EE 2HJDJEE 1EE 4EE 0EE 2EE 2S4EE 1H6EE 4C7EE 0S8EE 0C4EE 2C5EE 1C8EE 1CTEE 4EE 0SKEE 2EE 0EE 0STEE 2EE 4EE 2C6EE 4EE 2S7EE
%00080%result% 31024
%00080%points% 217 228 256 269 245
%00081%mibun% 21304
%00081%seat% 14032
%00081%palyer_cards% S4S6SQH3HJH2D9CKC2J3 S3STSAH4H8H9HTHQD3D7C5 S9SJSKHKD4DQDKC4C6C9CT S5S8H5H6HADTD2C3C7C8CJ S7S2H7D5D6D8DJDACQCA 
%00081%change_cards%  43S2DAEE 21SKEE 34S5C3EE 12S3EE
%00081%play%  1H8H9HTEE 1D3EE 4D6EE 0D9EE 3DTEE 2DQEE 1EE 4EE 0KxEE 3EE 2EE 0EE 0H2C2EE 3EE 2EE 1EE 4EE 0EE 0H3EE 3H5EE 2EE 1HQEE 4EE 0EE 3EE 1EE 1H4EE 4D8EE 4S5D5EE 0EE 3S8C8EE 3HADAEE 2EE 1EE 4EE 0EE 3S2D2EE 3EE 3H6EE 2CTEE 1SKEE 4CAEE 0EE 3EE 2EE 1EE 4EE 4S7H7EE 0EE 3EE 2S9C9EE 1EE 4EE 2HKDKEE 2EE 2D4C4EE 1EE 4EE 0EE 3EE 2EE 2S3EE 1C5EE 4DJEE 0SQEE 3EE 2EE 1SAEE 4EE 0EE 1EE 1D7EE 4CQEE 0CKEE 3EE 2EE 1EE 4EE 0EE 0S4EE 3C7EE 2SJEE 1EE 4EE 0EE 3EE 2EE 2C6EE 1STEE 4EE 0HJEE 3EE 0EE 0S6EE 3CJEE
%00081%result% 21034
%00081%points% 220 232 261 271 246
%00082%mibun% 21034
%00082%seat% 14032
%00082%palyer_cards% S4S6H7HTHKD8D9DKC6CT S8STSQS2H4H5HAD7C4C9CJ S7S9SAH8D4D6DAD2C5C8CK S3SJSKHJD3D5DQC3C2J3 S5H3H6H9HQH2DTDJC7CQCA 
%00082%change_cards%  42H2CAEE 31J3EE 24D4C5EE 13H4EE
%00082%play%  3S3D3C3EE 2SADACAEE 1EE 4EE 0EE 3EE 2EE 2H8C8EE 2H2D2EE 1EE 4EE 0EE 3EE 2EE 2D6EE 1D7EE 4DTEE 0EE 3DQEE 2EE 1KxEE 4EE 3EE 1EE 1C4EE 4H6EE 0H7EE 3EE 2EE 1HAEE 4EE 0EE 1EE 1H5EE 4C7EE 0D8EE 0S6C6EE 3SJHJEE 2EE 1EE 4HQCQEE 0HKDKEE 3EE 4EE 0EE 0HTCTEE 3EE 2EE 1EE 4EE 0EE 0S4EE 3D5EE 2S7EE 1S8EE 1C9EE 4DJEE 0EE 3SKEE 2EE 1S2EE 4EE 3EE 1EE 1STEE 4EE 0EE 3C2EE 2EE 1EE 3EE 3H4EE 2S9EE 1CJEE 4EE 0EE 2CKEE 1EE 1SQEE 4EE 0EE 4S5C5EE 0EE 4EE 4H3EE 0D9EE
%00082%result% 32104
%00082%points% 222 235 265 276 247
%00083%mibun% 32104
%00083%seat% 14032
%00083%palyer_cards% S3STSJH7HQD3DAC5CJCK S5H6HKD5D6D9D2C6C7CTJ3 S4S7S8H3H8DTDJC3C4C8CQ S9SKSAH4H9HAH2D4DQDKCA S6SQS2H5HTHJD7D8C9C2 
%00083%change_cards%  43S2C2EE 02DAEE 34H4D4EE 20H3EE
%00083%play%  0S3H3D3EE 3SAHACAEE 2EE 1EE 4EE 0EE 3S2H2C2EE 3EE 3S9H9EE 2EE 1KTCTEE 4EE 0SJCJEE 3EE 1EE 0EE 0C5EE 3DQEE 2DAEE 1D2EE 4EE 0EE 3EE 2EE 1EE 1H6D6C6EE 4EE 0EE 3EE 2S8H8C8EE 2S4C4EE 1S5D5EE 4EE 0EE 3SKDKEE 2EE 1EE 2C3EE 1C7EE 4C9EE 0CKEE 2EE 1EE 4EE 0EE 0H7EE 2DTEE 1HKEE 4EE 0EE 2EE 1EE 1D9EE 4HTEE 0HQEE 2EE 4EE 0EE 0STEE 2DJEE 4SQEE 2EE 4EE 4H4D4EE 2EE 4EE 4H5EE 2S7EE 4D8EE 4S6EE 2CQEE
%00083%result% 31024
%00083%points% 225 239 267 281 248
%00084%mibun% 21304
%00084%seat% 13042
%00084%palyer_cards% STH3H4HKD3D5D6D7DKD2C3 S4S7S8SAHQHAH2DJC8CJ S3H5H7HJDTDQC6CTCQCK S6SJSKS2H8HTD8C5C7CAJ3 S5S9SQH6H9D4D9DAC4C9C2 
%00084%change_cards%  43DAC2EE 21CKEE 34S6C5EE 12S4EE
%00084%play%  0D5D6D7EE 4EE 2EE 1EE 3H8L9HTEE 3DACAEE 0EE 4EE 2EE 1EE 3S2C2EE 3EE 3C7EE 0STEE 4SQEE 2EE 1EE 3SKEE 0EE 4EE 3EE 3D8EE 3SJEE 0D2EE 4EE 2EE 1EE 0EE 0H3D3C3EE 4EE 2EE 1EE 0EE 0HKDKEE 4EE 2EE 1SAHAEE 0EE 1EE 1S8C8EE 1DJCJEE 0EE 4EE 2DQCQEE 1EE 2EE 2DTCTEE 1EE 0EE 4EE 2EE 2S3EE 1S7EE 0EE 4EE 2EE 1EE 1HQEE 0EE 4EE 2EE 1CKEE 1H2EE 0H4EE 4EE 2H5EE 2H7EE 2HJEE 2EE 2S4EE 4EE 2C6EE
%00084%result% 31024
%00084%points% 228 243 269 286 249
%00085%mibun% 21304
%00085%seat% 13042
%00085%palyer_cards% STSKH6H8D3D4D6DTDJDQDA S4S6S8SJS2H9HQD5C7C2 S3S9HTHADKC3C9CQCKJ3 S7H4H5HJH2D8C5C6C8CJCA S5SQSAH3H7HKD7D9D2C4CT 
%00085%change_cards%  43SAD2EE 21J3EE 34H4H5EE 12S4EE
%00085%play%  0DTDJDQEE 4EE 2EE 1EE 3EE 0EE 0H6D6EE 4H7D7EE 2EE 1H9M9EE 3H2D2EE 0EE 4EE 1EE 3EE 3D8C8EE 3HJCJEE 0EE 4EE 2DKCKEE 1S2C2EE 3EE 2EE 1EE 1D5EE 3C6EE 0H8EE 0D3EE 4D9EE 2EE 1EE 3EE 0DAEE 4EE 0EE 0D4EE 4CTEE 2CQEE 1EE 3EE 0EE 4EE 2EE 2S3C3EE 1EE 3SACAEE 0EE 4EE 2EE 3EE 3C5EE 0STEE 4SQEE 2EE 1EE 3EE 0SKEE 4EE 4H3H4H5EE 2EE 1EE 3EE 4EE 4C4EE 2HTEE 1SJEE 3EE 4HKEE 2HAEE 1EE 4EE 2EE 2S9C9EE 1EE 3EE 4EE 2EE 2S4EE 1S6EE 3S7EE 4EE 1S8EE 1C7EE 4EE 1HQEE
%00085%result% 02314
%00085%points% 233 245 273 289 250
%00086%mibun% 03124
%00086%seat% 13042
%00086%palyer_cards% S3S4S5S7H9H2D9DQD2C7CJ SKHTHJHQD4C6C8C9CAJ3 SJSQSAH8D3D7DJC3C4C5C2 S9STH3H7HAD5DTDKDACT S6S8S2H4H5H6HKD6D8CQCK 
%00086%change_cards%  40S2HKEE 12J3EE 04S3S4EE 21D3EE
%00086%play%  1HTHJHQEE 3EE 0EE 4EE 2EE 1EE 1D3EE 3D5EE 0DQEE 4EE 2KxEE 1EE 3EE 0EE 2EE 2C3C4C5EE 1EE 3EE 0EE 4EE 2EE 2SJDJEE 1EE 3HADAEE 0EE 4EE 2EE 3EE 3STDTCTEE 0S2H2D2EE 4EE 2EE 1EE 3EE 0EE 0S7C7EE 4S8D8EE 4H4H5H6EE 2EE 1EE 3EE 0EE 4EE 4S6D6EE 2EE 1EE 3EE 0H9D9EE 4EE 0EE 0S5EE 4CQEE 2SAEE 1EE 3EE 0EE 4EE 2C2EE 2EE 2D7EE 1C8EE 1D4EE 3H7EE 0CJEE 4CKEE 2EE 1CAEE 3EE 0EE 4EE 1EE 1C6EE 3S9EE 0HKEE 4EE 2EE 1EE 3EE 4S3EE 2H8EE 2SQEE 1SKEE 3EE 4EE 1EE 1C9EE 3DKEE 4EE 3EE 3H3EE
%00086%result% 02134
%00086%points% 238 248 277 291 251
%00087%mibun% 02134
%00087%seat% 14230
%00087%palyer_cards% S3S5STH7H9DJD2C4C7C9CA S4H8HQD4D5DQDKC5C6CJCQ SQS2H6HKD6D8DTDAC3C8 SJH4H5HAH2D3D7CKC2J3 S6S7S8S9SKSAH3HTHJD9CT 
%00087%change_cards%  40SKSAEE 32J3EE 04S3C4EE 23C3EE
%00087%play%  3D3C3EE 0H7C7EE 1EE 4S9D9EE 2KTDTEE 3EE 0EE 4EE 2EE 2H6D6EE 3H2C2EE 0EE 1EE 4EE 2EE 3EE 3H4EE 0S5EE 1C6EE 4HJEE 2SQEE 3CKEE 0D2EE 1EE 4EE 2EE 3EE 0EE 0H9C9EE 1EE 4HTCTEE 2EE 3EE 0EE 4EE 4S6S7S8EE 4S3H3EE 2D8C8EE 2HKEE 3HAEE 0EE 1EE 4EE 2EE 3EE 3H5EE 0STEE 1CJEE 4EE 2DAEE 3EE 0EE 1EE 2S2EE 3D7EE 0DJEE 1DKEE 4EE 3EE 0EE 1EE 1HQDQCQEE 4EE 3EE 0EE 1EE 1S4D4EE 4EE 3EE 0SACAEE 1EE 0EE 0SKEE 1EE 4EE 3EE 1D5C5EE 4EE 3EE 1EE 1H8EE 4C4EE
%00087%result% 20143
%00087%points% 242 251 282 292 253
%00088%mibun% 12043
%00088%seat% 14230
%00088%palyer_cards% S4S2H4H5HKHAD7DJC3CTCA S3S8STSAH6H7H8D2C9CK S7S9SQHJHQD3D8C4C6C7C8 S5S6SJH9H2D4D6D9DAC5J3 SKH3HTD5DTDQDKCJCQC2 
%00088%change_cards%  32H2J3EE 40C2EE 23D3C4EE 04C3EE
%00088%play%  3D4C4EE 0HACAEE 1EE 4EE 2K2H2EE 3EE 0EE 2EE 2C6C7C8EE 2SQHQEE 3EE 0S2C2EE 1EE 4EE 2EE 0EE 0S4H4EE 1S8H8EE 1S3EE 4D5EE 2S7EE 3SJEE 0EE 1SAEE 4EE 2EE 3EE 1EE 1H6EE 4CJEE 2EE 3DAEE 0EE 1D2EE 4EE 3EE 1EE 1H7EE 4EE 2D8EE 2S9EE 3EE 0CTEE 1CKEE 4EE 2EE 0EE 1EE 1C9EE 4EE 2HJEE 3EE 0HKEE 1EE 0EE 0H5EE 1STEE 4EE 3EE 0DJEE 0EE 0D7EE 4EE 3EE 4H3C3EE 3S5C5EE 4HTDTEE 3EE 4DQCQEE 4SKDKEE
%00088%result% 21043
%00088%points% 245 255 287 293 255
%00089%mibun% 21043
%00089%seat% 14230
%00089%palyer_cards% S4S7H3HKD6DJDQC6C7C8CQ SJSKH8D4D8DAC3CTCJJ3 S3S5S6STSQH6H7HTD5D2C2 S9SAS2H4H9HJD3D9DKC9CA S8H5HQHAH2D7DTC4C5CK 
%00089%change_cards%  32SAS2EE 41H2EE 23S3S5EE 14C3EE
%00089%play%  3S9H9D9C9EE 0EE 1EE 4EE 2EE 3EE 3S3D3EE 0EE 1EE 4EE 2EE 3EE 3CAEE 0HKEE 1CTEE 4S8EE 4C3C4C5EE 2EE 3EE 0EE 1EE 4EE 4HAEE 2SQEE 3HJEE 0S4EE 1KxEE 4EE 2EE 3EE 0EE 1EE 1SJCJEE 4EE 2STHTEE 3EE 0S7C7EE 1EE 2S6H6EE 0EE 2EE 2S2D2C2EE 3EE 0EE 1EE 4EE 2EE 2SAEE 3DKEE 0DJEE 1D4EE 4EE 2EE 3EE 0EE 1EE 1H8D8EE 1H2EE 4CKEE 2H7EE 3S5EE 0H3EE 1EE 4EE 2EE 3EE 0EE 0DQCQEE 1EE 4EE 2EE 3EE 0D6C6EE 0EE 0C8EE 1DAEE 4HQEE 2D5EE 3H4EE 1EE 4EE 1SKEE
%00089%result% 02314
%00089%points% 250 257 291 296 256
%00090%mibun% 03124
%00090%seat% 30214
%00090%palyer_cards% S3S6S9SAH6HJD4D6C3C8C9 S4S5SQH3H8HTD3D5DQDKC7 S7STSKH4H9HQH2DACTCQC2 S8D7D9DJC5C6CJCKCAJ3 SJS2H5H7HKHAD8DTD2C4 
%00090%change_cards%  40S2D2EE 12DKEE 04S3C3EE 21H4EE
%00090%play%  1H3D3EE 4EE 3DJCJEE 0S2D2EE 2EE 1EE 3EE 0EE 0S6H6D6EE 2EE 1EE 4EE 3EE 0EE 0S9C9EE 2STCTEE 1EE 4EE 3KKCKEE 0EE 2EE 3EE 3C5EE 0C8EE 0D4EE 2S7EE 1H8EE 1S4H4EE 4EE 3EE 0EE 2HQCQEE 1EE 2SKDKEE 2H2C2EE 2EE 2H9EE 1HTEE 4HKEE 3EE 0EE 2EE 1EE 4HAEE 4EE 4S3C3EE 3EE 0EE 2EE 1S5D5EE 4EE 1SQDQEE 1EE 1C7EE 4D8EE 4C4EE 3C6EE 0EE 2EE 4EE 3CAEE 3EE 3D7EE 0HJEE 2DAEE 4EE 3EE 0EE 4H5EE 3S8EE 3D9EE 0SAEE
%00090%result% 12304
%00090%points% 252 262 295 299 257
%00091%mibun% 30124
%00091%seat% 30214
%00091%palyer_cards% S7STSAH9D8D9DKDAC8C9 S9HTHQHKD3D6DTDQC6CTCK SQSKH5H6H7HAD5C3C5CJ S4S6S8SJH8HJD4D2C4C7C2 S3S5S2H3H4H2D7DJCQCAJ3 
%00091%change_cards%  41S2J3EE 02SAEE 14D3D6EE 20C3EE
%00091%play%  4S3H3D3EE 3S4D4C4EE 0H9D9C9EE 2EE 1HTDTCTEE 4EE 3EE 0EE 1HQDQNQEE 1EE 1HKCKEE 4EE 3D2C2EE 0EE 2EE 1EE 3EE 3S8H8EE 3SJHJEE 0EE 2SAHAEE 1EE 4EE 3EE 2EE 2H5H6H7EE 1EE 4EE 3EE 0EE 2EE 2D5C5EE 1EE 4EE 3EE 0D8C8EE 0C3EE 2CJEE 1EE 4CQEE 3EE 0EE 2EE 4CAEE 4EE 4H4EE 3S6EE 0S7EE 2SQEE 1S2EE 4EE 3EE 0EE 2EE 1EE 1C6EE 4D7EE 3EE 0STEE 2SKEE 1EE 4EE 0EE 1S9EE 4DJEE 3EE 0DKEE 4EE 0DAEE 4S5EE 3C7EE
%00091%result% 21034
%00091%points% 255 266 300 301 258
%00092%mibun% 21034
%00092%seat% 30214
%00092%palyer_cards% S6S7S8S9SAH3D7DTDQC5 S5S2H4HAD3D5D2C8CQCKC2 STSJSQH6H9HTD6DAC3C6C9 S3SKHJD4D8D9DKCTCJCA S4H5H7H8HQHKH2DJC4C7J3 
%00092%change_cards%  42H2J3EE 31CAEE 24H6C3EE 13D3EE
%00092%play%  3S3D3EE 0S7D7EE 2STMTEE 1S2D2EE 4EE 3EE 0EE 2EE 1EE 1CQCKCAC2EE 4EE 3EE 0EE 2EE 1EE 1S5D5EE 4H7C7EE 3HJCJEE 0EE 2EE 1EE 4EE 3EE 3SKDKEE 0EE 2EE 1EE 4EE 3EE 3D4EE 0C5EE 2HTEE 1HAEE 4EE 3EE 0EE 2H2EE 1EE 2EE 2D6C6EE 1EE 4EE 3EE 0EE 2H9C9EE 2EE 2SJEE 1EE 4HQEE 3EE 0SAEE 2EE 4EE 0EE 0H3EE 2SQEE 1EE 4HKEE 3EE 0EE 2DAEE 4EE 1H4EE 4H5EE 3EE 0EE 1EE 4H6EE 4H8EE 4S4C4EE 3EE 0EE 1EE 4EE 4C3EE 3D8EE 3D9EE 0DTEE 1EE 4DJEE 3EE 0DQEE 0EE 0S6EE 1C8EE 3CTEE
%00092%result% 24130
%00092%points% 256 269 305 303 262
%00093%mibun% 42031
%00093%seat% 01234
%00093%palyer_cards% S6S8SKH6HQH2D3DJC3C5 S9SAH3HTHJHAD8C8C9CA S4STSJSQS2H8D9DTD2CKJ3 S3S5D5D6D7DQDKDAC6C7CT S7H4H5H7H9HKD4C4CJCQC2 
%00093%change_cards%  02SKH2EE 34DAEE 20S4H8EE 43H4EE
%00093%play%  0D3C3EE 1D8C8EE 1SAHACAEE 2S2H2D2EE 3EE 4EE 0EE 1EE 2EE 2K9STSJSQSKEE 3EE 4EE 0EE 1EE 2EE 2CKEE 3DQEE 4CJEE 0C5EE 1EE 2EE 3EE 4EE 0EE 0S8H8EE 0S6H6EE 1EE 2EE 3S5D5EE 4D4C4EE 0EE 3EE 4EE 4S7H7EE 0EE 1EE 2EE 3D6C6EE 4EE 3EE 3D7C7EE 4EE 0EE 1EE 2EE 3EE 3DKEE 4CQEE 0DJEE 1HTEE 2D9EE 3H4EE 4EE 0EE 1H3EE 2EE 3EE 1EE 1S9C9EE 2EE 3EE 4EE 0EE 1EE 1HJEE 2DTEE 3S3EE 4EE 0EE 3EE 3CTEE 4H9EE 0S4EE 4EE 0EE 0HQEE
%00093%result% 12304
%00093%points% 258 274 309 306 263
%00094%mibun% 30124
%00094%seat% 01234
%00094%palyer_cards% S3S4S5H7DQDKD2C8CKCA S8H4H9D3D5D9C5C9CJC2J3 S6S7S9SKS2H6H8HKHAD4C4 STH3H5HJHQD6D7DTC6CTCQ SJSQSAHTH2D8DJDAC3C7 
%00094%change_cards%  41SAH2EE 02D2EE 14H4D3EE 20D4EE
%00094%play%  4D3C3EE 0S4D4EE 1D5C5EE 2S6H6EE 3HQCQEE 4EE 0DKCKEE 1H2C2EE 2EE 3EE 0EE 1EE 1C9NTCJEE 2EE 3EE 4EE 0EE 1EE 1H9D9EE 2SKHKEE 3EE 4EE 0EE 1EE 2S2D2EE 2EE 2C4EE 3H5EE 4C7EE 0C8EE 0S3EE 1S8EE 1SAEE 2EE 3EE 4EE 0EE 2S7EE 3HJEE 4SQEE 0CAEE 2EE 3EE 4EE 0EE 0S5EE 2H8EE 2S9EE 3EE 4HTEE 0DQEE 2HAEE 4EE 0EE 3STDTCTEE 4EE 0EE 3EE 3D6C6EE 4SJDJEE 0EE 3EE 4EE 4H4EE 0H7EE 3EE 4EE 3H3EE 4D8EE 4DAEE
%00094%result% 12043
%00094%points% 261 279 313 307 265
%00095%mibun% 20143
%00095%seat% 01234
%00095%palyer_cards% STH3H9HJDKC6C8CQCKCA S6SQH4H7HTHQD3DJD2C5J3 SJH6HKHAD5D7D8DTC3C4C9 S5S7S8SAH5H2D4DQC7CJC2 S3S4S9SKS2H8D6D9DACT 
%00095%change_cards%  31H2C2EE 42S2EE 13H4D3EE 24C3EE
%00095%play%  3H4D4EE 4S9D9EE 0DKCKEE 1EE 2EE 3EE 4EE 0EE 0H3EE 1C5EE 2H6EE 3S8EE 3S5H5EE 4EE 0EE 1SQHQEE 2EE 3EE 1K2H2EE 1EE 1D2C2EE 2EE 3EE 4EE 0EE 1EE 1S6EE 2D7EE 3CJEE 4SKEE 0CAEE 1EE 2S2EE 3EE 4EE 0EE 2EE 2C4EE 3DQEE 4DAEE 0EE 1EE 2EE 3EE 4EE 4S3C3EE 0EE 1EE 2EE 3S7C7EE 4EE 3EE 3D3EE 4S4EE 0C6EE 1H7EE 2D8EE 2D5EE 3SAEE 4EE 0EE 1EE 2EE 4D6EE 0C8EE 0H9EE 1HTEE 2HKEE 4EE 0EE 1EE 2HAEE 2EE 2C9EE 4CTEE 0CQEE 1EE 2EE 4EE 0EE 0STEE 1DJEE 2EE 4EE 0EE 2DTEE 4EE 0HJEE 2EE 2SJEE
%00095%result% 31024
%00095%points% 264 283 315 312 266
%00096%mibun% 21304
%00096%seat% 34210
%00096%palyer_cards% S7STSQH6H9HTHKDJD2C8 S4S5S6H7H8HQH2D7C9C2 SJH3H5HAD3D5D9DACTCJCA S3S9SKD4D6D8DKC3C4CQCK S8SAS2H4HJDTDQC5C6C7J3 
%00096%change_cards%  43S2J3EE 21HAEE 34S3C3EE 12S4EE
%00096%play%  2H3D3EE 1H7D7EE 0EE 3L8D8EE 3SKDKCKEE 4EE 2EE 1EE 0EE 3EE 3D4C4EE 4EE 2H5D5EE 1H2C2EE 0EE 3EE 2EE 1EE 1S5EE 0H6EE 3S9EE 4DTEE 2EE 1HQEE 0HKEE 3EE 4EE 1HAEE 0EE 1EE 1S6EE 0S7EE 3S2EE 4EE 2EE 1EE 0EE 3EE 3D6EE 4S8EE 4C5C6C7EE 2EE 1EE 0EE 3EE 4EE 4S3C3EE 2SJCJEE 1EE 0EE 3EE 4EE 2EE 2DACAEE 1EE 0EE 3EE 4EE 2EE 2S4EE 1H8EE 1C9EE 0DJEE 3CQEE 4SAEE 2EE 0D2EE 4EE 0EE 0STHTEE 4EE 2EE 0EE 0C8EE 0H9EE 4HJEE 2EE 0EE 4EE 4H4EE 2D9EE 0SQEE 4EE 2