%-----%hostname% HonokanoMacBook-Pro.local
%-----%TIME_START% 2025/05/13 01:21:41
%-----%palyer_name% default default default default default
%-----%WINDOW_TYPE% ALICE
%-----%GRAPH_WINDOW% YES
%-----%RAND_TYPE% 1
%-----%RULE_KAKUMEI% YES
%-----%RULE_SHIBARI% YES
%-----%RULE_KINSOKU% NO
%-----%RULE_KAIDAN% YES
%-----%RULE_CHANGE% YES
%-----%RULE_5TOBI% NO
%-----%RULE_6REVERS% NO
%-----%RULE_8GIRI% YES
%-----%RULE_11BACK% NO
%-----%RULE_SEKIGAE% YES
%-----%RULE_SEKIGAE_NUM% 3
%-----%GAME_NUMBER% 100
%-----%FLASH_MIBUN_NUMBER% 100
%-----%GAME_PORT% 53166
%-----%RANDOM_SEED% 1747066891
%00000%mibun% 22222
%00000%seat% 14203
%00000%palyer_cards% S7STSQSAH4HTHJD4D7C5CK S9H3H7H9HKD5D8DTC4C6C8 S6S8H6D3DAC7C9CQCAC2 S4S5S2HQHAH2D6DQDKC3CT S3SJSKH5H8D9DJD2CJJ3 
%00000%change_cards% NULL
%00000%play%  2S6H6EE 0S7D7EE 3HQDQEE 1EE 4SKLKEE 2DACAEE 0EE 3S2H2EE 4EE 2EE 3EE 3C3EE 1C4EE 4EE 2C7EE 0CKEE 3EE 1EE 2C2EE 0EE 2EE 2D3EE 0C5EE 3D6EE 1H7EE 4H8EE 4SJDJCJEE 2EE 0EE 3EE 1EE 4EE 4S3EE 2S8EE 2C9EE 0HJEE 3DKEE 1EE 4D2EE 2EE 0EE 3EE 4EE 4H5EE 2CQEE 0SAEE 3EE 1EE 4EE 0EE 0H4D4EE 3EE 1D8C8EE 1S9H9EE 4EE 0STHTEE 3EE 1EE 0EE 0SQEE 3HAEE 1EE 4EE 3EE 3S4EE 1D5EE 4D9EE 3EE 1DTEE 1EE 1H3EE 3S5EE 1C6EE 3CTEE
%00000%result% 20431
%00000%points% 4 1 5 2 3
%00001%mibun% 14032
%00001%seat% 14203
%00001%palyer_cards% S8S9H7HKHAD5DTDAC7C9CJ S6H4H8H9D4D7C4C5CAJ3 S3STH3H5HQD6D9DQDKD2CT S4SJS2HTH2D3D8C6C8CQCK S5S7SQSKSAH6HJDJC3C2 
%00001%change_cards%  12CAJ3EE 30S2EE 21S3H3EE 03D5EE
%00001%play%  3D8C8EE 3D3EE 1C5EE 4H6EE 2D9EE 0DTEE 3EE 1EE 4EE 2DKEE 0EE 2D2EE 2KxEE 2EE 2STCTEE 0HADAEE 3EE 1EE 4EE 2EE 0EE 0H7C7EE 3EE 1EE 4HJDJEE 2HQDQEE 0EE 4EE 2EE 2H5EE 0S8EE 0S9C9EE 3EE 1EE 4EE 2EE 0EE 0CJEE 3CQEE 1EE 4C2EE 2EE 0EE 3EE 4EE 4SQSKSAEE 2EE 0EE 3EE 1EE 4EE 4C3EE 2D6EE 0HKEE 3H2EE 1EE 4EE 2EE 0EE 3EE 3S4EE 1S6EE 4S7EE 2EE 0S2EE 3EE 1EE 4EE 3D5EE 1D7EE 4EE 2EE 3EE 1EE 1H4D4C4EE 4EE 2EE 3EE 1EE 1S3H3EE 4EE 2EE 3EE 1EE 1H8EE 1H9EE 4EE 2CAEE 3EE 3C6EE 4EE 3HTEE 3SJEE 3CKEE
%00001%result% 01234
%00001%points% 9 5 8 4 4
%00002%mibun% 01234
%00002%seat% 14203
%00002%palyer_cards% S4S6SJSAHTD6D9DKC7CJCK S5S9S2H3H9H2D3D4D8D2CQ S3S8H5H8D7C4C5C8CTCA SQSKH4H6HJHKHADTC6C2J3 S7STH7HQD5DJDQDAC3C9 
%00002%change_cards%  40HQDAEE 31J3EE 04S4S6EE 13H3EE
%00002%play%  1MxD3D4EE 4EE 2EE 0EE 3EE 1EE 1S2H2D2EE 4EE 2EE 0EE 3EE 1EE 1S9H9EE 4EE 2EE 0SJCJEE 3SKHKEE 1EE 0SADAEE 3EE 0EE 0DKCKEE 3EE 1EE 4EE 2EE 0EE 0D6EE 3DTEE 1EE 4DJEE 2EE 0EE 3EE 4DQEE 4EE 4S7H7EE 2EE 0EE 3EE 1EE 4EE 4C3EE 2C4EE 0C7EE 3C2EE 1EE 4EE 2EE 0EE 3EE 3H6C6EE 1EE 4EE 2EE 0EE 3EE 3H3EE 1S5EE 4S6EE 2EE 0EE 3SQEE 1EE 4EE 3EE 3H4EE 1D8EE 1CQEE 4EE 2CAEE 0EE 3EE 2EE 2S8H8C8EE 2H5C5EE 0EE 3EE 4EE 2EE 2S3EE 0D9EE 3HJEE 4EE 2EE 0HQEE 3HAEE 0EE 4S4EE 2D7EE 0HTEE 4EE 2EE 4D5EE 2CTEE
%00002%result% 13024
%00002%points% 12 10 10 8 5
%00003%mibun% 20314
%00003%seat% 43120
%00003%palyer_cards% STH4HQD4D5D7D8DTDAC6C8 S3S7SAS2HJHAH2D3DKC7CA S8S9SQH6HKD6D9DJD2CTC2 S4SKH7H9HTDQC5CQCKJ3 S5S6SJH3H5H8C3C4C9CJ 
%00003%change_cards%  41SJCJEE 23D2EE 14S3D3EE 32S4EE
%00003%play%  4S3H3D3C3EE 3EE 1EE 2EE 0EE 4EE 4S5H5EE 3EE 1EE 2EE 0H4D4EE 4EE 0EE 0STDTEE 4EE 3K9H9EE 1S7C7EE 2H6D6EE 0EE 3EE 1EE 2EE 2S9D9EE 0D8C8EE 0DAEE 4C9EE 3H7EE 1EE 2S4EE 0EE 4EE 3EE 2EE 2C2EE 0HQEE 4H8EE 4S6EE 3C5EE 1EE 2EE 0EE 4C4EE 3EE 3SKCKEE 1EE 2EE 0EE 3DQCQEE 3EE 3D2EE 1DKEE 2DJEE 0D7EE 3EE 1EE 2EE 0D5EE 0EE 0C6EE 3EE 1EE 2EE 3HTEE 1EE 2S8EE 2HKEE 1EE 2SQEE 2CTEE
%00003%result% 40321
%00003%points% 16 11 12 11 10
%00004%mibun% 14320
%00004%seat% 43120
%00004%palyer_cards% S4S8SQH9H2D9C8C9CJJ3 SJSAH3HAD3D4DQDAC5C7CA S5S9STHJHKDJC3C4C6CQ S6H4H6H7D7D8DTD2CTCKC2 S3S7SKS2H5H8HTHQD5D6DK 
%00004%change_cards%  14SAHAEE 20HKEE 41S3H5EE 02S4EE
%00004%play%  1S3H3D3EE 2EE 0H9D9C9EE 4EE 3EE 1EE 0EE 0HKLAH2EE 4EE 3EE 1EE 2EE 0EE 0S8C8EE 0CJEE 4HQEE 3CKEE 1EE 2EE 0EE 4EE 3EE 3S6H6EE 1DACAEE 2EE 0EE 4EE 3D2C2EE 1EE 3EE 3H7D7EE 1EE 2HJDJEE 0EE 4EE 3EE 2EE 2S4C4EE 0EE 4SKDKEE 3EE 1EE 2EE 4SAHAEE 4EE 4D5EE 3D8EE 3DTCTEE 1EE 2EE 0EE 4EE 3EE 3H4EE 1C7EE 2S9EE 0SQEE 4S2EE 1EE 2EE 4EE 4D6EE 1SJEE 2CQEE 4EE 1EE 2EE 2C3EE 4S7EE 1DQEE 2EE 4EE 1EE 1H5C5EE 2EE 4EE 1EE 1D4EE 2S5EE 4H8EE 4HTEE
%00004%result% 30142
%00004%points% 20 14 13 16 12
%00005%mibun% 12403
%00005%seat% 43120
%00005%palyer_cards% S4SQH5HQHKD3D7C9CTJ3 S5S8SKSAH7H9H2DQDKC6C2 S7S2HJD4D5D6D8DJC3C5C7 S3S9H6H8HTD9DTC4C8CKCA S6STSJH3H4HADAD2CJCQ 
%00005%change_cards%  23S2HJEE 40D2EE 32S3C4EE 04D3EE
%00005%play%  4H3D3EE 3H8C8EE 3S9D9EE 1SKDKEE 2EE 0K2D2EE 4EE 3EE 1EE 0EE 0SQHQEE 4HADAEE 3EE 1H2C2EE 2EE 0EE 4EE 1EE 1S5EE 2D8EE 2C3C4C5EE 0EE 4EE 3EE 1EE 2EE 2D4D5D6EE 0EE 4EE 3EE 1EE 2EE 2S7C7EE 0EE 4SJCJEE 3EE 1EE 2EE 4EE 4H4EE 3H6EE 1H7EE 2EE 0HKEE 4EE 3EE 1EE 0EE 0S4EE 4S6EE 3S2EE 1EE 2EE 0EE 4EE 3EE 3HTDTEE 1EE 2EE 0EE 4EE 3EE 3HJEE 1DQEE 2EE 0EE 4EE 3CKEE 1SAEE 3EE 1EE 1C6EE 2DJEE 0EE 4CQEE 3CAEE 1EE 2EE 4EE 1S8EE 1H9EE 2EE 0CTEE 4EE 0EE 0H5EE 4STEE 2EE 0EE 2S3EE
%00005%result% 31420
%00005%points% 21 18 15 21 15
%00006%mibun% 41302
%00006%seat% 01243
%00006%palyer_cards% S8S9H4H6H9D5D8C6C7CTCQ S3S4S6SQSAH8HKDKCJCAC2 STH5HTD7D9DJDAD2C5C8 S5S7H7HJHAD3DTDQC3C4CK SJSKS2H3HQH2D4D6C9J3 
%00006%change_cards%  03CTCQEE 21D2EE 30D3C3EE 12S3EE
%00006%play%  0D3C3EE 1HKDKEE 2EE 4S2H2EE 3EE 0EE 1EE 4EE 4D4M5D6EE 3EE 0EE 1EE 2EE 4EE 4H3EE 3C4EE 0D5EE 1S6EE 2D7EE 4C9EE 3HJEE 0EE 1SQEE 2DAEE 4EE 3EE 1EE 2EE 2H5C5EE 4EE 3S7H7EE 0S8D8EE 0H6C6EE 1SACAEE 2EE 4EE 3EE 0EE 1D2C2EE 1EE 1S4EE 2C8EE 2STHTEE 4EE 3DQCQEE 0EE 1EE 2EE 3EE 3DTCTEE 0EE 1EE 2EE 4EE 3EE 3S5EE 0C7EE 1H8EE 1CJEE 2EE 4HQEE 3CKEE 0EE 4EE 3HAEE 0S9H9EE 2EE 4EE 0EE 0H4EE 2D9EE 4SJEE 2EE 4SKEE
%00006%result% 13042
%00006%points% 24 23 16 25 17
%00007%mibun% 20413
%00007%seat% 01243
%00007%palyer_cards% S6H4HTH2DTDJDAC5C8C9 SAS2H5H6H7H9D3D9C4CAC2 S4S5S7STHAD5D7DKD2CQCK SQHQHKD4D6D8C3CTCJJ3 S3S8S9SJSKH3H8HJDQC6C7 
%00007%change_cards%  21HAD2EE 43SKEE 12D3C4EE 34C3EE
%00007%play%  2S4C4EE 4S8H8EE 4S3H3C3EE 3SQHQMQEE 0EE 1SAHACAEE 2EE 4EE 3EE 1S2D2C2EE 1EE 1H5H6H7EE 2EE 4EE 3EE 0EE 1EE 1H9D9EE 2DKCKEE 4EE 3EE 0EE 2EE 2S5D5EE 4SJHJEE 3SKHKEE 0EE 2EE 4EE 3EE 3D4EE 0C5EE 2STEE 4DQEE 3EE 0DAEE 2EE 4EE 0EE 0HTDTEE 2EE 4EE 3EE 0EE 0H4EE 2CQEE 4EE 3EE 0H2EE 2EE 0EE 0S6EE 2EE 4C7EE 3D8EE 3D6EE 0C8EE 0C9EE 2EE 4EE 3CTEE 0EE 3CJEE 0DJEE 2EE 4EE 2S7D7EE 4EE 2EE 2D3EE
%00007%result% 13024
%00007%points% 27 28 18 29 18
%00008%mibun% 20314
%00008%seat% 01243
%00008%palyer_cards% S6S7H3H9HJHAD3DAC4CJ SQS2H6H7D7D8DTC5C7CTCQ S3S4S8S9H8HQD4D9C3C6C2 S5STSAHTHKH2DJDKC8C9 SJSKH4H5D5D6DQD2CKCAJ3 
%00008%change_cards%  41D2J3EE 23C2EE 14H6C5EE 32S5EE
%00008%play%  0H3D3EE 1DTCTEE 2EE 4SKCKEE 3H2C2EE 0EE 1EE 4EE 3EE 3STHTEE 0HJCJEE 1SQCQEE 2EE 4EE 3HKDKEE 0HADAEE 1L2D2EE 3EE 0EE 1EE 1H7D7C7EE 2EE 4EE 3EE 0EE 1EE 1D8EE 1S2EE 2EE 4EE 3EE 0EE 2S3S4S5EE 4EE 3EE 0EE 2EE 2S8H8EE 2S9D9EE 4EE 3EE 0EE 2EE 2C3EE 4SJEE 3SAEE 0EE 2EE 4EE 3EE 3C8EE 3C9EE 0EE 2HQEE 4CAEE 3EE 2EE 4EE 4H4H5H6EE 3EE 0EE 2EE 4EE 4D5C5EE 3EE 0EE 2EE 4EE 4D6EE 3DJEE 0EE 2EE 4DQEE 0C4EE 2C6EE 0EE 2EE 2D4EE
%00008%result% 13420
%00008%points% 28 33 20 33 21
%00009%mibun% 40312
%00009%seat% 20134
%00009%palyer_cards% SKS2H3HTHQH2DTC8C9CQ S6S7S8S9STSQH4D8DQC7CA H6HKHAD4D5D9DJD2CKJ3 S3S5SJH5H8D3D6D7C4C5CJ S4SAH7H9HJDKDAC3C6CTC2 
%00009%change_cards%  01S2H2EE 23J3EE 10S6H4EE 32S3EE
%00009%play%  3N3C4C5EE 4EE 2EE 0EE 1S8S9STEE 1S7C7EE 3SJCJEE 4EE 2EE 0EE 1EE 3EE 3S5H5EE 4SADAEE 2EE 0EE 1S2H2EE 3EE 4EE 1EE 1SQDQEE 3EE 4EE 2HKCKEE 0EE 1EE 2EE 2S3EE 0H4EE 1D8EE 1CAEE 3EE 4C2EE 2EE 0EE 4EE 4C3EE 2D4EE 0S6EE 3D7EE 4H9EE 2DJEE 0SKEE 3EE 4EE 2HAEE 0EE 2D2EE 2EE 2D5EE 0C8EE 0HTDTEE 3EE 4EE 2EE 0HQCQEE 0EE 0H3EE 3D6EE 4H7EE 2D9EE 0EE 3EE 4CTEE 2EE 4HJEE 4DKEE 4EE 4S4EE 2H6EE 0C9EE 3EE 4EE 3D3EE 4C6EE
%00009%result% 12043
%00009%points% 31 38 24 34 23
%00010%mibun% 20143
%00010%seat% 20134
%00010%palyer_cards% STSKH3H5HADKD2C3C7C9 S4S5SJH8HJD3D5D9DAC5C2 S9SQH6H9HTD4D7DTC6C8 S7SAS2H4H7HKH2D6C4CQJ3 S3S6S8HQD8DJDQCTCJCKCA 
%00010%change_cards%  31S2J3EE 42CAEE 13S4D3EE 24D4EE
%00010%play%  3S4H4C4EE 4EE 2EE 0EE 1S5D5C5EE 3EE 1SJHJMJEE 1EE 1S2C2EE 3EE 4EE 2EE 0EE 1EE 1H8EE 1D9EE 3CQEE 4CKEE 2CAEE 0EE 1EE 3EE 4EE 2EE 2H6C6EE 0SKDKEE 1EE 3EE 4EE 2EE 0EE 0H3C3EE 1EE 3S7H7EE 4S8D8EE 4DJCJEE 2EE 0EE 1EE 3EE 4HQDQEE 4EE 4S3EE 2D7EE 0C9EE 1DAEE 3H2EE 4EE 2EE 0EE 3EE 3D3EE 4D4EE 2EE 0D2EE 3EE 4EE 0EE 0H5EE 3D6EE 4CTEE 2SQEE 0HAEE 3EE 4EE 2EE 0EE 0C7EE 3HKEE 4EE 2EE 0EE 3SAEE 4S6EE 2C8EE 2S9H9EE 0EE 2HTDTEE
%00010%result% 13420
%00010%points% 32 43 26 38 26
%00011%mibun% 40312
%00011%seat% 20134
%00011%palyer_cards% SAH3H6HTHQHAD2C6CQJ3 S4S7S9STH9D3D6DACJCKCA SQH7HJHKH2D9DQC7C8CT S6S8SJS2H4D4D5D7D8DTC3 S3S5SKH5H8DJDKC4C5C9C2 
%00011%change_cards%  01D2J3EE 23H2EE 10S4D3EE 32C3EE
%00011%play%  0H3D3EE 1S9H9EE 3S2H2EE 4EE 2EE 0EE 1EE 3EE 3H4D4EE 4SKDKEE 2EE 0SAHAEE 1K2D2EE 3EE 4EE 0EE 1EE 1DACAEE 3EE 4EE 2EE 0EE 1EE 1D6EE 3D7EE 4DJEE 2EE 0EE 1EE 3EE 4EE 4S5H5C5EE 2EE 0EE 1EE 3EE 4EE 4S3EE 2C8EE 2H7C7EE 0HQCQEE 1EE 3EE 4EE 2EE 0EE 0H6C6EE 1EE 3S8D8EE 3D5EE 4H8EE 4C4EE 2D9EE 0HTEE 1CJEE 3EE 4C2EE 2EE 0EE 1EE 4EE 4C9EE 2CTEE 0EE 1CKEE 3EE 2EE 1EE 1S7EE 3DTEE 2HJEE 0EE 1EE 3EE 2HKEE 2EE 2SQDQEE 0EE 1EE 3EE 2EE 2C3EE 0S4EE 1STEE
%00011%result% 42013
%00011%points% 35 45 30 39 31
%00012%mibun% 23140
%00012%seat% 04231
%00012%palyer_cards% SKH4H5D4DJC5C6C9CKCA S8S2HTHJHKD3D5CTCQJ3 S3S4S6S9SJH9H2C3C8CJC2 S7STSQH3H6HQHAD6D8D9DA S5SAH7H8D7DTDQDKD2C4C7 
%00012%change_cards%  34HADAEE 12J3EE 43S5C4EE 21S3EE
%00012%play%  1S3D3EE 0H4D4EE 4EE 2S9H9EE 3SQHQEE 1EE 0EE 2K2H2EE 3EE 2EE 2SJCJEE 3EE 1EE 0SKCKEE 4EE 2EE 0EE 0H5C5EE 4EE 2EE 3H6D6EE 1HTCTEE 0EE 3EE 1EE 1D5EE 0C6EE 4H8EE 4DQDKDAD2EE 2EE 3EE 1EE 0EE 4EE 4H7D7C7EE 2EE 3EE 1EE 0EE 4EE 4SAHAEE 2EE 3EE 1EE 0EE 4EE 4DTEE 2C2EE 3EE 1EE 0EE 2EE 2C3EE 3C4EE 1CQEE 0CAEE 2EE 3EE 1EE 0EE 0C9EE 2EE 3STEE 1HJEE 0EE 3EE 1HKEE 1EE 1S8EE 1S2EE 0EE 2EE 3EE 0DJEE 2EE 3EE 2S4EE 3S5EE 2S6EE 3S7EE 2EE 3EE 3H3EE 2C8EE
%00012%result% 41023
%00012%points% 38 49 32 40 36
%00013%mibun% 21340
%00013%seat% 04231
%00013%palyer_cards% S4S5D8DJDQD2C6CKCAC2 S3SJHJD4D7DKDAC3C8C9 S6S2H4H6HQHAC5C7CTCQJ3 S7STSQSAH8H9HKH2D6D9C4 S8S9SKH3H5H7HTD3D5DTCJ 
%00013%change_cards%  34SAH2EE 21J3EE 43H3D3EE 12S3EE
%00013%play%  3H3D3EE 1SJHJEE 0D2C2EE 4EE 2EE 3EE 1EE 0EE 0S4EE 4H7EE 2CTEE 3SQEE 1DKEE 0CAEE 4H2EE 2EE 3EE 1KxEE 0EE 4EE 1EE 1C3EE 0S5EE 4S8EE 4H5D5EE 2S6H6EE 3H9D9EE 1EE 0EE 4HTDTEE 2EE 3EE 4EE 4S9EE 2HAEE 3EE 1EE 0EE 4EE 2S2EE 2EE 2HQCQEE 3EE 1EE 0EE 4EE 2EE 2S3EE 3C4EE 1D7EE 0D8EE 0C6EE 4CJEE 2EE 3EE 1EE 0CKEE 4EE 0EE 0DJEE 4SKEE 2EE 3EE 1DAEE 0EE 4EE 1EE 1D4EE 0DQEE 4EE 2EE 3EE 1EE 4SAEE 2EE 3EE 1EE 2H4EE 3D6EE 1C8EE 1C9EE 2EE 3STEE 3HKEE 3EE 3S7EE 2EE 3H8EE
%00013%result% 04132
%00013%points% 43 52 33 42 40
%00014%mibun% 02431
%00014%seat% 04231
%00014%palyer_cards% S8S9S2H7HQD4D7DTC4CQJ3 S4S5S7SKH8HJHAD3D6C5 SJSQSAH9DJDKC3C8CJCKCA S3H3H4H6HTD8DQDAD2C7 S6STH5HKH2D5D9C6C9CTC2 
%00014%change_cards%  20SACAEE 34D2EE 02D4C4EE 43H5EE
%00014%play%  1S5C5EE 0H7D7EE 4D9C9EE 2DKCKEE 3EE 1EE 0MACAEE 4D2C2EE 2EE 0EE 4EE 4S6C6EE 2EE 3EE 1EE 0HQCQEE 4EE 0EE 0S8EE 0S9EE 4HKEE 2EE 3DAEE 1EE 0S2EE 4EE 3EE 0EE 0DTEE 4H2EE 2EE 3EE 1EE 0EE 4EE 4STCTEE 2EE 3EE 1EE 0EE 4EE 4D5EE 2C8EE 2SJDJCJEE 3EE 1EE 0EE 2EE 2D4C4EE 3EE 1EE 0EE 2EE 2C3EE 3C7EE 1EE 0EE 2EE 3EE 3H3H4H5H6EE 1EE 0EE 2EE 3EE 3S3EE 1S4EE 0SAEE 2EE 3EE 1EE 2H9EE 3HTEE 1HJEE 2EE 3EE 1HAEE 1EE 1D3EE 2SQEE 3EE 1SKEE 1EE 1D6EE 3D8EE 3DQEE
%00014%result% 40231
%00014%points% 47 53 36 44 45
%00015%mibun% 14230
%00015%seat% 23041
%00015%palyer_cards% S3S4S7H4H5DQDAC6C9CJ S6S8STS2H7HAD5D7DTCAJ3 SAH3H6HQH2D3D4C8CTCQCK S5SKHTHJD8D9C3C5C7C2 S9SJSQH8H9HKD6DJDKD2C4 
%00015%change_cards%  14S2J3EE 30C2EE 41D6C4EE 03S3EE
%00015%play%  2H3D3EE 3S5C5EE 0EE 4S9H9EE 1STDTEE 2HQCQEE 3EE 4HKDKEE 1HACAEE 2EE 4S2D2EE 1EE 4EE 4KTSJSQEE 1EE 2EE 3EE 0EE 4EE 4H8EE 4DJEE 1EE 2CKEE 3EE 0DAEE 2H2EE 0EE 2EE 2D4EE 3C7EE 0C9EE 1EE 2CTEE 3EE 0CJEE 2EE 0C2EE 0EE 0S4H4EE 1S6D6EE 2EE 3EE 0EE 1H7D7EE 1EE 1C4EE 2H6EE 3D8EE 3S3C3EE 0EE 1EE 2EE 3EE 3D9EE 0DQEE 1EE 2EE 3EE 0EE 0H5EE 1S8EE 1D5EE 2C8EE 2SAEE 3EE 0EE 3HTEE 0EE 3HJEE 3EE 3SKEE
%00015%result% 41230
%00015%points% 48 57 39 46 50
%00016%mibun% 41230
%00016%seat% 23041
%00016%palyer_cards% S5H4H5H2D6D8DKDACQJ3 S9SKH3H8H9HQDTDQC6C7CK S3HTHJD3D4D9D2C4C8CTCA STSQS2H7D5D7DJC3C5C2 S4S6S7S8SJSAH6HKHAC9CJ 
%00016%change_cards%  04H2J3EE 31S2EE 40S4S6EE 13H3EE
%00016%play%  2S3D3EE 3D5C5EE 0S6D6EE 4SJCJEE 1HQDQEE 2EE 3EE 0EE 4SAHAEE 1EE 4K2H2EE 4EE 4H6EE 1C7EE 2C8EE 2D4C4EE 3H7D7EE 0EE 4EE 1S9H9EE 2HTCTEE 3EE 1SKCKEE 2EE 1EE 1C6EE 2D9EE 3STEE 0CQEE 4HKEE 1S2EE 2EE 3EE 0EE 4EE 1EE 1H8EE 1DTEE 2HJEE 3SQEE 0DKEE 4EE 2CAEE 3C2EE 0EE 2EE 3EE 3H3C3EE 0S4H4EE 4EE 2EE 3EE 0S5H5EE 0EE 0D8EE 0DAEE 4EE 2D2EE 3EE 3DJEE
%00016%result% 10234
%00016%points% 52 62 42 48 51
%00017%mibun% 10234
%00017%seat% 23041
%00017%palyer_cards% S7STSJSQS2H5DJC3C7J3 S4S6S8H9HJHKD5D7D9DTDA D4D8DQDKD2C6C8CJCQCKCA S5S9SKH6HTHAH2D6C5C9C2 S3SAH3H4H7H8HQD3C4CT 
%00017%change_cards%  41SAHQEE 30H2EE 14S4D5EE 03C3EE
%00017%play%  4S3H3D3EE 1EE 2EE 3EE 0S7L7C7EE 4EE 0EE 0STSJSQEE 4EE 1EE 2EE 3EE 0EE 0S2H2EE 4EE 1EE 2EE 3EE 0EE 0H5EE 4H7EE 1EE 2EE 3HTEE 0EE 4EE 3HAEE 3EE 3S5C5EE 0EE 4EE 1H9D9EE 2DQCQEE 3EE 1SADAEE 2EE 1EE 1HJHQHKEE 2EE 3EE 0EE 4EE 1EE 1S6EE 2CJEE 3SKEE 0EE 4EE 1EE 2CAEE 3C2EE 2EE 3EE 3H6D6EE 0EE 4EE 1EE 2D8C8EE 2DKCKEE 3EE 0EE 4EE 1EE 2EE 2D4EE 3EE 0DJEE 4EE 1EE 2D2EE 2EE 2C6EE 3EE 4H8EE 4S4H4C4EE 1EE 3EE 4EE 4D5EE 1D7EE 3EE 4EE 1DTEE 1EE 1S8EE 3S9C9EE 4EE 3EE 3C3EE
%00017%result% 02134
%00017%points% 57 65 46 50 52
%00018%mibun% 02134
%00018%seat% 43210
%00018%palyer_cards% H9D3D7D9DAD2C5C7CTCJC2 S3S5S6S8SKH3H2D6C8CQ S7STSQSAS2H8HTHQHKDQ SJH7D4D8DTDKC3C4C9CKCA S4S9H4H5H6HJHAD5DJC6J3 
%00018%change_cards%  40HAJ3EE 32CAEE 04D3C5EE 23S7EE
%00018%play%  4H4H5H6EE 3EE 2EE 1EE 0D7M8D9EE 0HADAEE 4EE 3EE 2EE 1EE 0D2C2EE 0EE 0C7EE 4S9EE 3DTEE 2HKEE 1H2EE 0EE 4EE 3EE 2EE 1EE 1S3H3EE 0EE 4D5C5EE 3S7H7EE 2STHTEE 1EE 4EE 3EE 2SQHQEE 2EE 2SACAEE 1EE 0EE 4EE 3EE 2EE 2H8EE 2DQEE 1SKEE 0EE 4EE 3EE 2S2EE 1EE 1S6D6EE 0EE 4HJDJEE 3DKCKEE 1EE 4EE 3EE 3D4C4EE 1S8C8EE 1S5EE 0H9EE 4EE 3SJEE 1CQEE 0EE 3EE 0CTEE 4EE 3EE 0CJEE 4D3EE 3D8EE 3C3EE 4S4EE 3C9EE
%00018%result% 21034
%00018%points% 60 69 51 52 53
%00019%mibun% 21034
%00019%seat% 43210
%00019%palyer_cards% S4SAH4H8HTD4D6DJD2C9J3 S3S7H3H9HQDTDKC3C4C5CT S5S6S8SJS2HJHAH2D3DQCJ S9SQSKD5D7DAC7C8CAC2 STH5H6H7HKD8D9C6CQCK 
%00019%change_cards%  42HKCKEE 31C2EE 24S5D3EE 13S3EE
%00019%play%  4H5H6H7EE 3EE 2HKHAH2EE 1EE 0EE 4EE 2EE 2SJHJCJEE 1EE 0EE 4EE 3EE 2EE 2S6EE 1S7EE 0SAEE 4EE 3EE 2S2EE 1EE 0KxEE 2EE 0EE 0S4H4D4EE 4EE 3EE 2EE 1EE 0EE 0D6EE 4D8EE 4D3EE 3D5EE 2DQEE 1DKEE 0D2EE 4EE 3EE 2EE 1EE 0EE 0H8EE 0C9EE 4STEE 3SQEE 2EE 1EE 0EE 4EE 3SKEE 3EE 3D7C7EE 2EE 1DTCTEE 0EE 4EE 3DACAEE 1EE 3EE 3S3EE 2S8EE 2CKEE 1C2EE 0EE 4EE 3EE 1EE 1C3C4C5EE 0EE 4EE 3EE 1EE 1H3EE 0HTEE 4EE 3EE 1HQEE 0EE 1EE 1H9EE 0DJEE 4CQEE 3EE 4EE 4S5EE 3C8EE 3S9EE
%00019%result% 21034
%00019%points% 63 73 56 54 54
%00020%mibun% 21034
%00020%seat% 43210
%00020%palyer_cards% SKS2H5H9HAD5D6D8D9C7C2 S3S9STH6HQH2DJC5CTCJCA S6H3HJD3D4D2C3C4C9CQCK S4S5S7S8SQSAH4DTDQJ3 SJH7H8HTHKD7DKDAC6C8 
%00020%change_cards%  42HKDAEE 31J3EE 24H3D3EE 13S3EE
%00020%play%  4H3D3EE 3S4H4EE 2HKCKEE 1KACAEE 0S2C2EE 4EE 3EE 2EE 1EE 0EE 0H5D5EE 4H7D7EE 3EE 2EE 1EE 0H9D9EE 4EE 0EE 0D6EE 4HTEE 3SAEE 2D2EE 1EE 0EE 4EE 3EE 2EE 2D4C4EE 1STCTEE 0EE 4EE 3SQDQEE 2EE 1EE 3EE 3S3EE 2S6EE 1S9EE 0SKEE 4EE 3EE 2EE 1EE 0EE 0C7EE 4SJEE 3EE 2CQEE 1H2EE 0EE 4EE 2EE 1EE 1DJCJEE 0EE 4EE 3EE 2EE 1EE 1C5EE 0D8EE 0HAEE 4EE 3EE 2EE 1EE 4H8C8EE 4C6EE 3S7EE 2C9EE 1HQEE 4DKEE 3EE 2DAEE 1EE 2EE 2C3EE 1H6EE 3S8EE 3S5EE 2HJEE
%00020%result% 04123
%00020%points% 68 76 58 55 58
%00021%mibun% 02341
%00021%seat% 21403
%00021%palyer_cards% S4SKH5HQHAH2D4D8CJCKJ3 S5S8SQHTD3DKC5C8CAC2 S6S9SAH3H7H8D5D2C9CTCQ S7STS2HJD9DQDAC3C4C6C7 S3SJH4H6H9HKD6D7DTDJ 
%00021%change_cards%  30S2DAEE 24D2EE 03S4D4EE 42S3EE
%00021%play%  1S5C5EE 4H6D6EE 0SKCKEE 3EE 2EE 1EE 4EE 0HADAEE 0S2H2EE 0EE 0K5H5EE 3S7C7EE 2S9C9EE 1EE 4EE 0EE 3EE 2EE 2S3H3EE 1S8C8EE 1D3EE 4H4EE 0D8EE 0CJEE 3DQEE 2SAEE 1C2EE 4EE 0EE 3EE 2EE 1EE 1HTEE 4HKEE 0EE 3EE 2EE 1EE 4EE 4SJDJEE 0EE 3EE 2EE 1EE 4EE 4D7EE 0HQEE 3EE 2EE 1DKEE 4D2EE 1EE 4EE 4H9EE 3STEE 2CQEE 1CAEE 4EE 3EE 2EE 1EE 1SQEE 4EE 3EE 2EE 4DTEE 3HJEE 2EE 3EE 3S4D4C4EE 2EE 3EE 3C3EE 2D5EE 3C6EE 2H7EE 3D9EE
%00021%result% 01432
%00021%points% 73 80 59 57 61
%00022%mibun% 01432
%00022%seat% 21403
%00022%palyer_cards% S6SJSQSAH5HQH2D5DTDACK S5SKS2H7HTD4D9DJC4CQ S7S9STHJD6D7DQDKD2C3CT S3H6H9HAC5C6C7CJCAC2J3 S4S8H3H4H8HKD3D8C8C9 
%00022%change_cards%  20DKD2EE 31J3EE 02H5D5EE 13D4EE
%00022%play%  4S8H8D8C8EE 4S4H4EE 0EE 3EE 2EE 1EE 4H3D3EE 4EE 4HKEE 0SJEE 3H9EE 2C3EE 1KxEE 4EE 0EE 3EE 2EE 1EE 1S2EE 4C9EE 0S6EE 3D4EE 2EE 1EE 0EE 3S3EE 3EE 3C5C6C7EE 2EE 1EE 0EE 3EE 3HACAEE 2STCTEE 1EE 0EE 3EE 2S7D7EE 2H5D5EE 2EE 2DQEE 1DJEE 0DTEE 3EE 2D6EE 1EE 0EE 2EE 2HJEE 1HTEE 0EE 3H6EE 2EE 1EE 3EE 3C2EE 2S9EE 1H7EE 0EE 3EE 1S5EE 1C4EE 1EE 1SKEE 0EE 3CJEE 1D9EE 1EE 1CQEE
%00022%result% 42310
%00022%points% 74 82 63 60 66
%00023%mibun% 43120
%00023%seat% 21403
%00023%palyer_cards% S8STH5D5DTDKC3C9CTCAC2 S6S9SJH7HTHKD2C7CJCK SKSAS2H3H6H8HAD6D9CQ S4S5H9HQD3DJDAC4C5C6C8 S3S7SQH4HJH2D4D7D8DQJ3 
%00023%change_cards%  04CAC2EE 12D2EE 40S3H4EE 21H3EE
%00023%play%  3C4C5C6EE 2SKSAS2EE 1EE 4EE 0EE 3EE 2EE 2H6D6EE 1H7C7EE 4SQDQEE 0EE 3EE 2EE 1HKCKEE 4H2C2EE 1EE 4EE 4M6D7D8EE 4D4EE 0S8EE 0STDTCTEE 3EE 2EE 1EE 4EE 0EE 0S3C3EE 3EE 2EE 1SJCJEE 4EE 0EE 1EE 1H3EE 4S7EE 0C9EE 3DJEE 2CQEE 1EE 4CAEE 0EE 3EE 2EE 4EE 4HJEE 0DKEE 3DAEE 2D2EE 1EE 0EE 3EE 2EE 2H8EE 2D9EE 1HTEE 0EE 3HQEE 2HAEE 1EE 3EE 1S6EE 0EE 3C8EE 3D3EE 1S9EE 0EE 3EE 0H5D5EE 3EE 0EE 0H4EE
%00023%result% 42103
%00023%points% 76 85 67 61 71
%00024%mibun% 32140
%00024%seat% 34201
%00024%palyer_cards% STSQSKH3HTD6DJDKDACJCK S6S8S9SJSAH5D8D9DTDQ S3S4S2H6HJD3D7C3C8C9CT S5H4H9HKHAD2C7CQC2J3 S7H7H8HQH2D4D5C4C5C6CA 
%00024%change_cards%  34D2J3EE 02DAEE 43D4C4EE 20S3EE
%00024%play%  2C8C9CTEE 2D3C3EE 0STHTEE 1EE 3EE 4H2D2EE 2EE 0EE 4EE 4N4C5C6EE 2EE 0EE 1D8D9DTEE 1H5EE 3C7EE 4H8EE 4S7H7EE 2EE 0DJCJEE 1EE 3EE 4EE 0EE 0SKDKCKEE 1EE 3EE 4EE 2EE 0EE 0S3H3EE 1EE 3EE 4EE 2EE 0EE 0D6EE 1S8EE 1S6EE 3H9EE 4HQEE 2EE 0EE 1EE 3HKEE 4EE 3HAEE 3EE 3H4D4C4EE 4EE 2EE 0EE 1EE 3EE 3S5EE 4CAEE 2S2EE 0EE 1EE 3EE 4EE 2EE 2S4EE 0SQEE 1SAEE 3EE 4EE 2EE 1EE 1S9EE 3CQEE 4EE 2DAEE 1EE 3C2EE 2EE 4D5EE 2H6EE 1SJEE 2EE 1DQEE
%00024%result% 03412
%00024%points% 81 87 68 65 74
%00025%mibun% 03412
%00025%seat% 34201
%00025%palyer_cards% STSKSAH8HAD3D6D7DKC5CJ S5H6HJHQD5DJDAD2CKC2J3 S6S7S9SQH3H2D4D9C8C9 S4S8SJH7H9HTC3C4C6CTCQ S3S2H4H5HKD8DTDQC7CA 
%00025%change_cards%  20SQH2EE 13J3EE 02D3C5EE 31C3EE
%00025%play%  2S9D9C9EE 0EE 1EE 3KTHTCTEE 4EE 2EE 3EE 3S4C4EE 4EE 2EE 0SKDKEE 1D2C2EE 3EE 0EE 1EE 1S5D5EE 3EE 4EE 2EE 0SAHAEE 1EE 0EE 0D6EE 1HQEE 3EE 4HKEE 2EE 0H2EE 1EE 4EE 0EE 0D7EE 1CKEE 3EE 4CAEE 2EE 0EE 1EE 4EE 4S3EE 2D4EE 0H8EE 0STEE 1DAEE 3EE 4S2EE 2EE 0EE 1EE 4EE 4H4EE 2C5EE 0CJEE 1EE 3CQEE 4EE 2EE 0EE 3EE 3C6EE 4C7EE 2C8EE 2H3D3EE 0EE 1HJDJEE 3EE 4EE 2EE 1EE 1C3EE 3H7EE 4D8EE 4H5EE 2S6EE 0SQEE 1EE 3EE 4EE 2EE 1H6EE 3S8EE 3H9EE 4DTEE 2EE 3SJEE 4DQEE
%00025%result% 01342
%00025%points% 86 91 69 68 76
%00026%mibun% 01423
%00026%seat% 34201
%00026%palyer_cards% SQSKH7H8HJD3DJD2C4C6CJ S9STSJHTHQD7DTC7C8CTCK S4S5S6S8H3H4H6H9C3J3 S2HKH2D4D5D6DQDKC9CQC2 S3S7SAH5HAD8D9DAC5CA 
%00026%change_cards%  20H9J3EE 41SAEE 02D3C4EE 14D7EE
%00026%play%  2S4S5S6EE 0H7H8H9EE 0KJSQSKEE 1EE 3EE 4EE 2EE 0EE 0HJDJCJEE 1EE 3S2H2C2EE 4EE 2EE 0EE 3EE 3D4D5D6EE 4D7D8D9EE 4HADACAEE 2EE 0EE 1EE 3EE 4EE 4H5C5EE 2EE 0EE 1EE 3DQCQEE 4EE 3HKDKEE 3EE 3C9EE 4EE 2EE 0D2EE 1EE 0EE 0C6EE 1C7EE 4EE 2EE 1C8EE 1S9STSJEE 4EE 2EE 1EE 1HTDTCTEE 4EE 2EE 1EE 1HQEE 4EE 2EE 1CKEE 1SAEE 4S3EE 2H6EE 4S7EE
%00026%result% 30142
%00026%points% 90 94 70 73 78
%00027%mibun% 12403
%00027%seat% 31042
%00027%palyer_cards% SQH9D3D5D6D2C3C4C6CTJ3 S3SKS2H8D4D9DTDKC8CJCK S4S9STSAH3HTHQD8DQC7 S6S7SJH4H5H6H7HKH2D7DJ S5S8HJHADAC5C9CQCAC2 
%00027%change_cards%  23SAHQEE 40C2EE 32H4H5EE 04D3EE
%00027%play%  4HADACAEE 2EE 3EE 1EE 0K2D2C2EE 4EE 0EE 0D6C6EE 4EE 2STHTEE 3SJDJEE 1EE 0EE 2EE 3EE 3S7H7D7EE 1SKDKCKEE 0EE 4EE 2EE 3EE 1EE 1H8C8EE 1S3EE 0C4EE 4S8EE 4S5C5EE 2EE 3S6H6EE 1EE 0EE 4EE 3EE 3HQEE 1S2EE 0EE 4EE 2EE 3EE 1EE 1D4EE 0D5EE 4EE 2D8EE 2H3H4H5EE 3EE 1EE 0EE 4EE 2EE 2S4EE 3HKEE 1EE 0EE 4EE 2EE 3SAEE 3H2EE 1D9EE 0CTEE 4HJEE 2DQEE 1EE 0EE 4EE 2EE 2C7EE 1DTEE 0SQEE 4EE 2EE 1EE 0EE 0C3EE 4C9EE 2EE 1CJEE 0EE 4CQEE 4EE 4D3EE 2S9EE
%00027%result% 31420
%00027%points% 91 98 72 78 81
%00028%mibun% 41302
%00028%seat% 31042
%00028%palyer_cards% S5H3HJHKD3D6D7DQC3CAC2 S9SKSAS2H7H9HQD5D2CKJ3 S3S7SJH5HTD8D9DTC5C9 S4SQH4H6H8D4DJDAC6C7C8 S6S8STHAH2DKC4CTCJCQ 
%00028%change_cards%  03CAC2EE 21SJEE 30S4H4EE 12D5EE
%00028%play%  0H3D3C3EE 4EE 2H5D5C5EE 3EE 1EE 0EE 2EE 2D8D9DTEE 2S3EE 3D4EE 1H7EE 0HJEE 4HAEE 2EE 3EE 1KxEE 0EE 4EE 1EE 1SKSAS2EE 0EE 4EE 2EE 3EE 1EE 1S9H9EE 0EE 4STCTEE 2EE 3DACAEE 1EE 4EE 3EE 3C6C7C8EE 3H6EE 1SJEE 0DQEE 4DKEE 2EE 3EE 1D2EE 0EE 4EE 1EE 1HQEE 0HKEE 4H2EE 2EE 3EE 1EE 0EE 4EE 4C4EE 2S7EE 3H8EE 3DJEE 1CKEE 0EE 4EE 2EE 3C2EE 3EE 3SQEE 0EE 4EE 2EE 0S4H4EE 4EE 2EE 0EE 0S5EE 4S6EE 2EE 0EE 4S8EE 4CJEE 2EE 0EE 4CQEE 2C9EE 0EE 2HTEE
%00028%result% 13420
%00028%points% 92 103 74 82 84
%00029%mibun% 40312
%00029%seat% 31042
%00029%palyer_cards% S3S6SJSAD3D7DQC4C5C9CT STSKH7H8HTHJD9DJDAD2CQ S4S9SQH3H4H5HKD6DTC8 H6H9HAH2D8C6CJCAC2J3 S5S7S8S2HQD4D5DKC3C7CK 
%00029%change_cards%  01SADQEE 23HKEE 10H7H8EE 32H6EE
%00029%play%  0S3D3EE 4S5D5EE 2EE 3K8D8EE 3HKHAH2EE 1EE 0EE 4EE 2EE 3EE 3C6EE 1D9EE 0CTEE 4HQEE 2EE 3CAEE 1D2EE 0EE 4EE 3EE 1EE 1STHTEE 0EE 4DKCKEE 2EE 3EE 1SADAEE 4EE 1EE 1HJDJEE 0EE 4EE 2EE 3EE 1DQCQEE 1EE 1SKEE 0EE 4S2EE 2EE 3EE 4EE 4S7C7EE 2EE 3EE 0EE 4EE 4C3EE 2C8EE 2H3H4H5H6EE 3EE 0EE 4EE 2EE 2S4EE 3H9EE 0SJEE 4EE 2SQEE 3EE 0EE 2EE 2D6EE 3CJEE 0EE 4EE 2EE 3C2EE 0H7D7EE 4EE 2EE 0EE 0C4EE 4S8EE 4D4EE 2S9EE 0EE 2DTEE
%00029%result% 13420
%00029%points% 93 108 76 86 87
%00030%mibun% 40312
%00030%seat% 13240
%00030%palyer_cards% S9S2H9HAD7DKDAC4C9CK S3S6S8SQSKSAH7D8D9C5CJ STSJHKD3D5D6DTDJD2C3CA S4S5S7H3H5H8HTHJHQC7C8 H4H6H2D4DQC6CTCQC2J3 
%00030%change_cards%  01S2HAEE 23D2EE 10S3C5EE 32H3EE
%00030%play%  2H3D3C3EE 4K4H4D4EE 0S9H9C9EE 1EE 3EE 2EE 4EE 0EE 0DKCKEE 1SAHAEE 3EE 2EE 4H2C2EE 0EE 1EE 4EE 4H6C6EE 0EE 1S8D8EE 1S6EE 3D2EE 2EE 4EE 0EE 1EE 3EE 3HTHJHQEE 2EE 4EE 0EE 1EE 3EE 3S5H5EE 2STDTEE 4DQCQEE 0EE 1EE 3EE 2EE 4EE 4CTEE 0DAEE 1S2EE 3EE 2EE 0EE 1EE 1H7EE 3EE 2HKEE 0EE 1EE 2EE 2SJDJEE 0EE 1EE 3EE 2EE 2D5EE 0D7EE 1D9EE 3EE 2EE 0EE 1EE 1CJEE 3EE 2CAEE 0EE 1EE 2EE 2D6EE 0EE 1SQEE 3EE 1SKEE 3S7C7EE 0EE 3H8C8EE 3S4EE
%00030%result% 42130
%00030%points% 94 111 80 88 92
%00031%mibun% 42130
%00031%seat% 13240
%00031%palyer_cards% S3H8HTHAH2D3DTDAC3C4C5 S5S6S9H7HKDJDKD2C6C9CK S4S7STSJSKH3D7D9CTJ3 S8SQSAH5H9HQD6C7C8CA S2H4H6HJD4D5D8DQCJCQC2 
%00031%change_cards%  04HAH2EE 32SAEE 40H4D4EE 23H3EE
%00031%play%  0C3C4C5EE 1EE 3EE 2D7M8D9EE 2STCTEE 4HJCJEE 0EE 1EE 3SQHQEE 2EE 4EE 3EE 3S8C8EE 3H3EE 2S4EE 4D5EE 0H8EE 0S3D3EE 1S6C6EE 3EE 2EE 4DQCQEE 0EE 1EE 4EE 4S2H2C2EE 0EE 1EE 3EE 2EE 4EE 4H6EE 0DAEE 1D2EE 3EE 2EE 4EE 0EE 1EE 1HKDKCKEE 3EE 2EE 4EE 0EE 1EE 1S9C9EE 3EE 2EE 4EE 0HTDTEE 1EE 0EE 0H4D4EE 1EE 3EE 2EE 4EE 1S5EE 3D6EE 2S7EE 4D8EE 4HAEE 1EE 3EE 2EE 1H7EE 3H9EE 2EE 1EE 3EE 3H5EE 2SJEE 1EE 3CAEE 2EE 3EE 3C7EE 2SKEE 1EE 2SAEE
%00031%result% 04321
%00031%points% 99 112 82 91 96
%00032%mibun% 04321
%00032%seat% 13240
%00032%palyer_cards% S3SKSAH6HJD6D9DJC7CKCA S4H7H2D5D8DKC3C8CTC2J3 S9SJSQH4H9HKHADTDQC4 S6S8STS2H5H8HTHQD7C6CQ S5S7H3D3D4DAD2C5C9CJ 
%00032%change_cards%  10H2J3EE 24HAEE 01S3H6EE 42H3EE
%00032%play%  4S5C5EE 0HJDJEE 1EE 3HQCQEE 2EE 4HADAEE 0K2H2EE 3EE 4EE 0EE 0SKCKEE 1EE 3EE 2EE 4EE 0SACAEE 0EE 0D6EE 1H7EE 3S2EE 2EE 4EE 0EE 1EE 3EE 3S6C6EE 2S9H9EE 4EE 0EE 1EE 3STHTEE 2EE 3EE 3S8H8EE 3H5EE 2DTEE 4CJEE 0EE 1DKEE 3EE 2EE 4D2EE 1EE 4EE 4D3EE 0C7EE 1CTEE 3EE 2EE 4EE 0EE 1C2EE 1EE 1S3C3EE 3EE 2H4C4EE 4EE 0EE 1D8C8EE 1S4EE 3D7EE 2SJEE 4EE 0EE 1EE 2HKEE 2EE 2SQDQEE 4EE 0EE 1EE 2EE 2H3EE 4D4EE 0D9EE 1EE 4EE 1D5EE 4S7EE 1EE 4C9EE
%00032%result% 32041
%00032%points% 102 113 86 96 98
%00033%mibun% 24103
%00033%seat% 01243
%00033%palyer_cards% S3S6S9HJDKC8CTCQCKCAJ3 SKSAH5HTH2D8DJDQC3C6C9 S4S7STH4H7HKD3D9C5C2 S5SQS2H9HQHADAD2C4C7CJ S8SJH3H6H8D4D5D6D7DT 
%00033%change_cards%  13SAH2EE 42SJEE 31S5C4EE 24D3EE
%00033%play%  4D3D4D5D6D7EE 3EE 0EE 1EE 2EE 4EE 4S8H8EE 4DTEE 3H9EE 0C8EE 0CTNJCQCKCAEE 1EE 2EE 4EE 3EE 0EE 0S3EE 1C4EE 2C5EE 4EE 3C7EE 0EE 1C9EE 2C2EE 3EE 1EE 2EE 2S4H4EE 4EE 3SQHQEE 0EE 1EE 2EE 3SAHAEE 3S2H2EE 3EE 3CJEE 0DKEE 1EE 2EE 4EE 3DAEE 0EE 3D2EE 0S6EE 1D8EE 1S5H5EE 2S7H7EE 4EE 0EE 1EE 2EE 2D9EE 4EE 0HJEE 1DQEE 2HKEE 0EE 1EE 2EE 2STEE 4EE 0EE 1DJEE 2EE 1SKEE 1EE 1C3EE 2SJEE 4EE 0EE 1EE 4H3EE 0S9EE 1HTEE 4EE 1EE 1C6EE
%00033%result% 32014
%00033%points% 105 115 90 101 99
%00034%mibun% 23104
%00034%seat% 01243
%00034%palyer_cards% S3SJH4HTHQD3C3C5CTCJCK S9SQSKSAH3H2DQC7CAC2J3 STH5H8H9HKD6DKC6C8C9 S4S5S6S7S2H7HAD9DTD2C4 S8H6HJD4D5D7D8DJDACQ 
%00034%change_cards%  43DACQEE 12J3EE 34S4C4EE 21H5EE
%00034%play%  0S3D3C3EE 1EE 2K6D6C6EE 4EE 3EE 0EE 2EE 2H8C8EE 2H9C9EE 4HJDJEE 3HADAEE 0EE 1EE 2EE 4EE 3EE 3S5S6S7EE 0EE 1SQSKSAEE 2EE 4EE 3EE 1EE 1H2C2EE 2EE 4EE 3EE 0EE 1EE 1H3EE 2STEE 4EE 3CQEE 0CKEE 1CAEE 2EE 3EE 0EE 1EE 1H5EE 2EE 4H6EE 3H7EE 0HQEE 1EE 4EE 3EE 0EE 0HTCTEE 1EE 2HKDKEE 4EE 3S2D2EE 0EE 3EE 3D9EE 0EE 1DQEE 4EE 3EE 1EE 1C7EE 4EE 3DTEE 0EE 1EE 0SJCJEE 1EE 4EE 0EE 0H4EE 1S9EE 4EE 0EE 4S4D4C4EE 0EE 4EE 4S8D8EE 4D5EE 0EE 4D7EE
%00034%result% 23140
%00034%points% 106 118 95 105 101
%00035%mibun% 42013
%00035%seat% 01243
%00035%palyer_cards% H8H9D7D8D9DTC8CJCKC2 S3SQSKSAHTHAD6DQDACA S5H4HJHQD4C3C6C9CTCQJ3 S6S2H3HKD5DJDKD2C4C5C7 S4S7S8S9STSJH5H6H7H2D3 
%00035%change_cards%  02CKC2EE 43H2EE 20H4C3EE 34H3EE
%00035%play%  4S7S8S9STSJEE 4H5H6H7EE 3EE 0EE 1EE 2EE 4EE 4H3D3EE 3EE 0EE 1EE 2EE 4EE 4S4EE 3EE 0C3EE 1EE 2KxEE 0EE 2EE 2HQCQEE 3D5C5EE 0EE 1EE 2EE 3EE 3S2H2D2EE 0H8D8C8EE 0H9D9EE 1EE 2EE 3EE 0EE 0CJEE 1HTEE 2C9EE 3C7EE 0EE 1EE 2C6EE 3C4EE 2EE 3EE 3HKDKEE 0EE 1SQDQEE 2EE 3EE 1EE 1SAHADACAEE 2EE 3EE 0EE 1EE 1S3EE 2D4EE 3S6EE 0D7EE 1SKEE 2C2EE 3EE 0EE 1EE 2EE 2S5EE 3DJEE 0EE 1EE 2CKEE 2EE 2CTEE 0EE 1EE 2HJEE 0H4EE 1D6EE
%00035%result% 43210
%00035%points% 107 120 98 109 106
%00036%mibun% 43210
%00036%seat% 04123
%00036%palyer_cards% S4H6HAD4D7C5C6C8CTJ3 S5S6S7S8SKH3H4HQD6DJCA H7HJHKD5D8DQDKC7CJCQCK S3SJSQHTH2D9DAD2C3C4 S9STSAS2H5H8H9D3DTC9C2 
%00036%change_cards%  04HAJ3EE 13CAEE 40H5D3EE 31S3EE
%00036%play%  0S4D4EE 4STDTEE 1EE 2EE 3EE 0EE 4SAMAEE 4EE 4S9H9C9EE 1EE 2HKDKCKEE 3EE 0EE 4EE 2EE 2H7C7EE 3DACAEE 0EE 4S2C2EE 1EE 2EE 3EE 4EE 4H8EE 4HAEE 1EE 2EE 3EE 0EE 1S5S6S7S8EE 1S3H3EE 2HJCJEE 3H2D2EE 0EE 1EE 2EE 3EE 3C3EE 0D7EE 1DJEE 2EE 3EE 0EE 1EE 1H4EE 2D5EE 3D9EE 0EE 1EE 2EE 3EE 3C4EE 0C8EE 0H5C5EE 1EE 2DQCQEE 3EE 0EE 2EE 2D8EE 3HTEE 0EE 1HQEE 3EE 1EE 1D6EE 3SJEE 0EE 1SKEE 3EE 3SQEE
%00036%result% 42130
%00036%points% 108 123 102 111 111
%00037%mibun% 42130
%00037%seat% 04123
%00037%palyer_cards% S7SAH5HTHKC4C5C9CQCK S4SJHJHQHAD6D9DTC3CAC2 S8S9SQSKS2H4H8D8C7C8CT S5S6STH7D4D5D7DQC6CJ S3H3H6H9H2D3DJDKDAD2J3 
%00037%change_cards%  04SAHKEE 32DQEE 40S3H3EE 23H4EE
%00037%play%  4DJMQDKDAD2EE 1EE 2EE 3EE 0EE 4EE 4H2EE 1HQEE 2EE 3EE 0HTEE 4H9EE 1EE 0EE 4H6EE 4EE 4SAEE 1DTEE 2S9EE 3EE 0S7EE 4EE 1S4EE 2EE 0EE 1EE 1HACAEE 2SQDQEE 3H7D7EE 0H5C5EE 4EE 1EE 2EE 3H4D4EE 0S3H3EE 3EE 0EE 0CKEE 4D3EE 1EE 2EE 3EE 0EE 4EE 4HKEE 1D9EE 2C7EE 3EE 0C4EE 1C3EE 2EE 0EE 1EE 1SJHJEE 2EE 3S6C6EE 0EE 1EE 3S5D5EE 3EE 3CJEE 0C9EE 1EE 2EE 3EE 0EE 0CQEE 1D6EE 2EE 3EE 1EE 1C2EE 2SKEE 3STEE
%00037%result% 40132
%00037%points% 112 126 103 113 116
%00038%mibun% 12430
%00038%seat% 04123
%00038%palyer_cards% S3S4S5S8S2H3H5H9D5DK SKH7D8DTC4C5C6C8C9C2J3 S6STH2DAD2C3C7CJCQCKCA S7S9SAHJHQHKD4D7DQCT SJSQH4H6H8HTHAD3D6D9DJ 
%00038%change_cards%  24H2D2EE 30SAEE 42H4D3EE 03S3EE
%00038%play%  2CJCQCKCAEE 3EE 0EE 4EE 1EE 2EE 2D3C3EE 3S7D7EE 0EE 4SJDJEE 1SKMKEE 2EE 3EE 4EE 1EE 1C4C5C6EE 2EE 3HJHQHKEE 0EE 4EE 1EE 3EE 3S3EE 0S4EE 4SQEE 1EE 2EE 3EE 0SAEE 4EE 0S2EE 0EE 0S5H5D5EE 4EE 1EE 2EE 3EE 0EE 0H3EE 4H8EE 4H6D6EE 1D8C8EE 1H7EE 2STEE 3DQEE 0DKEE 4EE 1EE 2DAEE 3EE 0EE 2EE 2H4EE 3S9EE 0EE 4HTEE 1C2EE 2EE 3EE 4EE 1EE 1C9EE 2EE 3CTEE 0EE 4EE 1EE 3EE 3D4EE 0S8EE 0H9EE 4HAEE 1EE 2EE 4EE 4H2D2EE 1EE 2EE 4EE 4D9EE 1DTEE
%00038%result% 30412
%00038%points% 116 128 104 118 119
%00039%mibun% 13402
%00039%seat% 12034
%00039%palyer_cards% S5S7H4H6HJH2D3D4DAC7 S3STH5H7H8HTHAD6C6CJCA S2H3HQD9DTDQDKD2C8CT S8S9SJSQD5D8C3C4C9CQC2 S4S6SKSAH9HKD7DJC5CKJ3 
%00039%change_cards%  23S2D2EE 10HAEE 32C3C4EE 01D3EE
%00039%play%  1S3D3EE 2DTCTEE 0HADAEE 3EE 4EE 1EE 2EE 0EE 0H4D4EE 3S8D8EE 3S2D2C2EE 4EE 1EE 2EE 0EE 3EE 3S9C9EE 4KJDJEE 1EE 2HQDQEE 0EE 3EE 4EE 2EE 2H3C3EE 0S7C7EE 3SQCQEE 4SKCKEE 1EE 2EE 0EE 3EE 4EE 4S4EE 1H5EE 2C8EE 2C4EE 0S5EE 3SJEE 4SAEE 1EE 2EE 0EE 3EE 4EE 4C5EE 1H7EE 2D9EE 0HJEE 3EE 4HKEE 1EE 2EE 0H2EE 4EE 0EE 0H6EE 3EE 4D7EE 1H8EE 1D6C6EE 2EE 3EE 4EE 1STHTEE 1EE 1CJEE 2DKEE 3EE 4EE 1CAEE 3D5EE
%00039%result% 02134
%00039%points% 121 131 108 120 120
%00040%mibun% 02134
%00040%seat% 12034
%00040%palyer_cards% S3STSQH4H8HJD6DAC3CJC2 S5S8S9H9HTD4D7C8CQCK S7SAH6HKHAD3D8DJC5J3 SJSKS2H5HQDKD2C4C6C7CA S4S6H3H7H2D5D9DTDQC9CT 
%00040%change_cards%  40H2DQEE 32S2EE 04S3C3EE 23D3EE
%00040%play%  3SKDKEE 4EE 1EE 2SAHAEE 0H2C2EE 3EE 2EE 0EE 0HJCJEE 3EE 4EE 1EE 2KKHKEE 0EE 2EE 2C5EE 0D6EE 3C7EE 4EE 1HTEE 2DJEE 0DAEE 3D2EE 1EE 2EE 0EE 3EE 3D3EE 4S4EE 1S5EE 2S7EE 0STEE 3SJEE 4EE 1EE 2S2EE 0EE 3EE 2EE 2H6EE 0H8EE 0SQDQEE 3EE 4EE 1EE 2EE 0EE 0H4EE 3H5EE 4H7EE 1EE 2EE 3HQEE 4EE 3EE 3C4EE 4D5EE 1D7EE 2D8EE 3C6EE 4EE 1CQEE 3CAEE 1EE 4S3H3C3EE 1EE 4EE 4D9C9EE 1EE 4DTCTEE 4EE 4S6EE
%00040%result% 02341
%00040%points% 126 132 112 123 122
%00041%mibun% 04123
%00041%seat% 12034
%00041%palyer_cards% S3S6S9SQSAS2H3D4DTDJC3 S5SKH4HJD6DQC7C8CQCA H9HTHKH2D5D8DKD2CTCJ STSJH6HAD3D9C5C9CKC2J3 S4S7S8H5H7H8HQD7DAC4C6 
%00041%change_cards%  10SKCAEE 42DAEE 01S3H3EE 24D5EE
%00041%play%  3K9STSJEE 4EE 1EE 2DKDAD2EE 0EE 3EE 2EE 2HTCTEE 0SACAEE 3EE 4EE 1EE 2EE 0EE 0C3EE 3C5EE 4C6EE 1C7EE 2CJEE 0EE 3CKEE 4EE 1EE 2EE 3C2EE 3EE 3D9C9EE 4EE 1DQCQEE 2EE 0EE 3EE 1EE 1S3H3EE 2EE 0EE 3EE 4S4C4EE 1EE 4H5D5EE 4S8H8EE 4S7H7D7EE 1EE 2EE 0EE 3EE 4EE 4HQEE 1EE 2HKEE 0EE 3HAEE 2H2EE 3EE 2EE 2D8EE 2H9EE 0DTEE 3EE 1HJEE 0SQEE 1EE 0SKEE 0S2EE 0EE 0D4EE 3H6EE 1C8EE 1H4EE 0S6EE 3EE 1EE 0S9EE 0EE 0DJEE 3EE 1EE 3D3EE
%00041%result% 42031
%00041%points% 129 133 116 125 127
%00042%mibun% 24130
%00042%seat% 02134
%00042%palyer_cards% S7S9SKH5H7D3D5DKC3C6CQ S6H3HKD6DAC4C7CTCKJ3 S3STSJS2H6HJHAH2D8CJC2 S4S5SQSAH4D7D9DTC9CA S8H8H9HTHQD4DJDQD2C5C8 
%00042%change_cards%  14DAJ3EE 32SAEE 41D4C5EE 23S3EE
%00042%play%  0D3C3EE 2SAHAEE 1EE 3EE 4K2D2EE 0EE 2EE 4EE 4H8H9HTEE 4S8C8EE 4HQDQEE 0SKDKEE 2EE 1EE 3EE 4EE 0EE 0H5D5EE 2EE 1S6D6EE 3D9C9EE 4EE 0EE 1HKCKEE 3EE 1EE 1D4C4EE 3EE 4EE 0S7H7EE 2EE 1EE 0EE 0C6EE 2D8EE 2SJHJCJEE 1EE 3EE 4EE 0EE 2S2H2C2EE 2EE 2H6EE 1C7EE 3DTEE 4DJEE 0EE 2EE 1EE 3EE 4DAEE 0S9EE 2STEE 1EE 3SQEE 0EE 3EE 3S3S4S5EE 0EE 1EE 3EE 3H4EE 0CQEE 1EE 3CAEE 3EE 3D7EE
%00042%result% 42031
%00042%points% 132 134 120 127 132
%00043%mibun% 24130
%00043%seat% 02134
%00043%palyer_cards% S3S6H6H7D3D5D7D9DKDAC9 S8STS2H4H8DTDJCJCAJ3 S9SKSAH9HTHJHKH2D6C4CQ SJH3D4DQD2C5C7CTCKC2 S4S5S7SQH5HQHAD8C3C6C8 
%00043%change_cards%  14S2J3EE 32D2EE 41S4C3EE 23C4EE
%00043%play%  0S3D3EE 2S9H9EE 1STDTEE 3EE 4SQHQEE 0EE 2SKHKEE 1EE 4KAHAEE 2EE 4EE 4S5H5EE 0S6H6EE 2EE 1S8H8EE 1S4H4EE 3EE 4D8C8EE 4C6EE 0DKEE 2SAEE 1EE 3C2EE 4EE 0EE 2EE 3EE 3D4C4EE 4EE 0H7D7EE 2H2D2EE 1EE 3EE 0EE 2EE 2D6EE 1CAEE 3EE 4S2EE 0EE 2EE 1EE 4EE 4S7EE 0DAEE 2EE 1EE 3EE 0EE 0D9C9EE 2EE 1DJCJEE 3EE 0EE 1EE 1C3EE 3C5EE 0EE 2CQEE 3CKEE 2EE 3EE 3H3EE 0D5EE 2HTEE 3SJEE 2EE 3DQEE 3EE 3C7EE 2HJEE
%00043%result% 41023
%00043%points% 135 138 122 128 137
%00044%mibun% 21340
%00044%seat% 02134
%00044%palyer_cards% S3S6S8SKHJD6D7DTD2C4C5 S5H3H8HKDJC7CTCKC2J3 S7S9STH5H6H9HTHQDQDKCA SJSQSAHAH2D4D9C3C8C9 S4S2H4H7D3D5D8DAC6CJCQ 
%00044%change_cards%  34SAH2EE 21CAEE 43S4D3EE 12H3EE
%00044%play%  3D3C3EE 4SADAEE 0EE 2EE 1K2C2EE 3EE 4EE 1EE 1HKCKEE 3EE 4S2H2EE 0EE 2EE 1EE 4EE 4H4EE 0C5EE 2H6EE 1C7EE 3C8EE 3S4D4EE 4EE 0S6D6EE 2EE 1EE 3EE 0EE 0S3EE 2H5EE 1H8EE 1S5EE 3SJEE 4EE 0SKEE 2EE 1EE 3EE 0EE 0C4EE 2S7EE 1CTEE 3SQEE 4EE 0D2EE 2EE 1EE 3EE 0EE 0D7EE 2DKEE 1EE 3EE 4EE 0EE 2EE 2S9H9EE 1EE 3EE 4EE 0EE 2STHTEE 2EE 2HQDQEE 1EE 3EE 4EE 0EE 2EE 2H3EE 1DJEE 3HAEE 4EE 0EE 1EE 3EE 3D9C9EE 4EE 0EE 1EE 4D5EE 0S8EE 0DTEE 1CAEE 4EE 0EE 4C6EE 0HJEE
%00044%result% 23104
%00044%points% 137 141 127 132 138
%00045%mibun% 32014
%00045%seat% 40312
%00045%palyer_cards% S3S4H4H5H7H2DJDAC6C8CA S9H3H6HJD3D4D5DTDKC2 S6STSJSQSKSAHKD6D8CTCJ S2H8HAD7DQD2C3C5C9J3 S5S7S8H9HTHQD9C4C7CQCK 
%00045%change_cards%  42HQCKEE 03H2EE 24S6D6EE 30C3EE
%00045%play%  1D3D4D5EE 2SQSKSAEE 4EE 0EE 3EE 1EE 2EE 2STCTEE 4EE 0DACAEE 3EE 1EE 2EE 0EE 0S3C3EE 3K5C5EE 1EE 2SJCJEE 4EE 0EE 3EE 2EE 2HKCKEE 4EE 0EE 3EE 1EE 2EE 2D8EE 2HQEE 4EE 0EE 3HAEE 1EE 3EE 3S2H2D2EE 1EE 4EE 0EE 3EE 3D7EE 1S9EE 4HTEE 0DJEE 3DQEE 1DKEE 4EE 0EE 3EE 1EE 1H3EE 4C4EE 0H5EE 3H8EE 3C9EE 1DTEE 4CQEE 0EE 1C2EE 4EE 1EE 1H6EE 4EE 0H7EE 1HJEE 0EE 4S5S6S7S8EE 4H9D9EE 0EE 4EE 4D6EE 0C8EE 0S4H4EE 4EE 0EE 0C6EE
%00045%result% 23104
%00045%points% 139 144 132 136 139
%00046%mibun% 32014
%00046%seat% 40312
%00046%palyer_cards% S5S8S2H3H6D5D8DKD2C5C7 S7H7H8HJDQDAC9CAC2J3 S4SAH4H9HAH2D4D7DTC4C8 S9STH5HTHQD3D6C3CJCK S3S6SJSQSKHKD9DJC6CTCQ 
%00046%change_cards%  42SKHKEE 03S2EE 24S4H4EE 30D3EE
%00046%play%  0S5D5C5EE 3EE 1S7H7M7EE 2EE 4EE 0EE 1EE 1DACAEE 2EE 4EE 0EE 3EE 1EE 1H8EE 1C9EE 2DTEE 4EE 0DKEE 3EE 1EE 2EE 0D2EE 0EE 0H3D3EE 3STHTEE 1EE 2SKHKEE 4EE 0EE 3EE 2SAHAEE 2EE 2D4C4EE 4S6C6EE 0S8D8EE 0H6EE 3S9EE 1HJEE 2H2EE 4EE 0EE 3EE 1EE 2EE 2D7EE 4D9EE 0EE 3EE 1DQEE 2EE 4EE 1EE 1C2EE 2EE 4EE 0EE 3EE 2C8EE 2H9EE 4CTEE 0EE 3CJEE 4EE 3CKEE 3EE 3C3EE 4EE 0C7EE 3EE 3H5EE 4EE 3D6EE 3HQEE 3S2EE
%00046%result% 12034
%00046%points% 142 149 136 138 140
%00047%mibun% 20134
%00047%seat% 40312
%00047%palyer_cards% SJSKHJHKD9DTDQC3C2J3 S3S5S2H8HQD8DKC4C7CJCK S7S9H3H6H7H2D6D2C8CTCQ S6STH4HTD3D5DJDAC5CA S4S8SQSAH5H9HAD4D7C6C9 
%00047%change_cards%  41SAHAEE 32DAEE 14S3C4EE 23H3EE
%00047%play%  3H3D3EE 1H8D8EE 1DKCKEE 2H2D2EE 4EE 0EE 3EE 1EE 2EE 2H6D6EE 4H9C9EE 0SJHJEE 3EE 1SAHAEE 2EE 4EE 0EE 1EE 1S5EE 2C8EE 2S7H7EE 4EE 0SKHKEE 3EE 1EE 2EE 0EE 0D9DTMJDQEE 3EE 1EE 2EE 4EE 0EE 0C3EE 3H4EE 1C7EE 2S9EE 4SQEE 0EE 3EE 1S2EE 2EE 4EE 1EE 1CJEE 2CQEE 4EE 0C2EE 3EE 1EE 2EE 3D5C5EE 1EE 2EE 4EE 3STHTEE 3EE 3S6EE 1HQEE 2DAEE 4EE 3EE 2EE 2CTEE 4EE 3DJEE 3CAEE
%00047%result% 01234
%00047%points% 147 153 139 140 141
%00048%mibun% 01234
%00048%seat% 04123
%00048%palyer_cards% S2H3H5H9HKHAD9DQC5C9C2 S3S6SAH7HTHJD8DKC4CAJ3 S9STSJSKH6D6DJDAD2CQ S7S8H4H8D4DTC8CTCJCK S4S5SQHQH2D3D5D7C3C6C7 
%00048%change_cards%  40SQH2EE 31CKEE 04H3H5EE 13S3EE
%00048%play%  4H3D3C3EE 1KKDKCKEE 2EE 3EE 0S2H2C2EE 4EE 1EE 0EE 0H9D9C9EE 4EE 1EE 2EE 3EE 0EE 0SQDQEE 4EE 1SACAEE 2EE 3EE 0EE 1EE 1C4EE 2CQEE 3EE 0EE 4EE 1EE 2EE 2S9STSJEE 3EE 0EE 4EE 1EE 2EE 2H6D6EE 3DTCTEE 0EE 4EE 1EE 2EE 3EE 3S8H8C8EE 3H4D4EE 0EE 4D7C7EE 1EE 2EE 3EE 4EE 4S5H5D5EE 1EE 2EE 3EE 0EE 4EE 4S4EE 1S6EE 2SKEE 3EE 0EE 4EE 1EE 2EE 2DJEE 3EE 0HKEE 4EE 1EE 2DAEE 0EE 2D2EE 3S3EE 0C5EE 4C6EE 1EE 3CJEE 0EE 4EE 3EE 3S7EE 0HAEE 4EE 1EE 4HQEE
%00048%result% 23041
%00048%points% 150 154 144 144 143
%00049%mibun% 24013
%00049%seat% 04123
%00049%palyer_cards% S8STSKH7H9D5D6DQC4C6CK S4S7S9H3H4H8D2C7CTCQ S5S2HKH2D3D7D8DJC5CJC2 S3SQH6HTHJHQHAD4DTCAJ3 S6SJSAH5D9DKDAC3C8C9 
%00049%change_cards%  12D2CQEE 43SAEE 21S5D3EE 34S3EE
%00049%play%  1H3D3EE 2DJCJEE 3SQHQEE 0SKCKEE 4EE 1EE 2EE 3EE 0EE 0D6C6EE 4D9C9EE 1EE 2D2C2EE 3EE 0EE 4EE 2EE 2S2H2EE 3EE 0EE 4EE 1EE 2EE 2C5EE 3H6EE 0H7EE 4EE 1H8EE 1S4H4EE 2EE 3HTDTEE 0EE 4EE 1EE 3KJHJEE 3EE 3SAHACAEE 0EE 4EE 1EE 2EE 3EE 3D4EE 0D5EE 4DKEE 1EE 2EE 0EE 4DAEE 4EE 4S3C3EE 1S7C7EE 2EE 0EE 4EE 1EE 1S5EE 2D7EE 0S8EE 0C4EE 4H5EE 1S9EE 2CQEE 0EE 4EE 1EE 2HKEE 2EE 2D8EE 0H9EE 4SJEE 1EE 0DQEE 4EE 0EE 0STEE 4EE 1EE 4S6EE 1CTEE
%00049%result% 32014
%00049%points% 153 156 148 149 144
%00050%mibun% 23104
%00050%seat% 04123
%00050%palyer_cards% S5H6H9H2D3D6D8DAC5C7CA S7S8SQH3H7H8D5DKD2C3 STH4HJC8C9CTCJCKC2J3 S4SJHTHQHAD4D7DTDJC4CQ S3S6S9SKSAS2H5HKD9DQC6 
%00050%change_cards%  43SAS2EE 12D2EE 34S4D4EE 21H4EE
%00050%play%  0S5C5EE 4S6C6EE 1EE 2STCTEE 3EE 0EE 4EE 2KJCJEE 2EE 2D2C2EE 3EE 0EE 4EE 1EE 2EE 2C8EE 2C9EE 3S2EE 0EE 4EE 1EE 2EE 3EE 3HTDTEE 0DACAEE 4EE 1EE 2EE 3EE 0EE 0H6D6EE 4S9D9EE 1EE 2EE 3SJDJEE 0EE 4EE 3EE 3HQCQEE 0EE 4SKHKEE 1EE 2EE 3SAHAEE 4EE 3EE 3C4EE 0C7EE 4EE 1EE 2CKEE 3EE 0EE 2EE 2HJEE 3EE 0H2EE 4EE 1EE 0EE 0D3EE 4H5EE 1SQEE 3EE 0EE 4EE 1DKEE 1EE 1H3C3EE 3EE 0EE 4S4D4EE 1S7H7EE 4EE 1S8H8EE 1H4EE 3D7EE 0D8EE 0H9EE 4DQEE 1EE 4EE 4S3EE
%00050%result% 23041
%00050%points% 156 157 153 153 146
%00051%mibun% 24013
%00051%seat% 34021
%00051%palyer_cards% S9SJSQHKD7DTDJDAD2C5 STH7H8H9HJHQD4D5C4CTC2 S7SKS2H6HTHAH2D3D6D9C6 S4S5S8SADQC3C8CQCKCAJ3 S3S6H3H4H5D8DKC7C9CJ 
%00051%change_cards%  12HQC2EE 43DKEE 21H6D3EE 34C3EE
%00051%play%  1H6H7H8H9EE 1D3D4D5EE 3CQCKCAEE 4EE 0EE 2EE 1EE 3EE 3K3S4S5EE 4EE 0EE 2EE 1EE 3EE 3S8C8EE 3DQEE 4EE 0HKEE 2HAEE 1EE 3EE 0EE 2EE 2S2H2C2EE 1EE 3EE 4EE 0EE 2EE 2D6C6EE 1STCTEE 3EE 4EE 0SJDJEE 2EE 1EE 0EE 0C5EE 2S7EE 1HJEE 3DKEE 4EE 0DAEE 2EE 1EE 3EE 0D2EE 0EE 0D7EE 2D9EE 1EE 3EE 4EE 0DTEE 2EE 0EE 0S9EE 2HTEE 1EE 3SAEE 4EE 0EE 2EE 4H3H4H5EE 0EE 2EE 1EE 4EE 4S3C3EE 0EE 2EE 1EE 4EE 4S6EE 0SQEE 2SKEE 1EE 4EE 2EE 2HQEE 1EE 4EE 1C4EE
%00051%result% 30214
%00051%points% 160 159 156 158 147
%00052%mibun% 13204
%00052%seat% 34021
%00052%palyer_cards% STSJH9D6D7DJDQDKC5CQCA S4S6SAH3HJHKD3D5D8C2 S7SKS2H4H7D9DTC9CTJ3 S3S8SQHQH2D4DAC3C7C8CJ S5S9H5H6H8HTHAD2C4C6CK 
%00052%change_cards%  43HAD2EE 10C2EE 34S3C3EE 01C5EE
%00052%play%  1H3D3EE 3S8C8EE 3SQHQEE 4EE 0EE 2SKLKEE 1EE 3EE 2EE 2S7H7EE 1EE 3HADAEE 4EE 0EE 2EE 3H2D2EE 3EE 3D4EE 4H8EE 4S3C3EE 0SJDJEE 2EE 1EE 3EE 4EE 0DQCQEE 0EE 0D6EE 2S2EE 1EE 3EE 4EE 0EE 2EE 2D9C9EE 1EE 3EE 4EE 0EE 2DTCTEE 2EE 2H4EE 1S6EE 3C7EE 4S9EE 0STEE 1SAEE 3EE 4EE 0EE 1EE 1D5C5EE 3EE 4H6C6EE 0EE 1EE 4EE 4S5H5EE 0EE 1EE 3EE 4EE 4C4EE 0D7EE 1D8EE 1S4EE 3CJEE 4CKEE 0CAEE 1EE 4EE 0C2EE 0EE 0H9EE 1HJEE 4EE 0EE 1HKEE 4HTEE
%00052%result% 23140
%00052%points% 161 162 161 162 149
%00053%mibun% 42013
%00053%seat% 34021
%00053%palyer_cards% S7STSQHTHAD7D9DJC4C8 SAH9HKD6DTDQCJCQCAC2J3 S4S6S8S9H5H7HQD4DAC7CK S3S5SJH3H4H8HJH2D2C6C9 SKS2H6D3D5D8DKC3C5CT 
%00053%change_cards%  02SQHAEE 43S2EE 20S4D4EE 34S3EE
%00053%play%  4S3D3C3EE 0S4D4C4EE 2EE 1KQDQCQEE 3EE 4EE 0EE 1EE 1SACAEE 3EE 4EE 0EE 2EE 1EE 1D6EE 3H8EE 3S2H2D2EE 4EE 0EE 2EE 1EE 3EE 3SJHJEE 4SKDKEE 0EE 2HADAEE 1EE 3EE 4EE 2EE 2H7C7EE 1EE 3EE 4EE 0STHTEE 2SQHQEE 0EE 2EE 2H5EE 1H9EE 3EE 4EE 0EE 2EE 1HKEE 1EE 1DTEE 3EE 4EE 0DJEE 2EE 1EE 0EE 0S7D7EE 2EE 1EE 3EE 4EE 0EE 0C8EE 0D9EE 2CKEE 1C2EE 3EE 4EE 2EE 1EE 1CJEE 3EE 4EE 2EE 3H3EE 4H6EE 2EE 3EE 4EE 4D5C5EE 2EE 3EE 4EE 4D8EE 4CTEE 2EE 3EE 2S6EE 3C9EE 2EE 3EE 3H4EE 2S8EE 2S9EE
%00053%result% 01423
%00053%points% 166 166 163 163 152
%00054%mibun% 01342
%00054%seat% 01243
%00054%palyer_cards% S7S8H4HJHQD4DAC8C9CJC2 S3SQH5HTH2D6D7D8DQCQJ3 S9SAS2H6HKD5DTDKC3C7CK S4S5S6H3HAD9C5C6CTCA STSJSKH7H8H9D3DJD2C4 
%00054%change_cards%  30HACAEE 21S2EE 03H4D4EE 12S3EE
%00054%play%  4H7H8H9EE 4SJDJEE 3EE 0EE 1S2H2EE 2EE 4EE 1EE 1M5D6D7D8EE 1SQDQCQEE 2HKDKCKEE 4EE 3EE 0HADACAEE 1EE 2EE 0EE 0S8C8EE 0HJCJEE 1EE 2EE 4EE 3EE 0EE 0S7EE 1HTEE 2SAEE 4D2EE 3EE 0EE 1EE 2EE 4EE 4D3EE 3D9EE 0EE 1EE 2DTEE 4EE 3EE 2EE 2S3C3EE 4EE 3S5C5EE 0EE 1EE 2EE 3S6C6EE 3EE 3S4H4D4EE 0EE 1EE 2EE 4EE 3EE 3H3EE 0C9EE 1EE 2EE 4STEE 3EE 0HQEE 4SKEE 0C2EE 4EE 1H5EE 2H6EE 4EE 3EE 2EE 2D5EE 4EE 3CTEE 2EE 2C7EE 4EE 2S9EE
%00054%result% 01324
%00054%points% 171 170 165 166 153
%00055%mibun% 01324
%00055%seat% 01243
%00055%palyer_cards% S3S6S8SJSAH3D6D9DQC2J3 S4S7SQH5H7DAC3C5C6CQCA S9STSKH4H6HQHAD8D2C4C8 S5HTHJHKD3D4D5D7DTDJ S2H8H9H2DKC7C9CTCJCK 
%00055%change_cards%  40S2H2EE 21D2EE 04S3H3EE 12C3EE
%00055%play%  3D3D4D5EE 0S6K7S8EE 0S2H2C2EE 1EE 2EE 4EE 3EE 0EE 0D6EE 1D2EE 2EE 4EE 3EE 0EE 1EE 1H5C5EE 2D8C8EE 2H4C4EE 4H9C9EE 3EE 0EE 1EE 2EE 4EE 4S3H3EE 3HTDTEE 0EE 1SQCQEE 2EE 4DKCKEE 3EE 1DACAEE 4EE 1EE 1S7H7EE 2EE 4EE 3HJDJEE 0EE 1EE 3EE 3S5EE 0D9EE 1EE 2STEE 4CJEE 3HKEE 0SAEE 2EE 4EE 3EE 0EE 0SJEE 1EE 2HQEE 4EE 3EE 0EE 2SKEE 2HAEE 2EE 2C3EE 4C7EE 3EE 0EE 1EE 2EE 4CTEE 4EE 4H8EE 3D7EE 0DQEE 1EE 2EE 1S4EE 2H6EE 1EE 2S9EE
%00055%result% 43021
%00055%points% 174 171 167 170 158
%00056%mibun% 24310
%00056%seat% 01243
%00056%palyer_cards% S4S9HADKC3C5C6C8CKCAC2 S7H6HQD4D6D8DJD2C9CJ S3SJSAS2H3H8HTD9DAJ3 S6STSQSKH4H7D3D7DQC4CT S5S8H5H9HJHKH2D5DTC7CQ 
%00056%change_cards%  14HQD2EE 23J3EE 41S5H5EE 32D3EE
%00056%play%  2S3H3D3EE 4EE 3K4H4C4EE 0EE 1EE 2EE 3EE 3H7D7EE 0DKCKEE 1EE 2SADAEE 4H2D2EE 3EE 0EE 2EE 4EE 4HJHQHKEE 3EE 0EE 1EE 2EE 4EE 4D5EE 3S6EE 0C8EE 0HACAEE 1EE 2EE 4EE 3EE 0EE 0C3EE 1D4EE 2H8EE 2D9EE 4DTEE 3EE 0EE 1EE 2EE 4EE 4C7EE 3SKEE 0C2EE 1EE 2EE 4EE 3EE 0EE 0S4EE 1S7EE 2SJEE 4EE 3EE 0EE 1EE 2S2EE 2EE 2HTEE 4CQEE 3EE 0EE 1EE 4EE 4S8EE 4H9EE 3EE 0EE 1EE 3STCTEE 0EE 1DJCJEE 3SQDQEE 1EE 0C5EE 1D8EE 1S5H5EE 0EE 1H6D6EE 1EE 1C9EE
%00056%result% 24310
%00056%points% 175 173 172 173 162
%00057%mibun% 43021
%00057%seat% 12034
%00057%palyer_cards% S3S4STS2H3H5HQHKD3D5C7 SKH7H9H2D8DTDJDAC3C2 S6S8SQSAH6C5C8C9CJCQCK S5H4H8HTHJD4D6D7C4C6CT S7S9SJHAD9DQDKD2CAJ3 
%00057%change_cards%  02S2HKEE 14H2EE 20S6C5EE 41S7EE
%00057%play%  0S3H3D3EE 3H4D4C4EE 4S9L9D9EE 1EE 2EE 0EE 3EE 4EE 4HACAEE 1EE 2EE 0EE 3EE 4H2D2EE 4EE 4SJEE 1SKEE 2SAEE 0EE 3EE 4EE 1EE 2S2EE 2EE 2CJCQCKEE 0EE 3EE 4EE 1EE 2EE 2S8C8EE 2H6EE 0C7EE 3H8EE 3D6C6EE 4EE 1S7H7EE 2EE 0EE 3HTCTEE 1EE 3EE 3S5EE 4DQEE 1DAEE 2EE 0EE 3EE 4EE 1EE 1C3EE 2C9EE 0EE 3EE 4EE 1C2EE 2EE 1EE 1D8EE 1H9EE 2SQEE 0EE 3EE 4DKEE 1EE 2EE 1DTEE 2HKEE 0EE 3EE 1EE 0H5D5C5EE 3EE 1EE 0EE 0S4EE 3D7EE 1DJEE 0EE 3EE 0S6EE 3HJEE
%00057%result% 42130
%00057%points% 176 176 176 175 167
%00058%mibun% 42130
%00058%seat% 12034
%00058%palyer_cards% S5S7SAH3H5H7D3DAC4C9 S8H6H9HKHADJC3C6C7CTCQ STSQHTHJHQD6DTC5C8CJCA S6S9SJH2D7D8DKD2C2J3 S3S4SKS2H4H8D4D5D9DQCK 
%00058%change_cards%  04SADAEE 32J3EE 40S3S4EE 23C5EE
%00058%play%  0S3S4S5EE 3EE 4SKSAS2EE 1EE 2EE 0EE 4EE 4H4D4EE 1H6C6EE 2HJCJEE 0EE 3H2C2EE 4EE 1EE 2EE 3EE 3C5EE 4H8EE 4D5EE 1C7EE 2C8EE 2STKJSQEE 0EE 3EE 4EE 1EE 2EE 2HTDTEE 0EE 3EE 4EE 1EE 2EE 2D6EE 0C9EE 3SJEE 4DQEE 1HKEE 2CAEE 0EE 3D2EE 4EE 1EE 2EE 3EE 3S6EE 4D9EE 1CTEE 2HQEE 0EE 3DKEE 4DAEE 1EE 3EE 4EE 4CKEE 1HAEE 0EE 3EE 1EE 1C3EE 0C4EE 3EE 1CQEE 0EE 1EE 1S8EE 1H9EE 0EE 3EE 1DJEE 0H3D3EE 3EE 0S7H7EE 0EE 0H5EE
%00058%result% 24103
%00058%points% 178 179 181 176 171
%00059%mibun% 32041
%00059%seat% 12034
%00059%palyer_cards% S5STSJH3H5HTHAH2D9DKC7 S3S9SKD5D7DTDJDAC3C9 SQS2H6H8HJHQD3D8CTC2J3 S4S7S8SAH7H9HKDQCJCKCA S6H4D4D6D2C4C5C6C8CQ 
%00059%change_cards%  32SACAEE 04H2EE 23H6D3EE 40H4EE
%00059%play%  3S7H7EE 4H2D2EE 1EE 2EE 0EE 3EE 4EE 4C4C5C6EE 1EE 2LTHJHQEE 0EE 3EE 4EE 2EE 2H8D8EE 2SACAEE 0EE 3EE 4EE 1EE 2S2C2EE 2EE 2CTEE 0SJEE 3DQEE 4EE 1SKEE 2EE 0HAEE 3EE 1EE 0EE 0H3H4H5EE 3EE 4EE 1EE 2EE 0EE 0STHTEE 3HKCKEE 4EE 1EE 2EE 0EE 3EE 3D3EE 4D4EE 1D5EE 2EE 0D9EE 3EE 4EE 1DTEE 0DKEE 1DAEE 0EE 1EE 1S3C3EE 2EE 0EE 3EE 4S6D6EE 1S9C9EE 4EE 1EE 1D7EE 2SQEE 0EE 3EE 4EE 1EE 0S5EE 3H6EE 4C8EE 4CQEE 1EE 0EE 3EE 1DJEE 0EE 3EE 0C7EE
%00059%result% 24103
%00059%points% 180 182 186 177 175
%00060%mibun% 32041
%00060%seat% 21034
%00060%palyer_cards% SJSAH3H5HTD5D8DTC9CTJ3 S3S4SQH6H9D4D9DJDQD2C5 S6S7S8S9STS2H4H2C7CQCK H8HJHAD6D7DKDAC4CJC2 S5SKH7HQHKD3C3C6C8CA 
%00060%change_cards%  32HAC2EE 04J3EE 23S6H4EE 40D3EE
%00060%play%  0HTDTCTEE 3EE 4SKHKMKEE 2S2H2C2EE 1EE 0EE 4EE 2EE 2S7S8S9STEE 2C7EE 1DJEE 0SAEE 3EE 4EE 2EE 1D2EE 0EE 1EE 1S4D4EE 0H5D5EE 3S6D6EE 4EE 2EE 1H9D9EE 0EE 3HJCJEE 1SQDQEE 3EE 1EE 1S3EE 0D8EE 0H3D3EE 3H4C4EE 4EE 2EE 1EE 0EE 3EE 3D7EE 4C8EE 4C3EE 2CQEE 1EE 0EE 3EE 4CAEE 2EE 4EE 4S5EE 2CKEE 1EE 0EE 3DAEE 4EE 2EE 3EE 3H8EE 3DKEE 4EE 2HAEE 1EE 0EE 1C5EE 0C9EE 4EE 1EE 0EE 0SJEE 4HQEE 1EE 4EE 4C6EE 1EE 4H7EE
%00060%result% 32041
%00060%points% 183 183 190 182 177
%00061%mibun% 24103
%00061%seat% 21034
%00061%palyer_cards% S4S5S8SQH5H9D6D8DKCK S3S7S9HTHQHAD9DQDACA STH8HKD7D2C6C8CTCJC2J3 S6SJH4H6H7HJDTC4C7C9CQ SKSAS2H3H2D3D4D5DJC3C5 
%00061%change_cards%  13HADAEE 42S2EE 31H4C4EE 24C6EE
%00061%play%  4D3D4D5EE 2N9CTCJEE 1EE 0EE 3EE 4EE 2EE 2S2D2C2EE 1EE 0EE 3EE 4EE 2EE 2H8C8EE 2D7EE 1HTEE 0SQEE 3EE 4SKEE 2EE 1EE 0EE 4SAEE 4EE 4H3C3EE 2EE 1H4C4EE 0EE 3H7C7EE 4EE 1EE 3EE 3S6H6EE 4EE 2EE 1S9D9EE 0DKCKEE 3HADAEE 1EE 0EE 3EE 3SJHJEE 4EE 2EE 1HQDQEE 0EE 3EE 1EE 1S3EE 0S4EE 3EE 4EE 2STEE 1EE 0EE 2EE 2HKEE 1CAEE 0EE 3EE 4H2EE 1EE 4EE 4C5EE 1S7EE 0H9EE 3DTEE 4DJEE 0EE 3EE 4EE 4C6EE 0EE 3C9EE 3CQEE
%00061%result% 21430
%00061%points% 184 187 195 184 180
%00062%mibun% 41032
%00062%seat% 21034
%00062%palyer_cards% S9SJH6HJHAD3D5D6DTCKCA S3S5S7S8SQSAHQD7C5CTJ3 S4S6SKS2H5H9HTH2D4C9CJ H3H4H8DJDKDAD2C3C4CQ STH7HKD8D9DQC6C7C8C2 
%00062%change_cards%  02HACAEE 31D2EE 20S4D4EE 13S3EE
%00062%play%  0D3D4D5D6EE 3EE 4EE 2EE 1EE 0EE 0SJHJEE 3EE 4EE 2HACAEE 1K2D2EE 0EE 2EE 1EE 1S5C5EE 0EE 3EE 4H7C7EE 2H9C9EE 1EE 4EE 2EE 2S2H2EE 1EE 0EE 3EE 4EE 2EE 2H5EE 1S8EE 1S7D7EE 0EE 3EE 4D8C8EE 4C6EE 2HTEE 1SAEE 0EE 3EE 4C2EE 2EE 1EE 4EE 4D9EE 2CJEE 1EE 0CKEE 3EE 4EE 2EE 0EE 0S4EE 3H8EE 3S3H3C3EE 4EE 2EE 1EE 0EE 3EE 3H4C4EE 4EE 2EE 1SQHQEE 0EE 3EE 1EE 1CTEE 0EE 3DJEE 4DQEE 2EE 3DKEE 4EE 3DAEE 3EE 3CQEE 4HKEE 2EE 0EE 4EE 4STEE 2SKEE 0EE 2EE 2S6EE
%00062%result% 13420
%00062%points% 185 192 197 188 183
%00063%mibun% 40312
%00063%seat% 41230
%00063%palyer_cards% H4H8HTHJDQC4C8C9CTCA S3S8SJSKHQD6DJDAC7CJC2 S5S7STH5H6HKD4DTC3C5J3 S4S6S9SAS2H3H7HAD7D8CK SQH9H2D3D5D9DKD2C6CQ 
%00063%change_cards%  01DQCAEE 23J3EE 10S3D6EE 32H3EE
%00063%play%  4H9D9EE 1HQDQEE 2EE 3HAMAEE 0EE 4H2D2EE 1EE 3EE 4EE 4SQCQEE 1DACAEE 2EE 3EE 0EE 4EE 1EE 1SJDJCJEE 2EE 3EE 0EE 4EE 1EE 1C7EE 2HKEE 3SAEE 0EE 4EE 1C2EE 2EE 3EE 1EE 1S8EE 1SKEE 2EE 3S2EE 0EE 4EE 3EE 3H7D7EE 0H8C8EE 0H4C4EE 4EE 2STDTEE 3EE 0EE 2EE 2S5H5C5EE 3EE 0EE 4EE 2EE 2H3C3EE 3EE 0HTCTEE 4EE 2EE 0EE 0S3EE 4D5EE 2H6EE 3D8EE 3S4EE 0D6EE 4DKEE 2EE 3EE 0EE 4EE 4D3EE 2D4EE 3EE 0EE 4EE 2EE 2S7EE 3S9EE 0EE 4EE 3EE 3S6EE 0C9EE 4EE 3CKEE 0EE 0HJEE
%00063%result% 12304
%00063%points% 187 197 201 191 184
%00064%mibun% 30124
%00064%seat% 41230
%00064%palyer_cards% S5S9SJSAH3HTD3D7C9CK S3D4D5D6D8DAC3C5C6C8C2 S7STH4H6H8HQD2C4C7CJCQ S6S8SQS2H9HKDTDJDQCAJ3 S4SKH5H7HJHAH2D9DKCT 
%00064%change_cards%  41HAH2EE 02SAEE 14S3C3EE 20H4EE
%00064%play%  0H3D3EE 4SKDKEE 1HADAEE 2EE 3S2L2EE 0EE 4EE 1EE 3EE 3DTDJDQEE 0EE 4EE 1EE 2EE 3EE 3S6EE 0D7EE 4D9EE 1EE 2D2EE 3EE 0EE 4EE 2EE 2S7C7EE 3EE 0S9C9EE 4EE 1EE 2EE 0EE 0H4EE 4H5EE 1EE 2H6EE 3H9EE 0HTEE 4HJEE 2EE 3HKEE 0EE 4EE 3EE 3S8EE 3SQEE 0CKEE 4EE 1EE 2SAEE 3EE 0EE 2EE 2HQCQEE 3EE 0EE 4EE 1H2C2EE 2EE 1EE 1D4D5D6EE 2EE 3EE 0EE 4EE 1EE 1D8C8EE 1C5EE 2H8EE 2C4EE 3CAEE 0EE 4EE 1EE 2EE 0S5EE 4H7EE 1EE 2STEE 0SJEE 4EE 2EE 4S3C3EE 1EE 2EE 4EE 4S4EE 1C6EE 2CJEE
%00064%result% 30124
%00064%points% 191 200 203 196 185
%00065%mibun% 12304
%00065%seat% 41230
%00065%palyer_cards% S3S9S2H5HTD9DAC4C5CKJ3 S4H2D8DJDQDKC7C9CAC2 S5STSKH3H6H9HJHQD6C8 S7SJSQSAH4H8HAD5DTC3CT S6S8H7HKD3D4D7D2C6CJCQ 
%00065%change_cards%  43HKD2EE 20SKEE 34H4C3EE 02S3EE
%00065%play%  4D3C3EE 1H2C2EE 2EE 3EE 0EE 4EE 1EE 1DJDQDKEE 2EE 3EE 0EE 4EE 1EE 1S4EE 2S5EE 3S7EE 0S2EE 4EE 1EE 2EE 3EE 0KxEE 0EE 0H5C5EE 4S6C6EE 1EE 2EE 3DTCTEE 0SKCKEE 4EE 3SAHAEE 0EE 3EE 3D5EE 0HTEE 4CJEE 1CAEE 2EE 3EE 0EE 4EE 1EE 1C7EE 2C8EE 2S3H3EE 3EE 0S9D9EE 4EE 1EE 2EE 0EE 0C4EE 4S8EE 4H4D4EE 1EE 2H6D6EE 3EE 0EE 4H7D7EE 2EE 4EE 4CQEE 1EE 2EE 3HKEE 0DAEE 3D2EE 3EE 3H8EE 3SJEE 1EE 2HQEE 3EE 2EE 2H9EE 3SQEE 1EE 2EE 1D8EE 1C9EE
%00065%result% 40312
%00065%points% 195 202 204 199 190
%00066%mibun% 13420
%00066%seat% 34021
%00066%palyer_cards% S7SJH5H6D6D9D2C5CTCJC2 S3S5S6SQH3H4H7HTDTCA S8S9HKD4D5D8DJDQC6C8C9 S4STSKSAH9HJH2C3C4J3 S2H8HQHAD3D7DKDAC7CQCK 
%00066%change_cards%  24HKDQEE 10CAEE 42D3D7EE 01H5EE
%00066%play%  2D3D4D5EE 1EE 3H9LTHJEE 4HQHKHAEE 0EE 2EE 3EE 4EE 4DQDKDAEE 0EE 2EE 1EE 3EE 4EE 4C7EE 0D9EE 2DJEE 1EE 3EE 4EE 0EE 2EE 2S8D8C8EE 2S9C9EE 1HTDTEE 3EE 4EE 0SJCJEE 2EE 1EE 0D2C2EE 0EE 0H6D6EE 2EE 1EE 3EE 4EE 0EE 0C5EE 2C6EE 1EE 3EE 4CQEE 0CAEE 2EE 4EE 0EE 0S7EE 2EE 1SQEE 3SKEE 4S2EE 0EE 1EE 3EE 4EE 4H8EE 4CKEE 0EE 2EE 1EE 3SAEE 3H2EE 3EE 3S4C4EE 0EE 2EE 1S5H5EE 3EE 1EE 1S3H3EE 3EE 0EE 2EE 1EE 1H4EE 3STEE 0EE 2EE 1EE 3EE 3C3EE 0CTEE 2EE 1EE 2D7EE
%00066%result% 43021
%00066%points% 198 203 206 203 195
%00067%mibun% 24310
%00067%seat% 34021
%00067%palyer_cards% S4H8H9HJHKHADQDKD2C3C7 STSJS2H3D3D5D7D8DAC5 S5S7SQSKH4H2D9C4CJCAJ3 S8SAH6H7DTC8C9CQCKC2 S3S6S9H5HTHQD4D6DJC6CT 
%00067%change_cards%  14S2DAEE 23J3EE 41S3D4EE 32H6EE
%00067%play%  1D3D4D5EE 3N7C8C9EE 3H7EE 4S9EE 0HJEE 2SQEE 1EE 3CKEE 4DAEE 0D2EE 2EE 3EE 4EE 0EE 0HKDKEE 2EE 1EE 3EE 4EE 0EE 0C3EE 2S5EE 1D7EE 3S8EE 3DTEE 4DJEE 0DQEE 2EE 1EE 3EE 4EE 0EE 0S4EE 2H6EE 1D8EE 1S3H3EE 3EE 4HTCTEE 0EE 2EE 1EE 4EE 4S6D6C6EE 0EE 2EE 1EE 3EE 4EE 4H5EE 0C7EE 2D9EE 1STEE 3CQEE 4S2EE 0EE 2EE 1EE 3EE 4EE 4HQEE 0HAEE 2H2EE 1EE 3EE 0EE 2EE 2H4C4EE 1EE 3EE 0EE 2EE 2S7EE 1SJEE 3SAEE 0EE 2EE 1EE 3EE 3C2EE 0EE 2EE 1EE 0H8EE 0H9EE 2CJEE 1EE 2SKEE 2CAEE
%00067%result% 43021
%00067%points% 201 204 208 207 200
%00068%mibun% 24310
%00068%seat% 34021
%00068%palyer_cards% S7S8SJH3H6H8D6DKC3C4CK S6S9STH5HQD7DTDQD2C8 S4H4HKHAD5DAC5C7C9CJC2 SQSAH7H9D3D4D9DJCTJ3 S3S5SKS2HTHJH2D8C6CQCA 
%00068%change_cards%  14HQD2EE 23C2EE 41S3S5EE 32D3EE
%00068%play%  2S4H4EE 1S5H5EE 3K7H7EE 4S2H2EE 0EE 2EE 1EE 3EE 4EE 4HTHJHQEE 0EE 2EE 1EE 3EE 4EE 4C6EE 0S7EE 2C9EE 1DQEE 3SAEE 4D2EE 0EE 2EE 1EE 3EE 4EE 4D8EE 4CQEE 0EE 2HKEE 1EE 3C2EE 4EE 2EE 3EE 3H9D9EE 4EE 0DKCKEE 2HADAEE 1EE 3EE 0EE 2EE 2D5C5EE 1STDTEE 3EE 4EE 0EE 2EE 1EE 1S3EE 3D4EE 4SKEE 0EE 2EE 1EE 3EE 4CAEE 0H3C3EE 2EE 1EE 3EE 0H6D6EE 0S8H8EE 0C4EE 2C7EE 1C8EE 1S6EE 3CTEE 0SJEE 2EE 1EE 3SQEE 3EE 3DJEE 2EE 1EE 2D3EE 1D7EE 2EE 1EE 1S9EE
%00068%result% 40312
%00068%points% 205 206 209 210 205
%00069%mibun% 13420
%00069%seat% 12403
%00069%palyer_cards% S6S8S9SAH4H2DAD2C4C5CA S5STS2H5HKD8DJC7C9J3 S4SJSKH7HAD9DKC8CJC2 S7H6HJHQD3D6C3C6CTCQCK S3SQH3H8H9HTD4D5D7DTDQ 
%00069%change_cards%  24HAC2EE 10J3EE 42S3H3EE 01H4EE
%00069%play%  3H6D6C6EE 1EE 2EE 4EE 0SADACAEE 3EE 0K2H2D2EE 0EE 0C4EE 3S7EE 1D8EE 1S5H5EE 2SJCJEE 4SQDQEE 0EE 3EE 1EE 2SKDKEE 4EE 2EE 2S3H3EE 4HTDTEE 0EE 3HQCQEE 1EE 2EE 4EE 3EE 3D3C3EE 1EE 2EE 4EE 0EE 3EE 3CTEE 1DJEE 2EE 4HAEE 0EE 3EE 1S2EE 4EE 1EE 1H4EE 2H7EE 4H8EE 4D4EE 0C5EE 3HJEE 1HKEE 2EE 4EE 0EE 3EE 1EE 1C7EE 2C8EE 2S4EE 4D5EE 0S6EE 3CKEE 1EE 2EE 4C2EE 0EE 4EE 4D7EE 0S8EE 0S9EE 1STEE 2EE 4EE 1EE 1C9EE 2EE 4EE 2D9EE
%00069%result% 30124
%00069%points% 209 209 211 215 206
%00070%mibun% 12304
%00070%seat% 12403
%00070%palyer_cards% S4S9SJH7HTHKD7DJC6C9 S5SQSKHJHQHAD4D8C4C5CK S8S2H5H6D3D5C3C7CJCAC2 S3S6S7SAH9H2D6DAD2C8CT STH3H4H8D9DTDQDKCQJ3 
%00070%change_cards%  43DKJ3EE 20S2EE 34S3S6EE 02S4EE
%00070%play%  2D3C3EE 4STDTEE 0SJDJEE 3SADAEE 1EE 2EE 4EE 0EE 3K2D2EE 3EE 3D6EE 1D8EE 1D4C4EE 2H5D5EE 4DQCQEE 0EE 3EE 1SKCKEE 2EE 4EE 1EE 1S5C5EE 2EE 4EE 0H7D7EE 3EE 1SQHQEE 0EE 1EE 1HJEE 2CAEE 4EE 0S2EE 3EE 1EE 2EE 0EE 0S9C9EE 3EE 1EE 2EE 4EE 0EE 0C6EE 3S7EE 1HAEE 2C2EE 4EE 0EE 3EE 2EE 2S4EE 4S6EE 0EE 3EE 2S8EE 2H6EE 4H8EE 4S3H3EE 0EE 3EE 2EE 4EE 4H4EE 0HTEE 3H2EE 2EE 4EE 0EE 3EE 3C8EE 3H9EE 2CJEE 4EE 0HKEE 3EE 2EE 3CTEE 2EE 4EE 3DKEE 2C7EE
%00070%result% 10324
%00070%points% 213 214 213 218 207
%00071%mibun% 10324
%00071%seat% 12403
%00071%palyer_cards% S6S8S9STH3H6D7D9DTCJ S3S5SQSAH5D5DJD2C3C9CT S4H4HTHJHKH2DKDACQCAJ3 SJH8H9HAD3D4D8DQC7CK S7SKS2H7HQD6C4C5C6C8C2 
%00071%change_cards%  41S2C2EE 20J3EE 14S3C3EE 02H3EE
%00071%play%  3H8D8EE 3D3EE 1C9EE 2HTEE 4HQEE 0KxEE 3EE 1EE 2EE 4EE 0EE 0S8S9STEE 0S6H6EE 3EE 1EE 2HKDKEE 4EE 0EE 2DACAEE 2EE 2S4H4EE 4D6C6EE 0EE 3EE 1EE 2EE 4S7H7EE 4EE 4C3C4C5EE 0EE 3EE 1EE 2EE 4EE 4S3EE 0D7EE 3H9EE 1CTEE 2HJEE 4SKEE 0EE 3HAEE 1EE 2H2EE 4EE 3EE 2EE 2H3EE 4C8EE 0D9EE 3SJEE 1SQEE 2EE 0EE 3EE 1SAEE 1EE 1S5H5D5EE 2EE 0EE 3EE 1S2D2C2EE 1EE 1DJEE 2CQEE 0EE 3CKEE 3EE 3D4EE 0DTEE 3DQEE 0EE 3EE 3C7EE
%00071%result% 41230
%00071%points% 214 218 216 220 212
%00072%mibun% 41230
%00072%seat% 20143
%00072%palyer_cards% S2H5H9D5DTDAD2C6C7C2 S6S8S9H7D4D6D8DKC8CK S3SQSKSAHKHAH2D7DQC3CJ S5S7STSJH4HTDJC5C9CQCA S4H3H6H8HJHQD3D9C4CTJ3 
%00072%change_cards%  04S2D2EE 31CAEE 40H3D3EE 13D4EE
%00072%play%  0H3D3EE 1S6D6EE 4S2D2EE 3EE 2EE 0EE 1EE 4EE 4H6L7H8EE 4S4C4EE 3S5C5EE 2EE 0EE 1S8C8EE 1DKCKEE 4EE 3EE 2SAHAEE 0EE 1EE 2EE 2S3C3EE 0H5D5EE 1EE 4EE 3STHTEE 2SQDQEE 0EE 3EE 2SKHKEE 2EE 2D7EE 0H9EE 1CAEE 4EE 3EE 2H2EE 0EE 1EE 2EE 2CJEE 0DAEE 1EE 4EE 3EE 0C2EE 0EE 0C6EE 1H7EE 4D9EE 3CQEE 0EE 1EE 4EE 3EE 3H4D4EE 0EE 1EE 4EE 3SJDJEE 3EE 3S7EE 0DTEE 1EE 4HJEE 3EE 0EE 4HQEE 4EE 4CTEE 3EE 0EE 1EE 3C9EE 0EE 1EE 0C7EE
%00072%result% 24301
%00072%points% 216 219 221 223 216
%00073%mibun% 34021
%00073%seat% 20143
%00073%palyer_cards% S3SKH5H7HQDAD2C4C5C8C9 S5S7S8STH4H9D8DTDKCAJ3 S6S9SJSQSAH3H2D9DQC7CK S4H6H8HKHAD6D7C6CQC2 S2HTHJD3D4D5DJC3CTCJ 
%00073%change_cards%  12CAJ3EE 04D2EE 21S6H3EE 40D3EE
%00073%play%  0S3D3EE 1S8D8EE 1S5S6S7EE 4EE 3EE 2KTSJSQEE 0EE 1EE 2EE 2S9D9EE 0EE 1STDTEE 4S2D2EE 3EE 2EE 1EE 4EE 4HJDJCJEE 3EE 2EE 0EE 1EE 4EE 4HTCTEE 3EE 2SACAEE 0EE 1EE 4EE 2EE 2C7EE 0C8EE 0H5C5EE 1EE 4EE 3EE 2EE 0EE 0C4EE 1H9EE 4EE 3CQEE 2CKEE 0EE 1EE 3C2EE 2EE 3EE 3H6D6C6EE 2EE 0EE 1EE 4EE 3EE 3S4EE 2DQEE 0SKEE 1EE 4EE 3HAEE 2H2EE 0EE 3EE 0H7EE 1DKEE 4EE 3EE 0DAEE 1EE 0EE 0C9EE 1EE 4EE 3HKEE 0EE 3EE 3D7EE 0HQEE 1EE 4EE 3EE 1H3EE 4D4EE 3H8EE 1H4EE
%00073%result% 20314
%00073%points% 220 221 226 226 217
%00074%mibun% 13024
%00074%seat% 20143
%00074%palyer_cards% S5S7HAD4D5D8D9C7CJCAJ3 S8SAS2H9HJH2DQC8C9CTC2 S6STSKH3H5D6DTDJDKC4C6 S3S4S9SQHKD3D7DACQCK SJH4H6H7H8HTHQD2C3C5 
%00074%change_cards%  42HQD2EE 10S2EE 24H3C4EE 01D4EE
%00074%play%  3S3D3EE 2STDTEE 0S2M2EE 1EE 4EE 3EE 2EE 0EE 0S5D5EE 1S8C8EE 1H9C9EE 4EE 3SQCQEE 2SKDKEE 0HACAEE 1H2C2EE 3EE 2EE 0EE 1EE 1D4EE 4HTEE 3DAEE 2D2EE 0EE 1EE 4EE 3EE 2EE 2S6D6C6EE 0EE 1EE 4EE 3EE 2EE 2H5EE 0D8EE 0S7C7EE 1EE 4EE 3HKCKEE 2EE 0EE 3EE 3S4EE 2DJEE 0EE 1DQEE 4EE 3EE 2EE 1EE 1CTEE 4SJEE 3EE 2HQEE 0EE 1SAEE 4EE 1EE 1HJEE 4EE 3EE 0EE 4C3C4C5EE 3EE 0EE 4H6H7H8EE 4H3EE 3D7EE 0D9EE 4EE 3EE 0EE 0CJEE 4EE 3EE 4H4EE
%00074%result% 21043
%00074%points% 223 225 231 227 219
%00075%mibun% 21043
%00075%seat% 40213
%00075%palyer_cards% S4S5SAH8H9HQH2C6C9J3 H7HTHKHAD4D7D8D9DTD2CJ S6S8S9SKH5D3C3C4C7CAC2 S3S7SQS2H4HJD6DJDQC5C8 STSJH3H6D5DKDACTCQCK 
%00075%change_cards%  32SQS2EE 41DAEE 23D3C3EE 14D4EE
%00075%play%  3S3D3C3EE 4EE 0K9H9C9EE 2EE 1EE 3EE 0EE 0S4EE 2H5EE 1CJEE 3DQEE 4EE 0SAEE 2EE 1D2EE 3EE 0EE 1EE 1D7D8D9DTEE 1HADAEE 3EE 4EE 0EE 2S2C2EE 1EE 2EE 2C4EE 1H7EE 3C8EE 3HJDJEE 4DKCKEE 0EE 2EE 1EE 3EE 4EE 4STCTEE 0EE 2EE 1EE 3EE 4EE 4H3EE 0S5EE 2S6EE 1EE 3S7EE 4SJEE 0EE 2SQEE 3EE 4EE 2SKEE 2EE 2C7EE 1HTEE 3EE 4CQEE 0H2EE 2EE 1EE 4EE 0EE 0C6EE 2S8EE 2S9EE 1HKEE 3EE 4EE 0EE 2CAEE 3H4EE 4D5EE 0H8EE 0HQEE 3EE 4EE 3C5EE 4H6EE 3EE 4EE 4D4EE
%00075%result% 12043
%00075%points% 226 230 235 228 221
%00076%mibun% 20143
%00076%seat% 40213
%00076%palyer_cards% SQSAH3H7HTHAH2D9DJDK S5S6H5H9HKD3D5C8C9CKC2 S4S7S9STSKH4D4D6CTCJ S2H8HJHQDTDQD2C3C4CAJ3 S3S8SJH6D7D8DAC5C6C7CQ 
%00076%change_cards%  31S2J3EE 42DAEE 13S5D3EE 24S4EE
%00076%play%  3D3C3EE 4H6C6EE 0SAHAEE 2EE 1S2C2EE 3EE 4EE 0EE 1EE 1N7C8C9EE 1H5D5EE 3HQDQEE 4EE 0EE 2EE 1EE 3EE 3C4EE 4C5EE 0EE 2CJEE 1EE 3CAEE 4EE 2EE 3EE 3S5EE 4SJEE 0SQEE 2SKEE 1EE 3EE 4EE 0EE 2EE 2H4D4EE 1HKCKEE 3EE 4EE 0EE 2EE 1EE 1S6EE 3H8EE 3DTEE 4CQEE 0DKEE 2DAEE 1EE 3D2EE 4EE 0EE 2EE 3EE 3HJEE 4EE 0H2EE 2EE 1EE 0EE 0H3EE 2D6EE 1H9EE 4EE 0HTEE 2EE 0EE 0H7EE 2S9EE 4EE 0DJEE 2EE 0EE 0D9EE 2EE 4EE 2STCTEE 4EE 2EE 2S7EE
%00076%result% 31024
%00076%points% 229 234 237 233 222
%00077%mibun% 21304
%00077%seat% 40213
%00077%palyer_cards% S5S8STH3HJD4D7DAD2CQC2 S3S9SKD3D9DTDQC3C6CK S4S7SJH4H5H2D5DJC9J3 S6S2H9HQHKHAD6D8C8CTCA SQSAH6H7H8HTDKC4C5C7CJ 
%00077%change_cards%  43SADKEE 21J3EE 34S6D6EE 12S3EE
%00077%play%  1D9DTMJDQEE 3EE 4EE 0EE 2EE 1EE 1D3C3EE 3D8C8EE 3HQHKHAEE 4EE 0EE 2EE 1EE 3EE 3SACAEE 4EE 0D2C2EE 2EE 1EE 3EE 0EE 0H3EE 2S7EE 1S9EE 3S2EE 4EE 0EE 2EE 1EE 3EE 3H9EE 4HTEE 0HJEE 2H2EE 1EE 3EE 4EE 0EE 2EE 2S4H4EE 1SKCKEE 3EE 4EE 0EE 2EE 1EE 1C6EE 3CTEE 4CJEE 0CQEE 2EE 3EE 4EE 0EE 0D4EE 2C9EE 3DKEE 4EE 0DAEE 2EE 0EE 0S5EE 2EE 4SQEE 0EE 4EE 4H6H7H8EE 4S6D6EE 0EE 2SJDJEE 4EE 2EE 2H5D5EE 4EE 0EE 2EE 2S3EE 4C4EE 0D7EE 4EE 0S8EE 0STEE
%00077%result% 13204
%00077%points% 231 239 240 237 223
%00078%mibun% 30214
%00078%seat% 01342
%00078%palyer_cards% S8SJSQS2D8DQDAC5CAC2 S5S9STH3H5D3D9D2C3C8J3 S7SKH7HTHJD5C9CTCJCQ S4SAH6H8H9HQH2D6C6C7CK S3S6H4HKHAD4D7DTDJDKC4 
%00078%change_cards%  41HKHAEE 03S2EE 14H3D3EE 30S4EE
%00078%play%  4S3H3D3EE 2EE 0EE 1S5H5M5EE 3EE 4EE 1EE 1S9D9EE 3S2H2EE 4EE 2EE 0EE 1EE 3EE 3H6D6C6EE 4EE 2EE 0EE 1EE 3EE 3C7EE 4DTEE 2SKEE 0C2EE 1EE 3EE 4EE 2EE 0EE 0S8D8EE 0SQDQEE 1EE 3EE 4EE 2EE 0DACAEE 0EE 0S4EE 1C8EE 1C3EE 3H8EE 3H9EE 4DJEE 2EE 0EE 1HKEE 3SAEE 4EE 1D2EE 3EE 1EE 1STEE 3HQEE 4DKEE 2EE 0EE 1HAEE 3EE 4EE 3CKEE 4EE 2EE 0EE 4H4D4C4EE 2EE 0EE 4EE 4S6EE 2EE 0SJEE 4EE 0EE 0C5EE 4D7EE
%00078%result% 13042
%00078%points% 234 244 241 241 225
%00079%mibun% 20413
%00079%seat% 01342
%00079%palyer_cards% S6H4H2D8DTDKC4CJCAC2 SQSKS2HQD5DQDAC5C9CTCQ S5S7SJH3HKD4DJC7CKJ3 S3S8H5H6H7H8HAD7C3C6C8 S4S9STSAH9HTHJD3D6D9D2 
%00079%change_cards%  21HKJ3EE 43D2EE 12D5C5EE 34S3EE
%00079%play%  4H9HTHJEE 2EE 0EE 1KJSQSKEE 3EE 4EE 4S3D3EE 2S7C7EE 0H2C2EE 1EE 3EE 4EE 2EE 0EE 0H4C4EE 1SKHKEE 3EE 4EE 2EE 0EE 1KADAEE 1EE 1SQHQDQCQEE 3EE 4EE 2EE 0EE 1EE 1S2EE 3HAEE 4STEE 2D4EE 0EE 1EE 3C3EE 4EE 2EE 3EE 3H5H6H7H8EE 3S8C8EE 3D2EE 4SAEE 2CKEE 0CJEE 1CTEE 3C6EE 4EE 2EE 0EE 1EE 3EE 3D7EE 4D6EE 2EE 0EE 1EE 4EE 4S9D9EE 2EE 0EE 1EE 4EE 4S4EE 2H3EE 0EE 1EE 2EE 2S5D5C5EE 0EE 1EE 2EE 2SJDJEE 0EE 1EE 0CAEE 1C9EE
%00079%result% 34210
%00079%points% 235 246 244 246 229
%00080%mibun% 43201
%00080%seat% 01342
%00080%palyer_cards% SKH9HJD3D9DJCTCJCQC2 S7S8STS2HTHQD7DKD2CK SJSQSAH5H8D5D8C5C9CAJ3 S3S4S6S9H3H7HKD6DAC4C6 S5H4H6HAH2D4DTDQC3C7C8 
%00080%change_cards%  03SKC2EE 14S2EE 30S3H3EE 41C3EE
%00080%play%  0CTCJCQEE 1EE 3EE 4EE 2EE 0EE 0S3H3D3EE 1EE 3S6D6C6EE 4EE 2K8H8D8EE 2H5D5C5EE 0EE 1EE 3EE 4EE 2EE 2SACAEE 0EE 1EE 3EE 4S2H2EE 2EE 4EE 4H4D4EE 2EE 0H9D9EE 1EE 3EE 4EE 0HJDJEE 1S7D7EE 3SKHKEE 4EE 2EE 1EE 3EE 3S4C4EE 4EE 2EE 1STHTEE 3EE 1DKCKEE 1EE 1C3EE 3H7EE 4C8EE 4S5EE 2C9EE 1HQEE 3DAEE 4EE 2EE 1D2EE 3EE 1EE 1S8EE 3S9EE 4DTEE 2SJEE 3C2EE 4EE 2EE 4H6EE 2SQEE
%00080%result% 01324
%00080%points% 240 250 246 249 230
%00081%mibun% 01324
%00081%seat% 10243
%00081%palyer_cards% H5HKD8D9DQC5C6C8CQCAJ3 S3H4HAD3D6DTC3CJCKC2 S4S8S9SJH3H8HTHQD5D7DK S6S7SQH7H9HJD4DAD2C9 S5STSKSAS2H6H2DJC4C7CT 
%00081%change_cards%  40S2H2EE 21DKEE 04H5C5EE 12S3EE
%00081%play%  1D3C3EE 0D8C8EE 0CQNKCAEE 2EE 4EE 3EE 1EE 0EE 0S2H2EE 2EE 4EE 3EE 1EE 0EE 0C6EE 2D7EE 4DJEE 3DAEE 1EE 0EE 2EE 4EE 3D2EE 3EE 3S7H7EE 1DKCKEE 0EE 2EE 4EE 3EE 1EE 1H4EE 0D9EE 2HTEE 4SKEE 3EE 1HAEE 0EE 2EE 4EE 1C2EE 1EE 1D6EE 0DQEE 2EE 4EE 3EE 1EE 0EE 0HKEE 2EE 4SAEE 3EE 1EE 4EE 4S5H5C5EE 3EE 1EE 2EE 4EE 4STCTEE 3EE 1EE 2EE 4EE 4C4EE 3S6EE 1DTEE 2SJEE 4EE 3SQEE 1EE 2EE 3EE 3H9C9EE 1EE 2EE 4EE 3EE 3D4EE 1CJEE 2HQEE 4EE 3EE 2EE 2S3H3EE 4EE 3EE 2S8H8EE 2S4EE 4H6EE 3HJEE 2EE 4EE 2D5EE 4C7EE
%00081%result% 01342
%00081%points% 245 254 247 252 232
%00082%mibun% 01423
%00082%seat% 10243
%00082%palyer_cards% S3S9S2H4H9HJHAD9DKC3C4 S4SKHQHKD4D6D8C9CTCK S6S8SQSADTC5C6C8CJCQCA SJH6H7H8H2DJDQDAC7J3 S5S7STH3H5HTD3D5D7D2C2 
%00082%change_cards%  20SACAEE 41D2EE 02S3C3EE 14S4EE
%00082%play%  4S5H5D5EE 3K7H7C7EE 1SKHKCKEE 0SAHACAEE 2EE 4EE 3EE 1EE 0EE 0S9H9D9EE 2EE 4EE 3EE 1EE 0EE 0H4C4EE 2S6C6EE 4S7D7EE 3SJDJEE 1EE 0EE 2EE 4EE 3EE 3H6EE 1D8EE 1D4EE 0HJEE 2EE 4C2EE 3EE 1EE 0EE 4EE 4H3D3EE 3EE 1EE 0EE 2S8C8EE 2S3C3EE 4STHTEE 3EE 1EE 0EE 2SQCQEE 4EE 2EE 2C5EE 4EE 3H8EE 3DQEE 1D2EE 0EE 2EE 4EE 3EE 1EE 1D6EE 0DKEE 2EE 4EE 3DAEE 1EE 0EE 3EE 3H2EE 1EE 0EE 2EE 4EE 1C9EE 0S2EE 2EE 4EE 1EE 2DTEE 4EE 1HQEE 2EE 1EE 1CTEE 2CJEE
%00082%result% 30124
%00082%points% 249 257 249 257 233
%00083%mibun% 12304
%00083%seat% 10243
%00083%palyer_cards% S8S9H7H9D7DJDAD2CJCKJ3 S3S7SKS2H3H4H5H2D4DKC4 S4SJH8D6D8DQC9CTCQC2 S5STSAHJHQHAD3D9C3C5C7 S6SQH6HTHKD5DTC6C8CA 
%00083%change_cards%  43HKCAEE 20C2EE 34D3C3EE 02H7EE
%00083%play%  4S6H6C6EE 3SAHACAEE 1EE 0EE 2EE 4EE 3EE 3HJHQHKEE 1EE 0MKDAD2EE 2EE 4EE 3EE 3S5C5EE 1SKDKEE 0D2C2EE 2EE 4EE 3EE 1EE 0EE 0K7S8S9EE 0DJCJEE 2DQCQEE 4EE 3EE 1EE 0EE 2EE 2H8D8EE 2S4EE 4D5EE 3C7EE 1EE 0H9EE 2CTEE 4SQEE 3EE 0CKEE 2EE 4EE 0DAEE 0EE 0D7EE 2C9EE 4EE 3STEE 1EE 2SJEE 3EE 2EE 2D6EE 4C8EE 4D3C3EE 3EE 1S2H2EE 2EE 4EE 1EE 1H3H4H5EE 2EE 4EE 3EE 1EE 1D4C4EE 2EE 4HTDTEE 3EE 1EE 3D9EE 1EE 2EE 1S3EE 2H7EE
%00083%result% 04321
%00083%points% 254 258 251 260 237
%00084%mibun% 04321
%00084%seat% 04213
%00084%palyer_cards% S7SQSAHQD5D7D8D9DJC5CK S4S6S8STHAD4DQD2C3C8 SJS2H3HTHJHKH2DTCTCJCQ S3S5S9H7H9D6DKC9C2J3 SKH4H5H6H8D3DAC4C6C7CA 
%00084%change_cards%  10HAD2EE 24S2EE 01D5C5EE 42D3EE
%00084%play%  2CTCJCQEE 1EE 3EE 0EE 4EE 2EE 2H3D3EE 1S4D4EE 3S5L5EE 0S7D7EE 4DACAEE 2EE 1EE 3EE 0EE 4EE 4H4H5H6EE 2EE 1EE 3EE 0EE 4EE 4C4EE 2HKEE 1EE 3C2EE 0EE 4EE 2EE 3EE 3S9H9C9EE 0EE 4EE 2EE 1EE 3EE 3S3EE 0D8EE 0SQHQEE 4EE 2EE 1EE 3EE 0SAHAEE 0EE 0D9EE 4SKEE 2H2EE 1EE 3EE 0EE 4EE 2EE 2HTDTEE 1EE 3EE 0EE 4EE 2SJHJEE 1D5C5EE 3EE 0EE 4EE 1S8C8EE 1C3EE 3D6EE 0DJEE 4EE 1DQEE 3DKEE 0D2EE 1EE 3EE 0EE 0CKEE 4S2EE 1EE 3EE 4EE 4C6EE 1STEE 3EE 4EE 1EE 1S6EE 3H7EE
%00084%result% 20134
%00084%points% 258 261 256 262 238
%00085%mibun% 12034
%00085%seat% 04213
%00085%palyer_cards% S5S6S8SQH8D3D6D2C8CQ S7SJS2H9HQH2D4D9DAC6C9 S3S4SAH4H5H6HJDKC3CTCJ S9STSKHTHKD7D8DTDQCKCA H3H7HAD5DJC4C5C7C2J3 
%00085%change_cards%  42C2J3EE 30CAEE 24S3C3EE 03D3EE
%00085%play%  3STHTDTEE 0EE 4EE 2KJHJCJEE 1EE 3SKHKCKEE 2EE 3EE 3D3EE 0S5EE 4DJEE 2DKEE 1DAEE 3EE 0D2EE 4EE 2EE 1EE 0EE 0S8H8C8EE 0S6D6EE 4H7C7EE 2EE 1S2H2EE 3EE 0EE 4EE 1EE 1H9D9C9EE 3EE 0EE 4EE 2EE 1EE 1D4EE 3D7EE 0EE 4EE 2EE 1EE 3D8EE 3S9EE 0CAEE 4EE 2C2EE 1EE 3EE 0EE 2EE 2H4H5H6EE 1EE 3EE 0EE 4EE 2EE 2S4EE 1C6EE 3DQEE 0EE 4HAEE 2EE 1EE 4EE 4C3C4C5EE 2EE 1EE 0EE 4EE 4S3H3EE 2EE 1EE 0SQCQEE 4EE 4D5EE 2CTEE 1SJEE 2SAEE
%00085%result% 30421
%00085%points% 262 262 258 267 241
%00086%mibun% 14302
%00086%seat% 04213
%00086%palyer_cards% S4SAH4H6HTD4C5CJCQCKCA STSJH7HQD6DJDQC3C7C8 S3S6S9S2H9HKHADACTC2 S5S7SKHJD3D8D9C4C6C9J3 S8SQH3H5H8H2D5D7DTDKD2 
%00086%change_cards%  13HQDQEE 20S2EE 31D3C4EE 02S4EE
%00086%play%  1D3C3EE 3D9C9EE 0EE 4EE 2EE 1EE 3DQNQEE 3EE 3S5EE 0H6EE 4D7EE 2CTEE 1EE 3HJEE 0S2EE 4EE 2EE 3EE 0EE 0CJCQCKCAEE 4EE 2EE 1EE 3EE 0EE 0H4D4EE 4H5D5EE 2HADAEE 1EE 3EE 0EE 4H2D2EE 2EE 4EE 4S8H8EE 4H3EE 2S4EE 1D6EE 3S7EE 0HTEE 4SQEE 2HKEE 1EE 3EE 0SAEE 4EE 2C2EE 0EE 2EE 2S9H9EE 1SJDJEE 3EE 0EE 4EE 2EE 1EE 1H7C7EE 3EE 0EE 4EE 2EE 1EE 1C4EE 3C6EE 0EE 4EE 2EE 1C8EE 1STEE 3HQEE 0EE 4DKEE 2EE 3EE 4EE 4DTEE 2EE 3SKEE 0EE 3EE 3D8EE 0C5EE
%00086%result% 14302
%00086%points% 264 267 259 270 245
%00087%mibun% 30421
%00087%seat% 01234
%00087%palyer_cards% S4S6SJSKSAS2C3C5C9CA HJHAD6D7D9D2C4C7C8CQC2 S8SQH3H4H6H9HQH2D3D5CT S3S5S9H7H8D4D8DTDJDAJ3 S7STH5HTHKDQDKC6CJCK 
%00087%change_cards%  21SQH2EE 04S2EE 12D6C4EE 40H5EE
%00087%play%  2H3D3EE 3H8D8EE 3S3K4S5EE 4EE 0EE 1EE 2EE 3EE 3D4EE 4C6EE 0C9EE 1EE 2CTEE 3EE 4CJEE 0EE 2EE 4EE 4HKDKCKEE 0EE 1H2D2C2EE 2EE 3EE 4EE 1EE 1D7C7EE 2EE 3EE 4STHTEE 0SACAEE 1EE 4EE 0EE 0H5C5EE 1SQCQEE 2EE 3EE 4EE 0EE 1EE 1C8EE 1D9EE 2HQEE 3DAEE 4S2EE 0EE 1EE 2EE 3EE 4EE 4S7EE 0SJEE 1EE 2EE 3EE 4EE 0SKEE 0EE 0C3EE 1HJEE 2EE 3EE 4DQEE 0EE 1HAEE 2H4C4EE 3EE 0EE 2H6D6EE 2EE 2D5EE 3H7EE 0EE 2S8EE 2H9EE 3DTEE 0EE 3DJEE 3EE 3S9EE
%00087%result% 41230
%00087%points% 265 271 262 272 250
%00088%mibun% 41230
%00088%seat% 01234
%00088%palyer_cards% S3S7SJH9HTH2D6C9CQCAC2 S4S5S9SAS2HJD5DQDAD2C3 S6STH5HKD4D8DTC4C5CJ S8SKH3HQHAD9DKC6C8J3 SQH4H6H7H8D3D7DJC7CTCK 
%00088%change_cards%  04H2C2EE 31J3EE 40H4D3EE 13C3EE
%00088%play%  0S3D3EE 1S5D5EE 2STDTEE 3SKDKEE 4EE 0EE 1SADAEE 2EE 3EE 1S2D2EE 1EE 1S4L4EE 2H5C5EE 3S8C8EE 3H3C3EE 4H2C2EE 0EE 1EE 2EE 3EE 4EE 4H6H7H8EE 4D7C7EE 0H9C9EE 1EE 2EE 3EE 4EE 0EE 0H4EE 1S9EE 2CJEE 3HQEE 4CKEE 0CAEE 1EE 2EE 3EE 4EE 0EE 0D6EE 1HJEE 2HKEE 3HAEE 4EE 0EE 1EE 2EE 3EE 3C6EE 4CTEE 0CQEE 1EE 2EE 3EE 4EE 0EE 0S7EE 1DQEE 2EE 3EE 4EE 0EE 2D4C4EE 3EE 4EE 0EE 2EE 2S6EE 3D9EE 4DJEE 0EE 2EE 4EE 4SQEE 0EE 2EE 0HTEE 2EE 0SJEE
%00088%result% 13402
%00088%points% 267 276 263 276 253
%00089%mibun% 30412
%00089%seat% 01234
%00089%palyer_cards% S5STSAD5DAC7CQCKCAJ3 S9H5HTHKH2D3DQC4C6C9CJ S4SQS2H9HQD4D8DTC5C8C2 S6S8H4H8HAD7D9DJDKD2C3 S3S7SJSKH3H6H7HJD6CT 
%00089%change_cards%  21S2C2EE 03J3EE 12D3C4EE 30C3EE
%00089%play%  2S4D4C4EE 3S8H8M8EE 3H4EE 4CTEE 0EE 1CJEE 2EE 3EE 4EE 1EE 1S2H2C2EE 2EE 3EE 4EE 0EE 1EE 1S9C9EE 2SQHQEE 3EE 4EE 0EE 1EE 2EE 2D8C8EE 2D3EE 3S6EE 4SKEE 0EE 1EE 2EE 3EE 4EE 4S3H3EE 0S5D5EE 1EE 2EE 3EE 4H6D6EE 0EE 4S7H7EE 4SJHJEE 0CQCKCAEE 1EE 2EE 3EE 0EE 0SADAEE 1EE 2EE 3EE 0EE 0C3EE 1H5EE 2H9EE 3HAEE 0EE 1EE 2EE 3EE 3D7EE 0STEE 1DQEE 2EE 3DKEE 0EE 1EE 3D2EE 3EE 3D9EE 0EE 1HTEE 2EE 3DJEE 1HKEE 1EE 1C6EE 2DTEE 0EE 2EE 2C5EE
%00089%result% 43120
%00089%points% 268 279 265 280 258
%00090%mibun% 42310
%00090%seat% 10324
%00090%palyer_cards% S3S8STH3HTHQH2D5D6C5C8 S4S6SJSKS2H5H6H9HADJCQ S7SQH4H7D4DQDACJCKC2 SAHJHKD8D9DTC3C9CTCA S5S9H8D3D7DKD2C4C6C7J3 
%00090%change_cards%  04HQH2EE 23C2EE 40D3C4EE 32C3EE
%00090%play%  0S3H3D3EE 3EE 2EE 4K7D7C7EE 1EE 0EE 4EE 4H2D2EE 1EE 0EE 3EE 2EE 4EE 4S5EE 1H9EE 0EE 3HJEE 2EE 4HQEE 1HAEE 3EE 4EE 1EE 1S6H6EE 0S8C8EE 0D5C5EE 3D9C9EE 2EE 4EE 1EE 0EE 3DTCTEE 3EE 3SACAEE 2EE 4EE 1EE 0EE 3EE 3D8EE 3HKEE 2DAEE 4EE 1S2EE 0EE 3EE 2EE 1EE 1SJDJEE 0EE 3EE 2SQDQEE 4EE 1EE 2EE 2H4D4EE 4EE 1EE 0STHTEE 3EE 2EE 0EE 0C4EE 3C2EE 2EE 4EE 1EE 0EE 2S7H7EE 4EE 1EE 0EE 2EE 2C3EE 4C6EE 1CQEE 0EE 2CKEE 4EE 1EE 2EE 2CJEE 4DKEE 1EE 0EE 4EE 4H8EE 4S9EE 1SKEE 0EE 1EE 1S4EE 0D6EE
%00090%result% 32401
%00090%points% 270 280 269 285 261
%00091%mibun% 34102
%00091%seat% 10324
%00091%palyer_cards% S6SJH5H7DJDKC6CJCAC2 S5STS2HJHQHADTC3C5CQ S4S8SQH3H8H9H2D5DQDAC8 S9SKSAH4H6D4D6D2C4CTCK S3S7HTHKD3D7D8D9C7C9J3 
%00091%change_cards%  13S2HAEE 02C2EE 31H4D4EE 20H3EE
%00091%play%  4M6D7D8D9EE 4S3D3EE 1H4D4EE 0S6C6EE 3SKCKEE 2EE 4EE 1EE 0EE 3EE 3H6D6EE 2SQDQEE 4EE 1EE 0EE 3SAHAEE 2H2C2EE 3EE 2EE 2S8H8C8EE 2S4EE 4C9EE 1HJEE 0DKEE 3EE 2DAEE 4EE 1EE 0EE 2EE 2D5EE 4HTEE 1EE 0CAEE 3EE 2EE 4EE 0EE 0SJDJCJEE 3EE 2EE 4EE 1EE 0EE 0H3EE 3C4EE 2H9EE 4HKEE 1EE 0EE 3EE 4EE 4S7C7EE 1STDTEE 0EE 3S2D2EE 1EE 3EE 3S9EE 1EE 0EE 3CTEE 1S5C5EE 0EE 1HQCQEE 1EE 1C3EE
%00091%result% 24310
%00091%points% 271 282 274 288 265
%00092%mibun% 43021
%00092%seat% 10324
%00092%palyer_cards% SAS2H3H2D4CJCQCAC2J3 S8SJSKH4HJHKHAD7D8DTC5 S3S5H6H9D5D9DJDKDAD2C8 S4SQH5H7HQD3D6C4CTCK S6S7S9STH8HTDQC3C6C7C9 
%00092%change_cards%  02S2J3EE 14HAEE 20S3S5EE 41C3EE
%00092%play%  3S4C4EE 2H9D9EE 4STHTEE 1SJHJEE 0EE 3SQHQEE 2S2L2EE 4EE 1EE 3EE 2EE 2DKDAD2EE 4EE 1EE 0EE 3EE 2EE 2D5EE 4H8EE 4S6C6EE 1S8D8EE 1SKHKEE 0SACAEE 3EE 2EE 4EE 1EE 0H2C2EE 0EE 0S3H3EE 3EE 2EE 4S7C7EE 1EE 0EE 4S9C9EE 4EE 4DQEE 1EE 0EE 3CKEE 2EE 4HAEE 3EE 1C3EE 0D4EE 3H5EE 2H6EE 1EE 0EE 3H7EE 2EE 3EE 3D3EE 2C8EE 2DJEE 1EE 0CQEE 3EE 0EE 0S5EE 3D6EE 1D7EE 0EE 3EE 1DTEE 1EE 1H4EE 0CJEE 3EE 1EE 3CTEE
%00092%result% 42031
%00092%points% 274 283 278 290 270
%00093%mibun% 24130
%00093%seat% 32104
%00093%palyer_cards% S3S5S8STH7H8HJD9C4CK S2H9HQH2D3D5D8DQCAJ3 S4SJSAH3HTD7DJC5C7C8C2 S7S9SKH6HKHAD4DAC6CTCQ S6SQH4H5D6DTDKD2C3C9CJ 
%00093%change_cards%  14S2J3EE 32HAEE 41H4C3EE 23H3EE
%00093%play%  1D3C3EE 0S8H8EE 0S3EE 4H5EE 3S7EE 2C8EE 2D7C7EE 1HQDQEE 0EE 4S2D2EE 3EE 2EE 1EE 4EE 4C9NTCJEE 3EE 2EE 1EE 0EE 4EE 4S6D6EE 3SKHKEE 2SAHAEE 1EE 0EE 4EE 3EE 2EE 2SJDJEE 1EE 0EE 4EE 3EE 2EE 2S4EE 1D5EE 0H7EE 4DTEE 3CQEE 2C2EE 1EE 0EE 4EE 3EE 2EE 2C5EE 1D8EE 1H4EE 0S5EE 4SQEE 3EE 2EE 1EE 0EE 4EE 4DKEE 3DAEE 2EE 1EE 0EE 3EE 3H6C6EE 2EE 1EE 0EE 3EE 3H3EE 2HTEE 1H2EE 0EE 3EE 1EE 1H9EE 0STEE 3EE 1CAEE 0EE 0C4EE 3S9EE 0HJEE 3EE 0CKEE 0EE 0D9EE
%00093%result% 42103
%00093%points% 276 286 282 291 275
%00094%mibun% 32140
%00094%seat% 32104
%00094%palyer_cards% S4S9SJSQS2H3H7HJDKCK S5STH9H2D3D7D8DAC7J3 S6S8D6D9DJC6C8CJCQCAC2 S3H6HTHQHKD4DTD2C3C9CT S7SKSAH4H5H8HAD5DQC4C5 
%00094%change_cards%  34HKD2EE 02S2EE 43H4C4EE 20S6EE
%00094%play%  1M6D7D8EE 1D3EE 0S4EE 4S7EE 3EE 2EE 1STEE 0SQEE 4EE 1EE 0EE 0SJHJEE 4SKHKEE 3EE 2EE 1EE 0EE 4SAHAEE 4EE 4H5D5C5EE 3HTDTCTEE 2EE 1EE 0EE 4EE 3EE 3H4D4C4EE 2EE 1EE 0EE 4EE 3EE 3S3C3EE 2D6C6EE 1EE 0DKCKEE 4EE 3EE 2EE 0EE 0H3EE 4H8EE 4DQEE 3EE 2CAEE 1H2EE 0EE 4EE 2EE 1EE 1S5EE 0S6EE 4EE 3EE 2EE 1EE 0S9EE 0EE 0H7EE 4D2EE 3EE 2EE 1EE 3H6EE 2D9EE 1DAEE 3EE 2EE 1EE 1C7EE 3C9EE 2CQEE 1EE 3EE 2EE 2S8C8EE 2DJCJEE 1EE 3EE 2S2C2EE 1H9EE
%00094%result% 04213
%00094%points% 281 288 285 292 279
%00095%mibun% 03241
%00095%seat% 32104
%00095%palyer_cards% S8HJHQHKHAD9DQC6CKC2J3 S4S6SJH3H5D7D8DTDJCA S7S9STH6H7H2DKDAC3C8 S5SQSAS2HTD3D5D6D2C4C5 S3SKH4H8H9D4C7C9CTCJCQ 
%00095%change_cards%  30S2D2EE 14CAEE 03S8C6EE 41S3EE
%00095%play%  3C4C5C6EE 2EE 1EE 0HQHKHAEE 4EE 3EE 0EE 0CKNAC2EE 4EE 3EE 2EE 1EE 0EE 0S2D2EE 4EE 3EE 2EE 1EE 0EE 0D9EE 4SKEE 3SAEE 2EE 1EE 0EE 4EE 3EE 3S5D5EE 2S7H7EE 1SJDJEE 0EE 4EE 3EE 2EE 1EE 1S3H3EE 0EE 4H4D4EE 3EE 2EE 1EE 4H9C9EE 4EE 4CTCJCQEE 3EE 2EE 1EE 0EE 4EE 4C7EE 3S8EE 3D3EE 2H6EE 1D7EE 0HJEE 4CAEE 3EE 2H2EE 1EE 0EE 4EE 2EE 2C3EE 1S4EE 0DQEE 4EE 3EE 2DKEE 1EE 2DAEE 2EE 2C8EE 2S9EE 1DTEE 4EE 3SQEE 2EE 1EE 3EE 3D6EE 2STEE 1EE 4EE 3EE 1H5EE 4H8EE 3HTEE
%00095%result% 02431
%00095%points% 286 289 289 294 282
%00096%mibun% 04132
%00096%seat% 10432
%00096%palyer_cards% S4S6S7SAH9HAC4C7C8C9C2 S9SJS2HKD8D9DTDJC3J3 S3STSKH3H6HTD6DKDACJ S5SQH4HJHQD3D4D7CTCKCA S8H5H7H8H2D5DQD2C5C6CQ 
%00096%change_cards%  10S2J3EE 32CAEE 01S4C4EE 23S3EE
%00096%play%  3S3D3EE 2H6D6EE 1S9D9EE 0SAHAEE 4H2D2EE 3EE 2EE 1EE 0EE 4EE 4H5D5C5EE 3EE 2EE 1EE 0S7L7C7EE 4EE 0EE 0H9C9EE 4DQCQEE 3EE 2SKDKEE 1EE 0S2C2EE 4EE 2EE 0EE 0S6EE 4H7EE 3CTEE 2CJEE 1EE 0EE 4EE 3CKEE 2EE 3EE 3H4D4EE 2STHTEE 1SJDJEE 0EE 4EE 3SQHQEE 2DACAEE 1EE 3EE 2EE 2H3EE 1D8EE 1S4C4EE 0EE 4S8H8EE 4C6EE 3D7EE 1DTEE 0EE 3EE 1EE 1C3EE 0C8EE 3S5EE 1HKEE
%00096%result% 24013
%00096%points% 289 291 294 295 286
%00097%mibun% 23041
%00097%seat% 10432
%00097%palyer