%-----%hostname% HonokanoMacBook-Pro.local
%-----%TIME_START% 2025/05/24 16:34:23
%-----%palyer_name% Normal Normal Normal Normal Normal
%-----%WINDOW_TYPE% ALICE
%-----%GRAPH_WINDOW% YES
%-----%RAND_TYPE% 1
%-----%RULE_KAKUMEI% YES
%-----%RULE_SHIBARI% YES
%-----%RULE_KINSOKU% NO
%-----%RULE_KAIDAN% YES
%-----%RULE_CHANGE% YES
%-----%RULE_5TOBI% NO
%-----%RULE_6REVERS% NO
%-----%RULE_8GIRI% YES
%-----%RULE_11BACK% NO
%-----%RULE_SEKIGAE% YES
%-----%RULE_SEKIGAE_NUM% 3
%-----%GAME_NUMBER% 100
%-----%FLASH_MIBUN_NUMBER% 100
%-----%GAME_PORT% 53166
%-----%RANDOM_SEED% 1748072059
%00000%mibun% 22222
%00000%seat% 41320
%00000%palyer_cards% S5S6S8SQH3D3D8DKC6C9CT S3S4S7H4H5D9DQC3CJCQCA S9SAS2H8HAH2D2C7CKC2 SKH6H9HKD4D6DTDJDAC4 STSJH7HTHJHQD5D7C5C8J3 
%00000%change_cards% NULL
%00000%play%  0H3D3EE 4EE 1EE 3EE 2EE 0EE 0S6C6EE 4EE 1EE 3EE 2EE 0EE 0S8D8EE 0S5EE 4H7EE 1D9EE 3DTEE 2D2EE 0KxEE 4KxEE 1KxEE 3KxEE 2KxEE 4KxEE 4HTHJHQEE 1EE 3EE 2EE 0EE 4EE 4D5C5EE 1EE 3EE 2EE 0EE 4EE 4D7EE 1CJEE 3SKEE 2SAEE 0KxEE 4KxEE 1KxEE 3KxEE 2S2EE 2KxEE 2H2C2EE 0EE 4EE 1EE 3EE 2EE 2C7EE 0C9EE 4KxEE 1CQEE 3KxEE 2CKEE 0KxEE 1CAEE 2KxEE 1KxEE 1S3C3EE 3EE 2EE 0EE 4EE 1EE 1S4H4EE 3EE 2EE 0EE 4EE 1EE 1H5EE 3H6EE 2H8EE 2S9EE 0CTEE 4SJEE 1DQEE 3HKEE 2HAEE 0KxEE 4KxEE 1KxEE 3KxEE 0SQEE 4KxEE 1KxEE 3DAEE 0KxEE 3KxEE 3D4C4EE 0EE 4EE 1EE 3EE 3D6EE 0DKEE 4KxEE 1KxEE 3KxEE 4C8EE 4STEE 1KxEE 3DJEE 3KxEE 3H9EE
%00000%result% 20431
%00000%points% 4 1 5 2 3
%00001%mibun% 14032
%00001%seat% 41320
%00001%palyer_cards% S6SAH4HTHQD5DTDJC3CTC2 S5S2H5H6HAH2DKC4C8CQ S3S7SJH9HKD3D7DQC6C9J3 S4S8STH3H7H8HJD4C5C7 S9SQSKD6D8D9DAD2CJCKCA 
%00001%change_cards%  12S2H2EE 30HJEE 21S3D3EE 03C3EE
%00001%play%  1S3D3EE 3EE 2EE 0EE 4EE 1EE 1S5H5EE 3EE 2EE 0EE 4EE 1EE 1C4EE 3C5EE 2C6EE 0CTEE 4CJEE 1CQEE 3KxEE 2KxEE 0KxEE 4KxEE 1KxEE 2KxEE 2S7D7EE 0EE 4EE 1EE 3EE 2EE 2H9C9EE 0EE 4EE 1EE 3EE 2EE 2S2H2EE 0EE 4EE 1EE 3EE 2EE 2SJEE 0HQEE 4SKEE 1HAEE 3KxEE 2KxEE 0C2EE 4KxEE 1KxEE 0KxEE 0HTDTEE 4EE 1EE 3EE 2EE 0EE 0HJDJEE 4EE 1EE 3EE 2EE 0EE 0H4EE 4D6EE 1C8EE 1H6EE 3H7EE 2HKEE 0KxEE 4KxEE 1KxEE 3KxEE 2KxEE 2DQEE 0SAEE 4D2EE 1KxEE 3KxEE 0KxEE 4KxEE 4S9D9EE 1EE 3EE 0EE 4EE 4DACAEE 1EE 3EE 0EE 4EE 4D8EE 4SQEE 1DKEE 3KxEE 0KxEE 4KxEE 3H3C3EE 0EE 4EE 3EE 3S4D4EE 0EE 4EE 3EE 3S8H8EE 3C7EE 0KxEE 4CKEE 3KxEE 3STEE
%00001%result% 21430
%00001%points% 5 5 10 4 6
%00002%mibun% 41032
%00002%seat% 41320
%00002%palyer_cards% S6S2H6HJD4D5DQDKDAC3C5 S4S5SKH5H8H9H2C9CQJ3 S8SQHQHKD7DJD2C8CTCJCK S3S9STSJHTD3D8D9C6C2 S7SAH3H4H7HAD6DTC4C7CA 
%00002%change_cards%  02S2DAEE 31C2EE 20S8D7EE 13S4EE
%00002%play%  3S9STSJEE 2EE 0EE 4EE 1EE 3EE 3S3D3EE 2EE 0EE 4EE 1EE 3EE 3S4EE 2C8EE 2DJCJEE 0EE 4EE 1EE 3EE 2EE 2SQHQEE 0EE 4EE 1EE 3EE 2EE 2HKCKEE 0EE 4EE 1EE 3EE 2EE 2S2D2EE 0EE 4EE 1EE 3EE 2EE 2CTEE 0HJEE 4SAEE 1H2EE 3KxEE 2KxEE 0KxEE 4KxEE 1KxEE 1KxEE 1S5H5EE 3EE 2EE 0EE 4EE 1EE 1H9C9EE 3EE 2EE 0EE 4EE 1EE 1H8EE 1CQEE 3KxEE 2DAEE 0KxEE 4KxEE 1C2EE 1KxEE 1SKEE 3KxEE 0KxEE 4HAEE 4KxEE 4H4C4EE 3EE 0EE 4EE 4S7H7C7EE 3EE 0EE 4EE 4H3EE 3C6EE 0D7EE 4DTEE 3KxEE 0DQEE 4KxEE 0DKEE 0KxEE 0D5C5EE 4EE 3EE 0EE 0S6H6EE 4EE 3EE 0EE 0C3EE 4D6EE 3D8EE 3D9EE 0KxEE 4CAEE 3KxEE 3HTEE
%00002%result% 21430
%00002%points% 6 9 15 6 9
%00003%mibun% 41032
%00003%seat% 12304
%00003%palyer_cards% S5S6SAH3H6H9D3D4D6D2J3 STS2HTHKD9DKC5C7CJCQ SJSKH8D5D8DJDQDAC3C8CK S3S4S8HQHAH2DTC4CTCAC2 S7S9SQH4H5H7HJD7C6C9 
%00003%change_cards%  02D2J3EE 31H2EE 20D5C3EE 13C5EE
%00003%play%  0D3D4D5D6EE 4EE 1EE 2EE 3EE 0EE 0H3C3EE 4EE 1EE 2EE 3EE 0EE 0S6H6EE 4EE 1EE 2EE 3EE 0EE 0S5EE 4C6EE 1C7EE 2C8EE 2H8D8EE 2SJDJEE 3EE 0EE 4EE 1EE 2EE 2SKCKEE 3EE 0EE 4EE 1EE 2EE 2DQEE 3HAEE 0KxEE 4KxEE 1S2EE 2KxEE 3KxEE 1KxEE 2KxEE 2DAEE 3C2EE 0KxEE 4KxEE 1KxEE 2KxEE 3KxEE 3S4C4EE 0EE 4EE 1EE 2EE 3EE 3DTCTEE 0EE 4EE 1EE 2EE 3EE 3S3EE 0H9EE 4HJEE 1HKEE 2KxEE 3KxEE 0KxEE 4KxEE 1H2EE 1KxEE 1STHTEE 2EE 3EE 0EE 4EE 1EE 1D9EE 2D2EE 3KxEE 0KxEE 4KxEE 1KxEE 3C5EE 0SAEE 4KxEE 1KxEE 3KxEE 4S7H7D7EE 1EE 3EE 4EE 4S9C9EE 1EE 3EE 4EE 4H4EE 1CJEE 3HQEE 4KxEE 1DKEE 3CAEE 1KxEE 3KxEE 3S8EE 4H5EE 1CQEE
%00003%result% 20314
%00003%points% 10 11 20 9 10
%00004%mibun% 13024
%00004%seat% 12304
%00004%palyer_cards% S3S5S6SJH3H5D8D2C4C8J3 H4H6H8H9HTHQD3DAC3C5 S7S8SKS2H7HAD7DQDKCJCK SQHKH2D5D6D9DJC6C7C9CQ S4S9STSAHJD4DTCTCAC2 
%00004%change_cards%  42SAC2EE 10DAEE 24S7H7EE 01S3EE
%00004%play%  1H8H9HTEE 1S3D3C3EE 2EE 3EE 0EE 4EE 1EE 1H4EE 2D7EE 3D9EE 0DAEE 4KxEE 1KxEE 2KxEE 3KxEE 0D2EE 0KxEE 0KxEE 0S5H5EE 4EE 1EE 2EE 3EE 0EE 0D8C8EE 0H3EE 4S4EE 1C5EE 2S8EE 2SKSAS2EE 3EE 0EE 4EE 1EE 2EE 2DKCKEE 3EE 0EE 4EE 1EE 2EE 2CJEE 3SQEE 0KxEE 4CAEE 1KxEE 2C2EE 3KxEE 4KxEE 2KxEE 2DQEE 3HKEE 0KxEE 4KxEE 1KxEE 2HAEE 3H2EE 3KxEE 3D6C6EE 0EE 4EE 1EE 3EE 3D5EE 0S6EE 4S7EE 1KxEE 3KxEE 0SJEE 4KxEE 0KxEE 0C4EE 4H7EE 1HQEE 3KxEE 4KxEE 1KxEE 1H6EE 3C7EE 4S9EE 3DJEE 4KxEE 3CQEE 3KxEE 3C9EE
%00004%result% 20134
%00004%points% 14 14 25 11 11
%00005%mibun% 12034
%00005%seat% 12304
%00005%palyer_cards% S3S6H3H4HQD3D4D9DTDQD2 S4S2H6D5D8DAC5C8C9C2 S5S7H9HJHKHADKC3C4CKCA S9STH7H8H2D6D7DJC6C7J3 S8SJSQSKSAH5HTCTCJCQ 
%00005%change_cards%  42SKSAEE 30J3EE 24C3C4EE 03S3EE
%00005%play%  0H3D3EE 4EE 1EE 2EE 3EE 0EE 0H4D4EE 4EE 1EE 2EE 3EE 0EE 0HQDQEE 4EE 1EE 2EE 3EE 0EE 0S6EE 4S8EE 4CTCJCQEE 1EE 2EE 3EE 0EE 4EE 4C3EE 1S4EE 2S5EE 3S9EE 0KxEE 4KxEE 1KxEE 2KxEE 3KxEE 0KxEE 0D9EE 4HTEE 1DAEE 2KxEE 3H2EE 0KxEE 4KxEE 1KxEE 3KxEE 3D6C6EE 0EE 4EE 1EE 2EE 3EE 3H7D7C7EE 0EE 4EE 1EE 2EE 3EE 3S3EE 0DTEE 4SJEE 1S2EE 2KxEE 3KxEE 0KxEE 4KxEE 1KxEE 1D5C5EE 2EE 3EE 0EE 4EE 1EE 1D8C8EE 1H6EE 2S7EE 3H8EE 3STEE 0D2EE 4KxEE 1KxEE 2KxEE 3KxEE 4C4EE 1C9EE 2CKEE 3KxEE 4KxEE 1C2EE 2KxEE 2SKHKDKEE 3EE 4EE 2EE 2SAHACAEE 3EE 4EE 2EE 2H9EE 3DJEE 4SQEE 2KxEE 4KxEE 4H5EE
%00005%result% 01342
%00005%points% 19 18 26 14 13
%00006%mibun% 01423
%00006%seat% 24013
%00006%palyer_cards% S3S5SAS2H4H2D3D2C3C9CQ S6STSQH8HTHKD8DTC4CKCA SJSKH5H7D6D9DKC8C2J3 S4S7S9HQHAD4D5DJDAC5CT S8H3H6H9HJD7DQC6C7CJ 
%00006%change_cards%  20C2J3EE 41DQEE 02S3D3EE 14C4EE
%00006%play%  2S3D3EE 4EE 0EE 1EE 3EE 2EE 2SKDKEE 4EE 0EE 1EE 3EE 2EE 2H5EE 4H6EE 0H2EE 1KxEE 3KxEE 2KxEE 4KxEE 0KxEE 0KxEE 0S2D2C2EE 1EE 3EE 2EE 4EE 0EE 0C3EE 1S6EE 3S7EE 2SJEE 4KxEE 0SAEE 1KxEE 3KxEE 2KxEE 0KxEE 0H4EE 1H8EE 1STHTDTEE 3EE 2EE 4EE 0EE 1EE 1SQDQEE 3EE 2EE 4EE 0EE 1EE 1HKCKEE 3EE 2EE 4EE 0EE 1EE 1D8EE 1CAEE 3KxEE 2KxEE 4KxEE 0KxEE 3S4D4EE 2EE 4EE 0EE 3EE 3D5C5EE 2EE 4EE 0EE 3EE 3HADAEE 2EE 4EE 0EE 3EE 3S9EE 2KxEE 4HJEE 0CQEE 3KxEE 4KxEE 0KxEE 0S5EE 3CTEE 2KxEE 4CJEE 0KxEE 3KxEE 4KxEE 4D7C7EE 0EE 3EE 2EE 4EE 4H3EE 0C9EE 3DJEE 2KxEE 4KxEE 3HQEE 2D6EE 4S8EE 4C4EE 2H7EE 4H9EE 2KxEE 4KxEE 4C6EE
%00006%result% 10342
%00006%points% 23 23 27 17 15
%00007%mibun% 10423
%00007%seat% 24013
%00007%palyer_cards% STSJH4H6HQH2D8D9DTC6 S5S6S8SQH8D6D7C3C4CAC2 SAH3H5H7H9HJHKD4DJDQDK S3S7HTD3D5D2C5C7C9CJCQ S4S9SKS2HADAC8CTCKJ3 
%00007%change_cards%  21SAHKEE 40J3EE 12C3C4EE 04H4EE
%00007%play%  3S3D3EE 2EE 4EE 0EE 1EE 3EE 3D5C5EE 2EE 4EE 0EE 1EE 3EE 3S7C7EE 2EE 4EE 0EE 1EE 3EE 3C9EE 2HJEE 4SKEE 0H2EE 1KxEE 3KxEE 2KxEE 4KxEE 0KxEE 0KxEE 0D8D9DTEE 0H6C6EE 1EE 3EE 2EE 4EE 0EE 0STEE 1SQEE 3KxEE 2KxEE 4S2EE 0KxEE 1KxEE 4KxEE 4S4H4EE 0EE 1EE 3EE 2EE 4EE 4HADAEE 0EE 1EE 3EE 2EE 4EE 4C8EE 4S9EE 0SJEE 1SAEE 3KxEE 2KxEE 4KxEE 0KxEE 1KxEE 1S6D6EE 3EE 2EE 4EE 0EE 1EE 1S8H8EE 1S5EE 3HTEE 2DJEE 4CKEE 0KxEE 1CAEE 3KxEE 2KxEE 4KxEE 1C2EE 1KxEE 1D7EE 3CJEE 2DQEE 4KxEE 0KxEE 1HKEE 3D2EE 2KxEE 3KxEE 3CQEE 2DKEE 4KxEE 0KxEE 2KxEE 2H3C3EE 4EE 0EE 2EE 2D4C4EE 4EE 0EE 2EE 2H5EE 4CTEE 0HQEE
%00007%result% 13402
%00007%points% 25 28 28 21 18
%00008%mibun% 30412
%00008%seat% 24013
%00008%palyer_cards% S3S7S8SQS2H5H8D6DJC8 S5S6S9H3H7HKD4DKC9CQCA SKH9HAH2D3D7D2C3C6CTCK SAH6HTHQD5D8D9DTC5C7C2 S4STSJH4HJDQDAC4CJJ3 
%00008%change_cards%  21H2D2EE 03S2EE 12H3D4EE 30D5EE
%00008%play%  2H3D3C3EE 4EE 0EE 1EE 3EE 2EE 2SKCKEE 4EE 0EE 1EE 3EE 2EE 2D4EE 4STEE 0DJEE 1CQEE 3SAEE 2KxEE 4KxEE 0KxEE 1KxEE 3KxEE 4KxEE 4S4H4C4EE 0EE 1EE 3EE 2EE 4EE 4SJHJCJEE 0EE 1EE 3EE 2EE 4EE 4DQEE 0KxEE 1HKEE 3S2EE 2KxEE 4KxEE 1KxEE 3KxEE 3D8D9DTEE 3C5EE 2C6EE 4KxEE 0C8EE 0H5D5EE 1EE 3EE 2EE 4EE 0EE 0S8H8EE 0S3EE 1S5EE 3KxEE 2KxEE 4KxEE 0S7EE 1S9EE 0SQEE 1KxEE 0KxEE 0D6EE 1H7EE 3HTEE 2HAEE 4KxEE 1H2EE 3KxEE 2KxEE 1KxEE 1S6EE 3C7EE 2H9EE 4DAEE 1D2EE 3KxEE 2KxEE 1KxEE 1C9EE 3HQEE 2KxEE 1DKEE 3C2EE 1KxEE 3KxEE 3H6EE 2D7EE 1CAEE
%00008%result% 04312
%00008%points% 30 30 29 24 22
%00009%mibun% 03421
%00009%seat% 30421
%00009%palyer_cards% STSKSAH3H5D3D4D2C5C7C9 S4S5S9SQH9D5CJCQCAJ3 S8H8HTHQHADKDAC3C4C6CK SJS2H6HKH2D6D8C8CTC2 S3S6S7H4H7HJD7D9DTDJDQ 
%00009%change_cards%  20HADAEE 14J3EE 02H3D3EE 41S3EE
%00009%play%  2H3D3C3EE 1EE 3EE 0EE 4EE 2EE 2S8H8EE 2DKCKEE 1EE 3EE 0EE 4EE 2EE 2C4EE 1S5EE 3H6EE 0C7EE 4D9EE 2HTEE 1CJEE 3HKEE 0SAEE 4KxEE 2KxEE 1KxEE 3KxEE 0KxEE 4KxEE 4DTDJDQEE 2EE 1EE 3EE 0EE 4EE 4S7H7D7EE 2EE 1EE 3EE 0EE 4EE 4H4EE 2C6EE 1S9EE 3CTEE 0SKEE 4KxEE 2KxEE 1CAEE 3S2EE 0KxEE 1KxEE 3KxEE 3D8C8EE 3H2C2EE 0EE 4EE 2EE 1EE 3EE 3D6EE 0C9EE 4HJEE 2HQEE 1KxEE 3KxEE 0HAEE 4KxEE 0KxEE 0H5C5EE 4EE 1EE 3EE 0EE 0D4EE 4S6EE 1H9EE 3SJEE 0DAEE 1KxEE 0D2EE 0KxEE 0STEE
%00009%result% 24301
%00009%points% 32 31 34 27 26
%00010%mibun% 34021
%00010%seat% 30421
%00010%palyer_cards% S3S5S7SJH3HTHJD7DQDA S8S9SKH4HAD3D6DTD2C4CA SQS2H6HQD4D8C7C8C9CTCQ S4H5H2D9DJC3C6CJCKC2J3 S6STSAH7H8H9HKD5DKC5 
%00010%change_cards%  12HAD2EE 04DAEE 21H6D4EE 40D5EE
%00010%play%  1H4D4C4EE 3EE 0EE 4EE 2EE 1EE 1H6D6EE 3EE 0EE 4EE 2EE 1EE 1D3EE 3S4EE 0S5EE 4S6EE 2SQEE 1SKEE 3KxEE 0KxEE 4KxEE 2KxEE 1KxEE 3KxEE 3DJCJEE 0EE 4EE 2EE 1EE 3EE 3H2C2EE 0EE 4EE 2EE 1EE 3EE 3C3EE 0D5EE 4H7EE 2D8EE 2C7C8C9CTEE 2HQCQEE 1EE 3EE 0EE 4EE 2EE 2S2D2EE 1EE 3EE 0EE 4EE 2EE 2HAEE 1KxEE 3KxEE 0KxEE 4KxEE 1S8EE 1S9EE 3CKEE 0KxEE 4SAEE 1KxEE 3KxEE 4KxEE 4HKDKEE 1EE 3EE 0EE 4EE 4C5EE 1DTEE 3KxEE 0SJEE 4DAEE 1KxEE 0KxEE 4KxEE 4H8EE 4H9EE 1CAEE 3KxEE 0KxEE 4KxEE 3H5EE 0S7EE 4STEE 3KxEE 0KxEE 3C6EE 0D7EE 3D9EE
%00010%result% 21430
%00010%points% 33 35 39 29 29
%00011%mibun% 41032
%00011%seat% 30421
%00011%palyer_cards% S3STSAH8HQHAC5C9CAC2 SKH6HTH2D4D7DKC4CTCJJ3 S5S8S2H3H7H9D5D8D9DJC6 S4S6SJH4H5HJD3D6DTC7CQ S7S9SQHKDQDAD2C3C8CK 
%00011%change_cards%  02SAC2EE 31CQEE 20S5H3EE 13D4EE
%00011%play%  3S4H4D4EE 0EE 4EE 2EE 1EE 3EE 3S6D6EE 0EE 4EE 2EE 1EE 3EE 3SJHJEE 0EE 4EE 2EE 1EE 3EE 3D3EE 0S5EE 4S7EE 2S8EE 2H9D9EE 1EE 3EE 0EE 4EE 2EE 2S2C2EE 1EE 3EE 0EE 4EE 2EE 2D5EE 1H6EE 3C7EE 0H8EE 0S3H3EE 4EE 2EE 1EE 3EE 0EE 0HACAEE 4EE 2EE 1EE 3EE 0EE 0C5EE 4C8EE 4SQDQEE 2EE 1EE 3EE 0EE 4EE 4HKCKEE 2EE 1EE 3EE 0EE 4EE 4C3EE 2C6EE 1CTEE 3KxEE 0KxEE 4KxEE 2KxEE 1CJEE 1CQEE 1KxEE 1KxEE 1SKDKEE 3EE 0EE 4EE 2EE 1EE 1C4EE 3H5EE 0C9EE 4DAEE 2KxEE 1H2EE 3KxEE 0KxEE 4KxEE 1KxEE 1D7EE 3DTEE 0KxEE 4D2EE 2KxEE 1KxEE 4KxEE 4S9EE 2DJEE 1KxEE 0HQEE 2SAEE 0KxEE 2KxEE 2H7EE 1HTEE 0KxEE 2KxEE 0STEE
%00011%result% 34102
%00011%points% 35 38 40 34 33
%00012%mibun% 32401
%00012%seat% 30214
%00012%palyer_cards% S7SJH3HQHAD3DTC4C5C7C2 S3S6S8SAHTD8D9DQDKDA S4S5D5D6D7DJC3C6CJCAJ3 S9S2H4H5H6H8HJD4C8C9CT STSQSKH7H9HKH2D2CQCK 
%00012%change_cards%  23CAJ3EE 04C2EE 32H4D4EE 40H7EE
%00012%play%  0H3D3EE 2EE 1EE 4EE 3EE 0EE 0S7H7C7EE 2EE 1EE 4EE 3EE 0EE 0C4EE 2S5EE 1S6EE 4STEE 3S2EE 0KxEE 2KxEE 1KxEE 4KxEE 3KxEE 3KxEE 3C8C9CTEE 3H5EE 0DTEE 2DJEE 1DQEE 4D2EE 3KxEE 0KxEE 2KxEE 1KxEE 4KxEE 4SQCQEE 3EE 0EE 2EE 1EE 4EE 4SKHKCKEE 3EE 0EE 2EE 1EE 4EE 4H2C2EE 3EE 0EE 2EE 1EE 4EE 4H9EE 3HJEE 0HQEE 2KxEE 1KxEE 3KxEE 0HAEE 0KxEE 0C5EE 2D6EE 1S8EE 1SADAEE 3EE 0EE 2EE 1EE 1S3EE 3H6EE 0SJEE 2KxEE 1DKEE 3CAEE 1KxEE 3KxEE 3H8EE 3S9EE 2CJEE 1KxEE 2KxEE 2S4H4D4EE 1EE 2EE 2C3EE 1D8EE 1D9EE 2KxEE 1HTEE
%00012%result% 40312
%00012%points% 39 40 41 37 38
%00013%mibun% 13420
%00013%seat% 30214
%00013%palyer_cards% S5SJH3H4H5H8HTD3C3CTCJ S3S9STSQH7HJHAD2C7J3 D4DTDJDKC5C8C9CKCAC2 S7S8SAS2HKH2D8D9DQC4CQ S4S6SKH6H9HQD5D6D7DAC6 
%00013%change_cards%  24CAC2EE 10J3EE 42S4D5EE 01H3EE
%00013%play%  0D3C3EE 2EE 1EE 4EE 3EE 0EE 0S5H5EE 2EE 1EE 4EE 3EE 0EE 0HTCTEE 2EE 1EE 4EE 3EE 0EE 0SJCJEE 2EE 1EE 4EE 3EE 0EE 0H4EE 2D5EE 1H7EE 4H9EE 3HKEE 0KxEE 2KxEE 1KxEE 4KxEE 3KxEE 0KxEE 0H8EE 2S4D4EE 1EE 4EE 3EE 2EE 2DKCKEE 1EE 4EE 3EE 2EE 2C5EE 1C7EE 4CAEE 3KxEE 2KxEE 1KxEE 4C2EE 4KxEE 4S6H6D6C6EE 3EE 2EE 1EE 4EE 4EE 3EE 2EE 1EE 4EE 3EE 2EE 1EE 4EE 3EE 2EE 1EE 4EE 3EE 2EE 1EE
%00013%result% 02314
%00013%points% 44 42 45 40 39
%00014%mibun% 03124
%00014%seat% 30214
%00014%palyer_cards% SJHKD4D5D7D8DJDKDAC9CJ S6S7S9SKHJH2DQC4C7CTCQ S4S8SAH5H7H9D9DTC8CAJ3 STSQH4H8HTD6C3C5C6C2 S3S5S2H3H6HQHAD3D2CK 
%00014%change_cards%  40S2D2EE 12H2EE 04D4D5EE 21S4EE
%00014%play%  4D3D4D5EE 3EE 0EE 2EE 1EE 4EE 4S3H3EE 3EE 0EE 2EE 1EE 4EE 4S5EE 3D6EE 0D7EE 2D9EE 1DQEE 4KxEE 3KxEE 0DKEE 2KxEE 1KxEE 0KxEE 2KxEE 2S8C8EE 2SACAEE 1EE 4EE 3EE 0EE 2EE 2H5EE 1S6EE 4HQEE 3C2EE 0KxEE 2KxEE 1KxEE 4KxEE 3KxEE 3STHTEE 0EE 2EE 1EE 4EE 3EE 3C3EE 0D8EE 0SJDJCJEE 2EE 1EE 4EE 3EE 0EE 0S2D2EE 2EE 1EE 4EE 3EE 0EE 0C9EE 2DTEE 1HJEE 4CKEE 3KxEE 0DAEE 2H2EE 1KxEE 4KxEE 0KxEE 2KxEE 2H7EE 1S9EE 4HAEE 3KxEE 0KxEE 2KxEE 1KxEE 4KxEE 4H6EE 3H8EE 3H4EE 0HKEE 2KxEE 1KxEE 3KxEE 2H9EE 1CTEE 3SQEE 1SKEE 3KxEE 1KxEE 1S4C4EE 3EE 1EE 1S7C7EE 3EE 1EE 1CQEE
%00014%result% 40213
%00014%points% 48 44 48 41 44
%00015%mibun% 13240
%00015%seat% 31204
%00015%palyer_cards% S4SAH3H6HKHADKD2CAC2 S7S9SKH7D3D5D8DTDQC4CQ S3SJSQH5HJD6C3C8C9CJ S8S2H4HQH2D7D9DJDAC5C6 S5S6STH8H9HTD4C7CTCKJ3 
%00015%change_cards%  34S2H2EE 10SKEE 43S5D4EE 01H3EE
%00015%play%  1H3D3EE 2EE 0EE 4EE 3EE 1EE 1S7H7EE 2EE 0EE 4EE 3EE 1EE 1DQCQEE 2EE 0EE 4EE 3EE 1EE 1C4EE 2H5EE 0H6EE 4H8EE 4STHTCTEE 3EE 1EE 2EE 0EE 4EE 4S2H2EE 3EE 1EE 2EE 0EE 4EE 4S6EE 3D7EE 1D8EE 1D5EE 2D6EE 0DKEE 4KxEE 3KxEE 1KxEE 2KxEE 0KxEE 4KxEE 4C7EE 3S8EE 3H4D4EE 1EE 2EE 0EE 4EE 3EE 3S5C5EE 1EE 2EE 0EE 4EE 3EE 3C6EE 1S9EE 2SJEE 0SKEE 4KxEE 3KxEE 1KxEE 2KxEE 0SAEE 0KxEE 0HACAEE 4EE 3EE 1EE 2EE 0EE 0D2C2EE 4EE 3EE 1EE 2EE 0EE 0S4EE 4H9EE 3DJEE 1KxEE 2SQEE 0HKEE 4KxEE 3DAEE 2KxEE 3KxEE 3D9EE 1DTEE 2KxEE 4KxEE 3KxEE 2S3C3EE 4EE 3EE 2EE 2HJCJEE 4EE 3EE 2EE 2C8EE 2C9EE 4CKEE
%00015%result% 01243
%00015%points% 53 48 51 42 46
%00016%mibun% 01243
%00016%seat% 31204
%00016%palyer_cards% S3S6STSJH6H7HTHJHQD7J3 S5S8H8HAD4DQC3CTCKCA H9HKH2D9DTDJD2C8C9CJ S7S9SKH4H5D3D5DAC5C7C2 S4SQSAS2H3D6D8DKC4C6CQ 
%00016%change_cards%  30DAC2EE 41S2EE 03S3S6EE 14C3EE
%00016%play%  3S3D3EE 1EE 2EE 0EE 4EE 3EE 3H5D5C5EE 1EE 2EE 0EE 4EE 3EE 3S7C7EE 1EE 2EE 0EE 4EE 3EE 3H4EE 1S5EE 2C8EE 2D9DTDJEE 0EE 4EE 3EE 1EE 2EE 2H9C9EE 0EE 4EE 3EE 1EE 2EE 2H2D2EE 0EE 4EE 3EE 1EE 2EE 2CJEE 0HQEE 4DKEE 3KxEE 1HAEE 2KxEE 0C2EE 4KxEE 1KxEE 0KxEE 0KxEE 0H7D7EE 4EE 3EE 1EE 2EE 0EE 0STHTEE 4EE 3EE 1EE 2EE 0EE 0SJHJEE 4EE 3EE 1EE 2EE 0EE 0H6EE 4D8EE 4H3C3EE 3EE 1EE 2EE 0EE 4EE 4S4C4EE 3EE 1EE 2EE 0EE 4EE 4D6C6EE 3EE 1EE 2EE 0EE 4EE 4SQCQEE 3EE 1EE 2EE 0EE 4EE 4SAEE 3KxEE 1S2EE 2KxEE 0KxEE 1KxEE 1S8H8EE 1D4EE 2HKEE 0DAEE 3KxEE 1KxEE 3S6EE 1CTEE 3SKEE 1CAEE 3KxEE 1KxEE 1DQEE 3KxEE 1CKEE
%00016%result% 42013
%00016%points% 56 50 55 43 51
%00017%mibun% 23140
%00017%seat% 31204
%00017%palyer_cards% S4S5S6S9SKH3H6CTCAJ3 STH5HAD3D4D8DJDQDKC3C9 S3S7S8SJS2H9HQDTC6C2 SAH8HTHJH2D6D7DAD2C5C7 SQH4H7HKD5D9C4C8CJCQCK 
%00017%change_cards%  34H2D2EE 12HAEE 43H4C4EE 21S3EE
%00017%play%  1DJDQDKEE 2EE 0EE 4EE 3EE 1EE 1S3D3C3EE 2EE 0EE 4EE 3EE 1EE 1D4EE 2C6EE 0S9EE 4CJEE 3SAEE 1KxEE 2S2EE 0KxEE 4KxEE 3KxEE 2KxEE 0KxEE 0S4S5S6EE 4EE 3EE 1EE 2EE 0EE 0H3EE 4D5EE 3D6EE 1D8EE 1H5EE 2S7EE 0CTEE 4SQEE 3DAEE 1KxEE 2C2EE 0KxEE 4KxEE 3KxEE 2KxEE 2S8EE 2H9EE 0SKEE 4H2EE 3KxEE 1KxEE 2KxEE 0KxEE 4KxEE 4HKCKEE 3EE 1EE 2EE 0EE 4EE 4H7EE 3H8EE 3H4C4EE 1EE 2EE 0EE 4EE 3EE 3D7C7EE 1EE 2EE 0EE 4EE 3EE 3C5EE 1C9EE 2KxEE 0CAEE 4KxEE 3KxEE 1KxEE 0KxEE 0H6EE 4C8EE 4D9EE 3HTEE 1KxEE 2SJEE 4CQEE 3KxEE 2HAEE 4D2EE 2KxEE 3HJEE 1KxEE 2HQEE 2KxEE 2DTEE
%00017%result% 04321
%00017%points% 61 51 57 46 55
%00018%mibun% 04321
%00018%seat% 20413
%00018%palyer_cards% SQSKHTHQHKDJC4C6C9CQC2 S3STH8HJD5D7DQDKC5CJJ3 S5SJH3H5H7H9HAD3D2CK S6S7S8H4H6H2D6DTC3C7 S4S9SAS2D4D8D9DAC8CTCA 
%00018%change_cards%  10DKJ3EE 24D2EE 01C4C6EE 42S4EE
%00018%play%  2H3D3EE 0EE 4EE 1EE 3EE 2EE 2S5H5EE 0EE 4EE 1EE 3EE 2EE 2S4EE 0C9EE 4CTEE 1CJEE 3KxEE 2CKEE 0C2EE 4KxEE 1KxEE 2KxEE 0KxEE 0KxEE 0SQHQCQEE 4EE 1EE 3EE 2EE 0EE 0SKHKDKEE 4EE 1EE 3EE 2EE 0EE 0HTEE 4SAEE 1KxEE 3H2EE 2KxEE 0KxEE 4KxEE 3KxEE 3S6S7S8EE 3H6D6EE 2EE 0EE 4EE 1EE 3EE 3C3EE 2H7EE 0DJEE 4DAEE 1KxEE 3KxEE 2KxEE 4D2EE 4KxEE 4D8C8EE 4S9D9EE 1EE 3EE 2EE 4EE 4D4EE 1D5EE 3DTEE 2KxEE 4KxEE 1DQEE 3KxEE 1KxEE 1C4C5C6EE 3EE 2EE 4EE 1EE 1S3EE 3H4EE 2H9EE 4KxEE 1HJEE 3KxEE 2HAEE 1KxEE 2KxEE 2SJEE 4CAEE 1KxEE 3KxEE 4S2EE 1D7EE 3KxEE 1H8EE 1STEE
%00018%result% 02413
%00018%points% 66 53 61 47 58
%00019%mibun% 03142
%00019%seat% 20413
%00019%palyer_cards% S5S7SJH7HJH2D5D7C4C7CQ S6H9HKHADTD2C3C9CTCJCK S4SQH4HQDAC5C6C8C2J3 S3SAS2H3H6H8HTD3D6D9 S8S9STSKH5D4D8DJDQDKCA 
%00019%change_cards%  30SAS2EE 12D2EE 03S5C4EE 21S4EE
%00019%play%  3S3H3D3EE 2EE 0EE 4EE 1EE 3EE 3H6D6EE 2EE 0EE 4EE 1EE 3EE 3C4EE 2C5EE 0C7EE 4CAEE 1KxEE 3KxEE 2C2EE 0KxEE 4KxEE 2KxEE 2KxEE 2SQHQEE 0EE 4EE 1EE 3EE 2EE 2H4EE 0D5EE 4S8EE 4DJDQDKEE 1EE 3EE 2EE 0EE 4EE 4D4EE 1S6EE 3H8EE 3S5EE 2C6EE 0S7EE 4D8EE 4H5EE 1H9EE 3HTEE 2KxEE 0HJEE 4KxEE 1HKEE 3KxEE 0H2EE 1KxEE 0KxEE 0H7D7EE 4EE 1EE 3EE 2EE 0EE 0SJEE 4SKEE 1KxEE 3KxEE 2KxEE 0SAEE 4KxEE 0S2EE 0KxEE 0CQEE 4KxEE 1CKEE 3KxEE 2KxEE 1KxEE 1C9CTCJEE 3EE 2EE 4EE 1EE 1C3EE 3D9EE 2DAEE 4KxEE 1KxEE 2D2EE 2KxEE 2C8EE 4S9EE 1DTEE 4KxEE 1HAEE 1KxEE 1S4EE
%00019%result% 03214
%00019%points% 71 55 64 51 59
%00020%mibun% 03214
%00020%seat% 20413
%00020%palyer_cards% S5S7SJSKHKHAD3DQC5C7C9 S3S4H8D7DJDAD2C6CJCQCK STS2H9D5D8C3C4CTC2J3 S9SQH3H5H6H7HTHJH2D4 S6S8SAH4HQD6D9DTDKC8CA 
%00020%change_cards%  40SACAEE 13D2EE 04S5D3EE 31H3EE
%00020%play%  4S6D6EE 1EE 3EE 2EE 0EE 4EE 4S8C8EE 4D3EE 1S4EE 3H5EE 2D8EE 2STCTEE 0EE 4EE 1EE 3EE 2EE 2S2C2EE 0EE 4EE 1EE 3EE 2EE 2C3EE 0C5EE 4KxEE 1C6EE 3KxEE 2KxEE 0KxEE 1KxEE 2KxEE 2C4EE 0S7EE 4D9EE 1DJEE 3D2EE 2KxEE 0KxEE 4KxEE 1KxEE 3KxEE 3D4EE 2D5EE 0DQEE 4DKEE 1DAEE 3KxEE 2KxEE 0KxEE 4KxEE 1KxEE 1CJCQCKEE 3EE 2EE 0EE 4EE 1EE 1S3H3EE 3EE 2EE 0EE 4EE 1EE 1D7EE 3S9EE 2KxEE 0SJEE 4KxEE 1KxEE 3SQEE 0SKEE 3KxEE 0SAEE 0KxEE 0HACAEE 4EE 1EE 3EE 2EE 0EE 0C7EE 4DTEE 1KxEE 3HJEE 2KxEE 0HKEE 4KxEE 3H2EE 0KxEE 3KxEE 3H6EE 2H9EE 0KxEE 4HQEE 1KxEE 3KxEE 4KxEE 4H4EE 1H8EE 3H7EE 0C9EE 4KxEE 3HTEE
%00020%result% 21034
%00020%points% 74 59 69 53 60
%00021%mibun% 21034
%00021%seat% 32041
%00021%palyer_cards% S7SKH3H5H7HAD3D4D7C9CJ S6SJSQS2HTHQHKD9D2C8 S5SAH6H8D5D8DTDQC3C7CQ S3S9H4H2D6DJDKC6CKJ3 S4S8STH9HJDAC4C5CTCAC2 
%00021%change_cards%  42DAC2EE 31J3EE 24S5C3EE 13S6EE
%00021%play%  0H3D3EE 4EE 1EE 3EE 2EE 0EE 0S7H7D7EE 4EE 1EE 3EE 2EE 0EE 0D4EE 4S5EE 1C8EE 1SQHQEE 3EE 2EE 0EE 4EE 1EE 1S2D2EE 3EE 2EE 0EE 4EE 1EE 1D9EE 3DJEE 2DQEE 0KxEE 4KxEE 1KxEE 3KxEE 2KxEE 1KxEE 1HTEE 3DKEE 2SAEE 0KxEE 4KxEE 1KxEE 3H2EE 2KxEE 3KxEE 3S6D6C6EE 2EE 0EE 4EE 1EE 3EE 3S3EE 2D5EE 0C9EE 4STEE 1SJEE 3KxEE 2KxEE 0SKEE 4KxEE 1KxEE 0KxEE 0H5EE 4S8EE 4C3C4C5EE 1EE 3EE 2EE 0EE 4EE 4S4EE 1HKEE 3KxEE 2DAEE 0KxEE 4KxEE 2C2EE 2KxEE 2H8D8EE 2H6EE 0CJEE 4CAEE 3KxEE 2KxEE 0KxEE 4KxEE 4H9EE 3CKEE 2KxEE 0HAEE 4KxEE 3KxEE 4CTEE 3KxEE 2CQEE 4KxEE 2KxEE 2C7EE 4HJEE 3KxEE 2KxEE 3H4EE 2DTEE
%00021%result% 10423
%00021%points% 78 64 71 54 63
%00022%mibun% 10342
%00022%seat% 32041
%00022%palyer_cards% S3S7S2H5HKHAD4DJD2CK S5S9SJSQH9HTD3DAC7CTCQ S6SKSAH3H4H6H7H8DKC8CJ S8H2D6D7C3C4C5C9CAC2J3 S4STHJHQD5D8D9DTDQC6 
%00022%change_cards%  31H2J3EE 20SAEE 13S5D3EE 02S3EE
%00022%play%  3C3C4C5EE 2EE 0EE 4EE 1EE 3EE 3D3EE 2H4EE 0H5EE 4HJEE 1H2EE 3KxEE 2KxEE 0KxEE 4KxEE 1KxEE 1KxEE 1S9H9EE 3EE 2EE 0EE 4EE 1EE 1HTCTEE 3EE 2EE 0EE 4EE 1EE 1SQCQEE 3EE 2EE 0EE 4EE 1EE 1C7EE 3S8EE 3S5EE 2S6EE 0S7EE 4STEE 1SJEE 3KxEE 2SKEE 0SAEE 4KxEE 1KxEE 2KxEE 0S2EE 0KxEE 0HKCKEE 4EE 1EE 3EE 2EE 0EE 0D4EE 4D5EE 1DAEE 3KxEE 2KxEE 0D2EE 4KxEE 0KxEE 0DJEE 4HQEE 3CAEE 2KxEE 0KxEE 4KxEE 3C2EE 3KxEE 3D6EE 2H7EE 0HAEE 4KxEE 3KxEE 2KxEE 4D8D9DTEE 4S4EE 3D7EE 2H8EE 2S3H3EE 4EE 3EE 2EE 2H6EE 4DQEE 3KxEE 2DKEE 4KxEE 2KxEE 2C8EE 2CJEE 4KxEE 3KxEE 4C6EE
%00022%result% 10243
%00022%points% 82 69 74 55 65
%00023%mibun% 10243
%00023%seat% 32041
%00023%palyer_cards% H6H7HTD3D4D8DAC8CQC2 S3S8S9SJSQH3D7DJD2CJCK S6SAS2H4H8HJD6D9C4C7J3 S5S7STH5H9HQHAH2DQC5CT S4SKHKD5DTDKC3C6C9CA 
%00023%change_cards%  31HAH2EE 40CAEE 13S3H3EE 04D3EE
%00023%play%  4D3C3EE 1EE 3EE 2EE 0EE 4EE 4SKHKDKEE 1EE 3EE 2EE 0EE 4EE 4S4EE 1D7EE 3H9EE 2HJEE 0KxEE 4KxEE 1HAEE 3KxEE 2KxEE 1KxEE 2KxEE 2H4C4EE 0EE 4EE 1EE 3EE 2EE 2S6D6EE 0EE 4EE 1EE 3EE 2EE 2C7EE 0D8EE 0DACAEE 4EE 1EE 3EE 2EE 0EE 0D4EE 4D5EE 1DJEE 3DQEE 2KxEE 0KxEE 4KxEE 1D2EE 3KxEE 1KxEE 1SJCJEE 3EE 2EE 0EE 4EE 1EE 1S8EE 1S9EE 3STEE 2SAEE 0KxEE 4KxEE 1KxEE 3KxEE 2S2EE 2KxEE 2H8EE 2D9EE 0HTEE 4KxEE 1SQEE 3KxEE 0C2EE 1KxEE 0KxEE 0H6EE 4C9EE 1CKEE 3KxEE 0KxEE 4KxEE 1KxEE 1H2EE 3KxEE 0KxEE 4KxEE 3S3H3EE 0EE 4EE 3EE 3S5H5C5EE 0EE 4EE 3EE 3S7EE 0C8EE 0H7EE 4DTEE 3HQEE 0KxEE 4KxEE 3KxEE 3CTEE 0CQEE
%00023%result% 21304
%00023%points% 84 73 79 58 66
%00024%mibun% 31024
%00024%seat% 32140
%00024%palyer_cards% D7D8DJDQDKDAC4C6C7C2 S3S7SQH8H9HJHQHAD3C8CA S5SAH5H6HTHKD4C5C9CJJ3 S9STSKS2H2D5D9DTCTCK S4S6S8SJH3H4H7D6D2C3CQ 
%00024%change_cards%  42D2CQEE 01C2EE 24S5D4EE 10S3EE
%00024%play%  1H8C8EE 1SQHQEE 4EE 0EE 3EE 2EE 1EE 1HACAEE 4EE 0EE 3EE 2EE 1EE 1D3EE 4S4EE 0C6EE 3S9EE 2HTEE 1HJEE 4KxEE 0KxEE 3H2EE 2KxEE 1KxEE 3KxEE 2KxEE 2H5C5EE 1EE 4EE 0EE 3EE 2EE 2H6EE 1S7EE 4S8EE 4H3C3EE 0EE 3EE 2EE 1EE 4EE 4H4D4EE 0EE 3EE 2EE 1EE 4EE 4S6D6EE 0EE 3EE 2EE 1EE 4EE 4S5EE 0D7EE 3D9EE 2D2EE 1KxEE 4KxEE 0KxEE 3KxEE 2KxEE 2C9EE 1C2EE 4KxEE 0KxEE 3KxEE 2KxEE 1KxEE 1H9EE 4SJEE 0DQEE 3SKEE 2SAEE 4KxEE 0KxEE 3S2EE 2KxEE 3KxEE 3STDTCTEE 2EE 4EE 0EE 3EE 3D5EE 2CJEE 4KxEE 0DKEE 3KxEE 2KxEE 0DAEE 0KxEE 0S3EE 3CKEE 2KxEE 4KxEE 0KxEE 2CQEE 4KxEE 0KxEE 2HKEE 4H7EE
%00024%result% 13240
%00024%points% 85 78 82 62 68
%00025%mibun% 40213
%00025%seat% 32140
%00025%palyer_cards% S6S7S9H4H8HTD6D9DAC4CQ S4STH5H9HQD3C6C9CKCAC2 S8H3HJD8DQC5C7C8CTJ3 S3SJSQSKSAHKD5D7DTCJ S5S2H6H7HAH2D4DJDKD2C3 
%00025%change_cards%  01DACQEE 43S2EE 10S4D3EE 34S3EE
%00025%play%  0S4H4C4EE 3EE 2EE 1EE 4EE 0EE 0S6D6EE 3EE 2EE 1EE 4EE 0EE 0S9D9EE 3EE 2EE 1EE 4EE 0EE 0D3EE 3D5EE 2D8EE 2S8C8EE 2H3EE 1H5EE 4H6EE 0H8EE 0S7EE 3DTEE 2HJEE 1HQEE 4HAEE 0KxEE 3KxEE 2KxEE 1KxEE 4KxEE 2KxEE 2C5EE 1C6EE 4KxEE 0KxEE 3CJEE 2KxEE 1CQEE 3KxEE 1CKEE 1CAEE 1C2EE 1KxEE 1H9C9EE 4EE 0EE 3EE 2EE 1EE 1STEE 4DJEE 0KxEE 3SQEE 2KxEE 1DAEE 4H2EE 3KxEE 4KxEE 4S3C3EE 0EE 3EE 2EE 4EE 4D4EE 0HTEE 3SJEE 2DQEE 4DKEE 3KxEE 2KxEE 4D2EE 4KxEE 4S5EE 3D7EE 2CTEE 4KxEE 3SKEE 2KxEE 3SAEE 3S2EE 3KxEE 3HKEE 2KxEE 4KxEE 2C7EE
%00025%result% 10324
%00025%points% 89 83 84 65 69
%00026%mibun% 10324
%00026%seat% 32140
%00026%palyer_cards% S4S6STH3HQD3D8C3C7C9CA S3SQH8HKHADJDAC6CTCKJ3 S5SAS2H5H9HTDTD2C4C5 S8SJH7H2D4D5DQCJCQC2 S7S9SKH4H6HJD6D7D9DKC8 
%00026%change_cards%  41SKDKEE 20S2EE 14S3C6EE 02H3EE
%00026%play%  0D3C3EE 3EE 2EE 1EE 4EE 0EE 0S4EE 3D5EE 2H9EE 1CTEE 4HJEE 0HQEE 3H2EE 2KxEE 1KxEE 4KxEE 0KxEE 3KxEE 1KxEE 1SKHKDKCKEE 4EE 0EE 3EE 2EE 1EE 1EE 4EE 0EE 3EE 2EE 1EE 4EE 0EE 3EE 2EE 1EE 4EE 0EE 3EE 2EE
%00026%result% 42013
%00026%points% 92 85 88 66 74
%00027%mibun% 23140
%00027%seat% 13402
%00027%palyer_cards% S3H3H6H7D3D6D7DTD2C6CA S9D5DJDQDKC3C7CTCKJ3 S4S5STSKSAH4H9HQD8D9C2 S6SQH5H8HKHAH2DAC4C9 S7S8SJS2HTHJD4C5C8CJCQ 
%00027%change_cards%  34HAH2EE 12J3EE 43D4C5EE 21S4EE
%00027%play%  0S3H3D3EE 2EE 1EE 3EE 4EE 0EE 0H6D6C6EE 2EE 1EE 3EE 4EE 0EE 0H7D7EE 2EE 1EE 3EE 4EE 0EE 0DTEE 2HQEE 1DKEE 3DAEE 4KxEE 0D2EE 2KxEE 1KxEE 3KxEE 0KxEE 2KxEE 2H9D9EE 1EE 3EE 4EE 0EE 2EE 2H4EE 1D5EE 3S6EE 4S7EE 0KxEE 2STEE 1KxEE 3SQEE 4S2EE 2KxEE 3KxEE 4KxEE 4S8C8EE 4SJHJCJEE 0EE 2EE 1EE 3EE 4EE 4HTEE 0CAEE 2C2EE 1KxEE 3KxEE 4KxEE 2KxEE 2S5EE 1C7EE 3H8EE 3D4C4EE 4EE 2EE 1EE 3EE 3H5C5EE 4EE 2EE 1EE 3EE 3C9EE 4CQEE 2KxEE 1CKEE 3KxEE 4KxEE 1KxEE 1C3EE 3HKEE 4HAEE 2KxEE 1KxEE 4H2EE 2D8EE 2SKEE 1KxEE 2SAEE
%00027%result% 03421
%00027%points% 97 86 90 70 77
%00028%mibun% 04312
%00028%seat% 13402
%00028%palyer_cards% S5S8HJHKHAD4C3CTCQCKJ3 S6S7S2H4H9HTHQD6C7CAC2 STSKSAH3H6D5D7D9DJDQC4 S4SQH5H7H2D3D8DTD2C8 S3S9SJH8DKDAC5C6C9CJ 
%00028%change_cards%  10S2C2EE 23SAEE 01D4C3EE 32D3EE
%00028%play%  2H3D3EE 1EE 3EE 4EE 0EE 2EE 2C4EE 1S6EE 3H7EE 4H8EE 4S9C9EE 0EE 2EE 1EE 3EE 4EE 4SJCJEE 0EE 2EE 1EE 3EE 4EE 4S3EE 0S5EE 2STEE 1KxEE 3SQEE 4KxEE 0S2EE 2KxEE 3KxEE 0KxEE 0KxEE 0HKCKEE 2EE 1EE 3EE 4EE 0EE 0S8EE 0CTEE 2DJEE 1HQEE 3SAEE 4KxEE 0C2EE 2KxEE 1KxEE 3KxEE 0KxEE 0HJEE 2DQEE 1CAEE 3H2EE 4KxEE 0KxEE 2KxEE 1KxEE 3KxEE 3D8C8EE 3S4EE 4C5EE 0CQEE 2KxEE 1KxEE 3KxEE 4KxEE 0KxEE 0HAEE 2KxEE 1KxEE 3D2EE 4KxEE 3KxEE 3H5EE 4C6EE 2D7EE 1H9EE 3DTEE 4DKEE 2KxEE 1KxEE 4DAEE 2D5EE 1D6EE 2D9EE 1KxEE 2KxEE 2H6EE 1S7EE 2SKEE
%00028%result% 03421
%00028%points% 102 87 92 74 80
%00029%mibun% 04312
%00029%seat% 13402
%00029%palyer_cards% S3S5S8S9H7H9HTD7D8C4CK HJHKHAD4D5D9DQDKDAC3C8 S4S7STSQH3H4H5DTDJC6C9 S6SJSAS2H2D3D2C5C7CJ SKH6H8HQD6CTCQCAC2J3 
%00029%change_cards%  10HADAEE 23SQEE 01S3C4EE 32D3EE
%00029%play%  2H3H4H5EE 1EE 3EE 4EE 0EE 2EE 2STDTEE 1EE 3EE 4EE 0EE 2EE 2D3EE 1D4EE 3D2EE 4KxEE 0KxEE 2KxEE 1KxEE 3KxEE 4KxEE 4H6D6EE 0EE 2EE 1EE 3EE 4EE 4HQCQEE 0EE 2EE 1EE 3EE 4EE 4H8EE 4CTEE 0CKEE 2KxEE 1KxEE 3KxEE 4CAEE 0KxEE 4C2EE 4KxEE 4SKEE 0HAEE 2KxEE 1KxEE 3S2EE 0KxEE 3KxEE 3SJCJEE 0EE 2EE 1EE 3EE 3C5EE 0H7EE 2C9EE 1HJEE 3SQEE 0DAEE 2KxEE 1KxEE 3H2EE 0KxEE 3KxEE 3S6EE 0D7EE 2DJEE 1DQEE 3KxEE 0KxEE 2KxEE 1DKEE 1KxEE 1S3C3EE 3EE 0EE 2EE 1EE 1C4EE 3C7EE 0KxEE 2KxEE 1C8EE 1D5EE 3SAEE 0KxEE 2KxEE 1KxEE 0S8D8EE 0S9H9EE 2EE 1EE 0EE 0S5EE 2C6EE 1D9EE 0HTEE 2KxEE 1HKEE
%00029%result% 43012
%00029%points% 105 89 93 78 85
%00030%mibun% 23410
%00030%seat% 14032
%00030%palyer_cards% SJSKSAH5H8H9HKD3C6C7CA S3H4H6D8DJDACTCQCKC2 S5SQS2HJH2D5DQDKC9J3 S4S6S9H3H7HAD6D7C3C4C5 S7S8STHTHQD4D9DTD2C8CJ 
%00030%change_cards%  24S2J3EE 13C2EE 42S7D4EE 31H3EE
%00030%play%  0SKHKEE 3EE 2EE 1EE 4EE 0EE 0SACAEE 3EE 2EE 1EE 4EE 0EE 0D3EE 3S4EE 2S5EE 1KxEE 4S8EE 4STHTDTEE 0EE 3EE 2EE 1EE 4EE 4S2D2EE 0EE 3EE 2EE 1EE 4EE 4C8EE 4D9EE 0SJEE 3HAEE 2H2EE 1KxEE 4KxEE 0KxEE 3KxEE 2KxEE 4KxEE 4CJEE 0KxEE 3C2EE 2KxEE 1KxEE 4KxEE 3KxEE 3C3C4C5EE 2EE 1EE 4EE 0EE 3EE 3S6D6EE 2EE 1EE 4EE 0EE 3EE 3H7D7EE 2EE 1EE 4EE 0EE 3EE 3S9EE 2HJEE 1CQEE 4KxEE 0KxEE 2DKEE 1DAEE 2KxEE 1KxEE 1S3H3EE 4EE 0EE 2EE 1EE 1H4EE 4HQEE 0KxEE 2KxEE 1KxEE 0H5EE 2S7EE 1D8EE 1H6EE 0C7EE 2C9EE 1CTEE 0KxEE 2KxEE 1CKEE 1KxEE 1DJEE 0KxEE 2SQEE 2KxEE 2D4EE 0C6EE 2DQEE 0KxEE 2KxEE 2D5EE
%00030%result% 34120
%00030%points% 106 92 95 83 89
%00031%mibun% 42301
%00031%seat% 14032
%00031%palyer_cards% S9S2HTD5D7D9DQC8CQCA STSJSKSAH6H7H8H2D6D2C4 S5H3H4H5HQHKD3D4C3C5C2 S6S8HAD8DTDAC6CTCJCKJ3 S3S4S7SQH9HJDJDKC7C9 
%00031%change_cards%  03S2CAEE 24C2EE 30S6C6EE 42S3EE
%00031%play%  2H3H4H5EE 1EE 4EE 0EE 3EE 2EE 2S3D3C3EE 1EE 4EE 0EE 3EE 2EE 2S5C5EE 1EE 4EE 0EE 3EE 2EE 2D4EE 1H6EE 4S7EE 0C8EE 0S6C6EE 3EE 2EE 1EE 4EE 0EE 0S9D9EE 3EE 2EE 1EE 4EE 0EE 0DQCQEE 3EE 2EE 1EE 4EE 0EE 0D5EE 3S8EE 3DTCTEE 2EE 1EE 4EE 0EE 3EE 3HADACAEE 2EE 1EE 4EE 0EE 3EE 3D8EE 3CJEE 2HQEE 1SKEE 4C2EE 0KxEE 3KxEE 2KxEE 1KxEE 4KxEE 3KxEE 3CKEE 2KxEE 1SAEE 4KxEE 0KxEE 3S2EE 1KxEE 2HKEE 1H2EE 4KxEE 0KxEE 1KxEE 1C4EE 4C7EE 0KxEE 1KxEE 4C9EE 4KxEE 4HJDJEE 0EE 1EE 4EE 4S4EE 0D7EE 1H8EE 1D6EE 4H9EE 0HTEE 1KxEE 4KxEE 1H7EE 4SQEE 1D2EE 4KxEE 1KxEE 1STEE 4DKEE
%00031%result% 32041
%00031%points% 109 93 99 88 91
%00032%mibun% 24103
%00032%seat% 14032
%00032%palyer_cards% STSKHAD3D4DTDQC6C8CA S3S5S6S8SQH3H4HTD2C3C4 S4S9H5H7H8HJHQD5DKC7CK S7SAH6H9HKH2D6D7D8D9DA SJS2DJC5C9CTCJCQC2J3 
%00032%change_cards%  13SQD2EE 42J3EE 31H6D6EE 24S4EE
%00032%play%  0STDTEE 3EE 2EE 1EE 4EE 0EE 0HACAEE 3EE 2EE 1EE 4EE 0EE 0D3EE 3S7EE 2H8EE 2H5D5EE 1EE 4EE 0EE 3EE 2EE 2H7C7EE 1EE 4EE 0EE 3EE 2EE 2DKCKEE 1EE 4EE 0EE 3EE 2EE 2S9EE 1HTEE 4SJEE 0DQEE 3HKEE 2KxEE 1KxEE 4KxEE 0KxEE 3KxEE 2KxEE 2HJEE 1KxEE 4CQEE 0SKEE 3SAEE 2KxEE 4S2EE 0KxEE 3KxEE 4KxEE 4C9CTCJEE 0EE 3EE 2EE 1EE 4EE 4S4EE 0C6EE 3D7EE 2HQEE 1KxEE 4C2EE 0KxEE 3KxEE 4KxEE 4C5EE 0C8EE 0D4EE 3D8EE 3H9D9EE 1EE 4EE 3EE 3H2D2EE 1EE 4EE 3EE 3SQEE 1KxEE 4KxEE 3DAEE 1S3H3C3EE 4EE 1EE 1H4C4EE 4EE 1EE 1S6H6D6EE 4EE 1EE 1S5EE 4DJEE
%00032%result% 20341
%00032%points% 113 94 104 91 93
%00033%mibun% 14023
%00033%seat% 21304
%00033%palyer_cards% S3H5H7H9D5D6DTDQC6C7 S6S7SAS2H3HTH2DKD2C4CQ S9SJSQH8HJHQHKHAD7C8CK S4S5SKH6D3D4D9DJCTCAC2 S8STH4D8DAC3C5C9CJJ3 
%00033%change_cards%  12S2H2EE 40J3EE 21H8D7EE 04S3EE
%00033%play%  3S4D4EE 0EE 4EE 2EE 1EE 3EE 3D3EE 0H5EE 4S8EE 4S3C3EE 2EE 1EE 3EE 0EE 4EE 4H4EE 2C8EE 2HJHQHKHAH2EE 1EE 3EE 0EE 4EE 2EE 2EE 1EE 3EE 0EE 4EE 2EE 1EE 3EE 0EE 4EE 2EE 1EE 3EE 0EE 4EE
%00033%result% 42103
%00033%points% 115 97 108 92 98
%00034%mibun% 32140
%00034%seat% 21304
%00034%palyer_cards% S6STH3H7HJD5C4C8CJCQ S4S8HTH2D3DKD2C3C5C6CK S7SJSKSAH4H8H9D8CTC2J3 S9S2H5H6HAD7DTDJDQCA S3S5SQHQHKD4D6D9DAC7C9 
%00034%change_cards%  34S2HAEE 02CQEE 43S3D4EE 20H4EE
%00034%play%  1D3C3EE 3EE 0EE 4EE 2EE 1EE 1DKCKEE 3EE 0EE 4EE 2EE 1EE 1H2D2EE 3EE 0EE 4EE 2EE 1EE 1S4EE 3H5EE 0S6EE 4C7EE 2H8EE 2S7EE 1S8EE 1C5EE 3H6EE 0H7EE 4HQEE 2KxEE 1KxEE 3KxEE 0KxEE 4KxEE 2KxEE 2D8EE 2H9EE 1HTEE 3KxEE 0HJEE 4HKEE 2KxEE 1KxEE 0KxEE 4HAEE 4KxEE 4D9C9EE 2EE 1EE 3EE 0EE 4EE 4S5EE 2CTEE 1KxEE 3DJEE 0KxEE 4SQEE 2SKEE 3KxEE 4S2EE 2KxEE 4KxEE 4D6EE 2SJEE 1KxEE 3DQEE 0KxEE 4DAEE 2KxEE 3KxEE 2CQEE 1KxEE 3CAEE 0KxEE 2C2EE 3KxEE 2KxEE 2SAEE 1KxEE 3KxEE 0KxEE 1C6EE 3D7EE 0C8EE 0H4C4EE 3EE 0EE 0H3EE 3D4EE 0D5EE 3DTEE 0KxEE 3KxEE 3S3EE 0STEE 3KxEE 0KxEE 0CJEE
%00034%result% 42103
%00034%points% 117 100 112 93 103
%00035%mibun% 32140
%00035%seat% 21304
%00035%palyer_cards% S4S7STH3H7H8D2C3C8CQ S9SJSAS2H4HTD4C5CTCJC2 S3SQH9HQD5D6D9DTDKCKJ3 S5S6S8SKH6H2D8C4C6CA H5HJHKHAD3D7DJDQDAC7C9 
%00035%change_cards%  34H2CAEE 02D2EE 43H5D3EE 20S3EE
%00035%play%  3S5H5EE 0EE 4EE 2EE 1EE 3EE 3S6H6C6EE 0EE 4EE 2EE 1EE 3EE 3S8D8EE 3D3EE 0S4EE 4D7EE 2H9EE 1HTEE 3KxEE 0KxEE 4HJEE 2HQEE 1KxEE 4HKEE 2KxEE 4KxEE 2KxEE 2DKCKEE 1EE 3EE 0EE 4EE 2EE 2D5EE 1S9EE 3SKEE 0KxEE 4KxEE 2KxEE 1SAEE 3KxEE 1S2EE 1KxEE 1H4D4EE 3EE 0EE 4EE 2EE 1EE 1SJCJEE 3EE 0EE 4EE 2EE 1EE 1C5EE 3KxEE 0S7EE 4C9EE 2DTEE 1C2EE 0KxEE 4KxEE 2KxEE 1KxEE 1CTEE 3KxEE 0CQEE 4CAEE 2KxEE 0KxEE 4KxEE 4HADAEE 2EE 3EE 0EE 4EE 4C7EE 2D9EE 3KxEE 0STEE 4DJEE 2SQEE 0KxEE 4H2EE 2KxEE 4KxEE 4DQEE 2D2EE 3KxEE 0KxEE 2KxEE 2D6EE 3KxEE 0H7EE 0H8EE 0S3H3C3EE 3EE 0EE 0C8EE
%00035%result% 14203
%00035%points% 119 105 115 94 107
%00036%mibun% 30241
%00036%seat% 32140
%00036%palyer_cards% S3S5SJS2HAD6D7D8DQDAC2 S9STH6HTHQH2D3DKC9CJCQ S4S8SAH7D9DJD2C4C7J3 S6H3H5H9HJHKD4DTC5CA S7SQSKH4H8D5C3C6C8CTCK 
%00036%change_cards%  31HKCAEE 04S2EE 13H6D3EE 40C3EE
%00036%play%  3H3D3EE 2EE 1EE 4EE 0EE 3EE 3H5C5EE 2EE 1EE 4EE 0EE 3EE 3S6H6EE 2EE 1EE 4EE 0EE 3EE 3D4EE 2H7EE 1S9EE 4CTEE 0SJEE 3KxEE 2SAEE 1KxEE 4S2EE 0KxEE 2KxEE 4KxEE 2KxEE 2S4C4EE 1EE 4EE 0EE 3EE 2EE 2C7EE 1C9EE 4CKEE 0C2EE 3KxEE 2KxEE 1KxEE 4KxEE 0KxEE 0D6D7D8EE 0S3C3EE 3EE 2EE 1EE 4EE 0EE 0HADAEE 3EE 2EE 1EE 4EE 0EE 0S5EE 3H9EE 2DJEE 1HQEE 4SKEE 0KxEE 3KxEE 2D2EE 1KxEE 4KxEE 2KxEE 2S8EE 2D9EE 1STEE 4SQEE 0KxEE 3KxEE 1KxEE 4KxEE 4H8C8EE 4H4EE 0DQEE 3KxEE 1HKEE 4KxEE 1CAEE 1H2EE 1KxEE 1HTEE 4KxEE 3HJEE 1KxEE 3KxEE 3DTEE 1CJEE 4KxEE 1CQEE 1KxEE 1DKEE
%00036%result% 20314
%00036%points% 123 107 120 97 108
%00037%mibun% 13024
%00037%seat% 32140
%00037%palyer_cards% S4SJH6H8H2D8DKC8CTCJ S7S9H5H7HAD3D4D9C4C6C2 S6S8H4H9HTHQD5C7C9CQCA S3SKSAH3DTDJDQC3CKJ3 S5STSQS2HJHKD6D7DAD2C5 
%00037%change_cards%  42S2D2EE 10C2EE 24H4D5EE 01S4EE
%00037%play%  1S4D4C4EE 4EE 0EE 3EE 2EE 1EE 1S7H7EE 4EE 0EE 3EE 2EE 1EE 1S9D9EE 4EE 0EE 3EE 2EE 1EE 1D3EE 4H4EE 0H6EE 3KxEE 2KxEE 1KxEE 4KxEE 0KxEE 3KxEE 3DTDJDQEE 2EE 1EE 4EE 0EE 3EE 3S3H3C3EE 2EE 1EE 4EE 0EE 3EE 3SKCKEE 2EE 1EE 4EE 0EE 3EE 3SAEE 2S2EE 1KxEE 4KxEE 0KxEE 2KxEE 2H9C9EE 1EE 4EE 0EE 2EE 2HQCQEE 1EE 4EE 0EE 2EE 2S6EE 1HAEE 4KxEE 0H2EE 2KxEE 1KxEE 0KxEE 0H8D8C8EE 0SJCJEE 2EE 1EE 4EE 0EE 0CTEE 2CAEE 1KxEE 4KxEE 0C2EE 2KxEE 0KxEE 0DKEE 2D2EE 1KxEE 4KxEE 2KxEE 2C7EE 1KxEE 4STEE 2KxEE 4HJEE 4SQEE 4HKEE 4DAEE 4KxEE 4D5D6D7EE 2EE 1EE 4EE 4S5C5EE 2EE 1EE 2S8EE 2HTEE
%00037%result% 30421
%00037%points% 127 108 122 102 111
%00038%mibun% 14302
%00038%seat% 32140
%00038%palyer_cards% S3S6S8H3HKD9D2C9CJJ3 S7SJH9HQH2D5D8DKC4CQCK S4S5STSQH5H6HAD3DTC7CT S9SKS2H4H8D4D7DJDQC6CA SAH7HTHJD6DAC3C5C8C2 
%00038%change_cards%  13H2DKEE 20HAEE 31H4D4EE 02S3EE
%00038%play%  2S3S4S5EE 1EE 4EE 0EE 3EE 2EE 2STDTCTEE 1EE 4EE 0EE 3EE 2EE 2D3EE 1H4EE 4C5EE 0S6EE 3D7EE 2SQEE 1CKEE 4SAEE 0D2EE 3KxEE 2KxEE 1KxEE 4KxEE 0KxEE 0KxEE 0D9C9EE 3EE 2EE 1EE 4EE 0EE 0H3EE 3C6EE 2C7EE 1CQEE 4C2EE 0KxEE 3KxEE 2KxEE 1KxEE 4KxEE 4C3EE 0S8EE 0CJEE 3DQEE 2KxEE 1KxEE 4DAEE 0KxEE 3KxEE 4KxEE 4D6EE 0HKEE 3CAEE 2KxEE 1KxEE 4KxEE 0KxEE 3S2EE 3KxEE 3SKDKEE 2EE 1EE 4EE 0EE 3EE 3H8EE 3S9EE 2KxEE 1SJEE 4KxEE 0KxEE 3KxEE 1KxEE 1D4C4EE 4EE 0EE 3EE 2EE 1EE 1D5EE 4H7EE 0HAEE 3H2EE 2KxEE 1KxEE 4KxEE 3KxEE 3DJEE 2KxEE 1HQEE 4KxEE 1KxEE 1S7EE 4C8EE 4HTEE 2KxEE 1KxEE 4HJEE 2H5EE 1D8EE 1H9EE
%00038%result% 03412
%00038%points% 132 110 123 106 114
%00039%mibun% 03412
%00039%seat% 14032
%00039%palyer_cards% S8SJH8H9HJD7DAD2C6CJCQ S4S9SQH2D4DQDKC4C7CK S3STS2H3H6HTHKD3D8DJC5 S5S7SKH4H5HAD5D6D9C8CA S6SAH7HQDTC3C9CTC2J3 
%00039%change_cards%  20S2HKEE 13H2EE 02D7C6EE 31H4EE
%00039%play%  2S3H3D3EE 1EE 4EE 0EE 3EE 2EE 2H6C6EE 1EE 4EE 0EE 3EE 2EE 2STHTEE 1EE 4EE 0EE 3EE 2EE 2C5EE 1C7EE 4C9EE 0CJEE 3CAEE 2KxEE 1KxEE 4C2EE 0KxEE 3KxEE 4KxEE 4KxEE 4DTCTEE 0EE 3EE 2EE 1EE 4EE 4C3EE 0S8EE 0SJHJEE 3EE 2EE 1EE 4EE 0EE 0S2D2EE 3EE 2EE 1EE 4EE 0EE 0H8EE 0H9EE 3SKEE 2KxEE 1KxEE 4SAEE 0KxEE 3KxEE 4KxEE 4S6EE 0CQEE 3HAEE 2KxEE 1KxEE 4KxEE 0KxEE 3H2EE 3KxEE 3S5H5D5EE 2EE 1EE 4EE 0EE 3EE 3D6EE 2D7EE 1DQEE 4KxEE 0DAEE 3KxEE 2KxEE 1KxEE 0KxEE 0HKEE 3KxEE 2KxEE 1KxEE 4KxEE 3S7EE 2D8EE 2DJEE 1SQEE 4KxEE 3KxEE 1DKEE 1KxEE 1S4H4D4C4EE 4EE 3EE 1EE 1EE 4EE 3EE 1EE 4EE 3EE 1EE 4EE 3EE 1EE 4EE 3EE 1EE 4EE 3EE 1EE 4EE
%00039%result% 02314
%00039%points% 137 112 127 109 115
%00040%mibun% 03124
%00040%seat% 14032
%00040%palyer_cards% S5S9HAD8DTDJDKD2C7CKJ3 SKHTD3D4D6D9DAC3C4C2 S4S6SQS2H3H5H7D7C8CTCJ S3S8SAH4H6H8HKH2D5C6C9 S7STSJH9HJHQDQC5CQCA 
%00040%change_cards%  40HQCAEE 12C2EE 04S5C7EE 21H3EE
%00040%play%  1H3D3C3EE 4EE 0EE 3EE 2EE 1EE 1D4C4EE 4EE 0EE 3EE 2EE 1EE 1D6EE 4S7EE 0D8EE 0DKCKEE 3EE 2EE 1EE 4EE 0EE 0HACAEE 3EE 2EE 1EE 4EE 0EE 0S9EE 3HKEE 2S2EE 1KxEE 4KxEE 0KxEE 3KxEE 2KxEE 0KxEE 0DTEE 3SAEE 2C2EE 1KxEE 4KxEE 0KxEE 3KxEE 2KxEE 2H7D7EE 1EE 4EE 0EE 3EE 2EE 2S4EE 1D9EE 4STEE 0DJEE 3H2EE 2KxEE 1KxEE 4KxEE 0KxEE 3KxEE 3H6C6EE 2EE 1EE 4EE 0EE 3EE 3S8H8EE 3S3EE 2H5EE 1HTEE 4HJEE 0HQEE 3KxEE 2KxEE 1KxEE 4KxEE 0KxEE 0D2EE 3KxEE 2KxEE 1KxEE 4KxEE 3H4EE 2S6EE 1SKEE 4KxEE 3KxEE 2KxEE 1KxEE 1DAEE 4KxEE 3KxEE 2KxEE 4S5C5EE 3EE 2EE 4EE 4DQCQEE 3EE 2EE 4EE 4C7EE 3C9EE 2CTEE 4KxEE 3KxEE 2CJEE 2KxEE 2C8EE 2SQEE 4KxEE 3KxEE 4H9EE 3KxEE 4SJEE
%00040%result% 01243
%00040%points% 142 116 130 110 117
%00041%mibun% 01243
%00041%seat% 14032
%00041%palyer_cards% SAH5H7H9D5DTDJDKDAD2CT S5S7S9SQSKHAD8D9C4CA S6STSJH4HTHKD6D7DQC3C6 S3H3H6H8HJH2D3C5C8C9CJ S4S8S2HQD4C7CQCKC2J3 
%00041%change_cards%  30HJH2EE 41J3EE 03H5D5EE 14C4EE
%00041%play%  3S3H3D3EE 2EE 1EE 4EE 0EE 3EE 3H5D5C5EE 2EE 1EE 4EE 0EE 3EE 3H8C8EE 3H6EE 2D7EE 1D8EE 1S9D9EE 4EE 0EE 3EE 2EE 1EE 1HACAEE 4EE 0EE 3EE 2EE 1EE 1S5EE 4C7EE 0H9EE 3CJEE 2DQEE 1SKEE 4S2EE 0KxEE 3KxEE 2KxEE 1KxEE 4KxEE 1KxEE 1S7EE 4S8EE 4S4D4C4EE 0EE 3EE 2EE 1EE 4EE 4HQCQEE 0EE 3EE 2EE 1EE 4EE 4CKEE 0SAEE 3KxEE 2KxEE 1KxEE 4C2EE 0KxEE 0DKDAD2EE 3EE 2EE 1EE 0EE 0DTCTEE 3EE 2EE 1EE 0EE 0HJDJEE 3EE 2EE 1EE 0EE 0H7EE 3C9EE 2STEE 1SQEE 0KxEE 2KxEE 0H2EE
%00041%result% 43102
%00041%points% 144 119 131 114 122
%00042%mibun% 32410
%00042%seat% 42031
%00042%palyer_cards% S7SKH9HQHKDTDAC4C5C8CT S4H6H8HTD3D4D8DKCAJ3 S3S5S8STS2H4HJHAC3CQCK S9SJSAH5H7H2D7DJD2C7 S6SQH3D5D6D9DQC6C9CJC2 
%00042%change_cards%  24S2HAEE 03DAEE 42H3D5EE 30H5EE
%00042%play%  1S4D4EE 4EE 2EE 0EE 3EE 1EE 1H8D8EE 1D3EE 4S6EE 2S8EE 2S3H3C3EE 0EE 3EE 1EE 4EE 2EE 2S5D5EE 0EE 3EE 1EE 4EE 2EE 2H4EE 0H5EE 3H7EE 1HTEE 4HAEE 2KxEE 0KxEE 3H2EE 1KxEE 4KxEE 3KxEE 1KxEE 1H6EE 4D9EE 2STEE 0HQEE 3SAEE 1KxEE 4S2EE 2KxEE 0KxEE 3KxEE 4KxEE 4D6C6EE 2EE 0EE 3EE 1EE 4EE 4SQDQEE 2EE 0EE 3EE 1EE 4EE 4C9EE 2HJEE 0SKEE 3DAEE 1KxEE 4C2EE 2KxEE 0KxEE 3KxEE 4KxEE 4CJEE 2CQEE 0KxEE 3KxEE 1CAEE 2KxEE 1KxEE 1DKEE 2KxEE 0KxEE 3D2EE 3KxEE 3D7C7EE 2EE 0EE 3EE 3SJDJEE 2EE 0EE 3EE 3S9EE 2CKEE
%00042%result% 41320
%00042%points% 145 123 133 117 127
%00043%mibun% 41320
%00043%seat% 42031
%00043%palyer_cards% S4S7SQH6HJH2D7D8DQCJCA SAH3H5HKD6C3C4CTCKJ3 S3STSJD3D5DTDKD2C5CQC2 S8S9SKS2D4D9DJDAC6C9 S5S6H4H7H8H9HTHQHAC7C8 
%00043%change_cards%  04H2CAEE 21D2EE 40S5H4EE 12H3EE
%00043%play%  2S3H3D3EE 0EE 3EE 1EE 4EE 2EE 2D5C5EE 0EE 3EE 1EE 4EE 2EE 2STDTEE 0EE 3EE 1EE 4EE 2EE 2SJEE 0SQEE 3SKEE 1SAEE 4KxEE 2KxEE 0KxEE 3S2EE 1KxEE 3KxEE 1KxEE 1HKCKEE 4EE 2EE 0EE 3EE 1EE 1C3EE 4S6EE 2CQEE 0KxEE 3DAEE 1D2EE 4KxEE 2KxEE 3KxEE 1KxEE 1C4EE 4H7EE 2DKEE 0KxEE 3KxEE 1KxEE 4HAEE 2C2EE 4KxEE 0S4H4EE 3EE 1EE 4EE 0EE 0S7D7EE 3EE 1EE 4EE 0EE 0HJCJEE 3EE 1EE 4EE 0EE 0S5EE 3C6EE 1CTEE 4CAEE 0KxEE 3KxEE 1KxEE 4KxEE 4H8H9HTEE 4C7EE 0D8EE 0H6EE 3S8EE 3S9D9C9EE 1EE 4EE 0EE 3EE 3D4EE 1H5EE 4C8EE 4HQEE 0KxEE 3KxEE 1KxEE 4H2EE 0DQEE 3KxEE 1KxEE 3DJEE
%00043%result% 24031
%00043%points% 148 124 138 119 131
%00044%mibun% 24031
%00044%seat% 42031
%00044%palyer_cards% S4S5S7S9SKSAHTD5C4C5C2 STS2H4H7HKD3D6C3CTCQ S8H3H5H8H9HJHQD7D9DQDA SQH6HAD8DJDKC6C7C9CKJ3 S3S6SJH2D4DTD2C8CJCA 
%00044%change_cards%  12S2HKEE 34J3EE 21H3H5EE 43S3EE
%00044%play%  1H3H4H5EE 4EE 2EE 0EE 3EE 1EE 1D3C3EE 4EE 2EE 0EE 3EE 1EE 1STCTEE 4EE 2EE 0EE 3EE 1EE 1D6EE 4C8EE 4SJCJEE 2EE 0EE 3EE 1EE 4EE 4H2D2EE 2EE 0EE 3EE 1EE 4EE 4D4EE 2D7EE 0KxEE 3D8EE 3H6C6EE 1EE 4EE 2EE 0EE 3EE 3DKCKEE 1EE 4EE 2EE 0EE 3EE 3S3EE 1H7EE 4DTEE 2HJEE 0SKEE 3HAEE 1KxEE 4KxEE 2KxEE 0KxEE 3KxEE 4KxEE 4S6EE 2S8EE 2H9D9EE 0EE 3EE 1EE 4EE 2EE 2HQDQEE 0EE 3EE 1EE 4EE 2EE 2H8EE 2HKEE 0SAEE 3KxEE 1KxEE 4KxEE 2S2EE 0KxEE 2KxEE 2DAEE 0C2EE 3KxEE 1KxEE 4KxEE 0KxEE 0S4C4EE 3EE 1EE 4EE 0EE 0S5D5C5EE 3EE 1EE 4EE 0EE 0S7EE 3C9EE 1CQEE 4CAEE 0KxEE 3KxEE 0S9EE 3DJEE 0KxEE 3SQEE 3KxEE 3C7EE
%00044%result% 21430
%00044%points% 149 128 143 121 134
%00045%mibun% 41032
%00045%seat% 41203
%00045%palyer_cards% S4S5SQH3H9D3DTDQD2C4C9 S6S8S9H8HKHAH2C3CTJ3 STSKSAS2D4D8C5C7C8CJCQ H4H5H7HTD6D7DJDACKCAC2 S3S7SJH6HJHQD5D9DKC6 
%00045%change_cards%  02SQD2EE 31C2EE 20D4C5EE 13C3EE
%00045%play%  0H3D3EE 3EE 4EE 1EE 2EE 0EE 0S4D4C4EE 3EE 4EE 1EE 2EE 0EE 0S5C5EE 3EE 4EE 1EE 2EE 0EE 0H9C9EE 3EE 4EE 1EE 2EE 0EE 0DTEE 3DJEE 4DKEE 1KxEE 2KxEE 0KxEE 3KxEE 4KxEE 1KxEE 1HKHAH2EE 2EE 0EE 3EE 4EE 1EE 1S8H8EE 1S6EE 2C7EE 0DQEE 3CKEE 4KxEE 1C2EE 2KxEE 3KxEE 1KxEE 1S9EE 2STEE 3KxEE 4SJEE 1KxEE 2SQEE 4KxEE 2SKEE 2SAEE 2S2EE 2KxEE 2D8C8EE 2CJEE 3DAEE 4KxEE 1KxEE 2D2EE 3KxEE 2KxEE 2CQEE 3CAEE 4KxEE 1KxEE 3KxEE 3H7D7EE 4EE 1EE 3EE 3C3EE 4D5EE 1CTEE 3KxEE 4HJEE 4HQEE 4KxEE 4H6C6EE 3EE 4EE 4S3EE 3H4EE 4S7EE 3HTEE 4KxEE 3KxEE 3H5EE 4D9EE
%00045%result% 02143
%00045%points% 154 131 147 122 136
%00046%mibun% 02143
%00046%seat% 41203
%00046%palyer_cards% S3S4H6H9HKH2DTDQDAC6CT S9STH7H8HJD6C7C9CKJ3 S7SKH3HAD4D9DJDKC8CQ S5S8H5HTHQD8D2C3C4C5C2 S6SJSQSAS2H4D3D5D7CJCA 
%00046%change_cards%  30D2C2EE 42S2EE 03S3S4EE 24H3EE
%00046%play%  4H3D3EE 1EE 2EE 0EE 3EE 4EE 4SJCJEE 1EE 2EE 0EE 3EE 4EE 4SACAEE 1EE 2EE 0EE 3EE 4EE 4H4EE 1D6EE 2S7EE 0H9EE 3HTEE 4KxEE 1HJEE 2HAEE 0H2EE 3KxEE 1KxEE 2KxEE 0KxEE 1KxEE 1H7C7EE 2EE 0EE 3EE 4EE 1EE 1S9C9EE 2EE 0EE 3EE 4EE 1EE 1H8EE 1STEE 2DJEE 0DQEE 3KxEE 4KxEE 1KxEE 2DKEE 0DAEE 2KxEE 0D2EE 0KxEE 0H6C6EE 3EE 4EE 1EE 2EE 0EE 0DTCTEE 3EE 4EE 1EE 2EE 0EE 0HKEE 3KxEE 4KxEE 1KxEE 2S2EE 0KxEE 2KxEE 2D4EE 0C2EE 3KxEE 4KxEE 1KxEE 2KxEE 3S3S4S5EE 4EE 1EE 2EE 3EE 3C3C4C5EE 4EE 1EE 2EE 3EE 3S8D8EE 3H5EE 4S6EE 1CKEE 2KxEE 3KxEE 4KxEE 2C8EE 2D9EE 3HQEE 4KxEE 2SKEE 2KxEE 2CQEE
%00046%result% 01324
%00046%points% 159 135 149 125 137
%00047%mibun% 01324
%00047%seat% 41203
%00047%palyer_cards% S3S5SJSQH4D9D2C3C4C7C8 S6S8H5H7D4D5D6DJCKCA S4SAH6HTHQHAD3DTDQC9 S9STSKS2HJHKH2D8C5C6CT S7H3H8H9D7DKDACJCQC2J3 
%00047%change_cards%  40C2J3EE 21SAEE 04S3C3EE 12D4EE
%00047%play%  2S4D4EE 0EE 3EE 4EE 1EE 2EE 2HTDTEE 0EE 3EE 4EE 1EE 2EE 2HQDQEE 0EE 3EE 4EE 1EE 2EE 2D3EE 0H4EE 3C5EE 4S7EE 1S8EE 1H5D5EE 2EE 0EE 3EE 4EE 1EE 1S6D6EE 2EE 0EE 3EE 4EE 1EE 1SACAEE 2EE 0EE 3EE 4EE 1EE 1H7EE 2C9EE 0SJEE 3SKEE 4KxEE 1KxEE 2KxEE 0KxEE 3KxEE 0KxEE 0D2C2EE 3EE 4EE 1EE 2EE 0EE 0C4EE 3C6EE 4CJEE 1CKEE 2KxEE 0KxEE 3KxEE 4KxEE 1KxEE 1DJEE 2HAEE 0KxEE 3S2EE 4KxEE 2KxEE 3KxEE 3STCTEE 4EE 2EE 0EE 3EE 3D8EE 3S9EE 4CQEE 2KxEE 0KxEE 3HKEE 4DAEE 3H2EE 4KxEE 3KxEE 3HJEE 4DKEE 2KxEE 0KxEE 4KxEE 4S3H3C3EE 2EE 0EE 4EE 4D7EE 2KxEE 0C8EE 0S5EE 4H8EE 4H9EE 2KxEE 0SQEE 0KxEE 0C7EE 2KxEE 0D9EE
%00047%result% 13402
%00047%points% 161 140 150 129 140
%00048%mibun% 30412
%00048%seat% 21430
%00048%palyer_cards% SAS2H5H9H2D8D9DQC6CK S6S8S9H4HAD3DTDAD2CJCQ S3S5S7SKH7HJHQDJC8C9 S4H3H8D4D5D7DKC3C4C5C2 STSJSQH6HTHKD6C7CTCAJ3 
%00048%change_cards%  21SKHQEE 03S2EE 12H4D3EE 30H3EE
%00048%play%  2S3D3EE 1EE 4EE 3EE 0EE 2EE 2S7H7EE 1EE 4EE 3EE 0EE 2EE 2HJDJEE 1EE 4EE 3EE 0EE 2EE 2H4EE 1S6EE 4C7EE 3H8EE 3C3C4C5EE 0EE 2EE 1EE 4EE 3EE 3S4D4EE 0EE 2EE 1EE 4EE 3EE 3S2C2EE 0EE 2EE 1EE 4EE 3EE 3D5EE 0C6EE 2C8EE 2S5EE 1S8EE 1HQCQEE 4EE 3EE 0EE 2EE 1EE 1HADAEE 4EE 3EE 0EE 2EE 1EE 1S9EE 4STEE 3KxEE 0SAEE 2KxEE 1KxEE 4KxEE 0KxEE 4KxEE 4H6D6EE 3EE 0EE 2EE 1EE 4EE 4HTCTEE 3EE 0EE 2EE 1EE 4EE 4SJEE 3DKEE 0H2EE 2KxEE 1KxEE 4KxEE 3KxEE 0KxEE 0H9D9EE 2EE 1EE 4EE 3EE 0EE 0H3EE 2C9EE 1DTEE 4SQEE 3KxEE 0CKEE 1D2EE 4KxEE 0KxEE 1KxEE 1CJEE 4HKEE 3KxEE 0KxEE 1KxEE 4CAEE 3D7EE 0D8EE 0H5EE 1SKEE
%00048%result% 24310
%00048%points% 162 142 155 132 144
%00049%mibun% 43021
%00049%seat% 21430
%00049%palyer_cards% S8SJH6D5D6D9DTC6C7C9 S4S6SAS2H7D3DQDKC4CKJ3 S3S5H3H8H9HTHKD7DJC3C8 S9STSKH5HAD8D2C5CJCA S7SQH4HJHQH2D4DACTCQC2 
%00049%change_cards%  02SJDTEE 14J3EE 20S3H3EE 41H4EE
%00049%play%  1S4H4C4EE 4EE 3EE 0EE 2EE 1EE 1DKCKEE 4EE 3EE 0EE 2EE 1EE 1D3EE 4D4EE 3D8EE 3H5C5EE 0EE 2EE 1EE 4EE 3EE 3HACAEE 0EE 2EE 1EE 4EE 3EE 3S9EE 0KxEE 2HTEE 1DQEE 4DAEE 3D2EE 2KxEE 1KxEE 4KxEE 3KxEE 4KxEE 4SQHQCQEE 3EE 0EE 2EE 1EE 4EE 4H2C2EE 3EE 0EE 2EE 1EE 4EE 4S7EE 3STEE 0KxEE 2SJEE 1SAEE 4KxEE 3KxEE 2KxEE 1S2EE 1KxEE 1S6EE 4CTEE 3CJEE 0KxEE 2KxEE 1KxEE 4KxEE 3KxEE 3SKEE 0KxEE 2KxEE 1KxEE 4KxEE 0S3H3EE 2EE 1EE 4EE 0EE 0H6D6C6EE 2EE 1EE 4EE 0EE 0D9C9EE 2EE 1EE 4EE 0EE 0D5EE 2D7EE 1KxEE 4KxEE 0KxEE 2DTEE 2DJEE 2KxEE 2H8C8EE 2C3EE 1H7EE 4HJEE 0KxEE 2HKEE 2KxEE 2S5EE 0C7EE 2H9EE
%00049%result% 31420
%00049%points% 163 146 157 137 147
%00050%mibun% 41302
%00050%seat% 21430
%00050%palyer_cards% S3S6S7S9HQH2D3D4D5C3C7 SAH4H5HKD6D7D9DQC9CJ S4SJS2HAD8DJC4C6C8CKC2 STSQH3H6H7HTHJDTDKCTCA S5S8SKH8H9DAD2C5CQJ3 
%00050%change_cards%  03HQH2EE 21S2EE 30H3H6EE 12H4EE
%00050%play%  0D3D4D5EE 2EE 1EE 4EE 3EE 0EE 0S3H3C3EE 2EE 1EE 4EE 3EE 0EE 0S6H6EE 2EE 1EE 4EE 3EE 0EE 0S7C7EE 2EE 1EE 4EE 3EE 0EE 0S9EE 2SJEE 1SAEE 4KxEE 3KxEE 2KxEE 1KxEE 4KxEE 4S5C5EE 3EE 2EE 1EE 4EE 4S8H8EE 4H9EE 3STEE 2DJEE 1DQEE 4DAEE 3KxEE 2KxEE 1KxEE 4D2EE 4KxEE 4CQEE 3DKEE 2HAEE 1S2EE 4KxEE 3KxEE 2KxEE 1KxEE 1D9C9EE 4EE 3EE 2EE 1EE 1H5EE 4SKEE 3CAEE 2C2EE 1KxEE 3KxEE 2KxEE 2S4H4C4EE 1EE 3EE 2EE 2D8C8EE 2C6EE 1D7EE 3HTEE 2CKEE 1KxEE 3H2EE 3KxEE 3DTCTEE 1EE 3EE 3SQHQEE 1EE 3EE 3H7EE 1CJEE 3KxEE 1HKEE 1KxEE 1D6EE
%00050%result% 04213
%00050%points% 168 148 160 138 151
%00051%mibun% 03241
%00051%seat% 14203
%00051%palyer_cards% S3S4SQSAH6H9D8DTDQC2J3 S7S9SKH5HAD4D5DKD2C8CJ S5S6SJS2H7D9C4C6CQCA S8H3H4H8H2D7DJDAC5C7C9 STHTHJHQHKD3D6C3CTCK 
%00051%change_cards%  30H2DAEE 14D2EE 03S3S4EE 41D3EE
%00051%play%  1D3D4D5EE 4EE 2EE 0EE 3EE 1EE 1SKDKEE 4EE 2EE 0EE 3EE 1EE 1H5EE 4D6EE 2H7EE 0D8EE 0SQDQEE 3EE 1EE 4EE 2EE 0EE 0SADAEE 3EE 1EE 4EE 2EE 0EE 0H2C2EE 3EE 1EE 4EE 2EE 0EE 0H6EE 3D7EE 1C8EE 1S7EE 4STEE 2SJEE 0KxEE 3KxEE 1KxEE 4KxEE 2KxEE 0KxEE 0H9EE 3DJEE 1HAEE 4D2EE 2KxEE 0KxEE 3KxEE 1KxEE 4KxEE 4HTHJHQHKEE 2EE 0EE 3EE 1EE 4EE 4C3EE 2C4EE 0KxEE 3C5EE 1CJEE 4CKEE 2CAEE 3KxEE 1KxEE 4KxEE 2KxEE 2S6C6EE 0EE 3EE 1EE 4EE 2EE 2S5EE 0DTEE 3KxEE 1KxEE 4KxEE 2CQEE 2S2EE 2KxEE 2D9EE 3KxEE 1KxEE 4CTEE 3S3H3EE 1EE 3EE 3S4H4EE 1EE 3EE 3S8H8EE 3C7EE 1S9EE
%00051%result% 02413
%00051%points% 173 150 164 139 154
%00052%mibun% 03142
%00052%seat% 14203
%00052%palyer_cards% S7SQHAD4D6D7D8C9CJCKJ3 S3H8H2D5DQDAD2C4C5C6C8 S6S9SAS2HKD3D9DTCQCA S8SKH3H5H6H7H9HTHQDKC7 S4S5STSJH4HJDJC3CTC2 
%00052%change_cards%  30SKDKEE 12H2EE 03D4D6EE 21D3EE
%00052%play%  1C4C5C6EE 4EE 2EE 0EE 3EE 1EE 1S3D3EE 4EE 2EE 0EE 3EE 1EE 1H8C8EE 1D5EE 4STEE 2CQEE 0SKEE 3KxEE 1DAEE 4C2EE 2KxEE 0KxEE 1KxEE 4KxEE 0KxEE 0S7D7EE 3EE 1EE 4EE 2EE 0EE 0DKCKEE 3EE 1EE 4EE 2EE 0EE 0D8EE 0C9EE 3HTEE 1DQEE 4KxEE 2HKEE 0HAEE 3KxEE 1KxEE 2H2EE 0KxEE 2KxEE 2S9D9EE 0EE 3EE 1EE 4EE 2EE 2SACAEE 0EE 3EE 1EE 4EE 2EE 2S6EE 0CJEE 3HQEE 1D2EE 4KxEE 2KxEE 0KxEE 3KxEE 4S4H4EE 2EE 0EE 3EE 4EE 4SJHJDJEE 2EE 0EE 3EE 4EE 4C3EE 2DTEE 0SQEE 3KxEE 4KxEE 2S2EE 3H5H6H7EE 4EE 3EE 3H3EE 4S5EE 3D6EE 4CTEE
%00052%result% 10243
%00052%points% 177 155 167 140 156
%00053%mibun% 10243
%00053%seat% 14203
%00053%palyer_cards% S7S8H2D3D5D8C7CTCKJ3 S5S9SAH5H9HJHKHADTC5CA S4SJHTD7DKDAD2C3C9CQC2 S6STSQH6H7D4DJC4C6CJ S3SKS2H3H4H8HQD6D9DQC8 
%00053%change_cards%  31SQDJEE 40S2EE 13S5H5EE 04D3EE
%00053%play%  4S3H3D3EE 2EE 0EE 3EE 1EE 4EE 4H8C8EE 4HQDQEE 2EE 0EE 3EE 1EE 4EE 4H4EE 2D7EE 0S8EE 0S7C7EE 3EE 1EE 4EE 2EE 0EE 0S2H2EE 3EE 1EE 4EE 2EE 0EE 0D5EE 3S6EE 1S9EE 4SKEE 2KxEE 0KxEE 3KxEE 1KxEE 4KxEE 0KxEE 0D8EE 0CTEE 3CJEE 1CAEE 4KxEE 2C2EE 0KxEE 3KxEE 1KxEE 2KxEE 2DKDAD2EE 0EE 3EE 1EE 4EE 2EE 2C3EE 0CKEE 3KxEE 1KxEE 4KxEE 2KxEE 3H5H6H7EE 1EE 4EE 2EE 3EE 3D4C4EE 1EE 4EE 2EE 3EE 3S5EE 1H9EE 4KxEE 2HTEE 3KxEE 1HJEE 2KxEE 1HKEE 1HAEE 1KxEE 1C5EE 4D6EE 2C9EE 3STEE 1DJEE 4KxEE 2CQEE 3KxEE 1SAEE 2KxEE 1KxEE 1DTEE 4KxEE 2SJEE 3KxEE 1SQEE 2KxEE 4D9EE 2KxEE 3KxEE 2S4EE
%00053%result% 01423
%00053%points% 182 159 169 141 159
%00054%mibun% 01342
%00054%seat% 42013
%00054%palyer_cards% SQSAS2H4H9HQD9DTDQDKC6 S7S8S9SJH5HKHAD4C7CKCA STH3HTD3D5D7D8D2C9J3 S4S5S6H6H7H2DJDAC8CQC2 S3SKH8HJD6C3C4C5CTCJ 
%00054%change_cards%  30H2C2EE 21J3EE 03H4C6EE 12D4EE
%00054%play%  2D3D4D5EE 0EE 1EE 3EE 4EE 2EE 2STHTEE 0EE 1EE 3EE 4EE 2EE 2H3EE 0H9EE 1HKEE 3KxEE 4KxEE 2KxEE 0H2EE 1KxEE 0KxEE 1KxEE 1S7S8S9EE 1HACAEE 3EE 4EE 2EE 0EE 1EE 1H5EE 3S6EE 4H8EE 4C3C4C5EE 2EE 0EE 1EE 3EE 4EE 4HJCJEE 2EE 0EE 1EE 3EE 4EE 4S3EE 2D7EE 0D9EE 1KxEE 3DJEE 4KxEE 2D2EE 0KxEE 3KxEE 2KxEE 2D8EE 2C9EE 0DTEE 1SJEE 3CQEE 4SKEE 0SAEE 1KxEE 3KxEE 4KxEE 0S2EE 0KxEE 0SQHQDQEE 1EE 3EE 4EE 0EE 0DKEE 1KxEE 3DAEE 4KxEE 0KxEE 3KxEE 3S4H4EE 4EE 0EE 1EE 3EE 3H6C6EE 4EE 0EE 1EE 3EE 3S5EE 4D6EE 0C2EE 1KxEE 3KxEE 4KxEE 1C7EE 3C8EE 3H7EE 4CTEE
%00054%result% 20341
%00054%points% 186 160 174 144 161
%00055%mibun% 14023
%00055%seat% 42013
%00055%palyer_cards% S3S4H9HJD4D6DTDAC4CTCJ S6S8SQSKS2H6HTHAD7D9C7 STSAH8H2D5D8DJDQCKCAC2 S5S7SJH3HQD3D2C5CQJ3 S9H4H5H7HKDKC3C6C8C9 
%00055%change_cards%  12S2HAEE 40HKEE 21H8D5EE 04S3EE
%00055%play%  3H3D3EE 4EE 2EE 0EE 1EE 3EE 3S5C5EE 4EE 2EE 0EE 1EE 3EE 3HQCQEE 4EE 2EE 0EE 1EE 3EE 3S7EE 4C8EE 4S3C3EE 2EE 0EE 1EE 3EE 4EE 4S9C9EE 2EE 0EE 1EE 3EE 4EE 4H4EE 2D8EE 2CKCAC2EE 0EE 1EE 3EE 4EE 2EE 2SAHAEE 0EE 1EE 3EE 4EE 2EE 2S2H2EE 0EE 1EE 3EE 4EE 2EE 2STEE 0HJEE 1SQEE 3D2EE 4KxEE 2KxEE 0KxEE 1KxEE 3KxEE 3KxEE 3SJEE 4DKEE 2KxEE 0DAEE 1KxEE 4KxEE 0KxEE 0S4D4C4EE 1EE 4EE 2EE 0EE 0DTCTEE 1EE 4EE 2EE 0EE 0D6EE 1D7EE 4KxEE 2DJEE 0KxEE 1KxEE 2DQEE 0H9EE 1HTEE 4KxEE 0HKEE 1KxEE 0KxEE 0CJEE 1SKEE 4KxEE 1KxEE 1S6H6EE 4EE 1EE 1S8H8EE 1D5EE 4C6EE 1C7EE 4KxEE 1KxEE 1D9EE
%00055%result% 32014
%00055%points% 189 162 178 149 162
%00056%mibun% 23104
%00056%seat% 42013
%00056%palyer_cards% S3S6SQSAH2D9DKC6C9C2 STH9HJHQD6C5CJCQCKCA S7S2H3H4HTHKD3D8C4CTJ3 S4S5S9SKH5H6H8HAD4DTC3 S8SJH7D5D7DJDQDAD2C7C8 
%00056%change_cards%  43DAD2EE 12CAEE 34S4C3EE 21H3EE
%00056%play%  2H4C4EE 0EE 1EE 3EE 4EE 2EE 2HTCTEE 0EE 1EE 3EE 4EE 2EE 2D3EE 0S6EE 1H9EE 3DTEE 4SJEE 2HKEE 0SAEE 1KxEE 3D2EE 4KxEE 2KxEE 0KxEE 3KxEE 2KxEE 2S7EE 0D9EE 1STEE 3SKEE 4KxEE 2S2EE 0KxEE 1KxEE 3KxEE 2KxEE 2D8EE 2CAEE 0H2EE 1KxEE 3KxEE 4KxEE 0KxEE 0S3EE 1C5EE 3H6EE 4H7EE 0KxEE 1HJEE 3HAEE 4KxEE 1KxEE 3KxEE 3S5H5EE 4EE 0EE 1EE 3EE 3D4EE 4D5EE 0DKEE 1KxEE 3DAEE 4KxEE 0KxEE 3KxEE 3H8EE 3S9EE 4DJEE 0SQEE 1CKEE 4KxEE 0C2EE 1KxEE 0KxEE 0C6EE 1CJEE 4KxEE 0KxEE 1CQEE 1KxEE 1H3EE 4S4EE 0C9EE 1HQEE 4KxEE 1KxEE 1D6EE
%00056%result% 23014
%00056%points% 192 164 183 153 163
%00057%mibun% 23014
%00057%seat% 43012
%00057%palyer_cards% S7S8SKH6HJD8DTDAC3C9 H8H9HTD3D6D2C5C6C8C2 S3S4SJH5HAD4D5D7C4CQCK S6STSAS2H3H4HQHKH2CTCA S5S9SQH7D9DJDQDKC7CJJ3 
%00057%change_cards%  42DKJ3EE 13D2EE 24S3S4EE 31H3EE
%00057%play%  1H8H9HTEE 1H3D3EE 2EE 4EE 3EE 0EE 1EE 1D6C6EE 2EE 4EE 3EE 0EE 1EE 1C5EE 2D7EE 4S9EE 3STEE 0SKEE 1KxEE 2KxEE 4KxEE 3KxEE 0KxEE 2KxEE 2D4C4EE 4EE 3EE 0EE 1EE 2EE 2H5D5EE 4EE 3EE 0EE 1EE 2EE 2DKCKEE 4EE 3EE 0EE 1EE 2EE 2SJEE 4SQEE 3SAEE 0KxEE 1KxEE 2KxEE 4KxEE 3S2EE 3KxEE 3H2D2EE 0EE 1EE 2EE 4EE 3EE 3H4EE 0H6EE 1KxEE 2HAEE 4KxEE 3KxEE 0KxEE 2KxEE 2CQEE 4KxEE 3HKEE 0DAEE 1C2EE 3KxEE 0KxEE 1KxEE 1C8EE 4S3S4S5EE 3EE 0EE 4EE 4H7C7EE 3EE 0EE 4EE 4DJCJEE 3EE 0EE 4EE 4D9EE 3CTEE 0HJEE 4DQEE 3CAEE 0KxEE 3KxEE 3S6EE 0S7EE 3KxEE 0S8EE 0C3EE 3HQEE
%00057%result% 21430
%00057%points% 193 168 188 155 166
%00058%mibun% 41032
%00058%seat% 43012
%00058%palyer_cards% STSJSAHKH2D5D8DAC6C2 S7H3H5H6H9D3D6D9C9CT S3S2HTHQHADJDQC7C8CJCA S6S9SQH4D7DTDKC3CQCKJ3 S4S5S8SKH7H8HJD4D2C4C5 
%00058%change_cards%  02H2C2EE 31J3EE 20S3C7EE 13H3EE
%00058%play%  1H6D6EE 2EE 4EE 3EE 0EE 1EE 1H9D9C9EE 2EE 4EE 3EE 0EE 1EE 1D3EE 2C8EE 2DJCJEE 4EE 3EE 0EE 1EE 2EE 2HQDQEE 4EE 3EE 0EE 1EE 2EE 2HACAEE 4EE 3EE 0EE 1EE 2EE 2S2H2C2EE 4EE 3EE 0EE 1EE 2EE 2HTEE 4HJEE 3KxEE 0HKEE 1KxEE 4KxEE 0KxEE 1KxEE 1H5EE 4H7EE 3KxEE 0KxEE 1KxEE 4H8EE 4S4D4C4EE 3EE 0EE 1EE 4EE 4S5C5EE 3EE 0EE 1EE 4EE 4S8EE 4SKEE 3KxEE 0SAEE 1KxEE 4KxEE 0KxEE 0S3EE 1S7EE 4KxEE 3S9EE 0STEE 1KxEE 3SQEE 0KxEE 3KxEE 3H3C3EE 0EE 1EE 4EE 3EE 3DKCKEE 0EE 1EE 4EE 3EE 3H4EE 0D5EE 1CTEE 4D2EE 3KxEE 0KxEE 3S6EE 0C7EE 3DTEE 0SJEE 3CQEE 0DAEE 3KxEE 0KxEE 0C6EE 3D7EE
%00058%result% 21430
%00058%points% 194 172 193 157 169
%00059%mibun% 41032
%00059%seat% 43012
%00059%palyer_cards% SJSQSAH8HTDQDKC8CTCK S6S7S9H3H5H6H7HKH2C9 S3STS2D6D7D8D9DJD2C4C5 S8SKH4D3D4D5DTDAC6CJCA S4S5H9HJHQHAC3C7CQC2J3 
%00059%change_cards%  02SADKEE 31DAEE 20S3C4EE 13H3EE
%00059%play%  3D3D4D5EE 0EE 1EE 2EE 4EE 3EE 3H3EE 0C4EE 1H5EE 2D6EE 4C7EE 3S8EE 3H4EE 0H8EE 0HTCTEE 1EE 2EE 4EE 3EE 0EE 0SQDQEE 1EE 2EE 4EE 3EE 0EE 0S3EE 1S6EE 2STEE 4KxEE 3KxEE 0KxEE 1KxEE 2KxEE 4KxEE 4HQCQEE 3EE 0EE 1EE 2EE 4EE 4C3EE 3C6EE 0C8EE 0SJEE 1HKEE 2SAEE 4C2EE 3KxEE 0KxEE 1KxEE 2KxEE 4KxEE 4S4EE 3DTEE 0CKEE 1DAEE 2S2EE 4KxEE 3KxEE 1KxEE 2KxEE 2D7D8D9EE 2C5EE 4H9EE 3CJEE 1H2EE 2KxEE 4KxEE 3KxEE 1KxEE 1S7H7EE 2EE 4EE 3EE 1EE 1S9C9EE 2EE 4EE 3EE 1EE 1H6EE 2DJEE 4HAEE 3KxEE 2D2EE 4KxEE 2KxEE 2DKEE 4KxEE 3CAEE 3KxEE 3SKEE
%00059%result% 01234
%00059%points% 199 176 196 159 170
%00060%mibun% 01234
%00060%seat% 42130
%00060%palyer_cards% S4S8SJS2H5H6D3D7C3C8CJ S5S9SAH2D5DTC4C6C9CT S3S7H4H7D4D8DJDKD2C5J3 S6STSQH3H9HTHJHQDACQ SKH8HKHAD6D9DQC7CKCAC2 
%00060%change_cards%  40HAC2EE 31DAEE 04D3C3EE 13C4EE
%00060%play%  4D3C3EE 2EE 1EE 3EE 0EE 4EE 4SKHKCKEE 2EE 1EE 3EE 0EE 4EE 4D6EE 2S7EE 1S9EE 3STEE 0SJEE 4KxEE 2KxEE 1KxEE 3KxEE 0KxEE 2KxEE 2H4D4EE 1EE 3EE 0EE 4EE 2EE 2S3EE 1S5EE 3S6EE 0S8EE 0S2C2EE 4EE 2EE 1EE 3EE 0EE 0S4EE 4C7EE 2D8EE 2C5EE 1C6EE 3CQEE 0KxEE 4CAEE 2KxEE 1KxEE 3KxEE 4KxEE 4H8EE 4D9EE 2DJEE 1DAEE 3KxEE 0KxEE 4KxEE 2D2EE 1KxEE 2KxEE 2H7EE 1C9EE 3HTEE 0CJEE 4DQEE 2DKEE 1KxEE 3KxEE 0KxEE 1DTCTEE 3EE 0EE 1EE 1D5EE 3H9EE 0HAEE 1H2EE 3KxEE 0KxEE 1KxEE 1SAEE 3KxEE 0KxEE 3SQHQEE 0EE 3EE 3H3EE 0H5EE 3HJEE 0KxEE 3KxEE 3C4EE
%00060%result% 42130
%00060%points% 200 179 200 161 175
%00061%mibun% 42130
%00061%seat% 42130
%00061%palyer_cards% S8S9SKH4D7DAD2C5C7J3 S7STH3H6H7H8HTD5D6DTC2 S3S4S5SQH9HKDJC4C6C8CJ SJH5HAH2D3D4D8DQDKC9 S6SAS2HJHQD9C3CTCQCKCA 
%00061%change_cards%  04D2J3EE 32H2EE 40S6C3EE 23S3EE
%00061%play%  3S3D3EE 0EE 4EE 2EE 1EE 3EE 3D4EE 0C5EE 4D9EE 2DJEE 1KxEE 3DQEE 0DAEE 4D2EE 2KxEE 3KxEE 0KxEE 4KxEE 4KxEE 4CQCKCAEE 2EE 1EE 3EE 0EE 4EE 4CTEE 2CJEE 1C2EE 3KxEE 0KxEE 4KxEE 2KxEE 1KxEE 1H6H7H8EE 1STHTDTEE 3EE 0EE 4EE 2EE 1EE 1H3EE 3H5EE 0KxEE 4HJEE 2HKEE 1KxEE 3HAEE 4KxEE 2H2EE 3KxEE 2KxEE 2S4C4EE 1EE 3EE 0EE 4EE 2EE 2S5EE 1D6EE 3D8EE 3C9EE 0SKEE 4SAEE 2KxEE 1KxEE 3KxEE 0KxEE 4S2EE 4KxEE 4HQEE 2KxEE 1KxEE 3DKEE 0KxEE 3KxEE 3SJEE 0KxEE 2SQEE 1KxEE 2KxEE 2C6EE 1S7EE 0S8EE 0D7C7EE 2EE 1EE 0EE 0C3EE 2C8EE 2H9EE 1KxEE 0KxEE 1D5EE
%00061%result% 43210
%00061%points% 201 181 203 165 180
%00062%mibun% 43210
%00062%seat% 42130
%00062%palyer_cards% S4S7S2H9HJD4D7D9C3C5 S3S5SQHKH2D3DQC6CQCKJ3 SKH3H4H5D8DTDKC8C9CTCA H6H7H8HTHQD6DAD2C7CJ S6S8S9STSJSAHAD5DJC4C2 
%00062%change_cards%  04S2HJEE 13J3EE 40D5C4EE 31H6EE
%00062%play%  1S3D3EE 3EE 0EE 4EE 2EE 1EE 1H6C6EE 3EE 0EE 4EE 2EE 1EE 1SQDQCQEE 3EE 0EE 4EE 2EE 1EE 1HKCKEE 3EE 0EE 4EE 2EE 1EE 1S5EE 3D6EE 0S7EE 4S8EE 4S9STSJEE 2EE 1EE 3EE 0EE 4EE 4HJDJEE 2EE 1EE 3EE 0EE 4EE 4SAHAEE 2EE 1EE 3EE 0EE 4EE 4S2C2EE 2EE 1EE 3EE 0EE 4EE 4S6EE 2D8EE 2H3H4H5EE 1EE 3EE 0EE 2EE 2C8C9CTEE 2SKDKEE 1EE 3EE 0EE 2EE 2DTEE 1H2EE 3KxEE 0KxEE 2KxEE 3KxEE 3H7C7EE 0EE 2EE 3EE 3H8EE 3HTEE 0KxEE 2CAEE 3D2EE 3KxEE 3CJEE 0KxEE 3HQEE 3DAEE
%00062%result% 41230
%00062%points% 202 185 206 167 185
%00063%mibun% 41230
%00063%seat% 20314
%00063%palyer_cards% S4S5S6SJH3H9HTD4D2C6C8 S3SQSAD6D8D9DJDKC4C9 H4H6H8HJHQHKD5C3CQCAC2 S9STH5HAC5C7CTCJCKJ3 S7S8SKS2H7H2D3D7DTDQDA 
%00063%change_cards%  04SJD2EE 31J3EE 40S7D3EE 13S3EE
%00063%play%  0S4S5S6S7EE 3EE 1EE 4EE 2EE 0EE 0H3D3EE 3EE 1EE 4EE 2EE 0EE 0D4EE 3H5EE 1D6EE 4H7EE 2H8EE 2HJHQHKEE 0EE 3EE 1EE 4EE 2EE 2C3EE 0C6EE 3C7EE 1C9EE 4KxEE 2CQEE 0KxEE 3CKEE 1KxEE 2KxEE 3KxEE 1KxEE 1C4EE 4D7EE 2CAEE 0KxEE 3KxEE 1KxEE 4S2EE 2KxEE 4KxEE 4H2D2EE 2EE 0EE 3EE 1EE 4EE 4S8EE 4DTEE 2C2EE 0KxEE 3KxEE 1KxEE 4KxEE 2KxEE 2H4EE 0C8EE 0H9EE 3STEE 1DJEE 4DQEE 2KxEE 0KxEE 3KxEE 1DKEE 4DAEE 1KxEE 4KxEE 4SJEE 2KxEE 0KxEE 3HAEE 1KxEE 4KxEE 3KxEE 3S3EE 1D8EE 1D9EE 4SKEE 2KxEE 0KxEE 3KxEE 1SAEE 1KxEE 1SQEE 2KxEE 0KxEE 3KxEE 2D5EE 0HTEE 3CJEE 2KxEE 3KxEE 3C5EE 2H6EE
%00063%result% 41023
%00063%points% 205 189 208 168 190
%00064%mibun% 21340
%00064%seat% 20314
%00064%palyer_cards% S4S5H3H7HJH2D3D6C4C5C8 S2H5H8H9HKD5D8DJD2CA S8S9STSJSAH4H6DQC6C7CQ S7SQSKD4DKC3C9CKC2J3 S3S6HTHQHAD7D9DTDACTCJ 
%00064%change_cards%  34C2J3EE 21SAEE 43S3S6EE 12H5EE
%00064%play%  0H3D3EE 3EE 1EE 4EE 2EE 0EE 0S4C4EE 3EE 1EE 4EE 2EE 0EE 0S5C5EE 3EE 1EE 4EE 2EE 0EE 0D6EE 3S7EE 1H8EE 1SACAEE 4EE 2EE 0EE 3EE 1EE 1S2D2EE 4EE 2EE 0EE 3EE 1EE 1D5EE 4D7EE 2DQEE 0KxEE 3DKEE 1KxEE 4DAEE 2KxEE 3KxEE 4KxEE 4KxEE 4HTDTCTEE 2EE 0EE 3EE 1EE 4EE 4D9EE 2STEE 0HJEE 3SQEE 1HKEE 4HAEE 2KxEE 0H2EE 3KxEE 1KxEE 4KxEE 0KxEE 0H7EE 3C9EE 1DJEE 4HQEE 2KxEE 0KxEE 3SKEE 1KxEE 4C2EE 3KxEE 4KxEE 4CJEE 2CQEE 0KxEE 3CKEE 1KxEE 2KxEE 3KxEE 3S3C3EE 1EE 2EE 0EE 3EE 3D4EE 1D8EE 1H9EE 2SJEE 0KxEE 3KxEE 2KxEE 2H4H5H6EE 0EE 3EE 2EE 2C6EE 0C8EE 3S6EE
%00064%result% 41032
%00064%points% 208 193 209 170 195
%00065%mibun% 21430
%00065%seat% 20314
%00065%palyer_cards% H4H5H7HTD3D6D8D9DQDAC6 SAHJD5DJC4C9CJCQCKC2 S7S9SQH3H9HKH2DTC5C7CA S5S8STS2H6HQD4D7DKD2 S3S4S6SJSKH8HAC3C8CTJ3 
%00065%change_cards%  24H2CAEE 31S2EE 42S3C3EE 13C4EE
%00065%play%  0D6C6EE 3EE 1EE 4EE 2EE 0EE 0D3EE 3D4EE 1D5EE 4KxEE 2KxEE 0KxEE 3KxEE 1KxEE 4KxEE 4H8C8EE 4HACAEE 2EE 0EE 3EE 1EE 4EE 4S4EE 2C5EE 0H7EE 3S8EE 3C4EE 1C9EE 4CTEE 2KxEE 0KxEE 3KxEE 1CJEE 4KxEE 1CQEE 1CKEE 1C2EE 1KxEE 1HJDJEE 4EE 2EE 0EE 3EE 1EE 1SAEE 4H2EE 2KxEE 0KxEE 3KxEE 1KxEE 4KxEE 4S6EE 2S7EE 0KxEE 3STEE 1S2EE 4KxEE 2KxEE 3KxEE 4SJEE 2SQEE 0KxEE 3KxEE 4SKEE 2KxEE 2S3H3C3EE 0EE 3EE 2EE 2S9H9EE 0EE 3EE 2EE 2C7EE 0D8EE 0H4EE 3S5EE 2DTEE 0DQEE 3DKEE 2KxEE 0DAEE 3D2EE 0KxEE 3KxEE 3H6EE 2HKEE 0KxEE 3KxEE 0H5EE 3D7EE 0D9EE 3KxEE 0KxEE 0HTEE
%00065%result% 14203
%00065%points% 210 198 212 171 199
%00066%mibun% 30241
%00066%seat% 02341
%00066%palyer_cards% S3S4S2H4H5H7H8HJDAD2J3 S6S9SKH3H2D4D8DKC5C8C9 S7STSQSAH9HQD6D7DTCQC2 HKHADJDQC4C6C7CTCJCK S5S8SJH6HTD3D5D9C3CA 
%00066%change_cards%  31HKHAEE 04J3EE 13H3D4EE 40D3EE
%00066%play%  0S3D3EE 2EE 3EE 4EE 1EE 0EE 0S4H4EE 2EE 3EE 4EE 1EE 0EE 0S2D2EE 2EE 3EE 4EE 1EE 0EE 0H5EE 2D6EE 3C7EE 4S8EE 4S5D5EE 1EE 0EE 2EE 3EE 4EE 4C3EE 1C5EE 0KxEE 2CQEE 3CKEE 4CAEE 1KxEE 2C2EE 3KxEE 4KxEE 2KxEE 4KxEE 4H6EE 1D8EE 1HKHAH2EE 0EE 2EE 3EE 4EE 1EE 1S9C9EE 0EE 2EE 3EE 4EE 1EE 1SKDKEE 0EE 2EE 3EE 4EE 1EE 1S6EE 0H7EE 2H9EE 3KxEE 4HTEE 1KxEE 0HJEE 2HQEE 4KxEE 0KxEE 2KxEE 2S7D7EE 3EE 4EE 1EE 0EE 2EE 2STDTEE 3EE 4EE 1EE 0EE 2EE 2SQEE 3KxEE 4KxEE 1KxEE 0DAEE 2KxEE 0KxEE 0H8EE 2SAEE 3KxEE 4KxEE 1KxEE 3D4C4EE 4EE 1EE 3EE 3DJCJEE 4EE 1EE 3EE 3H3EE 4D9EE 1KxEE 3CTEE 4SJEE 3DQEE 3KxEE 3C6EE
%00066%result% 02431
%00066%points% 215 199 216 173 202
%00067%mibun% 04132
%00067%seat% 02341
%00067%palyer_cards% S6S9SJSAS2H4H5H7D8DJC7 S5SQH3H9H2D3DTC5C9CK S3S4S7SKH8HKD7D9DQC2J3 STHTHJHAD5D6DKC3C8CTCQ S8H6HQD4DAD2C4C6CJCA 
%00067%change_cards%  10H2CKEE 32HAEE 01H4H5EE 23S3EE
%00067%play%  1H3H4H5EE 0EE 2EE 3EE 4EE 1EE 1S5C5EE 0EE 2EE 3EE 4EE 1EE 1H9C9EE 0EE 2EE 3EE 4EE 1EE 1D3EE 0S6EE 2S7EE 3STEE 4KxEE 1SQEE 0SAEE 2KxEE 3KxEE 1KxEE 0KxEE 2KxEE 2SKHKEE 3EE 4EE 1EE 0EE 2EE 2S4EE 3D5EE 4H6EE 1DTEE 0SJEE 2DQEE 3DKEE 4DAEE 0KxEE 2KxEE 3KxEE 4D2EE 4KxEE 4D4C4EE 0EE 2EE 3EE 4EE 4C6EE 0H7EE 2H8EE 2D7EE 3C8EE 3S3C3EE 4EE 0EE 2EE 3EE 3HTCTEE 4EE 0EE 2EE 3EE 3D6EE 4S8EE 4CJEE 0CKEE 2C2EE 3KxEE 4KxEE 0KxEE 2KxEE 2D9EE 3HJEE 4HQEE 0H2EE 2KxEE 3KxEE 4KxEE 0KxEE 0C7EE 2HAEE 3KxEE 4KxEE 0S2EE 0KxEE 0D8EE 0S9EE 3CQEE 4CAEE
%00067%result% 12340
%00067%points% 216 204 220 176 204
%00068%mibun% 40123
%00068%seat% 02341
%00068%palyer_cards% S6STH6H9HTHJHAD6DKCJC2 S5SJS2H7D4D5C3C4C7C8CT S3S7SAH3H8H2D3DJDAC6J3 S4S8S9H4HKD7D9DTC5CQ SQSKH5HQD8DQD2C9CKCA 
%00068%change_cards%  01HAC2EE 42D2EE 10D4C3EE 24S3EE
%00068%play%  2H3D3EE 3EE 4EE 1EE 0EE 2EE 2SADAEE 3EE 4EE 1EE 0EE 2EE 2H2D2EE 3EE 4EE 1EE 0EE 2EE 2C6EE 3D7EE 4D8EE 4SQHQDQEE 1EE 0EE 2EE 3EE 4EE 4SKCKEE 1EE 0EE 2EE 3EE 4EE 4S3EE 1C4EE 0S6EE 2S7EE 3S8EE 3S4H4EE 4EE 1EE 0EE 2EE 3EE 3S9D9EE 4EE 1EE 0EE 2EE 3EE 3C5EE 4C9EE 1CTEE 0CJEE 2KxEE 3KxEE 4KxEE 1KxEE 0KxEE 2KxEE 2H8EE 2DJEE 3CQEE 4CAEE 1C2EE 0KxEE 3KxEE 4KxEE 1KxEE 1S5D5EE 0EE 3EE 4EE 1EE 1H7C7EE 0EE 3EE 4EE 1EE 1C8EE 1SJEE 0DKEE 3KxEE 4KxEE 1HAEE 0KxEE 1S2EE 0H9HTHJEE 3EE 4EE 0EE 0H6D6EE 3EE 4EE 0EE 0C3EE 3DTEE 4KxEE 0KxEE 3HKEE 4H5EE
%00068%result% 21340
%00068%points% 217 208 225 179 206
%00069%mibun% 41023
%00069%seat% 04321
%00069%palyer_cards% H3H4HJHKD4D5D8DJDKCTC2 STH6H7HAH2D6D9DTDAC4C5 S4S7S8SKSAH9HQD7DQCQCA S9SJSQH5D2C7C8CJCKJ3 S3S5S6S2H8HTD3C3C6C9 
%00069%change_cards%  02HKC2EE 41S2EE 20S4S7EE 14C4EE
%00069%play%  4S3D3C3EE 3EE 2EE 1EE 0EE 4EE 4S6C6EE 3EE 2EE 1EE 0EE 4EE 4C4EE 3H5EE 2D7EE 1D9EE 0DJEE 4KxEE 3D2EE 2KxEE 1KxEE 0KxEE 3KxEE 3KxEE 3SJCJEE 2EE 1EE 0EE 4EE 3EE 3C7EE 2S8EE 2HQDQCQEE 1EE 0EE 4EE 3EE 2EE 2SKHKEE 1EE 0EE 4EE 3EE 2EE 2SACAEE 1EE 0EE 4EE 3EE 2EE 2H9EE 1STEE 0HJEE 4KxEE 3SQEE 2C2EE 1KxEE 0KxEE 3KxEE 1H6D6EE 0EE 4EE 3EE 1EE 1HADAEE 0EE 4EE 3EE 1EE 1S2H2EE 0EE 4EE 3EE 1EE 1C5EE 0S7EE 4H8EE 4S5EE 3C8EE 3S9EE 1DTEE 0DKEE 4KxEE 3KxEE 1KxEE 0KxEE 0S4H4D4EE 4EE 3EE 1EE 0EE 0H3EE 4C9EE 3CKEE 1KxEE 0KxEE 4KxEE 1H7EE 0D8EE 0D5EE 4HTEE
%00069%result% 23140
%00069%points% 218 211 230 183 208
%00070%mibun% 42013
%00070%seat% 04321
%00070%palyer_cards% S3SJSQSAH7HQHAH2DJC3C2 S6S9SKH3HTD5D7D8CTCJCK S8H5H6H8H9DTDQDKDAC5C9 S4S7HJHKD3D4C4C8CQCA S5STS2H4D6D9D2C6C7J3 
%00070%change_cards%  02H2C2EE 43J3EE 20H5C5EE 34D3EE
%00070%play%  4D6C6EE 3EE 2EE 1EE 0EE 4EE 4S2D2EE 3EE 2EE 1EE 0EE 4EE 4D3EE 3S4EE 2H6EE 1D7EE 0SJEE 4KxEE 3CQEE 2DKEE 1KxEE 0SAEE 3KxEE 2KxEE 0KxEE 3KxEE 3D4C4EE 2EE 1EE 0EE 4EE 3EE 3S7EE 2S8EE 2H9C9EE 1EE 0EE 4EE 3EE 2EE 2H2C2EE 1EE 0EE 4EE 3EE 2EE 2H8EE 2DTEE 1CJEE 0SQEE 4KxEE 3HKEE 2DAEE 1KxEE 0KxEE 3KxEE 2KxEE 2DQEE 1SKEE 0HAEE 4KxEE 3KxEE 1KxEE 0KxEE 0S3C3EE 4EE 3EE 1EE 0EE 0H5C5EE 4EE 3EE 1EE 0EE 0H7EE 4D9EE 3HJEE 1CKEE 0KxEE 4KxEE 3CAEE 1KxEE 3KxEE 3C8EE 1HTCTEE 0EE 4EE 1EE 1H3EE 0DJEE 4KxEE 1KxEE 0HQEE 4H4EE 1D5EE 4C7EE 1D8EE 1S6EE 4STEE 1KxEE 4KxEE 4S5EE
%00070%result% 23041
%00070%points% 221 212 235 187 210
%00071%mibun% 24013
%00071%seat% 04321
%00071%palyer_cards% S4S6S7SJH4H7H9D3DKC3C7 S8STH5HQHAH2D9DAC4C5CT S5S9D5D6D7D8DQD2C6CQJ3 S3SQSAS2H3HJD4DJCKC2 SKH6H8HTHKDTC8C9CJCA 
%00071%change_cards%  12HAH2EE 43CAEE 21S5D5EE 34S3EE
%00071%play%  0D3C3EE 4EE 3EE 2EE 1EE 0EE 0S4H4EE 4EE 3EE 2EE 1EE 0EE 0S7H7C7EE 4EE 3EE 2EE 1EE 0EE 0S6EE 4H8EE 4HTDTEE 3EE 2EE 1EE 0EE 4EE 4SKHKEE 3EE 2EE 1EE 0EE 4EE 4S3EE 3D4EE 2D6EE 1D9EE 0DKEE 4KxEE 3KxEE 2D2EE 1KxEE 0KxEE 2KxEE 2KxEE 2DQCQEE 1EE 0EE 4EE 3EE 2EE 2C6EE 1S8EE 1S5H5D5C5EE 0EE 4EE 3EE 2EE 1EE 1EE 0EE 4EE 3EE 2EE 1EE 0EE 4EE 3EE 2EE 1EE 0EE 4EE 3EE 2EE
%00071%result% 13042
%00071%points% 224 217 236 191 212
%00072%mibun% 20413
%00072%seat% 24013
%00072%palyer_cards% STSKS2HJD3D8DJDQCQCK SQSAH3H5H6H7D4D9C5CTC2 S4H4H9HTHKDKDAC7C9CJJ3 S3S5S6S7S8HAH2D5DTC3C4 S9SJH8HQD6D7D2C6C8CA 
%00072%change_cards%  21DAJ3EE 43D2EE 12H3D4EE 34S3EE
%00072%play%  0HJDJEE 1EE 3EE 2EE 4EE 0EE 0DQCQEE 1EE 3EE 2EE 4EE 0EE 0SKCKEE 1EE 3EE 2EE 4EE 0EE 0D3EE 1H5EE 3S6EE 2C7EE 4H8EE 4D6C6EE 0EE 1EE 3EE 2EE 4EE 4S3EE 0D8EE 0STEE 1SQEE 3KxEE 2KxEE 4KxEE 0S2EE 1KxEE 1KxEE 1SADAEE 3EE 2EE 4EE 1EE 1C5EE 3S7EE 2H9EE 4SJEE 1C2EE 3KxEE 2KxEE 4KxEE 1KxEE 1H6EE 3S8EE 3S5D5EE 2EE 4EE 1EE 3EE 3H2D2EE 2EE 4EE 1EE 3EE 3C3EE 2S4EE 4D7EE 1D9EE 3DTEE 2DKEE 4KxEE 1KxEE 3KxEE 2KxEE 2H4D4EE 4EE 1EE 3EE 2EE 2H3EE 4C8EE 4S9EE 1CTEE 3HAEE 2KxEE 4KxEE 1KxEE 3KxEE 3C4EE 2C9EE 4CAEE 1KxEE 2KxEE 4KxEE 4HQEE 1KxEE 2HKEE 2KxEE 2HTEE 1KxEE 2CJEE
%00072%result% 03421
%00072%points% 229 218 238 195 215
%00073%mibun% 04312
%00073%seat% 24013
%00073%palyer_cards% S2H4H2D4D9D2C4C5CTCJCK S3S5STH3H6H7HKD5D6D7DT SQSKH5D3D8DJDKC3C7CQ S4S6SJSAH9HTHQDAC6C8CA S7S8S9H8HJHADQC9C2J3 
%00073%change_cards%  10STHKEE 23SKEE 01H4D4EE 32S4EE
%00073%play%  2D3C3EE 4EE 0EE 1EE 3EE 2EE 2SQCQEE 4EE 0EE 1EE 3EE 2EE 2S4EE 4S7EE 0STEE 1KxEE 3SJEE 2KxEE 4KxEE 0KxEE 3KxEE 4KxEE 4S8H8EE 4S9C9EE 0EE 1EE 3EE 2EE 4EE 4HJEE 0HKEE 1KxEE 3KxEE 2KxEE 4HAEE 0H2EE 4KxEE 0KxEE 0S2D2EE 1EE 3EE 2EE 4EE 0EE 0C4EE 1S5EE 3S6EE 2KxEE 4KxEE 0KxEE 1KxEE 3SKEE 3SAEE 3KxEE 3DACAEE 2EE 4EE 0EE 1EE 3EE 3C6EE 2C7EE 4C2EE 0KxEE 1KxEE 3KxEE 2KxEE 4KxEE 4DQEE 0CKEE 1KxEE 3KxEE 2KxEE 0KxEE 0C5EE 1H6EE 3C8EE 3H9EE 2DJEE 0KxEE 1KxEE 3HQEE 2DKEE 3KxEE 2KxEE 2H5EE 0D9EE 1DTEE 3KxEE 2KxEE 0KxEE 1KxEE 1D4D5D6D7EE 3EE 2EE 0EE 1EE 1S3H3EE 3EE 2EE 0EE 1EE 1H4EE 3HTEE 2KxEE 0KxEE 1KxEE 2D8EE 0CTEE 1KxEE 0CJEE
%00073%result% 43201
%00073%points% 231 219 241 199 220
%00074%mibun% 34210
%00074%seat% 24013
%00074%palyer_cards% S4S7SJS2H4H8DTC3C4C9J3 H7HQHKD6D8D9DJD2C6CTCA S5S6SQH6H9HAD3D5DKC7 S8S9SKD7DQDAC5C8CQC2 S3STSAH3H5HTHJH2D4CJCK 
%00074%change_cards%  14D2CAEE 03J3EE 41S3H3EE 30C5EE
%00074%play%  2S5D5EE 4EE 0EE 1EE 3EE 2EE 2S6H6EE 4EE 0EE 1EE 3EE 2EE 2D3EE 4D4EE 0DTEE 1DJEE 3DQEE 2DKEE 4D2EE 0KxEE 1KxEE 3KxEE 2KxEE 4KxEE 3KxEE 3S8C8EE 3D7EE 2H9EE 4STEE 0SJEE 1KxEE 3SKEE 2KxEE 4SAEE 0S2EE 3KxEE 4KxEE 0KxEE 0C3C4C5EE 1EE 3EE 2EE 4EE 0EE 0S4H4EE 1EE 3EE 2EE 4EE 0EE 0S7EE 1D8EE 1S3H3EE 3EE 2EE 4EE 0EE 1EE 1D6C6EE 3EE 2EE 4EE 0EE 1EE 1H7EE 3S9EE 2SQEE 4KxEE 0KxEE 1KxEE 3KxEE 2KxEE 2C7EE 4HTEE 0KxEE 1HQEE 3KxEE 2HAEE 4H2EE 1KxEE 4KxEE 4HJCJEE 0EE 1EE 3EE 4EE 4H5EE 0H8EE 0C9EE 1CTEE 3CQEE 4CKEE 1KxEE 3C2EE 4KxEE 3KxEE 3DAEE 4KxEE 1KxEE 4CAEE
%00074%result% 20341
%00074%points% 235 220 246 202 222
%00075%mibun% 14023
%00075%seat% 14302
%00075%palyer_cards% S8SQH3HTHJDTD2C3C7C8 S7STSJS2H5H9HKHAD4DACT S3S6H4H8D5D6DJDQC9CQCA H6H2D7D8D9DKC4C6C2J3 S4S5S9SKSAH7HQD3C5CJCK 
%00075%change_cards%  12S2HAEE 40SAEE 21S3H4EE 04H3EE
%00075%play%  4H3D3EE 3EE 0EE 2EE 1EE 4EE 4S5C5EE 3EE 0EE 2EE 1EE 4EE 4SKCKEE 3EE 0EE 2EE 1EE 4EE 4S4EE 3H6EE 0C7EE 2H8EE 2S6D6EE 1EE 4EE 3EE 0EE 2EE 2DQCQEE 1EE 4EE 3EE 0EE 2EE 2HACAEE 1EE 4EE 3EE 0EE 2EE 2D5EE 1S7EE 4S9EE 3KxEE 0KxEE 2KxEE 1KxEE 4KxEE 3KxEE 3D7D8D9EE 3H2C2EE 0EE 2EE 1EE 4EE 3EE 3C4EE 0S8EE 0HTDTEE 2EE 1EE 4EE 3EE 0EE 0C3EE 2C9EE 1CTEE 4CJEE 3KxEE 0KxEE 2KxEE 1KxEE 4KxEE 4H7EE 3DKEE 0SAEE 2S2EE 1KxEE 4KxEE 3KxEE 0KxEE 2KxEE 2DJEE 1HKEE 4KxEE 3KxEE 0D2EE 1KxEE 0KxEE 0C8EE 0HJEE 1DAEE 4KxEE 3KxEE 0KxEE 1KxEE 1H4D4EE 4EE 3EE 0EE 1EE 1S3EE 4HQEE 3KxEE 0KxEE 1KxEE 3C6EE 0SQEE
%00075%result% 24301
%00075%points% 237 221 251 205 226
%00076%mibun% 34021
%00076%seat% 14302
%00076%palyer_cards% S7S9H3H5HJD5D7DTC9CQ S4S6S8SKHTHKH2C6CTCAJ3 S3S5STH4H9HQD4C4C7CJCK SJH6HAD3DQDKD2C5C8C2 SQSAS2H7H8D6D8D9DJDAC3 
%00076%change_cards%  12H2J3EE 04CQEE 21S3H4EE 40C3EE
%00076%play%  3D2C2EE 0EE 2EE 1EE 4EE 3EE 3D3EE 0H5EE 2C7EE 1S8EE 1S4H4EE 4EE 3EE 0EE 2EE 1EE 1S6C6EE 4EE 3EE 0EE 2EE 1EE 1HTCTEE 4EE 3EE 0EE 2EE 1EE 1SKHKEE 4EE 3EE 0EE 2EE 1EE 1S3EE 4D6EE 3C8EE 3C5EE 0S7EE 2H9EE 1CAEE 4S2EE 3KxEE 0KxEE 2KxEE 4KxEE 2KxEE 2D4C4EE 4EE 3EE 0EE 2EE 2S5EE 4H7EE 3SJEE 0KxEE 2HQEE 4SAEE 3KxEE 2H2EE 4KxEE 2KxEE 2STEE 4DJEE 3DQEE 0KxEE 2KxEE 4DAEE 3KxEE 4KxEE 4H8D8EE 4SQCQEE 3EE 0EE 2EE 4EE 4D9EE 3DKEE 0KxEE 2KxEE 3KxEE 3H6EE 0D7EE 2CJEE 3HAEE 0KxEE 2KxEE 0H3C3EE 2EE 0EE 0S9C9EE 2EE 0EE 0D5EE 2CKEE
%00076%result% 14320
%00076%points% 238 226 253 208 230
%00077%mibun% 40321
%00077%seat% 14302
%00077%palyer_cards% S4STSJHTHJD6D9DAC8CA S6S8SKH6HQH2DJDQC6CKJ3 S3S5S2H3D3D5DKC5C7CQ S7SAH5H7H8HAD8C3C4CTCJ S9SQH4H9HKD4D7DTD2C9C2 
%00077%change_cards%  01DACAEE 24S2EE 10S6H6EE 42H4EE
%00077%play%  2S3H3D3EE 1EE 4EE 3EE 0EE 2EE 2S5D5C5EE 1EE 4EE 3EE 0EE 2EE 2H4EE 1C6EE 4D7EE 3H8EE 3S7H7EE 0EE 2EE 1EE 4EE 3EE 3SAHAEE 0EE 2EE 1EE 4EE 3EE 3C3EE 0S4EE 2C7EE 1S8EE 1HQDQEE 4EE 3EE 0EE 2EE 1EE 1SKCKEE 4EE 3EE 0EE 2EE 1EE 1DACAEE 4EE 3EE 0EE 2EE 1EE 1DJEE 4SQEE 3KxEE 0KxEE 2DKEE 1H2EE 4KxEE 2KxEE 1KxEE 4S9H9C9EE 3EE 0EE 2EE 4EE 4S2D2C2EE 3EE 0EE 2EE 4EE 4D4EE 3H5EE 0S6EE 2CQEE 4HKEE 3KxEE 0KxEE 4KxEE 4DTEE 3CJEE 0KxEE 3KxEE 3C4EE 0H6EE 3D8EE 3CTEE
%00077%result% 12430
%00077%points% 239 231 257 210 233
%00078%mibun% 40132
%00078%seat% 21340
%00078%palyer_cards% H4HQHAD4D5D6D8D9DQCQ S3S4SJSKH5HTD3D7DKC4C7 S5STSAS2H7DJC5C6C9CJ S7S8S9SQH8H9DAD2C3CKC2 S6H3H6HJHKH2DTC8CTCAJ3 
%00078%change_cards%  01HQHAEE 32D2EE 10S3D3EE 23S5EE
%00078%play%  0D3D4D5D6EE 2EE 1EE 3EE 4EE 0EE 0DQCQEE 2EE 1EE 3EE 4EE 0EE 0S3EE 2C5EE 1D7EE 3S8EE 3S9H9EE 4EE 0EE 2EE 1EE 3EE 3C3EE 4S6EE 0D8EE 0H4EE 2C6EE 1C7EE 3CKEE 4CAEE 0KxEE 2KxEE 1KxEE 3C2EE 4KxEE 3KxEE 4KxEE 4DTCTEE 0EE 2EE 1EE 3EE 4EE 4H3EE 0D9EE 2STEE 1SJEE 3SQEE 4KxEE 2SAEE 1KxEE 3KxEE 2S2EE 2KxEE 2DJCJEE 1EE 3EE 4EE 2EE 2H7EE 1HTEE 3KxEE 4HJEE 2KxEE 1HQEE 4HKEE 1HAEE 4H2EE 1KxEE 4KxEE 4H6EE 2C9EE 1SKEE 3DAEE 4KxEE 2D2EE 1KxEE 3KxEE 1S4C4EE 3EE 4EE 1EE 1H5EE 3S7EE 4C8EE 1DKEE
%00078%result% 02413
%00078%points% 244 233 261 211 236
%00079%mibun% 03142
%00079%seat% 21340
%00079%palyer_cards% S9S2HJHQD3DJDQCTCQCAC2 H3H7H8H9D4D9DKDAC3C7CJ S6S8STH4H6HTHKH2C4C5C9 S7SQSAHAD5D7D8D2CKJ3 S3S4S5SJSKH5D6DTC6C8 
%00079%change_cards%  30D2J3EE 12DAEE 03S9D3EE 21H4EE
%00079%play%  3S7D7EE 4EE 0EE 2EE 1EE 3EE 3SAHAEE 4EE 0EE 2EE 1EE 3EE 3D3EE 4S4EE 0CTEE 2HKEE 1KxEE 3KxEE 4KxEE 0CAEE 2H2EE 0KxEE 2KxEE 0KxEE 0HJDJEE 2EE 1EE 3EE 4EE 0EE 0HQDQCQEE 2EE 1EE 3EE 4EE 0EE 0S2D2C2EE 2EE 1EE 3EE 4EE 2S6H6EE 1EE 3EE 4EE 2EE 2STHTEE 1EE 3EE 4EE 2EE 2C4EE 1H7EE 3D8EE 3D5EE 4D6EE 2DAEE 1KxEE 3KxEE 4KxEE 2KxEE 2C5EE 1C7EE 3CKEE 4KxEE 2KxEE 1KxEE 3KxEE 3S9EE 4DTEE 2KxEE 1CJEE 3SQEE 4SKEE 1KxEE 4KxEE 4S5H5EE 2EE 1EE 4EE 4S3EE 2S8EE 2C9EE 1DKEE 4KxEE 1KxEE 1H3C3EE 4EE 1EE 1H4D4EE 4EE 1EE 1H9D9EE 4EE 1EE 1H8EE
%00079%result% 03214
%00079%points% 249 235 264 215 237
%00080%mibun% 03214
%00080%seat% 21340
%00080%palyer_cards% S3S2H8HKH2D9DJDQD2CAC2 S5SJSKH4H6H7D6DAC3C4J3 S4S7HJD7D8C6C7C8C9CQCK S9STSQSAH3HAD3D4D5CJ S6S8H5H9HTHQDTDKC5CT 
%00080%change_cards%  40HQDKEE 13J3EE 04S3H8EE 31H3EE
%00080%play%  3D3D4D5EE 4EE 0EE 2EE 1EE 3EE 3SAHAEE 4EE 0EE 2EE 1EE 3EE 3S9EE 4HTEE 0DJEE 2CQEE 1SKEE 3KxEE 4KxEE 0KxEE 2KxEE 1KxEE 3KxEE 3STEE 4KxEE 0HQEE 2CKEE 1DAEE 3KxEE 0S2EE 2KxEE 1KxEE 0KxEE 0HKDKEE 2EE 1EE 3EE 4EE 0EE 0H2D2C2EE 2EE 1EE 3EE 4EE 0EE 0D9EE 2HJEE 1KxEE 3SQEE 4KxEE 0CAEE 2KxEE 3KxEE 0KxEE 0DQEE 2KxEE 1KxEE 3KxEE 4KxEE 2C6C7C8C9EE 2S7D7EE 1EE 3EE 4EE 2EE 2S4EE 1S5EE 3KxEE 4S6EE 2KxEE 1SJEE 4KxEE 1KxEE 1H3C3EE 3EE 4EE 2EE 1EE 1H4C4EE 3EE 4EE 2EE 1EE 1H6D6EE 3EE 4EE 2EE 1EE 1H7EE 3CJEE 4KxEE 2KxEE 4H5C5EE 2EE 4EE 4S8H8EE 4DTCTEE 2EE 4EE 4S3EE 2D8EE
%00080%result% 01324
%00080%points% 254 239 266 218 238
%00081%mibun% 01324
%00081%seat% 14320
%00081%palyer_cards% S2H4HJHAD6D7DTC4CJCAJ3 S5S6SAH3H7HQDQC5C8CQCK S3H5HTHKH2D4DJDKC6C9 S4S8STSKH9D3DAD2C7C2 S7S9SJSQH6H8D5D8D9C3CT 
%00081%change_cards%  40SJSQEE 21H2EE 04H4C4EE 12H3EE
%00081%play%  3D2C2EE 2EE 0EE 1EE 4EE 3EE 3D3EE 2D4EE 0D6EE 1DQEE 4KxEE 3DAEE 2KxEE 0KxEE 1KxEE 3KxEE 0KxEE 0SJHJCJEE 1EE 4EE 3EE 2EE 0EE 0HACAEE 1EE 4EE 3EE 2EE 0EE 0D7EE 1C8EE 1S5C5EE 4EE 3EE 2EE 0EE 1EE 1HQCQEE 4EE 3EE 2EE 0EE 1EE 1S6EE 4S7EE 3S8EE 3S4EE 2H5EE 0DTEE 1CKEE 4KxEE 3KxEE 2KxEE 0S2EE 1KxEE 0KxEE 0SQEE 1SAEE 4KxEE 3KxEE 2KxEE 1KxEE 1H7EE 4H8EE 4H4C4EE 3EE 2EE 1EE 4EE 4S9D9EE 3EE 2EE 1EE 4EE 4C3EE 3C7EE 2C9EE 1KxEE 4CTEE 3KxEE 2KxEE 4KxEE 4D5EE 3H9EE 2HTEE 1H2EE 4KxEE 3KxEE 2KxEE 4H6EE 3STEE 2DJEE 4KxEE 3SKEE 2KxEE 2S3H3EE 4EE 2EE 2HKDKEE 4EE 2EE 2C6EE
%00081%result% 01324
%00081%points% 259 243 268 221 239
%00082%mibun% 01324
%00082%seat% 14320
%00082%palyer_cards% S5STSAH3H5HJH2D4D9DQC4 S8S9SKHQD3D5D8C7CTCAJ3 S4S7SJH8HTHKDTDJDKC9 S3SQH4HAD7D2C3C6CJCK S6S2H6H7H9D6DAC5C8CQC2 
%00082%change_cards%  40S2C2EE 21HKEE 04H3D4EE 12D3EE
%00082%play%  2HTDTEE 0EE 1EE 4EE 3EE 2EE 2SJDJEE 0EE 1EE 4EE 3EE 2EE 2D3EE 0C4EE 1D5EE 4S6EE 3D7EE 2H8EE 2S4EE 0S5EE 1S8EE 1SKHKEE 4EE 3EE 2EE 0EE 1EE 1C7EE 4C8EE 4H6D6EE 3EE 2EE 0EE 1EE 4EE 4H3EE 3H4EE 2KxEE 0H5EE 1HQEE 4KxEE 3HAEE 0H2EE 1KxEE 3KxEE 0KxEE 1KxEE 1D8EE 1S9EE 4CQEE 3CKEE 2KxEE 0C2EE 1KxEE 4KxEE 3KxEE 0KxEE 0D9EE 1CTEE 4DAEE 3D2EE 2KxEE 0KxEE 1KxEE 4KxEE 3KxEE 3S3C3EE 2EE 0EE 1EE 4EE 3EE 3C6EE 2S7EE 0STEE 1KxEE 4KxEE 3SQEE 2KxEE 0SAEE 3KxEE 0S2EE 0KxEE 0HJEE 1CAEE 4KxEE 3KxEE 2KxEE 0KxEE 4D4EE 3CJEE 2DKEE 0KxEE 4KxEE 2KxEE 2C9EE 0DQEE
%00082%result% 13204
%00082%points% 261 248 271 225 240
%00083%mibun% 30214
%00083%seat% 14320
%00083%palyer_cards% S4S5S6SQH4D4D5D2CQCK S8H3H6H8H9HKH2C3C5CAC2 STSJSAHTHJDQDKDAC4J3 S7SKS2H5D3D7DTC6C7C8CT S3S9H7HQHAD6D8D9DJC9CJ 
%00083%change_cards%  41HQHAEE 03D2EE 14H3C3EE 30D3EE
%00083%play%  0D3D4D5EE 1EE 4EE 3EE 2EE 0EE 0S4S5S6EE 1EE 4EE 3EE 2EE 0EE 0SQCQEE 1EE 4EE 3EE 2EE 0EE 0H4EE 1C5EE 4D6EE 3S7EE 2STEE 0KxEE 1KxEE 4KxEE 3SKEE 2SAEE 3S2EE 2KxEE 3KxEE 2KxEE 2DQDKDAEE 0EE 1EE 4EE 3EE 2EE 2SJHJEE 0EE 1EE 4EE 3EE 2EE 2C4EE 0CKEE 1CAEE 4KxEE 3KxEE 2KxEE 1C2EE 1KxEE 1HQHKHAH2EE 4EE 3EE 2EE 1EE 1S8H8EE 1H6EE 4H7EE 3KxEE 2HTEE 1KxEE 4KxEE 1H9EE 4DJEE 3D2EE 4KxEE 3KxEE 3C6C7C8EE 3DTCTEE 4EE 3EE 3H5EE 4D8EE 4S3H3C3EE 3EE 4EE 4S9D9C9EE 3EE 4EE 4CJEE
%00083%result% 02143
%00083%points% 266 251 275 226 242
%00084%mibun% 02143
%00084%seat% 31402
%00084%palyer_cards% SQSKH4H7H8H2C9CTCQC2J3 S3S8SJSAH9HKHAD7C5CJ S7S9H3H5HTHJD3D8DAC6C8 S4S5S6H6HQD4D6D9D2C3C4 STS2D5DTDJDQDKC7CKCA 
%00084%change_cards%  30HQD2EE 42S2EE 03H4H7EE 24H3EE
%00084%play%  2D8C8EE 2D3EE 3S4EE 1C5EE 4C7EE 0C9EE 2KxEE 3KxEE 1CJEE 4CKEE 0C2EE 1KxEE 4KxEE 0KxEE 0KxEE 0SQHQCQEE 2EE 3EE 1EE 4EE 0EE 0H2D2EE 2EE 3EE 1EE 4EE 0EE 0H8EE 0CTEE 2HJEE 3KxEE 1HKEE 4KxEE 0KxEE 2KxEE 1HAEE 1KxEE 1S3EE 4D5EE 0SKEE 2DAEE 3KxEE 1KxEE 4KxEE 2S2EE 2KxEE 2H5EE 3S6EE 1D7EE 4STEE 2KxEE 3KxEE 1SJEE 4KxEE 1SAEE 1KxEE 1S8EE 1H9EE 4DTEE 2KxEE 3KxEE 4DJEE 4DQEE 4DKEE 4KxEE 4H3EE 2C6EE 3H7EE 4CAEE 2KxEE 3KxEE 2S7EE 3D9EE 2HTEE 3KxEE 2KxEE 2S9EE
%00084%result% 01423
%00084%points% 271 255 277 227 245
%00085%mibun% 01342
%00085%seat% 31402
%00085%palyer_cards% S8S9H4D4D2C3C4C5C9CJCA SJSAH8HTD6D7D8DAC8CT STS2H5H6H9HQH2DTDJCKC2 S3S5SQSKHJHAD5DQDKC7CQ S4S6S7H3H7HKD3D9C6J3 
%00085%change_cards%  30SKHAEE 21S2EE 03H4C3EE 12D6EE
%00085%play%  4H3D3EE 0EE 2EE 3EE 1EE 4EE 4S6C6EE 0EE 2EE 3EE 1EE 4EE 4S7H7EE 0EE 2EE 3EE 1EE 4EE 4S4EE 0C5EE 2H6EE 3C7EE 1H8EE 1D8C8EE 1HTCTEE 4EE 0EE 2EE 3EE 1EE 1SADAEE 4EE 0EE 2EE 3EE 1EE 1D7EE 4D9EE 0D2EE 2KxEE 3KxEE 1KxEE 4KxEE 0KxEE 4KxEE 4HKEE 0HAEE 2H2EE 3KxEE 1KxEE 0KxEE 2KxEE 2STDTEE 3EE 1EE 0EE 2EE 2H5EE 3HJEE 1KxEE 0KxEE 2HQEE 3KxEE 2KxEE 2D6EE 3SQEE 1S2EE 0KxEE 2KxEE 3KxEE 1KxEE 1SJEE 0SKEE 2KxEE 3KxEE 0KxEE 0D4C4EE 2EE 3EE 0EE 0S9C9EE 2EE 3EE 0EE 0S8EE 0CJEE 2CKEE 3KxEE 0CAEE 2C2EE 2KxEE 2H9EE 3DQEE 2KxEE 3DKEE 3KxEE 3S3C3EE 2EE 3EE 3S5D5EE 2EE 3EE 3H4EE 2DJEE
%00085%result% 41023
%00085%points% 274 259 279 228 250
%00086%mibun% 21340
%00086%seat% 31402
%00086%palyer_cards% S3S6S7SKH3H2D4D2C5CQCA S8S9SJH5HJHKD5DTC7C8 S2H4H7H8HAD3D8C3C6CTC2 S4S5STH9HQD7DJC4C9CJ SQSAH6HTD6D9DQDKDACKJ3 
%00086%change_cards%  34HQDJEE 21S2EE 43H6D6EE 12H5EE
%00086%play%  2D3C3EE 3EE 1EE 4EE 0EE 2EE 2H8D8EE 2H4EE 3S5EE 1C7EE 4D9EE 0CQEE 2HAEE 3KxEE 1S2EE 4KxEE 0KxEE 2KxEE 1KxEE 4KxEE 4DJDQDKDAEE 0EE 2EE 3EE 1EE 4EE 4SQHQEE 0EE 2EE 3EE 1EE 4EE 4HTEE 0SKEE 2C2EE 3KxEE 1KxEE 4KxEE 0KxEE 2KxEE 2H5EE 3H6EE 1HJEE 4KxEE 0H2EE 2KxEE 3KxEE 1KxEE 0KxEE 0S3H3EE 2EE 3EE 1EE 4EE 0EE 0D4EE 2C6EE 3D7EE 1S8EE 1D5EE 4CKEE 0CAEE 2KxEE 3KxEE 1KxEE 4KxEE 0KxEE 0C5EE 2H7EE 3H9EE 1HKEE 4KxEE 0KxEE 2KxEE 3KxEE 1KxEE 1C8EE 1S9EE 4SAEE 0KxEE 2KxEE 3KxEE 1KxEE 0S6EE 2CTEE 3CJEE 1KxEE 0KxEE 3KxEE 3S4C4EE 1EE 0EE 3EE 3D6EE 1DTEE 0D2EE 3KxEE 1KxEE 0KxEE 0S7EE 3C9EE 1SJEE
%00086%result% 42013
%00086%points% 277 261 283 229 255
%00087%mibun% 23140
%00087%seat% 24310
%00087%palyer_cards% S6STH4HTHAH2D4DTC3J3 S3S7SAH9D7DAD2CJCKCAC2 S9S2H3H5H6H8HKD5D8DQ S8SJSQH7HJD9DKC7C9CTCQ S4S5SKHQD3D6DJC4C5C6C8 
%00087%change_cards%  34SQDKEE 12D2EE 43S4D3EE 21H3EE
%00087%play%  3H7C7EE 1EE 0EE 2EE 4EE 3EE 3D9C9EE 1EE 0EE 2EE 4EE 3EE 3SJHJEE 1EE 0EE 2EE 4EE 3EE 3D3EE 1S7EE 0STEE 2S2EE 4KxEE 3KxEE 1KxEE 0KxEE 2KxEE 0KxEE 0H4D4EE 2EE 4EE 3EE 1EE 0EE 0HTDTEE 2EE 4EE 3EE 1EE 0EE 0C3EE 2H5EE 4D6EE 3S8EE 3S4EE 1D7EE 0HAEE 2D2EE 4KxEE 3KxEE 1KxEE 0KxEE 2KxEE 2H8D8EE 2D5EE 4C6EE 3CTEE 1CJEE 0KxEE 2KxEE 4KxEE 3CQEE 1CKEE 1CAEE 1C2EE 1KxEE 1S3H3EE 0EE 2EE 4EE 1EE 1SADAEE 0EE 2EE 4EE 1EE 1H9EE 0H2EE 2KxEE 4KxEE 0KxEE 0S6EE 2S9EE 4SQEE 2KxEE 4SKEE 4KxEE 4S5C5EE 2EE 4EE 4C4EE 2H6EE 4C8EE 4DJEE 2DQEE 4DKEE 2KxEE 4KxEE 4HQEE
%00087%result% 31042
%00087%points% 280 265 284 234 257
%00088%mibun% 21403
%00088%seat% 24310
%00088%palyer_cards% S8H3H8HTH2DQDKC5C6CTJ3 S4S6S9STSJS2H5D2C3C4CQ SQH7HJHKD9DJDAC8CAC2 S3H4H9HQD4D5D6D8DTC7C9 S5S7SKSAH6HAD3D7CJCK 
%00088%change_cards%  23DAC2EE 41SAEE 32S3H4EE 14C3EE
%00088%play%  4D3C3EE 3EE 1EE 0EE 2EE 4EE 4S7D7EE 3EE 1EE 0EE 2EE 4EE 4SKCKEE 3EE 1EE 0EE 2EE 4EE 4S5EE 3D6EE 1S9EE 0HTEE 2HJEE 4HAEE 3KxEE 1KxEE 0H2EE 2KxEE 4KxEE 0KxEE 0KxEE 0S8H8EE 0H3EE 2H4EE 4H6EE 3H9EE 1KxEE 0KxEE 2HKEE 4KxEE 3KxEE 2KxEE 2S3EE 4CJEE 3HQEE 1SAEE 0KxEE 2KxEE 3C2EE 1KxEE 3KxEE 3D4EE 1H5EE 0C6EE 2H7EE 3D8EE 3D5EE 1S6EE 0CTEE 2DJEE 3DAEE 1D2EE 0KxEE 2KxEE 3KxEE 1KxEE 1S4C4EE 0EE 2EE 3EE 1EE 1STEE 0DQEE 2CAEE 3KxEE 1S2EE 0KxEE 2KxEE 1KxEE 1SJEE 0DKEE 2KxEE 3KxEE 1KxEE 0KxEE 0C5EE 2C8EE 2D9EE 3DTEE 1KxEE 2KxEE 3KxEE 3C7EE 1CQEE 2KxEE 3KxEE 2SQEE
%00088%result% 40123
%00088%points% 284 268 286 235 262
%00089%mibun% 12340
%00089%seat% 24310
%00089%palyer_cards% S5STS2H6HTH2D3DKC3CA S4S7S9H8HKD4C5C7C8CQC2 S8SJSKH7HJDJDQC4CKJ3 S6SAH9HAD5D6D8D9DTC6CJ S3SQH3H4H5HQD7DAD2C9CT 
%00089%change_cards%  34SAHAEE 20J3EE 43S3H3EE 02D3EE
%00089%play%  2SJHJDJEE 4EE 3EE 1EE 0EE 2EE 2SKCKEE 4EE 3EE 1EE 0EE 2EE 2D3EE 4H4EE 3D5EE 1S7EE 0STEE 2KxEE 4SQEE 3KxEE 1KxEE 0S2EE 4KxEE 0KxEE 0KxEE 0C3EE 2C4EE 4C9EE 3CJEE 1CQEE 0CAEE 2KxEE 4KxEE 3KxEE 1C2EE 0KxEE 1KxEE 1S4D4EE 0EE 2EE 4EE 3EE 1EE 1H8C8EE 1C5EE 0H6EE 2H7EE 4HQEE 3KxEE 1HKEE 0H2EE 2KxEE 4KxEE 1KxEE 0KxEE 0S5EE 2S8EE 2DQEE 4SAEE 3KxEE 1KxEE 0KxEE 4D2EE 4KxEE 4HADAEE 3EE 1EE 0EE 4EE 4H5EE 3S6EE 1C7EE 0HTEE 4KxEE 3KxEE 1KxEE 0DKEE 4D7EE 3D8EE 3S3H3EE 1EE 4EE 3EE 3D6C6EE 1EE 4EE 3EE 3H9D9EE 1EE 4EE 3EE 3DTEE 1KxEE 4KxEE 1S9EE
%00089%result% 20314
%00089%points% 288 270 291 238 263
%00090%mibun% 13024
%00090%seat% 10432
%00090%palyer_cards% S3STSQH5H6DAC3C4C6C7CK S5SJH4H8D6D8D9DTC5C8J3 S6SKHJHQHKD3D5D2CTCQCA S4S7S8S9SAH7H2D7DQDK S2H3H9HTHAD4DJC9CJC2 
%00090%change_cards%  42S2C2EE 10J3EE 24D3D5EE 01S3EE
%00090%play%  4D3D4D5EE 3EE 2EE 1EE 0EE 4EE 4H9C9EE 3EE 2EE 1EE 0EE 4EE 4DJCJEE 3EE 2EE 1EE 0EE 4EE 4H3EE 3S4EE 2S6EE 1SJEE 0SQEE 4KxEE 3SAEE 2S2EE 1KxEE 0KxEE 3KxEE 2KxEE 0KxEE 0H6C6EE 4EE 3EE 2EE 1EE 0EE 0C3EE 4HTEE 3DQEE 2SKEE 1KxEE 0DAEE 4KxEE 3H2EE 2KxEE 0KxEE 3KxEE 3S7S8S9EE 3H7D7EE 2EE 1EE 0EE 4EE 3EE 3DKEE 2CAEE 1KxEE 0KxEE 4KxEE 2D2EE 2KxEE 2HJHQHKEE 1EE 0EE 4EE 2EE 2CTEE 1KxEE 0CKEE 4KxEE 2C2EE 0KxEE 2KxEE 2CQEE 1KxEE 0KxEE 4HAEE 1D8D9DTEE 1S5C5EE 0EE 1EE 1H8C8EE 1S3EE 0C4EE 1D6EE 0C7EE 1KxEE 0STEE 0KxEE 0H5EE
%00090%result% 32401
%00090%points% 290 271 295 243 266
%00091%mibun% 34102
%00091%seat% 10432
%00091%palyer_cards% S4S9SAH3HKDQC3CJCQJ3 S3S5S6STSJH6HADJDAC9CA S7SQH8HTH2D5D7D8DTC5C8 SKS2H4H5H7D4DKD2C4C6C7 S8H9HJHQD3D6D9CTCKC2 
%00091%change_cards%  13HADAEE 02J3EE 31H4D4EE 20D5EE
%00091%play%  4H9D9EE 3EE 2EE 1EE 0EE 4EE 4D3EE 3C4EE 2C5EE 1C9EE 0CJEE 4CKEE 3KxEE 2KxEE 1KxEE 0KxEE 4KxEE 2KxEE 2S7D7EE 1EE 0EE 4EE 3EE 2EE 2H8D8C8EE 2HTDTEE 1EE 0EE 4EE 3EE 2EE 2SQEE 1CAEE 0KxEE 4C2EE 3KxEE 2KxEE 1KxEE 4KxEE 4D6EE 3H7EE 2H2EE 1KxEE 0KxEE 4KxEE 3KxEE 1H4D4EE 0EE 4EE 3EE 1EE 1S6H6EE 0EE 4EE 3EE 1EE 1SJDJEE 0EE 4EE 3EE 1EE 1S3EE 0S4EE 4S8EE 4CTEE 3SKEE 1KxEE 0SAEE 4KxEE 3S2EE 0KxEE 3KxEE 3DKDAD2EE 1EE 0EE 4EE 3EE 3H5EE 1STEE 0DQEE 4KxEE 3HAEE 1KxEE 0KxEE 3KxEE 3C6EE 1KxEE 0S9EE 4HJEE 3KxEE 0CQEE 4KxEE 0HKEE 0KxEE 0H3C3EE 4EE 3EE 1EE 0EE 0D5EE 4HQEE 3KxEE 1KxEE 3C7EE
%00091%result% 20431
%00091%points% 294 272 300 245 269
%00092%mibun% 14032
%00092%seat% 10432
%00092%palyer_cards% S6STSQH4H5HTHKDQDACTCK S5S2H7H8HAH2D9DJDKC9CQ S7S9SJD3D5D6D2C3C8CJJ3 S3S4H3H9HQD4D7D8C6C7 S8SKSAH6HJDTC4C5CAC2 
%00092%change_cards%  12S2H2EE 30HQEE 21D3C3EE 03H4EE
%00092%play%  1D3C3EE 0EE 4EE 3EE 2EE 1EE 1D9C9EE 0EE 4EE 3EE 2EE 1EE 1S5EE 0S6EE 4S8EE 4SACAEE 3EE 2EE 1EE 0EE 4EE 4C4EE 3C6EE 2C8EE 2SJCJEE 1EE 0EE 4EE 3EE 2EE 2S2H2D2EE 1EE 0EE 4EE 3EE 2EE 2D5EE 1H7EE 0STEE 4HJEE 3KxEE 2KxEE 1KxEE 0KxEE 4KxEE 2KxEE 2D6EE 1H8EE 1DJEE 0SQEE 4SKEE 3KxEE 2KxEE 1KxEE 0KxEE 4KxEE 4C5EE 3D7EE 2S9EE 1CQEE 0HKEE 4C2EE 3KxEE 2KxEE 1KxEE 0KxEE 4KxEE 4H6EE 3C7EE 2KxEE 1DKEE 0DAEE 4KxEE 3KxEE 1KxEE 0KxEE 0HTCTEE 4EE 3EE 2EE 1EE 0EE 0HQDQEE 4EE 3EE 2EE 1EE 0EE 0H5EE 4DTEE 3KxEE 2KxEE 1HAEE 0KxEE 0CKEE 3KxEE 2KxEE 3S3H3EE 2EE 3EE 3S4H4D4EE 2EE 3EE 3D8EE 3H9EE
%00092%result% 41032
%00092%points% 297 276 301 247 274
%00093%mibun% 21430
%00093%seat% 20134
%00093%palyer_cards% S5STSAH3H8HJD7C5C9CTCJ S6SJH5H7HTHAH2DJCAJ3 S3S4S7S9H4H6D5DTD2C3CQ H9HQHKD3D8DQDAC4C7CK S8SQSKS2D4D6D9DKC6C8C2 
%00093%change_cards%  24D2CQEE 31DAEE 42D4D6EE 13H5EE
%00093%play%  3HQDQEE 4EE 2EE 0EE 1EE 3EE 3HKCKEE 4EE 2EE 0EE 1EE 3EE 3D3EE 4C6EE 2S7EE 0H8EE 0C9CTCJEE 1EE 3EE 4EE 2EE 0EE 0S5C5EE 1EE 3EE 4EE 2EE 0EE 0H3EE 1S6EE 3C7EE 4S8EE 4SQCQEE 2EE 0EE 1EE 3EE 4EE 4SKDKEE 2EE 0EE 1EE 3EE 4EE 4S2D2C2EE 2EE 0EE 1EE 3EE 4EE 4C8EE 4D9EE 2DTEE 0KxEE 1DJEE 3KxEE 2KxEE 1DAEE 1KxEE 1KxEE 1HACAEE 3EE 2EE 0EE 1EE 1H7EE 3D8EE 3C4EE 2D5EE 0D7EE 1KxEE 3KxEE 2KxEE 0KxEE 0STEE 1SJEE 3KxEE 2KxEE 0SAEE 1KxEE 0KxEE 0HJEE 1H2EE 3KxEE 2KxEE 1KxEE 1HTEE 3KxEE 2KxEE 3H5EE 2H6EE 3H9EE
%00093%result% 40132
%00093%points% 301 279 302 249 279
%00094%mibun% 12430
%00094%seat% 20134
%00094%palyer_cards% S9H3H9HTHJDTD2C6C8C9C2 S3SKH4HAH2D9DKC3C4CA S4S8STSQH5H6HQD4D6DJJ3 S7SJSAH7H8D7D8C7CTCK S5S6S2HKD3D5DQDAC5CJCQ 
%00094%change_cards%  24SQJ3EE 30SAEE 42S5D3EE 03H3EE
%00094%play%  2S4D4EE 0EE 1EE 3EE 4EE 2EE 2S5H5EE 0EE 1EE 3EE 4EE 2EE 2H6D6EE 0EE 1EE 3EE 4EE 2EE 2D3EE 0C6EE 1D9EE 3CTEE 4CJEE 2KxEE 0C2EE 1KxEE 3KxEE 4KxEE 0KxEE 4KxEE 4D5C5EE 2EE 0EE 1EE 3EE 4EE 4SQDQCQEE 2EE 0EE 1EE 3EE 4EE 4S6EE 2S8EE 2STEE 0HJEE 1SKEE 3KxEE 4DAEE 2KxEE 0D2EE 1KxEE 4KxEE 0KxEE 0S9H9C9EE 1EE 3EE 4EE 2EE 0EE 0HTDTEE 1EE 3EE 4EE 2EE 0EE 0C8EE 0SAEE 1H2EE 3KxEE 4KxEE 2KxEE 1KxEE 1S3C3EE 3EE 4EE 2EE 1EE 1H4C4EE 3EE 4EE 2EE 1EE 1HACAEE 3EE 4EE 2EE 1EE 1DKEE 3KxEE 4S2EE 2KxEE 4KxEE 4HKEE 2KxEE 3KxEE 2DJEE 3CKEE 2KxEE 3KxEE 3S7H7D7C7EE 2EE 3EE 3EE 2EE 3EE 2EE 3EE 2EE 3EE 2EE 3EE 2EE 3EE 2EE 3EE 2EE 3EE 2EE 3EE 2EE
%00094%result% 01432
%00094%points% 306 283 303 251 282
%00095%mibun% 01432
%00095%seat% 20134
%00095%palyer_cards% S6SKH5HQH2D3D8DJDKC7C9 S7S9SQH3H7HTDQC3C8CTCJ S4H4H6HJD7DAC4CQCAC2 S3STSJSAH8H9HAD5D6C6J3 S5S8S2HKD4D9DTD2C5CK 
%00095%change_cards%  20DAC2EE 31J3EE 02H5D3EE 13H3EE
%00095%play%  2H4H5H6EE 0EE 1EE 3EE 4EE 2EE 2S4C4EE 0EE 1EE 3EE 4EE 2EE 2D3EE 0S6EE 1S7EE 3STEE 4S2EE 2KxEE 0KxEE 1KxEE 3KxEE 4KxEE 1KxEE 1HTCTEE 3EE 4EE 2EE 0EE 1EE 1SQDQEE 3EE 4EE 2EE 0EE 1EE 1C3EE 3D5EE 4S8EE 4S5C5EE 2EE 0EE 1EE 3EE 4EE 4HKCKEE 2EE 0EE 1EE 3EE 4EE 4D4EE 2D7EE 0D8EE 0SKDKEE 1EE 3EE 4EE 2EE 0EE 0H2C2EE 1EE 3EE 4EE 2EE 0EE 0C7EE 1C8EE 1H7EE 3H8EE 3S3H3EE 4EE 2EE 0EE 1EE 3EE 3D6C6EE 4EE 2EE 0EE 1EE 3EE 3SAHAEE 4EE 2EE 0EE 1EE 3EE 3H9EE 4DTEE 2HJEE 0HQEE 1KxEE 3KxEE 4KxEE 2KxEE 0KxEE 0C9EE 1CJEE 3KxEE 4KxEE 2CQEE 0KxEE 1KxEE 2CAEE 0DJEE 1KxEE 3KxEE 4D2EE 0KxEE 4KxEE 4D9EE 0DAEE 1KxEE 3KxEE 1S9EE
%00095%result% 24013
%00095%points% 309 285 308 252 286
%00096%mibun% 23041
%00096%seat% 30241
%00096%palyer_cards% S9H3H6HQHKH2DQDACTJ3 STSKH4H9DTDJC4C9CKCAC2 S5S7H7HJHAD4D5D7D8D9C7 S3SQSAS2H5HTD6DKD2C6 S4S6S8SJH8D3C3C5C8CJCQ 
%00096%change_cards%  32S2D2EE 14C2EE 23S5D4EE 41D3EE
%00096%play%  1H4C4EE 3EE 0EE 2EE 4EE 1EE 1H9C9EE 3EE 0EE 2EE 4EE 1EE 1STDTEE 3EE 0EE 2EE 4EE 1EE 1SKCKEE 3EE 0EE 2EE 4EE 1EE 1D3EE 3D4EE 0DQEE 2D2EE 4KxEE 1KxEE 3KxEE 0KxEE 2KxEE 0KxEE 0H3EE 2D5EE 4S6EE 1DJEE 3SQEE 0HKEE 2HAEE 4KxEE 1KxEE 3KxEE 0H2EE 2KxEE 0KxEE 0H6EE 2S7EE 4S8EE 4H8C8EE 4SJCJEE 1EE 3EE 0EE 2EE 4EE 4C3EE 1CAEE 3KxEE 0KxEE 2KxEE 4C2EE 4KxEE 4S4EE 3S5EE 0S9EE 2S2EE 4KxEE 3KxEE 0KxEE 2KxEE 2D7D8D9EE 2H7C7EE 4EE 3EE 0EE 2EE 2HJEE 4CQEE 3DKEE 0DAEE 4KxEE 3KxEE 0KxEE 0CTEE 4KxEE 3SAEE 0KxEE 3KxEE 3D6C6EE 0EE 4EE 3EE 3S3EE 0HQEE 4KxEE 3KxEE 4C5EE
%00096%result% 12043
%00096%points% 312 290 312 253 288
%00097%mibun% 20143
%00097%seat% 30241
%00097%palyer_cards% S3H6H9HTD6DTDJDQC8CKC2 S4S9STSQH2D4D7DAC6CTCA S5S8SKH3H8HAD8D9CJJ3 S6SAS2H4D5D2C4C5C7C9CQ S7SJH5H7HJHQHKD3DKC3 
%00097%change_cards%  31S2D2EE 42HKEE 13S4D4EE 24H3EE
%00097%play%  4H3D3C3EE 1EE 3EE 0EE 2EE 4EE 4S7H7EE 1EE 3EE 0EE 2EE 4EE 4SJHJEE 1EE 3EE 0EE 2EE 4EE 4H5EE 1C6EE 3C7EE 0C8EE 0DTDJDQEE 2EE 4EE 1EE 3EE 0EE 0H6D6EE 2EE 4EE 1EE 3EE 0EE 0S3EE 2S5EE 4KxEE 1S9EE 3SAEE 0KxEE 2KxEE 1KxEE 3KxEE 2KxEE 2S8H8D8EE 2SKHKEE 4EE 1EE 3EE 0EE 2EE 2D9EE 4HQEE 1DAEE 3KxEE 0C2EE 2KxEE 4KxEE 1KxEE 0KxEE 0H9EE 2CJEE 4DKEE 1CAEE 3KxEE 0KxEE 2KxEE 1S2EE 1KxEE 1STCTEE 3EE 0EE 2EE 1EE 1H2D2EE 3EE 0EE 2EE 1EE 1D7EE 3C9EE 0HTEE 2HAEE 1KxEE 3KxEE 0KxEE 1SQEE 3KxEE 0CKEE
%00097%result% 42103
%00097%points% 314 293 316 254 293
%00098%mibun% 32140
%00098%seat% 30241
%00098%palyer_cards% S8STSKH6H7HTH2DJDQCT S6H9HJD4D6D2C3C5C6C7C2 S4S5H3H8HAD7D9DKC