%-----%hostname% HonokanoMacBook-Pro.local
%-----%TIME_START% 2025/05/24 16:30:25
%-----%palyer_name% Normal Normal Normal Normal Normal
%-----%WINDOW_TYPE% ALICE
%-----%GRAPH_WINDOW% YES
%-----%RAND_TYPE% 1
%-----%RULE_KAKUMEI% YES
%-----%RULE_SHIBARI% YES
%-----%RULE_KINSOKU% NO
%-----%RULE_KAIDAN% YES
%-----%RULE_CHANGE% YES
%-----%RULE_5TOBI% NO
%-----%RULE_6REVERS% NO
%-----%RULE_8GIRI% YES
%-----%RULE_11BACK% NO
%-----%RULE_SEKIGAE% YES
%-----%RULE_SEKIGAE_NUM% 3
%-----%GAME_NUMBER% 100
%-----%FLASH_MIBUN_NUMBER% 100
%-----%GAME_PORT% 53166
%-----%RANDOM_SEED% 1748071219
%00000%mibun% 22222
%00000%seat% 43120
%00000%palyer_cards% S5S6SQH6H8HKH2C4C6CTCQ S8STSKH7H9HAD4D5D6C3C9 S3S4S2H3H4HJD7DJDQD2C2 S7S9SAH5D3D8DAC8CAJ3 SJHTHQD9DTDKC5C7CJCK 
%00000%change_cards% NULL
%00000%play%  3D8C8EE 3SADACAEE 1EE 2EE 0EE 4EE 3EE 3D3EE 1D4EE 2D7EE 0KxEE 4D9EE 3KxEE 1KxEE 2KxEE 4KxEE 3KxEE 3H5EE 1D6EE 2HJEE 0SQEE 4DKEE 3KxEE 1HAEE 2S2EE 0KxEE 4KxEE 1KxEE 2KxEE 2S3H3EE 0EE 4EE 3EE 1EE 2EE 2S4H4EE 0EE 4EE 3EE 1EE 2EE 2D2C2EE 0EE 4EE 3EE 1EE 2EE 2DJEE 0CQEE 4CKEE 3KxEE 1KxEE 2KxEE 0KxEE 4KxEE 4HTDTEE 3EE 1EE 2EE 0EE 4EE 4SJCJEE 3EE 1EE 2EE 0EE 4EE 4C5EE 3S7EE 1S8EE 1H9C9EE 2EE 0EE 4EE 3EE 1EE 1C3EE 2DQEE 0HKEE 4KxEE 3KxEE 1KxEE 0H2EE 0KxEE 0S6H6C6EE 4EE 3EE 1EE 0EE 0C4EE 4C7EE 3KxEE 1KxEE 0CTEE 4KxEE 0KxEE 0S5EE 4HQEE 3KxEE 1SKEE 0KxEE 1KxEE 1D5EE 0H8EE 3S9EE
%00000%result% 24031
%00000%points% 3 1 5 2 4
%00001%mibun% 24031
%00001%seat% 43120
%00001%palyer_cards% SAH3H7H9HADTDQD2C3C5C9 SQH8D8D9DKC7C8CTCKCA S3S5S6S9STH6D5DJC6C2J3 S7H4H5HTHQHKH2D6D7CQ S4S8SJSKS2HJD3D4DAC4CJ 
%00001%change_cards%  12DKCAEE 34H2EE 21S3S5EE 43D3EE
%00001%play%  3S7D7EE 1EE 2EE 0EE 4EE 3EE 3HQCQEE 1EE 2EE 0EE 4EE 3EE 3D3EE 1S5EE 2S6EE 0SAEE 4S2EE 3KxEE 1KxEE 2KxEE 0KxEE 4KxEE 2KxEE 2H6C6EE 0EE 4EE 3EE 1EE 2EE 2D5EE 0H7EE 4S8EE 4S4D4C4EE 3EE 1EE 2EE 0EE 4EE 4SJHJCJEE 3EE 1EE 2EE 0EE 4EE 4SKEE 3KxEE 1KxEE 2CAEE 0D2EE 4KxEE 2KxEE 0KxEE 0H3C3EE 4EE 3EE 1EE 2EE 0EE 0H9C9EE 4EE 3EE 1EE 2EE 0EE 0C5EE 4DAEE 3KxEE 1KxEE 2C2EE 0KxEE 4KxEE 2KxEE 2S9EE 0DTEE 4H2EE 3KxEE 1KxEE 2KxEE 0KxEE 3H4EE 1C7EE 2STEE 0DQEE 3HKEE 1KxEE 2KxEE 0HAEE 3KxEE 3H5EE 1H8EE 1D8C8EE 1S3EE 2DJEE 3KxEE 1SQEE 2DKEE 1KxEE 3D6EE 1D9EE 3KxEE 1KxEE 1CTEE 3KxEE 1CKEE
%00001%result% 40213
%00001%points% 7 3 8 3 9
%00002%mibun% 13240
%00002%seat% 43120
%00002%palyer_cards% S4S5S7S2H8HJHAD7DTDK S9H3H5H2D3D8DJDQDACJCA SQH4H7HKD2C4C6C9CQCK STSJSKH9HTD5D6C5C7CTC2 S3S6S8SAH6HQD4D9C3C8J3 
%00002%change_cards%  34SKC2EE 10H2EE 43S3C3EE 01S4EE
%00002%play%  1H3D3EE 2EE 0EE 4EE 3EE 1EE 1DJCJEE 2EE 0EE 4EE 3EE 1EE 1DACAEE 2EE 0EE 4EE 3EE 1EE 1S4EE 2C6EE 0S7EE 4S8EE 4S6H6EE 3EE 1EE 2EE 0EE 4EE 4D4EE 3D5EE 1D8EE 1H5EE 2H7EE 0H8EE 0S2H2EE 4EE 3EE 1EE 2EE 0EE 0S5EE 4C8EE 4D9EE 3STEE 1DQEE 2HKEE 0HAEE 4KxEE 3KxEE 1KxEE 2KxEE 0KxEE 4KxEE 4HQEE 3KxEE 1KxEE 2CKEE 0KxEE 4SAEE 2D2EE 4KxEE 2KxEE 2H4C4EE 0EE 4EE 3EE 1EE 2EE 2SQCQEE 0EE 4EE 3EE 1EE 2EE 2C9EE 0DTEE 4SKEE 3KxEE 1KxEE 0KxEE 4C2EE 3S3C3EE 1EE 0EE 3EE 3HTCTEE 1EE 0EE 3EE 3C5EE 1S9EE 0HJEE 3KxEE 0DKEE 0KxEE 0D7EE
%00002%result% 24103
%00002%points% 9 6 13 4 13
%00003%mibun% 32041
%00003%seat% 31024
%00003%palyer_cards% S7S8STSJHKD3D4DTD2CQ S9H4H6H7D6D7D9C9CTC2 S4S6SQSKS2H5HTDQDKC3C6 SAH9HQHAH2D5D8C4C8CJCK S3S5H3H8HJDJDAC5C7CAJ3 
%00003%change_cards%  32SAH2EE 04D2EE 23S4C3EE 40S3EE
%00003%play%  0S3D3EE 2EE 4EE 3EE 1EE 0EE 0STDTEE 2EE 4EE 3EE 1EE 0EE 0D4EE 2H5EE 4C7EE 3D8EE 3S4C4EE 1EE 0EE 2EE 4EE 3EE 3C3EE 1H4EE 0S7EE 2HTEE 4HJEE 3HQEE 1KxEE 0HKEE 2H2EE 4KxEE 3KxEE 0KxEE 2KxEE 4KxEE 4S5C5EE 3EE 1EE 0EE 2EE 4EE 4DACAEE 3EE 1EE 0EE 2EE 4EE 4H3EE 3D5EE 1H6EE 0S8EE 0SJEE 2SQEE 4KxEE 3KxEE 1KxEE 0KxEE 2SKEE 2SAEE 2S2EE 2KxEE 2S6C6EE 4EE 3EE 1EE 0EE 2EE 2DQEE 4D2EE 3KxEE 1KxEE 0KxEE 2KxEE 4KxEE 4H8EE 4DJEE 3CKEE 1C2EE 0KxEE 2KxEE 3KxEE 1KxEE 1H7D7EE 0EE 2EE 3EE 1EE 1S9D9C9EE 0EE 2EE 3EE 1EE 1D6EE 0CQEE 2DKEE 3HAEE 1KxEE 3KxEE 3C8EE 3H9EE 1CTEE
%00003%result% 40213
%00003%points% 13 8 16 5 18
%00004%mibun% 13240
%00004%seat% 31024
%00004%palyer_cards% S5STD6DJD2C3CQCKCAC2 S9SKSAH4H6H7HTHQD4C8J3 S4S8SJH5H8H9DAC9CTCJ S3S7S2HJHAD5D8DQC4C5C7 S6SQH3HKH2D3D7D9DTDKC6 
%00004%change_cards%  34S2HAEE 10J3EE 43H3D3EE 01C3EE
%00004%play%  3S3H3D3EE 1EE 0EE 2EE 4EE 3EE 3D5C5EE 1EE 0EE 2EE 4EE 3EE 3S7C7EE 1EE 0EE 2EE 4EE 3EE 3C4EE 1H6EE 0STEE 2SJEE 4SQEE 3KxEE 1SKEE 0KxEE 2KxEE 4KxEE 1KxEE 0KxEE 0CQCKCAC2EE 2EE 4EE 3EE 1EE 0EE 0S5EE 2S8EE 2C9CTCJEE 4EE 3EE 1EE 0EE 2EE 2S4EE 4S6EE 3KxEE 1S9EE 0KxEE 2KxEE 4S2EE 1KxEE 4KxEE 4HKHAH2EE 3EE 1EE 0EE 2EE 4EE 4C6EE 3D8EE 3HJEE 1HQEE 0KxEE 2KxEE 4KxEE 3KxEE 1KxEE 1H4D4EE 0EE 2EE 4EE 3EE 1EE 1C3EE 0D6EE 2H8EE 2H5EE 4D7EE 3DQEE 1KxEE 0D2EE 2KxEE 4KxEE 0KxEE 0DJEE 2DAEE 4KxEE 1KxEE 2KxEE 2H9EE 4DTEE 1SAEE 4KxEE 1KxEE 1H7EE 4D9EE 1HTEE 4DKEE
%00004%result% 30241
%00004%points% 17 9 19 10 20
%00005%mibun% 14203
%00005%seat% 31024
%00005%palyer_cards% S4S5STSQSAD4D8DKD2CTCJ S3S8S2H5H7H8HQD9DTDJDA S7S9SKH4H6H9HJC3CKCA S6SJHAH2D3D5DQC5C9CQC2 H3HTHKD6D7C4C6C7C8J3 
%00005%change_cards%  13S2DAEE 40J3EE 31D3D5EE 04S4EE
%00005%play%  1D9DTDJEE 0EE 2EE 4EE 3EE 1EE 1S3D3EE 0EE 2EE 4EE 3EE 1EE 1H5D5EE 0EE 2EE 4EE 3EE 1EE 1S8H8EE 1H7EE 0D8EE 0STCTEE 2EE 4EE 3EE 1EE 0EE 0D4EE 2H6EE 4D7EE 3C9EE 1HQEE 0DKEE 2CAEE 4KxEE 3S2EE 0KxEE 2KxEE 3KxEE 0KxEE 0S5EE 2S7EE 4KxEE 3SJEE 0SQEE 2SKEE 3KxEE 0SAEE 2KxEE 0KxEE 0CJEE 2CKEE 4KxEE 3C2EE 0KxEE 2KxEE 3KxEE 3DQCQEE 0EE 2EE 4EE 3EE 3HADAEE 0EE 2EE 4EE 3EE 3C5EE 0D2EE 2KxEE 4KxEE 3KxEE 2S9H9EE 4EE 3EE 2EE 2C3EE 4S4EE 3S6EE 2KxEE 4KxEE 3KxEE 3H2EE 2KxEE 4KxEE 2H4EE 4D6EE 2HJEE
%00005%result% 10324
%00005%points% 21 14 21 13 21
%00006%mibun% 10324
%00006%seat% 30241
%00006%palyer_cards% S5S6S8SAH4H5HKD8D2C6J3 S4SJSKHJHQHAD3D4D5C3CJ STSQH3H8D9DQDKC4C9CQ S7H7H2D6D7DTDJC5C7CKCA S3S9S2H6H9HTDAC8CTC2 
%00006%change_cards%  41S2C2EE 20DKEE 14D3C3EE 02H4EE
%00006%play%  4S3D3C3EE 1EE 3EE 0EE 2EE 4EE 4S9H9EE 1EE 3EE 0EE 2EE 4EE 4HTCTEE 1EE 3EE 0EE 2EE 4EE 4H6EE 1SJEE 3CKEE 0SAEE 2KxEE 4KxEE 1S2EE 3KxEE 0KxEE 1KxEE 0KxEE 0S5H5EE 2EE 4EE 1EE 3EE 0EE 0S6C6EE 2EE 4EE 1EE 3EE 0EE 0S8D8EE 0HKDKEE 2EE 4EE 1EE 3EE 0EE 0D2EE 2KxEE 4KxEE 1KxEE 3KxEE 2H4C4EE 4EE 1EE 3EE 2EE 2D9C9EE 4EE 1EE 3EE 2EE 2SQDQCQEE 4EE 1EE 3EE 2EE 2H3EE 4C8EE 4DAEE 1C2EE 3KxEE 2KxEE 1KxEE 1S4D4EE 3EE 2EE 1EE 1HJCJEE 3EE 2EE 1EE 1D5EE 3D6EE 2KxEE 1KxEE 3D7EE 3DTEE 3DJEE 3KxEE 3S7H7C7EE 2EE 1EE 3EE 3C5EE 2H8EE 2STEE 1HQEE 3CAEE 1KxEE 3H2EE
%00006%result% 04231
%00006%points% 26 15 24 15 25
%00007%mibun% 04231
%00007%seat% 30241
%00007%palyer_cards% S6S7STH3H5HKC3CTCJCKJ3 S3S4S2D5D6D7DAD2C4C8 S5S8SQSAH9HQD9DTC6C7C9 S9SJH4H7HAD8DJDQCAC2 SKH6H8HTHJH2D3D4DKC5CQ 
%00007%change_cards%  10S2D2EE 34C2EE 01H3C3EE 43D3EE
%00007%play%  3SJDJEE 0EE 2EE 4EE 1EE 3EE 3HACAEE 0EE 2EE 4EE 1EE 3EE 3D3EE 0H5EE 2C6EE 4H8EE 4SKDKEE 1EE 3EE 0EE 2EE 4EE 4H2C2EE 1EE 3EE 0EE 2EE 4EE 4D4EE 1D5EE 3D8EE 3H4EE 0S6EE 2C7EE 4HTEE 1DAEE 3KxEE 0S2EE 2KxEE 4KxEE 1KxEE 0KxEE 0KxEE 0STCTEE 2EE 4EE 1EE 3EE 0EE 0HKCKEE 2EE 4EE 1EE 3EE 0EE 0S7EE 2S8EE 2H9D9C9EE 4EE 1EE 3EE 0EE 2EE 2SQHQEE 4EE 1EE 3EE 0EE 2EE 2S5EE 4H6EE 1D7EE 3S9EE 0CJEE 2SAEE 4KxEE 1KxEE 3KxEE 0D2EE 2KxEE 2DTEE 4HJEE 1KxEE 3DQEE 4KxEE 3KxEE 3H7EE 4CQEE 1KxEE 4KxEE 4C5EE
%00007%result% 02341
%00007%points% 31 16 28 18 27
%00008%mibun% 04123
%00008%seat% 30241
%00008%palyer_cards% S4S6S8H6H7D6D8DJC3C8CK STSQSKH4H2D7DQDKC9CA H3HTHQHKD3DTDAC7CJCQC2 S3S5SJSAH8D5D9C4C5C6 S7S9S2H5H9HJHAD4D2CTJ3 
%00008%change_cards%  10H2CAEE 42J3EE 01S4C3EE 24H3EE
%00008%play%  2HTDTEE 4EE 1EE 3EE 0EE 2EE 2HQCQEE 4EE 1EE 3EE 0EE 2EE 2D3EE 4D4EE 1D7EE 3D9EE 0DJEE 2DAEE 4D2EE 1KxEE 3KxEE 0KxEE 2KxEE 4KxEE 2KxEE 2C7EE 4S9EE 1STEE 3SJEE 0KxEE 2KxEE 4S2EE 1KxEE 3KxEE 4KxEE 4H3EE 1S4EE 3S5EE 0S6EE 2KxEE 4S7EE 1SQEE 3SAEE 0KxEE 4KxEE 1KxEE 3KxEE 3C4C5C6EE 0EE 2EE 4EE 1EE 3EE 3S3EE 0H6EE 2CJEE 4HAEE 1KxEE 3KxEE 0H2EE 2KxEE 4KxEE 0KxEE 0S8D8C8EE 0D6EE 2HKEE 4KxEE 1KxEE 3KxEE 0CAEE 2C2EE 0KxEE 4H5EE 1C9EE 3KxEE 0CKEE 4KxEE 1KxEE 0KxEE 0H7EE 4H9EE 1KxEE 3KxEE 4HJEE 4KxEE 4CTEE 1DQEE 3KxEE 1SKEE 1KxEE 1C3EE 3D5EE 1DKEE 3KxEE 1KxEE 1H4EE
%00008%result% 20413
%00008%points% 35 18 33 19 30
%00009%mibun% 13042
%00009%seat% 04312
%00009%palyer_cards% S6S7H3H7HJHKHAD6CTCQC2 S4S5S9H9HTD8D2C4C9CJ SQSKSAS2H8HQD4D7DQC7CK S3STH2D3DKDAC5C6CAJ3 S8SJH4H5H6D5D9DTDJC3C8 
%00009%change_cards%  32H2J3EE 10D2EE 23D4D7EE 01H3EE
%00009%play%  3S3D3EE 1EE 2EE 0EE 4EE 3EE 3DACAEE 1EE 2EE 0EE 4EE 3EE 3D4EE 1S5EE 2C7EE 0CTEE 4KxEE 3KxEE 1CJEE 2CKEE 0C2EE 1KxEE 2KxEE 0KxEE 2KxEE 2SQSKSAS2EE 0EE 4EE 3EE 1EE 2EE 2HQDQEE 0EE 4EE 3EE 1EE 2EE 2H8EE 2H2EE 0KxEE 4KxEE 3KxEE 1KxEE 0S6D6EE 4EE 3EE 1EE 0EE 0S7H7EE 4EE 3EE 1EE 0EE 0HJEE 4KxEE 3DKEE 1KxEE 0HAEE 3KxEE 0D2EE 0KxEE 0CQEE 4KxEE 3KxEE 1KxEE 0HKEE 4H4H5H6EE 3EE 1EE 4EE 4D9DTDJEE 3EE 1EE 4EE 4S8C8EE 4C3EE 3C5EE 1C9EE 4KxEE 3KxEE 1KxEE 1S4C4EE 4EE 3EE 1EE 1S9H9EE 4EE 3EE 1EE 1H3EE 4D5EE 3C6EE 1D8EE 1HTEE 4SJEE
%00009%result% 20143
%00009%points% 39 21 38 20 32
%00010%mibun% 12043
%00010%seat% 04312
%00010%palyer_cards% S3S9HTHAD7D9DQC3C8C9C2 S5S6S7SQSKH5H6HQCTCK S4S8S2H3H4H7D4D5DJDKC6 SJH8H2D8DAD2C7CQCAJ3 STSAH9HJHKD3D6DTC4C5CJ 
%00010%change_cards%  32H2J3EE 40SAEE 23S4H3EE 04S3EE
%00010%play%  4S3D3EE 3EE 1EE 2EE 0EE 4EE 4STDTEE 3EE 1EE 2EE 0EE 4EE 4HJCJEE 3EE 1EE 2EE 0EE 4EE 4C4EE 3C7EE 1CTEE 2KxEE 0KxEE 4KxEE 3KxEE 1KxEE 2KxEE 2H4D4EE 0EE 4EE 3EE 1EE 2EE 2S2H2EE 0EE 4EE 3EE 1EE 2EE 2D5EE 0D7EE 4KxEE 3D8EE 3DACAEE 1EE 2EE 0EE 4EE 3EE 3H3EE 1S5EE 2C6EE 0C8EE 0S9D9C9EE 4EE 3EE 1EE 2EE 0EE 0SAHAEE 4EE 3EE 1EE 2EE 0EE 0C3EE 4C5EE 3CQEE 1CKEE 2KxEE 0C2EE 4KxEE 3KxEE 1KxEE 0KxEE 0HTEE 4HKEE 3KxEE 1KxEE 2KxEE 0KxEE 4KxEE 4D6EE 3H8EE 3S4EE 1H5EE 2H7EE 0KxEE 4H9EE 3KxEE 1HQEE 2KxEE 1KxEE 1S6H6EE 2EE 0EE 3EE 1EE 1S7EE 2S8EE 2DJEE 0DQEE 3D2EE 1KxEE 2KxEE 3KxEE 3SJEE 1SQEE 2KxEE 1SKEE
%00010%result% 40312
%00010%points% 43 23 39 23 37
%00011%mibun% 13420
%00011%seat% 04312
%00011%palyer_cards% S5H5H8HTH2D4D7DJC4CQ S3S7STSAH4H6H7HQD6D8DT S4S6SJH9HJDKC6C8CKCA S9SKS2H3D3D5D9DAC5C7CJ S8SQHKHADQD2C3C9CTC2J3 
%00011%change_cards%  24DKCAEE 10SAEE 42S8C3EE 01D4EE
%00011%play%  3H3D3EE 1EE 2EE 0EE 4EE 3EE 3D5C5EE 1EE 2EE 0EE 4EE 3EE 3S9D9EE 1EE 2EE 0EE 4EE 3EE 3C7EE 1D8EE 1H4D4EE 2EE 0EE 4EE 3EE 1EE 1H6D6EE 2EE 0EE 4EE 3EE 1EE 1S7H7EE 2EE 0EE 4EE 3EE 1EE 1STDTEE 2EE 0EE 4EE 3EE 1EE 1S3EE 2S4EE 0S5EE 4SQEE 3SKEE 1KxEE 2KxEE 0SAEE 4KxEE 3KxEE 0KxEE 4KxEE 4HKDKEE 3EE 1EE 2EE 0EE 4EE 4HACAEE 3EE 1EE 2EE 0EE 4EE 4D2C2EE 3EE 1EE 2EE 0EE 4EE 4C9EE 3CJEE 1KxEE 2CKEE 0KxEE 4KxEE 3KxEE 2KxEE 2S6C6EE 0EE 4EE 3EE 1EE 2EE 2S8C8EE 2SJHJEE 0EE 4EE 3EE 1EE 2EE 2C3EE 0C4EE 4CTEE 3KxEE 1KxEE 2KxEE 0CQEE 4KxEE 0KxEE 0H5EE 4DQEE 3DAEE 1KxEE 2KxEE 0KxEE 3KxEE 3S2EE 1KxEE 2KxEE 0KxEE 1HQEE 2KxEE 0H2EE 0KxEE 0D7EE 2H9EE
%00011%result% 43120
%00011%points% 44 26 41 27 42
%00012%mibun% 42310
%00012%seat% 43120
%00012%palyer_cards% S7SQH5H8H9HADTC8CJC2 S3S6S8STS2H3H6H7HJHQHK S5HTD3D6DJDQDAD2CAJ3 S4S9H4D5D8D9DKC3C4CTCQ SJSKSAH2D4D7C5C6C7C9CK 
%00012%change_cards%  04HAC2EE 23J3EE 40D4C5EE 32C3EE
%00012%play%  2D3C3EE 0EE 4EE 3EE 1EE 2EE 2DACAEE 0EE 4EE 3EE 1EE 2EE 2S5EE 0S7EE 4SJEE 3KxEE 1KxEE 2KxEE 0KxEE 4KxEE 3KxEE 3S4H4C4EE 1EE 2EE 0EE 4EE 3EE 3S9D9EE 1EE 2EE 0EE 4EE 3EE 3D5EE 1S6EE 2HTEE 0CJEE 4SKEE 3KxEE 1S2EE 2KxEE 0KxEE 4KxEE 1KxEE 1HJHQHKEE 2EE 0EE 4EE 3EE 1EE 1S3H3EE 2EE 0EE 4EE 3EE 1EE 1H6EE 2DJEE 0SQEE 4CKEE 3KxEE 1KxEE 2D2EE 0KxEE 4KxEE 2KxEE 2D6EE 0H8EE 0H5C5EE 4EE 3EE 1EE 2EE 0EE 0D4EE 4C6EE 3D8EE 3CTEE 1KxEE 2DQEE 0KxEE 4SAEE 3KxEE 4H2EE 4KxEE 4D7C7EE 3EE 1EE 0EE 4EE 4C9EE 3CQEE 1KxEE 0KxEE 4C2EE 3KxEE 4KxEE 4HAEE 3KxEE 1KxEE 0KxEE 3DKEE 1KxEE 0KxEE 1H7EE 0C8EE 0H9EE 1STEE 0KxEE 1KxEE 1S8EE
%00012%result% 24310
%00012%points% 45 28 46 30 46
%00013%mibun% 43021
%00013%seat% 43120
%00013%palyer_cards% S4S9SJSQSAS2HKH2D7D9C7 S5S6SKH4H8HTDQC8CJC2 S3STH5H9HAD3DJC3CQCKJ3 H7D5D6DAD2C5C6C9CTCA S7S8H3H6HJHQD4D8DTDKC4 
%00013%change_cards%  02S2H2EE 14C2EE 20S3D3EE 41H3EE
%00013%play%  0S3D3EE 4EE 3EE 1EE 2EE 0EE 0D7C7EE 4EE 3EE 1EE 2EE 0EE 0S9D9EE 4EE 3EE 1EE 2EE 0EE 0S4EE 4H6EE 3H7EE 1H8EE 1H3EE 2H5EE 0HKEE 4KxEE 3KxEE 1KxEE 2HAEE 0KxEE 2H2EE 2KxEE 2KxEE 2C3EE 0SJEE 4HQEE 3DAEE 1KxEE 2S2EE 0KxEE 4KxEE 3KxEE 2KxEE 2H9EE 0SQEE 4DKEE 3CAEE 1KxEE 2KxEE 0KxEE 4C2EE 3KxEE 4KxEE 4D4C4EE 3EE 1EE 2EE 0EE 4EE 4S8D8EE 4S7EE 3C9EE 1HTEE 2DJEE 0SAEE 4KxEE 3D2EE 1KxEE 2KxEE 3KxEE 3D5C5EE 1EE 2EE 4EE 3EE 3D6C6EE 1EE 2EE 4EE 3EE 3CTEE 1CJEE 2CQEE 4KxEE 1KxEE 2CKEE 2KxEE 2STEE 4HJEE 1DQEE 4KxEE 1SKEE 1KxEE 1H4EE 4DTEE
%00013%result% 03241
%00013%points% 50 29 49 34 48
%00014%mibun% 04213
%00014%seat% 43120
%00014%palyer_cards% S4S6S7STSKH4HTDQC7C9CA SQS2H7D5D6D7DJC8CTCQ S3S5S9HJHAH2D8D9D2C2 S8SAH5H8H9HKDTDKC3C5CJ SJH3H6HQD3D4DAC4C6CKJ3 
%00014%change_cards%  10SQS2EE 43J3EE 01S4H4EE 34C3EE
%00014%play%  4H3D3C3EE 3EE 1EE 2EE 0EE 4EE 4D4C4EE 3EE 1EE 2EE 0EE 4EE 4H6C6EE 3EE 1EE 2EE 0EE 4EE 4SJEE 3HKEE 1KxEE 2HAEE 0KxEE 4KxEE 3KxEE 2KxEE 3KxEE 3H5C5EE 1EE 2EE 0EE 4EE 3EE 3S8H8EE 3H9EE 1CTEE 2HJEE 0SQEE 4CKEE 3SAEE 1KxEE 2H2EE 0KxEE 4KxEE 3KxEE 2KxEE 2S9D9EE 0EE 4EE 3EE 1EE 2EE 2D2C2EE 0EE 4EE 3EE 1EE 2EE 2S3EE 0S6EE 4KxEE 3KxEE 1KxEE 2KxEE 0S7EE 0STEE 0SKEE 0S2EE 0KxEE 0C7EE 4HQEE 3DKEE 1KxEE 2KxEE 0CAEE 4KxEE 3KxEE 0KxEE 0C9EE 4DAEE 3KxEE 1KxEE 2KxEE 0KxEE 3DTEE 1DJEE 2KxEE 0DQEE 3KxEE 1KxEE 0KxEE 0HTEE 3CJEE 1CQEE 2KxEE 1KxEE 1D5D6D7EE 2EE 1EE 1S4H4EE 2EE 1EE 1H7EE 2D8EE 2S5EE
%00014%result% 40321
%00014%points% 54 30 51 37 53
%00015%mibun% 14320
%00015%seat% 32104
%00015%palyer_cards% S7S2H4H8HTHKD4D8C8CA H5H9H2D3D5D9DAC6CKC2 S5SJSAH3HQD6D7C3CTCJJ3 S3S4S8SKH6HJHADQC4C7CQ S6S9STSQH7DTDJDKD2C5C9 
%00015%change_cards%  14H2C2EE 20J3EE 41S6C5EE 02H4EE
%00015%play%  1H5D5C5EE 0EE 4EE 3EE 2EE 1EE 1S6C6EE 0EE 4EE 3EE 2EE 1EE 1H9D9EE 0EE 4EE 3EE 2EE 1EE 1D3EE 0D4EE 4DTEE 3DQEE 2KxEE 1DAEE 0KxEE 4KxEE 3KxEE 1KxEE 0KxEE 0H8D8C8EE 0S7EE 4S9EE 3SKEE 2SAEE 1KxEE 0S2EE 4KxEE 3KxEE 2KxEE 0KxEE 0HTEE 4DJEE 3CQEE 2KxEE 1CKEE 0CAEE 4C2EE 3KxEE 0KxEE 4KxEE 4H2D2EE 3EE 2EE 0EE 4EE 4H7EE 3S8EE 3S4C4EE 2EE 0EE 4EE 3EE 3S3EE 2H4EE 0HKEE 4KxEE 3HAEE 2KxEE 3KxEE 3H6EE 2D7EE 4C9EE 3HJEE 2HQEE 4KxEE 3KxEE 2KxEE 2H3C3EE 4EE 3EE 2EE 2SJCJEE 4EE 3EE 2EE 2S5EE 4STEE 3KxEE 2KxEE 4SQEE 4KxEE 4DKEE 3KxEE 2KxEE 3C7EE
%00015%result% 10432
%00015%points% 58 35 52 39 56
%00016%mibun% 10432
%00016%seat% 32104
%00016%palyer_cards% S6SQSKHJHQD3D9DTC4C5CT S5S9S2H4D4D6D7DJDKCKJ3 S8SJH3H6H2D5D8DQC8C9 S4S7SAH5H7H8HADAC3C2 S3STH9HTHKD2C6C7CJCQCA 
%00016%change_cards%  21H2DQEE 30C2EE 12H4D4EE 03D3EE
%00016%play%  3D3C3EE 2EE 1EE 0EE 4EE 3EE 3S7H7EE 2EE 1EE 0EE 4EE 3EE 3SAHADAEE 2EE 1EE 0EE 4EE 3EE 3S4EE 2D5EE 1D6EE 0D9EE 4D2EE 3KxEE 2KxEE 1KxEE 0KxEE 4KxEE 1KxEE 1DJDQDKEE 0EE 4EE 3EE 2EE 1EE 1S2H2EE 0EE 4EE 3EE 2EE 1EE 1S5EE 0S6EE 4STEE 3KxEE 2SJEE 1KxEE 0SQEE 4KxEE 2KxEE 0SKEE 0KxEE 0DTCTEE 4EE 3EE 2EE 1EE 0EE 0C4EE 4C6EE 3KxEE 2C8EE 2H4D4EE 1EE 0EE 4EE 3EE 2EE 2S8D8EE 2H3EE 1D7EE 0HJEE 4CQEE 3KxEE 2KxEE 1CKEE 0C2EE 4KxEE 1KxEE 0KxEE 0C5EE 4C7EE 3KxEE 2C9EE 1KxEE 0KxEE 4CJEE 2KxEE 4CAEE 4KxEE 4S3EE 3H5EE 2H6EE 1KxEE 0HQEE 4HKEE 3KxEE 4KxEE 4H9EE 3KxEE 1KxEE 4HTEE 3H8EE
%00016%result% 20431
%00016%points% 62 36 57 41 59
%00017%mibun% 14032
%00017%seat% 32104
%00017%palyer_cards% S6SAH8HQHKD4D9DTDJDQCJ S5S9H7HTHAH2DKDAD2C3C8 S4S8SKH3H6H9D7C5CTCKJ3 STSJS2H5HJD3C7C9CQCA S3S7SQH4D5D6D8C4C6C2 
%00017%change_cards%  12H2D2EE 30S2EE 21S4H3EE 03D4EE
%00017%play%  3SJHJEE 2EE 1EE 0EE 4EE 3EE 3D3EE 2C5EE 1H7EE 0H8EE 0D9DTDJDQEE 4EE 3EE 2EE 1EE 0EE 0S6EE 4S7EE 3STEE 2SKEE 1KxEE 0SAEE 4KxEE 3KxEE 2KxEE 0KxEE 2KxEE 2H2D2EE 1EE 0EE 4EE 3EE 2EE 2H6EE 1C8EE 1H3C3EE 0EE 4EE 3EE 2EE 1EE 1HADAEE 0EE 4EE 3EE 2EE 1EE 1S4EE 0CJEE 4SQEE 3CAEE 2KxEE 1KxEE 0S2EE 4KxEE 3KxEE 0KxEE 0HQEE 4C2EE 3KxEE 2KxEE 1KxEE 0KxEE 4KxEE 4H4C4EE 3EE 2EE 1EE 0EE 4EE 4D6C6EE 3EE 2EE 1EE 0EE 4EE 4S3EE 3D4EE 2D7EE 1DKEE 0KxEE 4KxEE 3KxEE 2KxEE 1KxEE 1S5EE 0HKEE 4KxEE 3KxEE 2KxEE 1KxEE 4D5EE 3C7EE 2S8EE 2H9EE 1HTEE 4KxEE 3KxEE 2KxEE 1KxEE 1S9EE 4KxEE 3CQEE 2CKEE 3KxEE 2KxEE 2CTEE 4KxEE 3KxEE 4D8EE
%00017%result% 01243
%00017%points% 67 40 60 42 61
%00018%mibun% 01243
%00018%seat% 13240
%00018%palyer_cards% S7H8H9HTHJHQHADJD2C7CK S6SJSKH4D6D8D9C3C8CAC2 S8S2H6H7H2D5D7DTC9J3 S9H3H5HKD3DQDAC5C6CTCQ S3S4S5STSQSAD4DKC4CJ 
%00018%change_cards%  30HKDAEE 41SAEE 03S7C7EE 14C3EE
%00018%play%  3C5C6C7EE 2EE 4EE 0EE 1EE 3EE 3H3D3EE 2EE 4EE 0EE 1EE 3EE 3DQCQEE 2EE 4EE 0EE 1EE 3EE 3H5EE 2H6EE 4KxEE 0H8EE 0H9HTHJHQHKHAEE 1EE 3EE 2EE 4EE 0EE 0EE 1EE 3EE 2EE 4EE 0EE 1EE 3EE 2EE 4EE 0EE 1EE 3EE 2EE 4EE
%00018%result% 01324
%00018%points% 72 44 62 45 62
%00019%mibun% 01324
%00019%seat% 13240
%00019%palyer_cards% S5S7SKHQD6D8DTC6CJCQJ3 S4S8SAH9D3DJDQDKDAC8CT S3STSJHTHKHAH2C5C9CK S9H3H4H5H6H8D7D9D2C3C2 S6SQS2H7HJD4D5C4C7CA 
%00019%change_cards%  40S2CAEE 21H2EE 04S5D6EE 12D3EE
%00019%play%  2S3D3EE 4EE 0EE 1EE 3EE 2EE 2STHTEE 4EE 0EE 1EE 3EE 2EE 2HKCKEE 4EE 0EE 1EE 3EE 2EE 2C5EE 4S6EE 0S7EE 1S8EE 1DJDQDKDAEE 3EE 2EE 4EE 0EE 1EE 1S4EE 3H5EE 2C9EE 4HJEE 0HQEE 1H2EE 3KxEE 2KxEE 4KxEE 0KxEE 1KxEE 0KxEE 0C6EE 1C8EE 1H9EE 3D2EE 2KxEE 4KxEE 0KxEE 1KxEE 3KxEE 3H3C3EE 2EE 4EE 0EE 1EE 3EE 3S9D9EE 2EE 4EE 0EE 1EE 3EE 3H4EE 2SJEE 4SQEE 0SKEE 1SAEE 3KxEE 2KxEE 4KxEE 0S2EE 1KxEE 0KxEE 0D8EE 0DTEE 1KxEE 3C2EE 2KxEE 4KxEE 0KxEE 3KxEE 3H6EE 2HAEE 4KxEE 0KxEE 1KxEE 3KxEE 4D4D5D6EE 0EE 1EE 3EE 4EE 4H7C7EE 0EE 1EE 3EE 4EE 4C4EE 0CJEE 1KxEE 3KxEE 4KxEE 0CQEE 0CAEE 1CTEE 3KxEE 4KxEE 3D7EE 4KxEE 3H8EE
%00019%result% 20134
%00019%points% 76 47 67 47 63
%00020%mibun% 12034
%00020%seat% 13240
%00020%palyer_cards% S6S7SJH6D5D8D9D2C6C9J3 HTHJHKH2D4D6D7DKCJCK S8S9SKH5HADQDAC5C7C8CA S4S5STH4H7H9DJC4CTC2 S3SQSAS2H3H8HQD3DTC3CQ 
%00020%change_cards%  42SAS2EE 30C2EE 24H5C5EE 03D5EE
%00020%play%  4S3H3D3C3EE 0EE 1EE 3EE 2EE 4EE 4EE 0EE 1EE 3EE 2EE 4EE 0EE 1EE 3EE 2EE 4EE 0EE 1EE 3EE 2EE
%00020%result% 32140
%00020%points% 77 50 71 52 65
%00021%mibun% 42103
%00021%seat% 12430
%00021%palyer_cards% S3S9STSKSAH4H6H7HTD3C3 H3H8H9HKHAH2D7D8C5C8J3 S5S7SQH5D4D5D9DKCKC2 S4S6S8S2D6DAC4C7C9CJCQ SJHJHQDTDJDQD2C6CTCA 
%00021%change_cards%  03SKSAEE 42D2EE 30S4C4EE 24D4EE
%00021%play%  0S3D3C3EE 1EE 2EE 4EE 3EE 0EE 0S4H4C4EE 1EE 2EE 4EE 3EE 0EE 0STHTEE 1EE 2EE 4EE 3EE 0EE 0H6EE 1D7EE 2D9EE 4DTEE 3DAEE 0KxEE 1KxEE 2KxEE 4KxEE 3KxEE 1KxEE 1HKHAH2EE 2EE 4EE 3EE 0EE 1EE 1H8D8C8EE 1H3EE 2S5EE 4C6EE 3C7EE 0KxEE 1KxEE 2CKEE 4CAEE 3KxEE 2C2EE 4KxEE 2KxEE 2H5D5EE 4EE 3EE 0EE 1EE 2EE 2S7EE 4CTEE 3CJEE 0KxEE 1KxEE 2KxEE 4KxEE 3CQEE 3KxEE 3SKSAS2EE 0EE 1EE 2EE 4EE 3EE 3S6D6EE 0EE 1EE 2EE 4EE 3EE 3S8EE 3C9EE 0KxEE 1KxEE 2SQEE 4KxEE 2DKEE 2D2EE 4SJHJDJEE 0EE 1EE 4EE 4HQDQEE 0EE 1EE 4EE 4D4EE 0H7EE 1H9EE 0KxEE 1KxEE 1C5EE
%00021%result% 32410
%00021%points% 78 52 75 57 68
%00022%mibun% 43102
%00022%seat% 12430
%00022%palyer_cards% S6S7S8S9H4H7HKHADKCTC2 S3SQSKSAH6H9HTHJH2D3C6 S5H5HQDAD2C7C9CJCAJ3 SJS2H8D5D6D7D8DQC3C5CK S4STH3D4D9DTDJC4C8CQ 
%00022%change_cards%  03HAC2EE 12H2EE 30D5C3EE 21S5EE
%00022%play%  1H9HTHJEE 2EE 4EE 3EE 0EE 1EE 1SQSKSAEE 2EE 4EE 3EE 0EE 1EE 1S3D3EE 2EE 4EE 3EE 0EE 1EE 1H6C6EE 2EE 4EE 3EE 0EE 1EE 1S5EE 2C7EE 4C8EE 4D9DTDJEE 3EE 0EE 2EE 4EE 4S4D4C4EE 3EE 0EE 2EE 4EE 4H3EE 3C5EE 0S6EE 2C9EE 4STEE 3SJEE 0KxEE 2KxEE 4KxEE 3KxEE 2KxEE 2DACAEE 4EE 3EE 0EE 2EE 2H2D2EE 4EE 3EE 0EE 2EE 2H5EE 4CQEE 3CKEE 0KxEE 2KxEE 3C2EE 3KxEE 3D6D7D8EE 3H8EE 3DQEE 0HKEE 2KxEE 3HAEE 0KxEE 3KxEE 3S2EE 0KxEE 2KxEE 0S7S8S9EE 0C3EE 2CJEE 0KxEE 2KxEE 2HQEE
%00022%result% 14320
%00022%points% 79 57 77 60 72
%00023%mibun% 40321
%00023%seat% 12430
%00023%palyer_cards% S5STSQH6DTD2C7C9CJC2 S9SKH9HTHQD4C6C8CKCAJ3 S3S6H3H8D6D7D9DQC3CTCQ S7SJS2H4H7HJHKD3DKDA S4S8SAH5HAH2D5D8DJC4C5 
%00023%change_cards%  01D2C2EE 24DQEE 10D4C6EE 42S4EE
%00023%play%  3S7H7EE 0EE 1EE 2EE 4EE 3EE 3SJHJEE 0EE 1EE 2EE 4EE 3EE 3HKDKEE 0EE 1EE 2EE 4EE 3EE 3D3EE 0D4EE 1D2EE 2KxEE 4KxEE 3KxEE 0KxEE 1KxEE 1KxEE 1CKCAC2EE 2EE 4EE 3EE 0EE 1EE 1S9H9EE 2EE 4EE 3EE 0EE 1EE 1C8EE 1HTEE 2CQEE 4SAEE 3S2EE 0KxEE 1KxEE 2KxEE 4KxEE 3KxEE 3H4EE 0S5EE 1HQEE 2KxEE 4HAEE 3KxEE 0KxEE 1KxEE 4H2EE 4KxEE 4H5D5C5EE 3EE 0EE 1EE 2EE 4EE 4S8D8EE 4C4EE 3DAEE 0KxEE 1KxEE 2KxEE 4KxEE 0H6C6EE 1EE 2EE 4EE 0EE 0STDTEE 1EE 2EE 4EE 0EE 0C7EE 1SKEE 2KxEE 4KxEE 0KxEE 2S3H3C3EE 4EE 0EE 2EE 2S6D6EE 4EE 0EE 2EE 2S4EE 4DJEE 0SQEE 2KxEE 4KxEE 0KxEE 0C9EE 2CTEE 4KxEE 0CJEE 2KxEE 2D7EE 4DQEE
%00023%result% 31042
%00023%points% 82 61 78 65 74
%00024%mibun% 21403
%00024%seat% 34120
%00024%palyer_cards% S4S9H5H6HKD8DTC5C9J3 SQH4H8H9HQHAD3DQC6CJC2 S3S8SKS2H7HJD5D6DJCQ S5H3HTH2D4D7DKD2C3C4CA S6S7STSJSAD9DAC7C8CTCK 
%00024%change_cards%  23SKS2EE 41SAEE 32H3C3EE 14D3EE
%00024%play%  4S7C7EE 1EE 2EE 0EE 3EE 4EE 4STCTEE 1EE 2EE 0EE 3EE 4EE 4D3EE 1H4EE 2D5EE 0H6EE 3D7EE 4C8EE 4S6EE 1H8EE 1SQHQDQEE 2EE 0EE 3EE 4EE 1EE 1SAHAEE 2EE 0EE 3EE 4EE 1EE 1C6EE 2H7EE 0D8EE 0H5C5EE 3EE 4EE 1EE 2EE 0EE 0S9C9EE 3EE 4EE 1EE 2EE 0EE 0S4EE 3S5EE 4SJEE 1KxEE 2KxEE 0KxEE 3KxEE 4KxEE 0KxEE 0DTEE 3SKEE 4DAEE 1C2EE 2KxEE 0KxEE 3KxEE 4KxEE 1KxEE 1H9EE 2HJEE 0HKEE 3H2EE 4KxEE 1KxEE 2KxEE 3KxEE 3D4C4EE 4EE 1EE 2EE 3EE 3S2D2EE 4EE 1EE 2EE 3EE 3HTEE 4CKEE 1KxEE 2KxEE 3CAEE 4KxEE 3KxEE 3DKEE 4KxEE 1KxEE 2KxEE 4D9EE 1CJEE
%00024%result% 03412
%00024%points% 87 63 79 69 77
%00025%mibun% 03412
%00025%seat% 34120
%00025%palyer_cards% S4S5S9H5H9HQHKD6D9DTC7 SJH7D4DJDAD2C4C6C8CJ S3S7S8STSKHJD3C3C5CT SAS2H3HTD5DQDKCQCKCAC2 S6SQH4H6H8HAH2D7D8C9J3 
%00025%change_cards%  20SKHJEE 13D2EE 02S4S5EE 31H3EE
%00025%play%  2S3S4S5EE 0EE 3EE 4EE 1EE 2EE 2D3C3EE 0EE 3EE 4EE 1EE 2EE 2STCTEE 0EE 3EE 4EE 1EE 2EE 2C5EE 0D6EE 3HTEE 4SQEE 1DAEE 2KxEE 0KxEE 3S2EE 4KxEE 1KxEE 3KxEE 4KxEE 4S6H6EE 1EE 2EE 0EE 3EE 4EE 4H8D8EE 4H4EE 1C6EE 2S7EE 0S9EE 3SAEE 4KxEE 1KxEE 2KxEE 0KxEE 3KxEE 3CQCKCAC2EE 4EE 1EE 2EE 0EE 3EE 3D5EE 4D7EE 1DJEE 2KxEE 0KxEE 3DQEE 4KxEE 1KxEE 3DKEE 3D2EE 4C9EE 1SJEE 2KxEE 0HQEE 4HAEE 1KxEE 0KxEE 4H2EE 1D4C4EE 2EE 0EE 1EE 1H3EE 2S8EE 0H9D9EE 1EE 0EE 0SKHKEE 1EE 0EE 0H5EE 1H7EE 0HJEE 1KxEE 0KxEE 0C7EE 1C8EE 1CJEE
%00025%result% 34210
%00025%points% 88 65 82 74 81
%00026%mibun% 43201
%00026%seat% 34120
%00026%palyer_cards% SKH4H9D3D5D6D2C5C7C2 S3S4S6H7H8HTDTDKC4C6CK S9STSQS2HJHQH2D8C8CA S7SJSAH5H6HAD9C3C9CJCQ S5S8H3HKD4D7DJDQDACTJ3 
%00026%change_cards%  03D2C2EE 14DKEE 30H5C3EE 41H3EE
%00026%play%  0D3C3EE 3EE 4EE 1EE 2EE 0EE 0H5D5C5EE 3EE 4EE 1EE 2EE 0EE 0H4EE 3H6EE 4HKEE 1KxEE 2H2EE 0KxEE 3KxEE 4KxEE 2KxEE 4KxEE 4DJDQDKDAEE 1EE 2EE 0EE 3EE 4EE 4D4EE 1S6EE 2D8EE 2SQHQEE 0EE 3EE 4EE 1EE 2EE 2C8EE 2S9EE 0SKEE 3SAEE 4KxEE 1KxEE 2S2EE 0KxEE 3KxEE 2KxEE 2STEE 0KxEE 3SJEE 4KxEE 1KxEE 2KxEE 3KxEE 3D9C9EE 4EE 1EE 2EE 0EE 3EE 3D2C2EE 4EE 1EE 2EE 0EE 3EE 3S7EE 4S8EE 4S5EE 1C6EE 2HJEE 0KxEE 3CQEE 4KxEE 1CKEE 2CAEE 3KxEE 1KxEE 0D6EE 3CJEE 4KxEE 1KxEE 0KxEE 3HAEE 4D7EE 1H8EE 1S3H3EE 0EE 4EE 1EE 1S4C4EE 0EE 4EE 1EE 1HTDTEE 0EE 4EE 1EE 1H7EE 0H9EE 4KxEE 0KxEE 0C7EE
%00026%result% 23104
%00026%points% 90 68 87 78 82
%00027%mibun% 32014
%00027%seat% 24130
%00027%palyer_cards% SKH9HKD3D7C9CJCQCKJ3 S3S6S8H3H5HQD6DTDQC4C5 STSJS2H7H8HTHJHAD9DKD2 S5S7H2D5DJDAC6C7CTC2 S4S9SQSAH4H6D4D8C3C8CA 
%00027%change_cards%  42SACAEE 03J3EE 24H7H8EE 30S5EE
%00027%play%  0CJCQCKEE 2EE 4EE 1EE 3EE 0EE 0H9C9EE 2EE 4EE 1EE 3EE 0EE 0SKHKEE 2EE 4EE 1EE 3EE 0EE 0D3EE 2D9EE 4KxEE 1DTEE 3DJEE 0KxEE 2DKEE 1KxEE 3DAEE 2D2EE 3KxEE 2KxEE 3KxEE 3S7C7EE 0EE 2EE 4EE 1EE 3EE 3H2C2EE 0EE 2EE 4EE 1EE 3EE 3D5EE 0D7EE 2KxEE 4D8EE 4H6H7H8EE 4S4H4D4EE 1EE 3EE 0EE 2EE 4EE 4C3EE 1C4EE 3C6EE 0KxEE 2CAEE 4KxEE 1KxEE 3KxEE 2KxEE 2STHTEE 4EE 1EE 3EE 0EE 2EE 2SJHJEE 4EE 1EE 3EE 0EE 2EE 2SAHAEE 4EE 1EE 3EE 0EE 2EE 2S2EE 4KxEE 1KxEE 3KxEE 0KxEE 4C8EE 4S9EE 1HQEE 3KxEE 0KxEE 4KxEE 1KxEE 1S3H3EE 3EE 0EE 4EE 1EE 1H5C5EE 3EE 0EE 4EE 1EE 1S6D6EE 3EE 0EE 4EE 1EE 1S8EE 1DQEE 3KxEE 0KxEE 4KxEE 3CTEE 0KxEE 4SQEE
%00027%result% 21340
%00027%points% 91 72 92 81 84
%00028%mibun% 41023
%00028%seat% 24130
%00028%palyer_cards% SJSQH7HAD7D8DTC3C9CA S3S7SAH3H4HKD9DQC4C8CT S4S5STH5H8HTH2DJDKD2C5 S8S9SKH9D4D6C6C7CJJ3 S6S2H6HJHQD3D5DACQCKC2 
%00028%change_cards%  02HACAEE 41S2EE 20S4S5EE 14S3EE
%00028%play%  4S3D3EE 1EE 3EE 0EE 2EE 4EE 4S6H6EE 1EE 3EE 0EE 2EE 4EE 4HQCQEE 1EE 3EE 0EE 2EE 4EE 4D5EE 1S7EE 3S8EE 3D6C6EE 0EE 2EE 4EE 1EE 3EE 3S9H9EE 0EE 2EE 4EE 1EE 3EE 3D4EE 0S5EE 2H8EE 2H5C5EE 4EE 1EE 3EE 0EE 2EE 2STHTEE 4EE 1EE 3EE 0EE 2EE 2HACAEE 4EE 1EE 3EE 0EE 2EE 2H2D2EE 4EE 1EE 3EE 0EE 2EE 2DJEE 4CKEE 1SAEE 3KxEE 0KxEE 2KxEE 4KxEE 1KxEE 3KxEE 3C7EE 0D8EE 0H7D7EE 2EE 4EE 1EE 3EE 0EE 0C3EE 2DKEE 4DAEE 1KxEE 3KxEE 0KxEE 4KxEE 4HJEE 1DQEE 3SKEE 0KxEE 4C2EE 1KxEE 3KxEE 1H4C4EE 3EE 0EE 1EE 1H3EE 3CJEE 0SQEE 1HKEE 0KxEE 1S2EE 1KxEE 1C8EE 1D9EE 0DTEE 1KxEE 0KxEE 0S4EE 1CTEE
%00028%result% 24310
%00028%points% 92 74 97 84 88
%00029%mibun% 43021
%00029%seat% 24130
%00029%palyer_cards% S4S2H4H7D8DQC4C6CAJ3 S5S6SJH3HAD7D9DJD2C3C9 S7S8STSQSAH5HKH2DTC7CJ S3SKH6H8HTHQD4DKCTC2 S9H9HJD3D5D6DAC5C8CQCK 
%00029%change_cards%  02S2J3EE 14D2EE 20S7H5EE 41D3EE
%00029%play%  1H3D3C3EE 3EE 0EE 2EE 4EE 1EE 1D9C9EE 3EE 0EE 2EE 4EE 1EE 1SJDJEE 3EE 0EE 2EE 4EE 1EE 1S5EE 3H6EE 0S7EE 2S8EE 2STDTEE 4EE 1EE 3EE 0EE 2EE 2S2H2EE 4EE 1EE 3EE 0EE 2EE 2C7EE 4C8EE 4D5C5EE 1EE 3EE 0EE 2EE 4EE 4S9H9EE 1EE 3EE 0EE 2EE 4EE 4D6EE 1D7EE 3DKEE 0KxEE 2KxEE 4KxEE 1KxEE 3KxEE 2KxEE 2CJEE 4CQEE 1KxEE 3C2EE 0KxEE 2KxEE 4KxEE 3KxEE 3HTCTEE 0EE 2EE 4EE 1EE 3EE 3S3EE 0S4EE 2SQEE 4KxEE 1KxEE 3SKEE 0KxEE 2SAEE 3KxEE 2KxEE 2HKEE 4DAEE 1KxEE 3KxEE 0KxEE 4D2EE 4KxEE 4HJEE 1HAEE 3KxEE 0KxEE 4KxEE 1KxEE 1S6EE 3H8EE 3D4EE 0H5EE 4CKEE 3KxEE 0CAEE 0KxEE 0H4C4EE 3EE 0EE 0C6EE 3HQEE
%00029%result% 21430
%00029%points% 93 78 102 86 91
%00030%mibun% 41032
%00030%seat% 30124
%00030%palyer_cards% S8S2HKD5D6D9DJD2C6C2 S4S6S9SKHTHQC3C8C9J3 S3SQH3HJH2D4C4C7CJCQCA SJSAH5H6H9D3D8DQC5CTCK S5S7STH4H7H8HAD7DTDKDA 
%00030%change_cards%  02S2D2EE 31SAEE 20S3H3EE 13C3EE
%00030%play%  3D3C3EE 0EE 1EE 2EE 4EE 3EE 3H5C5EE 0EE 1EE 2EE 4EE 3EE 3H6EE 0S8EE 0S3H3EE 1EE 2EE 4EE 3EE 0EE 0D6C6EE 1EE 2EE 4EE 3EE 0EE 0D5EE 1S6EE 2C7EE 4H8EE 4S7H7D7EE 3EE 0EE 1EE 2EE 4EE 4STDTEE 3EE 0EE 1EE 2EE 4EE 4HADAEE 3EE 0EE 1EE 2EE 4EE 4H4EE 3D8EE 3H9EE 0DJEE 1HQEE 2CAEE 4KxEE 3KxEE 0C2EE 1KxEE 2KxEE 0KxEE 1KxEE 1S9C9EE 2EE 4EE 3EE 0EE 1EE 1S4EE 2HJEE 4DKEE 3KxEE 0KxEE 1SAEE 2S2EE 4KxEE 1KxEE 2KxEE 2D4C4EE 4EE 3EE 0EE 1EE 2EE 2SQCQEE 4EE 3EE 0EE 1EE 2EE 2H2D2EE 4EE 3EE 0EE 1EE 2EE 2CJEE 4KxEE 3DQEE 0HKEE 1KxEE 3KxEE 0KxEE 0D9EE 1HTEE 4KxEE 3SJEE 1SKEE 3KxEE 1KxEE 1C8EE 4S5EE
%00030%result% 20143
%00030%points% 97 81 107 87 93
%00031%mibun% 12043
%00031%seat% 30124
%00031%palyer_cards% S7S8S9H5H9D4D7DKC5CJ S3S4S5S6H6D6DJD2C4CK H7H8HQHKD8DTDQCTCAC2J3 STSQH3H4HTHJD3D5DAC3C8 SJSKSAS2HAH2D9C6C7C9CQ 
%00031%change_cards%  32SQDAEE 40S2EE 23H7H8EE 04D4EE
%00031%play%  3H3D3C3EE 0EE 1EE 2EE 4EE 3EE 3H8C8EE 3STHTEE 0EE 1EE 2EE 4EE 3EE 3H4EE 0H5EE 1H6EE 2HQEE 4HAEE 3KxEE 0KxEE 1KxEE 2KxEE 4KxEE 2KxEE 2DTCTEE 4EE 3EE 0EE 1EE 2EE 2SQDQEE 4EE 3EE 0EE 1EE 2EE 2DACAEE 4EE 3EE 0EE 1EE 2EE 2D8EE 2HKEE 4SAEE 3KxEE 0S2EE 1KxEE 2KxEE 4KxEE 0KxEE 0S7S8S9EE 0C5EE 1S6EE 2C2EE 4KxEE 3KxEE 0KxEE 1KxEE 4D9C9EE 3EE 0EE 1EE 4EE 4D4EE 3D5EE 0D7EE 1DJEE 4KxEE 3KxEE 0DKEE 1D2EE 0KxEE 1KxEE 1S3S4S5EE 4EE 3EE 0EE 1EE 1C4EE 4C6EE 3KxEE 0CJEE 1CKEE 4KxEE 0KxEE 1KxEE 1D6EE 4C7EE 3HJEE 0KxEE 4CQEE 3KxEE 4SKEE 4H2EE 4KxEE 4SJEE 3KxEE 0KxEE 3H7EE
%00031%result% 21430
%00031%points% 98 85 112 89 96
%00032%mibun% 41032
%00032%seat% 30124
%00032%palyer_cards% S8SJSQH3HQD4D9DKC3J3 SKHTHJH2DTDQD2C7CQC2 S3S5S6H7H8HKHAD7DJC4CA S4S7S9STS2H5H6H9D3D5D8 SAH4D6DAC5C6C8C9CTCJCK 
%00032%change_cards%  02DKJ3EE 31S2EE 20S3C4EE 13C7EE
%00032%play%  3H5D5EE 0EE 1EE 2EE 4EE 3EE 3S7C7EE 0EE 1EE 2EE 4EE 3EE 3S9H9EE 0EE 1EE 2EE 4EE 3EE 3D3EE 0D4EE 1DTEE 2DJEE 4DAEE 3KxEE 0KxEE 1D2EE 2KxEE 4KxEE 1KxEE 2KxEE 2H7D7EE 4EE 3EE 0EE 1EE 2EE 2HKDKEE 4EE 3EE 0EE 1EE 2EE 2HACAEE 4EE 3EE 0EE 1EE 2EE 2S5EE 4D6EE 3D8EE 3S4EE 0S8EE 0S3H3C3EE 1EE 2EE 4EE 3EE 0EE 0SQHQEE 1EE 2EE 4EE 3EE 0EE 0C4EE 1HTEE 2KxEE 4CJEE 3KxEE 0KxEE 1DQEE 4CKEE 1S2EE 4KxEE 1KxEE 1H2C2EE 2EE 4EE 3EE 0EE 1EE 1HJEE 2KxEE 4SAEE 3KxEE 0KxEE 1KxEE 4KxEE 4C8C9CTEE 4H4EE 3H6EE 0KxEE 1KxEE 2H8EE 2S6EE 4KxEE 3STEE 0SJEE 1SKEE 0KxEE 1KxEE 1CQEE 4KxEE 0KxEE 4C5EE 0D9EE
%00032%result% 23104
%00032%points% 100 88 117 93 97
%00033%mibun% 32014
%00033%seat% 13420
%00033%palyer_cards% S5S6S7SJH5D4DJC5C8C9C2 S3S4S2H4H7HTD7D8C3CJCQ S8STSAHKHAD9C4C6CKCAJ3 SQHJH2D3D5D6DTDQDKD2 S9SKH3H6H8H9HQDAC7CT 
%00033%change_cards%  42SKDAEE 03C2EE 24C4C6EE 30D3EE
%00033%play%  0S5S6S7EE 1EE 3EE 4EE 2EE 0EE 0H5C5EE 1EE 3EE 4EE 2EE 0EE 0SJDJEE 1EE 3EE 4EE 2EE 0EE 0D3EE 1S4EE 3D5EE 4H6EE 2S8EE 2SKHKCKEE 0EE 1EE 3EE 4EE 2EE 2SAHADACAEE 0EE 1EE 3EE 4EE 2EE 2EE 0EE 1EE 3EE 4EE 2EE 0EE 1EE 3EE 4EE 2EE 0EE 1EE 3EE 4EE
%00033%result% 31042
%00033%points% 103 92 118 98 99
%00034%mibun% 21403
%00034%seat% 13420
%00034%palyer_cards% S3S4H4H5H6H7D3C8CAJ3 S6STSQH8HTDTDQD2CTCK S7S8S9HQHKHAC5C6C7CJC2 SJS2H3H9H2D4DJDKDAC4CQ S5SKSAHJD5D6D7D8D9C3C9 
%00034%change_cards%  23HAC2EE 41SAEE 32H3D4EE 14S6EE
%00034%play%  0H4H5H6H7EE 1EE 3EE 4EE 2EE 0EE 0S3D3EE 1EE 3EE 4EE 2EE 0EE 0S4EE 1H8EE 1STHTDTCTEE 3EE 4EE 2EE 0EE 1EE 1EE 3EE 4EE 2EE 0EE 1EE 3EE 4EE 2EE 0EE 1EE 3EE 4EE 2EE 0EE
%00034%result% 40213
%00034%points% 107 94 121 99 104
%00035%mibun% 13240
%00035%seat% 13420
%00035%palyer_cards% H5HTHQHKH2D8DQC4C6C8J3 S2H3H4H9D3D7DTD2C7CQ S3S6S9SAH6HJHAD4D9C9CK S4S5S8SJDJC3C5CTCAC2 S7STSQSKH7H8D5D6DKDACJ 
%00035%change_cards%  34CAC2EE 10S2EE 43D5D6EE 01C4EE
%00035%play%  1H3D3EE 3EE 4EE 2EE 0EE 1EE 1H4C4EE 3EE 4EE 2EE 0EE 1EE 1D7C7EE 3EE 4EE 2EE 0EE 1EE 1H9EE 3CTEE 4CJEE 2CKEE 0KxEE 1KxEE 3KxEE 4KxEE 2KxEE 0KxEE 0D8C8EE 0HQDQEE 1EE 3EE 4EE 2EE 0EE 0S2H2EE 1EE 3EE 4EE 2EE 0EE 0H5EE 1DTEE 3SJEE 4SQEE 2SAEE 0KxEE 1KxEE 3KxEE 4KxEE 2KxEE 2S6H6EE 0EE 1EE 3EE 4EE 2EE 2S9D9C9EE 0EE 1EE 3EE 4EE 2EE 2S3EE 0C6EE 1CQEE 3KxEE 4CAEE 2KxEE 0KxEE 1KxEE 4C2EE 4KxEE 4S7H7EE 2EE 0EE 1EE 3EE 4EE 4SKDKEE 2EE 0EE 1EE 3EE 4EE 4H8EE 4STEE 2HJEE 0HKEE 1KxEE 3KxEE 4KxEE 2HAEE 0KxEE 2KxEE 2D4EE 0HTEE 1D2EE 3KxEE 4KxEE 3S5D5C5EE 4EE 3EE 3C3EE 4DAEE
%00035%result% 20143
%00035%points% 111 97 126 100 106
%00036%mibun% 12043
%00036%seat% 02143
%00036%palyer_cards% S6S7H4H7HQD8D9DKC4C6 S3S8S9SJH3HJH2D4DTDJC7 STSKHTHAD3D5DAD2C3C5CK SQSAH5H6H8HKD7CJCAJ3 S4S5S2H9D6DQC8C9CTCQC2 
%00036%change_cards%  32SAJ3EE 40S2EE 23D3C3EE 04H4EE
%00036%play%  3D3C3EE 0EE 2EE 1EE 4EE 3EE 3H5EE 0S6EE 2STEE 1SJEE 4KxEE 3SQEE 0S2EE 2KxEE 1KxEE 3KxEE 0KxEE 2KxEE 2D5C5EE 1EE 4EE 3EE 0EE 2EE 2SKCKEE 1EE 4EE 3EE 0EE 2EE 2SAHADAEE 1EE 4EE 3EE 0EE 2EE 2HTEE 1HJEE 4KxEE 3HKEE 0KxEE 2KxEE 1H2EE 3KxEE 1KxEE 1S3H3EE 4EE 3EE 0EE 2EE 1EE 1D4EE 4S5EE 3H6EE 0S7EE 2D2EE 1KxEE 4KxEE 3KxEE 0KxEE 1C7EE 4C8EE 4S4H4EE 3EE 0EE 1EE 4EE 4H9C9EE 3EE 0EE 1EE 4EE 4DQCQEE 3EE 0EE 1EE 4EE 4D6EE 3D7EE 0D8EE 0C4EE 1S8EE 1S9EE 4CTEE 3CJEE 0KxEE 1KxEE 4C2EE 3KxEE 3H8EE 3CAEE 0KxEE 1KxEE 0C6EE 1DTEE 0HQEE 1KxEE 0DKEE 0KxEE 0H7EE 1DJEE
%00036%result% 24310
%00036%points% 112 99 131 103 110
%00037%mibun% 43021
%00037%seat% 02143
%00037%palyer_cards% S4SJSKHTD6D8DJDKC4CJ S5S2H3D5D7D9C6C9CTCQCK S6SQH5H8HJHADAD2C3C8C2 S3S7SAHQHKH2D3C5C7CA S8S9STH4H6H7H9D4DTDQJ3 
%00037%change_cards%  02SKDKEE 14S2EE 20H5C3EE 41H4EE
%00037%play%  3S3D3EE 0EE 2EE 1EE 4EE 3EE 3S7C7EE 0EE 2EE 1EE 4EE 3EE 3SACAEE 0EE 2EE 1EE 4EE 3EE 3C5EE 0D6EE 2H8EE 2DKDAD2EE 1EE 4EE 3EE 0EE 2EE 2S6EE 1D7EE 4S8EE 4S9H9EE 3EE 0EE 2EE 1EE 4EE 4STDTEE 3EE 0EE 2EE 1EE 4EE 4D4EE 3HQEE 0KxEE 2SKEE 1KxEE 4S2EE 3KxEE 2KxEE 4KxEE 4KxEE 4H6EE 3HKEE 0KxEE 2HAEE 1KxEE 4KxEE 3H2EE 2KxEE 0S4C4EE 2EE 1EE 4EE 0EE 0SJDJCJEE 2EE 1EE 4EE 0EE 0C3EE 2C8EE 2HJEE 1CQEE 4KxEE 0KxEE 2C2EE 1KxEE 2KxEE 2SQEE 1CKEE 4KxEE 0KxEE 1KxEE 1S5D5EE 4EE 0EE 1EE 1D9C9EE 4EE 0EE 1EE 1H3EE 4H7EE 0HTEE 1KxEE 4KxEE 0KxEE 0H5EE 1C6EE 4DQEE 0KxEE 1KxEE 0D8EE
%00037%result% 32401
%00037%points% 114 100 135 108 113
%00038%mibun% 34102
%00038%seat% 02143
%00038%palyer_cards% S5S2H4HQHKD7C3C4C5C6CQ S3S4S6H7H8HTHJDTDKC9 S7SKH5H2D5DJD2C8CTCKC2 S8STSJSQH6D3D4D6D8CJJ3 S9SAH3H9HAD9DQDAC7CA 
%00038%change_cards%  13HJDKEE 02S2EE 31D3D4EE 20H5EE
%00038%play%  1S3D3EE 4EE 3EE 0EE 2EE 1EE 1S4D4EE 4EE 3EE 0EE 2EE 1EE 1HTDTEE 4EE 3EE 0EE 2EE 1EE 1S6EE 4C7EE 3S8EE 3STSJSQEE 0EE 2EE 1EE 4EE 3EE 3H6D6EE 0EE 2EE 1EE 4EE 3EE 3HJCJEE 0EE 2EE 1EE 4EE 3EE 3D8EE 3DKEE 0KxEE 2S2EE 1KxEE 4KxEE 3KxEE 2KxEE 0C3C4C5C6EE 2EE 1EE 4EE 0EE 0S5H5EE 2EE 1EE 4EE 0EE 0HQCQEE 2EE 1EE 4EE 0EE 0H4EE 2D5EE 1H7EE 4S9EE 0HKEE 2H2EE 1KxEE 4KxEE 0KxEE 2KxEE 2SKCKEE 1EE 4EE 0EE 2EE 2D2C2EE 1EE 4EE 0EE 2EE 2S7EE 1H8EE 1C9EE 4DQEE 0KxEE 2KxEE 4SAEE 4KxEE 4H9D9EE 0EE 2EE 4EE 4HADACAEE 0EE 2EE 4EE 4H3EE 0D7EE
%00038%result% 31402
%00038%points% 116 104 136 113 116
%00039%mibun% 31402
%00039%seat% 34210
%00039%palyer_cards% S6SJSQD3D4D8D9C3C6J3 S9STS2H5H7HKD7DQC5C9 H3H6HTHQH2DJDKC4CTCKC2 S4S5S7SAH4H8HJD6DAC8CQ S3S8SKH9HAD5DTD2C7CJCA 
%00039%change_cards%  23H2C2EE 01J3EE 32S4H4EE 10H5EE
%00039%play%  0D3C3EE 3EE 4EE 2EE 1EE 0EE 0S6C6EE 3EE 4EE 2EE 1EE 0EE 0D4EE 3S5EE 4C7EE 2HTEE 1DQEE 0KxEE 3SAEE 4D2EE 2KxEE 1KxEE 3KxEE 4KxEE 1KxEE 1H7D7EE 0EE 3EE 4EE 2EE 1EE 1S9C9EE 0EE 3EE 4EE 2EE 1EE 1C5EE 0D8EE 0H5EE 3D6EE 4S8EE 4HACAEE 2EE 1EE 0EE 3EE 4EE 4S3EE 2S4EE 1STEE 0SJEE 3KxEE 4SKEE 2KxEE 1S2EE 0KxEE 4KxEE 1KxEE 1HKEE 0KxEE 3DAEE 4KxEE 2KxEE 3H2EE 3KxEE 3H8C8EE 3S7EE 4H9EE 2CTEE 0SQEE 3C2EE 4KxEE 2KxEE 0KxEE 3KxEE 3HJEE 4KxEE 2HQEE 0KxEE 3KxEE 2KxEE 2H4C4EE 0EE 3EE 4EE 2EE 2DKCKEE 0EE 3EE 4EE 2EE 2H3EE 0D9EE 3CQEE 4KxEE 2KxEE 4D5EE 2H6EE 4DTEE 2DJEE
%00039%result% 10324
%00039%points% 120 109 138 116 117
%00040%mibun% 10324
%00040%seat% 34210
%00040%palyer_cards% S6SJS2H7HTD4D7D9C3C5CA S3STH5H9HQH2D3DQDKC9J3 S5S7SQSAD6DJDAC4CQC2 S8S9H3H4H8HJHAC6CTCJCK S4SKH6HKD5D8DTD2C7C8 
%00040%change_cards%  41SKD2EE 20C2EE 14S3D3EE 02C3EE
%00040%play%  4S3D3EE 2EE 1EE 0EE 3EE 4EE 4D8C8EE 4S4EE 2S5EE 1STEE 0SJEE 3KxEE 4KxEE 2SQEE 1SKEE 0S2EE 2KxEE 1KxEE 0KxEE 1KxEE 1H9C9EE 0EE 3EE 4EE 2EE 1EE 1HQDQEE 0EE 3EE 4EE 2EE 1EE 1H2D2EE 0EE 3EE 4EE 2EE 1EE 1H5EE 0S6EE 3S8EE 3HJCJEE 4EE 2EE 1EE 0EE 3EE 3H3EE 4D5EE 2D6EE 1DKEE 0KxEE 3KxEE 4KxEE 2DAEE 2KxEE 2C3EE 0D4EE 3C6EE 4C7EE 2CQEE 0CAEE 3KxEE 4KxEE 2KxEE 0C2EE 0KxEE 0H7D7EE 3EE 4EE 2EE 0EE 0C5EE 3H8EE 3H4EE 4H6EE 2KxEE 0HTEE 3HAEE 4KxEE 0KxEE 3KxEE 3S9EE 4DTEE 2DJEE 0KxEE 3KxEE 4KxEE 2KxEE 2C4EE 0D9EE 3CTEE 4HKEE 2SAEE 3KxEE 2KxEE 2S7EE
%00040%result% 10423
%00040%points% 124 114 140 117 120
%00041%mibun% 10342
%00041%seat% 34210
%00041%palyer_cards% S5S7S8H8H9HKD3D8C9CQCK S3SJSAH6D4D6DJDAC3C5CT S6STS2H5HJHQD5DTD2C2 SKH3H4H7HTHAH2DQC4C8CA S4S9SQD7D9DKC6C7CJJ3 
%00041%change_cards%  31HAH2EE 20S2EE 13S3C3EE 02D3EE
%00041%play%  2H5D5EE 1EE 0EE 3EE 4EE 2EE 2STDTEE 1EE 0EE 3EE 4EE 2EE 2D2C2EE 1EE 0EE 3EE 4EE 2EE 2D3EE 1D4EE 0D8EE 0S8H8EE 0H9C9EE 3EE 4EE 2EE 1EE 0EE 0HKCKEE 3EE 4EE 2EE 1EE 0EE 0S5EE 3H7EE 4S9EE 2HJEE 1SAEE 0S2EE 3KxEE 4KxEE 2KxEE 1KxEE 0KxEE 4KxEE 4D7C7EE 2EE 1EE 0EE 3EE 4EE 4S4EE 2S6EE 1SJEE 0KxEE 3SKEE 4KxEE 2KxEE 1KxEE 3KxEE 3S3H3C3EE 4EE 2EE 1EE 0EE 3EE 3H4C4EE 4EE 2EE 1EE 0EE 3EE 3C8EE 3HTEE 4CJEE 2HQEE 1HAEE 0KxEE 3KxEE 4KxEE 1H2EE 1KxEE 1H6D6EE 0EE 3EE 4EE 1EE 1C5EE 0S7EE 3DQEE 4DKEE 1DAEE 0KxEE 3KxEE 4KxEE 1KxEE 1CTEE 0CQEE 3CAEE 4KxEE 1KxEE 4C6EE 1DJEE
%00041%result% 20314
%00041%points% 128 116 145 120 121
%00042%mibun% 13024
%00042%seat% 10234
%00042%palyer_cards% S4S7H4HTHKD4D6DTDQDA S6STH9H2D5D9DJD2C4C5 S3S5SKS2H6HJD7DKC3C7CA S8S9SJSAH3H7C8C9CTCJCK SQH5H8HQHAD3D8C6CQC2J3 
%00042%change_cards%  42C2J3EE 10H2EE 24S3C3EE 01S4EE
%00042%play%  4S3D3C3EE 1EE 0EE 2EE 3EE 4EE 4H8D8EE 4SQHQCQEE 1EE 0EE 2EE 3EE 4EE 4H5EE 1S6EE 0S7EE 2SKEE 3SAEE 4KxEE 1KxEE 0KxEE 2S2EE 3KxEE 2KxEE 2KxEE 2D7C7EE 3EE 4EE 1EE 0EE 2EE 2S5EE 3H7EE 4HAEE 1KxEE 0H2EE 2KxEE 3KxEE 4KxEE 0KxEE 0H4D4EE 2EE 3EE 4EE 1EE 0EE 0HTDTEE 2EE 3EE 4EE 1EE 0EE 0D6EE 2HJEE 3CKEE 4KxEE 1D2EE 0KxEE 2KxEE 3KxEE 1KxEE 1S4C4EE 0EE 2EE 3EE 4EE 1EE 1D5C5EE 0EE 2EE 3EE 4EE 1EE 1H9D9EE 0EE 2EE 3EE 4EE 1EE 1STEE 0DQEE 2DKEE 3KxEE 4KxEE 1KxEE 0DAEE 2KxEE 0KxEE 0HKEE 2CAEE 3KxEE 4KxEE 1KxEE 2C2EE 2KxEE 2H6EE 3S8EE 3C8C9CTCJEE 3H3EE 4C6EE 1DJEE
%00042%result% 02413
%00042%points% 133 118 149 121 124
%00043%mibun% 03142
%00043%seat% 10234
%00043%palyer_cards% S5S7SKH3H6H7HKD7C7CTCJ S4S6S8SQS2D3DTC3C6C8 SJH5H9H2D4D9C5CKCAC2J3 S3STSAHTHJHQHAD5DJC9CQ S9H4H8D6D8DQDKDAD2C4 
%00043%change_cards%  30SAHAEE 12S2EE 03S5H3EE 21D4EE
%00043%play%  1D3C3EE 0EE 2EE 3EE 4EE 1EE 1S4D4EE 0EE 2EE 3EE 4EE 1EE 1S6C6EE 0EE 2EE 3EE 4EE 1EE 1S8C8EE 1DTEE 0CJEE 2CKEE 3KxEE 4KxEE 1KxEE 0KxEE 2CAEE 2C2EE 2KxEE 2KxEE 2H5C5EE 3EE 4EE 1EE 0EE 2EE 2H9D9EE 3EE 4EE 1EE 0EE 2EE 2S2H2EE 3EE 4EE 1EE 0EE 2EE 2SJEE 3HQEE 4DKEE 1KxEE 0SAEE 3KxEE 4D2EE 0KxEE 4KxEE 4H4C4EE 1EE 0EE 3EE 4EE 4H8D8EE 4D6EE 1SQEE 0SKEE 3KxEE 4KxEE 0KxEE 0S7H7D7C7EE 3EE 4EE 0EE 0EE 3EE 4EE 0EE 3EE 4EE 0EE 3EE 4EE 0EE 3EE 4EE 0EE 3EE 4EE 0EE 3EE
%00043%result% 21430
%00043%points% 134 122 154 123 127
%00044%mibun% 41032
%00044%seat% 10234
%00044%palyer_cards% S5STHQHKD9DKC3C5C7CK HAD5D7D8DJC4CJCQC2J3 S8S9SJSQSKH4H9DTDQCTCA S4S7H3H5H8D4D6DAD2C8C9 S3S6SAS2H6H7HTHJH2D3C6 
%00044%change_cards%  02HKDKEE 31D2EE 20S8H4EE 13C4EE
%00044%play%  4S3D3EE 1EE 0EE 2EE 3EE 4EE 4S6H6C6EE 1EE 0EE 2EE 3EE 4EE 4S2H2EE 1EE 0EE 2EE 3EE 4EE 4H7EE 1D8EE 1DJCJEE 0EE 2EE 3EE 4EE 1EE 1D2C2EE 0EE 2EE 3EE 4EE 1EE 1D5EE 0C7EE 2S9EE 3DAEE 4KxEE 1KxEE 0KxEE 2KxEE 3KxEE 1KxEE 1D7EE 0S8EE 0S5C5EE 2EE 3EE 4EE 1EE 0EE 0C3EE 2H9EE 3KxEE 4HTEE 1HAEE 0KxEE 2KxEE 4KxEE 1KxEE 1CQEE 0CKEE 2CAEE 3KxEE 4KxEE 0KxEE 2KxEE 2SJSQSKEE 3EE 4EE 0EE 2EE 2DTCTEE 3EE 4EE 0EE 2EE 2HKDKEE 3EE 4EE 0EE 2EE 2DQEE 3KxEE 4SAEE 0KxEE 4KxEE 4HJEE 0HQEE 3KxEE 0KxEE 0H4EE 3H5EE 0KxEE 3H8EE 3S4D4C4EE 0EE 3EE 3H3EE 0D9EE 3KxEE 0STEE
%00044%result% 12403
%00044%points% 136 127 158 124 130
%00045%mibun% 30142
%00045%seat% 10234
%00045%palyer_cards% S4S7S8S9SQH9HKD3D5DACQ H3H6H8H2D6DJDQC5C6C7CJ STSAH4HTHAD7DKD2C4CTJ3 S3S6SJH5H7HJHQDTCAC2 S5SKS2D4D8D9C3C8C9CK 
%00045%change_cards%  31CAC2EE 02DAEE 13H3C5EE 20H4EE
%00045%play%  0S7S8S9EE 0S4H4EE 2EE 3EE 4EE 1EE 0EE 0SQCQEE 2EE 3EE 4EE 1EE 0EE 0D3EE 2C4EE 3H5EE 4D8EE 4D9C9EE 1EE 0EE 2EE 3EE 4EE 4SKCKEE 1EE 0EE 2EE 3EE 4EE 4C3EE 1H6EE 0H9EE 2HTEE 3HJEE 4KxEE 1H2EE 0KxEE 2KxEE 3KxEE 1KxEE 2KxEE 2DKDAD2EE 3EE 4EE 1EE 0EE 2EE 2STCTEE 3EE 4EE 1EE 0EE 2EE 2SAHAEE 3EE 4EE 1EE 0EE 2EE 2D7EE 3DTEE 4KxEE 1DJEE 0KxEE 3KxEE 1DQEE 1KxEE 1D6C6EE 0EE 3EE 4EE 1EE 1C7EE 0HKEE 3KxEE 4S2EE 1KxEE 0KxEE 4KxEE 4D4EE 1H8EE 1CJEE 0KxEE 3HQEE 4KxEE 1CAEE 3KxEE 1C2EE 0D5EE 3S6EE 4C8EE 4S5EE
%00045%result% 21043
%00045%points% 139 131 163 125 132
%00046%mibun% 21043
%00046%seat% 10234
%00046%palyer_cards% SJH7H9HTHKD5C3C4C9CQ S3S4S9H5HAH2D3D6CTCA S8S2H4H6HJD9DTDQC6CKC2 S5S6H3HQD7D8DKDAC8CJJ3 S7STSQSKSAH8D4DJD2C5C7 
%00046%change_cards%  32DAJ3EE 41D2EE 23H4H6EE 14S3EE
%00046%play%  1HACAEE 0EE 2EE 3EE 4EE 1EE 1H2D2EE 0EE 2EE 3EE 4EE 1EE 1D3EE 0C4EE 2C6EE 3C8EE 3S6H6EE 4EE 1EE 0EE 2EE 3EE 3H3EE 4D4EE 1H5EE 0H7EE 2HJEE 3HQEE 4KxEE 1KxEE 0HKEE 2KxEE 3KxEE 0KxEE 2KxEE 2S2C2EE 3EE 4EE 1EE 0EE 2EE 2S8EE 2D9EE 3CJEE 4SQEE 1KxEE 0KxEE 2CKEE 3KxEE 4SAEE 2KxEE 4KxEE 4S7C7EE 1EE 0EE 2EE 3EE 4EE 4S3EE 1S4EE 0SJEE 2KxEE 3KxEE 4SKEE 1KxEE 0KxEE 4KxEE 4C5EE 1D6EE 0H9EE 2DTEE 3DKEE 4KxEE 1KxEE 0KxEE 2DAEE 3KxEE 2KxEE 2DQEE 3KxEE 4KxEE 1KxEE 0KxEE 3H4EE 4H8EE 4STEE 1KxEE 0CQEE 3KxEE 4KxEE 0KxEE 0C3EE 3S5EE 4DJEE 1KxEE 0KxEE 3KxEE 1S9EE 0HTEE 3KxEE 1KxEE 0KxEE 0D5EE 3D7EE 1KxEE 0KxEE 3D8EE 1CTEE
%00046%result% 24310
%00046%points% 140 133 168 128 136
%00047%mibun% 43021
%00047%seat% 10234
%00047%palyer_cards% S4H6H8HTD8C9CJCQCKC2 S3S7SJH3H9D6DTDQDAC8 S5S9STSAH4H7HJD9DJDKC7 S8H5HKHAD4D5D7D2C5C6CA S6SQSKS2HQH2D3C3C4CTJ3 
%00047%change_cards%  02CKC2EE 14DAEE 20S5H4EE 41D3EE
%00047%play%  1S3H3D3EE 0EE 2EE 3EE 4EE 1EE 1D6EE 0H8EE 0S4H4EE 2EE 3EE 4EE 1EE 0EE 0S5EE 2H7EE 3S8EE 3H5D5C5EE 4EE 1EE 0EE 2EE 3EE 3HACAEE 4EE 1EE 0EE 2EE 3EE 3D4EE 4S6EE 1S7EE 0KxEE 2S9EE 3KxEE 4SQEE 1KxEE 2SAEE 4S2EE 2KxEE 4KxEE 4KxEE 4C3EE 1C8EE 1H9EE 0HTEE 2HJEE 3HKEE 4H2EE 1KxEE 0KxEE 2KxEE 3KxEE 4KxEE 4C4EE 1DTEE 0CJEE 2DKEE 3D2EE 4KxEE 1KxEE 0KxEE 2KxEE 3KxEE 3C6EE 4CTEE 1KxEE 0CQEE 2CKEE 3KxEE 4KxEE 0KxEE 2C2EE 2KxEE 2C7EE 3KxEE 4HQEE 1KxEE 0KxEE 2KxEE 4SKEE 4DAEE 1SJEE 0KxEE 2KxEE 3KxEE 1DQEE 0H6EE 2D9EE 3KxEE 0KxEE 2STEE 2DJEE 3D7EE
%00047%result% 41230
%00047%points% 141 137 171 130 141
%00048%mibun% 41230
%00048%seat% 34021
%00048%palyer_cards% SKH6H7HKD3D6D8DQC9CKJ3 S9H3H9HTHAD4D7DTDKC7 S5S7SJS2H5H2D5D9C3C5C6 S3S8SAH4HQDJDAC4CTCJ S4S6STSQH8HJD2C8CQCAC2 
%00048%change_cards%  04SKJ3EE 31SAEE 40S4S6EE 13H3EE
%00048%play%  0S6H6D6EE 2EE 1EE 3EE 4EE 0EE 0HKCKEE 2EE 1EE 3EE 4EE 0EE 0D3EE 2S5EE 1D7EE 3S8EE 3S3H3EE 4EE 0EE 2EE 1EE 3EE 3H4C4EE 4EE 0EE 2EE 1EE 3EE 3DJCJEE 4EE 0EE 2EE 1EE 3EE 3CTEE 4HJEE 0DQEE 2S2EE 1KxEE 3KxEE 4KxEE 0KxEE 2KxEE 4KxEE 4H8C8EE 4SQCQEE 0EE 2EE 1EE 3EE 4EE 4D2C2EE 0EE 2EE 1EE 3EE 4EE 4STEE 0KxEE 2SJEE 1SAEE 3KxEE 4KxEE 2KxEE 1KxEE 1S9H9EE 3EE 4EE 0EE 2EE 1EE 1HTDTEE 3EE 4EE 0EE 2EE 1EE 1D4EE 3HQEE 4SKEE 0KxEE 2H2EE 1KxEE 3KxEE 4KxEE 2KxEE 2H5D5C5EE 1EE 3EE 4EE 0EE 2EE 2C3EE 1C7EE 3KxEE 4CAEE 0KxEE 2KxEE 1KxEE 0S4EE 2C6EE 1DKEE 3DAEE 0KxEE 2KxEE 1KxEE 0H7EE 2D9EE 1HAEE 0KxEE 2KxEE 0D8EE 0C9EE
%00048%result% 43102
%00048%points% 143 140 172 134 146
%00049%mibun% 32410
%00049%seat% 34021
%00049%palyer_cards% STSAS2H4H7D6D8D9C3CTCK HTHJD4D5D7DTDKDAC9J3 S3S5S6S8S9SJSKHAC4C5CJ S4S7SQH3H9H2D3D2C8CA H5H6H8HQHKDJDQC6C7CQC2 
%00049%change_cards%  24SKHAEE 03S2EE 42H5H6EE 30H3EE
%00049%play%  3S2H2D2EE 4EE 0EE 2EE 1EE 3EE 3D3EE 4C6EE 0H7EE 2S8EE 2S5H5C5EE 1EE 3EE 4EE 0EE 2EE 2S6H6EE 1EE 3EE 4EE 0EE 2EE 2SJCJEE 1EE 3EE 4EE 0EE 2EE 2S3EE 1D4EE 3S7EE 4H8EE 4HQHKHAEE 0EE 2EE 1EE 3EE 4EE 4DQCQEE 0EE 2EE 1EE 3EE 4EE 4C7EE 0D8EE 0H3C3EE 2EE 1EE 3EE 4EE 0EE 0STCTEE 2EE 1EE 3EE 4EE 0EE 0H4EE 2S9EE 1HTEE 3SQEE 4SKEE 0SAEE 2KxEE 1KxEE 3KxEE 4KxEE 0KxEE 1KxEE 1D5EE 3C8EE 3S4EE 4DJEE 0CKEE 2KxEE 1DAEE 3KxEE 4C2EE 0KxEE 1KxEE 0D6EE 2KxEE 1D7EE 3KxEE 0D9EE 1DTEE 1DKEE 1KxEE 1C9EE 3CAEE 2KxEE 1KxEE 3KxEE 3H9EE 2KxEE 1HJEE
%00049%result% 40312
%00049%points% 147 142 173 137 151
%00050%mibun% 13420
%00050%seat% 34021
%00050%palyer_cards% SQH3H4H6H9D4DJDKDAC4CT S9D3D6DTD2C3C6CJC2J3 S3S5S7SJH5HTD7D9DQC9CQ S4S6S8SKSAS2HJD8C7CA STH7H8HQHKHAH2D5C5C8CK 
%00050%change_cards%  24DQCQEE 10J3EE 42D5C5EE 01H3EE
%00050%play%  1H3D3C3EE 3EE 4EE 0EE 2EE 1EE 1D6C6EE 3EE 4EE 0EE 2EE 1EE 1D2C2EE 3EE 4EE 0EE 2EE 1EE 1S9EE 3HJEE 4HQEE 0KxEE 2KxEE 1KxEE 3KxEE 4KxEE 0KxEE 0H4D4C4EE 2EE 1EE 3EE 4EE 0EE 0H6EE 2S7EE 1DTEE 3SKEE 4HAEE 0KxEE 2KxEE 1KxEE 3S2EE 4KxEE 3KxEE 3S8D8EE 3SACAEE 4EE 0EE 2EE 1EE 3EE 3S4EE 4H7EE 0H9EE 2HTEE 1KxEE 3KxEE 4HKEE 0KxEE 2KxEE 4H2EE 4KxEE 4H8C8EE 4DQCQEE 0EE 2EE 1EE 3EE 4EE 4STEE 0DJEE 2KxEE 1KxEE 3KxEE 4CKEE 0DAEE 0KxEE 0CTEE 2SJEE 1KxEE 3KxEE 0SQEE 2KxEE 0KxEE 0DKEE 2KxEE 1KxEE 3KxEE 2S5H5D5C5EE 1EE 3EE 2EE 2EE 1EE 3EE 2EE 1EE 3EE 2EE 1EE 3EE 2EE 1EE 3EE 2EE 1EE 3EE 2EE 1EE
%00050%result% 40231
%00050%points% 151 143 176 139 156
%00051%mibun% 14230
%00051%seat% 01243
%00051%palyer_cards% S6SAH4H5H7HQD3D5D8C4CA HTHAH2D4DTDJC6C9CTJ3 S7S9STSQSKS2DAC7CQC2 S3S4S5S8H3H8D6D7C5C8CJ SJH6H9HJHKD9DQDKD2C3CK 
%00051%change_cards%  14H2J3EE 30CJEE 41H6C3EE 03D3EE
%00051%play%  3S3S4S5EE 0EE 1EE 2EE 4EE 3EE 3H3D3EE 0EE 1EE 2EE 4EE 3EE 3S8H8C8EE 3C5EE 0S6EE 1C9EE 2STEE 4SJEE 3KxEE 0SAEE 1KxEE 2S2EE 4KxEE 0KxEE 2KxEE 4KxEE 4H9D9EE 3EE 0EE 1EE 2EE 4EE 4HKDKCKEE 3EE 0EE 1EE 2EE 4EE 4H2D2EE 3EE 0EE 1EE 2EE 4EE 4HJEE 3KxEE 0HQEE 1HAEE 2KxEE 4KxEE 0KxEE 1KxEE 1H6C6EE 2EE 4EE 3EE 0EE 1EE 1HTDTCTEE 2EE 4EE 3EE 0EE 1EE 1C3EE 2S7EE 4DQEE 3KxEE 0CAEE 1KxEE 2C2EE 0KxEE 2KxEE 2SQCQEE 3EE 0EE 1EE 2EE 2C7EE 3KxEE 0D8EE 0H4C4EE 1EE 2EE 3EE 0EE 0H5D5EE 1EE 2EE 3EE 0EE 0H7EE 1DJEE 2SKEE 3KxEE 0KxEE 1KxEE 2DAEE 2KxEE 2S9EE 3KxEE 0CJEE 1KxEE 1D4EE
%00051%result% 42013
%00051%points% 154 145 180 140 161
%00052%mibun% 23140
%00052%seat% 01243
%00052%palyer_cards% S6STSAS2H5D6D7D8C4C5J3 S3SQH3H4HKD3D4C6C9C2 S4H7H8HJHAH2D9DTCJCA S5S8SJH6HQDKDAC7C8CTCK S7S9SKH9HTD5DJDQD2C3CQ 
%00052%change_cards%  34DKDAEE 12C2EE 43D5C3EE 21S4EE
%00052%play%  1S3H3D3EE 2EE 4EE 3EE 0EE 1EE 1S4H4D4EE 2EE 4EE 3EE 0EE 1EE 1C6EE 2H7EE 4S9EE 3CTEE 0SAEE 1KxEE 2H2EE 4KxEE 3KxEE 0KxEE 2KxEE 0KxEE 0D6D7D8EE 0H5C5EE 1EE 2EE 4EE 3EE 0EE 0C4EE 1C9EE 2CJEE 4CQEE 3CKEE 0KxEE 1KxEE 2CAEE 4KxEE 3KxEE 2C2EE 2KxEE 2H8EE 2D9EE 4HTEE 3SJEE 0S2EE 1KxEE 2KxEE 4KxEE 3KxEE 0KxEE 0S6EE 1SQEE 2KxEE 4SKEE 3KxEE 0KxEE 1KxEE 4KxEE 4DJDQDKDAD2EE 3EE 0EE 1EE 2EE 4EE 4EE 3EE 0EE 1EE 2EE 4EE 3EE 0EE 1EE 2EE 4EE 3EE 0EE 1EE 2EE
%00052%result% 40132
%00052%points% 158 148 181 142 166
%00053%mibun% 12430
%00053%seat% 01243
%00053%palyer_cards% S4STSJH4H8HQD6DTD2C6CQ S7S9SKH7HTHKD4D8DQC9 S6S8S2H5H6HJC4C5C7CK S3SAH3H9D5D7DKDAC8C2J3 S5SQHAH2D3D9DJC3CTCJCA 
%00053%change_cards%  24S2CKEE 30J3EE 42D3C3EE 03S4EE
%00053%play%  2C3C4C5EE 4EE 3EE 0EE 1EE 2EE 2S6H6EE 4EE 3EE 0EE 1EE 2EE 2D3EE 4S5EE 3D7EE 0H8EE 0D6C6EE 1EE 2EE 4EE 3EE 0EE 0STDTEE 1EE 2EE 4EE 3EE 0EE 0HQCQEE 1EE 2EE 4EE 3EE 0EE 0H4EE 1S7EE 2S8EE 2H5EE 4D9EE 3DKEE 0D2EE 1KxEE 2KxEE 4KxEE 3KxEE 0KxEE 0KxEE 0SJEE 1DQEE 2KxEE 4CKEE 3SAEE 1KxEE 4S2EE 3KxEE 4KxEE 4DJCJEE 3EE 1EE 2EE 4EE 4HACAEE 3EE 1EE 2EE 4EE 4CTEE 3DAEE 1KxEE 2KxEE 4H2EE 3KxEE 4KxEE 4SQEE 3C2EE 1KxEE 2KxEE 3KxEE 3S3H3EE 1EE 2EE 3EE 3S4EE 1H7EE 2HJEE 3KxEE 1HKEE 2KxEE 1KxEE 1S9C9EE 2EE 3EE 1EE 1D4EE 2C7EE 3C8EE 3D5EE 1D8EE 1HTEE 3KxEE 1SKEE
%00053%result% 04213
%00053%points% 163 150 184 143 170
%00054%mibun% 03241
%00054%seat% 13420
%00054%palyer_cards% S7SJSKH5D4D5D6DTDKC3C4 S3H6H8HTHJHKH2D3D8D2C9 S4S6STSQD7D9DJC8CQJ3 S5SAS2H3H9HQHAC5C7CTCA S8S9H4H7DQDAC6CJCKC2 
%00054%change_cards%  30SAS2EE 14H2EE 03D4C3EE 41H4EE
%00054%play%  1S3D3EE 3EE 4EE 2EE 0EE 1EE 1H8D8EE 1H4EE 3S5EE 4C6EE 2D7EE 0DTEE 1D2EE 3KxEE 4KxEE 2KxEE 0KxEE 1KxEE 2KxEE 2SQCQEE 0EE 1EE 3EE 4EE 2EE 2S4EE 0H5EE 1H6EE 3H9EE 4H2EE 2KxEE 0KxEE 1KxEE 3KxEE 4KxEE 4H7EE 2C8EE 2S6EE 0S7EE 1KxEE 3KxEE 4S8EE 4S9EE 2STEE 0SJEE 1KxEE 3KxEE 4KxEE 2KxEE 0SKEE 0SAEE 0S2EE 0KxEE 0C4EE 1C9EE 3CTEE 4CJEE 2KxEE 0KxEE 1KxEE 3CAEE 4C2EE 3KxEE 4KxEE 4DQEE 2KxEE 0DKEE 1KxEE 3KxEE 4DAEE 0KxEE 4KxEE 4CKEE 2KxEE 0KxEE 1KxEE 3HAEE 3KxEE 3H3C3EE 2EE 0EE 1EE 3EE 3D4EE 2D9EE 0KxEE 1KxEE 3KxEE 2DJEE 0D5EE 1HTEE 3HQEE 0KxEE 1HKEE 3KxEE 1KxEE 1HJEE 3KxEE 0KxEE 3C5EE 0D6EE
%00054%result% 42103
%00054%points% 165 153 188 144 175
%00055%mibun% 32140
%00055%seat% 13420
%00055%palyer_cards% S5S6H7H9D6DQDAC5C6C9CK S3S7SJH6HTH2D3D7D2CJ S4S8SKH3HQHKHADTC7C8CA STSQSAH5H8HJD9DJDKJ3 S9S2H4D4D5D8C3C4CTCQC2 
%00055%change_cards%  34SAJ3EE 02DAEE 43H4C3EE 20H3EE
%00055%play%  1S3D3EE 3EE 4EE 2EE 0EE 1EE 1S7D7EE 3EE 4EE 2EE 0EE 1EE 1SJCJEE 3EE 4EE 2EE 0EE 1EE 1H2D2EE 3EE 4EE 2EE 0EE 1EE 1H6EE 3H8EE 3HJDJEE 4EE 2EE 0EE 1EE 3EE 3C3EE 4D4EE 2C7EE 0H9EE 1HTEE 3KxEE 4KxEE 2KxEE 0KxEE 4KxEE 4S2C2EE 2EE 0EE 3EE 4EE 4C4EE 2S8EE 2HQHKHAEE 0EE 3EE 4EE 2EE 2DACAEE 0EE 3EE 4EE 2EE 2S4EE 0S5EE 3STEE 4SAEE 2KxEE 0KxEE 3KxEE 4KxEE 4D5EE 2C8EE 2DTEE 0DQEE 3DKEE 4KxEE 2KxEE 0KxEE 3KxEE 3H4EE 4D8EE 4S9EE 2SKEE 0KxEE 3KxEE 4KxEE 0S6D6C6EE 3EE 4EE 0EE 0H3EE 3H5EE 4KxEE 0H7EE 3KxEE 0KxEE 0C5EE 3D9EE 4CTEE 0CKEE 3KxEE 4KxEE 0KxEE 0C9EE 3SQEE
%00055%result% 12034
%00055%points% 168 158 192 146 176
%00056%mibun% 20134
%00056%seat% 13420
%00056%palyer_cards% H4HAH2D8DTDKD2C7C9CK S5SQSKS2HTHJHKDJC8CJCQ S3STH5H6H7H8H9C3C5C2 S4S7S8SJH3HQD6C6CTCAJ3 S6S9SAD3D4D5D7D9DQDAC4 
%00056%change_cards%  41SADAEE 32J3EE 14S5C8EE 23S3EE
%00056%play%  4D3D4D5EE 2EE 0EE 1EE 3EE 4EE 4S9D9EE 2EE 0EE 1EE 3EE 4EE 4C4EE 2H5EE 0C7EE 1HTEE 3SJEE 4DQEE 2C2EE 0KxEE 1KxEE 3KxEE 4KxEE 2KxEE 2KxEE 2H6H7H8H9EE 2C3EE 0H4EE 1HJEE 3HQEE 4KxEE 2KxEE 0HAEE 1KxEE 3KxEE 0H2EE 0KxEE 0DKCKEE 1EE 3EE 4EE 2EE 0EE 0D8EE 0C9EE 1DJEE 3CAEE 4KxEE 2KxEE 0D2EE 1KxEE 3KxEE 0KxEE 0DTEE 1CJEE 3KxEE 4KxEE 2KxEE 1SQEE 1SKEE 1SAEE 1S2EE 1KxEE 1CQEE 3KxEE 4KxEE 2KxEE 1HKEE 1DAEE 3S3H3EE 4EE 2EE 3EE 3D6C6EE 4EE 2EE 3EE 3S4EE 4S5EE 2STEE 3KxEE 4KxEE 2KxEE 2C5EE 3S7EE 4C8EE 4S6EE 3S8EE 3CTEE
%00056%result% 01234
%00056%points% 173 162 195 148 177
%00057%mibun% 01234
%00057%seat% 42310
%00057%palyer_cards% S5S6S2H3HKH2D4D2C6C7CJ SKH7D3D6D7C3C4C9CQCA S3S4S8STH5H6H8HAD5D9CT S7S9SJSAH4H9DQDKDAC2 SQHTHJHQD8DTDJC5C8CKJ3 
%00057%change_cards%  40CKJ3EE 31C2EE 04H3D4EE 13D3EE
%00057%play%  3DQDKDAEE 1EE 0EE 4EE 2EE 3EE 3S9H9EE 1EE 0EE 4EE 2EE 3EE 3D3EE 1C4EE 0S5EE 4D8EE 4HTHJHQEE 2EE 3EE 1EE 0EE 4EE 4H3EE 2S4EE 3S7EE 1SKEE 0S2EE 4KxEE 2KxEE 3KxEE 1KxEE 0KxEE 0KxEE 0S6C6EE 4EE 2EE 3EE 1EE 0EE 0HKCKEE 4EE 2EE 3EE 1EE 0EE 0H2D2EE 4EE 2EE 3EE 1EE 0EE 0C7EE 4C8EE 4D4EE 2H5EE 3SJEE 1CQEE 0KxEE 4KxEE 2HAEE 3KxEE 1C2EE 2KxEE 1KxEE 1H7D7EE 0EE 4EE 2EE 3EE 1EE 1C3EE 0CJEE 4KxEE 2KxEE 3KxEE 1CAEE 1KxEE 1D6EE 4DTEE 2KxEE 3KxEE 1KxEE 4DJEE 4KxEE 4C5EE 2H6EE 3SAEE 1KxEE 4KxEE 2KxEE 3KxEE 3H4EE 1C9EE 4SQEE
%00057%result% 03142
%00057%points% 178 165 196 152 179
%00058%mibun% 02413
%00058%seat% 42310
%00058%palyer_cards% S4H3H7HJHQD8D9DTC8CQJ3 S5S6SJSQH5DJDQCJCAC2 S9SKH6HKH2D3D5D6D2C4C7 STS2H4H9HTD7C5C6C9CK S3S7S8SAH8HAD4DKDAC3CT 
%00058%change_cards%  20H2D2EE 43SAEE 02S4H3EE 34H4EE
%00058%play%  2H3D3EE 3EE 1EE 0EE 4EE 2EE 2S4C4EE 3EE 1EE 0EE 4EE 2EE 2H6D6EE 3EE 1EE 0EE 4EE 2EE 2SKHKEE 3EE 1EE 0EE 4EE 2EE 2D5EE 3C6EE 1SJEE 0HQEE 4DKEE 2KxEE 3SAEE 1C2EE 0KxEE 4KxEE 3KxEE 1KxEE 0KxEE 0D8D9DTEE 0H2D2EE 4EE 2EE 3EE 1EE 0EE 0H7EE 4S8EE 4S3C3EE 2EE 3EE 1EE 0EE 4EE 4H4D4EE 2EE 3EE 1EE 0EE 4EE 4HADAEE 2EE 3EE 1EE 0EE 4EE 4S7EE 2S9EE 3STEE 1SQEE 0KxEE 4KxEE 2KxEE 3S2EE 1KxEE 3KxEE 3H9C9EE 1EE 0EE 4EE 2EE 3EE 3C5EE 1S6EE 0C8EE 0HJEE 4KxEE 2KxEE 3CKEE 1CAEE 0KxEE 3KxEE 1KxEE 1S5H5EE 0EE 4EE 2EE 3EE 1EE 1DJCJEE 0EE 4EE 2EE 3EE 1EE 1DQEE 0KxEE 4KxEE 2KxEE 3KxEE 0CQEE 4KxEE 2KxEE 3KxEE 4H8EE 4CTEE 2KxEE 3KxEE 2C7EE
%00058%result% 10423
%00058%points% 182 170 198 153 182
%00059%mibun% 10342
%00059%seat% 42310
%00059%palyer_cards% S6S7STSQS2H3H7H9C3CTJ3 S3SKSAHQHKHAD6D7DTDAC7 S9HJD9DKD2CJCQCKCAC2 S4S8H5H2D3D4D8DJC6C9 S5SJH4H6H8HTD5DQC4C5C8 
%00059%change_cards%  31H2DJEE 20D2EE 13S3D6EE 02H3EE
%00059%play%  3S3D3EE 1EE 0EE 4EE 2EE 3EE 3S4D4EE 1EE 0EE 4EE 2EE 3EE 3D6C6EE 1EE 0EE 4EE 2EE 3EE 3S8D8EE 3H5EE 1D7EE 0H9EE 4HTEE 2HJEE 3KxEE 1HQEE 0KxEE 4KxEE 2KxEE 1KxEE 0KxEE 0S7H7EE 4EE 2EE 3EE 1EE 0EE 0STCTEE 4EE 2EE 3EE 1EE 0EE 0S2D2EE 4EE 2EE 3EE 1EE 0EE 0C3EE 4H4EE 2S9EE 3KxEE 1DTEE 0SQEE 4KxEE 2DKEE 1SAEE 0KxEE 2C2EE 1KxEE 2KxEE 2CJCQCKCAEE 3EE 1EE 0EE 4EE 2EE 2H3EE 3C9EE 1DJEE 0KxEE 4DQEE 2KxEE 1DAEE 4KxEE 1KxEE 1HKHAH2EE 0EE 4EE 2EE 1EE 1C7EE 0KxEE 4H8EE 4S5D5C5EE 2EE 1EE 0EE 4EE 4C4EE 2D9EE 1SKEE 0KxEE 4KxEE 0S6EE
%00059%result% 32104
%00059%points% 184 173 202 158 183
%00060%mibun% 32104
%00060%seat% 40312
%00060%palyer_cards% SKH3H5H8H9HQD4CAC2J3 S4S5S6S7S9SQH7HADJDQC7 HTHJH2D3D7DKD2C5C6C8CK S8SAS2H4HKD5D6DTDAC4CQ S3STSJH6D8D9C3C9CTCJ 
%00060%change_cards%  43SJCJEE 02J3EE 34H4C4EE 20D3EE
%00060%play%  0H3D3EE 3EE 1EE 2EE 4EE 0EE 0D4EE 3D5EE 1DJEE 2DKEE 4KxEE 0KxEE 3DAEE 1KxEE 2D2EE 3KxEE 2KxEE 2KxEE 2C5EE 4H6EE 0H8EE 0H5EE 3D6EE 1S7EE 2C8EE 2C6EE 4D8EE 4S3C3EE 0EE 3EE 1EE 2EE 4EE 4H4C4EE 0EE 3EE 1EE 2EE 4EE 4D9C9EE 0EE 3EE 1EE 2EE 4EE 4STCTEE 0EE 3EE 1EE 2EE 0H9EE 3DTEE 1SQEE 2CKEE 0CAEE 3KxEE 1KxEE 2KxEE 0C2EE 0KxEE 0HQEE 3HKEE 1HAEE 2H2EE 0KxEE 3KxEE 1KxEE 2KxEE 2D7EE 0SKEE 3SAEE 1KxEE 2KxEE 3S2EE 3KxEE 3SJCJEE 1EE 2EE 3EE 3S8EE 3CQEE 1KxEE 2KxEE 1S4S5S6EE 2EE 1EE 1H7C7EE 2EE 1EE 1S9EE 2HTEE 1DQEE
%00060%result% 40312
%00060%points% 188 175 203 161 188
%00061%mibun% 13420
%00061%seat% 40312
%00061%palyer_cards% S5S7S9H5H8D5D9DKC3C4C6 S4S8H4H9HJHQDJC7C8J3 SJSAS2H3H7HKD4CTCJCK S3S6SQHAH2D7DTDQD2C9C2 STSKH6HTD3D6D8DAC5CQCA 
%00061%change_cards%  24SAS2EE 10J3EE 42D3C5EE 01C3EE
%00061%play%  2H3D3EE 4EE 0EE 3EE 1EE 2EE 2SJCJEE 4EE 0EE 3EE 1EE 2EE 2HKCKEE 4EE 0EE 3EE 1EE 2EE 2D4EE 4H6EE 0S7EE 3C9EE 1HJEE 2KxEE 4CQEE 0DKEE 3HAEE 1KxEE 4S2EE 0KxEE 3KxEE 4KxEE 0KxEE 0S5H5D5EE 3EE 1EE 2EE 4EE 0EE 0S9D9EE 3EE 1EE 2EE 4EE 0EE 0C4EE 3S6EE 1C7EE 2CTEE 4CAEE 0KxEE 3C2EE 1KxEE 2KxEE 4KxEE 3KxEE 3SQDQEE 1EE 2EE 4EE 0EE 3EE 3H2D2EE 1EE 2EE 4EE 0EE 3EE 3S3EE 1S4EE 2KxEE 4STEE 0KxEE 3KxEE 1KxEE 4SKEE 4SAEE 4KxEE 4D6EE 0H8EE 0C6EE 3D7EE 1S8EE 1C3EE 2C5EE 4KxEE 3KxEE 1C8EE 1H4EE 2H7EE 4HTEE 3KxEE 1HQEE 4KxEE 1KxEE 1H9EE 4DAEE 3KxEE 1KxEE 4KxEE 4D8EE 3DTEE
%00061%result% 02431
%00061%points% 193 176 207 163 191
%00062%mibun% 04132
%00062%seat% 40312
%00062%palyer_cards% S3S4S5H5H6D6D7DTDQDACJ S9H7H8D3D5D2C3C4C7C9C2 STSAHJH2D8DJC8CQCKCA S7SJSQSKS2H3H9HTD4DKCT S6S8H4HQHKHAD9C5C6J3 
%00062%change_cards%  10D2C2EE 32S2EE 01S3S4EE 23D8EE
%00062%play%  1S3D3C3EE 2EE 4EE 0EE 3EE 1EE 1S4C4EE 2EE 4EE 0EE 3EE 1EE 1H7C7EE 2EE 4EE 0EE 3EE 1EE 1S9C9EE 2EE 4EE 0EE 3EE 1EE 1D5EE 2C8EE 2CQCKCAEE 4EE 0EE 3EE 1EE 2EE 2HJDJEE 4EE 0EE 3EE 1EE 2EE 2S2H2EE 4EE 0EE 3EE 1EE 2EE 2STEE 4HQEE 0DAEE 3KxEE 1KxEE 2KxEE 4KxEE 0KxEE 4KxEE 4S6C6EE 0EE 3EE 1EE 2EE 4EE 4H4EE 0S5EE 3S7EE 1KxEE 2SAEE 4KxEE 0KxEE 3KxEE 4C5EE 0H6EE 3D8EE 3SJSQSKEE 1EE 4EE 0EE 3EE 3HTCTEE 1EE 4EE 0EE 3EE 3H3EE 1H8EE 4S8EE 4D9EE 0DTEE 3DKEE 4KxEE 0D2EE 3KxEE 0KxEE 0H5EE 3H9EE 4HKEE 0KxEE 3KxEE 4HAEE 0D6EE 3KxEE 0D7EE 0DQEE 0KxEE 0CJEE 3KxEE 0C2EE
%00062%result% 21403
%00062%points% 195 180 212 164 194
%00063%mibun% 31042
%00063%seat% 23140
%00063%palyer_cards% HJHKD4D5DJD2C3C9CAC2 S4S9STSQH3D6D9DTDQC6CT S3SAH4H7HTHQH2D8DAC7C8 S5S6S7SJSKH5HADKC5CJJ3 S8S2H6H8H9D3D7C4CQCK 
%00063%change_cards%  32HAJ3EE 01D2EE 23S3H4EE 10H3EE
%00063%play%  4S8H8EE 4D3EE 0D4EE 2D8EE 2H7C7EE 3EE 1EE 4EE 0EE 2EE 2SAHADAEE 3EE 1EE 4EE 0EE 2EE 2C8EE 2HTEE 3SJEE 1SQEE 4S2EE 0KxEE 2KxEE 3KxEE 1KxEE 4KxEE 2KxEE 2HQEE 3SKEE 1D2EE 4KxEE 0KxEE 2KxEE 3KxEE 1KxEE 1D6C6EE 4EE 0EE 2EE 3EE 1EE 1S9D9EE 4EE 0EE 2EE 3EE 1EE 1STDTCTEE 4EE 0EE 2EE 3EE 1EE 1S4EE 4H6EE 0C9EE 2H2EE 3KxEE 1KxEE 4KxEE 0KxEE 3S5S6S7EE 1EE 4EE 0EE 3EE 3H5C5EE 1EE 4EE 0EE 3EE 3S3EE 1DQEE 4CKEE 0CAEE 3KxEE 4KxEE 0C2EE 0KxEE 0H3C3EE 3EE 4EE 0EE 0HJDJEE 3EE 4EE 0EE 0D5EE 3CJEE 4CQEE 0KxEE 3KxEE 4KxEE 4C4EE 0HKEE 3KxEE 4KxEE 3H4EE 4D7EE 3DKEE
%00063%result% 21034
%00063%points% 198 184 217 166 195
%00064%mibun% 21034
%00064%seat% 23140
%00064%palyer_cards% STSJH3H4HJHKD9DAC5CT S3S4S6S8SQSAH6H8D5DQC7 S5HTD3D6D7DKC9CJCQCKC2 SKS2H5H7H9HAH2DTDJD2CA S7S9HQD4D8C3C4C6C8J3 
%00064%change_cards%  42HQJ3EE 31S2EE 24S5D3EE 13S3EE
%00064%play%  4D3C3EE 0EE 2EE 3EE 1EE 4EE 4D4C4EE 0EE 2EE 3EE 1EE 4EE 4D8C8EE 4S5EE 0D9EE 2HTEE 3DJEE 1SQEE 4KxEE 0HKEE 2C2EE 3KxEE 1KxEE 0KxEE 2KxEE 2KxEE 2CJCQCKEE 3EE 1EE 4EE 0EE 2EE 2D6EE 3H7EE 1S8EE 1S6H6EE 4EE 0EE 2EE 3EE 1EE 1S4EE 4C6EE 0STEE 2HQEE 3SKEE 1SAEE 4KxEE 0KxEE 2KxEE 3KxEE 1S2EE 1KxEE 1D5EE 4S7EE 0CTEE 2DKEE 3HAEE 1KxEE 4KxEE 0KxEE 2KxEE 3H2EE 3KxEE 3S3EE 1C7EE 4S9EE 0SJEE 2KxEE 3KxEE 1KxEE 0KxEE 0H3EE 2D7EE 3H9EE 1DQEE 0DAEE 2KxEE 3D2EE 1KxEE 0KxEE 3KxEE 3H5EE 1H8EE 0H4EE 2C9EE 3DTEE 0HJEE 3CAEE
%00064%result% 41230
%00064%points% 199 188 220 168 200
%00065%mibun% 41230
%00065%seat% 23140
%00065%palyer_cards% S6SQH5H7HQD6DAC8CKCAJ3 S4S5H3H4D4D8DTDKD2C5 STSKSAH6HJHKD3DQC3CJC2 S8SJHAH2D5D9DJC4C6CQ S3S7S9S2H8H9HTD7C7C9CT 
%00065%change_cards%  04DAJ3EE 31H2EE 40S3S7EE 13H3EE
%00065%play%  2D3C3EE 3EE 1EE 4EE 0EE 2EE 2HJCJEE 3EE 1EE 4EE 0EE 2EE 2SKHKEE 3EE 1EE 4EE 0EE 2EE 2H6EE 3S8EE 3SJDJEE 1EE 4EE 0EE 2EE 3EE 3H3EE 1S4EE 4D7EE 0C8EE 0S6D6EE 2EE 3EE 1EE 4EE 0EE 0S7H7EE 2EE 3EE 1EE 4EE 0EE 0SQHQEE 2EE 3EE 1EE 4EE 0EE 0S3EE 2STEE 3KxEE 1KxEE 4S2EE 0KxEE 2KxEE 4KxEE 4KxEE 4H8H9HTEE 4S9C9EE 0EE 2EE 3EE 1EE 4EE 4C7EE 0CKEE 2C2EE 3KxEE 1KxEE 4KxEE 0KxEE 2KxEE 2DQEE 3HAEE 1H2EE 4KxEE 0KxEE 2KxEE 3KxEE 1KxEE 1H4D4EE 4EE 0EE 2EE 3EE 1EE 1S5C5EE 4EE 0EE 2EE 3EE 1EE 1D8EE 1DTEE 4DAEE 0KxEE 2KxEE 3KxEE 1D2EE 4KxEE 1KxEE 1DKEE 4KxEE 0CAEE 2KxEE 3KxEE 0KxEE 0H5EE 2SAEE 3KxEE 4KxEE 3C4EE 4CTEE
%00065%result% 10243
%00065%points% 203 193 223 169 202
%00066%mibun% 10243
%00066%seat% 13402
%00066%palyer_cards% S5H4H9HTHAH2D4DJCQCK S8S9STSAH3H5H6HQD5DTJ3 SKS2H8D3D8DKC3C6C7CA S3S6S7SJH7HJD6D9DAD2C5 S4SQHKD7DQC4C8C9CTCJC2 
%00066%change_cards%  31DAD2EE 40C2EE 13H3H5EE 04H4EE
%00066%play%  2D3C3EE 1EE 3EE 4EE 0EE 2EE 2H8D8EE 2SKDKEE 1EE 3EE 4EE 0EE 2EE 2C6EE 1S8EE 1STDTEE 3EE 4EE 0EE 2EE 1EE 1SADAEE 3EE 4EE 0EE 2EE 1EE 1D5EE 3S6EE 4D7EE 0H9EE 2CAEE 1D2EE 3KxEE 4KxEE 0KxEE 2KxEE 1KxEE 1KxEE 1H6EE 3S7EE 4C8EE 4C9CTCJEE 0EE 2EE 1EE 3EE 4EE 4S4H4C4EE 0EE 2EE 1EE 3EE 4EE 4SQDQEE 0EE 2EE 1EE 3EE 4EE 4HKEE 0HAEE 2KxEE 1KxEE 3KxEE 0H2EE 0KxEE 0D4EE 2C7EE 1S9EE 3SJEE 0KxEE 2S2EE 1KxEE 3KxEE 1HQEE 3KxEE 0CKEE 0C2EE 0KxEE 0S5EE 3D6EE 0HTEE 3HJEE 0KxEE 3KxEE 3S3H3EE 0EE 3EE 3H5C5EE 0EE 3EE 3H7EE 0DJEE 3KxEE 0CQEE
%00066%result% 42103
%00066%points% 205 196 227 170 207
%00067%mibun% 32140
%00067%seat% 13402
%00067%palyer_cards% SQH7HTHKD9DKDAC9CTCKJ3 S4S6SKD3D5DTC4C6CQC2 S3S5SAS2H5D4D6D8DJC5CA S7S8STH3H9HJH2D7C7CJ S9SJH4H6H8HQHADQD2C3C8 
%00067%change_cards%  34HJH2EE 02J3EE 43H4C3EE 20S3EE
%00067%play%  1S4C4EE 3EE 4EE 0EE 2EE 1EE 1S6C6EE 3EE 4EE 0EE 2EE 1EE 1D3EE 3H4EE 4H6EE 0H7EE 2KxEE 1KxEE 3KxEE 4KxEE 0KxEE 2KxEE 2S5H5C5EE 1EE 3EE 4EE 0EE 2EE 2SACAEE 1EE 3EE 4EE 0EE 2EE 2D4EE 1D5EE 3D7EE 4DQEE 0DKEE 2KxEE 1KxEE 3KxEE 4D2EE 0KxEE 4KxEE 4H8C8EE 4SJHJEE 0EE 2EE 1EE 3EE 4EE 4S9EE 0HTEE 2DJEE 1CQEE 3KxEE 4HAEE 0KxEE 2S2EE 1KxEE 4KxEE 2KxEE 2D6EE 1DTEE 3KxEE 4KxEE 0DAEE 2KxEE 1KxEE 0KxEE 0D9C9EE 2EE 1EE 3EE 4EE 0EE 0HKCKEE 2EE 1EE 3EE 4EE 0EE 0S3EE 2D8EE 1SKEE 3KxEE 4H2EE 0KxEE 1KxEE 4KxEE 4HQEE 0KxEE 1C2EE 3KxEE 3H3C3EE 0EE 3EE 3S7C7EE 0EE 3EE 3S8EE 3H9EE 0CTEE 3CJEE 0KxEE 3KxEE 3STEE
%00067%result% 24130
%00067%points% 206 199 232 172 211
%00068%mibun% 42031
%00068%seat% 13402
%00068%palyer_cards% S4S9SKH7D4D6D7D8C3C7 S5S6SAS2H6HTHQHAC5CQJ3 S7SQH3H4HJHKD5D9DTD2CT S3S8H8H9D3DJDAC8C9CJC2 STSJH5H2DQDKC4C6CKCA 
%00068%change_cards%  02S9SKEE 34C2EE 20H3H4EE 43C4EE
%00068%play%  3S3D3EE 4EE 0EE 2EE 1EE 3EE 3S8H8C8EE 3H9C9EE 4EE 0EE 2EE 1EE 3EE 3DJCJEE 4EE 0EE 2EE 1EE 3EE 3C4EE 4H5EE 0D6EE 2S7EE 1HTEE 3DAEE 4H2EE 0KxEE 2KxEE 1KxEE 4KxEE 1KxEE 1S5C5EE 4EE 0EE 2EE 1EE 1S6H6EE 4EE 0EE 2EE 1EE 1HQCQEE 4EE 0EE 2EE 1EE 1SAHAEE 4EE 0EE 2EE 1EE 1S2EE 4KxEE 0KxEE 2KxEE 4CKCAC2EE 0EE 2EE 4EE 4C6EE 0H7EE 2S9EE 4STEE 0KxEE 2SQEE 4KxEE 2SKEE 2KxEE 2DTCTEE 4EE 0EE 2EE 2D5EE 4SJEE 0KxEE 2HKEE 4KxEE 2D2EE 2KxEE 2D9EE 4DQEE 0KxEE 2KxEE 4DKEE 0H3C3EE 2EE 0EE 0S4H4D4EE 2EE 0EE 0D7C7EE 2EE 0EE 0D8EE
%00068%result% 31402
%00068%points% 208 203 233 177 214
%00069%mibun% 31402
%00069%seat% 42310
%00069%palyer_cards% S8STHTHJDKD2C5C8C9CTCJ S7SQH6H9H2D6D7C3CAC2J3 S3S4S5SJH3H7D3DQCQCK SKS2H4H5D4D5D8D9DTDJC6 S6S9SAH8HQHKHADAC4C7 
%00069%change_cards%  23DQCKEE 01D2EE 32H4D4EE 10C3EE
%00069%play%  2S3S4S5EE 3EE 1EE 0EE 4EE 2EE 2H3D3EE 3EE 1EE 0EE 4EE 2EE 2H4D4EE 3EE 1EE 0EE 4EE 2EE 2H7EE 3D8EE 3D9DTDJDQEE 1EE 0EE 4EE 2EE 3EE 3H5D5EE 1EE 0EE 4EE 2EE 3EE 3SKCKEE 1EE 0EE 4EE 2EE 3EE 3C6EE 1S7EE 0S8EE 0C8C9CTCJEE 0STHTEE 4EE 2EE 3EE 1EE 0EE 0C3EE 4C4EE 2CQEE 3KxEE 1CAEE 0KxEE 4KxEE 2KxEE 1C2EE 1KxEE 1KxEE 1H6D6EE 0EE 4EE 2EE 3EE 1EE 1H2D2EE 0EE 4EE 2EE 3EE 1EE 1D7EE 0HJEE 4HQEE 2KxEE 3KxEE 1KxEE 0KxEE 4HKEE 4HAEE 4KxEE 4SADAEE 2EE 3EE 1EE 0EE 4EE 4S6EE 2SJEE 3S2EE 1KxEE 0KxEE 4KxEE 1H9EE 0DKEE 4KxEE 1KxEE 0KxEE 0C5EE 4C7EE 1KxEE 4KxEE 4H8EE 4S9EE
%00069%result% 23041
%00069%points% 211 204 238 181 216
%00070%mibun% 24013
%00070%seat% 42310
%00070%palyer_cards% H7HTD9DJDAD2C3C5CTCQ S5S8SJSKH5HJHKHAH2D5DQ SAHQD4D6D8DTDKC8C9CKCA S4SQS2H4H9D7C6C7CJC2J3 S3S6S7S9STH3H6H8D3C4 
%00070%change_cards%  12HAH2EE 43STEE 21D4D6EE 34S4EE
%00070%play%  4S3H3D3EE 2EE 3EE 1EE 0EE 4EE 4S4C4EE 2EE 3EE 1EE 0EE 4EE 4S6H6EE 2EE 3EE 1EE 0EE 4EE 4S7EE 2D8EE 2DKCKEE 3EE 1EE 0EE 4EE 2EE 2SAHACAEE 3EE 1EE 0EE 4EE 2EE 2C8EE 2C9EE 3STEE 1SJEE 0KxEE 4KxEE 2KxEE 3SQEE 1SKEE 3S2EE 1KxEE 3KxEE 3KxEE 3D7C7EE 1EE 0EE 4EE 2EE 3EE 3H4EE 1S5EE 0H7EE 4H8EE 4S9EE 2DTEE 3CJEE 1DQEE 0DAEE 2KxEE 3KxEE 1KxEE 0D2EE 0KxEE 0HTCTEE 2EE 3EE 1EE 0EE 0C3EE 2HQEE 3C2EE 1KxEE 0KxEE 2KxEE 3KxEE 3C6EE 1S8EE 1D4D5D6EE 0EE 2EE 3EE 1EE 1H5EE 0D9EE 2H2EE 3KxEE 1KxEE 0KxEE 3H9EE 1HJEE 0KxEE 1HKEE
%00070%result% 42310
%00070%points% 212 206 242 184 221
%00071%mibun% 43120
%00071%seat% 42310
%00071%palyer_cards% S5S9HJHQHADTDKD2C5J3 S6S7SAS2H4H2D6DQC6C9 S4STSQSKH6HTDJDAC4C8CK S3SJH3H5H9D4C3C7CJCAC2 S8H7H8HKD3D5D7D8D9CTCQ 
%00071%change_cards%  04D2J3EE 12S2EE 40D3D5EE 21S4EE
%00071%play%  0S5D5C5EE 4EE 2EE 3EE 1EE 0EE 0D3EE 4H7EE 2C8EE 2STHTEE 3EE 1EE 0EE 4EE 2EE 2SKCKEE 3EE 1EE 0EE 4EE 2EE 2C4EE 3H5EE 1S6EE 0S9EE 4KxEE 2KxEE 3KxEE 1KxEE 0KxEE 4KxEE 4D7D8D9EE 4S8H8EE 4CTEE 2DJEE 3CAEE 1H2EE 0KxEE 4KxEE 2KxEE 3KxEE 1KxEE 1S4H4EE 0EE 4EE 2EE 3EE 1EE 1D6C6EE 0EE 4EE 2EE 3EE 1EE 1S7EE 0DTEE 4CQEE 2DAEE 3C2EE 1KxEE 0KxEE 4KxEE 2KxEE 3KxEE 3S3H3C3EE 1EE 0EE 4EE 2EE 3EE 3SJCJEE 1EE 0EE 4EE 2EE 3EE 3D4EE 1C9EE 0HJEE 4HKEE 2KxEE 3KxEE 1KxEE 0HAEE 4KxEE 0KxEE 0HQEE 4D2EE 2KxEE 3KxEE 1KxEE 0KxEE 2H6EE 3C7EE 1DQEE 0DKEE 2KxEE 3KxEE 1KxEE 2SQEE 3KxEE 1SAEE 2S2EE
%00071%result% 40123
%00071%points% 216 209 244 185 226
%00072%mibun% 12340
%00072%seat% 24130
%00072%palyer_cards% S7S8S9SQSADQC3C8CJC2 S4S6S2H5HJHQHKD3D7C6CK SJH3H8H9HTDJD2C4CQCA S5H6H2D5DTDAC5C7C9CTJ3 S3STSKH4H7HAD4D6D8D9DK 
%00072%change_cards%  34H2J3EE 20D2EE 43S3H4EE 02C3EE
%00072%play%  1HJHQHKEE 3EE 0EE 2EE 4EE 1EE 1S6C6EE 3EE 0EE 2EE 4EE 1EE 1D3EE 3H4EE 0S7EE 2H8EE 2H3C3EE 4EE 1EE 3EE 0EE 2EE 2SJDJEE 4EE 1EE 3EE 0EE 2EE 2C4EE 4D6EE 1D7EE 3DTEE 0DQEE 2KxEE 4DKEE 1KxEE 3DAEE 0D2EE 4KxEE 3KxEE 0KxEE 4KxEE 4D4EE 1H5EE 3H6EE 0KxEE 2H9EE 4HAEE 1KxEE 3KxEE 2KxEE 4H2EE 4KxEE 4H7EE 1CKEE 3KxEE 0SAEE 2KxEE 4KxEE 1S2EE 0KxEE 1KxEE 1S4EE 3S5EE 0S8EE 0C8EE 0S9EE 2HTEE 4SKEE 3KxEE 0C2EE 2KxEE 4KxEE 0KxEE 0CJEE 2CQEE 4KxEE 3KxEE 0KxEE 2CAEE 4D8EE 4D9EE 3CTEE 0SQEE 4KxEE 3KxEE 4STEE
%00072%result% 12043
%00072%points% 219 214 248 186 228
%00073%mibun% 20143
%00073%seat% 24130
%00073%palyer_cards% S6S9H3H9HQHAH2D5D7C8CK S8STSAH5H6HKD9DQDAC9CT SJSQSKH7H8HTD8C3C6CA S3S4S7S2H4D6DTDKD2C5CJ S5HJD3D4DJC4C7CQC2J3 
%00073%change_cards%  31S2D2EE 42J3EE 13H5H6EE 24C3EE
%00073%play%  4D3C3EE 1EE 3EE 0EE 2EE 4EE 4D4C4EE 1EE 3EE 0EE 2EE 4EE 4HJDJEE 1EE 3EE 0EE 2EE 4EE 4S5EE 1S8EE 1D9C9EE 3EE 0EE 2EE 4EE 1EE 1STCTEE 3EE 0EE 2EE 4EE 1EE 1SADAEE 3EE 0EE 2EE 4EE 1EE 1S2D2EE 3EE 0EE 2EE 4EE 1EE 1DQEE 3DKEE 0KxEE 2KxEE 4KxEE 1KxEE 3KxEE 2KxEE 2SJSQSKEE 4EE 1EE 3EE 0EE 2EE 2H8D8EE 2C6EE 4C7EE 1KxEE 3CJEE 0CKEE 2CAEE 4C2EE 3KxEE 0KxEE 2KxEE 4KxEE 4CQEE 1HKEE 3KxEE 0HAEE 2KxEE 0H2EE 0KxEE 0S9H9EE 2EE 3EE 0EE 0H3EE 2H7EE 3KxEE 0HQEE 2KxEE 0KxEE 0D5EE 2HTEE 3KxEE 0KxEE 3H4H5H6EE 0EE 3EE 3S3EE 0S6EE 3S7EE 0KxEE 3KxEE 3S4EE 0D7EE 3DTEE 0KxEE 3KxEE 3C5EE 0C8EE
%00073%result% 41203
%00073%points% 221 218 251 187 233
%00074%mibun% 31240
%00074%seat% 24130
%00074%palyer_cards% S6SQS2H7H2D4D8DTC5CA SKH6H8H9HJHQD5D6DAC3CJ S8STSAH5DQDKD2C7CKC2 S3S5S7S9HTHAD3D7C4C6CT S4SJH3H4HKD9DJC8C9CQJ3 
%00074%change_cards%  34HTHAEE 01S2EE 43S4H3EE 10C3EE
%00074%play%  3S3S4S5EE 0EE 2EE 4EE 1EE 3EE 3H3D3EE 0EE 2EE 4EE 1EE 3EE 3S7D7EE 0EE 2EE 4EE 1EE 3EE 3C4EE 0C5EE 2C7EE 4C8EE 4D9C9EE 1EE 3EE 0EE 2EE 4EE 4SJDJEE 1EE 3EE 0EE 2EE 4EE 4H4EE 1D5EE 3C6EE 0H7EE 2S8EE 2DKCKEE 4EE 1EE 3EE 0EE 2EE 2D2C2EE 4EE 1EE 3EE 0EE 2EE 2H5EE 4HTEE 1HJEE 3KxEE 0H2EE 2KxEE 4KxEE 1KxEE 0KxEE 4KxEE 4CQEE 1SKEE 3KxEE 0CAEE 2KxEE 4KxEE 1S2EE 0KxEE 1KxEE 1H6D6EE 3EE 0EE 2EE 4EE 1EE 1H8EE 1H9EE 3CTEE 0SQEE 2SAEE 4KxEE 1KxEE 3KxEE 0KxEE 2KxEE 2STEE 4HKEE 1DAEE 3KxEE 0KxEE 2KxEE 4KxEE 1KxEE 1CJEE 3KxEE 0KxEE 2DQEE 4HAEE 1KxEE 1HQEE 3KxEE 0KxEE 3S9EE
%00074%result% 24130
%00074%points% 222 221 256 189 237
%00075%mibun% 42031
%00075%seat% 10234
%00075%palyer_cards% S4HTHJD6DKD2C4C7CTCQ S5S8SKH6H7H8DQDAC5C2 S7S9SQS2H4H5HAD5D7C9CK S3STSJSAH3H9C3C6C8CAJ3 S6HQHKH2D3D4D8D9DTDJCJ 
%00075%change_cards%  02DKD2EE 34J3EE 20H4H5EE 43D3EE
%00075%play%  3S3H3D3C3EE 4EE 1EE 0EE 2EE 3EE 3EE 4EE 1EE 0EE 2EE 3EE 4EE 1EE 0EE 2EE 3EE 4EE 1EE 0EE 2EE
%00075%result% 42301
%00075%points% 224 222 260 192 242
%00076%mibun% 34120
%00076%seat% 10234
%00076%palyer_cards% S3S5S7STS2H7H9HQD6C3C8 S4H2D3D7DTDJC7C9CTCQJ3 S6SJSQSAH3HAD4D9DKC2 S8H5H6HTHJHKD2C5CJCK S9SKH4H8D5D8DQDAC4C6CA 
%00076%change_cards%  14H2J3EE 02S2EE 41H4C4EE 20H3EE
%00076%play%  1S4H4C4EE 0EE 2EE 3EE 4EE 1EE 1D7C7EE 0EE 2EE 3EE 4EE 1EE 1DTCTEE 0EE 2EE 3EE 4EE 1EE 1D3EE 0S5EE 2S6EE 3S8EE 3H5C5EE 4EE 1EE 0EE 2EE 3EE 3HJCJEE 4EE 1EE 0EE 2EE 3EE 3HKCKEE 4EE 1EE 0EE 2EE 3EE 3H6EE 4H8EE 4DACAEE 1EE 0EE 2EE 3EE 4EE 4D5EE 1C9EE 0STEE 2SJEE 3KxEE 4SKEE 1KxEE 0KxEE 2SAEE 4KxEE 2KxEE 4KxEE 4C6EE 1DJEE 0HQEE 2DKEE 3D2EE 4KxEE 1KxEE 0KxEE 2KxEE 3KxEE 3HTEE 4DQEE 1KxEE 0KxEE 2HAEE 4H2EE 2KxEE 4KxEE 4D8EE 4S9EE 1CQEE 0KxEE 2S2EE 2KxEE 2D4EE 0D6EE 2D9EE 0KxEE 2KxEE 2SQEE 0KxEE 2C2EE
%00076%result% 34120
%00076%points% 225 225 262 197 246
%00077%mibun% 42301
%00077%seat% 10234
%00077%palyer_cards% S7S8SJH3HKD5DAC5C6CK S6H8HJD3D4DTC3C8CQCAJ3 S3S4SQH5H6D6D7D9C4CJ S5S9S2H7HTHQH2DJDQDKC7 STSKSAH4H9HAD8D2C9CTC2 
%00077%change_cards%  03HKDAEE 24SQEE 30S5H7EE 42H4EE
%00077%play%  1D3C3EE 0EE 2EE 3EE 4EE 1EE 1H8C8EE 1D4EE 0S5EE 2H6EE 3C7EE 4D8EE 4SQSKSAEE 1EE 0EE 2EE 3EE 4EE 4H9C9EE 1EE 0EE 2EE 3EE 4EE 4STCTEE 1EE 0EE 2EE 3EE 4EE 4D2C2EE 1EE 0EE 2EE 3EE 4EE 4HAEE 1KxEE 0KxEE 2KxEE 3KxEE 1KxEE 1S6EE 0S7EE 2KxEE 3S9EE 1KxEE 0SJEE 3S2EE 0KxEE 3KxEE 3DJDQDKDAEE 1EE 0EE 2EE 3EE 3HTEE 1HJEE 0KxEE 2KxEE 3HQEE 1KxEE 3HKEE 3H2EE 1DTEE 0CKEE 2KxEE 1CAEE 0KxEE 1KxEE 1CQEE 0KxEE 2KxEE 0D5C5EE 2EE 0EE 0H3EE 2S4EE 0C6EE 2D7EE 0S8EE 0H7EE
%00077%result% 43102
%00077%points% 227 228 263 201 251
%00078%mibun% 32410
%00078%seat% 14230
%00078%palyer_cards% S3S6S7SQSKHTHQC5CQC2 SJS2H4H6D6D9DTDJD2C3 STSAH7H9H2D4DAC4CTCJCK S4S8H3H5HKD3D8DQDKC7J3 S5S9H8HJHAD5D7C6C8C9CA 
%00078%change_cards%  24SAH2EE 03C2EE 42S5D5EE 30H3EE
%00078%play%  3S8D8EE 3HKDKEE 0EE 1EE 4EE 2EE 3EE 3D3EE 0C5EE 1H6EE 4D7EE 2H9EE 3DQEE 0SKEE 1S2EE 4KxEE 2KxEE 3KxEE 0KxEE 1KxEE 3KxEE 3S4EE 0S6EE 1SJEE 4SAEE 2KxEE 3KxEE 0KxEE 1KxEE 4KxEE 4H8C8EE 4S9C9EE 2EE 3EE 0EE 1EE 4EE 4HACAEE 2EE 3EE 0EE 1EE 4EE 4C6EE 2H7EE 3C2EE 0KxEE 1KxEE 4KxEE 2KxEE 3KxEE 3H5EE 0S7EE 1D9EE 4HJEE 2CKEE 3KxEE 0KxEE 1D2EE 4KxEE 2KxEE 1KxEE 1C3EE 4H2EE 2KxEE 3KxEE 0KxEE 1KxEE 2D4C4EE 3EE 0EE 1EE 2EE 2S5D5EE 3EE 0EE 1EE 2EE 2STCTEE 3EE 0EE 1EE 2EE 2CJEE 3KxEE 0SQEE 1KxEE 2DAEE 0KxEE 3C7EE 0HTEE 1DJEE 0HQEE 1KxEE 0KxEE 0S3H3EE 1EE 0EE 0CQEE
%00078%result% 42301
%00078%points% 229 229 267 204 256
%00079%mibun% 34120
%00079%seat% 14230
%00079%palyer_cards% S9SKH8HQHKH2DTC6C7CQ S3S4STS2DQDAC3C4C8J3 S8SQH7D3D5D7D8CTCKCAC2 S5SJSAH3H5H6D4DJDKD2CJ S6S7H4H9HTHJHAD6D9C5C9 
%00079%change_cards%  14S2J3EE 02H2EE 41H4C5EE 20D3EE
%00079%play%  0HQCQEE 1EE 4EE 2EE 3EE 0EE 0SKHKEE 1EE 4EE 2EE 3EE 0EE 0D3EE 1S4EE 4S6EE 2S8EE 2CKCAC2EE 3EE 0EE 1EE 4EE 2EE 2H7D7EE 3EE 0EE 1EE 4EE 2EE 2D5EE 3H6EE 0C7EE 1C8EE 1C3C4C5EE 4EE 2EE 3EE 0EE 1EE 1S3EE 4D6EE 2D8EE 2CTEE 3SJEE 0KxEE 1DQEE 4HAEE 2H2EE 3KxEE 1KxEE 4KxEE 2KxEE 4KxEE 4H9HTHJEE 2EE 3EE 0EE 1EE 4EE 4D9C9EE 2EE 3EE 0EE 1EE 4EE 4S7EE 2SQEE 3SAEE 0KxEE 1KxEE 4S2EE 3KxEE 3S5H5EE 0EE 1EE 3EE 3DJCJEE 0EE 1EE 3EE 3H3EE 0C6EE 1STEE 3DKEE 0KxEE 1DAEE 3D2EE 1KxEE 3KxEE 3D4EE 0H8EE 0S9EE 1KxEE 0DTEE
%00079%result% 24301
%00079%points% 231 230 272 207 260
%00080%mibun% 34021
%00080%seat% 14230
%00080%palyer_cards% STH5H6H7HTHJHKD5DJC3C8 S5S8H3H4HQD4D6D8D2CQ S4SKS2HADKC4C6CTCJCKCA S6S7S9SJSQH8H2D7C9C2J3 S3SAH9D3D9DTDQDAC5C7 
%00080%change_cards%  12HQD2EE 04HKEE 21S4C4EE 40S3EE
%00080%play%  4H9D9EE 2EE 3EE 0EE 1EE 4EE 4SADAEE 2EE 3EE 0EE 1EE 4EE 4D3EE 2C6EE 3S7EE 0C8EE 0H5H6H7EE 1EE 4EE 2EE 3EE 0EE 0S3C3EE 1EE 4EE 2EE 3EE 0EE 0STHTEE 1EE 4EE 2EE 3EE 0EE 0HJDJEE 1EE 4EE 2EE 3EE 0EE 0D5EE 1D6EE 4DTEE 2DKEE 3KxEE 1KxEE 4KxEE 2KxEE 3KxEE 3S9C9EE 1EE 4EE 2EE 3EE 3H2C2EE 1EE 4EE 2EE 3EE 3S6EE 1S8EE 1S4H4D4C4EE 4EE 2EE 3EE 1EE 1EE 4EE 2EE 3EE 1EE 4EE 2EE 3EE 1EE 4EE 2EE 3EE 1EE 4EE 2EE 3EE
%00080%result% 01342
%00080%points% 236 234 273 210 262
%00081%mibun% 01423
%00081%seat% 23140
%00081%palyer_cards% S4S8SJSAS2HJD3D4D2C8CK S7SQSKHTHADJC6CTCAJ3 S9H6H9HQD6D9DKC7C9CJC2 S3S6STH3H4H5H7D5D7DQC5 S5H8HKH2D8DTDAC3C4CQ 
%00081%change_cards%  20DKC2EE 41H2EE 02S4D3EE 14C6EE
%00081%play%  2H6D6EE 3EE 1EE 4EE 0EE 2EE 2S9H9D9C9EE 3EE 1EE 4EE 0EE 2EE 2EE 3EE 1EE 4EE 0EE 2EE 3EE 1EE 4EE 0EE 2EE 3EE 1EE 4EE 0EE
%00081%result% 43120
%00081%points% 237 237 275 214 267
%00082%mibun% 42310
%00082%seat% 23140
%00082%palyer_cards% SJSQSKS2H4HTHAD7D9CJCK H5H8HQD6DKC3C4C5CQCA S3S8S9SAH9HJD3D4D8C6C7 S6STH6HKH2DQDAC9CTC2 S4S5S7H3H7D5DTDJD2C8J3 
%00082%change_cards%  04S2HAEE 23SAEE 40S4H3EE 32S6EE
%00082%play%  2S3D3EE 3EE 1EE 4EE 0EE 2EE 2S6C6EE 3EE 1EE 4EE 0EE 2EE 2S8D8EE 2S9H9EE 3EE 1EE 4EE 0EE 2EE 2D4EE 3H6EE 1H8EE 1C3C4C5EE 4EE 0EE 2EE 3EE 1EE 1HQCQEE 4EE 0EE 2EE 3EE 1EE 1H5EE 4S7EE 0D9EE 2HJEE 3DQEE 1DKEE 4D2EE 0KxEE 2KxEE 3KxEE 1KxEE 4KxEE 4KxEE 4S5D5EE 0EE 2EE 3EE 1EE 4EE 4H7EE 0HTEE 2KxEE 3HKEE 1KxEE 4HAEE 0KxEE 3H2EE 4KxEE 3KxEE 3STCTEE 1EE 4EE 0EE 2EE 3EE 3SADAEE 1EE 4EE 0EE 2EE 3EE 3C9EE 1CAEE 4KxEE 0KxEE 2KxEE 3C2EE 1KxEE 1D6EE 4C8EE 4DTEE 0SJEE 2KxEE 4S2EE 0KxEE 4KxEE 4DJEE 0SQEE 2KxEE 0SKEE 0KxEE 0S4H4EE 2EE 0EE 0H3EE 2C7EE
%00082%result% 31420
%00082%points% 238 241 277 219 270
%00083%mibun% 41302
%00083%seat% 23140
%00083%palyer_cards% S5SQSKH5D3D6DQC9CJC2 S3S7S8S2HJHAD7DTDACTCK S4S9H6HQD5D8C5C8CQCA S6SAH3H4H9HTH2D2C3C4J3 STSJH7H8HKD4D9DJDKC6C7 
%00083%change_cards%  03SKC2EE 21CAEE 30H3C3EE 12S3EE
%00083%play%  0H3D3C3EE 2EE 3EE 1EE 4EE 0EE 0S5H5EE 2EE 3EE 1EE 4EE 0EE 0SQDQEE 2EE 3EE 1EE 4EE 0EE 0D6EE 2D8EE 2D5C5EE 3EE 1EE 4EE 0EE 2EE 2HQCQEE 3EE 1EE 4EE 0EE 2EE 2S3EE 3H4EE 1S7EE 4H8EE 4H7C7EE 0EE 2EE 3EE 1EE 4EE 4SJDJEE 0EE 2EE 3EE 1EE 4EE 4HKDKEE 0EE 2EE 3EE 1EE 4EE 4D4EE 0C9EE 2KxEE 3HTEE 1HJEE 4KxEE 0KxEE 3H2EE 1KxEE 3KxEE 3KxEE 3D2C2EE 1EE 4EE 0EE 2EE 3EE 3C4EE 1D7EE 4D9EE 0KxEE 2KxEE 3KxEE 1DTEE 4KxEE 1DAEE 1KxEE 1HACAEE 4EE 0EE 2EE 3EE 1EE 1S8EE 1CTEE 4KxEE 0CJEE 2KxEE 3KxEE 1CKEE 1KxEE 1S2EE 4KxEE 2KxEE 3KxEE 4C6EE 2C8EE 2S4EE 3S6EE 4STEE 2KxEE 3SKEE 3SAEE 3KxEE 3H9EE
%00083%result% 01432
%00083%points% 243 245 278 221 273
%00084%mibun% 01432
%00084%seat% 12043
%00084%palyer_cards% S4S9SQSAH7H9HTHJD5C6CT SJH5D7D8DJD2C4CQCKC2 S7STSKS2H4D3D6D9C9J3 S5H6H8HKHAH2DKC3C5C8CA S3S6S8H3HQD4DTDQDAC7CJ 
%00084%change_cards%  20S2J3EE 31H2EE 02S4D5EE 13C4EE
%00084%play%  2S4H4EE 0EE 4EE 3EE 1EE 2EE 2D9C9EE 0EE 4EE 3EE 1EE 2EE 2D3EE 0C6EE 4C7EE 3C8EE 3C3C4C5EE 1EE 2EE 0EE 4EE 3EE 3HKDKEE 1EE 2EE 0EE 4EE 3EE 3HACAEE 1EE 2EE 0EE 4EE 3EE 3S5EE 1D7EE 2STEE 0HJEE 4HQEE 3KxEE 1H2EE 2KxEE 0KxEE 4KxEE 1KxEE 0KxEE 0S9H9EE 4EE 3EE 1EE 2EE 0EE 0HTCTEE 4EE 3EE 1EE 2EE 0EE 0H7EE 4S8EE 4S3H3EE 3EE 1EE 2EE 0EE 4EE 4D4EE 3H6EE 1D8EE 1SJDJEE 2EE 0EE 4EE 3EE 1EE 1D2C2EE 2EE 0EE 4EE 3EE 1EE 1H5EE 2D6EE 0SQEE 4DAEE 3KxEE 1KxEE 2KxEE 0S2EE 4KxEE 0KxEE 0SAEE 4KxEE 3KxEE 1KxEE 2KxEE 4S6EE 3H8EE 1CQEE 2SKEE 4KxEE 1KxEE 2KxEE 2D5EE 4DTEE 1KxEE 2KxEE 4DQEE 4KxEE 4CJEE 1CKEE
%00084%result% 03412
%00084%points% 248 247 279 225 276
%00085%mibun% 03412
%00085%seat% 12043
%00085%palyer_cards% S5SKH5H6H8HJH2D5D7CAJ3 S4S6SAH7HTD3D9DJC3CK S9H4H9HAD8DAD2C4C6C7 S8STSJSQH3HQD4C5C9CTC2 S3S7S2HKD6DTDQDKC8CJCQ 
%00085%change_cards%  20HAD2EE 13SAEE 02S5H5EE 31H3EE
%00085%play%  1H3D3C3EE 2EE 0EE 4EE 3EE 1EE 1S4EE 2S5EE 0SKEE 4S2EE 3KxEE 1KxEE 2KxEE 0KxEE 4KxEE 0KxEE 0HACAEE 4EE 3EE 1EE 2EE 0EE 0H2D2EE 4EE 3EE 1EE 2EE 0EE 0D5EE 4D6EE 3KxEE 1D9EE 2DAEE 0KxEE 4KxEE 1KxEE 2KxEE 2H4C4EE 0EE 4EE 3EE 1EE 2EE 2S9H9EE 0EE 4EE 3EE 1EE 2EE 2H5EE 0H6EE 4HKEE 3KxEE 1KxEE 2KxEE 0KxEE 4KxEE 4DQCQEE 3EE 1EE 2EE 0EE 4EE 4S3EE 3D4EE 1S6EE 2C7EE 0H8EE 0D7EE 4C8EE 4S7EE 3S8EE 3STSJSQEE 1EE 2EE 0EE 4EE 3EE 3C5EE 1H7EE 2D8EE 2C6EE 0HJEE 4DKEE 3SAEE 1KxEE 4KxEE 3C2EE 3KxEE 3C9EE 1HTEE 4CJEE 3HQEE 1CKEE 4KxEE 3KxEE 1KxEE 1DJEE 4KxEE 3KxEE 4DTEE
%00085%result% 20143
%00085%points% 252 250 284 226 278
%00086%mibun% 12043
%00086%seat% 12043
%00086%palyer_cards% S3S7SKH4H5H9HKD7C3CQCK S5STSQHJH2DJD2C6C7C8 S6S9H6H8D4D9DKDAC4C5C9 S2H7D3D5D6D8DTDQCTC2 S4S8SJSAH3HTHQHACJCAJ3 
%00086%change_cards%  32S2C2EE 40J3EE 23D4C4EE 04S3EE
%00086%play%  3D3D4D5D6EE 1EE 2EE 0EE 4EE 3EE 3DTCTEE 1EE 2EE 0EE 4EE 3EE 3C4EE 1S5EE 2S6EE 0S7EE 4S8EE 4S3H3EE 3EE 1EE 2EE 0EE 4EE 4SJCJEE 3EE 1EE 2EE 0EE 4EE 4SAHACAEE 3EE 1EE 2EE 0EE 4EE 4S4EE 3H7EE 1C8EE 1HJDJEE 2EE 0EE 4EE 3EE 1EE 1H2D2EE 2EE 0EE 4EE 3EE 1EE 1C6EE 2H8EE 2S9D9C9EE 0EE 4EE 3EE 1EE 2EE 2S2C2EE 0EE 4EE 3EE 1EE 2EE 2C5EE 0D7EE 4HTEE 3DQEE 1KxEE 2DKEE 0KxEE 4KxEE 3KxEE 2KxEE 0KxEE 0SKHKCKEE 4EE 3EE 1EE 2EE 0EE 0C3EE 4HQEE 3KxEE 1KxEE 2DAEE 0KxEE 2KxEE 2H6EE 0H9EE 3KxEE 1KxEE 0KxEE 0H4EE 3D8EE 1C7EE 0CQEE 1KxEE 0KxEE 0H5EE
%00086%result% 42301
%00086%points% 254 251 288 229 283
%00087%mibun% 34120
%00087%seat% 14230
%00087%palyer_cards% H3HAD4D6D7DAC3C5C6J3 S5S7SKSAS2H6H8HKDJCT S4S6S9SJSQH9D9C4C9CQC2 S3S8STH5HTHQH2DTDKC8CA H4H7HJD3D5D8DQD2C7CJCK 
%00087%change_cards%  14SAS2EE 02J3EE 41H4D3EE 20S4EE
%00087%play%  1SKHKEE 4EE 2EE 3EE 0EE 1EE 1D3EE 4D5EE 2D9EE 3DTEE 0DAEE 1KxEE 4D2EE 2KxEE 3KxEE 0KxEE 4KxEE 2KxEE 2S9H9C9EE 3EE 0EE 1EE 4EE 2EE 2SQCQEE 3EE 0EE 1EE 4EE 2EE 2C4EE 3H5EE 0D6EE 1S7EE 4D8EE 4H7C7EE 2EE 3EE 0EE 1EE 4EE 4HJCJEE 2EE 3EE 0EE 1EE 4EE 4DQEE 2C2EE 3KxEE 0KxEE 1KxEE 4KxEE 2KxEE 2S6EE 3S8EE 3STHTEE 0EE 1EE 4EE 2EE 3EE 3S3EE 0S4EE 1S5EE 4SAEE 2KxEE 3KxEE 0KxEE 1KxEE 4S2EE 4KxEE 4CKEE 2KxEE 3CAEE 0KxEE 1KxEE 3KxEE 3C8EE 3HQEE 0HAEE 1KxEE 2KxEE 3H2EE 0KxEE 3KxEE 3DKEE 0KxEE 1KxEE 2KxEE 0H3C3EE 1EE 2EE 0EE 0D4EE 1H6EE 2SJEE 0KxEE 1KxEE 0C5EE 1H8EE 1H4EE 0C6EE 1CTEE 0KxEE 1KxEE 1DJEE
%00087%result% 43210
%00087%points% 255 253 291 233 288
%00088%mibun% 43210
%00088%seat% 14230
%00088%palyer_cards% S3S8SAS2HTD6DAD2C3CJ S6STSJSKHQHKDTC4C9J3 S9HAD3D4D8D9DJDQDKCTCK S4H3H5H9HJH2D5D7C8CAC2 S5S7SQH4H6H7H8C5C6C7CQ 
%00088%change_cards%  04S2D2EE 13J3EE 40S5H4EE 31H3EE
%00088%play%  2DJDQDKEE 3EE 0EE 1EE 4EE 2EE 2S9D9EE 3EE 0EE 1EE 4EE 2EE 2D3EE 3S4EE 0S5EE 1S6EE 4S7EE 2KxEE 3KxEE 0KxEE 1KxEE 4KxEE 3KxEE 3H5D5EE 0EE 1EE 4EE 2EE 3EE 3H2C2EE 0EE 1EE 4EE 2EE 3EE 3D7EE 0S8EE 0S3C3EE 1EE 4EE 2EE 3EE 0EE 0SADAEE 1EE 4EE 2EE 3EE 0EE 0H4EE 1C9EE 4SQEE 2CKEE 3CAEE 0KxEE 1KxEE 4KxEE 2KxEE 3KxEE 3C8EE 3H9EE 0HTEE 1HQEE 4KxEE 2HAEE 3KxEE 0KxEE 1KxEE 2KxEE 2D4EE 3HJEE 0KxEE 1SKEE 4S2EE 2KxEE 1KxEE 4KxEE 4C5C6C7EE 2EE 0EE 1EE 4EE 4H6H7H8EE 4CQEE 2KxEE 0KxEE 1HKEE 4D2EE 1KxEE 2D8EE 2CTEE 0CJEE 1KxEE 0KxEE 0D6EE
%00088%result% 34201
%00088%points% 257 254 294 238 292
%00089%mibun% 34201
%00089%seat% 14230
%00089%palyer_cards% S4S6STH3H7HJHKHAD3C5CT S3S7S9SAH8HQH2D6D7C7CK H4H6D8DTDQC4C9CAC2J3 S5SJS2H5D5D9DJDAD2C3C6 S8SQSKH9HTD4DKC8CJCQ 
%00089%change_cards%  13SAH2EE 04HAEE 31S5C3EE 40D4EE
%00089%play%  0H3D3EE 1EE 4EE 2EE 3EE 0EE 0S4D4EE 1EE 4EE 2EE 3EE 0EE 0STCTEE 1EE 4EE 2EE 3EE 0EE 0C5EE 1D6EE 4S8EE 4SQCQEE 2EE 3EE 0EE 1EE 4EE 4SKDKEE 2EE 3EE 0EE 1EE 4EE 4C8EE 4H9EE 2DTEE 3SJEE 0HKEE 1KxEE 4HAEE 2KxEE 3KxEE 0KxEE 4KxEE 2KxEE 2H4C4EE 3EE 0EE 1EE 4EE 2EE 2H6EE 3D9EE 0HJEE 1HQEE 4KxEE 2KxEE 3H2EE 0KxEE 1KxEE 3KxEE 3H5D5EE 0EE 1EE 4EE 2EE 3EE 3SADAEE 0EE 1EE 4EE 2EE 3EE 3S2D2EE 0EE 1EE 4EE 2EE 3EE 3C6EE 0H7EE 1H8EE 1S3C3EE 4EE 2EE 3EE 0EE 1EE 1S7D7C7EE 4EE 2EE 3EE 0EE 1EE 1S5EE 4HTEE 2DQEE 3KxEE 0KxEE 1CKEE 4KxEE 2CAEE 1KxEE 2C2EE 2KxEE 2D8EE 2C9EE 3DJEE 0KxEE 1KxEE 4KxEE 0S6EE 1S9EE
%00089%result% 23014
%00089%points% 260 256 299 242 293
%00090%mibun% 23014
%00090%seat% 32410
%00090%palyer_cards% S8SQSKH9HTHQD6DJDKCK SJH6HKD3D4D5D8C7CTCQC2 S3S4S5S7SAH4HJDTC3C6J3 S6STS2H5H7H8D9C5CJCA S9H3HAH2D7DQDAD2C4C8C9 
%00090%change_cards%  42H2D2EE 13C2EE 24S3C3EE 31H5EE
%00090%play%  1D3D4D5EE 0EE 3EE 2EE 4EE 1EE 1H5EE 0D6EE 3H7EE 2DTEE 4DQEE 1KxEE 0DKEE 3KxEE 2D2EE 4KxEE 0KxEE 2KxEE 2KxEE 2S4H4EE 4EE 1EE 0EE 3EE 2EE 2S5EE 4D7EE 1D8EE 1H6EE 0S8EE 0SQHQEE 3EE 2EE 4EE 1EE 0EE 0SKCKEE 3EE 2EE 4EE 1EE 0EE 0H9EE 3STEE 2HJEE 4HAEE 1KxEE 0KxEE 3KxEE 2H2EE 4KxEE 2KxEE 2C6EE 4C8EE 4S3H3C3EE 1EE 0EE 3EE 2EE 4EE 4S9C9EE 1EE 0EE 3EE 2EE 4EE 4C4EE 1C7EE 0KxEE 3CJEE 2KxEE 4KxEE 1CQEE 3CAEE 1KxEE 3C2EE 3KxEE 3C5EE 2S7EE 4DAEE 1KxEE 0KxEE 3S2EE 2KxEE 3KxEE 3S6EE 2SAEE 1KxEE 0KxEE 3KxEE 1CTEE 0DJEE 3KxEE 1HKEE 0KxEE 1KxEE 1SJEE 0KxEE 3KxEE 0HTEE
%00090%result% 42103
%00090%points% 262 259 303 243 298
%00091%mibun% 32140
%00091%seat% 32410
%00091%palyer_cards% S7H6H8H9HJD5D7DKD2C8CJ S5S9SQH5HTDJC3C9CQCAJ3 S3H3HKHAH2D4D8C4C6C7 S8STSJH7HQD9DTDQCTC2 S4S6SKSAS2H4D3D6DAC5CK 
%00091%change_cards%  34HQC2EE 02D2EE 43S4D3EE 20S3EE
%00091%play%  3STDTCTEE 2EE 4EE 1EE 0EE 3EE 3D3EE 2D4EE 4D6EE 1DJEE 0DKEE 3KxEE 2D2EE 4KxEE 1KxEE 0KxEE 2KxEE 1KxEE 1S5H5EE 0EE 3EE 2EE 4EE 1EE 1S9C9EE 0EE 3EE 2EE 4EE 1EE 1SQCQEE 0EE 3EE 2EE 4EE 1EE 1C3EE 0D5EE 3H7EE 2D8EE 2HKHAH2EE 4EE 1EE 0EE 3EE 2EE 2H3EE 4H4EE 1HTEE 0HJEE 3KxEE 2KxEE 4HQEE 1KxEE 0KxEE 4KxEE 4SKSAS2EE 1EE 0EE 3EE 2EE 4EE 4C5EE 1CAEE 0KxEE 3KxEE 2KxEE 4C2EE 4KxEE 4S6EE 0S7EE 3S8EE 3S4EE 2C6EE 4CKEE 0KxEE 3KxEE 2KxEE 4KxEE 4DAEE 0KxEE 3KxEE 2KxEE 0H8C8EE 0S3EE 3D9EE 2KxEE 0CJEE 3DQEE 0KxEE 3KxEE 3SJEE 2KxEE 0KxEE 2C4EE 0H6EE 2C7EE
%00091%result% 14320
%00091%points% 263 264 305 246 302
%00092%mibun% 40321
%00092%seat% 32410
%00092%palyer_cards% S4S5S9H4H6H9HQD8DTDJC6 S8SJSQSKSAH8C4C9CTCKJ3 HTHJD3DKD2C3C7CJCQC2 S6S2H3HAH2D5D9DQDAC5CA S3S7STH5H7HKD4D6D7C8 
%00092%change_cards%  01HQDJEE 24D2EE 10S8C4EE 42S3EE
%00092%play%  2S3D3C3EE 4EE 1EE 0EE 3EE 2EE 2HJCJEE 4EE 1EE 0EE 3EE 2EE 2C7EE 4C8EE 4S7H7D7EE 1EE 0EE 3EE 2EE 4EE 4D4EE 1H8EE 1SJSQSKSAEE 0EE 3EE 2EE 4EE 1EE 1C9EE 0DTEE 3DQEE 2DKEE 4D2EE 1KxEE 0KxEE 3KxEE 2KxEE 4KxEE 1KxEE 1CTEE 0KxEE 3HAEE 2C2EE 4KxEE 1KxEE 3KxEE 2KxEE 2HTEE 4HKEE 1KxEE 0KxEE 3H2EE 2KxEE 4KxEE 3KxEE 3D5C5EE 2EE 4EE 1EE 0EE 3EE 3DACAEE 2EE 4EE 1EE 0EE 3EE 3H3EE 2CQEE 4KxEE 1CKEE 0KxEE 3KxEE 1KxEE 1DJEE 0KxEE 3S2EE 4KxEE 1KxEE 3KxEE 3S6EE 4STEE 1KxEE 0KxEE 3KxEE 4KxEE 4H5EE 1HQEE 0KxEE 3KxEE 4KxEE 0S4H4C4EE 3EE 4EE 0EE 0H6C6EE 3EE 4EE 0EE 0S8D8EE 0S9H9EE 3EE 4EE 0EE 0S5EE 3D9EE
%00092%result% 21034
%00092%points% 266 268 310 248 303
%00093%mibun% 21034
%00093%seat% 10234
%00093%palyer_cards% S3SKSAH6HAD3DQDKD2J3 S6S8HTHQD7D9DJC7CKC2 S4S5STSJSQS2DTC8CTCJCQ S7H4H8HJH2D6D8C3C4C6C9 S9H3H5H7H9HKD4D5DAC5CA 
%00093%change_cards%  42DACAEE 31H2EE 24S4S5EE 13S6EE
%00093%play%  0S3D3EE 2EE 3EE 4EE 1EE 0EE 0SKDKEE 2EE 3EE 4EE 1EE 0EE 0SAHAEE 2EE 3EE 4EE 1EE 0EE 0H6EE 2C8EE 2STSJSQEE 3EE 4EE 1EE 0EE 2EE 2CTCJCQEE 3EE 4EE 1EE 0EE 2EE 2DACAEE 3EE 4EE 1EE 0EE 2EE 2DTEE 3HJEE 4HKEE 1H2EE 0KxEE 2KxEE 3KxEE 4KxEE 1KxEE 0KxEE 0DQEE 2S2EE 3KxEE 4KxEE 1KxEE 0KxEE 3H4C4EE 4EE 1EE 0EE 3EE 3S6D6C6EE 4EE 1EE 0EE 3EE 3H8D8EE 3C3EE 4S4EE 1D7EE 0D2EE 3KxEE 4KxEE 1KxEE 3S7EE 4S9EE 1KxEE 3KxEE 4KxEE 4S5H5D5C5EE 1EE 3EE 4EE 4EE 1EE 3EE 4EE 1EE 3EE 4EE 1EE 3EE 4EE 1EE 3EE 4EE 1EE 3EE 4EE 1EE
%00093%result% 20341
%00093%points% 270 269 315 251 305
%00094%mibun% 14023
%00094%seat% 10234
%00094%palyer_cards% SQSKH3HQHAH2D9C3C8CT S4S6S2H5H7D5D6C5CJJ3 S5S8S9H9HKD3D8D2C7C9CK S3STH4H8HTD4D7DTDQDKC4 S7SJSAH6HJDJDAC6CQCAC2 
%00094%change_cards%  12S2J3EE 40C2EE 21S5D3EE 04H3EE
%00094%play%  1S4S5S6EE 0EE 2EE 3EE 4EE 1EE 1H5D5C5EE 0EE 2EE 3EE 4EE 1EE 1D3EE 0C8EE 0SQHQEE 2EE 3EE 4EE 1EE 0EE 0H2C2EE 2EE 3EE 4EE 1EE 0EE 0C3EE 2C7EE 3KxEE 4CQEE 1KxEE 0KxEE 2CKEE 4CAEE 2KxEE 4KxEE 2KxEE 2S8D8EE 2S9H9C9EE 3EE 4EE 1EE 0EE 2EE 2S2D2EE 3EE 4EE 1EE 0EE 2EE 2HKEE 3KxEE 4SAEE 1KxEE 0KxEE 4KxEE 4H6C6EE 1EE 0EE 3EE 4EE 4SJHJDJEE 1EE 0EE 3EE 4EE 4H3EE 1D6EE 0D9EE 3DTEE 4DAEE 1KxEE 0KxEE 3KxEE 4KxEE 4S7EE 1CJEE 0SKEE 3KxEE 1KxEE 0HAEE 0KxEE 0CTEE 3DQEE 1KxEE 3DKEE 3KxEE 3H4D4C4EE 1EE 3EE 3STHTEE 1EE 3EE 3S3EE 1H7EE
%00094%result% 24013
%00094%points% 273 271 320 252 309
%00095%mibun% 23041
%00095%seat% 10234
%00095%palyer_cards% SQH3H8H9HJHQD2C5CKC2 S6S2H5H2D4D7C3C4C8CJ S4S5S7STSAH6HAD5D9DQC7 S3S9H7D3DJDKDAC6CTCAJ3 S8SJSKH4HTHKD6D8DTC9CQ 
%00095%change_cards%  32DAJ3EE 14S2EE 23S4S5EE 41H4EE
%00095%play%  3S3S4S5EE 4EE 1EE 0EE 2EE 3EE 3D3EE 4D6EE 1D7EE 0D2EE 2KxEE 3KxEE 4KxEE 1KxEE 0KxEE 2KxEE 2S7C7EE 3EE 4EE 1EE 0EE 2EE 2SAHADAEE 3EE 4EE 1EE 0EE 2EE 2D5EE 3C6EE 4S8EE 4HTDTEE 1EE 0EE 2EE 3EE 4EE 4SKHKEE 1EE 0EE 2EE 3EE 4EE 4D8EE 4C9EE 1CJEE 0CKEE 2KxEE 3CAEE 4KxEE 1KxEE 0C2EE 3KxEE 0KxEE 0SQHQEE 2EE 3EE 4EE 1EE 0EE 0H3EE 2H6EE 3H7EE 4KxEE 1H2EE 0KxEE 2KxEE 3KxEE 1KxEE 1H4D4C4EE 0EE 2EE 3EE 4EE 1EE 1C3EE 0C5EE 2KxEE 3CTEE 4CQEE 1KxEE 0KxEE 3KxEE 4KxEE 4SJEE 1KxEE 0KxEE 2DQEE 3DKEE 4KxEE 2KxEE 3KxEE 3S9EE 4S2EE 1KxEE 0KxEE 2KxEE 3KxEE 1H5EE 0H8EE 0H9EE 2STEE 3DJEE 1KxEE 0KxEE 2KxEE 1S6EE 0HJEE 2KxEE 1KxEE 2D9EE
%00095%result% 43021
%00095%points% 276 272 322 256 314
%00096%mibun% 24310
%00096%seat% 24013
%00096%palyer_cards% S7SAH5HQH2D5D8DTDACKC2 S3SJSQSKH4H6HKD9C8CTCJ S5S6S8H3HAD7D2C3C5J3 STH8H9HTD3D4D6DJC4C7 S4S9S2H7HJDQDKC6C9CQCA 
%00096%change_cards%  14SKHKEE 23J3EE 41S4C6EE 32D3EE
%00096%play%  2H3D3C3EE 4EE 0EE 1EE 3EE 2EE 2S5C5EE 4EE 0EE 1EE 3EE 2EE 2S6EE 4H7EE 0D8EE 0H5D5EE 1EE 3EE 2EE 4EE 0EE 0SADAEE 1EE 3EE 2EE 4EE 0EE 0H2C2EE 1EE 3EE 2EE 4EE 0EE 0S7EE 1C8EE 1S4H4EE 3EE 2EE 4EE 0EE 1EE 1H6C6EE 3EE 2EE 4EE 0EE 1EE 1SJCJEE 3EE 2EE 4EE 0EE 1EE 1S3EE 3D4EE 2D7EE 4DQEE 0KxEE 1KxEE 3KxEE 2KxEE 4KxEE 3KxEE 3H8H9HTEE 3C4EE 2S8EE 2HAEE 4S2EE 0KxEE 1KxEE 3KxEE 2KxEE 4KxEE 4S9C9EE 0EE 1EE 3EE 2EE 4EE 4SKHKDKEE 0EE 1EE 3EE 2EE 4EE 4HJEE 0HQEE 1KxEE 3KxEE 2KxEE 4KxEE 0KxEE 0DTEE 1SQEE 3KxEE 2D2EE 4KxEE 0KxEE 1KxEE 4CQEE 0CKEE 1KxEE 3KxEE 4CAEE 1D9EE 3STEE 1KxEE 3DJEE 3KxEE 3D6EE 1CTEE
%00096%result% 20413
%00096%points% 280 274 327 257 317
%00097%mibun% 13042
%00097%seat% 24013
%00097%palyer_cards% S6SQSKSAH4H9D8D9C4C7CK S4S5SJHTHAD5DQC8C9J3 S3H6H7H2D6D7DJD2C6CJCQ S7S8S9H3H8HQD3DKDAC5 STS2H5HJHKD4DTC3CTCAC2 
%00097%change_cards%  32DKDAEE 10J3EE 23S3H6EE 01H4EE
%00097%play%  3S7S8S9EE 3S3H3D3EE 2EE 4EE 0EE 1EE 3EE 3C5EE 2D6EE 4STEE 0SQEE 1KxEE 3KxEE 2KxEE 4S2EE 0KxEE 4KxEE 0KxEE 0H9D9EE 1EE 3EE 2EE 4EE 0EE 0SKCKEE 1EE 3EE 2EE 4EE 0EE 0C4EE 1S5EE 3H6EE 2H7EE 4HJEE 0KxEE 1HAEE 3KxEE 2H2EE 4KxEE 1KxEE 2KxEE 2DKDAD2EE 4EE 0EE 1EE 3EE 2EE 2DJCJEE 4EE 0EE 1EE 3EE 2EE 2C6EE 4DTEE 0SAEE 1KxEE 3KxEE 2KxEE 4C2EE 0KxEE 4KxEE 4C3EE 0S6EE 1C8EE 1S4H4EE 3EE 2EE 4EE 0EE 1EE 1D5EE 3H8EE 3HQEE 2KxEE 4HKEE 0KxEE 1KxEE 4KxEE 4D4EE 0C7EE 1C9EE 2CQEE 4CAEE 0KxEE 1KxEE 2KxEE 4KxEE 4H5EE 0D8EE 1HTEE 2KxEE 4KxEE 1SJEE 1DQEE 2D7EE
%00097%result% 30124
%00097%points% 284 277 329 262 318
%00098%mibun% 12304
%00098%seat% 24013
%00098%palyer_cards% S5S9SJHJH2D7DQDKDACA S3S8H5H6HTD8DJC7CTJ3 H8HKHAD3D4D2C3C6CJCKC2 S7SQSKS2H3H4HQD5D9DTC9 S4S6STSAH7H9D6C4C5C8CQ 
%00098%change_cards%  43SACQEE 20D2EE 34H3H4EE 02S5EE
%00098%play%  2D3C3EE 4EE 0EE 1EE 3EE 2EE 2HKCKEE 4EE 0EE 1EE 3EE 2EE 2D4EE 4C5EE 0D7EE 1S8EE 1HTCTEE 3EE 2EE 4EE 0EE 1EE 1S3EE 3D5EE 2C6EE 4H7EE 0S9EE 1DJEE 3SQEE 2HAEE 4KxEE 0H2EE 1KxEE 3KxEE 2KxEE 0KxEE 1KxEE 1H5EE 3S7EE 2H8EE 2S5EE 4S6EE 0SJEE 1KxEE 3SKEE 2KxEE 4KxEE 0KxEE 3SAEE 3S2EE 3KxEE 3D9C9EE 2EE 4EE 0EE 1EE 3EE 3HQCQEE 2EE 4EE 0EE 1EE 3EE 3DTEE 2CJEE 4KxEE 0DQEE 1KxEE 2C2EE 0KxEE 4S4H4C4EE 0EE 1EE 4EE 4H3EE 0HJEE 1KxEE 4KxEE 0KxEE 0DKDAD2EE 1EE 4EE 0EE 0CAEE 1KxEE 4KxEE 1H6EE 4C8EE 4D6EE 1C7EE 4H9EE 1KxEE 4STEE
%00098%result% 32041
%00098%points% 287 278 333 267 320
%00099%mibun% 24103
%00099%seat% 40123
%00099%palyer_cards% S3S6S7H3H6H9HQD4DKCTC2 S4S9SKS2HJH2D5D8C5C7 STH7HTHKD3DTDJC4C8CA S5S8H5HAD9DQDAD2C9CJCK SJSQSAH4H8D6D7C3C6CQJ3 
%00099%change_cards%  13S2H2EE 42J3EE 31S5H5EE 24D3EE
%00099%play%  4D3C3EE 0EE 1EE 2EE 3EE 4EE 4D6C6EE 0EE 1EE 2EE 3EE 4EE 4SQCQEE 0EE 1EE 2EE 3EE 4EE 4H4EE 0S6EE 1C7EE 2C8EE 2STHTDTEE 3EE 4EE 0EE 1EE 2EE 2C4EE 3S8EE 3D9C9EE 4EE 0EE 1EE 2EE 3EE 3HADAEE 4EE 0EE 1EE 2EE 3EE 3S2H2D2EE 4EE 0