%-----%hostname% HonokanoMacBook-Pro.local
%-----%TIME_START% 2025/05/13 01:15:18
%-----%palyer_name% default default default default default
%-----%WINDOW_TYPE% ALICE
%-----%GRAPH_WINDOW% YES
%-----%RAND_TYPE% 1
%-----%RULE_KAKUMEI% YES
%-----%RULE_SHIBARI% YES
%-----%RULE_KINSOKU% NO
%-----%RULE_KAIDAN% YES
%-----%RULE_CHANGE% YES
%-----%RULE_5TOBI% NO
%-----%RULE_6REVERS% NO
%-----%RULE_8GIRI% YES
%-----%RULE_11BACK% NO
%-----%RULE_SEKIGAE% YES
%-----%RULE_SEKIGAE_NUM% 3
%-----%GAME_NUMBER% 10
%-----%FLASH_MIBUN_NUMBER% 1000
%-----%GAME_PORT% 53166
%-----%RANDOM_SEED% 1747066509
%00000%mibun% 22222
%00000%seat% 41230
%00000%palyer_cards% S3S6S9H4H9HKD5D9DKCJJ3 S5H3H7H8HTHJDTDJDQD2CQ S4S2D3D6D7D8C4C5C7CA S7STSKH5HAH2D4C9CKC2 S8SJSQSAH6HQDAC3C6C8CT 
%00000%change_cards% NULL
%00000%play%  2D6D7D8EE 2S4C4EE 3SKCKEE 0EE 4EE 1EE 2EE 3EE 3H2C2EE 0EE 4EE 1EE 2EE 3EE 3D4EE 0D5EE 4EE 1D2EE 2EE 3EE 0KxEE 1EE 0EE 0S9H9D9EE 4EE 1EE 2EE 3EE 0EE 0HKDKEE 4SADAEE 1EE 2EE 3EE 0EE 4EE 4H6C6EE 1HTDTEE 2EE 3EE 0EE 4SQHQEE 1EE 4EE 4S8C8EE 4C3EE 1S5EE 2C7EE 3C9EE 0CJEE 4EE 1EE 2CAEE 3EE 0EE 2EE 2D3EE 3H5EE 0S6EE 4CTEE 1EE 2S2EE 3EE 0EE 4EE 2EE 2C5EE 3S7EE 0EE 4SJEE 1EE 3EE 1HJDJEE 3EE 0EE 1DQCQEE 1EE 1H3EE 3STEE 0EE 1EE 3HAEE 0S3EE 1H7EE 0EE 1H8EE
%00000%result% 24310
%00000%points% 1 2 5 3 4
%00001%mibun% 43021
%00001%seat% 41230
%00001%palyer_cards% SKH4H6H7HQD9DTC5C7C9CT S3S8SJH8H9HTD7D8C8CK S4S9SQH3H5HKHAD4DJC3C6 S5STS2H2D3D5D6DQDAC4CJ S6S7SAHJDKD2CQCAC2J3 
%00001%change_cards%  02SKHQEE 14CKEE 20H3C3EE 41S6EE
%00001%play%  3S5D5EE 0H7C7EE 4DKCKEE 1EE 2EE 3S2H2EE 0EE 4EE 3EE 3D3EE 0H4EE 4S7EE 1SJEE 2EE 3EE 0EE 4KxEE 1EE 4EE 4SACAEE 1EE 2EE 3EE 0EE 4D2C2EE 4EE 4HJEE 1EE 2EE 3DQEE 0EE 4EE 3DAEE 3EE 3C4EE 0C5EE 4CQEE 1EE 2EE 3EE 0EE 1H8H9HTEE 1S8D8C8EE 1S3EE 2H5EE 3D6EE 0EE 1D7EE 2DJEE 3EE 1EE 2EE 2HQHKHAEE 3EE 0EE 1EE 2EE 2S4D4EE 3EE 0D9C9EE 1EE 2EE 0DTCTEE 0EE 0H3C3EE 1EE 2EE 3EE 0EE 0H6EE 1EE 2S9EE 3STEE 2SQEE 3EE 2SKEE 2EE 2C6EE 3CJEE
%00001%result% 40231
%00001%points% 5 3 8 5 9
%00002%mibun% 14230
%00002%seat% 41230
%00002%palyer_cards% S3S9S2H3D6D7D8DQCJCQ S5S6S7H5H7H9HTD9DTDJC8 STSJSAH4HJD3D4D5C3C4C6 SQSKH8HKDKDAC5C7CKJ3 S4S8H6HQHAH2D2C9CTCAC2 
%00002%change_cards%  14HTDJEE 30J3EE 41S4H6EE 03S3EE
%00002%play%  2D3D4D5EE 3EE 0D6D7D8EE 0NTCJCQEE 4EE 1EE 2EE 3EE 0EE 0H3EE 4S8EE 4H2D2C2EE 1EE 2EE 3EE 0EE 4EE 4HTCTEE 1EE 2SJHJEE 3EE 0EE 4HACAEE 2EE 4EE 4C9EE 1DTEE 2SAEE 3EE 0S2EE 4EE 1EE 2EE 0EE 0S9EE 4DJEE 1EE 2EE 3SQEE 0EE 4EE 3DAEE 3EE 3SKHKDKCKEE 0EE 4EE 1EE 2EE 3EE 3H8EE 3C7EE 0EE 4EE 1EE 2C6EE 3C5EE 2C3EE 3EE 2EE 2H4C4EE 3EE 0EE 4EE 1EE 2EE 2STEE 3S3EE 0EE 4EE 1EE 0DQEE 4EE 1C8EE 1S4S5S6S7EE 4EE 1EE 1H5H6H7EE 4EE 1EE 1H9D9EE
%00002%result% 23014
%00002%points% 8 5 13 9 10
%00003%mibun% 23014
%00003%seat% 20431
%00003%palyer_cards% S4S7STH3H6D5D7D9DJDAC6 SJH4H5H9HKH2D3D8D2C9 S3S8SQSKSAH7H8DKC3CKCA S2HJHAD6DQC4C5C8CTCJ S5S6S9HTHQD4DTC7CQC2J3 
%00003%change_cards%  42C2J3EE 13H2EE 24S3C3EE 31C4EE
%00003%play%  1H4C4EE 2S8H8EE 2KJSQSKSAEE 0EE 4EE 3EE 1EE 2EE 2CKCAC2EE 0EE 4EE 3EE 1EE 2EE 2H7EE 0D9EE 4EE 3CTEE 1SJEE 2DKEE 0DAEE 3EE 1D2EE 0EE 1EE 1H9C9EE 0EE 4HTDTEE 3HJCJEE 1EE 4HQCQEE 3EE 4EE 4S3C3EE 3S2H2EE 1EE 0EE 4EE 3EE 3C5EE 1D8EE 1D3EE 0S4EE 4S5EE 3EE 1EE 0STEE 4EE 0EE 0H6C6EE 4EE 3EE 1EE 0S7D7EE 0EE 0H3EE 4D4EE 3D6EE 1EE 0DJEE 4EE 3DQEE 0EE 3EE 3C8EE 3HAEE 1EE 0EE 4EE 1H5EE 0EE 4S6EE 1HKEE 4EE 0D5EE
%00003%result% 23104
%00003%points% 10 8 18 13 11
%00004%mibun% 32014
%00004%seat% 20431
%00004%palyer_cards% SQSAH7HQD5DTDQDKDAC4C6 S4STS2D3D6D7D9DJC5CK S3S9SJH4H6HTHKC7C9CTCA S5H3H9HAD2C3CJCQC2J3 S6S7S8SKH5H8HJH2D4D8C8 
%00004%change_cards%  42SKH2EE 03SAEE 24S3H4EE 30H3EE
%00004%play%  1D3EE 2H6EE 0H7EE 4HJEE 3KxEE 1EE 2EE 0EE 4EE 3EE 3SAHAEE 1EE 2EE 0EE 4EE 3D2C2EE 3EE 3C3EE 1S4EE 2C7EE 0DTEE 4EE 3CJEE 1CKEE 2CAEE 0EE 3EE 1EE 2EE 2S9C9EE 0EE 4EE 3EE 1EE 2HTCTEE 2SKHKEE 2EE 2SJEE 0EE 4EE 3CQEE 1S2EE 2EE 3EE 1EE 1C5EE 2H2EE 0EE 4EE 3EE 1EE 0DQDKDAEE 4EE 3EE 1EE 0EE 0SQHQEE 4EE 3EE 1EE 0EE 0H3EE 4H5EE 3H9EE 1EE 0EE 4EE 3EE 3S5EE 1D6EE 0EE 4EE 1D7EE 1D9EE 1DJEE 1EE 1STEE 0EE 4EE 0C4EE 4EE 0D5EE 0C6EE
%00004%result% 23104
%00004%poi