%-----%hostname% HonokanoMacBook-Pro.local
%-----%TIME_START% 2025/05/13 01:12:46
%-----%palyer_name% default default default default default
%-----%WINDOW_TYPE% ALICE
%-----%GRAPH_WINDOW% YES
%-----%RAND_TYPE% 1
%-----%RULE_KAKUMEI% YES
%-----%RULE_SHIBARI% YES
%-----%RULE_KINSOKU% NO
%-----%RULE_KAIDAN% YES
%-----%RULE_CHANGE% YES
%-----%RULE_5TOBI% NO
%-----%RULE_6REVERS% NO
%-----%RULE_8GIRI% YES
%-----%RULE_11BACK% NO
%-----%RULE_SEKIGAE% YES
%-----%RULE_SEKIGAE_NUM% 3
%-----%GAME_NUMBER% 10
%-----%FLASH_MIBUN_NUMBER% 100
%-----%GAME_PORT% 53166
%-----%RANDOM_SEED% 1747066291
%00000%mibun% 22222
%00000%seat% 24031
%00000%palyer_cards% S5S9SAH9D8D9DKC5CTCKCA S4H3H2D3D5DJDQC9CJCQJ3 S3S6SJS2H4H6HJD4D6C7 S8SKH5H7HKD7DAD2C6C8C2 S7STSQH8HTHQHADTC3C4 
%00000%change_cards% NULL
%00000%play%  1C9NTCJCQEE 2EE 4EE 0EE 3EE 1EE 1H3D3EE 2H4D4EE 4HTDTEE 0EE 3EE 1EE 2EE 4EE 4SQHQEE 0DKCKEE 3D2C2EE 1EE 2EE 4EE 0EE 3EE 3H7D7EE 1EE 2SJHJEE 4EE 0SACAEE 3EE 2EE 0EE 0S9H9D9EE 3EE 1EE 2EE 4EE 0EE 0S5C5EE 3S8C8EE 3SKHKEE 1EE 2EE 4EE 0EE 3EE 3H5EE 1DJEE 2S2EE 4EE 0EE 3EE 1EE 2EE 2S6H6D6EE 4EE 0EE 3EE 1EE 2EE 2S3EE 4C4EE 0D8EE 0CTEE 3DAEE 1H2EE 2EE 4EE 3EE 1EE 1S4EE 2C7EE 4H8EE 4C3EE 3C6EE 1EE 4EE 1D5EE 4S7EE 1DQEE
%00000%result% 02314
%00000%points% 5 2 4 3 1
%00001%mibun% 03124
%00001%seat% 24031
%00001%palyer_cards% SJSQHTHJD4D5D6D7D8D9CK H9HQHAD3DJDQDAC3C8CJC2 S5S7S8STS2H4H5DKC6C7 S9SKSAH3H7H8H2DTD2CQJ3 S3S4S6H6HKC4C5C9CTCA 
%00001%change_cards%  40HKCAEE 12C2EE 04D4D5EE 21H4EE
%00001%play%  1D3C3EE 2S5H5EE 4S6H6EE 0SJHJEE 3SKLKEE 1EE 2EE 4EE 0EE 3EE 3H2D2EE 1EE 2EE 4EE 0EE 3EE 3H3EE 1H4EE 2EE 4EE 0HTEE 3EE 1EE 0EE 0D6D7D8D9EE 0HKCKEE 3EE 1HADAEE 2S2C2EE 4EE 0EE 1EE 2EE 2S7C7EE 4EE 0EE 3EE 1DJCJEE 2EE 1HQDQEE 1EE 1C8EE 1H9EE 2STEE 4EE 0SQEE 3SAEE 2EE 0EE 3EE 3H7EE 2S8EE 2C6EE 4C9EE 0CAEE 3EE 2EE 4EE 3H8EE 3S9EE 2DKEE 4EE 3EE 4S4D4C4EE 3EE 4EE 4D5C5EE 3EE 4EE 4S3EE 3DTEE 4EE 3CQEE
%00001%result% 10234
%00001%points% 9 7 7 5 2
%00002%mibun% 10234
%00002%seat% 24031
%00002%palyer_cards% STSQS2H6HJD8DQDKC8C9 S5S6S8H8H9HTHQHKD7DJJ3 S7HAH2D4D5D6D9D2CJCKC2 S9SAH7D3DAC3C4C6C7CA S3S4SJSKH3H4H5DTC5CTCQ 
%00002%change_cards%  41SKCQEE 30SAEE 14S5S6EE 03H6EE
%00002%play%  3D3C3EE 1S8H8EE 1H9HTLJHQHKEE 2EE 4EE 0EE 3EE 1EE 1SKEE 2CJEE 4EE 0STEE 3S9EE 1EE 2S7EE 0EE 3EE 2EE 2D4D5D6EE 4EE 0EE 3EE 1EE 2EE 2H2D2C2EE 4S5H5C5EE 0EE 3EE 1EE 2EE 4EE 4DTCTEE 0D8C8EE 0SQDQEE 3H7C7EE 1EE 2EE 4S4H4EE 0EE 3EE 4S3H3EE 4EE 4SJEE 0C9EE 3C4EE 1EE 2EE 4EE 0EE 3EE 3DACAEE 1EE 2EE 4EE 0EE 3H6C6EE 1CQEE 2D9EE 4S6EE 0EE 1EE 2EE 0S2EE 1DJEE 2EE 0EE 1D7EE 2HAEE 0DKEE 2EE 0HJEE 0EE 0SAEE
%00002%result% 34102
%00002%points% 11 10 8 10 6
%00003%mibun% 32401
%00003%seat% 42013
%00003%palyer_cards% S8SJS2H6H8D8DTDQC6C2 S5HQD7DJDKC3C5C7CTCQ S3S6S7S9STSAH5D3D4D2CA S4SQSKH7H9HJD5C8C9CJJ3 H3H4HTHKHAH2D6D9DAC4CK 
%00003%change_cards%  23SAD2EE 04S2EE 32S4D5EE 40H3EE
%00003%play%  2D3D4D5EE 0EE 1EE 3SQSKSAEE 4EE 2EE 3EE 3C8C9NTCJEE 3H7EE 4D9EE 2STEE 0SJEE 1EE 3EE 4EE 2EE 0EE 0S8H8D8EE 0H6C6EE 1D7C7EE 3EE 4HKCKEE 2EE 0EE 1EE 4HADAEE 4S2H2EE 4EE 4H4C4EE 2EE 0EE 1S5C5EE 3EE 4EE 1HQCQEE 1EE 1C3EE 3H9EE 4HTEE 2EE 0EE 1EE 3HJEE 4EE 3EE 3D2EE 4EE 2EE 0EE 1EE 4D6EE 2S7EE 0DTEE 1DJEE 2EE 0DQEE 1DKEE 0EE 1EE 1CTEE 2CAEE 0C2EE 2EE 0EE 0H3EE
%00003%result% 34102
%00003%points% 13 13 9 15 10
%00004%mibun% 32401
%00004%seat% 42013
%00004%palyer_cards% S3STSJS2H6H8C4C8CKJ3 S9H3D5D8DTDAC7CQCAC2 S5S6S8SKHJH2D3D7D9C6CJ S7H4H7H9HTHQHKD2C5C9CT S4SQSAH5HAD4D6DJDQDKC3 
%00004%change_cards%  23SKH2EE 04J3EE 32H4C5EE 40C3EE
%00004%play%  2S5C5EE 0H8C8EE 0S3C3EE 1DACAEE 3H2D2EE 4EE 2EE 0EE 1EE 3EE 3S7H7EE 4SQDQEE 2EE 0EE 1EE 3SKHKEE 4SAHAEE 3EE 4EE 4D4M5D6EE 2EE 0EE 1EE 3EE 4EE 4S4EE 2D7EE 0STEE 1CQEE 3EE 4DKEE 2EE 0S2EE 1EE 4EE 0EE 0C4EE 1D5EE 3HQEE 4EE 2EE 0CKEE 1C2EE 3EE 0EE 1EE 1H3EE 3EE 4H5EE 2EE 0H6EE 1EE 4EE 0EE 0SJEE 1EE 3EE 4EE 2EE 1C7EE 3EE 4DJEE 2EE 1EE 2S6C6EE 1EE 3H9C9EE 2HJCJEE 3EE 2EE 2D3EE 1D8EE 1S9EE 3EE 2EE 1DTEE 3HTCTEE
%00004%result% 04132
%00004%points% 18 16 10 17 14
%00005%mibun% 02431
%00005%seat% 42013
%00005%palyer_cards% S6SQSAH4H6D6DJC9CJCQJ3 S3S5H8H9HTHJH2D3D7D8DK S4S7S8S2HKHADQC3C5